#
# A fatal error has been detected by the Java Runtime Environment:
#
#  EXCEPTION_ACCESS_VIOLATION (0xc0000005) at pc=0x00007ff878bfd591, pid=12160, tid=7760
#
# JRE version: OpenJDK Runtime Environment OpenLogic-OpenJDK (17.0.10+7) (build 17.0.10+7-adhoc..jdk17u)
# Java VM: OpenJDK 64-Bit Server VM OpenLogic-OpenJDK (17.0.10+7-adhoc..jdk17u, mixed mode, sharing, tiered, compressed oops, compressed class ptrs, g1 gc, windows-amd64)
# Problematic frame:
# V  [jvm.dll+0x1fd591]
#
# No core dump will be written. Minidumps are not enabled by default on client versions of Windows
#
# If you would like to submit a bug report, please visit:
#   https://techsupport.roguewave.com/
#

---------------  S U M M A R Y ------------

Command Line: -XX:MaxMetaspaceSize=512m --add-opens=java.base/java.util=ALL-UNNAMED --add-opens=java.base/java.lang=ALL-UNNAMED --add-opens=java.base/java.lang.invoke=ALL-UNNAMED --add-opens=java.prefs/java.util.prefs=ALL-UNNAMED --add-opens=java.base/java.nio.charset=ALL-UNNAMED --add-opens=java.base/java.net=ALL-UNNAMED --add-opens=java.base/java.util.concurrent.atomic=ALL-UNNAMED -Xmx2048m -Dfile.encoding=windows-1252 -Duser.country=IN -Duser.language=en -Duser.variant -javaagent:C:\Users\MAHE\.gradle\wrapper\dists\gradle-8.3-all\6en3ugtfdg5xnpx44z4qbwgas\gradle-8.3\lib\agents\gradle-instrumentation-agent-8.3.jar org.gradle.launcher.daemon.bootstrap.GradleDaemon 8.3

Host: Intel(R) Core(TM) i5-4590S CPU @ 3.00GHz, 4 cores, 15G,  Windows 11 , 64 bit Build 22621 (10.0.22621.3374)
Time: Wed Apr 10 15:38:19 2024 India Standard Time elapsed time: 78.686277 seconds (0d 0h 1m 18s)

---------------  T H R E A D  ---------------

Current thread (0x000001fa4a82ead0):  JavaThread "C2 CompilerThread0" daemon [_thread_in_native, id=7760, stack(0x0000007fe1700000,0x0000007fe1800000)]


Current CompileTask:
C2:  78686 12098       4       org.gradle.internal.instantiation.generator.AbstractClassGenerator::inspectType (560 bytes)

Stack: [0x0000007fe1700000,0x0000007fe1800000],  sp=0x0000007fe17fbbb0,  free space=1006k
Native frames: (J=compiled Java code, j=interpreted, Vv=VM code, C=native code)
V  [jvm.dll+0x1fd591]
V  [jvm.dll+0x1bcc6b]
V  [jvm.dll+0x21a3f9]
V  [jvm.dll+0x2196c1]
V  [jvm.dll+0x1a512d]
V  [jvm.dll+0x22949e]
V  [jvm.dll+0x22766c]
V  [jvm.dll+0x7e9ea7]
V  [jvm.dll+0x7e42aa]
V  [jvm.dll+0x67c5d5]
C  [ucrtbase.dll+0x29333]
C  [KERNEL32.DLL+0x1257d]
C  [ntdll.dll+0x5aa48]


siginfo: EXCEPTION_ACCESS_VIOLATION (0xc0000005), reading address 0x00000299e87ccb48


Registers:
RAX=0x0000007fe17fbd90, RBX=0x00000299e87ccb40, RCX=0x000001fa6f156198, RDX=0x0000007fe17fc0b0
RSP=0x0000007fe17fbbb0, RBP=0x0000000000000002, RSI=0x000000000000068c, RDI=0x0000000000000608
R8 =0x0000007fe17fc0b0, R9 =0x0000000000000006, R10=0x00007ff879583d88, R11=0x0000007fe17fc190
R12=0x0000007fe17fbd60, R13=0x000000000000000c, R14=0x0000000000100000, R15=0x000000000000068c
RIP=0x00007ff878bfd591, EFLAGS=0x0000000000010202


Register to memory mapping:

RIP=0x00007ff878bfd591 jvm.dll
RAX=0x0000007fe17fbd90 is pointing into the stack for thread: 0x000001fa4a82ead0
RBX=0x00000299e87ccb40 is an unknown value
RCX=0x000001fa6f156198 points into unknown readable memory: 0x00007ff87931c540 | 40 c5 31 79 f8 7f 00 00
RDX=0x0000007fe17fc0b0 is pointing into the stack for thread: 0x000001fa4a82ead0
RSP=0x0000007fe17fbbb0 is pointing into the stack for thread: 0x000001fa4a82ead0
RBP=0x0000000000000002 is an unknown value
RSI=0x000000000000068c is an unknown value
RDI=0x0000000000000608 is an unknown value
R8 =0x0000007fe17fc0b0 is pointing into the stack for thread: 0x000001fa4a82ead0
R9 =0x0000000000000006 is an unknown value
R10=0x00007ff879583d88 jvm.dll
R11=0x0000007fe17fc190 is pointing into the stack for thread: 0x000001fa4a82ead0
R12=0x0000007fe17fbd60 is pointing into the stack for thread: 0x000001fa4a82ead0
R13=0x000000000000000c is an unknown value
R14=0x0000000000100000 is an unknown value
R15=0x000000000000068c is an unknown value


Top of Stack: (sp=0x0000007fe17fbbb0)
0x0000007fe17fbbb0:   0000007fe17fc0b0 0000000000000000
0x0000007fe17fbbc0:   0000000000000000 0000000000000001
0x0000007fe17fbbd0:   0000007fe17fbd60 0000000000000008
0x0000007fe17fbbe0:   000001fa6a1b1010 00007ff878bfc857
0x0000007fe17fbbf0:   000001fa000002ee 000001fa703711e0
0x0000007fe17fbc00:   000001fa6bd6c060 000000000000001b
0x0000007fe17fbc10:   00000000000003d8 000001fa6bd6c438
0x0000007fe17fbc20:   000001fa6bd6c050 00000000000003d8
0x0000007fe17fbc30:   000001fa6bd6c438 000001fa6bd6c060
0x0000007fe17fbc40:   0000000000000000 0000007fe17fc190
0x0000007fe17fbc50:   0000007fe17fbd60 00007ff878bbcc6b
0x0000007fe17fbc60:   0000007fe17fbd60 0000007fe17fc0b0
0x0000007fe17fbc70:   0000000000000694 0000000000000006
0x0000007fe17fbc80:   0000007f00000000 000000000000000d
0x0000007fe17fbc90:   0000000000000006 000001fa6bd6c050
0x0000007fe17fbca0:   000001fa705f52a0 000001fa705f98d0
0x0000007fe17fbcb0:   000001fa705fd288 00000000002b1ad8
0x0000007fe17fbcc0:   0000000000000000 0000000000000000
0x0000007fe17fbcd0:   0000000000000000 000001fa751a5800
0x0000007fe17fbce0:   0000000000000000 00007ff879330d30
0x0000007fe17fbcf0:   0000000000000000 0000000000000000
0x0000007fe17fbd00:   0000000000000000 00007ff879330d30
0x0000007fe17fbd10:   000001fa00000000 00000000000001f4
0x0000007fe17fbd20:   000001fa0000000c 0000007fe17fea00
0x0000007fe17fbd30:   000001fa70024fe0 0000000078d32c01
0x0000007fe17fbd40:   000001fa700c3980 00007ff800000fdc
0x0000007fe17fbd50:   0000007fe17fbc90 000001fa6bd6c060
0x0000007fe17fbd60:   00007ff879330cd8 000000000000000d
0x0000007fe17fbd70:   0000007fe17fea00 0000007fe17fc0b0
0x0000007fe17fbd80:   000000000000e7a0 000001fa4a82d350
0x0000007fe17fbd90:   00007ff80000000a 0000007fe17fea00
0x0000007fe17fbda0:   000001fa75095880 0000000000000000 

Instructions: (pc=0x00007ff878bfd591)
0x00007ff878bfd491:   41 56 41 57 48 83 ec 70 4c 8b e9 48 8b 49 18 48
0x00007ff878bfd4a1:   81 c1 e0 00 00 00 e8 b4 13 fc ff 49 8b 55 18 41
0x00007ff878bfd4b1:   bc 01 00 00 00 44 89 a4 24 c0 00 00 00 44 39 a2
0x00007ff878bfd4c1:   e0 00 00 00 0f 86 85 01 00 00 4c 8b ca 4c 8d 15
0x00007ff878bfd4d1:   b3 68 98 00 66 66 66 0f 1f 84 00 00 00 00 00 49
0x00007ff878bfd4e1:   8b 81 f0 00 00 00 49 63 cc 8b 34 88 41 3b f4 75
0x00007ff878bfd4f1:   09 49 8b 55 18 4d 8b c1 eb 1f 41 8b d4 49 8d 89
0x00007ff878bfd501:   e0 00 00 00 e8 56 1b fc ff 49 8b 55 18 4c 8d 15
0x00007ff878bfd511:   73 68 98 00 4c 8b c2 8b f0 4d 8b c8 44 3b e6 0f
0x00007ff878bfd521:   84 12 01 00 00 49 8b 40 48 33 ff 39 78 40 0f 86
0x00007ff878bfd531:   03 01 00 00 41 8b ec 41 be 01 00 00 00 48 c1 ed
0x00007ff878bfd541:   06 41 8b cc 83 e5 03 45 8b cc 83 e1 3f 4c 8b a4
0x00007ff878bfd551:   24 b0 00 00 00 49 c1 e9 08 44 8b ee 41 83 e5 3f
0x00007ff878bfd561:   44 8b fe 49 d3 e6 4c 89 8c 24 c8 00 00 00 90 49
0x00007ff878bfd571:   8b 40 48 48 8b 40 30 48 8b 0c f8 8b 41 4c ff c8
0x00007ff878bfd581:   48 8d 1c 80 49 8b 40 68 48 c1 e3 05 48 03 58 10
0x00007ff878bfd591:   48 8b 43 08 4a 8b 0c c8 48 8b 14 e9 49 85 d6 74
0x00007ff878bfd5a1:   6c 49 8b c6 48 f7 d0 48 23 c2 48 89 04 e9 ff 0b
0x00007ff878bfd5b1:   85 f6 74 59 48 8b 43 08 49 8b cf 48 c1 e9 08 48
0x00007ff878bfd5c1:   8b 04 c8 49 3b c2 75 11 8b d6 48 8b cb e8 7d e7
0x00007ff878bfd5d1:   16 00 4c 8d 15 ae 67 98 00 49 8b cd 4d 8b c7 49
0x00007ff878bfd5e1:   c1 e8 06 41 b9 01 00 00 00 49 d3 e1 41 83 e0 03
0x00007ff878bfd5f1:   4a 8b 14 c0 48 8b ca 49 0b c9 49 85 d1 4a 89 0c
0x00007ff878bfd601:   c0 4c 8b 8c 24 c8 00 00 00 75 02 ff 03 49 8b 54
0x00007ff878bfd611:   24 18 ff c7 4c 8b c2 48 8b 42 48 3b 78 40 0f 82
0x00007ff878bfd621:   4b ff ff ff 44 8b a4 24 c0 00 00 00 4c 8b ca 4c
0x00007ff878bfd631:   8b ac 24 b0 00 00 00 41 ff c4 44 89 a4 24 c0 00
0x00007ff878bfd641:   00 00 45 3b a1 e0 00 00 00 0f 82 90 fe ff ff 49
0x00007ff878bfd651:   8b 45 10 45 33 c0 44 89 44 24 30 8b 88 40 02 00
0x00007ff878bfd661:   00 41 89 4d 20 48 8b 42 48 44 39 40 40 0f 86 ce
0x00007ff878bfd671:   0f 00 00 0f 29 74 24 60 f2 0f 10 35 47 b6 73 00
0x00007ff878bfd681:   0f 1f 40 00 66 66 66 0f 1f 84 00 00 00 00 00 49 


Stack slot to memory mapping:
stack at sp + 0 slots: 0x0000007fe17fc0b0 is pointing into the stack for thread: 0x000001fa4a82ead0
stack at sp + 1 slots: 0x0 is NULL
stack at sp + 2 slots: 0x0 is NULL
stack at sp + 3 slots: 0x0000000000000001 is an unknown value
stack at sp + 4 slots: 0x0000007fe17fbd60 is pointing into the stack for thread: 0x000001fa4a82ead0
stack at sp + 5 slots: 0x0000000000000008 is an unknown value
stack at sp + 6 slots: 0x000001fa6a1b1010 points into unknown readable memory: 0x00007ff87931c540 | 40 c5 31 79 f8 7f 00 00
stack at sp + 7 slots: 0x00007ff878bfc857 jvm.dll


---------------  P R O C E S S  ---------------

Threads class SMR info:
_java_thread_list=0x000001fa6a8d6fb0, length=73, elements={
0x000001fa298165e0, 0x000001fa4a8142b0, 0x000001fa4a8158d0, 0x000001fa4a826950,
0x000001fa4a828990, 0x000001fa4a82b360, 0x000001fa4a82bd20, 0x000001fa4a82ead0,
0x000001fa4a831750, 0x000001fa4a834750, 0x000001fa4a7ff150, 0x000001fa4ab5b630,
0x000001fa6c0b8240, 0x000001fa6b0c3930, 0x000001fa6b90eea0, 0x000001fa6b953a60,
0x000001fa6b953f40, 0x000001fa6b80a560, 0x000001fa6b80af80, 0x000001fa6b80d800,
0x000001fa6b80beb0, 0x000001fa6b80aa70, 0x000001fa6b80c8d0, 0x000001fa6b80c3c0,
0x000001fa6b80b9a0, 0x000001fa6b80d2f0, 0x000001fa6b80cde0, 0x000001fa6b80a050,
0x000001fa6d19df60, 0x000001fa6d19bbf0, 0x000001fa6d19c100, 0x000001fa6d19c610,
0x000001fa6d198950, 0x000001fa6d197a20, 0x000001fa6d19cb20, 0x000001fa6d198e60,
0x000001fa6d19d030, 0x000001fa6d19d540, 0x000001fa6d199370, 0x000001fa6d19da50,
0x000001fa6d197510, 0x000001fa6d199d90, 0x000001fa6d19a2a0, 0x000001fa6d199880,
0x000001fa6d19e470, 0x000001fa6d19b6e0, 0x000001fa6d197000, 0x000001fa6e6cba30,
0x000001fa6e6ce2b0, 0x000001fa6e6cdda0, 0x000001fa6e6cc960, 0x000001fa6e6d1040,
0x000001fa6e6cb010, 0x000001fa6e6d0620, 0x000001fa6e6d0b30, 0x000001fa6e6cecd0,
0x000001fa6e6cf1e0, 0x000001fa6e6cd890, 0x000001fa6e6cd380, 0x000001fa6e6cce70,
0x000001fa6e6cb520, 0x000001fa6e6cfc00, 0x000001fa6e6ce7c0, 0x000001fa6ba537d0,
0x000001fa6ba55b40, 0x000001fa6ba50f50, 0x000001fa6ba57490, 0x000001fa6ba53ce0,
0x000001fa6ba51970, 0x000001fa6ba51e80, 0x000001fa6ba55120, 0x000001fa6ba56560,
0x000001fa6cc3aeb0
}

Java Threads: ( => current thread )
  0x000001fa298165e0 JavaThread "main" [_thread_blocked, id=7160, stack(0x0000007fe0a00000,0x0000007fe0b00000)]
  0x000001fa4a8142b0 JavaThread "Reference Handler" daemon [_thread_blocked, id=5000, stack(0x0000007fe1100000,0x0000007fe1200000)]
  0x000001fa4a8158d0 JavaThread "Finalizer" daemon [_thread_blocked, id=4556, stack(0x0000007fe1200000,0x0000007fe1300000)]
  0x000001fa4a826950 JavaThread "Signal Dispatcher" daemon [_thread_blocked, id=5940, stack(0x0000007fe1300000,0x0000007fe1400000)]
  0x000001fa4a828990 JavaThread "Attach Listener" daemon [_thread_blocked, id=12260, stack(0x0000007fe1400000,0x0000007fe1500000)]
  0x000001fa4a82b360 JavaThread "Service Thread" daemon [_thread_blocked, id=12580, stack(0x0000007fe1500000,0x0000007fe1600000)]
  0x000001fa4a82bd20 JavaThread "Monitor Deflation Thread" daemon [_thread_blocked, id=12752, stack(0x0000007fe1600000,0x0000007fe1700000)]
=>0x000001fa4a82ead0 JavaThread "C2 CompilerThread0" daemon [_thread_in_native, id=7760, stack(0x0000007fe1700000,0x0000007fe1800000)]
  0x000001fa4a831750 JavaThread "C1 CompilerThread0" daemon [_thread_blocked, id=12820, stack(0x0000007fe1800000,0x0000007fe1900000)]
  0x000001fa4a834750 JavaThread "Sweeper thread" daemon [_thread_blocked, id=4196, stack(0x0000007fe1900000,0x0000007fe1a00000)]
  0x000001fa4a7ff150 JavaThread "Common-Cleaner" daemon [_thread_blocked, id=3516, stack(0x0000007fe1a00000,0x0000007fe1b00000)]
  0x000001fa4ab5b630 JavaThread "Notification Thread" daemon [_thread_blocked, id=8784, stack(0x0000007fe1b00000,0x0000007fe1c00000)]
  0x000001fa6c0b8240 JavaThread "Daemon health stats" [_thread_blocked, id=12572, stack(0x0000007fe2100000,0x0000007fe2200000)]
  0x000001fa6b0c3930 JavaThread "Incoming local TCP Connector on port 51803" [_thread_in_native, id=9320, stack(0x0000007fe1d00000,0x0000007fe1e00000)]
  0x000001fa6b90eea0 JavaThread "Daemon periodic checks" [_thread_blocked, id=7692, stack(0x0000007fe2200000,0x0000007fe2300000)]
  0x000001fa6b953a60 JavaThread "Daemon" [_thread_blocked, id=13144, stack(0x0000007fe2300000,0x0000007fe2400000)]
  0x000001fa6b953f40 JavaThread "Handler for socket connection from /127.0.0.1:51803 to /127.0.0.1:51804" [_thread_in_native, id=6572, stack(0x0000007fe2400000,0x0000007fe2500000)]
  0x000001fa6b80a560 JavaThread "Cancel handler" [_thread_blocked, id=12600, stack(0x0000007fe2500000,0x0000007fe2600000)]
  0x000001fa6b80af80 JavaThread "Daemon worker" [_thread_in_Java, id=9112, stack(0x0000007fe2600000,0x0000007fe2700000)]
  0x000001fa6b80d800 JavaThread "Asynchronous log dispatcher for DefaultDaemonConnection: socket connection from /127.0.0.1:51803 to /127.0.0.1:51804" [_thread_blocked, id=12808, stack(0x0000007fe2700000,0x0000007fe2800000)]
  0x000001fa6b80beb0 JavaThread "Stdin handler" [_thread_blocked, id=7116, stack(0x0000007fe2800000,0x0000007fe2900000)]
  0x000001fa6b80aa70 JavaThread "Daemon client event forwarder" [_thread_blocked, id=12712, stack(0x0000007fe2900000,0x0000007fe2a00000)]
  0x000001fa6b80c8d0 JavaThread "Cache worker for journal cache (C:\Users\MAHE\.gradle\caches\journal-1)" [_thread_blocked, id=3372, stack(0x0000007fe2a00000,0x0000007fe2b00000)]
  0x000001fa6b80c3c0 JavaThread "File lock request listener" [_thread_in_native, id=5268, stack(0x0000007fe2b00000,0x0000007fe2c00000)]
  0x000001fa6b80b9a0 JavaThread "Cache worker for file hash cache (C:\Users\MAHE\.gradle\caches\8.3\fileHashes)" [_thread_blocked, id=12396, stack(0x0000007fe2c00000,0x0000007fe2d00000)]
  0x000001fa6b80d2f0 JavaThread "File watcher server" daemon [_thread_in_native, id=4372, stack(0x0000007fe2e00000,0x0000007fe2f00000)]
  0x000001fa6b80cde0 JavaThread "File watcher consumer" daemon [_thread_blocked, id=7484, stack(0x0000007fe2f00000,0x0000007fe3000000)]
  0x000001fa6b80a050 JavaThread "Cache worker for checksums cache (C:\Users\MAHE\Documents\demo1_joyson1\android\.gradle\8.3\checksums)" [_thread_blocked, id=12548, stack(0x0000007fe3000000,0x0000007fe3100000)]
  0x000001fa6d19df60 JavaThread "Cache worker for file hash cache (C:\Users\MAHE\Documents\demo1_joyson1\android\.gradle\8.3\fileHashes)" [_thread_blocked, id=6712, stack(0x0000007fe3100000,0x0000007fe3200000)]
  0x000001fa6d19bbf0 JavaThread "Cache worker for cache directory md-supplier (C:\Users\MAHE\.gradle\caches\8.3\md-supplier)" [_thread_blocked, id=6692, stack(0x0000007fe3200000,0x0000007fe3300000)]
  0x000001fa6d19c100 JavaThread "Cache worker for file content cache (C:\Users\MAHE\.gradle\caches\8.3\fileContent)" [_thread_blocked, id=5948, stack(0x0000007fe3300000,0x0000007fe3400000)]
  0x000001fa6d19c610 JavaThread "Cache worker for cache directory md-rule (C:\Users\MAHE\.gradle\caches\8.3\md-rule)" [_thread_blocked, id=4760, stack(0x0000007fe2d00000,0x0000007fe2e00000)]
  0x000001fa6d198950 JavaThread "Cache worker for execution history cache (C:\Users\MAHE\.gradle\caches\8.3\executionHistory)" [_thread_blocked, id=12976, stack(0x0000007fe3400000,0x0000007fe3500000)]
  0x000001fa6d197a20 JavaThread "jar transforms" [_thread_blocked, id=7036, stack(0x0000007fe3600000,0x0000007fe3700000)]
  0x000001fa6d19cb20 JavaThread "jar transforms Thread 2" [_thread_blocked, id=12388, stack(0x0000007fe3700000,0x0000007fe3800000)]
  0x000001fa6d198e60 JavaThread "jar transforms Thread 3" [_thread_blocked, id=4820, stack(0x0000007fe3500000,0x0000007fe3600000)]
  0x000001fa6d19d030 JavaThread "jar transforms Thread 4" [_thread_blocked, id=12876, stack(0x0000007fe3800000,0x0000007fe3900000)]
  0x000001fa6d19d540 JavaThread "Cache worker for kotlin-dsl (C:\Users\MAHE\.gradle\caches\8.3\kotlin-dsl)" [_thread_blocked, id=12724, stack(0x0000007fe3a00000,0x0000007fe3b00000)]
  0x000001fa6d199370 JavaThread "Unconstrained build operations" [_thread_blocked, id=13108, stack(0x0000007fe3900000,0x0000007fe3a00000)]
  0x000001fa6d19da50 JavaThread "Unconstrained build operations Thread 2" [_thread_blocked, id=8340, stack(0x0000007fe3b00000,0x0000007fe3c00000)]
  0x000001fa6d197510 JavaThread "Cache worker for dependencies-accessors (C:\Users\MAHE\Documents\demo1_joyson1\android\.gradle\8.3\dependencies-accessors)" [_thread_blocked, id=12008, stack(0x0000007fe3d00000,0x0000007fe3e00000)]
  0x000001fa6d199d90 JavaThread "Cache worker for Build Output Cleanup Cache (C:\Users\MAHE\Documents\demo1_joyson1\node_modules\@react-native\gradle-plugin\.gradle\buildOutputCleanup)" [_thread_blocked, id=6944, stack(0x0000007fe3c00000,0x0000007fe3d00000)]
  0x000001fa6d19a2a0 JavaThread "Unconstrained build operations Thread 3" [_thread_blocked, id=4964, stack(0x0000007fe3e00000,0x0000007fe3f00000)]
  0x000001fa6d199880 JavaThread "Unconstrained build operations Thread 4" [_thread_blocked, id=7584, stack(0x0000007fe3f00000,0x0000007fe4000000)]
  0x000001fa6d19e470 JavaThread "Unconstrained build operations Thread 5" [_thread_blocked, id=13116, stack(0x0000007fe4000000,0x0000007fe4100000)]
  0x000001fa6d19b6e0 JavaThread "Memory manager" [_thread_blocked, id=1472, stack(0x0000007fe4100000,0x0000007fe4200000)]
  0x000001fa6d197000 JavaThread "Cache worker for Build Output Cleanup Cache (C:\Users\MAHE\Documents\demo1_joyson1\android\.gradle\buildOutputCleanup)" [_thread_blocked, id=13180, stack(0x0000007fe4400000,0x0000007fe4500000)]
  0x000001fa6e6cba30 JavaThread "ForkJoinPool.commonPool-worker-1" daemon [_thread_blocked, id=6688, stack(0x0000007fe4600000,0x0000007fe4700000)]
  0x000001fa6e6ce2b0 JavaThread "ForkJoinPool.commonPool-worker-2" daemon [_thread_blocked, id=1368, stack(0x0000007fe4700000,0x0000007fe4800000)]
  0x000001fa6e6cdda0 JavaThread "ForkJoinPool.commonPool-worker-3" daemon [_thread_blocked, id=3484, stack(0x0000007fe4800000,0x0000007fe4900000)]
  0x000001fa6e6cc960 JavaThread "included builds" [_thread_blocked, id=12952, stack(0x0000007fe4900000,0x0000007fe4a00000)]
  0x000001fa6e6d1040 JavaThread "Execution worker" [_thread_blocked, id=12000, stack(0x0000007fe4a00000,0x0000007fe4b00000)]
  0x000001fa6e6cb010 JavaThread "Execution worker Thread 2" [_thread_blocked, id=140, stack(0x0000007fe4b00000,0x0000007fe4c00000)]
  0x000001fa6e6d0620 JavaThread "Execution worker Thread 3" [_thread_blocked, id=5256, stack(0x0000007fe4c00000,0x0000007fe4d00000)]
  0x000001fa6e6d0b30 JavaThread "Cache worker for execution history cache (C:\Users\MAHE\Documents\demo1_joyson1\node_modules\@react-native\gradle-plugin\.gradle\8.3\executionHistory)" [_thread_blocked, id=1148, stack(0x0000007fe4d00000,0x0000007fe4e00000)]
  0x000001fa6e6cecd0 JavaThread "Unconstrained build operations Thread 6" [_thread_blocked, id=6156, stack(0x0000007fe4e00000,0x0000007fe4f00000)]
  0x000001fa6e6cf1e0 JavaThread "Unconstrained build operations Thread 7" [_thread_blocked, id=100, stack(0x0000007fe4f00000,0x0000007fe5000000)]
  0x000001fa6e6cd890 JavaThread "Unconstrained build operations Thread 8" [_thread_blocked, id=4184, stack(0x0000007fe5000000,0x0000007fe5100000)]
  0x000001fa6e6cd380 JavaThread "Unconstrained build operations Thread 9" [_thread_blocked, id=11408, stack(0x0000007fe5100000,0x0000007fe5200000)]
  0x000001fa6e6cce70 JavaThread "Unconstrained build operations Thread 10" [_thread_blocked, id=11952, stack(0x0000007fe5200000,0x0000007fe5300000)]
  0x000001fa6e6cb520 JavaThread "Unconstrained build operations Thread 11" [_thread_blocked, id=3912, stack(0x0000007fe5300000,0x0000007fe5400000)]
  0x000001fa6e6cfc00 JavaThread "Unconstrained build operations Thread 12" [_thread_blocked, id=4704, stack(0x0000007fe5400000,0x0000007fe5500000)]
  0x000001fa6e6ce7c0 JavaThread "Unconstrained build operations Thread 13" [_thread_blocked, id=12660, stack(0x0000007fe5500000,0x0000007fe5600000)]
  0x000001fa6ba537d0 JavaThread "Unconstrained build operations Thread 14" [_thread_blocked, id=4784, stack(0x0000007fe0700000,0x0000007fe0800000)]
  0x000001fa6ba55b40 JavaThread "Unconstrained build operations Thread 15" [_thread_blocked, id=6912, stack(0x0000007fe0800000,0x0000007fe0900000)]
  0x000001fa6ba50f50 JavaThread "Unconstrained build operations Thread 16" [_thread_blocked, id=12192, stack(0x0000007fe0900000,0x0000007fe0a00000)]
  0x000001fa6ba57490 JavaThread "Unconstrained build operations Thread 17" [_thread_blocked, id=12760, stack(0x0000007fe4500000,0x0000007fe4600000)]
  0x000001fa6ba53ce0 JavaThread "Unconstrained build operations Thread 18" [_thread_blocked, id=8208, stack(0x0000007fe5600000,0x0000007fe5700000)]
  0x000001fa6ba51970 JavaThread "Unconstrained build operations Thread 19" [_thread_blocked, id=6152, stack(0x0000007fe5700000,0x0000007fe5800000)]
  0x000001fa6ba51e80 JavaThread "Unconstrained build operations Thread 20" [_thread_blocked, id=6064, stack(0x0000007fe5800000,0x0000007fe5900000)]
  0x000001fa6ba55120 JavaThread "Unconstrained build operations Thread 21" [_thread_blocked, id=12272, stack(0x0000007fe5900000,0x0000007fe5a00000)]
  0x000001fa6ba56560 JavaThread "Unconstrained build operations Thread 22" [_thread_blocked, id=8176, stack(0x0000007fe5a00000,0x0000007fe5b00000)]
  0x000001fa6cc3aeb0 JavaThread "C2 CompilerThread1" daemon [_thread_in_native, id=5812, stack(0x0000007fe5b00000,0x0000007fe5c00000)]

Other Threads:
  0x000001fa4a810350 VMThread "VM Thread" [stack: 0x0000007fe1000000,0x0000007fe1100000] [id=12944]
  0x000001fa29817460 WatcherThread [stack: 0x0000007fe1c00000,0x0000007fe1d00000] [id=9012]
  0x000001fa29871b70 GCTaskThread "GC Thread#0" [stack: 0x0000007fe0b00000,0x0000007fe0c00000] [id=12428]
  0x000001fa4acf8e50 GCTaskThread "GC Thread#1" [stack: 0x0000007fe1e00000,0x0000007fe1f00000] [id=9384]
  0x000001fa4acf9110 GCTaskThread "GC Thread#2" [stack: 0x0000007fe1f00000,0x0000007fe2000000] [id=1864]
  0x000001fa4acf93d0 GCTaskThread "GC Thread#3" [stack: 0x0000007fe2000000,0x0000007fe2100000] [id=11096]
  0x000001fa29882ac0 ConcurrentGCThread "G1 Main Marker" [stack: 0x0000007fe0c00000,0x0000007fe0d00000] [id=4520]
  0x000001fa29883c80 ConcurrentGCThread "G1 Conc#0" [stack: 0x0000007fe0d00000,0x0000007fe0e00000] [id=12740]
  0x000001fa4a74a420 ConcurrentGCThread "G1 Refine#0" [stack: 0x0000007fe0e00000,0x0000007fe0f00000] [id=8440]
  0x000001fa4a74ac60 ConcurrentGCThread "G1 Service" [stack: 0x0000007fe0f00000,0x0000007fe1000000] [id=3772]

Threads with active compile tasks:
C2 CompilerThread0    78861 12098       4       org.gradle.internal.instantiation.generator.AbstractClassGenerator::inspectType (560 bytes)
C2 CompilerThread1    78861 12115       4       org.gradle.internal.reflect.ClassInspector::inspectClass (179 bytes)

VM state: not at safepoint (normal execution)

VM Mutex/Monitor currently owned by a thread: None

Heap address: 0x0000000080000000, size: 2048 MB, Compressed Oops mode: 32-bit

CDS archive(s) mapped at: [0x000001fa4b000000-0x000001fa4bbc0000-0x000001fa4bbc0000), size 12320768, SharedBaseAddress: 0x000001fa4b000000, ArchiveRelocationMode: 1.
Compressed class space mapped at: 0x000001fa4c000000-0x000001fa66000000, reserved size: 436207616
Narrow klass base: 0x000001fa4b000000, Narrow klass shift: 0, Narrow klass range: 0x100000000

GC Precious Log:
 CPUs: 4 total, 4 available
 Memory: 16309M
 Large Page Support: Disabled
 NUMA Support: Disabled
 Compressed Oops: Enabled (32-bit)
 Heap Region Size: 1M
 Heap Min Capacity: 8M
 Heap Initial Capacity: 256M
 Heap Max Capacity: 2G
 Pre-touch: Disabled
 Parallel Workers: 4
 Concurrent Workers: 1
 Concurrent Refinement Workers: 4
 Periodic GC: Disabled

Heap:
 garbage-first heap   total 281600K, used 171657K [0x0000000080000000, 0x0000000100000000)
  region size 1024K, 50 young (51200K), 15 survivors (15360K)
 Metaspace       used 94124K, committed 95104K, reserved 557056K
  class space    used 13158K, committed 13632K, reserved 425984K

Heap Regions: E=young(eden), S=young(survivor), O=old, HS=humongous(starts), HC=humongous(continues), CS=collection set, F=free, OA=open archive, CA=closed archive, TAMS=top-at-mark-start (previous, next)
|   0|0x0000000080000000, 0x0000000080100000, 0x0000000080100000|100%| O|  |TAMS 0x0000000080100000, 0x0000000080000000| Untracked 
|   1|0x0000000080100000, 0x0000000080200000, 0x0000000080200000|100%| O|  |TAMS 0x0000000080200000, 0x0000000080100000| Untracked 
|   2|0x0000000080200000, 0x0000000080300000, 0x0000000080300000|100%|HS|  |TAMS 0x0000000080300000, 0x0000000080200000| Complete 
|   3|0x0000000080300000, 0x0000000080400000, 0x0000000080400000|100%|HC|  |TAMS 0x0000000080400000, 0x0000000080300000| Complete 
|   4|0x0000000080400000, 0x0000000080500000, 0x0000000080500000|100%|HC|  |TAMS 0x0000000080500000, 0x0000000080400000| Complete 
|   5|0x0000000080500000, 0x0000000080600000, 0x0000000080600000|100%|HC|  |TAMS 0x0000000080600000, 0x0000000080500000| Complete 
|   6|0x0000000080600000, 0x0000000080700000, 0x0000000080700000|100%| O|  |TAMS 0x0000000080600000, 0x0000000080600000| Untracked 
|   7|0x0000000080700000, 0x0000000080800000, 0x0000000080800000|100%| O|  |TAMS 0x0000000080800000, 0x0000000080700000| Untracked 
|   8|0x0000000080800000, 0x0000000080900000, 0x0000000080900000|100%| O|  |TAMS 0x0000000080900000, 0x0000000080800000| Untracked 
|   9|0x0000000080900000, 0x0000000080a00000, 0x0000000080a00000|100%| O|  |TAMS 0x0000000080a00000, 0x0000000080900000| Untracked 
|  10|0x0000000080a00000, 0x0000000080b00000, 0x0000000080b00000|100%|HS|  |TAMS 0x0000000080a00000, 0x0000000080a00000| Complete 
|  11|0x0000000080b00000, 0x0000000080be0800, 0x0000000080c00000| 87%| O|  |TAMS 0x0000000080be0800, 0x0000000080b00000| Untracked 
|  12|0x0000000080c00000, 0x0000000080d00000, 0x0000000080d00000|100%| O|  |TAMS 0x0000000080d00000, 0x0000000080c00000| Untracked 
|  13|0x0000000080d00000, 0x0000000080e00000, 0x0000000080e00000|100%| O|  |TAMS 0x0000000080e00000, 0x0000000080d00000| Untracked 
|  14|0x0000000080e00000, 0x0000000080f00000, 0x0000000080f00000|100%| O|  |TAMS 0x0000000080f00000, 0x0000000080e00000| Untracked 
|  15|0x0000000080f00000, 0x0000000081000000, 0x0000000081000000|100%| O|  |TAMS 0x0000000081000000, 0x0000000080f00000| Untracked 
|  16|0x0000000081000000, 0x0000000081100000, 0x0000000081100000|100%| O|  |TAMS 0x0000000081100000, 0x0000000081000000| Untracked 
|  17|0x0000000081100000, 0x0000000081200000, 0x0000000081200000|100%| O|  |TAMS 0x0000000081200000, 0x0000000081100000| Untracked 
|  18|0x0000000081200000, 0x0000000081300000, 0x0000000081300000|100%| O|  |TAMS 0x0000000081300000, 0x0000000081200000| Untracked 
|  19|0x0000000081300000, 0x0000000081400000, 0x0000000081400000|100%| O|  |TAMS 0x0000000081400000, 0x0000000081300000| Untracked 
|  20|0x0000000081400000, 0x0000000081500000, 0x0000000081500000|100%| O|  |TAMS 0x0000000081500000, 0x0000000081400000| Untracked 
|  21|0x0000000081500000, 0x0000000081600000, 0x0000000081600000|100%| O|  |TAMS 0x0000000081600000, 0x0000000081500000| Untracked 
|  22|0x0000000081600000, 0x0000000081700000, 0x0000000081700000|100%| O|  |TAMS 0x0000000081700000, 0x0000000081600000| Untracked 
|  23|0x0000000081700000, 0x0000000081800000, 0x0000000081800000|100%| O|  |TAMS 0x0000000081800000, 0x0000000081700000| Untracked 
|  24|0x0000000081800000, 0x0000000081900000, 0x0000000081900000|100%| O|  |TAMS 0x0000000081900000, 0x0000000081800000| Untracked 
|  25|0x0000000081900000, 0x0000000081a00000, 0x0000000081a00000|100%| O|  |TAMS 0x0000000081a00000, 0x0000000081900000| Untracked 
|  26|0x0000000081a00000, 0x0000000081b00000, 0x0000000081b00000|100%| O|  |TAMS 0x0000000081b00000, 0x0000000081a00000| Untracked 
|  27|0x0000000081b00000, 0x0000000081c00000, 0x0000000081c00000|100%| O|  |TAMS 0x0000000081c00000, 0x0000000081b00000| Untracked 
|  28|0x0000000081c00000, 0x0000000081d00000, 0x0000000081d00000|100%| O|  |TAMS 0x0000000081d00000, 0x0000000081c00000| Untracked 
|  29|0x0000000081d00000, 0x0000000081e00000, 0x0000000081e00000|100%| O|  |TAMS 0x0000000081e00000, 0x0000000081d00000| Untracked 
|  30|0x0000000081e00000, 0x0000000081f00000, 0x0000000081f00000|100%| O|  |TAMS 0x0000000081f00000, 0x0000000081e00000| Untracked 
|  31|0x0000000081f00000, 0x0000000082000000, 0x0000000082000000|100%| O|  |TAMS 0x0000000082000000, 0x0000000081f00000| Untracked 
|  32|0x0000000082000000, 0x0000000082100000, 0x0000000082100000|100%| O|  |TAMS 0x0000000082100000, 0x0000000082000000| Untracked 
|  33|0x0000000082100000, 0x0000000082200000, 0x0000000082200000|100%| O|  |TAMS 0x0000000082200000, 0x0000000082100000| Untracked 
|  34|0x0000000082200000, 0x0000000082300000, 0x0000000082300000|100%|HS|  |TAMS 0x0000000082300000, 0x0000000082200000| Complete 
|  35|0x0000000082300000, 0x0000000082400000, 0x0000000082400000|100%|HC|  |TAMS 0x0000000082400000, 0x0000000082300000| Complete 
|  36|0x0000000082400000, 0x0000000082500000, 0x0000000082500000|100%| O|  |TAMS 0x0000000082500000, 0x0000000082400000| Untracked 
|  37|0x0000000082500000, 0x0000000082600000, 0x0000000082600000|100%| O|  |TAMS 0x0000000082600000, 0x0000000082500000| Untracked 
|  38|0x0000000082600000, 0x0000000082700000, 0x0000000082700000|100%|HS|  |TAMS 0x0000000082700000, 0x0000000082600000| Complete 
|  39|0x0000000082700000, 0x0000000082800000, 0x0000000082800000|100%|HC|  |TAMS 0x0000000082800000, 0x0000000082700000| Complete 
|  40|0x0000000082800000, 0x0000000082900000, 0x0000000082900000|100%| O|  |TAMS 0x0000000082900000, 0x0000000082800000| Untracked 
|  41|0x0000000082900000, 0x0000000082a00000, 0x0000000082a00000|100%| O|  |TAMS 0x0000000082a00000, 0x0000000082900000| Untracked 
|  42|0x0000000082a00000, 0x0000000082b00000, 0x0000000082b00000|100%|HS|  |TAMS 0x0000000082b00000, 0x0000000082a00000| Complete 
|  43|0x0000000082b00000, 0x0000000082c00000, 0x0000000082c00000|100%|HC|  |TAMS 0x0000000082c00000, 0x0000000082b00000| Complete 
|  44|0x0000000082c00000, 0x0000000082d00000, 0x0000000082d00000|100%|HC|  |TAMS 0x0000000082d00000, 0x0000000082c00000| Complete 
|  45|0x0000000082d00000, 0x0000000082e00000, 0x0000000082e00000|100%|HC|  |TAMS 0x0000000082e00000, 0x0000000082d00000| Complete 
|  46|0x0000000082e00000, 0x0000000082f00000, 0x0000000082f00000|100%| O|  |TAMS 0x0000000082f00000, 0x0000000082e00000| Untracked 
|  47|0x0000000082f00000, 0x0000000083000000, 0x0000000083000000|100%| O|  |TAMS 0x0000000083000000, 0x0000000082f00000| Untracked 
|  48|0x0000000083000000, 0x0000000083100000, 0x0000000083100000|100%| O|  |TAMS 0x0000000083100000, 0x0000000083000000| Untracked 
|  49|0x0000000083100000, 0x0000000083200000, 0x0000000083200000|100%| O|  |TAMS 0x0000000083200000, 0x0000000083100000| Untracked 
|  50|0x0000000083200000, 0x0000000083300000, 0x0000000083300000|100%|HS|  |TAMS 0x0000000083300000, 0x0000000083200000| Complete 
|  51|0x0000000083300000, 0x0000000083400000, 0x0000000083400000|100%|HC|  |TAMS 0x0000000083400000, 0x0000000083300000| Complete 
|  52|0x0000000083400000, 0x0000000083500000, 0x0000000083500000|100%|HC|  |TAMS 0x0000000083500000, 0x0000000083400000| Complete 
|  53|0x0000000083500000, 0x0000000083600000, 0x0000000083600000|100%|HC|  |TAMS 0x0000000083600000, 0x0000000083500000| Complete 
|  54|0x0000000083600000, 0x0000000083700000, 0x0000000083700000|100%| O|  |TAMS 0x0000000083700000, 0x0000000083600000| Untracked 
|  55|0x0000000083700000, 0x0000000083800000, 0x0000000083800000|100%| O|  |TAMS 0x0000000083800000, 0x0000000083700000| Untracked 
|  56|0x0000000083800000, 0x0000000083900000, 0x0000000083900000|100%| O|  |TAMS 0x0000000083900000, 0x0000000083800000| Untracked 
|  57|0x0000000083900000, 0x0000000083a00000, 0x0000000083a00000|100%| O|  |TAMS 0x0000000083a00000, 0x0000000083900000| Untracked 
|  58|0x0000000083a00000, 0x0000000083b00000, 0x0000000083b00000|100%| O|  |TAMS 0x0000000083b00000, 0x0000000083a00000| Untracked 
|  59|0x0000000083b00000, 0x0000000083c00000, 0x0000000083c00000|100%| O|  |TAMS 0x0000000083c00000, 0x0000000083b00000| Untracked 
|  60|0x0000000083c00000, 0x0000000083d00000, 0x0000000083d00000|100%| O|  |TAMS 0x0000000083d00000, 0x0000000083c00000| Untracked 
|  61|0x0000000083d00000, 0x0000000083e00000, 0x0000000083e00000|100%| O|  |TAMS 0x0000000083e00000, 0x0000000083d00000| Untracked 
|  62|0x0000000083e00000, 0x0000000083f00000, 0x0000000083f00000|100%| O|  |TAMS 0x0000000083f00000, 0x0000000083e00000| Untracked 
|  63|0x0000000083f00000, 0x0000000084000000, 0x0000000084000000|100%| O|  |TAMS 0x0000000084000000, 0x0000000083f00000| Untracked 
|  64|0x0000000084000000, 0x0000000084100000, 0x0000000084100000|100%| O|  |TAMS 0x0000000084100000, 0x0000000084000000| Untracked 
|  65|0x0000000084100000, 0x0000000084200000, 0x0000000084200000|100%| O|  |TAMS 0x0000000084200000, 0x0000000084100000| Untracked 
|  66|0x0000000084200000, 0x0000000084300000, 0x0000000084300000|100%|HS|  |TAMS 0x0000000084300000, 0x0000000084200000| Complete 
|  67|0x0000000084300000, 0x0000000084400000, 0x0000000084400000|100%|HS|  |TAMS 0x0000000084400000, 0x0000000084300000| Complete 
|  68|0x0000000084400000, 0x0000000084500000, 0x0000000084500000|100%|HS|  |TAMS 0x0000000084500000, 0x0000000084400000| Complete 
|  69|0x0000000084500000, 0x0000000084600000, 0x0000000084600000|100%| O|  |TAMS 0x0000000084600000, 0x0000000084500000| Untracked 
|  70|0x0000000084600000, 0x0000000084700000, 0x0000000084700000|100%| O|  |TAMS 0x0000000084700000, 0x0000000084600000| Untracked 
|  71|0x0000000084700000, 0x0000000084800000, 0x0000000084800000|100%|HS|  |TAMS 0x0000000084800000, 0x0000000084700000| Complete 
|  72|0x0000000084800000, 0x0000000084900000, 0x0000000084900000|100%| O|  |TAMS 0x0000000084900000, 0x0000000084800000| Untracked 
|  73|0x0000000084900000, 0x0000000084a00000, 0x0000000084a00000|100%| O|  |TAMS 0x0000000084a00000, 0x0000000084900000| Untracked 
|  74|0x0000000084a00000, 0x0000000084b00000, 0x0000000084b00000|100%| O|  |TAMS 0x0000000084b00000, 0x0000000084a00000| Untracked 
|  75|0x0000000084b00000, 0x0000000084c00000, 0x0000000084c00000|100%| O|  |TAMS 0x0000000084c00000, 0x0000000084b00000| Untracked 
|  76|0x0000000084c00000, 0x0000000084d00000, 0x0000000084d00000|100%| O|  |TAMS 0x0000000084d00000, 0x0000000084c00000| Untracked 
|  77|0x0000000084d00000, 0x0000000084e00000, 0x0000000084e00000|100%| O|  |TAMS 0x0000000084e00000, 0x0000000084d00000| Untracked 
|  78|0x0000000084e00000, 0x0000000084f00000, 0x0000000084f00000|100%| O|  |TAMS 0x0000000084f00000, 0x0000000084e00000| Untracked 
|  79|0x0000000084f00000, 0x0000000085000000, 0x0000000085000000|100%| O|  |TAMS 0x0000000085000000, 0x0000000084f00000| Untracked 
|  80|0x0000000085000000, 0x0000000085100000, 0x0000000085100000|100%| O|  |TAMS 0x0000000085100000, 0x0000000085000000| Untracked 
|  81|0x0000000085100000, 0x0000000085200000, 0x0000000085200000|100%| O|  |TAMS 0x0000000085200000, 0x0000000085100000| Untracked 
|  82|0x0000000085200000, 0x0000000085300000, 0x0000000085300000|100%| O|  |TAMS 0x0000000085300000, 0x0000000085200000| Untracked 
|  83|0x0000000085300000, 0x0000000085400000, 0x0000000085400000|100%| O|  |TAMS 0x0000000085400000, 0x0000000085300000| Untracked 
|  84|0x0000000085400000, 0x0000000085500000, 0x0000000085500000|100%| O|  |TAMS 0x00000000854fba00, 0x0000000085400000| Untracked 
|  85|0x0000000085500000, 0x0000000085600000, 0x0000000085600000|100%| O|  |TAMS 0x0000000085500000, 0x0000000085500000| Untracked 
|  86|0x0000000085600000, 0x0000000085700000, 0x0000000085700000|100%| O|  |TAMS 0x0000000085600000, 0x0000000085600000| Untracked 
|  87|0x0000000085700000, 0x0000000085800000, 0x0000000085800000|100%| O|  |TAMS 0x0000000085700000, 0x0000000085700000| Untracked 
|  88|0x0000000085800000, 0x0000000085900000, 0x0000000085900000|100%| O|  |TAMS 0x0000000085800000, 0x0000000085800000| Untracked 
|  89|0x0000000085900000, 0x0000000085a00000, 0x0000000085a00000|100%| O|  |TAMS 0x0000000085900000, 0x0000000085900000| Untracked 
|  90|0x0000000085a00000, 0x0000000085b00000, 0x0000000085b00000|100%|HS|  |TAMS 0x0000000085a00000, 0x0000000085a00000| Complete 
|  91|0x0000000085b00000, 0x0000000085c00000, 0x0000000085c00000|100%|HC|  |TAMS 0x0000000085b00000, 0x0000000085b00000| Complete 
|  92|0x0000000085c00000, 0x0000000085d00000, 0x0000000085d00000|100%|HS|  |TAMS 0x0000000085c00000, 0x0000000085c00000| Complete 
|  93|0x0000000085d00000, 0x0000000085e00000, 0x0000000085e00000|100%|HC|  |TAMS 0x0000000085d00000, 0x0000000085d00000| Complete 
|  94|0x0000000085e00000, 0x0000000085f00000, 0x0000000085f00000|100%|HS|  |TAMS 0x0000000085e00000, 0x0000000085e00000| Complete 
|  95|0x0000000085f00000, 0x0000000086000000, 0x0000000086000000|100%|HS|  |TAMS 0x0000000085f00000, 0x0000000085f00000| Complete 
|  96|0x0000000086000000, 0x0000000086100000, 0x0000000086100000|100%|HC|  |TAMS 0x0000000086000000, 0x0000000086000000| Complete 
|  97|0x0000000086100000, 0x0000000086200000, 0x0000000086200000|100%|HS|  |TAMS 0x0000000086100000, 0x0000000086100000| Complete 
|  98|0x0000000086200000, 0x0000000086300000, 0x0000000086300000|100%|HS|  |TAMS 0x0000000086200000, 0x0000000086200000| Complete 
|  99|0x0000000086300000, 0x0000000086300000, 0x0000000086400000|  0%| F|  |TAMS 0x0000000086300000, 0x0000000086300000| Untracked 
| 100|0x0000000086400000, 0x0000000086500000, 0x0000000086500000|100%| O|  |TAMS 0x0000000086400000, 0x0000000086400000| Untracked 
| 101|0x0000000086500000, 0x0000000086600000, 0x0000000086600000|100%| O|  |TAMS 0x0000000086500000, 0x0000000086500000| Untracked 
| 102|0x0000000086600000, 0x0000000086700000, 0x0000000086700000|100%| O|  |TAMS 0x0000000086600000, 0x0000000086600000| Untracked 
| 103|0x0000000086700000, 0x0000000086800000, 0x0000000086800000|100%| O|  |TAMS 0x0000000086700000, 0x0000000086700000| Untracked 
| 104|0x0000000086800000, 0x0000000086900000, 0x0000000086900000|100%| O|  |TAMS 0x0000000086800000, 0x0000000086800000| Untracked 
| 105|0x0000000086900000, 0x0000000086a00000, 0x0000000086a00000|100%| O|  |TAMS 0x0000000086900000, 0x0000000086900000| Untracked 
| 106|0x0000000086a00000, 0x0000000086b00000, 0x0000000086b00000|100%| O|  |TAMS 0x0000000086a00000, 0x0000000086a00000| Untracked 
| 107|0x0000000086b00000, 0x0000000086c00000, 0x0000000086c00000|100%| O|  |TAMS 0x0000000086b00000, 0x0000000086b00000| Untracked 
| 108|0x0000000086c00000, 0x0000000086d00000, 0x0000000086d00000|100%| O|  |TAMS 0x0000000086c00000, 0x0000000086c00000| Untracked 
| 109|0x0000000086d00000, 0x0000000086e00000, 0x0000000086e00000|100%| O|  |TAMS 0x0000000086d00000, 0x0000000086d00000| Untracked 
| 110|0x0000000086e00000, 0x0000000086f00000, 0x0000000086f00000|100%| O|  |TAMS 0x0000000086e00000, 0x0000000086e00000| Untracked 
| 111|0x0000000086f00000, 0x0000000087000000, 0x0000000087000000|100%| O|  |TAMS 0x0000000086f00000, 0x0000000086f00000| Untracked 
| 112|0x0000000087000000, 0x0000000087100000, 0x0000000087100000|100%| O|  |TAMS 0x0000000087000000, 0x0000000087000000| Untracked 
| 113|0x0000000087100000, 0x0000000087200000, 0x0000000087200000|100%| O|  |TAMS 0x0000000087100000, 0x0000000087100000| Untracked 
| 114|0x0000000087200000, 0x0000000087300000, 0x0000000087300000|100%| O|  |TAMS 0x0000000087200000, 0x0000000087200000| Untracked 
| 115|0x0000000087300000, 0x0000000087400000, 0x0000000087400000|100%| O|  |TAMS 0x0000000087300000, 0x0000000087300000| Untracked 
| 116|0x0000000087400000, 0x0000000087500000, 0x0000000087500000|100%| O|  |TAMS 0x0000000087400000, 0x0000000087400000| Untracked 
| 117|0x0000000087500000, 0x0000000087600000, 0x0000000087600000|100%| O|  |TAMS 0x0000000087500000, 0x0000000087500000| Untracked 
| 118|0x0000000087600000, 0x0000000087700000, 0x0000000087700000|100%| O|  |TAMS 0x0000000087600000, 0x0000000087600000| Untracked 
| 119|0x0000000087700000, 0x00000000877c1e00, 0x0000000087800000| 75%| O|  |TAMS 0x0000000087700000, 0x0000000087700000| Untracked 
| 120|0x0000000087800000, 0x0000000087800000, 0x0000000087900000|  0%| F|  |TAMS 0x0000000087800000, 0x0000000087800000| Untracked 
| 121|0x0000000087900000, 0x0000000087900000, 0x0000000087a00000|  0%| F|  |TAMS 0x0000000087900000, 0x0000000087900000| Untracked 
| 122|0x0000000087a00000, 0x0000000087a00000, 0x0000000087b00000|  0%| F|  |TAMS 0x0000000087a00000, 0x0000000087a00000| Untracked 
| 123|0x0000000087b00000, 0x0000000087b00000, 0x0000000087c00000|  0%| F|  |TAMS 0x0000000087b00000, 0x0000000087b00000| Untracked 
| 124|0x0000000087c00000, 0x0000000087c00000, 0x0000000087d00000|  0%| F|  |TAMS 0x0000000087c00000, 0x0000000087c00000| Untracked 
| 125|0x0000000087d00000, 0x0000000087d00000, 0x0000000087e00000|  0%| F|  |TAMS 0x0000000087d00000, 0x0000000087d00000| Untracked 
| 126|0x0000000087e00000, 0x0000000087e00000, 0x0000000087f00000|  0%| F|  |TAMS 0x0000000087e00000, 0x0000000087e00000| Untracked 
| 127|0x0000000087f00000, 0x0000000087f00000, 0x0000000088000000|  0%| F|  |TAMS 0x0000000087f00000, 0x0000000087f00000| Untracked 
| 128|0x0000000088000000, 0x0000000088000000, 0x0000000088100000|  0%| F|  |TAMS 0x0000000088000000, 0x0000000088000000| Untracked 
| 129|0x0000000088100000, 0x0000000088100000, 0x0000000088200000|  0%| F|  |TAMS 0x0000000088100000, 0x0000000088100000| Untracked 
| 130|0x0000000088200000, 0x0000000088200000, 0x0000000088300000|  0%| F|  |TAMS 0x0000000088200000, 0x0000000088200000| Untracked 
| 131|0x0000000088300000, 0x0000000088300000, 0x0000000088400000|  0%| F|  |TAMS 0x0000000088300000, 0x0000000088300000| Untracked 
| 132|0x0000000088400000, 0x0000000088400000, 0x0000000088500000|  0%| F|  |TAMS 0x0000000088400000, 0x0000000088400000| Untracked 
| 133|0x0000000088500000, 0x0000000088500000, 0x0000000088600000|  0%| F|  |TAMS 0x0000000088500000, 0x0000000088500000| Untracked 
| 134|0x0000000088600000, 0x0000000088600000, 0x0000000088700000|  0%| F|  |TAMS 0x0000000088600000, 0x0000000088600000| Untracked 
| 135|0x0000000088700000, 0x0000000088700000, 0x0000000088800000|  0%| F|  |TAMS 0x0000000088700000, 0x0000000088700000| Untracked 
| 136|0x0000000088800000, 0x0000000088800000, 0x0000000088900000|  0%| F|  |TAMS 0x0000000088800000, 0x0000000088800000| Untracked 
| 137|0x0000000088900000, 0x0000000088900000, 0x0000000088a00000|  0%| F|  |TAMS 0x0000000088900000, 0x0000000088900000| Untracked 
| 138|0x0000000088a00000, 0x0000000088a00000, 0x0000000088b00000|  0%| F|  |TAMS 0x0000000088a00000, 0x0000000088a00000| Untracked 
| 139|0x0000000088b00000, 0x0000000088b00000, 0x0000000088c00000|  0%| F|  |TAMS 0x0000000088b00000, 0x0000000088b00000| Untracked 
| 140|0x0000000088c00000, 0x0000000088c00000, 0x0000000088d00000|  0%| F|  |TAMS 0x0000000088c00000, 0x0000000088c00000| Untracked 
| 141|0x0000000088d00000, 0x0000000088d00000, 0x0000000088e00000|  0%| F|  |TAMS 0x0000000088d00000, 0x0000000088d00000| Untracked 
| 142|0x0000000088e00000, 0x0000000088e00000, 0x0000000088f00000|  0%| F|  |TAMS 0x0000000088e00000, 0x0000000088e00000| Untracked 
| 143|0x0000000088f00000, 0x0000000088f00000, 0x0000000089000000|  0%| F|  |TAMS 0x0000000088f00000, 0x0000000088f00000| Untracked 
| 144|0x0000000089000000, 0x0000000089000000, 0x0000000089100000|  0%| F|  |TAMS 0x0000000089000000, 0x0000000089000000| Untracked 
| 145|0x0000000089100000, 0x0000000089100000, 0x0000000089200000|  0%| F|  |TAMS 0x0000000089100000, 0x0000000089100000| Untracked 
| 146|0x0000000089200000, 0x0000000089200000, 0x0000000089300000|  0%| F|  |TAMS 0x0000000089200000, 0x0000000089200000| Untracked 
| 147|0x0000000089300000, 0x0000000089300000, 0x0000000089400000|  0%| F|  |TAMS 0x0000000089300000, 0x0000000089300000| Untracked 
| 148|0x0000000089400000, 0x0000000089400000, 0x0000000089500000|  0%| F|  |TAMS 0x0000000089400000, 0x0000000089400000| Untracked 
| 149|0x0000000089500000, 0x0000000089500000, 0x0000000089600000|  0%| F|  |TAMS 0x0000000089500000, 0x0000000089500000| Untracked 
| 150|0x0000000089600000, 0x0000000089600000, 0x0000000089700000|  0%| F|  |TAMS 0x0000000089600000, 0x0000000089600000| Untracked 
| 151|0x0000000089700000, 0x0000000089700000, 0x0000000089800000|  0%| F|  |TAMS 0x0000000089700000, 0x0000000089700000| Untracked 
| 152|0x0000000089800000, 0x0000000089800000, 0x0000000089900000|  0%| F|  |TAMS 0x0000000089800000, 0x0000000089800000| Untracked 
| 153|0x0000000089900000, 0x0000000089900000, 0x0000000089a00000|  0%| F|  |TAMS 0x0000000089900000, 0x0000000089900000| Untracked 
| 154|0x0000000089a00000, 0x0000000089a00000, 0x0000000089b00000|  0%| F|  |TAMS 0x0000000089a00000, 0x0000000089a00000| Untracked 
| 155|0x0000000089b00000, 0x0000000089b00000, 0x0000000089c00000|  0%| F|  |TAMS 0x0000000089b00000, 0x0000000089b00000| Untracked 
| 156|0x0000000089c00000, 0x0000000089d00000, 0x0000000089d00000|100%| S|CS|TAMS 0x0000000089c00000, 0x0000000089c00000| Complete 
| 157|0x0000000089d00000, 0x0000000089e00000, 0x0000000089e00000|100%| S|CS|TAMS 0x0000000089d00000, 0x0000000089d00000| Complete 
| 158|0x0000000089e00000, 0x0000000089f00000, 0x0000000089f00000|100%| S|CS|TAMS 0x0000000089e00000, 0x0000000089e00000| Complete 
| 159|0x0000000089f00000, 0x000000008a000000, 0x000000008a000000|100%| S|CS|TAMS 0x0000000089f00000, 0x0000000089f00000| Complete 
| 160|0x000000008a000000, 0x000000008a100000, 0x000000008a100000|100%| S|CS|TAMS 0x000000008a000000, 0x000000008a000000| Complete 
| 161|0x000000008a100000, 0x000000008a200000, 0x000000008a200000|100%| S|CS|TAMS 0x000000008a100000, 0x000000008a100000| Complete 
| 162|0x000000008a200000, 0x000000008a300000, 0x000000008a300000|100%| S|CS|TAMS 0x000000008a200000, 0x000000008a200000| Complete 
| 163|0x000000008a300000, 0x000000008a400000, 0x000000008a400000|100%| S|CS|TAMS 0x000000008a300000, 0x000000008a300000| Complete 
| 164|0x000000008a400000, 0x000000008a500000, 0x000000008a500000|100%| S|CS|TAMS 0x000000008a400000, 0x000000008a400000| Complete 
| 165|0x000000008a500000, 0x000000008a600000, 0x000000008a600000|100%| S|CS|TAMS 0x000000008a500000, 0x000000008a500000| Complete 
| 166|0x000000008a600000, 0x000000008a700000, 0x000000008a700000|100%| S|CS|TAMS 0x000000008a600000, 0x000000008a600000| Complete 
| 167|0x000000008a700000, 0x000000008a800000, 0x000000008a800000|100%| S|CS|TAMS 0x000000008a700000, 0x000000008a700000| Complete 
| 168|0x000000008a800000, 0x000000008a900000, 0x000000008a900000|100%| S|CS|TAMS 0x000000008a800000, 0x000000008a800000| Complete 
| 169|0x000000008a900000, 0x000000008aa00000, 0x000000008aa00000|100%| S|CS|TAMS 0x000000008a900000, 0x000000008a900000| Complete 
| 170|0x000000008aa00000, 0x000000008ab00000, 0x000000008ab00000|100%| S|CS|TAMS 0x000000008aa00000, 0x000000008aa00000| Complete 
| 171|0x000000008ab00000, 0x000000008ab00000, 0x000000008ac00000|  0%| F|  |TAMS 0x000000008ab00000, 0x000000008ab00000| Untracked 
| 172|0x000000008ac00000, 0x000000008ac00000, 0x000000008ad00000|  0%| F|  |TAMS 0x000000008ac00000, 0x000000008ac00000| Untracked 
| 173|0x000000008ad00000, 0x000000008ad00000, 0x000000008ae00000|  0%| F|  |TAMS 0x000000008ad00000, 0x000000008ad00000| Untracked 
| 174|0x000000008ae00000, 0x000000008ae00000, 0x000000008af00000|  0%| F|  |TAMS 0x000000008ae00000, 0x000000008ae00000| Untracked 
| 175|0x000000008af00000, 0x000000008af00000, 0x000000008b000000|  0%| F|  |TAMS 0x000000008af00000, 0x000000008af00000| Untracked 
| 176|0x000000008b000000, 0x000000008b000000, 0x000000008b100000|  0%| F|  |TAMS 0x000000008b000000, 0x000000008b000000| Untracked 
| 177|0x000000008b100000, 0x000000008b100000, 0x000000008b200000|  0%| F|  |TAMS 0x000000008b100000, 0x000000008b100000| Untracked 
| 178|0x000000008b200000, 0x000000008b200000, 0x000000008b300000|  0%| F|  |TAMS 0x000000008b200000, 0x000000008b200000| Untracked 
| 179|0x000000008b300000, 0x000000008b300000, 0x000000008b400000|  0%| F|  |TAMS 0x000000008b300000, 0x000000008b300000| Untracked 
| 180|0x000000008b400000, 0x000000008b400000, 0x000000008b500000|  0%| F|  |TAMS 0x000000008b400000, 0x000000008b400000| Untracked 
| 181|0x000000008b500000, 0x000000008b500000, 0x000000008b600000|  0%| F|  |TAMS 0x000000008b500000, 0x000000008b500000| Untracked 
| 182|0x000000008b600000, 0x000000008b600000, 0x000000008b700000|  0%| F|  |TAMS 0x000000008b600000, 0x000000008b600000| Untracked 
| 183|0x000000008b700000, 0x000000008b700000, 0x000000008b800000|  0%| F|  |TAMS 0x000000008b700000, 0x000000008b700000| Untracked 
| 184|0x000000008b800000, 0x000000008b800000, 0x000000008b900000|  0%| F|  |TAMS 0x000000008b800000, 0x000000008b800000| Untracked 
| 185|0x000000008b900000, 0x000000008b900000, 0x000000008ba00000|  0%| F|  |TAMS 0x000000008b900000, 0x000000008b900000| Untracked 
| 186|0x000000008ba00000, 0x000000008ba00000, 0x000000008bb00000|  0%| F|  |TAMS 0x000000008ba00000, 0x000000008ba00000| Untracked 
| 187|0x000000008bb00000, 0x000000008bb00000, 0x000000008bc00000|  0%| F|  |TAMS 0x000000008bb00000, 0x000000008bb00000| Untracked 
| 188|0x000000008bc00000, 0x000000008bc00000, 0x000000008bd00000|  0%| F|  |TAMS 0x000000008bc00000, 0x000000008bc00000| Untracked 
| 189|0x000000008bd00000, 0x000000008bd00000, 0x000000008be00000|  0%| F|  |TAMS 0x000000008bd00000, 0x000000008bd00000| Untracked 
| 190|0x000000008be00000, 0x000000008be00000, 0x000000008bf00000|  0%| F|  |TAMS 0x000000008be00000, 0x000000008be00000| Untracked 
| 191|0x000000008bf00000, 0x000000008bf00000, 0x000000008c000000|  0%| F|  |TAMS 0x000000008bf00000, 0x000000008bf00000| Untracked 
| 192|0x000000008c000000, 0x000000008c000000, 0x000000008c100000|  0%| F|  |TAMS 0x000000008c000000, 0x000000008c000000| Untracked 
| 193|0x000000008c100000, 0x000000008c100000, 0x000000008c200000|  0%| F|  |TAMS 0x000000008c100000, 0x000000008c100000| Untracked 
| 194|0x000000008c200000, 0x000000008c200000, 0x000000008c300000|  0%| F|  |TAMS 0x000000008c200000, 0x000000008c200000| Untracked 
| 195|0x000000008c300000, 0x000000008c300000, 0x000000008c400000|  0%| F|  |TAMS 0x000000008c300000, 0x000000008c300000| Untracked 
| 196|0x000000008c400000, 0x000000008c400000, 0x000000008c500000|  0%| F|  |TAMS 0x000000008c400000, 0x000000008c400000| Untracked 
| 197|0x000000008c500000, 0x000000008c500000, 0x000000008c600000|  0%| F|  |TAMS 0x000000008c500000, 0x000000008c500000| Untracked 
| 198|0x000000008c600000, 0x000000008c600000, 0x000000008c700000|  0%| F|  |TAMS 0x000000008c600000, 0x000000008c600000| Untracked 
| 199|0x000000008c700000, 0x000000008c700000, 0x000000008c800000|  0%| F|  |TAMS 0x000000008c700000, 0x000000008c700000| Untracked 
| 200|0x000000008c800000, 0x000000008c800000, 0x000000008c900000|  0%| F|  |TAMS 0x000000008c800000, 0x000000008c800000| Untracked 
| 201|0x000000008c900000, 0x000000008c900000, 0x000000008ca00000|  0%| F|  |TAMS 0x000000008c900000, 0x000000008c900000| Untracked 
| 202|0x000000008ca00000, 0x000000008ca00000, 0x000000008cb00000|  0%| F|  |TAMS 0x000000008ca00000, 0x000000008ca00000| Untracked 
| 203|0x000000008cb00000, 0x000000008cb00000, 0x000000008cc00000|  0%| F|  |TAMS 0x000000008cb00000, 0x000000008cb00000| Untracked 
| 204|0x000000008cc00000, 0x000000008cc00000, 0x000000008cd00000|  0%| F|  |TAMS 0x000000008cc00000, 0x000000008cc00000| Untracked 
| 205|0x000000008cd00000, 0x000000008cd00000, 0x000000008ce00000|  0%| F|  |TAMS 0x000000008cd00000, 0x000000008cd00000| Untracked 
| 206|0x000000008ce00000, 0x000000008ce00000, 0x000000008cf00000|  0%| F|  |TAMS 0x000000008ce00000, 0x000000008ce00000| Untracked 
| 207|0x000000008cf00000, 0x000000008cf00000, 0x000000008d000000|  0%| F|  |TAMS 0x000000008cf00000, 0x000000008cf00000| Untracked 
| 208|0x000000008d000000, 0x000000008d000000, 0x000000008d100000|  0%| F|  |TAMS 0x000000008d000000, 0x000000008d000000| Untracked 
| 209|0x000000008d100000, 0x000000008d100000, 0x000000008d200000|  0%| F|  |TAMS 0x000000008d100000, 0x000000008d100000| Untracked 
| 210|0x000000008d200000, 0x000000008d200000, 0x000000008d300000|  0%| F|  |TAMS 0x000000008d200000, 0x000000008d200000| Untracked 
| 211|0x000000008d300000, 0x000000008d300000, 0x000000008d400000|  0%| F|  |TAMS 0x000000008d300000, 0x000000008d300000| Untracked 
| 212|0x000000008d400000, 0x000000008d400000, 0x000000008d500000|  0%| F|  |TAMS 0x000000008d400000, 0x000000008d400000| Untracked 
| 213|0x000000008d500000, 0x000000008d500000, 0x000000008d600000|  0%| F|  |TAMS 0x000000008d500000, 0x000000008d500000| Untracked 
| 214|0x000000008d600000, 0x000000008d600000, 0x000000008d700000|  0%| F|  |TAMS 0x000000008d600000, 0x000000008d600000| Untracked 
| 215|0x000000008d700000, 0x000000008d700000, 0x000000008d800000|  0%| F|  |TAMS 0x000000008d700000, 0x000000008d700000| Untracked 
| 216|0x000000008d800000, 0x000000008d800000, 0x000000008d900000|  0%| F|  |TAMS 0x000000008d800000, 0x000000008d800000| Untracked 
| 217|0x000000008d900000, 0x000000008d900000, 0x000000008da00000|  0%| F|  |TAMS 0x000000008d900000, 0x000000008d900000| Untracked 
| 218|0x000000008da00000, 0x000000008da00000, 0x000000008db00000|  0%| F|  |TAMS 0x000000008da00000, 0x000000008da00000| Untracked 
| 219|0x000000008db00000, 0x000000008db00000, 0x000000008dc00000|  0%| F|  |TAMS 0x000000008db00000, 0x000000008db00000| Untracked 
| 220|0x000000008dc00000, 0x000000008dc00000, 0x000000008dd00000|  0%| F|  |TAMS 0x000000008dc00000, 0x000000008dc00000| Untracked 
| 221|0x000000008dd00000, 0x000000008dd00000, 0x000000008de00000|  0%| F|  |TAMS 0x000000008dd00000, 0x000000008dd00000| Untracked 
| 222|0x000000008de00000, 0x000000008de00000, 0x000000008df00000|  0%| F|  |TAMS 0x000000008de00000, 0x000000008de00000| Untracked 
| 223|0x000000008df00000, 0x000000008df00000, 0x000000008e000000|  0%| F|  |TAMS 0x000000008df00000, 0x000000008df00000| Untracked 
| 224|0x000000008e000000, 0x000000008e000000, 0x000000008e100000|  0%| F|  |TAMS 0x000000008e000000, 0x000000008e000000| Untracked 
| 225|0x000000008e100000, 0x000000008e100000, 0x000000008e200000|  0%| F|  |TAMS 0x000000008e100000, 0x000000008e100000| Untracked 
| 226|0x000000008e200000, 0x000000008e200000, 0x000000008e300000|  0%| F|  |TAMS 0x000000008e200000, 0x000000008e200000| Untracked 
| 227|0x000000008e300000, 0x000000008e300000, 0x000000008e400000|  0%| F|  |TAMS 0x000000008e300000, 0x000000008e300000| Untracked 
| 228|0x000000008e400000, 0x000000008e400000, 0x000000008e500000|  0%| F|  |TAMS 0x000000008e400000, 0x000000008e400000| Untracked 
| 229|0x000000008e500000, 0x000000008e500000, 0x000000008e600000|  0%| F|  |TAMS 0x000000008e500000, 0x000000008e500000| Untracked 
| 230|0x000000008e600000, 0x000000008e600000, 0x000000008e700000|  0%| F|  |TAMS 0x000000008e600000, 0x000000008e600000| Untracked 
| 231|0x000000008e700000, 0x000000008e700000, 0x000000008e800000|  0%| F|  |TAMS 0x000000008e700000, 0x000000008e700000| Untracked 
| 232|0x000000008e800000, 0x000000008e800000, 0x000000008e900000|  0%| F|  |TAMS 0x000000008e800000, 0x000000008e800000| Untracked 
| 233|0x000000008e900000, 0x000000008e900000, 0x000000008ea00000|  0%| F|  |TAMS 0x000000008e900000, 0x000000008e900000| Untracked 
| 234|0x000000008ea00000, 0x000000008ea00000, 0x000000008eb00000|  0%| F|  |TAMS 0x000000008ea00000, 0x000000008ea00000| Untracked 
| 235|0x000000008eb00000, 0x000000008eb00000, 0x000000008ec00000|  0%| F|  |TAMS 0x000000008eb00000, 0x000000008eb00000| Untracked 
| 236|0x000000008ec00000, 0x000000008ec00000, 0x000000008ed00000|  0%| F|  |TAMS 0x000000008ec00000, 0x000000008ec00000| Untracked 
| 237|0x000000008ed00000, 0x000000008ed00000, 0x000000008ee00000|  0%| F|  |TAMS 0x000000008ed00000, 0x000000008ed00000| Untracked 
| 238|0x000000008ee00000, 0x000000008ee00000, 0x000000008ef00000|  0%| F|  |TAMS 0x000000008ee00000, 0x000000008ee00000| Untracked 
| 239|0x000000008ef00000, 0x000000008ef00000, 0x000000008f000000|  0%| F|  |TAMS 0x000000008ef00000, 0x000000008ef00000| Untracked 
| 240|0x000000008f000000, 0x000000008f100000, 0x000000008f100000|100%| E|  |TAMS 0x000000008f000000, 0x000000008f000000| Complete 
| 241|0x000000008f100000, 0x000000008f200000, 0x000000008f200000|100%| E|CS|TAMS 0x000000008f100000, 0x000000008f100000| Complete 
| 242|0x000000008f200000, 0x000000008f300000, 0x000000008f300000|100%| E|CS|TAMS 0x000000008f200000, 0x000000008f200000| Complete 
| 243|0x000000008f300000, 0x000000008f400000, 0x000000008f400000|100%| E|CS|TAMS 0x000000008f300000, 0x000000008f300000| Complete 
| 244|0x000000008f400000, 0x000000008f500000, 0x000000008f500000|100%| E|CS|TAMS 0x000000008f400000, 0x000000008f400000| Complete 
| 245|0x000000008f500000, 0x000000008f600000, 0x000000008f600000|100%| E|CS|TAMS 0x000000008f500000, 0x000000008f500000| Complete 
| 246|0x000000008f600000, 0x000000008f700000, 0x000000008f700000|100%| E|CS|TAMS 0x000000008f600000, 0x000000008f600000| Complete 
| 247|0x000000008f700000, 0x000000008f800000, 0x000000008f800000|100%| E|CS|TAMS 0x000000008f700000, 0x000000008f700000| Complete 
| 248|0x000000008f800000, 0x000000008f900000, 0x000000008f900000|100%| E|CS|TAMS 0x000000008f800000, 0x000000008f800000| Complete 
| 249|0x000000008f900000, 0x000000008fa00000, 0x000000008fa00000|100%| E|CS|TAMS 0x000000008f900000, 0x000000008f900000| Complete 
| 250|0x000000008fa00000, 0x000000008fb00000, 0x000000008fb00000|100%| E|CS|TAMS 0x000000008fa00000, 0x000000008fa00000| Complete 
| 251|0x000000008fb00000, 0x000000008fc00000, 0x000000008fc00000|100%| E|CS|TAMS 0x000000008fb00000, 0x000000008fb00000| Complete 
| 252|0x000000008fc00000, 0x000000008fd00000, 0x000000008fd00000|100%| E|CS|TAMS 0x000000008fc00000, 0x000000008fc00000| Complete 
| 253|0x000000008fd00000, 0x000000008fe00000, 0x000000008fe00000|100%| E|CS|TAMS 0x000000008fd00000, 0x000000008fd00000| Complete 
| 254|0x000000008fe00000, 0x000000008ff00000, 0x000000008ff00000|100%| E|CS|TAMS 0x000000008fe00000, 0x000000008fe00000| Complete 
| 255|0x000000008ff00000, 0x0000000090000000, 0x0000000090000000|100%| E|CS|TAMS 0x000000008ff00000, 0x000000008ff00000| Complete 
| 256|0x0000000090000000, 0x0000000090100000, 0x0000000090100000|100%| E|CS|TAMS 0x0000000090000000, 0x0000000090000000| Complete 
| 257|0x0000000090100000, 0x0000000090200000, 0x0000000090200000|100%| E|CS|TAMS 0x0000000090100000, 0x0000000090100000| Complete 
| 258|0x0000000090200000, 0x0000000090300000, 0x0000000090300000|100%| E|CS|TAMS 0x0000000090200000, 0x0000000090200000| Complete 
| 259|0x0000000090300000, 0x0000000090400000, 0x0000000090400000|100%| E|CS|TAMS 0x0000000090300000, 0x0000000090300000| Complete 
| 260|0x0000000090400000, 0x0000000090500000, 0x0000000090500000|100%| E|CS|TAMS 0x0000000090400000, 0x0000000090400000| Complete 
| 261|0x0000000090500000, 0x0000000090600000, 0x0000000090600000|100%| E|CS|TAMS 0x0000000090500000, 0x0000000090500000| Complete 
| 262|0x0000000090600000, 0x0000000090700000, 0x0000000090700000|100%| E|CS|TAMS 0x0000000090600000, 0x0000000090600000| Complete 
| 263|0x0000000090700000, 0x0000000090800000, 0x0000000090800000|100%| E|CS|TAMS 0x0000000090700000, 0x0000000090700000| Complete 
| 264|0x0000000090800000, 0x0000000090900000, 0x0000000090900000|100%| E|CS|TAMS 0x0000000090800000, 0x0000000090800000| Complete 
| 265|0x0000000090900000, 0x0000000090a00000, 0x0000000090a00000|100%| E|CS|TAMS 0x0000000090900000, 0x0000000090900000| Complete 
| 266|0x0000000090a00000, 0x0000000090b00000, 0x0000000090b00000|100%| E|CS|TAMS 0x0000000090a00000, 0x0000000090a00000| Complete 
| 267|0x0000000090b00000, 0x0000000090c00000, 0x0000000090c00000|100%| E|CS|TAMS 0x0000000090b00000, 0x0000000090b00000| Complete 
| 268|0x0000000090c00000, 0x0000000090d00000, 0x0000000090d00000|100%| E|CS|TAMS 0x0000000090c00000, 0x0000000090c00000| Complete 
| 269|0x0000000090d00000, 0x0000000090e00000, 0x0000000090e00000|100%| E|CS|TAMS 0x0000000090d00000, 0x0000000090d00000| Complete 
| 270|0x0000000090e00000, 0x0000000090f00000, 0x0000000090f00000|100%| E|CS|TAMS 0x0000000090e00000, 0x0000000090e00000| Complete 
| 271|0x0000000090f00000, 0x0000000091000000, 0x0000000091000000|100%| E|CS|TAMS 0x0000000090f00000, 0x0000000090f00000| Complete 
| 272|0x0000000091000000, 0x0000000091100000, 0x0000000091100000|100%| E|CS|TAMS 0x0000000091000000, 0x0000000091000000| Complete 
| 273|0x0000000091100000, 0x0000000091200000, 0x0000000091200000|100%| E|CS|TAMS 0x0000000091100000, 0x0000000091100000| Complete 
| 274|0x0000000091200000, 0x0000000091300000, 0x0000000091300000|100%| E|CS|TAMS 0x0000000091200000, 0x0000000091200000| Complete 

Card table byte_map: [0x000001fa43b00000,0x000001fa43f00000] _byte_map_base: 0x000001fa43700000

Marking Bits (Prev, Next): (CMBitMap*) 0x000001fa298721d0, (CMBitMap*) 0x000001fa29872190
 Prev Bits: [0x000001fa46300000, 0x000001fa48300000)
 Next Bits: [0x000001fa44300000, 0x000001fa46300000)

Polling page: 0x000001fa298c0000

Metaspace:

Usage:
  Non-class:     79.07 MB used.
      Class:     12.85 MB used.
       Both:     91.92 MB used.

Virtual space:
  Non-class space:      128.00 MB reserved,      79.56 MB ( 62%) committed,  2 nodes.
      Class space:      416.00 MB reserved,      13.31 MB (  3%) committed,  1 nodes.
             Both:      544.00 MB reserved,      92.88 MB ( 17%) committed. 

Chunk freelists:
   Non-Class:  15.54 MB
       Class:  2.61 MB
        Both:  18.15 MB

MaxMetaspaceSize: 512.00 MB
CompressedClassSpaceSize: 416.00 MB
Initial GC threshold: 21.00 MB
Current GC threshold: 128.25 MB
CDS: on
MetaspaceReclaimPolicy: balanced
 - commit_granule_bytes: 65536.
 - commit_granule_words: 8192.
 - virtual_space_node_default_size: 8388608.
 - enlarge_chunks_in_place: 1.
 - new_chunks_are_fully_committed: 0.
 - uncommit_free_chunks: 1.
 - use_allocation_guard: 0.
 - handle_deallocations: 1.


Internal statistics:

num_allocs_failed_limit: 6.
num_arena_births: 1192.
num_arena_deaths: 0.
num_vsnodes_births: 3.
num_vsnodes_deaths: 0.
num_space_committed: 1486.
num_space_uncommitted: 0.
num_chunks_returned_to_freelist: 6.
num_chunks_taken_from_freelist: 5194.
num_chunk_merges: 6.
num_chunk_splits: 3413.
num_chunks_enlarged: 2261.
num_inconsistent_stats: 0.

CodeHeap 'non-profiled nmethods': size=120000Kb used=7101Kb max_used=7101Kb free=112898Kb
 bounds [0x000001fa3bba0000, 0x000001fa3c290000, 0x000001fa430d0000]
CodeHeap 'profiled nmethods': size=120000Kb used=21815Kb max_used=21815Kb free=98184Kb
 bounds [0x000001fa340d0000, 0x000001fa35620000, 0x000001fa3b600000]
CodeHeap 'non-nmethods': size=5760Kb used=2409Kb max_used=2454Kb free=3350Kb
 bounds [0x000001fa3b600000, 0x000001fa3b870000, 0x000001fa3bba0000]
 total_blobs=11644 nmethods=10703 adapters=853
 compilation: enabled
              stopped_count=0, restarted_count=0
 full_count=0

Compilation events (20 events):
Event: 78.154 Thread 0x000001fa6cc3aeb0 12094       4       org.gradle.internal.instantiation.generator.AbstractClassGenerator::isLazyAttachProperty (46 bytes)
Event: 78.220 Thread 0x000001fa6cc3aeb0 nmethod 12094 0x000001fa3c270990 code [0x000001fa3c270d20, 0x000001fa3c272b78]
Event: 78.254 Thread 0x000001fa6cc3aeb0 12095       4       java.util.ArrayList::<init> (63 bytes)
Event: 78.257 Thread 0x000001fa6cc3aeb0 nmethod 12095 0x000001fa3c274310 code [0x000001fa3c2744a0, 0x000001fa3c2748b8]
Event: 78.276 Thread 0x000001fa4a82ead0 nmethod 12071% 0x000001fa3c274a10 code [0x000001fa3c274ec0, 0x000001fa3c27a2b0]
Event: 78.278 Thread 0x000001fa4a82ead0 12096       4       org.gradle.api.internal.DefaultCollectionCallbackActionDecorator$Operation::description (20 bytes)
Event: 78.278 Thread 0x000001fa4a831750 12097       3       java.lang.Class::asSubclass (22 bytes)
Event: 78.279 Thread 0x000001fa4a831750 nmethod 12097 0x000001fa35617790 code [0x000001fa35617960, 0x000001fa35617be8]
Event: 78.279 Thread 0x000001fa4a82ead0 nmethod 12096 0x000001fa3c27eb10 code [0x000001fa3c27eca0, 0x000001fa3c27ee78]
Event: 78.288 Thread 0x000001fa4a82ead0 12098       4       org.gradle.internal.instantiation.generator.AbstractClassGenerator::inspectType (560 bytes)
Event: 78.289 Thread 0x000001fa6cc3aeb0 12099       4       org.gradle.internal.instantiation.generator.AbstractClassGenerator::isPropertyType (33 bytes)
Event: 78.290 Thread 0x000001fa6cc3aeb0 nmethod 12099 0x000001fa3c27ef90 code [0x000001fa3c27f120, 0x000001fa3c27f2b8]
Event: 78.305 Thread 0x000001fa4a831750 12100   !   3       org.gradle.internal.classloader.TransformingClassLoader::findClass (203 bytes)
Event: 78.307 Thread 0x000001fa4a831750 nmethod 12100 0x000001fa35617d10 code [0x000001fa35618220, 0x000001fa3561a898]
Event: 78.310 Thread 0x000001fa6cc3aeb0 12101       4       org.gradle.api.internal.project.taskfactory.DefaultTaskClassInfoStore::createTaskAction (187 bytes)
Event: 78.318 Thread 0x000001fa6cc3aeb0 nmethod 12101 0x000001fa3c27f390 code [0x000001fa3c27f5a0, 0x000001fa3c27fc20]
Event: 78.321 Thread 0x000001fa6cc3aeb0 12102       4       java.net.URLClassLoader$1::run (5 bytes)
Event: 78.510 Thread 0x000001fa6cc3aeb0 nmethod 12102 0x000001fa3c280290 code [0x000001fa3c2807e0, 0x000001fa3c284fb0]
Event: 78.562 Thread 0x000001fa6cc3aeb0 12103       4       java.util.concurrent.locks.ReentrantLock::lockInterruptibly (8 bytes)
Event: 78.568 Thread 0x000001fa6cc3aeb0 nmethod 12103 0x000001fa3c288390 code [0x000001fa3c288540, 0x000001fa3c2889a8]

GC Heap History (20 events):
Event: 45.953 GC heap before
{Heap before GC invocations=48 (full 0):
 garbage-first heap   total 156672K, used 85380K [0x0000000080000000, 0x0000000100000000)
  region size 1024K, 7 young (7168K), 5 survivors (5120K)
 Metaspace       used 72458K, committed 73152K, reserved 491520K
  class space    used 10048K, committed 10368K, reserved 425984K
}
Event: 45.957 GC heap after
{Heap after GC invocations=49 (full 0):
 garbage-first heap   total 156672K, used 83406K [0x0000000080000000, 0x0000000100000000)
  region size 1024K, 1 young (1024K), 1 survivors (1024K)
 Metaspace       used 72458K, committed 73152K, reserved 491520K
  class space    used 10048K, committed 10368K, reserved 425984K
}
Event: 46.734 GC heap before
{Heap before GC invocations=49 (full 0):
 garbage-first heap   total 156672K, used 116174K [0x0000000080000000, 0x0000000100000000)
  region size 1024K, 33 young (33792K), 1 survivors (1024K)
 Metaspace       used 74765K, committed 75520K, reserved 491520K
  class space    used 10341K, committed 10688K, reserved 425984K
}
Event: 46.739 GC heap after
{Heap after GC invocations=50 (full 0):
 garbage-first heap   total 156672K, used 84817K [0x0000000080000000, 0x0000000100000000)
  region size 1024K, 2 young (2048K), 2 survivors (2048K)
 Metaspace       used 74765K, committed 75520K, reserved 491520K
  class space    used 10341K, committed 10688K, reserved 425984K
}
Event: 47.511 GC heap before
{Heap before GC invocations=51 (full 0):
 garbage-first heap   total 156672K, used 118609K [0x0000000080000000, 0x0000000100000000)
  region size 1024K, 35 young (35840K), 2 survivors (2048K)
 Metaspace       used 77412K, committed 78144K, reserved 557056K
  class space    used 10679K, committed 11008K, reserved 425984K
}
Event: 47.515 GC heap after
{Heap after GC invocations=52 (full 0):
 garbage-first heap   total 156672K, used 86254K [0x0000000080000000, 0x0000000100000000)
  region size 1024K, 4 young (4096K), 4 survivors (4096K)
 Metaspace       used 77412K, committed 78144K, reserved 557056K
  class space    used 10679K, committed 11008K, reserved 425984K
}
Event: 47.566 GC heap before
{Heap before GC invocations=52 (full 0):
 garbage-first heap   total 156672K, used 89326K [0x0000000080000000, 0x0000000100000000)
  region size 1024K, 7 young (7168K), 4 survivors (4096K)
 Metaspace       used 77525K, committed 78208K, reserved 557056K
  class space    used 10694K, committed 11008K, reserved 425984K
}
Event: 47.569 GC heap after
{Heap after GC invocations=53 (full 0):
 garbage-first heap   total 156672K, used 86408K [0x0000000080000000, 0x0000000100000000)
  region size 1024K, 1 young (1024K), 1 survivors (1024K)
 Metaspace       used 77525K, committed 78208K, reserved 557056K
  class space    used 10694K, committed 11008K, reserved 425984K
}
Event: 49.214 GC heap before
{Heap before GC invocations=53 (full 0):
 garbage-first heap   total 156672K, used 122248K [0x0000000080000000, 0x0000000100000000)
  region size 1024K, 36 young (36864K), 1 survivors (1024K)
 Metaspace       used 78019K, committed 78784K, reserved 557056K
  class space    used 10778K, committed 11136K, reserved 425984K
}
Event: 49.218 GC heap after
{Heap after GC invocations=54 (full 0):
 garbage-first heap   total 156672K, used 88837K [0x0000000080000000, 0x0000000100000000)
  region size 1024K, 3 young (3072K), 3 survivors (3072K)
 Metaspace       used 78019K, committed 78784K, reserved 557056K
  class space    used 10778K, committed 11136K, reserved 425984K
}
Event: 62.813 GC heap before
{Heap before GC invocations=55 (full 0):
 garbage-first heap   total 156672K, used 124677K [0x0000000080000000, 0x0000000100000000)
  region size 1024K, 38 young (38912K), 3 survivors (3072K)
 Metaspace       used 79873K, committed 80576K, reserved 557056K
  class space    used 11036K, committed 11392K, reserved 425984K
}
Event: 62.820 GC heap after
{Heap after GC invocations=56 (full 0):
 garbage-first heap   total 156672K, used 91111K [0x0000000080000000, 0x0000000100000000)
  region size 1024K, 3 young (3072K), 3 survivors (3072K)
 Metaspace       used 79873K, committed 80576K, reserved 557056K
  class space    used 11036K, committed 11392K, reserved 425984K
}
Event: 62.863 GC heap before
{Heap before GC invocations=56 (full 0):
 garbage-first heap   total 156672K, used 95207K [0x0000000080000000, 0x0000000100000000)
  region size 1024K, 7 young (7168K), 3 survivors (3072K)
 Metaspace       used 80091K, committed 80768K, reserved 557056K
  class space    used 11071K, committed 11392K, reserved 425984K
}
Event: 62.867 GC heap after
{Heap after GC invocations=57 (full 0):
 garbage-first heap   total 156672K, used 91227K [0x0000000080000000, 0x0000000100000000)
  region size 1024K, 1 young (1024K), 1 survivors (1024K)
 Metaspace       used 80091K, committed 80768K, reserved 557056K
  class space    used 11071K, committed 11392K, reserved 425984K
}
Event: 63.424 GC heap before
{Heap before GC invocations=57 (full 0):
 garbage-first heap   total 156672K, used 127067K [0x0000000080000000, 0x0000000100000000)
  region size 1024K, 35 young (35840K), 1 survivors (1024K)
 Metaspace       used 82408K, committed 83136K, reserved 557056K
  class space    used 11418K, committed 11776K, reserved 425984K
}
Event: 63.428 GC heap after
{Heap after GC invocations=58 (full 0):
 garbage-first heap   total 281600K, used 92082K [0x0000000080000000, 0x0000000100000000)
  region size 1024K, 2 young (2048K), 2 survivors (2048K)
 Metaspace       used 82408K, committed 83136K, reserved 557056K
  class space    used 11418K, committed 11776K, reserved 425984K
}
Event: 68.127 GC heap before
{Heap before GC invocations=58 (full 0):
 garbage-first heap   total 281600K, used 220082K [0x0000000080000000, 0x0000000100000000)
  region size 1024K, 124 young (126976K), 2 survivors (2048K)
 Metaspace       used 89899K, committed 90752K, reserved 557056K
  class space    used 12562K, committed 12992K, reserved 425984K
}
Event: 68.146 GC heap after
{Heap after GC invocations=59 (full 0):
 garbage-first heap   total 281600K, used 111123K [0x0000000080000000, 0x0000000100000000)
  region size 1024K, 16 young (16384K), 16 survivors (16384K)
 Metaspace       used 89899K, committed 90752K, reserved 557056K
  class space    used 12562K, committed 12992K, reserved 425984K
}
Event: 77.033 GC heap before
{Heap before GC invocations=59 (full 0):
 garbage-first heap   total 281600K, used 223763K [0x0000000080000000, 0x0000000100000000)
  region size 1024K, 120 young (122880K), 16 survivors (16384K)
 Metaspace       used 91816K, committed 92800K, reserved 557056K
  class space    used 12848K, committed 13312K, reserved 425984K
}
Event: 77.057 GC heap after
{Heap after GC invocations=60 (full 0):
 garbage-first heap   total 281600K, used 136841K [0x0000000080000000, 0x0000000100000000)
  region size 1024K, 15 young (15360K), 15 survivors (15360K)
 Metaspace       used 91816K, committed 92800K, reserved 557056K
  class space    used 12848K, committed 13312K, reserved 425984K
}

Dll operation events (15 events):
Event: 0.046 Loaded shared library C:\Program Files\OpenLogic\jdk-17.0.10.7-hotspot\bin\java.dll
Event: 0.068 Loaded shared library C:\Program Files\OpenLogic\jdk-17.0.10.7-hotspot\bin\jsvml.dll
Event: 0.162 Loaded shared library C:\Program Files\OpenLogic\jdk-17.0.10.7-hotspot\bin\zip.dll
Event: 0.166 Loaded shared library C:\Program Files\OpenLogic\jdk-17.0.10.7-hotspot\bin\instrument.dll
Event: 0.176 Loaded shared library C:\Program Files\OpenLogic\jdk-17.0.10.7-hotspot\bin\net.dll
Event: 0.180 Loaded shared library C:\Program Files\OpenLogic\jdk-17.0.10.7-hotspot\bin\nio.dll
Event: 0.186 Loaded shared library C:\Program Files\OpenLogic\jdk-17.0.10.7-hotspot\bin\zip.dll
Event: 0.533 Loaded shared library C:\Program Files\OpenLogic\jdk-17.0.10.7-hotspot\bin\jimage.dll
Event: 0.713 Loaded shared library C:\Program Files\OpenLogic\jdk-17.0.10.7-hotspot\bin\verify.dll
Event: 1.088 Loaded shared library C:\Users\MAHE\.gradle\native\68d5fa5c4cc2d200863cafc0d521ce42e7d3e7ee720ec0a83991735586a16f82\windows-amd64\native-platform.dll
Event: 1.166 Loaded shared library C:\Users\MAHE\.gradle\native\e376f236ea51e6404a007f0833ffe2c6e607c4080706a723a18a27aeea778392\windows-amd64\native-platform-file-events.dll
Event: 3.495 Loaded shared library C:\Program Files\OpenLogic\jdk-17.0.10.7-hotspot\bin\management.dll
Event: 3.501 Loaded shared library C:\Program Files\OpenLogic\jdk-17.0.10.7-hotspot\bin\management_ext.dll
Event: 3.846 Loaded shared library C:\Program Files\OpenLogic\jdk-17.0.10.7-hotspot\bin\extnet.dll
Event: 4.164 Loaded shared library C:\Program Files\OpenLogic\jdk-17.0.10.7-hotspot\bin\sunmscapi.dll

Deoptimization events (20 events):
Event: 78.064 Thread 0x000001fa6b80af80 Uncommon trap: trap_request=0xffffffc6 fr.pc=0x000001fa3c186114 relative=0x0000000000000334
Event: 78.064 Thread 0x000001fa6b80af80 Uncommon trap: reason=bimorphic_or_optimized_type_check action=maybe_recompile pc=0x000001fa3c186114 method=org.gradle.internal.ImmutableActionSet.add(Lorg/gradle/api/Action;)Lorg/gradle/internal/ImmutableActionSet; @ 83 c2
Event: 78.064 Thread 0x000001fa6b80af80 DEOPT PACKING pc=0x000001fa3c186114 sp=0x0000007fe26f6cf0
Event: 78.064 Thread 0x000001fa6b80af80 DEOPT UNPACKING pc=0x000001fa3b6569a3 sp=0x0000007fe26f6c80 mode 2
Event: 78.078 Thread 0x000001fa6b80af80 Uncommon trap: trap_request=0xffffffc6 fr.pc=0x000001fa3c186114 relative=0x0000000000000334
Event: 78.078 Thread 0x000001fa6b80af80 Uncommon trap: reason=bimorphic_or_optimized_type_check action=maybe_recompile pc=0x000001fa3c186114 method=org.gradle.internal.ImmutableActionSet.add(Lorg/gradle/api/Action;)Lorg/gradle/internal/ImmutableActionSet; @ 83 c2
Event: 78.078 Thread 0x000001fa6b80af80 DEOPT PACKING pc=0x000001fa3c186114 sp=0x0000007fe26f6cf0
Event: 78.078 Thread 0x000001fa6b80af80 DEOPT UNPACKING pc=0x000001fa3b6569a3 sp=0x0000007fe26f6c80 mode 2
Event: 78.139 Thread 0x000001fa6b80af80 Uncommon trap: trap_request=0xffffffc6 fr.pc=0x000001fa3c186114 relative=0x0000000000000334
Event: 78.139 Thread 0x000001fa6b80af80 Uncommon trap: reason=bimorphic_or_optimized_type_check action=maybe_recompile pc=0x000001fa3c186114 method=org.gradle.internal.ImmutableActionSet.add(Lorg/gradle/api/Action;)Lorg/gradle/internal/ImmutableActionSet; @ 83 c2
Event: 78.139 Thread 0x000001fa6b80af80 DEOPT PACKING pc=0x000001fa3c186114 sp=0x0000007fe26f6cf0
Event: 78.139 Thread 0x000001fa6b80af80 DEOPT UNPACKING pc=0x000001fa3b6569a3 sp=0x0000007fe26f6c80 mode 2
Event: 78.259 Thread 0x000001fa6b80af80 Uncommon trap: trap_request=0xffffffc6 fr.pc=0x000001fa3c186114 relative=0x0000000000000334
Event: 78.259 Thread 0x000001fa6b80af80 Uncommon trap: reason=bimorphic_or_optimized_type_check action=maybe_recompile pc=0x000001fa3c186114 method=org.gradle.internal.ImmutableActionSet.add(Lorg/gradle/api/Action;)Lorg/gradle/internal/ImmutableActionSet; @ 83 c2
Event: 78.259 Thread 0x000001fa6b80af80 DEOPT PACKING pc=0x000001fa3c186114 sp=0x0000007fe26f6cf0
Event: 78.259 Thread 0x000001fa6b80af80 DEOPT UNPACKING pc=0x000001fa3b6569a3 sp=0x0000007fe26f6c80 mode 2
Event: 78.261 Thread 0x000001fa6b80af80 Uncommon trap: trap_request=0xfffffff4 fr.pc=0x000001fa3c270868 relative=0x00000000000000e8
Event: 78.261 Thread 0x000001fa6b80af80 Uncommon trap: reason=null_check action=make_not_entrant pc=0x000001fa3c270868 method=org.gradle.internal.instantiation.generator.AbstractClassGenerator.isPropertyType(Ljava/lang/Class;)Z @ 3 c2
Event: 78.261 Thread 0x000001fa6b80af80 DEOPT PACKING pc=0x000001fa3c270868 sp=0x0000007fe26f61b0
Event: 78.261 Thread 0x000001fa6b80af80 DEOPT UNPACKING pc=0x000001fa3b6569a3 sp=0x0000007fe26f6140 mode 2

Classes unloaded (0 events):
No events

Classes redefined (0 events):
No events

Internal exceptions (20 events):
Event: 76.969 Thread 0x000001fa6b80af80 Exception <a 'java/lang/ClassNotFoundException'{0x000000008ade1740}: org/gradle/api/tasks/compile/JavaCompileBeanInfo> (0x000000008ade1740) 
thrown [s\src\hotspot\share\classfile\systemDictionary.cpp, line 256]
Event: 76.970 Thread 0x000001fa6b80af80 Exception <a 'java/lang/ClassNotFoundException'{0x000000008adf2390}: org/gradle/api/tasks/compile/AbstractCompileBeanInfo> (0x000000008adf2390) 
thrown [s\src\hotspot\share\classfile\systemDictionary.cpp, line 256]
Event: 76.970 Thread 0x000001fa6b80af80 Exception <a 'java/lang/ClassNotFoundException'{0x000000008ac00528}: org/gradle/api/tasks/SourceTaskBeanInfo> (0x000000008ac00528) 
thrown [s\src\hotspot\share\classfile\systemDictionary.cpp, line 256]
Event: 76.970 Thread 0x000001fa6b80af80 Exception <a 'java/lang/ClassNotFoundException'{0x000000008ac0e6a8}: org/gradle/api/tasks/SourceTaskCustomizer> (0x000000008ac0e6a8) 
thrown [s\src\hotspot\share\classfile\systemDictionary.cpp, line 256]
Event: 76.971 Thread 0x000001fa6b80af80 Exception <a 'java/lang/ClassNotFoundException'{0x000000008ac428d0}: org/gradle/api/tasks/compile/AbstractCompileCustomizer> (0x000000008ac428d0) 
thrown [s\src\hotspot\share\classfile\systemDictionary.cpp, line 256]
Event: 76.972 Thread 0x000001fa6b80af80 Exception <a 'java/lang/ClassNotFoundException'{0x000000008ac6b6c8}: org/gradle/api/tasks/compile/JavaCompileCustomizer> (0x000000008ac6b6c8) 
thrown [s\src\hotspot\share\classfile\systemDictionary.cpp, line 256]
Event: 76.973 Thread 0x000001fa6b80af80 Exception <a 'java/lang/ClassNotFoundException'{0x000000008ac95140}: org/gradle/api/tasks/compile/JavaCompile_DecoratedCustomizer> (0x000000008ac95140) 
thrown [s\src\hotspot\share\classfile\systemDictionary.cpp, line 256]
Event: 77.156 Thread 0x000001fa6b80af80 Exception <a 'sun/nio/fs/WindowsException'{0x0000000090f41ba0}> (0x0000000090f41ba0) 
thrown [s\src\hotspot\share\prims\jni.cpp, line 516]
Event: 77.200 Thread 0x000001fa6b80af80 Exception <a 'java/lang/NoSuchMethodError'{0x0000000090dacfb0}: 'java.lang.Object java.lang.invoke.Invokers$Holder.invoker(java.lang.Object, java.lang.Object, java.lang.Object, java.lang.Object, java.lang.Object, java.lang.Object)'> (0x0000000090dacfb0) 
thrown [s\src\hotspot\share\interpreter\linkResolver.cpp, line 759]
Event: 77.201 Thread 0x000001fa6b80af80 Implicit null exception at 0x000001fa3bbf2cba to 0x000001fa3bbf2ed4
Event: 77.203 Thread 0x000001fa6b80af80 Exception <a 'java/lang/NoSuchMethodError'{0x0000000090db80c8}: 'int java.lang.invoke.DirectMethodHandle$Holder.invokeStatic(java.lang.Object, java.lang.Object, int)'> (0x0000000090db80c8) 
thrown [s\src\hotspot\share\interpreter\linkResolver.cpp, line 759]
Event: 77.204 Thread 0x000001fa6b80af80 Exception <a 'java/lang/NoSuchMethodError'{0x0000000090dbce78}: 'int java.lang.invoke.DirectMethodHandle$Holder.invokeSpecial(java.lang.Object, java.lang.Object, java.lang.Object, int)'> (0x0000000090dbce78) 
thrown [s\src\hotspot\share\interpreter\linkResolver.cpp, line 759]
Event: 77.205 Thread 0x000001fa6b80af80 Exception <a 'java/lang/NoSuchMethodError'{0x0000000090dd22f0}: 'java.lang.Object java.lang.invoke.DirectMethodHandle$Holder.invokeSpecial(java.lang.Object, java.lang.Object, java.lang.Object, java.lang.Object, int, java.lang.Object)'> (0x0000000090dd22f0) 
thrown [s\src\hotspot\share\interpreter\linkResolver.cpp, line 759]
Event: 77.277 Thread 0x000001fa6b80af80 Exception <a 'sun/nio/fs/WindowsException'{0x0000000090c84bd8}> (0x0000000090c84bd8) 
thrown [s\src\hotspot\share\prims\jni.cpp, line 516]
Event: 77.394 Thread 0x000001fa6b80af80 Exception <a 'java/lang/NoSuchMethodError'{0x0000000090786948}: 'java.lang.Object java.lang.invoke.DirectMethodHandle$Holder.invokeSpecial(java.lang.Object, java.lang.Object, java.lang.Object, java.lang.Object, long)'> (0x0000000090786948) 
thrown [s\src\hotspot\share\interpreter\linkResolver.cpp, line 759]
Event: 77.394 Thread 0x000001fa6b80af80 Exception <a 'java/lang/NoSuchMethodError'{0x000000009078b218}: 'java.lang.Object java.lang.invoke.Invokers$Holder.linkToTargetMethod(java.lang.Object, java.lang.Object, long, java.lang.Object)'> (0x000000009078b218) 
thrown [s\src\hotspot\share\interpreter\linkResolver.cpp, line 759]
Event: 77.414 Thread 0x000001fa6b80af80 Exception <a 'sun/nio/fs/WindowsException'{0x000000009062b860}> (0x000000009062b860) 
thrown [s\src\hotspot\share\prims\jni.cpp, line 516]
Event: 77.601 Thread 0x000001fa6b80af80 Exception <a 'sun/nio/fs/WindowsException'{0x00000000900e8b98}> (0x00000000900e8b98) 
thrown [s\src\hotspot\share\prims\jni.cpp, line 516]
Event: 77.765 Thread 0x000001fa6b80af80 Exception <a 'java/lang/NoSuchMethodError'{0x000000008fbd1030}: 'java.lang.Object java.lang.invoke.Invokers$Holder.invokeExact_MT(java.lang.Object, java.lang.Object, java.lang.Object, int, java.lang.Object, java.lang.Object)'> (0x000000008fbd1030) 
thrown [s\src\hotspot\share\interpreter\linkResolver.cpp, line 759]
Event: 78.261 Thread 0x000001fa6b80af80 Implicit null exception at 0x000001fa3c270790 to 0x000001fa3c270858

VM Operations (20 events):
Event: 73.053 Executing VM operation: ICBufferFull
Event: 73.053 Executing VM operation: ICBufferFull done
Event: 74.057 Executing VM operation: Cleanup
Event: 74.057 Executing VM operation: Cleanup done
Event: 75.071 Executing VM operation: Cleanup
Event: 75.071 Executing VM operation: Cleanup done
Event: 76.087 Executing VM operation: Cleanup
Event: 76.087 Executing VM operation: Cleanup done
Event: 76.565 Executing VM operation: HandshakeAllThreads
Event: 76.566 Executing VM operation: HandshakeAllThreads done
Event: 77.033 Executing VM operation: G1CollectForAllocation
Event: 77.057 Executing VM operation: G1CollectForAllocation done
Event: 77.285 Executing VM operation: HandshakeAllThreads
Event: 77.285 Executing VM operation: HandshakeAllThreads done
Event: 77.877 Executing VM operation: HandshakeAllThreads
Event: 77.877 Executing VM operation: HandshakeAllThreads done
Event: 78.058 Executing VM operation: HandshakeAllThreads
Event: 78.059 Executing VM operation: HandshakeAllThreads done
Event: 78.059 Executing VM operation: Cleanup
Event: 78.059 Executing VM operation: Cleanup done

Events (20 events):
Event: 77.204 loading class java/lang/invoke/BoundMethodHandle$Species_LI
Event: 77.204 loading class java/lang/invoke/BoundMethodHandle$Species_LI done
Event: 77.263 loading class jdk/internal/reflect/UnsafeIntegerFieldAccessorImpl
Event: 77.263 loading class jdk/internal/reflect/UnsafeIntegerFieldAccessorImpl done
Event: 77.264 loading class jdk/internal/reflect/UnsafeByteFieldAccessorImpl
Event: 77.264 loading class jdk/internal/reflect/UnsafeByteFieldAccessorImpl done
Event: 77.269 loading class jdk/internal/reflect/UnsafeQualifiedIntegerFieldAccessorImpl
Event: 77.270 loading class jdk/internal/reflect/UnsafeQualifiedIntegerFieldAccessorImpl done
Event: 77.294 loading class jdk/internal/reflect/UnsafeQualifiedBooleanFieldAccessorImpl
Event: 77.296 loading class jdk/internal/reflect/UnsafeQualifiedBooleanFieldAccessorImpl done
Event: 77.367 Thread 0x000001fa6e570540 Thread exited: 0x000001fa6e570540
Event: 77.688 Thread 0x000001fa6cc3aeb0 Thread added: 0x000001fa6cc3aeb0
Event: 78.032 loading class java/util/AbstractList$RandomAccessSubList
Event: 78.033 loading class java/util/AbstractList$SubList
Event: 78.054 loading class java/util/AbstractList$SubList done
Event: 78.057 loading class java/util/AbstractList$RandomAccessSubList done
Event: 78.057 loading class java/util/AbstractList$SubList$1
Event: 78.057 loading class java/util/AbstractList$SubList$1 done
Event: 78.057 loading class java/util/AbstractList$ListItr
Event: 78.057 loading class java/util/AbstractList$ListItr done


Dynamic libraries:
0x00007ff69eaf0000 - 0x00007ff69eafe000 	C:\Program Files\OpenLogic\jdk-17.0.10.7-hotspot\bin\java.exe
0x00007ff8fb890000 - 0x00007ff8fbaa6000 	C:\Windows\SYSTEM32\ntdll.dll
0x00007ff8fb6a0000 - 0x00007ff8fb764000 	C:\Windows\System32\KERNEL32.DLL
0x00007ff8f8f00000 - 0x00007ff8f92a7000 	C:\Windows\System32\KERNELBASE.dll
0x00007ff8f89b0000 - 0x00007ff8f8ad0000 	C:\Windows\system32\hmpalert.dll
0x00007ff8f8bb0000 - 0x00007ff8f8cc1000 	C:\Windows\System32\ucrtbase.dll
0x00007ff8d8ae0000 - 0x00007ff8d8afb000 	C:\Program Files\OpenLogic\jdk-17.0.10.7-hotspot\bin\VCRUNTIME140.dll
0x00007ff8decf0000 - 0x00007ff8ded07000 	C:\Program Files\OpenLogic\jdk-17.0.10.7-hotspot\bin\jli.dll
0x00007ff8fab30000 - 0x00007ff8facde000 	C:\Windows\System32\USER32.dll
0x00007ff8f9510000 - 0x00007ff8f9536000 	C:\Windows\System32\win32u.dll
0x00007ff8f9b40000 - 0x00007ff8f9b69000 	C:\Windows\System32\GDI32.dll
0x00007ff8f9380000 - 0x00007ff8f9499000 	C:\Windows\System32\gdi32full.dll
0x00007ff8f92e0000 - 0x00007ff8f937a000 	C:\Windows\System32\msvcp_win.dll
0x00007ff8ef460000 - 0x00007ff8ef6f3000 	C:\Windows\WinSxS\amd64_microsoft.windows.common-controls_6595b64144ccf1df_6.0.22621.3235_none_270f74e173860f98\COMCTL32.dll
0x00007ff8face0000 - 0x00007ff8fad87000 	C:\Windows\System32\msvcrt.dll
0x00007ff8fb7f0000 - 0x00007ff8fb821000 	C:\Windows\System32\IMM32.DLL
0x00007ff8dbb80000 - 0x00007ff8dbb8c000 	C:\Program Files\OpenLogic\jdk-17.0.10.7-hotspot\bin\vcruntime140_1.dll
0x00007ff894830000 - 0x00007ff8948bd000 	C:\Program Files\OpenLogic\jdk-17.0.10.7-hotspot\bin\msvcp140.dll
0x00007ff878a00000 - 0x00007ff879662000 	C:\Program Files\OpenLogic\jdk-17.0.10.7-hotspot\bin\server\jvm.dll
0x00007ff8f9a70000 - 0x00007ff8f9b22000 	C:\Windows\System32\ADVAPI32.dll
0x00007ff8fb5f0000 - 0x00007ff8fb698000 	C:\Windows\System32\sechost.dll
0x00007ff8f92b0000 - 0x00007ff8f92d8000 	C:\Windows\System32\bcrypt.dll
0x00007ff8f9bf0000 - 0x00007ff8f9d05000 	C:\Windows\System32\RPCRT4.dll
0x00007ff8d8ad0000 - 0x00007ff8d8ad9000 	C:\Windows\SYSTEM32\WSOCK32.dll
0x00007ff8f9fb0000 - 0x00007ff8fa021000 	C:\Windows\System32\WS2_32.dll
0x00007ff8f4040000 - 0x00007ff8f404a000 	C:\Windows\SYSTEM32\VERSION.dll
0x00007ff8f87b0000 - 0x00007ff8f87fd000 	C:\Windows\SYSTEM32\POWRPROF.dll
0x00007ff8e8730000 - 0x00007ff8e8764000 	C:\Windows\SYSTEM32\WINMM.dll
0x00007ff8f8790000 - 0x00007ff8f87a3000 	C:\Windows\SYSTEM32\UMPDC.dll
0x00007ff8f7ad0000 - 0x00007ff8f7ae8000 	C:\Windows\SYSTEM32\kernel.appcore.dll
0x00007ff8cea50000 - 0x00007ff8cea5a000 	C:\Program Files\OpenLogic\jdk-17.0.10.7-hotspot\bin\jimage.dll
0x00007ff8f2a40000 - 0x00007ff8f2c73000 	C:\Windows\SYSTEM32\DBGHELP.DLL
0x00007ff8fa220000 - 0x00007ff8fa5a8000 	C:\Windows\System32\combase.dll
0x00007ff8f9730000 - 0x00007ff8f9807000 	C:\Windows\System32\OLEAUT32.dll
0x00007ff8f2a00000 - 0x00007ff8f2a32000 	C:\Windows\SYSTEM32\dbgcore.DLL
0x00007ff8f9540000 - 0x00007ff8f95b9000 	C:\Windows\System32\bcryptPrimitives.dll
0x00007ff8c76b0000 - 0x00007ff8c76be000 	C:\Program Files\OpenLogic\jdk-17.0.10.7-hotspot\bin\instrument.dll
0x00007ff8cdda0000 - 0x00007ff8cddc5000 	C:\Program Files\OpenLogic\jdk-17.0.10.7-hotspot\bin\java.dll
0x00007ff891d90000 - 0x00007ff891e66000 	C:\Program Files\OpenLogic\jdk-17.0.10.7-hotspot\bin\jsvml.dll
0x00007ff8fad90000 - 0x00007ff8fb5ec000 	C:\Windows\System32\SHELL32.dll
0x00007ff8f69f0000 - 0x00007ff8f72e9000 	C:\Windows\SYSTEM32\windows.storage.dll
0x00007ff8f68b0000 - 0x00007ff8f69ee000 	C:\Windows\SYSTEM32\wintypes.dll
0x00007ff8fa5b0000 - 0x00007ff8fa6a3000 	C:\Windows\System32\SHCORE.dll
0x00007ff8f9ed0000 - 0x00007ff8f9f2e000 	C:\Windows\System32\shlwapi.dll
0x00007ff8f8ae0000 - 0x00007ff8f8b01000 	C:\Windows\SYSTEM32\profapi.dll
0x00007ff8cd930000 - 0x00007ff8cd948000 	C:\Program Files\OpenLogic\jdk-17.0.10.7-hotspot\bin\zip.dll
0x00007ff8cea30000 - 0x00007ff8cea49000 	C:\Program Files\OpenLogic\jdk-17.0.10.7-hotspot\bin\net.dll
0x00007ff8f3d70000 - 0x00007ff8f3ea6000 	C:\Windows\SYSTEM32\WINHTTP.dll
0x00007ff8f7f40000 - 0x00007ff8f7fa9000 	C:\Windows\system32\mswsock.dll
0x00007ff8cd950000 - 0x00007ff8cd966000 	C:\Program Files\OpenLogic\jdk-17.0.10.7-hotspot\bin\nio.dll
0x00007ff8cd6c0000 - 0x00007ff8cd6d0000 	C:\Program Files\OpenLogic\jdk-17.0.10.7-hotspot\bin\verify.dll
0x00007ff8cd690000 - 0x00007ff8cd6b7000 	C:\Users\MAHE\.gradle\native\68d5fa5c4cc2d200863cafc0d521ce42e7d3e7ee720ec0a83991735586a16f82\windows-amd64\native-platform.dll
0x00007ff891c40000 - 0x00007ff891d84000 	C:\Users\MAHE\.gradle\native\e376f236ea51e6404a007f0833ffe2c6e607c4080706a723a18a27aeea778392\windows-amd64\native-platform-file-events.dll
0x00007ff8c9130000 - 0x00007ff8c9139000 	C:\Program Files\OpenLogic\jdk-17.0.10.7-hotspot\bin\management.dll
0x00007ff8c76d0000 - 0x00007ff8c76db000 	C:\Program Files\OpenLogic\jdk-17.0.10.7-hotspot\bin\management_ext.dll
0x00007ff8fb7e0000 - 0x00007ff8fb7e8000 	C:\Windows\System32\PSAPI.DLL
0x00007ff8f81a0000 - 0x00007ff8f81bb000 	C:\Windows\SYSTEM32\CRYPTSP.dll
0x00007ff8f7a30000 - 0x00007ff8f7a65000 	C:\Windows\system32\rsaenh.dll
0x00007ff8f8040000 - 0x00007ff8f8068000 	C:\Windows\SYSTEM32\USERENV.dll
0x00007ff8f81c0000 - 0x00007ff8f81cc000 	C:\Windows\SYSTEM32\CRYPTBASE.dll
0x00007ff8f7550000 - 0x00007ff8f757d000 	C:\Windows\SYSTEM32\IPHLPAPI.DLL
0x00007ff8f9f50000 - 0x00007ff8f9f59000 	C:\Windows\System32\NSI.dll
0x00007ff8f3c40000 - 0x00007ff8f3c59000 	C:\Windows\SYSTEM32\dhcpcsvc6.DLL
0x00007ff8f3c20000 - 0x00007ff8f3c3f000 	C:\Windows\SYSTEM32\dhcpcsvc.DLL
0x00007ff8f75c0000 - 0x00007ff8f76b9000 	C:\Windows\SYSTEM32\DNSAPI.dll
0x00007ff8c76c0000 - 0x00007ff8c76c8000 	C:\Program Files\OpenLogic\jdk-17.0.10.7-hotspot\bin\extnet.dll
0x00007ff8c76a0000 - 0x00007ff8c76ae000 	C:\Program Files\OpenLogic\jdk-17.0.10.7-hotspot\bin\sunmscapi.dll
0x00007ff8f8cd0000 - 0x00007ff8f8e37000 	C:\Windows\System32\CRYPT32.dll
0x00007ff8f8360000 - 0x00007ff8f838e000 	C:\Windows\SYSTEM32\ncrypt.dll
0x00007ff8f8320000 - 0x00007ff8f8357000 	C:\Windows\SYSTEM32\NTASN1.dll
0x00007ff8c7670000 - 0x00007ff8c7678000 	C:\Windows\system32\wshunix.dll
0x00007ff8e2a00000 - 0x00007ff8e2a17000 	C:\Windows\system32\napinsp.dll
0x00007ff8e29e0000 - 0x00007ff8e29fb000 	C:\Windows\system32\pnrpnsp.dll
0x00007ff8e29c0000 - 0x00007ff8e29d1000 	C:\Windows\System32\winrnr.dll
0x00007ff8e29a0000 - 0x00007ff8e29b5000 	C:\Windows\system32\wshbth.dll
0x00007ff8e2970000 - 0x00007ff8e2991000 	C:\Windows\system32\nlansp_c.dll
0x00007ff8f2510000 - 0x00007ff8f251a000 	C:\Windows\System32\rasadhlp.dll
0x00007ff8f3660000 - 0x00007ff8f36e3000 	C:\Windows\System32\fwpuclnt.dll

dbghelp: loaded successfully - version: 4.0.5 - missing functions: none
symbol engine: initialized successfully - sym options: 0x614 - pdb path: .;C:\Program Files\OpenLogic\jdk-17.0.10.7-hotspot\bin;C:\Windows\SYSTEM32;C:\Windows\WinSxS\amd64_microsoft.windows.common-controls_6595b64144ccf1df_6.0.22621.3235_none_270f74e173860f98;C:\Program Files\OpenLogic\jdk-17.0.10.7-hotspot\bin\server;C:\Users\MAHE\.gradle\native\68d5fa5c4cc2d200863cafc0d521ce42e7d3e7ee720ec0a83991735586a16f82\windows-amd64;C:\Users\MAHE\.gradle\native\e376f236ea51e6404a007f0833ffe2c6e607c4080706a723a18a27aeea778392\windows-amd64

VM Arguments:
jvm_args: -XX:MaxMetaspaceSize=512m --add-opens=java.base/java.util=ALL-UNNAMED --add-opens=java.base/java.lang=ALL-UNNAMED --add-opens=java.base/java.lang.invoke=ALL-UNNAMED --add-opens=java.prefs/java.util.prefs=ALL-UNNAMED --add-opens=java.base/java.nio.charset=ALL-UNNAMED --add-opens=java.base/java.net=ALL-UNNAMED --add-opens=java.base/java.util.concurrent.atomic=ALL-UNNAMED -Xmx2048m -Dfile.encoding=windows-1252 -Duser.country=IN -Duser.language=en -Duser.variant -javaagent:C:\Users\MAHE\.gradle\wrapper\dists\gradle-8.3-all\6en3ugtfdg5xnpx44z4qbwgas\gradle-8.3\lib\agents\gradle-instrumentation-agent-8.3.jar 
java_command: org.gradle.launcher.daemon.bootstrap.GradleDaemon 8.3
java_class_path (initial): C:\Users\MAHE\.gradle\wrapper\dists\gradle-8.3-all\6en3ugtfdg5xnpx44z4qbwgas\gradle-8.3\lib\gradle-launcher-8.3.jar
Launcher Type: SUN_STANDARD

[Global flags]
     intx CICompilerCount                          = 3                                         {product} {ergonomic}
   size_t CompressedClassSpaceSize                 = 436207616                                 {product} {ergonomic}
     uint ConcGCThreads                            = 1                                         {product} {ergonomic}
     uint G1ConcRefinementThreads                  = 4                                         {product} {ergonomic}
   size_t G1HeapRegionSize                         = 1048576                                   {product} {ergonomic}
    uintx GCDrainStackTargetSize                   = 64                                        {product} {ergonomic}
   size_t InitialHeapSize                          = 268435456                                 {product} {ergonomic}
   size_t MarkStackSize                            = 4194304                                   {product} {ergonomic}
   size_t MaxHeapSize                              = 2147483648                                {product} {command line}
   size_t MaxMetaspaceSize                         = 536870912                                 {product} {command line}
   size_t MaxNewSize                               = 1287651328                                {product} {ergonomic}
   size_t MinHeapDeltaBytes                        = 1048576                                   {product} {ergonomic}
   size_t MinHeapSize                              = 8388608                                   {product} {ergonomic}
    uintx NonNMethodCodeHeapSize                   = 5832780                                {pd product} {ergonomic}
    uintx NonProfiledCodeHeapSize                  = 122912730                              {pd product} {ergonomic}
    uintx ProfiledCodeHeapSize                     = 122912730                              {pd product} {ergonomic}
    uintx ReservedCodeCacheSize                    = 251658240                              {pd product} {ergonomic}
     bool SegmentedCodeCache                       = true                                      {product} {ergonomic}
   size_t SoftMaxHeapSize                          = 2147483648                             {manageable} {ergonomic}
     bool UseCompressedClassPointers               = true                           {product lp64_product} {ergonomic}
     bool UseCompressedOops                        = true                           {product lp64_product} {ergonomic}
     bool UseG1GC                                  = true                                      {product} {ergonomic}
     bool UseLargePagesIndividualAllocation        = false                                  {pd product} {ergonomic}

Logging:
Log output configuration:
 #0: stdout all=warning uptime,level,tags
 #1: stderr all=off uptime,level,tags

Environment Variables:
JAVA_HOME=C:\Program Files\OpenLogic\jdk-17.0.10.7-hotspot\
CLASSPATH=C:\Users\MAHE\Documents\demo1_joyson1\android\\gradle\wrapper\gradle-wrapper.jar
PATH=C:\Users\MAHE\Documents\demo1_joyson1\node_modules\.bin;C:\Users\MAHE\Documents\demo1_joyson1\node_modules\.bin;C:\Users\MAHE\Documents\node_modules\.bin;C:\Users\MAHE\node_modules\.bin;C:\Users\node_modules\.bin;C:\node_modules\.bin;C:\Users\MAHE\AppData\Roaming\npm\node_modules\npm\node_modules\@npmcli\run-script\lib\node-gyp-bin;C:\Program Files\OpenLogic\jdk-17.0.10.7-hotspot\bin;C:\Python312\Scripts\;C:\Python312\;C:\Windows\system32;C:\Windows;C:\Windows\System32\Wbem;C:\Windows\System32\WindowsPowerShell\v1.0\;C:\Windows\System32\OpenSSH\;C:\Program Files\nodejs\;C:\ProgramData\chocolatey\bin;C:\Program Files\Git\cmd;C:\Program Files\Git\bin;C:\Program Files (x86)\Microsoft SQL Server\160\Tools\Binn\;C:\Program Files\Microsoft SQL Server\160\Tools\Binn\;C:\Program Files\Microsoft SQL Server\Client SDK\ODBC\170\Tools\Binn\;C:\Program Files\Microsoft SQL Server\160\DTS\Binn\;C:\Program Files (x86)\Microsoft SQL Server\160\DTS\Binn\;C:\Program Files\Azure Data Studio\bin;C:\Users\MAHE\AppData\Local\Microsoft\WindowsApps;C:\Users\MAHE\AppData\Local\Programs\Microsoft VS Code\bin;C:\Users\MAHE\AppData\Roaming\npm;C:\Users\MAHE\AppData\Local\Android\Sdk;C:\Users\MAHE\AppData\Local\Android\Sdk\platform-tools;C:\Users\MAHE\AppData\Local\Android\Sdk\emulator;C:\Program Files\Git\bin;;C:\Program Files\Azure Data Studio\bin
USERNAME=MAHE
LANG=en_US.UTF-8
OS=Windows_NT
PROCESSOR_IDENTIFIER=Intel64 Family 6 Model 60 Stepping 3, GenuineIntel
TMP=C:\Users\MAHE\AppData\Local\Temp
TEMP=C:\Users\MAHE\AppData\Local\Temp



Periodic native trim disabled


---------------  S Y S T E M  ---------------

OS:
 Windows 11 , 64 bit Build 22621 (10.0.22621.3374)
OS uptime: 0 days 3:17 hours

CPU: total 4 (initial active 4) (4 cores per cpu, 1 threads per core) family 6 model 60 stepping 3 microcode 0x28, cx8, cmov, fxsr, mmx, sse, sse2, sse3, ssse3, sse4.1, sse4.2, popcnt, lzcnt, tsc, tscinvbit, avx, avx2, aes, erms, clmul, bmi1, bmi2, fma, vzeroupper, clflush
Processor Information for all 4 processors :
  Max Mhz: 3001, Current Mhz: 3001, Mhz Limit: 3001

Memory: 4k page, system-wide physical 16309M (5808M free)
TotalPageFile size 32693M (AvailPageFile size 20197M)
current process WorkingSet (physical memory assigned to process): 536M, peak: 537M
current process commit charge ("private bytes"): 585M, peak: 590M

vm_info: OpenJDK 64-Bit Server VM (17.0.10+7-adhoc..jdk17u) for windows-amd64 JRE (17.0.10+7-adhoc..jdk17u), built on Jan 24 2024 08:51:31 by "" with MS VC++ 16.10 / 16.11 (VS2019)

END.
