#
# A fatal error has been detected by the Java Runtime Environment:
#
#  EXCEPTION_ACCESS_VIOLATION (0xc0000005) at pc=0x00007ffc55049cd0, pid=14500, tid=13340
#
# JRE version: OpenJDK Runtime Environment OpenLogic-OpenJDK (17.0.10+7) (build 17.0.10+7-adhoc..jdk17u)
# Java VM: OpenJDK 64-Bit Server VM OpenLogic-OpenJDK (17.0.10+7-adhoc..jdk17u, mixed mode, sharing, tiered, compressed oops, compressed class ptrs, g1 gc, windows-amd64)
# Problematic frame:
# V  [jvm.dll+0x6c9cd0]
#
# No core dump will be written. Minidumps are not enabled by default on client versions of Windows
#
# If you would like to submit a bug report, please visit:
#   https://techsupport.roguewave.com/
#

---------------  S U M M A R Y ------------

Command Line: -XX:MaxMetaspaceSize=512m --add-opens=java.base/java.util=ALL-UNNAMED --add-opens=java.base/java.lang=ALL-UNNAMED --add-opens=java.base/java.lang.invoke=ALL-UNNAMED --add-opens=java.prefs/java.util.prefs=ALL-UNNAMED --add-opens=java.base/java.nio.charset=ALL-UNNAMED --add-opens=java.base/java.net=ALL-UNNAMED --add-opens=java.base/java.util.concurrent.atomic=ALL-UNNAMED -Xmx2048m -Dfile.encoding=windows-1252 -Duser.country=IN -Duser.language=en -Duser.variant -javaagent:C:\Users\MAHE\.gradle\wrapper\dists\gradle-8.3-all\6en3ugtfdg5xnpx44z4qbwgas\gradle-8.3\lib\agents\gradle-instrumentation-agent-8.3.jar org.gradle.launcher.daemon.bootstrap.GradleDaemon 8.3

Host: Intel(R) Core(TM) i5-4590S CPU @ 3.00GHz, 4 cores, 15G,  Windows 11 , 64 bit Build 22621 (10.0.22621.3527)
Time: Fri May 17 10:32:07 2024 India Standard Time elapsed time: 26.682055 seconds (0d 0h 0m 26s)

---------------  T H R E A D  ---------------

Current thread (0x000001c0c5ae9050):  JavaThread "C2 CompilerThread0" daemon [_thread_in_native, id=13340, stack(0x000000a56f100000,0x000000a56f200000)]


Current CompileTask:
C2:  26682 5827       4       org.objectweb.asm.MethodWriter::visitLabel (328 bytes)

Stack: [0x000000a56f100000,0x000000a56f200000],  sp=0x000000a56f1fb680,  free space=1005k
Native frames: (J=compiled Java code, j=interpreted, Vv=VM code, C=native code)
V  [jvm.dll+0x6c9cd0]
V  [jvm.dll+0x1bcdcf]
V  [jvm.dll+0x21a3f9]
V  [jvm.dll+0x2196c1]
V  [jvm.dll+0x1a512d]
V  [jvm.dll+0x22949e]
V  [jvm.dll+0x22766c]
V  [jvm.dll+0x7e9ea7]
V  [jvm.dll+0x7e42aa]
V  [jvm.dll+0x67c5d5]
C  [ucrtbase.dll+0x29333]
C  [KERNEL32.DLL+0x1257d]
C  [ntdll.dll+0x5aa48]


siginfo: EXCEPTION_ACCESS_VIOLATION (0xc0000005), reading address 0x00007ffc880788af


Registers:
RAX=0x000001c0e7f20740, RBX=0x000000000000000e, RCX=0x0000000000000000, RDX=0x00000000000005fe
RSP=0x000000a56f1fb680, RBP=0x000000a56f1fb780, RSI=0x000001c0e7785ac8, RDI=0x000000000000000b
R8 =0x00000000000001fb, R9 =0x000001c0e5213388, R10=0x000001c0e7f20740, R11=0x5555555555555555
R12=0x0000000000000000, R13=0x000001c0e529dc40, R14=0x000001c0e5212f10, R15=0x000001c0e529dc00
RIP=0x00007ffc55049cd0, EFLAGS=0x0000000000010283


Register to memory mapping:

RIP=0x00007ffc55049cd0 jvm.dll
RAX=0x000001c0e7f20740 points into unknown readable memory: 0x000001c0e7785a58 | 58 5a 78 e7 c0 01 00 00
RBX=0x000000000000000e is an unknown value
RCX=0x0 is NULL
RDX=0x00000000000005fe is an unknown value
RSP=0x000000a56f1fb680 is pointing into the stack for thread: 0x000001c0c5ae9050
RBP=0x000000a56f1fb780 is pointing into the stack for thread: 0x000001c0c5ae9050
RSI=0x000001c0e7785ac8 points into unknown readable memory: 0x00007ffc5529c540 | 40 c5 29 55 fc 7f 00 00
RDI=0x000000000000000b is an unknown value
R8 =0x00000000000001fb is an unknown value
R9 =0x000001c0e5213388 points into unknown readable memory: 0x00007ffc552b0b38 | 38 0b 2b 55 fc 7f 00 00
R10=0x000001c0e7f20740 points into unknown readable memory: 0x000001c0e7785a58 | 58 5a 78 e7 c0 01 00 00
R11=0x5555555555555555 is an unknown value
R12=0x0 is NULL
R13=0x000001c0e529dc40 points into unknown readable memory: 0x0001010101010101 | 01 01 01 01 01 01 01 00
R14=0x000001c0e5212f10 points into unknown readable memory: 0x00007ffc55297938 | 38 79 29 55 fc 7f 00 00
R15=0x000001c0e529dc00 points into unknown readable memory: 0x000001c0e5213388 | 88 33 21 e5 c0 01 00 00


Top of Stack: (sp=0x000000a56f1fb680)
0x000000a56f1fb680:   000001c0e7031f28 000000a56f1fb780
0x000000a56f1fb690:   000001c0e7785ac8 000000000000000b
0x000000a56f1fb6a0:   000000a5000001fb 000001c0e529dc00
0x000000a56f1fb6b0:   000001c0e529d2c0 000000a56f1fb7c0
0x000000a56f1fb6c0:   000001c000000000 000000a56f1fb901
0x000000a56f1fb6d0:   0000000000000001 0000000000000000
0x000000a56f1fb6e0:   000001c0e7785ac8 0000000700000001
0x000000a56f1fb6f0:   0000000000000000 000001c0e59515c0
0x000000a56f1fb700:   000001c0e529dc00 0000000300000000
0x000000a56f1fb710:   000000000000000c 000001c0e529dc00
0x000000a56f1fb720:   000000a50000002a fffffffffffff6c0
0x000000a56f1fb730:   0000000000000000 000001c0e529dc40
0x000000a56f1fb740:   000001c0e529d2c0 000001c0e5212f10
0x000000a56f1fb750:   000001c0e529c4a0 000001c0e529cbb0
0x000000a56f1fb760:   000001c0e529adc0 000001c0e529bd00
0x000000a56f1fb770:   000001c0e529dc40 000001c0e529d300
0x000000a56f1fb780:   000001c0e9456c60 000001c0e9456c20
0x000000a56f1fb790:   0000000000000007 0000000000000005
0x000000a56f1fb7a0:   000001c0e6f798d0 0000000000000003
0x000000a56f1fb7b0:   0000000000000000 0000000000000000
0x000000a56f1fb7c0:   000001e700000000 000001c0e529b560
0x000000a56f1fb7d0:   000000a56f1fbc40 00007ffc54cebc38
0x000000a56f1fb7e0:   000001c0e529b560 000000a56f1fbb60
0x000000a56f1fb7f0:   00007ffc55503d88 ffffffffffffffff
0x000000a56f1fb800:   000001c0e6f74d30 00007ffc54ce6de0
0x000000a56f1fb810:   000001e700000000 000001c0e529b560
0x000000a56f1fb820:   000000a56f1fbc40 ffffffffffffffff
0x000000a56f1fb830:   000000a56f1fbc40 000001c0e6a44630
0x000000a56f1fb840:   000001c0e6a44640 000001c0e6a44a18
0x000000a56f1fb850:   00000000000003d8 000000a56f1fb950
0x000000a56f1fb860:   000001e700000000 000001c0e529b560
0x000000a56f1fb870:   000000a56f1fbc40 00007ffc54ce6161 

Instructions: (pc=0x00007ffc55049cd0)
0x00007ffc55049bd0:   cc 8b 41 2c 83 e0 0f 3c 0c 74 4b 4d 8b 8d 08 01
0x00007ffc55049be0:   00 00 48 63 41 28 41 39 1c 81 74 3a 44 8b 41 18
0x00007ffc55049bf0:   41 8b d7 45 3b c7 76 1f 4c 8b 51 08 0f 1f 40 00
0x00007ffc55049c00:   8b c2 49 8b 0c c2 48 63 41 28 41 39 1c 81 74 07
0x00007ffc55049c10:   ff c2 41 3b d0 72 e9 41 3b d0 72 0a ff ce 49 ff
0x00007ffc55049c20:   cb 4d 85 db 7f 9a 4c 8b 75 c8 4c 8b 7d 80 44 8b
0x00007ffc55049c30:   65 88 4c 8b 6d f0 48 8b 44 24 60 8b 78 28 ff cf
0x00007ffc55049c40:   3b 78 18 73 0a 48 8b 40 20 48 8b 1c f8 eb 02 33
0x00007ffc55049c50:   db 48 8b 03 48 8b cb ff 50 20 48 3b c3 74 08 48
0x00007ffc55049c60:   8b 44 24 60 2b 78 48 48 8b 8d 20 03 00 00 48 8d
0x00007ffc55049c70:   45 40 44 89 64 24 40 44 8b ce 48 8b 74 24 60 49
0x00007ffc55049c80:   8b d6 48 89 44 24 38 4c 8b c6 48 8b 45 c0 48 89
0x00007ffc55049c90:   44 24 30 48 8b 45 98 48 89 44 24 28 8b 85 28 03
0x00007ffc55049ca0:   00 00 89 44 24 20 0f 29 7d 40 f2 0f 11 75 50 e8
0x00007ffc55049cb0:   6c 1f 00 00 89 85 28 03 00 00 85 c0 0f 84 2c 15
0x00007ffc55049cc0:   00 00 8b 5e 28 ff cb 3b 5e 18 73 0a 48 8b 46 20
0x00007ffc55049cd0:   48 8b 34 d8 eb 02 33 f6 48 8b 06 48 8b ce ff 50
0x00007ffc55049ce0:   20 48 3b c6 74 08 48 8b 44 24 60 2b 58 48 48 8b
0x00007ffc55049cf0:   75 a8 3b df 8b 7d 8c 0f 86 8b fe ff ff 44 8b 8d
0x00007ffc55049d00:   38 03 00 00 41 ff c1 41 c6 45 00 00 ff c7 44 89
0x00007ffc55049d10:   8d 38 03 00 00 89 7d 8c eb 07 44 8b 8d 38 03 00
0x00007ffc55049d20:   00 8b 44 24 6c 41 ff c4 49 83 c7 08 49 ff c5 44
0x00007ffc55049d30:   89 65 88 4c 89 7d 80 4c 89 6d f0 44 3b e0 0f 82
0x00007ffc55049d40:   8c fd ff ff 44 8b 44 24 70 4c 8b 74 24 78 48 8b
0x00007ffc55049d50:   74 24 60 4c 8b bd 20 03 00 00 45 3b 87 e0 00 00
0x00007ffc55049d60:   00 0f 83 e3 12 00 00 49 8b 47 70 45 8b 66 30 45
0x00007ffc55049d70:   8b c8 4d 69 e9 b0 00 00 00 4c 89 4d c8 4c 03 68
0x00007ffc55049d80:   20 41 83 e4 01 4c 89 6d 20 44 89 65 88 0f 84 85
0x00007ffc55049d90:   00 00 00 49 8b 46 08 4a 8b 14 e0 49 8b 87 08 01
0x00007ffc55049da0:   00 00 48 63 4a 28 44 3b 04 88 75 6c 49 8b ce e8
0x00007ffc55049db0:   dc 9a fd ff 4d 8b 4e 08 4b 8b 0c e1 48 85 c9 74
0x00007ffc55049dc0:   26 4c 8b 41 10 4d 85 c0 74 1d 8b 41 20 49 8d 14 


Stack slot to memory mapping:
stack at sp + 0 slots: 0x000001c0e7031f28 points into unknown readable memory: 0x00007ffc552cdec0 | c0 de 2c 55 fc 7f 00 00
stack at sp + 1 slots: 0x000000a56f1fb780 is pointing into the stack for thread: 0x000001c0c5ae9050
stack at sp + 2 slots: 0x000001c0e7785ac8 points into unknown readable memory: 0x00007ffc5529c540 | 40 c5 29 55 fc 7f 00 00
stack at sp + 3 slots: 0x000000000000000b is an unknown value
stack at sp + 4 slots: 0x000000a5000001fb is an unknown value
stack at sp + 5 slots: 0x000001c0e529dc00 points into unknown readable memory: 0x000001c0e5213388 | 88 33 21 e5 c0 01 00 00
stack at sp + 6 slots: 0x000001c0e529d2c0 points into unknown readable memory: 0x000001c0e5213388 | 88 33 21 e5 c0 01 00 00
stack at sp + 7 slots: 0x000000a56f1fb7c0 is pointing into the stack for thread: 0x000001c0c5ae9050


---------------  P R O C E S S  ---------------

Threads class SMR info:
_java_thread_list=0x000001c0ea1fbea0, length=46, elements={
0x000001c0a49a79b0, 0x000001c0c5acdcb0, 0x000001c0c5aceb30, 0x000001c0c5ae27c0,
0x000001c0c5ae6720, 0x000001c0c5ae70e0, 0x000001c0c5ae7aa0, 0x000001c0c5ae9050,
0x000001c0c5aea520, 0x000001c0e506bf50, 0x000001c0c5ab92b0, 0x000001c0e51945f0,
0x000001c0e6632560, 0x000001c0e5d59940, 0x000001c0e6b6b980, 0x000001c0e6b2c6d0,
0x000001c0e6b2cbb0, 0x000001c0e7261820, 0x000001c0e7260e00, 0x000001c0e725ea90,
0x000001c0e72608f0, 0x000001c0e725f4b0, 0x000001c0e7261310, 0x000001c0e725e580,
0x000001c0e725fed0, 0x000001c0e725f9c0, 0x000001c0e725efa0, 0x000001c0e72603e0,
0x000001c0e546a3b0, 0x000001c0e5469990, 0x000001c0e546add0, 0x000001c0e54657c0,
0x000001c0e546a8c0, 0x000001c0e54661e0, 0x000001c0e5464da0, 0x000001c0e546bd00,
0x000001c0e5464890, 0x000001c0e5469ea0, 0x000001c0e5468550, 0x000001c0e546c210,
0x000001c0e54652b0, 0x000001c0e5467110, 0x000001c0e5466c00, 0x000001c0e5467620,
0x000001c0e5467b30, 0x000001c0e527ed80
}

Java Threads: ( => current thread )
  0x000001c0a49a79b0 JavaThread "main" [_thread_blocked, id=14604, stack(0x000000a56e400000,0x000000a56e500000)]
  0x000001c0c5acdcb0 JavaThread "Reference Handler" daemon [_thread_blocked, id=13976, stack(0x000000a56eb00000,0x000000a56ec00000)]
  0x000001c0c5aceb30 JavaThread "Finalizer" daemon [_thread_blocked, id=15488, stack(0x000000a56ec00000,0x000000a56ed00000)]
  0x000001c0c5ae27c0 JavaThread "Signal Dispatcher" daemon [_thread_blocked, id=6076, stack(0x000000a56ed00000,0x000000a56ee00000)]
  0x000001c0c5ae6720 JavaThread "Attach Listener" daemon [_thread_blocked, id=16820, stack(0x000000a56ee00000,0x000000a56ef00000)]
  0x000001c0c5ae70e0 JavaThread "Service Thread" daemon [_thread_blocked, id=9472, stack(0x000000a56ef00000,0x000000a56f000000)]
  0x000001c0c5ae7aa0 JavaThread "Monitor Deflation Thread" daemon [_thread_blocked, id=15584, stack(0x000000a56f000000,0x000000a56f100000)]
=>0x000001c0c5ae9050 JavaThread "C2 CompilerThread0" daemon [_thread_in_native, id=13340, stack(0x000000a56f100000,0x000000a56f200000)]
  0x000001c0c5aea520 JavaThread "C1 CompilerThread0" daemon [_thread_blocked, id=14728, stack(0x000000a56f200000,0x000000a56f300000)]
  0x000001c0e506bf50 JavaThread "Sweeper thread" daemon [_thread_blocked, id=14564, stack(0x000000a56f300000,0x000000a56f400000)]
  0x000001c0c5ab92b0 JavaThread "Common-Cleaner" daemon [_thread_blocked, id=14180, stack(0x000000a56f400000,0x000000a56f500000)]
  0x000001c0e51945f0 JavaThread "Notification Thread" daemon [_thread_blocked, id=11600, stack(0x000000a56f500000,0x000000a56f600000)]
  0x000001c0e6632560 JavaThread "Daemon health stats" [_thread_blocked, id=9492, stack(0x000000a56fa00000,0x000000a56fb00000)]
  0x000001c0e5d59940 JavaThread "Incoming local TCP Connector on port 60896" [_thread_in_native, id=3324, stack(0x000000a56fb00000,0x000000a56fc00000)]
  0x000001c0e6b6b980 JavaThread "Daemon periodic checks" [_thread_blocked, id=17332, stack(0x000000a56fc00000,0x000000a56fd00000)]
  0x000001c0e6b2c6d0 JavaThread "Daemon" [_thread_blocked, id=13004, stack(0x000000a56fd00000,0x000000a56fe00000)]
  0x000001c0e6b2cbb0 JavaThread "Handler for socket connection from /127.0.0.1:60896 to /127.0.0.1:60898" [_thread_in_native, id=16104, stack(0x000000a56fe00000,0x000000a56ff00000)]
  0x000001c0e7261820 JavaThread "Cancel handler" [_thread_blocked, id=15904, stack(0x000000a56ff00000,0x000000a570000000)]
  0x000001c0e7260e00 JavaThread "Daemon worker" [_thread_in_vm, id=13632, stack(0x000000a570000000,0x000000a570100000)]
  0x000001c0e725ea90 JavaThread "Asynchronous log dispatcher for DefaultDaemonConnection: socket connection from /127.0.0.1:60896 to /127.0.0.1:60898" [_thread_blocked, id=4904, stack(0x000000a570100000,0x000000a570200000)]
  0x000001c0e72608f0 JavaThread "Stdin handler" [_thread_blocked, id=3896, stack(0x000000a570200000,0x000000a570300000)]
  0x000001c0e725f4b0 JavaThread "Daemon client event forwarder" [_thread_blocked, id=16848, stack(0x000000a570300000,0x000000a570400000)]
  0x000001c0e7261310 JavaThread "Cache worker for journal cache (C:\Users\MAHE\.gradle\caches\journal-1)" [_thread_blocked, id=17200, stack(0x000000a570400000,0x000000a570500000)]
  0x000001c0e725e580 JavaThread "File lock request listener" [_thread_in_native, id=15124, stack(0x000000a570500000,0x000000a570600000)]
  0x000001c0e725fed0 JavaThread "Cache worker for file hash cache (C:\Users\MAHE\.gradle\caches\8.3\fileHashes)" [_thread_blocked, id=13588, stack(0x000000a570700000,0x000000a570800000)]
  0x000001c0e725f9c0 JavaThread "File watcher server" daemon [_thread_in_native, id=16264, stack(0x000000a570600000,0x000000a570700000)]
  0x000001c0e725efa0 JavaThread "File watcher consumer" daemon [_thread_blocked, id=12708, stack(0x000000a570800000,0x000000a570900000)]
  0x000001c0e72603e0 JavaThread "Cache worker for checksums cache (C:\Users\MAHE\Documents\DOC APP BACKUP FILES\april30_\demo1_joyson1\android\.gradle\8.3\checksums)" [_thread_blocked, id=14012, stack(0x000000a570900000,0x000000a570a00000)]
  0x000001c0e546a3b0 JavaThread "Cache worker for file hash cache (C:\Users\MAHE\Documents\DOC APP BACKUP FILES\april30_\demo1_joyson1\android\.gradle\8.3\fileHashes)" [_thread_blocked, id=14808, stack(0x000000a570a00000,0x000000a570b00000)]
  0x000001c0e5469990 JavaThread "Cache worker for cache directory md-supplier (C:\Users\MAHE\.gradle\caches\8.3\md-supplier)" [_thread_blocked, id=14752, stack(0x000000a570b00000,0x000000a570c00000)]
  0x000001c0e546add0 JavaThread "Cache worker for file content cache (C:\Users\MAHE\.gradle\caches\8.3\fileContent)" [_thread_blocked, id=15028, stack(0x000000a570c00000,0x000000a570d00000)]
  0x000001c0e54657c0 JavaThread "Cache worker for cache directory md-rule (C:\Users\MAHE\.gradle\caches\8.3\md-rule)" [_thread_blocked, id=13744, stack(0x000000a570d00000,0x000000a570e00000)]
  0x000001c0e546a8c0 JavaThread "Cache worker for execution history cache (C:\Users\MAHE\.gradle\caches\8.3\executionHistory)" [_thread_blocked, id=16288, stack(0x000000a570f00000,0x000000a571000000)]
  0x000001c0e54661e0 JavaThread "jar transforms" [_thread_blocked, id=10796, stack(0x000000a571000000,0x000000a571100000)]
  0x000001c0e5464da0 JavaThread "jar transforms Thread 2" [_thread_blocked, id=16988, stack(0x000000a571100000,0x000000a571200000)]
  0x000001c0e546bd00 JavaThread "jar transforms Thread 3" [_thread_blocked, id=6132, stack(0x000000a571200000,0x000000a571300000)]
  0x000001c0e5464890 JavaThread "jar transforms Thread 4" [_thread_blocked, id=4132, stack(0x000000a571300000,0x000000a571400000)]
  0x000001c0e5469ea0 JavaThread "Cache worker for kotlin-dsl (C:\Users\MAHE\.gradle\caches\8.3\kotlin-dsl)" [_thread_blocked, id=14432, stack(0x000000a571400000,0x000000a571500000)]
  0x000001c0e5468550 JavaThread "Unconstrained build operations" [_thread_blocked, id=12084, stack(0x000000a571500000,0x000000a571600000)]
  0x000001c0e546c210 JavaThread "Unconstrained build operations Thread 2" [_thread_blocked, id=9836, stack(0x000000a571600000,0x000000a571700000)]
  0x000001c0e54652b0 JavaThread "Cache worker for dependencies-accessors (C:\Users\MAHE\Documents\DOC APP BACKUP FILES\april30_\demo1_joyson1\android\.gradle\8.3\dependencies-accessors)" [_thread_blocked, id=12520, stack(0x000000a571700000,0x000000a571800000)]
  0x000001c0e5467110 JavaThread "Cache worker for Build Output Cleanup Cache (C:\Users\MAHE\Documents\DOC APP BACKUP FILES\april30_\demo1_joyson1\node_modules\@react-native\gradle-plugin\.gradle\buildOutputCleanup)" [_thread_blocked, id=11292, stack(0x000000a571800000,0x000000a571900000)]
  0x000001c0e5466c00 JavaThread "Unconstrained build operations Thread 3" [_thread_blocked, id=6532, stack(0x000000a570e00000,0x000000a570f00000)]
  0x000001c0e5467620 JavaThread "Unconstrained build operations Thread 4" [_thread_blocked, id=16476, stack(0x000000a571900000,0x000000a571a00000)]
  0x000001c0e5467b30 JavaThread "Unconstrained build operations Thread 5" [_thread_blocked, id=10744, stack(0x000000a571a00000,0x000000a571b00000)]
  0x000001c0e527ed80 JavaThread "C2 CompilerThread1" daemon [_thread_blocked, id=16244, stack(0x000000a571b00000,0x000000a571c00000)]

Other Threads:
  0x000001c0c5aca940 VMThread "VM Thread" [stack: 0x000000a56ea00000,0x000000a56eb00000] [id=1272]
  0x000001c0a49a8830 WatcherThread [stack: 0x000000a56f600000,0x000000a56f700000] [id=12712]
  0x000001c0a4a01e70 GCTaskThread "GC Thread#0" [stack: 0x000000a56e500000,0x000000a56e600000] [id=12244]
  0x000001c0e53b12b0 GCTaskThread "GC Thread#1" [stack: 0x000000a56f700000,0x000000a56f800000] [id=12464]
  0x000001c0e53b1570 GCTaskThread "GC Thread#2" [stack: 0x000000a56f800000,0x000000a56f900000] [id=1036]
  0x000001c0e53fe880 GCTaskThread "GC Thread#3" [stack: 0x000000a56f900000,0x000000a56fa00000] [id=3356]
  0x000001c0a4a13dd0 ConcurrentGCThread "G1 Main Marker" [stack: 0x000000a56e600000,0x000000a56e700000] [id=13440]
  0x000001c0a4a14f90 ConcurrentGCThread "G1 Conc#0" [stack: 0x000000a56e700000,0x000000a56e800000] [id=7668]
  0x000001c0a4a4ec60 ConcurrentGCThread "G1 Refine#0" [stack: 0x000000a56e800000,0x000000a56e900000] [id=5032]
  0x000001c0c5984ee0 ConcurrentGCThread "G1 Service" [stack: 0x000000a56e900000,0x000000a56ea00000] [id=16180]

Threads with active compile tasks:
C2 CompilerThread0    26867 5827       4       org.objectweb.asm.MethodWriter::visitLabel (328 bytes)

VM state: not at safepoint (normal execution)

VM Mutex/Monitor currently owned by a thread: None

Heap address: 0x0000000080000000, size: 2048 MB, Compressed Oops mode: 32-bit

CDS archive(s) mapped at: [0x000001c0c6000000-0x000001c0c6bc0000-0x000001c0c6bc0000), size 12320768, SharedBaseAddress: 0x000001c0c6000000, ArchiveRelocationMode: 1.
Compressed class space mapped at: 0x000001c0c7000000-0x000001c0e1000000, reserved size: 436207616
Narrow klass base: 0x000001c0c6000000, Narrow klass shift: 0, Narrow klass range: 0x100000000

GC Precious Log:
 CPUs: 4 total, 4 available
 Memory: 16309M
 Large Page Support: Disabled
 NUMA Support: Disabled
 Compressed Oops: Enabled (32-bit)
 Heap Region Size: 1M
 Heap Min Capacity: 8M
 Heap Initial Capacity: 256M
 Heap Max Capacity: 2G
 Pre-touch: Disabled
 Parallel Workers: 4
 Concurrent Workers: 1
 Concurrent Refinement Workers: 4
 Periodic GC: Disabled

Heap:
 garbage-first heap   total 83968K, used 57931K [0x0000000080000000, 0x0000000100000000)
  region size 1024K, 14 young (14336K), 3 survivors (3072K)
 Metaspace       used 48209K, committed 48832K, reserved 491520K
  class space    used 6757K, committed 7040K, reserved 425984K

Heap Regions: E=young(eden), S=young(survivor), O=old, HS=humongous(starts), HC=humongous(continues), CS=collection set, F=free, OA=open archive, CA=closed archive, TAMS=top-at-mark-start (previous, next)
|   0|0x0000000080000000, 0x0000000080100000, 0x0000000080100000|100%| O|  |TAMS 0x0000000080100000, 0x0000000080000000| Untracked 
|   1|0x0000000080100000, 0x0000000080200000, 0x0000000080200000|100%| O|  |TAMS 0x0000000080200000, 0x0000000080100000| Untracked 
|   2|0x0000000080200000, 0x0000000080300000, 0x0000000080300000|100%|HS|  |TAMS 0x0000000080300000, 0x0000000080200000| Complete 
|   3|0x0000000080300000, 0x0000000080400000, 0x0000000080400000|100%|HC|  |TAMS 0x0000000080400000, 0x0000000080300000| Complete 
|   4|0x0000000080400000, 0x0000000080500000, 0x0000000080500000|100%|HC|  |TAMS 0x0000000080500000, 0x0000000080400000| Complete 
|   5|0x0000000080500000, 0x0000000080600000, 0x0000000080600000|100%|HC|  |TAMS 0x0000000080600000, 0x0000000080500000| Complete 
|   6|0x0000000080600000, 0x0000000080700000, 0x0000000080700000|100%| O|  |TAMS 0x0000000080700000, 0x0000000080600000| Untracked 
|   7|0x0000000080700000, 0x0000000080800000, 0x0000000080800000|100%| O|  |TAMS 0x0000000080800000, 0x0000000080700000| Untracked 
|   8|0x0000000080800000, 0x0000000080900000, 0x0000000080900000|100%| O|  |TAMS 0x0000000080900000, 0x0000000080800000| Untracked 
|   9|0x0000000080900000, 0x0000000080a00000, 0x0000000080a00000|100%| O|  |TAMS 0x0000000080a00000, 0x0000000080900000| Untracked 
|  10|0x0000000080a00000, 0x0000000080b00000, 0x0000000080b00000|100%| O|  |TAMS 0x0000000080b00000, 0x0000000080a00000| Untracked 
|  11|0x0000000080b00000, 0x0000000080c00000, 0x0000000080c00000|100%| O|  |TAMS 0x0000000080c00000, 0x0000000080b00000| Untracked 
|  12|0x0000000080c00000, 0x0000000080d00000, 0x0000000080d00000|100%| O|  |TAMS 0x0000000080d00000, 0x0000000080c00000| Untracked 
|  13|0x0000000080d00000, 0x0000000080e00000, 0x0000000080e00000|100%| O|  |TAMS 0x0000000080e00000, 0x0000000080d00000| Untracked 
|  14|0x0000000080e00000, 0x0000000080f00000, 0x0000000080f00000|100%| O|  |TAMS 0x0000000080f00000, 0x0000000080e00000| Untracked 
|  15|0x0000000080f00000, 0x0000000081000000, 0x0000000081000000|100%| O|  |TAMS 0x0000000081000000, 0x0000000080f00000| Untracked 
|  16|0x0000000081000000, 0x0000000081100000, 0x0000000081100000|100%| O|  |TAMS 0x0000000081100000, 0x0000000081000000| Untracked 
|  17|0x0000000081100000, 0x0000000081200000, 0x0000000081200000|100%| O|  |TAMS 0x0000000081200000, 0x0000000081100000| Untracked 
|  18|0x0000000081200000, 0x0000000081300000, 0x0000000081300000|100%| O|  |TAMS 0x0000000081300000, 0x0000000081200000| Untracked 
|  19|0x0000000081300000, 0x0000000081400000, 0x0000000081400000|100%| O|  |TAMS 0x0000000081400000, 0x0000000081300000| Untracked 
|  20|0x0000000081400000, 0x0000000081500000, 0x0000000081500000|100%| O|  |TAMS 0x0000000081500000, 0x0000000081400000| Untracked 
|  21|0x0000000081500000, 0x0000000081600000, 0x0000000081600000|100%| O|  |TAMS 0x0000000081600000, 0x0000000081500000| Untracked 
|  22|0x0000000081600000, 0x0000000081700000, 0x0000000081700000|100%| O|  |TAMS 0x0000000081700000, 0x0000000081600000| Untracked 
|  23|0x0000000081700000, 0x0000000081800000, 0x0000000081800000|100%| O|  |TAMS 0x0000000081800000, 0x0000000081700000| Untracked 
|  24|0x0000000081800000, 0x0000000081900000, 0x0000000081900000|100%| O|  |TAMS 0x0000000081900000, 0x0000000081800000| Untracked 
|  25|0x0000000081900000, 0x0000000081a00000, 0x0000000081a00000|100%| O|  |TAMS 0x0000000081a00000, 0x0000000081900000| Untracked 
|  26|0x0000000081a00000, 0x0000000081b00000, 0x0000000081b00000|100%| O|  |TAMS 0x0000000081b00000, 0x0000000081a00000| Untracked 
|  27|0x0000000081b00000, 0x0000000081c00000, 0x0000000081c00000|100%| O|  |TAMS 0x0000000081c00000, 0x0000000081b00000| Untracked 
|  28|0x0000000081c00000, 0x0000000081d00000, 0x0000000081d00000|100%| O|  |TAMS 0x0000000081d00000, 0x0000000081c00000| Untracked 
|  29|0x0000000081d00000, 0x0000000081e00000, 0x0000000081e00000|100%| O|  |TAMS 0x0000000081e00000, 0x0000000081d00000| Untracked 
|  30|0x0000000081e00000, 0x0000000081f00000, 0x0000000081f00000|100%| O|  |TAMS 0x0000000081f00000, 0x0000000081e00000| Untracked 
|  31|0x0000000081f00000, 0x0000000082000000, 0x0000000082000000|100%| O|  |TAMS 0x0000000082000000, 0x0000000081f00000| Untracked 
|  32|0x0000000082000000, 0x0000000082100000, 0x0000000082100000|100%| O|  |TAMS 0x0000000082100000, 0x0000000082000000| Untracked 
|  33|0x0000000082100000, 0x0000000082200000, 0x0000000082200000|100%|HS|  |TAMS 0x0000000082200000, 0x0000000082100000| Complete 
|  34|0x0000000082200000, 0x0000000082300000, 0x0000000082300000|100%|HC|  |TAMS 0x0000000082300000, 0x0000000082200000| Complete 
|  35|0x0000000082300000, 0x0000000082400000, 0x0000000082400000|100%| O|  |TAMS 0x0000000082400000, 0x0000000082300000| Untracked 
|  36|0x0000000082400000, 0x0000000082500000, 0x0000000082500000|100%| O|  |TAMS 0x000000008247f800, 0x0000000082400000| Untracked 
|  37|0x0000000082500000, 0x0000000082600000, 0x0000000082600000|100%|HS|  |TAMS 0x0000000082600000, 0x0000000082500000| Complete 
|  38|0x0000000082600000, 0x0000000082700000, 0x0000000082700000|100%|HC|  |TAMS 0x0000000082700000, 0x0000000082600000| Complete 
|  39|0x0000000082700000, 0x0000000082800000, 0x0000000082800000|100%| O|  |TAMS 0x0000000082700000, 0x0000000082700000| Untracked 
|  40|0x0000000082800000, 0x000000008286e400, 0x0000000082900000| 43%| O|  |TAMS 0x0000000082800000, 0x0000000082800000| Untracked 
|  41|0x0000000082900000, 0x0000000082a00000, 0x0000000082a00000|100%|HS|  |TAMS 0x0000000082900000, 0x0000000082900000| Complete 
|  42|0x0000000082a00000, 0x0000000082b00000, 0x0000000082b00000|100%|HC|  |TAMS 0x0000000082a00000, 0x0000000082a00000| Complete 
|  43|0x0000000082b00000, 0x0000000082c00000, 0x0000000082c00000|100%|HC|  |TAMS 0x0000000082b00000, 0x0000000082b00000| Complete 
|  44|0x0000000082c00000, 0x0000000082d00000, 0x0000000082d00000|100%|HC|  |TAMS 0x0000000082c00000, 0x0000000082c00000| Complete 
|  45|0x0000000082d00000, 0x0000000082d00000, 0x0000000082e00000|  0%| F|  |TAMS 0x0000000082d00000, 0x0000000082d00000| Untracked 
|  46|0x0000000082e00000, 0x0000000082e00000, 0x0000000082f00000|  0%| F|  |TAMS 0x0000000082e00000, 0x0000000082e00000| Untracked 
|  47|0x0000000082f00000, 0x0000000082f00000, 0x0000000083000000|  0%| F|  |TAMS 0x0000000082f00000, 0x0000000082f00000| Untracked 
|  48|0x0000000083000000, 0x0000000083000000, 0x0000000083100000|  0%| F|  |TAMS 0x0000000083000000, 0x0000000083000000| Untracked 
|  49|0x0000000083100000, 0x0000000083100000, 0x0000000083200000|  0%| F|  |TAMS 0x0000000083100000, 0x0000000083100000| Untracked 
|  50|0x0000000083200000, 0x0000000083200000, 0x0000000083300000|  0%| F|  |TAMS 0x0000000083200000, 0x0000000083200000| Untracked 
|  51|0x0000000083300000, 0x0000000083300000, 0x0000000083400000|  0%| F|  |TAMS 0x0000000083300000, 0x0000000083300000| Untracked 
|  52|0x0000000083400000, 0x0000000083400000, 0x0000000083500000|  0%| F|  |TAMS 0x0000000083400000, 0x0000000083400000| Untracked 
|  53|0x0000000083500000, 0x0000000083500000, 0x0000000083600000|  0%| F|  |TAMS 0x0000000083500000, 0x0000000083500000| Untracked 
|  54|0x0000000083600000, 0x0000000083600000, 0x0000000083700000|  0%| F|  |TAMS 0x0000000083600000, 0x0000000083600000| Untracked 
|  55|0x0000000083700000, 0x0000000083700000, 0x0000000083800000|  0%| F|  |TAMS 0x0000000083700000, 0x0000000083700000| Untracked 
|  56|0x0000000083800000, 0x0000000083800000, 0x0000000083900000|  0%| F|  |TAMS 0x0000000083800000, 0x0000000083800000| Untracked 
|  57|0x0000000083900000, 0x0000000083900000, 0x0000000083a00000|  0%| F|  |TAMS 0x0000000083900000, 0x0000000083900000| Untracked 
|  58|0x0000000083a00000, 0x0000000083a00000, 0x0000000083b00000|  0%| F|  |TAMS 0x0000000083a00000, 0x0000000083a00000| Untracked 
|  59|0x0000000083b00000, 0x0000000083b00000, 0x0000000083c00000|  0%| F|  |TAMS 0x0000000083b00000, 0x0000000083b00000| Untracked 
|  60|0x0000000083c00000, 0x0000000083c00000, 0x0000000083d00000|  0%| F|  |TAMS 0x0000000083c00000, 0x0000000083c00000| Untracked 
|  61|0x0000000083d00000, 0x0000000083d00000, 0x0000000083e00000|  0%| F|  |TAMS 0x0000000083d00000, 0x0000000083d00000| Untracked 
|  62|0x0000000083e00000, 0x0000000083e00000, 0x0000000083f00000|  0%| F|  |TAMS 0x0000000083e00000, 0x0000000083e00000| Untracked 
|  63|0x0000000083f00000, 0x0000000083f00000, 0x0000000084000000|  0%| F|  |TAMS 0x0000000083f00000, 0x0000000083f00000| Untracked 
|  64|0x0000000084000000, 0x0000000084000000, 0x0000000084100000|  0%| F|  |TAMS 0x0000000084000000, 0x0000000084000000| Untracked 
|  65|0x0000000084100000, 0x0000000084100000, 0x0000000084200000|  0%| F|  |TAMS 0x0000000084100000, 0x0000000084100000| Untracked 
|  66|0x0000000084200000, 0x0000000084200000, 0x0000000084300000|  0%| F|  |TAMS 0x0000000084200000, 0x0000000084200000| Untracked 
|  67|0x0000000084300000, 0x0000000084300000, 0x0000000084400000|  0%| F|  |TAMS 0x0000000084300000, 0x0000000084300000| Untracked 
|  68|0x0000000084400000, 0x000000008446de08, 0x0000000084500000| 42%| E|  |TAMS 0x0000000084400000, 0x0000000084400000| Complete 
| 128|0x0000000088000000, 0x0000000088100000, 0x0000000088100000|100%| E|CS|TAMS 0x0000000088000000, 0x0000000088000000| Complete 
| 129|0x0000000088100000, 0x0000000088200000, 0x0000000088200000|100%| E|CS|TAMS 0x0000000088100000, 0x0000000088100000| Complete 
| 130|0x0000000088200000, 0x0000000088300000, 0x0000000088300000|100%| E|CS|TAMS 0x0000000088200000, 0x0000000088200000| Complete 
| 131|0x0000000088300000, 0x0000000088400000, 0x0000000088400000|100%| E|CS|TAMS 0x0000000088300000, 0x0000000088300000| Complete 
| 132|0x0000000088400000, 0x0000000088500000, 0x0000000088500000|100%| E|CS|TAMS 0x0000000088400000, 0x0000000088400000| Complete 
| 133|0x0000000088500000, 0x0000000088600000, 0x0000000088600000|100%| E|CS|TAMS 0x0000000088500000, 0x0000000088500000| Complete 
| 134|0x0000000088600000, 0x00000000886249a8, 0x0000000088700000| 14%| S|CS|TAMS 0x0000000088600000, 0x0000000088600000| Complete 
| 135|0x0000000088700000, 0x0000000088800000, 0x0000000088800000|100%| S|CS|TAMS 0x0000000088700000, 0x0000000088700000| Complete 
| 136|0x0000000088800000, 0x0000000088900000, 0x0000000088900000|100%| S|CS|TAMS 0x0000000088800000, 0x0000000088800000| Complete 
| 137|0x0000000088900000, 0x0000000088a00000, 0x0000000088a00000|100%| E|CS|TAMS 0x0000000088900000, 0x0000000088900000| Complete 
| 138|0x0000000088a00000, 0x0000000088b00000, 0x0000000088b00000|100%| E|CS|TAMS 0x0000000088a00000, 0x0000000088a00000| Complete 
| 139|0x0000000088b00000, 0x0000000088c00000, 0x0000000088c00000|100%| E|CS|TAMS 0x0000000088b00000, 0x0000000088b00000| Complete 
| 255|0x000000008ff00000, 0x0000000090000000, 0x0000000090000000|100%| E|CS|TAMS 0x000000008ff00000, 0x000000008ff00000| Complete 

Card table byte_map: [0x000001c0becb0000,0x000001c0bf0b0000] _byte_map_base: 0x000001c0be8b0000

Marking Bits (Prev, Next): (CMBitMap*) 0x000001c0a4a02490, (CMBitMap*) 0x000001c0a4a024d0
 Prev Bits: [0x000001c0bf4b0000, 0x000001c0c14b0000)
 Next Bits: [0x000001c0c14b0000, 0x000001c0c34b0000)

Polling page: 0x000001c0a4a50000

Metaspace:

Usage:
  Non-class:     40.50 MB used.
      Class:      6.60 MB used.
       Both:     47.10 MB used.

Virtual space:
  Non-class space:       64.00 MB reserved,      40.81 MB ( 64%) committed,  1 nodes.
      Class space:      416.00 MB reserved,       6.88 MB (  2%) committed,  1 nodes.
             Both:      480.00 MB reserved,      47.69 MB ( 10%) committed. 

Chunk freelists:
   Non-Class:  6.39 MB
       Class:  9.07 MB
        Both:  15.47 MB

MaxMetaspaceSize: 512.00 MB
CompressedClassSpaceSize: 416.00 MB
Initial GC threshold: 21.00 MB
Current GC threshold: 76.81 MB
CDS: on
MetaspaceReclaimPolicy: balanced
 - commit_granule_bytes: 65536.
 - commit_granule_words: 8192.
 - virtual_space_node_default_size: 8388608.
 - enlarge_chunks_in_place: 1.
 - new_chunks_are_fully_committed: 0.
 - uncommit_free_chunks: 1.
 - use_allocation_guard: 0.
 - handle_deallocations: 1.


Internal statistics:

num_allocs_failed_limit: 6.
num_arena_births: 678.
num_arena_deaths: 0.
num_vsnodes_births: 2.
num_vsnodes_deaths: 0.
num_space_committed: 763.
num_space_uncommitted: 0.
num_chunks_returned_to_freelist: 6.
num_chunks_taken_from_freelist: 2557.
num_chunk_merges: 6.
num_chunk_splits: 1700.
num_chunks_enlarged: 1137.
num_inconsistent_stats: 0.

CodeHeap 'non-profiled nmethods': size=120000Kb used=2839Kb max_used=2965Kb free=117160Kb
 bounds [0x000001c0b6e50000, 0x000001c0b7150000, 0x000001c0be380000]
CodeHeap 'profiled nmethods': size=120000Kb used=10136Kb max_used=10136Kb free=109863Kb
 bounds [0x000001c0af380000, 0x000001c0afd70000, 0x000001c0b68b0000]
CodeHeap 'non-nmethods': size=5760Kb used=2328Kb max_used=2386Kb free=3431Kb
 bounds [0x000001c0b68b0000, 0x000001c0b6b20000, 0x000001c0b6e50000]
 total_blobs=6016 nmethods=5169 adapters=759
 compilation: enabled
              stopped_count=0, restarted_count=0
 full_count=0

Compilation events (20 events):
Event: 26.609 Thread 0x000001c0c5aea520 nmethod 5818 0x000001c0b6f8fe10 code [0x000001c0b6f8ffa0, 0x000001c0b6f90078]
Event: 26.610 Thread 0x000001c0c5aea520 5819       1       groovy.lang.MetaClassImpl$MethodIndexAction::skipClass (2 bytes)
Event: 26.610 Thread 0x000001c0c5aea520 nmethod 5819 0x000001c0b6f8fb10 code [0x000001c0b6f8fca0, 0x000001c0b6f8fd78]
Event: 26.627 Thread 0x000001c0c5aea520 5820       3       java.lang.String::replace (42 bytes)
Event: 26.628 Thread 0x000001c0c5aea520 nmethod 5820 0x000001c0afd44990 code [0x000001c0afd44b60, 0x000001c0afd44e98]
Event: 26.629 Thread 0x000001c0c5aea520 5821       3       groovy.lang.MetaClassImpl$$Lambda$436/0x000001c0c7440d38::apply (12 bytes)
Event: 26.630 Thread 0x000001c0c5aea520 nmethod 5821 0x000001c0afd44f90 code [0x000001c0afd451c0, 0x000001c0afd45898]
Event: 26.630 Thread 0x000001c0c5aea520 5822       3       org.apache.groovy.util.BeanUtils::decapitalize (68 bytes)
Event: 26.631 Thread 0x000001c0c5aea520 nmethod 5822 0x000001c0afd45b90 code [0x000001c0afd45f00, 0x000001c0afd47468]
Event: 26.631 Thread 0x000001c0c5aea520 5823       3       java.lang.invoke.LambdaForm$MH/0x000001c0c702b400::invoke (25 bytes)
Event: 26.632 Thread 0x000001c0c5aea520 nmethod 5823 0x000001c0afd47c10 code [0x000001c0afd47de0, 0x000001c0afd48338]
Event: 26.636 Thread 0x000001c0c5aea520 5824       3       java.util.StringTokenizer::scanToken (179 bytes)
Event: 26.637 Thread 0x000001c0c5aea520 nmethod 5824 0x000001c0afd48490 code [0x000001c0afd48800, 0x000001c0afd49ed8]
Event: 26.639 Thread 0x000001c0c5ae9050 5825       4       org.gradle.internal.instantiation.generator.AbstractClassGenerator$InjectionAnnotationValidator::validateMethod (502 bytes)
Event: 26.646 Thread 0x000001c0c5ae9050 nmethod 5825 0x000001c0b6fb0e10 code [0x000001c0b6fb1000, 0x000001c0b6fb1660]
Event: 26.647 Thread 0x000001c0c5ae9050 5826       4       org.objectweb.asm.Type::getInternalName (16 bytes)
Event: 26.651 Thread 0x000001c0c5ae9050 nmethod 5826 0x000001c0b6f8f190 code [0x000001c0b6f8f320, 0x000001c0b6f8f858]
Event: 26.651 Thread 0x000001c0c5ae9050 5827       4       org.objectweb.asm.MethodWriter::visitLabel (328 bytes)
Event: 26.651 Thread 0x000001c0c5aea520 5828       3       org.gradle.internal.instantiation.generator.AsmBackedClassGenerator$ClassBuilderImpl::access$2900 (4 bytes)
Event: 26.652 Thread 0x000001c0c5aea520 nmethod 5828 0x000001c0afd4a710 code [0x000001c0afd4a8a0, 0x000001c0afd4a998]

GC Heap History (20 events):
Event: 8.808 GC heap before
{Heap before GC invocations=5 (full 0):
 garbage-first heap   total 81920K, used 59261K [0x0000000080000000, 0x0000000100000000)
  region size 1024K, 48 young (49152K), 12 survivors (12288K)
 Metaspace       used 27899K, committed 28224K, reserved 491520K
  class space    used 3966K, committed 4096K, reserved 425984K
}
Event: 8.816 GC heap after
{Heap after GC invocations=6 (full 0):
 garbage-first heap   total 81920K, used 25513K [0x0000000080000000, 0x0000000100000000)
  region size 1024K, 4 young (4096K), 4 survivors (4096K)
 Metaspace       used 27899K, committed 28224K, reserved 491520K
  class space    used 3966K, committed 4096K, reserved 425984K
}
Event: 8.832 GC heap before
{Heap before GC invocations=6 (full 0):
 garbage-first heap   total 81920K, used 26537K [0x0000000080000000, 0x0000000100000000)
  region size 1024K, 5 young (5120K), 4 survivors (4096K)
 Metaspace       used 28028K, committed 28288K, reserved 491520K
  class space    used 3980K, committed 4096K, reserved 425984K
}
Event: 8.835 GC heap after
{Heap after GC invocations=7 (full 0):
 garbage-first heap   total 81920K, used 25937K [0x0000000080000000, 0x0000000100000000)
  region size 1024K, 1 young (1024K), 1 survivors (1024K)
 Metaspace       used 28028K, committed 28288K, reserved 491520K
  class space    used 3980K, committed 4096K, reserved 425984K
}
Event: 9.610 GC heap before
{Heap before GC invocations=7 (full 0):
 garbage-first heap   total 81920K, used 60753K [0x0000000080000000, 0x0000000100000000)
  region size 1024K, 36 young (36864K), 1 survivors (1024K)
 Metaspace       used 31220K, committed 31616K, reserved 491520K
  class space    used 4396K, committed 4608K, reserved 425984K
}
Event: 9.615 GC heap after
{Heap after GC invocations=8 (full 0):
 garbage-first heap   total 81920K, used 28728K [0x0000000080000000, 0x0000000100000000)
  region size 1024K, 4 young (4096K), 4 survivors (4096K)
 Metaspace       used 31220K, committed 31616K, reserved 491520K
  class space    used 4396K, committed 4608K, reserved 425984K
}
Event: 21.154 GC heap before
{Heap before GC invocations=8 (full 0):
 garbage-first heap   total 81920K, used 66616K [0x0000000080000000, 0x0000000100000000)
  region size 1024K, 37 young (37888K), 4 survivors (4096K)
 Metaspace       used 33591K, committed 33984K, reserved 491520K
  class space    used 4628K, committed 4800K, reserved 425984K
}
Event: 21.160 GC heap after
{Heap after GC invocations=9 (full 0):
 garbage-first heap   total 81920K, used 31053K [0x0000000080000000, 0x0000000100000000)
  region size 1024K, 4 young (4096K), 4 survivors (4096K)
 Metaspace       used 33591K, committed 33984K, reserved 491520K
  class space    used 4628K, committed 4800K, reserved 425984K
}
Event: 22.059 GC heap before
{Heap before GC invocations=9 (full 0):
 garbage-first heap   total 81920K, used 60749K [0x0000000080000000, 0x0000000100000000)
  region size 1024K, 33 young (33792K), 4 survivors (4096K)
 Metaspace       used 35639K, committed 36096K, reserved 491520K
  class space    used 4853K, committed 5056K, reserved 425984K
}
Event: 22.064 GC heap after
{Heap after GC invocations=10 (full 0):
 garbage-first heap   total 81920K, used 33119K [0x0000000080000000, 0x0000000100000000)
  region size 1024K, 2 young (2048K), 2 survivors (2048K)
 Metaspace       used 35639K, committed 36096K, reserved 491520K
  class space    used 4853K, committed 5056K, reserved 425984K
}
Event: 23.166 GC heap before
{Heap before GC invocations=11 (full 0):
 garbage-first heap   total 81920K, used 63839K [0x0000000080000000, 0x0000000100000000)
  region size 1024K, 32 young (32768K), 2 survivors (2048K)
 Metaspace       used 38969K, committed 39424K, reserved 491520K
  class space    used 5387K, committed 5568K, reserved 425984K
}
Event: 23.172 GC heap after
{Heap after GC invocations=12 (full 0):
 garbage-first heap   total 81920K, used 33499K [0x0000000080000000, 0x0000000100000000)
  region size 1024K, 3 young (3072K), 3 survivors (3072K)
 Metaspace       used 38969K, committed 39424K, reserved 491520K
  class space    used 5387K, committed 5568K, reserved 425984K
}
Event: 24.491 GC heap before
{Heap before GC invocations=12 (full 0):
 garbage-first heap   total 81920K, used 64219K [0x0000000080000000, 0x0000000100000000)
  region size 1024K, 33 young (33792K), 3 survivors (3072K)
 Metaspace       used 42007K, committed 42496K, reserved 491520K
  class space    used 5874K, committed 6080K, reserved 425984K
}
Event: 24.499 GC heap after
{Heap after GC invocations=13 (full 0):
 garbage-first heap   total 81920K, used 35351K [0x0000000080000000, 0x0000000100000000)
  region size 1024K, 5 young (5120K), 5 survivors (5120K)
 Metaspace       used 42007K, committed 42496K, reserved 491520K
  class space    used 5874K, committed 6080K, reserved 425984K
}
Event: 25.688 GC heap before
{Heap before GC invocations=13 (full 0):
 garbage-first heap   total 81920K, used 65047K [0x0000000080000000, 0x0000000100000000)
  region size 1024K, 34 young (34816K), 5 survivors (5120K)
 Metaspace       used 45559K, committed 46144K, reserved 491520K
  class space    used 6435K, committed 6720K, reserved 425984K
}
Event: 25.695 GC heap after
{Heap after GC invocations=14 (full 0):
 garbage-first heap   total 81920K, used 37389K [0x0000000080000000, 0x0000000100000000)
  region size 1024K, 4 young (4096K), 4 survivors (4096K)
 Metaspace       used 45559K, committed 46144K, reserved 491520K
  class space    used 6435K, committed 6720K, reserved 425984K
}
Event: 26.104 GC heap before
{Heap before GC invocations=14 (full 0):
 garbage-first heap   total 81920K, used 49677K [0x0000000080000000, 0x0000000100000000)
  region size 1024K, 15 young (15360K), 4 survivors (4096K)
 Metaspace       used 46536K, committed 47168K, reserved 491520K
  class space    used 6556K, committed 6848K, reserved 425984K
}
Event: 26.110 GC heap after
{Heap after GC invocations=15 (full 0):
 garbage-first heap   total 81920K, used 40446K [0x0000000080000000, 0x0000000100000000)
  region size 1024K, 3 young (3072K), 3 survivors (3072K)
 Metaspace       used 46536K, committed 47168K, reserved 491520K
  class space    used 6556K, committed 6848K, reserved 425984K
}
Event: 26.281 GC heap before
{Heap before GC invocations=16 (full 0):
 garbage-first heap   total 81920K, used 45566K [0x0000000080000000, 0x0000000100000000)
  region size 1024K, 7 young (7168K), 3 survivors (3072K)
 Metaspace       used 46646K, committed 47296K, reserved 491520K
  class space    used 6572K, committed 6848K, reserved 425984K
}
Event: 26.287 GC heap after
{Heap after GC invocations=17 (full 0):
 garbage-first heap   total 81920K, used 43595K [0x0000000080000000, 0x0000000100000000)
  region size 1024K, 3 young (3072K), 3 survivors (3072K)
 Metaspace       used 46646K, committed 47296K, reserved 491520K
  class space    used 6572K, committed 6848K, reserved 425984K
}

Dll operation events (15 events):
Event: 0.024 Loaded shared library C:\Program Files\OpenLogic\jdk-17.0.10.7-hotspot\bin\java.dll
Event: 0.065 Loaded shared library C:\Program Files\OpenLogic\jdk-17.0.10.7-hotspot\bin\jsvml.dll
Event: 0.139 Loaded shared library C:\Program Files\OpenLogic\jdk-17.0.10.7-hotspot\bin\zip.dll
Event: 0.144 Loaded shared library C:\Program Files\OpenLogic\jdk-17.0.10.7-hotspot\bin\instrument.dll
Event: 0.154 Loaded shared library C:\Program Files\OpenLogic\jdk-17.0.10.7-hotspot\bin\net.dll
Event: 0.160 Loaded shared library C:\Program Files\OpenLogic\jdk-17.0.10.7-hotspot\bin\nio.dll
Event: 0.165 Loaded shared library C:\Program Files\OpenLogic\jdk-17.0.10.7-hotspot\bin\zip.dll
Event: 0.466 Loaded shared library C:\Program Files\OpenLogic\jdk-17.0.10.7-hotspot\bin\jimage.dll
Event: 0.583 Loaded shared library C:\Program Files\OpenLogic\jdk-17.0.10.7-hotspot\bin\verify.dll
Event: 0.878 Loaded shared library C:\Users\MAHE\.gradle\native\68d5fa5c4cc2d200863cafc0d521ce42e7d3e7ee720ec0a83991735586a16f82\windows-amd64\native-platform.dll
Event: 0.908 Loaded shared library C:\Users\MAHE\.gradle\native\e376f236ea51e6404a007f0833ffe2c6e607c4080706a723a18a27aeea778392\windows-amd64\native-platform-file-events.dll
Event: 2.673 Loaded shared library C:\Program Files\OpenLogic\jdk-17.0.10.7-hotspot\bin\management.dll
Event: 2.677 Loaded shared library C:\Program Files\OpenLogic\jdk-17.0.10.7-hotspot\bin\management_ext.dll
Event: 4.010 Loaded shared library C:\Program Files\OpenLogic\jdk-17.0.10.7-hotspot\bin\extnet.dll
Event: 4.197 Loaded shared library C:\Program Files\OpenLogic\jdk-17.0.10.7-hotspot\bin\sunmscapi.dll

Deoptimization events (20 events):
Event: 26.597 Thread 0x000001c0e7260e00 DEOPT PACKING pc=0x000001c0af8d38e6 sp=0x000000a5700f6550
Event: 26.597 Thread 0x000001c0e7260e00 DEOPT UNPACKING pc=0x000001c0b6907143 sp=0x000000a5700f5a18 mode 0
Event: 26.597 Thread 0x000001c0e7260e00 DEOPT PACKING pc=0x000001c0afa2ba31 sp=0x000000a5700f6520
Event: 26.597 Thread 0x000001c0e7260e00 DEOPT UNPACKING pc=0x000001c0b6907143 sp=0x000000a5700f5a10 mode 0
Event: 26.598 Thread 0x000001c0e7260e00 DEOPT PACKING pc=0x000001c0af8d38e6 sp=0x000000a5700f6550
Event: 26.598 Thread 0x000001c0e7260e00 DEOPT UNPACKING pc=0x000001c0b6907143 sp=0x000000a5700f5a18 mode 0
Event: 26.601 Thread 0x000001c0e7260e00 DEOPT PACKING pc=0x000001c0afa2ba31 sp=0x000000a5700f6520
Event: 26.601 Thread 0x000001c0e7260e00 DEOPT UNPACKING pc=0x000001c0b6907143 sp=0x000000a5700f5a10 mode 0
Event: 26.602 Thread 0x000001c0e7260e00 Uncommon trap: trap_request=0xffffff45 fr.pc=0x000001c0b6f08984 relative=0x00000000000005e4
Event: 26.602 Thread 0x000001c0e7260e00 Uncommon trap: reason=unstable_if action=reinterpret pc=0x000001c0b6f08984 method=java.lang.String.replace(CC)Ljava/lang/String; @ 2 c2
Event: 26.602 Thread 0x000001c0e7260e00 DEOPT PACKING pc=0x000001c0b6f08984 sp=0x000000a5700f6630
Event: 26.602 Thread 0x000001c0e7260e00 DEOPT UNPACKING pc=0x000001c0b69069a3 sp=0x000000a5700f65e0 mode 2
Event: 26.607 Thread 0x000001c0e7260e00 Uncommon trap: trap_request=0xffffff45 fr.pc=0x000001c0b70a4244 relative=0x0000000000002b24
Event: 26.607 Thread 0x000001c0e7260e00 Uncommon trap: reason=unstable_if action=reinterpret pc=0x000001c0b70a4244 method=groovy.lang.MetaClassImpl.checkIfStdMethod(Lgroovy/lang/MetaMethod;)V @ 55 c2
Event: 26.607 Thread 0x000001c0e7260e00 DEOPT PACKING pc=0x000001c0b70a4244 sp=0x000000a5700f6290
Event: 26.607 Thread 0x000001c0e7260e00 DEOPT UNPACKING pc=0x000001c0b69069a3 sp=0x000000a5700f6250 mode 2
Event: 26.607 Thread 0x000001c0e7260e00 Uncommon trap: trap_request=0xffffff45 fr.pc=0x000001c0b709e3dc relative=0x00000000000027fc
Event: 26.607 Thread 0x000001c0e7260e00 Uncommon trap: reason=unstable_if action=reinterpret pc=0x000001c0b709e3dc method=groovy.lang.MetaClassImpl.checkIfStdMethod(Lgroovy/lang/MetaMethod;)V @ 55 c2
Event: 26.607 Thread 0x000001c0e7260e00 DEOPT PACKING pc=0x000001c0b709e3dc sp=0x000000a5700f6220
Event: 26.607 Thread 0x000001c0e7260e00 DEOPT UNPACKING pc=0x000001c0b69069a3 sp=0x000000a5700f6248 mode 2

Classes unloaded (0 events):
No events

Classes redefined (0 events):
No events

Internal exceptions (20 events):
Event: 25.764 Thread 0x000001c0e7260e00 Exception <a 'java/lang/NoSuchMethodError'{0x0000000088a96330}: static Lorg/gradle/api/internal/catalog/AbstractContextAwareModel;.<clinit>()V> (0x0000000088a96330) 
thrown [s\src\hotspot\share\prims\jni.cpp, line 1107]
Event: 25.767 Thread 0x000001c0e7260e00 Exception <a 'java/lang/NoSuchMethodError'{0x0000000088aafc80}: static Lorg/gradle/api/internal/artifacts/dependencies/AbstractVersionConstraint;.<clinit>()V> (0x0000000088aafc80) 
thrown [s\src\hotspot\share\prims\jni.cpp, line 1107]
Event: 25.779 Thread 0x000001c0e7260e00 Exception <a 'java/lang/NoSuchMethodError'{0x000000008896bc18}: static Lorg/gradle/api/internal/catalog/PluginModel;.<clinit>()V> (0x000000008896bc18) 
thrown [s\src\hotspot\share\prims\jni.cpp, line 1107]
Event: 25.780 Thread 0x000001c0e7260e00 Exception <a 'java/lang/NoSuchMethodError'{0x0000000088982c08}: static Lorg/gradle/api/internal/catalog/VersionModel;.<clinit>()V> (0x0000000088982c08) 
thrown [s\src\hotspot\share\prims\jni.cpp, line 1107]
Event: 25.782 Thread 0x000001c0e7260e00 Exception <a 'java/lang/NoSuchMethodError'{0x00000000889a9040}: 'void java.lang.invoke.DirectMethodHandle$Holder.invokeSpecial(java.lang.Object, java.lang.Object, java.lang.Object, int)'> (0x00000000889a9040) 
thrown [s\src\hotspot\share\interpreter\linkResolver.cpp, line 759]
Event: 26.460 Thread 0x000001c0e7260e00 Exception <a 'java/lang/ClassNotFoundException'{0x000000008ffdc388}: org/gradle/api/internal/project/DefaultProject_DecoratedBeanInfo> (0x000000008ffdc388) 
thrown [s\src\hotspot\share\classfile\systemDictionary.cpp, line 256]
Event: 26.462 Thread 0x000001c0e7260e00 Exception <a 'java/lang/ClassNotFoundException'{0x000000008fff5dd0}: org/gradle/api/internal/project/DefaultProjectBeanInfo> (0x000000008fff5dd0) 
thrown [s\src\hotspot\share\classfile\systemDictionary.cpp, line 256]
Event: 26.466 Thread 0x000001c0e7260e00 Exception <a 'java/lang/ClassNotFoundException'{0x0000000088b0fbd8}: org/gradle/api/internal/project/DefaultProjectCustomizer> (0x0000000088b0fbd8) 
thrown [s\src\hotspot\share\classfile\systemDictionary.cpp, line 256]
Event: 26.491 Thread 0x000001c0e7260e00 Exception <a 'java/lang/ClassNotFoundException'{0x0000000088bc6098}: org/gradle/api/internal/project/DefaultProject_DecoratedCustomizer> (0x0000000088bc6098) 
thrown [s\src\hotspot\share\classfile\systemDictionary.cpp, line 256]
Event: 26.554 Thread 0x000001c0e7260e00 Exception <a 'java/lang/IncompatibleClassChangeError'{0x000000008894ea30}: Found class java.lang.Object, but interface was expected> (0x000000008894ea30) 
thrown [s\src\hotspot\share\interpreter\linkResolver.cpp, line 826]
Event: 26.611 Thread 0x000001c0e7260e00 Exception <a 'java/lang/ClassNotFoundException'{0x000000008841f510}: org/gradle/api/internal/project/DefaultAntBuilderBeanInfo> (0x000000008841f510) 
thrown [s\src\hotspot\share\classfile\systemDictionary.cpp, line 256]
Event: 26.614 Thread 0x000001c0e7260e00 Exception <a 'java/lang/ClassNotFoundException'{0x000000008843b318}: org/gradle/api/internal/project/ant/BasicAntBuilderBeanInfo> (0x000000008843b318) 
thrown [s\src\hotspot\share\classfile\systemDictionary.cpp, line 256]
Event: 26.615 Thread 0x000001c0e7260e00 Exception <a 'java/lang/ClassNotFoundException'{0x0000000088456568}: org/gradle/api/AntBuilderBeanInfo> (0x0000000088456568) 
thrown [s\src\hotspot\share\classfile\systemDictionary.cpp, line 256]
Event: 26.616 Thread 0x000001c0e7260e00 Exception <a 'java/lang/ClassNotFoundException'{0x0000000088473c20}: groovy/ant/AntBuilderBeanInfo> (0x0000000088473c20) 
thrown [s\src\hotspot\share\classfile\systemDictionary.cpp, line 256]
Event: 26.618 Thread 0x000001c0e7260e00 Exception <a 'java/lang/ClassNotFoundException'{0x00000000884dfe20}: groovy/util/BuilderSupportBeanInfo> (0x00000000884dfe20) 
thrown [s\src\hotspot\share\classfile\systemDictionary.cpp, line 256]
Event: 26.619 Thread 0x000001c0e7260e00 Exception <a 'java/lang/ClassNotFoundException'{0x000000008834c2e0}: groovy/util/BuilderSupportCustomizer> (0x000000008834c2e0) 
thrown [s\src\hotspot\share\classfile\systemDictionary.cpp, line 256]
Event: 26.621 Thread 0x000001c0e7260e00 Exception <a 'java/lang/ClassNotFoundException'{0x000000008836bcd8}: groovy/ant/AntBuilderCustomizer> (0x000000008836bcd8) 
thrown [s\src\hotspot\share\classfile\systemDictionary.cpp, line 256]
Event: 26.622 Thread 0x000001c0e7260e00 Exception <a 'java/lang/ClassNotFoundException'{0x000000008838be88}: org/gradle/api/AntBuilderCustomizer> (0x000000008838be88) 
thrown [s\src\hotspot\share\classfile\systemDictionary.cpp, line 256]
Event: 26.623 Thread 0x000001c0e7260e00 Exception <a 'java/lang/ClassNotFoundException'{0x00000000883b2ea0}: org/gradle/api/internal/project/ant/BasicAntBuilderCustomizer> (0x00000000883b2ea0) 
thrown [s\src\hotspot\share\classfile\systemDictionary.cpp, line 256]
Event: 26.627 Thread 0x000001c0e7260e00 Exception <a 'java/lang/ClassNotFoundException'{0x00000000883e0c00}: org/gradle/api/internal/project/DefaultAntBuilderCustomizer> (0x00000000883e0c00) 
thrown [s\src\hotspot\share\classfile\systemDictionary.cpp, line 256]

VM Operations (20 events):
Event: 25.607 Executing VM operation: ICBufferFull
Event: 25.607 Executing VM operation: ICBufferFull done
Event: 25.688 Executing VM operation: G1CollectForAllocation
Event: 25.695 Executing VM operation: G1CollectForAllocation done
Event: 25.755 Executing VM operation: HandshakeAllThreads
Event: 25.755 Executing VM operation: HandshakeAllThreads done
Event: 26.104 Executing VM operation: G1TryInitiateConcMark
Event: 26.110 Executing VM operation: G1TryInitiateConcMark done
Event: 26.164 Executing VM operation: G1PauseRemark
Event: 26.169 Executing VM operation: G1PauseRemark done
Event: 26.194 Executing VM operation: G1PauseCleanup
Event: 26.194 Executing VM operation: G1PauseCleanup done
Event: 26.220 Executing VM operation: HandshakeAllThreads
Event: 26.220 Executing VM operation: HandshakeAllThreads done
Event: 26.281 Executing VM operation: G1TryInitiateConcMark
Event: 26.297 Executing VM operation: G1TryInitiateConcMark done
Event: 26.346 Executing VM operation: G1PauseRemark
Event: 26.349 Executing VM operation: G1PauseRemark done
Event: 26.375 Executing VM operation: G1PauseCleanup
Event: 26.375 Executing VM operation: G1PauseCleanup done

Events (20 events):
Event: 26.511 loading class java/util/TreeMap$EntrySpliterator
Event: 26.512 loading class java/util/TreeMap$TreeMapSpliterator
Event: 26.512 loading class java/util/TreeMap$TreeMapSpliterator done
Event: 26.512 loading class java/util/TreeMap$EntrySpliterator done
Event: 26.530 loading class java/util/Stack
Event: 26.532 loading class java/util/Stack done
Event: 26.539 loading class java/lang/ThreadLocal$SuppliedThreadLocal
Event: 26.539 loading class java/lang/ThreadLocal$SuppliedThreadLocal done
Event: 26.553 loading class org/xml/sax/ContentHandler
Event: 26.553 loading class org/xml/sax/ContentHandler done
Event: 26.553 loading class org/xml/sax/EntityResolver
Event: 26.553 loading class org/xml/sax/EntityResolver done
Event: 26.553 loading class org/xml/sax/DTDHandler
Event: 26.553 loading class org/xml/sax/DTDHandler done
Event: 26.571 loading class java/util/Spliterators$IntArraySpliterator
Event: 26.571 loading class java/util/Spliterators$IntArraySpliterator done
Event: 26.578 loading class java/text/ParsePosition
Event: 26.578 loading class java/text/ParsePosition done
Event: 26.588 loading class java/text/CharacterIterator
Event: 26.589 loading class java/text/CharacterIterator done


Dynamic libraries:
0x00007ff7da180000 - 0x00007ff7da18e000 	C:\Program Files\OpenLogic\jdk-17.0.10.7-hotspot\bin\java.exe
0x00007ffcdecb0000 - 0x00007ffcdeec7000 	C:\Windows\SYSTEM32\ntdll.dll
0x00007ffcdda10000 - 0x00007ffcddad4000 	C:\Windows\System32\KERNEL32.DLL
0x00007ffcdbfd0000 - 0x00007ffcdc377000 	C:\Windows\System32\KERNELBASE.dll
0x00007ffcdbce0000 - 0x00007ffcdbe2c000 	C:\Windows\system32\hmpalert.dll
0x00007ffcdc5e0000 - 0x00007ffcdc6f1000 	C:\Windows\System32\ucrtbase.dll
0x00007ffcc3010000 - 0x00007ffcc302b000 	C:\Program Files\OpenLogic\jdk-17.0.10.7-hotspot\bin\VCRUNTIME140.dll
0x00007ffcc2ca0000 - 0x00007ffcc2cb7000 	C:\Program Files\OpenLogic\jdk-17.0.10.7-hotspot\bin\jli.dll
0x00007ffcdcc60000 - 0x00007ffcdce0e000 	C:\Windows\System32\USER32.dll
0x00007ffcdc910000 - 0x00007ffcdc936000 	C:\Windows\System32\win32u.dll
0x00007ffcdcbe0000 - 0x00007ffcdcc09000 	C:\Windows\System32\GDI32.dll
0x00007ffcdc700000 - 0x00007ffcdc819000 	C:\Windows\System32\gdi32full.dll
0x00007ffcdc940000 - 0x00007ffcdc9da000 	C:\Windows\System32\msvcp_win.dll
0x00007ffcdb160000 - 0x00007ffcdb3f3000 	C:\Windows\WinSxS\amd64_microsoft.windows.common-controls_6595b64144ccf1df_6.0.22621.3527_none_270e469b73872a76\COMCTL32.dll
0x00007ffcde770000 - 0x00007ffcde817000 	C:\Windows\System32\msvcrt.dll
0x00007ffcdcf10000 - 0x00007ffcdcf41000 	C:\Windows\System32\IMM32.DLL
0x00007ffccb810000 - 0x00007ffccb81c000 	C:\Program Files\OpenLogic\jdk-17.0.10.7-hotspot\bin\vcruntime140_1.dll
0x00007ffc5bd20000 - 0x00007ffc5bdad000 	C:\Program Files\OpenLogic\jdk-17.0.10.7-hotspot\bin\msvcp140.dll
0x00007ffc54980000 - 0x00007ffc555e2000 	C:\Program Files\OpenLogic\jdk-17.0.10.7-hotspot\bin\server\jvm.dll
0x00007ffcde820000 - 0x00007ffcde8d2000 	C:\Windows\System32\ADVAPI32.dll
0x00007ffcdd7b0000 - 0x00007ffcdd858000 	C:\Windows\System32\sechost.dll
0x00007ffcdc440000 - 0x00007ffcdc468000 	C:\Windows\System32\bcrypt.dll
0x00007ffcde650000 - 0x00007ffcde765000 	C:\Windows\System32\RPCRT4.dll
0x00007ffcdbb90000 - 0x00007ffcdbbdd000 	C:\Windows\SYSTEM32\POWRPROF.dll
0x00007ffcc9c30000 - 0x00007ffcc9c39000 	C:\Windows\SYSTEM32\WSOCK32.dll
0x00007ffcde240000 - 0x00007ffcde2b1000 	C:\Windows\System32\WS2_32.dll
0x00007ffccc380000 - 0x00007ffccc3b4000 	C:\Windows\SYSTEM32\WINMM.dll
0x00007ffcd6870000 - 0x00007ffcd687a000 	C:\Windows\SYSTEM32\VERSION.dll
0x00007ffcdbb70000 - 0x00007ffcdbb83000 	C:\Windows\SYSTEM32\UMPDC.dll
0x00007ffcda7c0000 - 0x00007ffcda7d8000 	C:\Windows\SYSTEM32\kernel.appcore.dll
0x00007ffcc9a60000 - 0x00007ffcc9a6a000 	C:\Program Files\OpenLogic\jdk-17.0.10.7-hotspot\bin\jimage.dll
0x00007ffcdb620000 - 0x00007ffcdb852000 	C:\Windows\SYSTEM32\DBGHELP.DLL
0x00007ffcde8e0000 - 0x00007ffcdec68000 	C:\Windows\System32\combase.dll
0x00007ffcdcb00000 - 0x00007ffcdcbd7000 	C:\Windows\System32\OLEAUT32.dll
0x00007ffcdb5e0000 - 0x00007ffcdb612000 	C:\Windows\SYSTEM32\dbgcore.DLL
0x00007ffcdc890000 - 0x00007ffcdc909000 	C:\Windows\System32\bcryptPrimitives.dll
0x00007ffcaefe0000 - 0x00007ffcaefee000 	C:\Program Files\OpenLogic\jdk-17.0.10.7-hotspot\bin\instrument.dll
0x00007ffc81440000 - 0x00007ffc81465000 	C:\Program Files\OpenLogic\jdk-17.0.10.7-hotspot\bin\java.dll
0x00007ffc5bc40000 - 0x00007ffc5bd16000 	C:\Program Files\OpenLogic\jdk-17.0.10.7-hotspot\bin\jsvml.dll
0x00007ffcdcf50000 - 0x00007ffcdd7ac000 	C:\Windows\System32\SHELL32.dll
0x00007ffcd96e0000 - 0x00007ffcd9fd6000 	C:\Windows\SYSTEM32\windows.storage.dll
0x00007ffcd95a0000 - 0x00007ffcd96de000 	C:\Windows\SYSTEM32\wintypes.dll
0x00007ffcdc9e0000 - 0x00007ffcdcad5000 	C:\Windows\System32\SHCORE.dll
0x00007ffcddfc0000 - 0x00007ffcde01e000 	C:\Windows\System32\shlwapi.dll
0x00007ffcdbf00000 - 0x00007ffcdbf21000 	C:\Windows\SYSTEM32\profapi.dll
0x00007ffc889c0000 - 0x00007ffc889d8000 	C:\Program Files\OpenLogic\jdk-17.0.10.7-hotspot\bin\zip.dll
0x00007ffcab7b0000 - 0x00007ffcab7c9000 	C:\Program Files\OpenLogic\jdk-17.0.10.7-hotspot\bin\net.dll
0x00007ffcd6560000 - 0x00007ffcd6696000 	C:\Windows\SYSTEM32\WINHTTP.dll
0x00007ffcdabf0000 - 0x00007ffcdac59000 	C:\Windows\system32\mswsock.dll
0x00007ffca0270000 - 0x00007ffca0286000 	C:\Program Files\OpenLogic\jdk-17.0.10.7-hotspot\bin\nio.dll
0x00007ffcc2a00000 - 0x00007ffcc2a10000 	C:\Program Files\OpenLogic\jdk-17.0.10.7-hotspot\bin\verify.dll
0x00007ffc7b790000 - 0x00007ffc7b7b7000 	C:\Users\MAHE\.gradle\native\68d5fa5c4cc2d200863cafc0d521ce42e7d3e7ee720ec0a83991735586a16f82\windows-amd64\native-platform.dll
0x00007ffc5baf0000 - 0x00007ffc5bc34000 	C:\Users\MAHE\.gradle\native\e376f236ea51e6404a007f0833ffe2c6e607c4080706a723a18a27aeea778392\windows-amd64\native-platform-file-events.dll
0x00007ffcb6110000 - 0x00007ffcb6119000 	C:\Program Files\OpenLogic\jdk-17.0.10.7-hotspot\bin\management.dll
0x00007ffcb6040000 - 0x00007ffcb604b000 	C:\Program Files\OpenLogic\jdk-17.0.10.7-hotspot\bin\management_ext.dll
0x00007ffcdcc10000 - 0x00007ffcdcc18000 	C:\Windows\System32\PSAPI.DLL
0x00007ffcdba20000 - 0x00007ffcdba3b000 	C:\Windows\SYSTEM32\CRYPTSP.dll
0x00007ffcda720000 - 0x00007ffcda755000 	C:\Windows\system32\rsaenh.dll
0x00007ffcdae70000 - 0x00007ffcdae98000 	C:\Windows\SYSTEM32\USERENV.dll
0x00007ffcdaea0000 - 0x00007ffcdaeac000 	C:\Windows\SYSTEM32\CRYPTBASE.dll
0x00007ffcda240000 - 0x00007ffcda26d000 	C:\Windows\SYSTEM32\IPHLPAPI.DLL
0x00007ffcde230000 - 0x00007ffcde239000 	C:\Windows\System32\NSI.dll
0x00007ffcd6880000 - 0x00007ffcd6899000 	C:\Windows\SYSTEM32\dhcpcsvc6.DLL
0x00007ffcd6450000 - 0x00007ffcd646f000 	C:\Windows\SYSTEM32\dhcpcsvc.DLL
0x00007ffcda2b0000 - 0x00007ffcda3a8000 	C:\Windows\SYSTEM32\DNSAPI.dll
0x00007ffcb5fb0000 - 0x00007ffcb5fb8000 	C:\Program Files\OpenLogic\jdk-17.0.10.7-hotspot\bin\extnet.dll
0x00007ffcae0d0000 - 0x00007ffcae0de000 	C:\Program Files\OpenLogic\jdk-17.0.10.7-hotspot\bin\sunmscapi.dll
0x00007ffcdc470000 - 0x00007ffcdc5d8000 	C:\Windows\System32\CRYPT32.dll
0x00007ffcdb030000 - 0x00007ffcdb05e000 	C:\Windows\SYSTEM32\ncrypt.dll
0x00007ffcdaff0000 - 0x00007ffcdb027000 	C:\Windows\SYSTEM32\NTASN1.dll
0x00007ffca01e0000 - 0x00007ffca01e8000 	C:\Windows\system32\wshunix.dll

dbghelp: loaded successfully - version: 4.0.5 - missing functions: none
symbol engine: initialized successfully - sym options: 0x614 - pdb path: .;C:\Program Files\OpenLogic\jdk-17.0.10.7-hotspot\bin;C:\Windows\SYSTEM32;C:\Windows\WinSxS\amd64_microsoft.windows.common-controls_6595b64144ccf1df_6.0.22621.3527_none_270e469b73872a76;C:\Program Files\OpenLogic\jdk-17.0.10.7-hotspot\bin\server;C:\Users\MAHE\.gradle\native\68d5fa5c4cc2d200863cafc0d521ce42e7d3e7ee720ec0a83991735586a16f82\windows-amd64;C:\Users\MAHE\.gradle\native\e376f236ea51e6404a007f0833ffe2c6e607c4080706a723a18a27aeea778392\windows-amd64

VM Arguments:
jvm_args: -XX:MaxMetaspaceSize=512m --add-opens=java.base/java.util=ALL-UNNAMED --add-opens=java.base/java.lang=ALL-UNNAMED --add-opens=java.base/java.lang.invoke=ALL-UNNAMED --add-opens=java.prefs/java.util.prefs=ALL-UNNAMED --add-opens=java.base/java.nio.charset=ALL-UNNAMED --add-opens=java.base/java.net=ALL-UNNAMED --add-opens=java.base/java.util.concurrent.atomic=ALL-UNNAMED -Xmx2048m -Dfile.encoding=windows-1252 -Duser.country=IN -Duser.language=en -Duser.variant -javaagent:C:\Users\MAHE\.gradle\wrapper\dists\gradle-8.3-all\6en3ugtfdg5xnpx44z4qbwgas\gradle-8.3\lib\agents\gradle-instrumentation-agent-8.3.jar 
java_command: org.gradle.launcher.daemon.bootstrap.GradleDaemon 8.3
java_class_path (initial): C:\Users\MAHE\.gradle\wrapper\dists\gradle-8.3-all\6en3ugtfdg5xnpx44z4qbwgas\gradle-8.3\lib\gradle-launcher-8.3.jar
Launcher Type: SUN_STANDARD

[Global flags]
     intx CICompilerCount                          = 3                                         {product} {ergonomic}
   size_t CompressedClassSpaceSize                 = 436207616                                 {product} {ergonomic}
     uint ConcGCThreads                            = 1                                         {product} {ergonomic}
     uint G1ConcRefinementThreads                  = 4                                         {product} {ergonomic}
   size_t G1HeapRegionSize                         = 1048576                                   {product} {ergonomic}
    uintx GCDrainStackTargetSize                   = 64                                        {product} {ergonomic}
   size_t InitialHeapSize                          = 268435456                                 {product} {ergonomic}
   size_t MarkStackSize                            = 4194304                                   {product} {ergonomic}
   size_t MaxHeapSize                              = 2147483648                                {product} {command line}
   size_t MaxMetaspaceSize                         = 536870912                                 {product} {command line}
   size_t MaxNewSize                               = 1287651328                                {product} {ergonomic}
   size_t MinHeapDeltaBytes                        = 1048576                                   {product} {ergonomic}
   size_t MinHeapSize                              = 8388608                                   {product} {ergonomic}
    uintx NonNMethodCodeHeapSize                   = 5832780                                {pd product} {ergonomic}
    uintx NonProfiledCodeHeapSize                  = 122912730                              {pd product} {ergonomic}
    uintx ProfiledCodeHeapSize                     = 122912730                              {pd product} {ergonomic}
    uintx ReservedCodeCacheSize                    = 251658240                              {pd product} {ergonomic}
     bool SegmentedCodeCache                       = true                                      {product} {ergonomic}
   size_t SoftMaxHeapSize                          = 2147483648                             {manageable} {ergonomic}
     bool UseCompressedClassPointers               = true                           {product lp64_product} {ergonomic}
     bool UseCompressedOops                        = true                           {product lp64_product} {ergonomic}
     bool UseG1GC                                  = true                                      {product} {ergonomic}
     bool UseLargePagesIndividualAllocation        = false                                  {pd product} {ergonomic}

Logging:
Log output configuration:
 #0: stdout all=warning uptime,level,tags
 #1: stderr all=off uptime,level,tags

Environment Variables:
JAVA_HOME=C:\Program Files\OpenLogic\jdk-17.0.10.7-hotspot\
CLASSPATH=C:\Users\MAHE\Documents\DOC APP BACKUP FILES\april30_\demo1_joyson1\android\\gradle\wrapper\gradle-wrapper.jar
PATH=C:\Users\MAHE\Documents\DOC APP BACKUP FILES\april30_\demo1_joyson1\node_modules\.bin;C:\Users\MAHE\Documents\DOC APP BACKUP FILES\april30_\demo1_joyson1\node_modules\.bin;C:\Users\MAHE\Documents\DOC APP BACKUP FILES\april30_\node_modules\.bin;C:\Users\MAHE\Documents\DOC APP BACKUP FILES\node_modules\.bin;C:\Users\MAHE\Documents\node_modules\.bin;C:\Users\MAHE\node_modules\.bin;C:\Users\node_modules\.bin;C:\node_modules\.bin;C:\Users\MAHE\AppData\Roaming\npm\node_modules\npm\node_modules\@npmcli\run-script\lib\node-gyp-bin;C:\Program Files\OpenLogic\jdk-17.0.10.7-hotspot\bin;C:\Python312\Scripts\;C:\Python312\;C:\Windows\system32;C:\Windows;C:\Windows\System32\Wbem;C:\Windows\System32\WindowsPowerShell\v1.0\;C:\Windows\System32\OpenSSH\;C:\Program Files\nodejs\;C:\ProgramData\chocolatey\bin;C:\Program Files\Git\cmd;C:\Program Files\Git\bin;C:\Program Files (x86)\Microsoft SQL Server\160\Tools\Binn\;C:\Program Files\Microsoft SQL Server\160\Tools\Binn\;C:\Program Files\Microsoft SQL Server\Client SDK\ODBC\170\Tools\Binn\;C:\Program Files\Microsoft SQL Server\160\DTS\Binn\;C:\Program Files (x86)\Microsoft SQL Server\160\DTS\Binn\;C:\Program Files\Azure Data Studio\bin;C:\Users\MAHE\AppData\Local\Microsoft\WindowsApps;C:\Users\MAHE\AppData\Local\Programs\Microsoft VS Code\bin;C:\Users\MAHE\AppData\Roaming\npm;C:\Users\MAHE\AppData\Local\Android\Sdk;C:\Users\MAHE\AppData\Local\Android\Sdk\platform-tools;C:\Users\MAHE\AppData\Local\Android\Sdk\emulator;C:\Program Files\Git\bin;;C:\Program Files\Azure Data Studio\bin
USERNAME=MAHE
LANG=en_US.UTF-8
OS=Windows_NT
PROCESSOR_IDENTIFIER=Intel64 Family 6 Model 60 Stepping 3, GenuineIntel
TMP=C:\Users\MAHE\AppData\Local\Temp
TEMP=C:\Users\MAHE\AppData\Local\Temp



Periodic native trim disabled


---------------  S Y S T E M  ---------------

OS:
 Windows 11 , 64 bit Build 22621 (10.0.22621.3527)
OS uptime: 0 days 18:28 hours

CPU: total 4 (initial active 4) (4 cores per cpu, 1 threads per core) family 6 model 60 stepping 3 microcode 0x28, cx8, cmov, fxsr, mmx, sse, sse2, sse3, ssse3, sse4.1, sse4.2, popcnt, lzcnt, tsc, tscinvbit, avx, avx2, aes, erms, clmul, bmi1, bmi2, fma, vzeroupper, clflush
Processor Information for all 4 processors :
  Max Mhz: 3001, Current Mhz: 3001, Mhz Limit: 3001

Memory: 4k page, system-wide physical 16309M (7477M free)
TotalPageFile size 32693M (AvailPageFile size 20341M)
current process WorkingSet (physical memory assigned to process): 244M, peak: 262M
current process commit charge ("private bytes"): 280M, peak: 433M

vm_info: OpenJDK 64-Bit Server VM (17.0.10+7-adhoc..jdk17u) for windows-amd64 JRE (17.0.10+7-adhoc..jdk17u), built on Jan 24 2024 08:51:31 by "" with MS VC++ 16.10 / 16.11 (VS2019)

END.
