#
# A fatal error has been detected by the Java Runtime Environment:
#
#  EXCEPTION_ACCESS_VIOLATION (0xc0000005) at pc=0x00007ff806aef220, pid=9220, tid=6812
#
# JRE version: OpenJDK Runtime Environment OpenLogic-OpenJDK (17.0.10+7) (build 17.0.10+7-adhoc..jdk17u)
# Java VM: OpenJDK 64-Bit Server VM OpenLogic-OpenJDK (17.0.10+7-adhoc..jdk17u, mixed mode, sharing, tiered, compressed oops, compressed class ptrs, g1 gc, windows-amd64)
# Problematic frame:
# V  [jvm.dll+0x2af220]
#
# No core dump will be written. Minidumps are not enabled by default on client versions of Windows
#
# If you would like to submit a bug report, please visit:
#   https://techsupport.roguewave.com/
#

---------------  S U M M A R Y ------------

Command Line: -XX:MaxMetaspaceSize=512m --add-opens=java.base/java.util=ALL-UNNAMED --add-opens=java.base/java.lang=ALL-UNNAMED --add-opens=java.base/java.lang.invoke=ALL-UNNAMED --add-opens=java.prefs/java.util.prefs=ALL-UNNAMED --add-opens=java.base/java.nio.charset=ALL-UNNAMED --add-opens=java.base/java.net=ALL-UNNAMED --add-opens=java.base/java.util.concurrent.atomic=ALL-UNNAMED -Xmx2048m -Dfile.encoding=windows-1252 -Duser.country=IN -Duser.language=en -Duser.variant -javaagent:C:\Users\MAHE\.gradle\wrapper\dists\gradle-8.3-all\6en3ugtfdg5xnpx44z4qbwgas\gradle-8.3\lib\agents\gradle-instrumentation-agent-8.3.jar org.gradle.launcher.daemon.bootstrap.GradleDaemon 8.3

Host: Intel(R) Core(TM) i5-4590S CPU @ 3.00GHz, 4 cores, 15G,  Windows 11 , 64 bit Build 22621 (10.0.22621.3527)
Time: Mon May 27 14:50:28 2024 India Standard Time elapsed time: 51.757481 seconds (0d 0h 0m 51s)

---------------  T H R E A D  ---------------

Current thread (0x0000029a6d949060):  JavaThread "C2 CompilerThread1" daemon [_thread_in_native, id=6812, stack(0x000000a298d00000,0x000000a298e00000)]


Current CompileTask:
C2:  51757 9511       4       org.codehaus.groovy.vmplugin.v9.Java9::checkCanSetAccessible (137 bytes)

Stack: [0x000000a298d00000,0x000000a298e00000],  sp=0x000000a298dfa680,  free space=1001k
Native frames: (J=compiled Java code, j=interpreted, Vv=VM code, C=native code)
V  [jvm.dll+0x2af220]
V  [jvm.dll+0x584f47]
V  [jvm.dll+0x222c52]
V  [jvm.dll+0x21be4e]
V  [jvm.dll+0x2195b1]
V  [jvm.dll+0x1a512d]
V  [jvm.dll+0x22949e]
V  [jvm.dll+0x22766c]
V  [jvm.dll+0x7e9ea7]
V  [jvm.dll+0x7e42aa]
V  [jvm.dll+0x67c5d5]
C  [ucrtbase.dll+0x29333]
C  [KERNEL32.DLL+0x1257d]
C  [ntdll.dll+0x5aa48]


siginfo: EXCEPTION_ACCESS_VIOLATION (0xc0000005), reading address 0x00000003766d0210


Registers:
RAX=0x00000003766d0200, RBX=0x0000000000000070, RCX=0x0000029a6dd998b8, RDX=0x0000029a6ff3dd80
RSP=0x000000a298dfa680, RBP=0x0000029a6ff18530, RSI=0x000000a298dfaac0, RDI=0x000000000000000e
R8 =0x0000029a6ff18530, R9 =0x0000029a6ff3df10, R10=0x0000000000000004, R11=0x0000029a6ff3dd30
R12=0x0000029a6ff3dd30, R13=0x0000000000000000, R14=0x0000029a70a5bfd0, R15=0x0000029a701360b8
RIP=0x00007ff806aef220, EFLAGS=0x0000000000010206


Register to memory mapping:

RIP=0x00007ff806aef220 jvm.dll
RAX=0x00000003766d0200 is an unknown value
RBX=0x0000000000000070 is an unknown value
RCX=0x0000029a6dd998b8 points into unknown readable memory: 0x00000003766d0200 | 00 02 6d 76 03 00 00 00
RDX=0x0000029a6ff3dd80 points into unknown readable memory: 0x0000029a701363a0 | a0 63 13 70 9a 02 00 00
RSP=0x000000a298dfa680 is pointing into the stack for thread: 0x0000029a6d949060
RBP=0x0000029a6ff18530 points into unknown readable memory: 0x0000000000000000 | 00 00 00 00 00 00 00 00
RSI=0x000000a298dfaac0 is pointing into the stack for thread: 0x0000029a6d949060
RDI=0x000000000000000e is an unknown value
R8 =0x0000029a6ff18530 points into unknown readable memory: 0x0000000000000000 | 00 00 00 00 00 00 00 00
R9 =0x0000029a6ff3df10 points into unknown readable memory: 0x0000029a6f643d98 | 98 3d 64 6f 9a 02 00 00
R10=0x0000000000000004 is an unknown value
R11=0x0000029a6ff3dd30 points into unknown readable memory: 0x0000029a701360b8 | b8 60 13 70 9a 02 00 00
R12=0x0000029a6ff3dd30 points into unknown readable memory: 0x0000029a701360b8 | b8 60 13 70 9a 02 00 00
R13=0x0 is NULL
R14=0x0000029a70a5bfd0 points into unknown readable memory: 0xffffffff00000001 | 01 00 00 00 ff ff ff ff
R15=0x0000029a701360b8 points into unknown readable memory: 0x00007ff80716c808 | 08 c8 16 07 f8 7f 00 00


Top of Stack: (sp=0x000000a298dfa680)
0x000000a298dfa680:   0000029a6ff18530 000000a298dfa6d0
0x000000a298dfa690:   000000a298dfaac0 0000029a70a5bfd0
0x000000a298dfa6a0:   0000029a70a5bfd0 0000029a6eb11e00
0x000000a298dfa6b0:   0000029a701b0010 000000000009a2d0
0x000000a298dfa6c0:   0000029a701b5080 0000029a701b7ff8
0x000000a298dfa6d0:   000000a200000100 0000029a70a62140
0x000000a298dfa6e0:   0000000000000100 0000029a6eb11e00
0x000000a298dfa6f0:   000000001ed8b2f1 0000000000000000
0x000000a298dfa700:   0000000000000005 0000000000050200
0x000000a298dfa710:   0000029a4724eba0 0000000000000000
0x000000a298dfa720:   0000029a6d8eb960 000000a298dfa840
0x000000a298dfa730:   000000a298dfaac0 00007ff806dc4f47
0x000000a298dfa740:   000000a298dfaac0 000000a200000788
0x000000a298dfa750:   0000029a6ff18530 000000000000077f
0x000000a298dfa760:   0000029a44e10000 0000029a44e10000
0x000000a298dfa770:   0000000000002002 0000000000000400
0x000000a298dfa780:   0000000000010010 0000000000000000
0x000000a298dfa790:   0000000000000002 0000029a6b8111f0
0x000000a298dfa7a0:   0000000000000002 0000029a6eb11e00
0x000000a298dfa7b0:   0000029a44e10000 00007ff85870cd59
0x000000a298dfa7c0:   0000029a44e10000 0000029a00000002
0x000000a298dfa7d0:   0000000000010010 0000000000010020
0x000000a298dfa7e0:   0000000000000000 000000a298dfa7f0
0x000000a298dfa7f0:   000000a200000003 00007ff806840000
0x000000a298dfa800:   0000029a6ef5aad0 0000029a6f95c000
0x000000a298dfa810:   0000029a6f943ef8 0000000000000000
0x000000a298dfa820:   00000000000003ff 0000029a6dd8b7b0
0x000000a298dfa830:   0000029a6f7d4b08 00007ff80703731f
0x000000a298dfa840:   0000029a6ef5a590 00007ff80703731f
0x000000a298dfa850:   0000029a6ef5a590 0000029a6ef5a590
0x000000a298dfa860:   0000029a6f943ef8 00007ff8f90007fe
0x000000a298dfa870:   0000029a6ef5b570 0000029a6dd8b7b0 

Instructions: (pc=0x00007ff806aef220)
0x00007ff806aef120:   8b 46 10 45 33 ed 48 8b e8 48 89 84 24 d0 00 00
0x00007ff806aef130:   00 41 8b 88 40 02 00 00 83 e9 01 48 63 d1 78 21
0x00007ff806aef140:   48 8d 0c 92 48 c1 e1 04 48 03 c8 0f 1f 44 00 00
0x00007ff806aef150:   48 83 ea 01 4c 89 29 48 8d 49 b0 79 f3 4c 8b 46
0x00007ff806aef160:   10 41 8b 88 40 02 00 00 33 d2 ff c1 48 c1 e1 02
0x00007ff806aef170:   e8 ab 4f 42 00 48 8b 4e 10 ba ff ff ff ff 4c 8b
0x00007ff806aef180:   f0 48 89 44 24 20 44 8b 81 40 02 00 00 48 8b c8
0x00007ff806aef190:   41 ff c0 49 c1 e0 02 e8 b6 24 5e 00 48 8d 4c 24
0x00007ff806aef1a0:   50 e8 8a f1 56 00 4d 8b ce 48 8d 54 24 50 4c 8b
0x00007ff806aef1b0:   c6 48 8b cd e8 17 fc ff ff 89 84 24 c8 00 00 00
0x00007ff806aef1c0:   4c 89 6d 08 48 89 6d 18 8d 48 ff 48 63 d1 48 83
0x00007ff806aef1d0:   fa 01 0f 8e 87 03 00 00 4c 8d 24 92 49 c1 e4 04
0x00007ff806aef1e0:   4c 03 e5 48 ff ca 48 89 94 24 d8 00 00 00 66 90
0x00007ff806aef1f0:   4d 8b 3c 24 41 8b fd 41 83 7f 18 00 0f 86 b5 00
0x00007ff806aef200:   00 00 8b c7 48 8d 1c c5 00 00 00 00 49 8b 47 08
0x00007ff806aef210:   48 8b 0c 03 48 85 c9 0f 84 8e 00 00 00 48 8b 01
0x00007ff806aef220:   ff 50 10 84 c0 0f 84 80 00 00 00 49 8b 47 08 48
0x00007ff806aef230:   8b 0c 03 8b 41 28 41 8b 0c 86 83 f9 ff 74 6c 48
0x00007ff806aef240:   8d 1c 89 48 c1 e3 04 48 03 dd 48 8b 4b 20 48 85
0x00007ff806aef250:   c9 75 06 48 8b 4b 18 eb 43 48 83 79 20 00 74 2a
0x00007ff806aef260:   e8 2b fb ff ff 4c 8b 43 20 48 8b 53 18 49 8b 48
0x00007ff806aef270:   18 8b 42 08 39 41 08 73 07 48 89 4b 18 48 8b d1
0x00007ff806aef280:   49 8b 48 20 48 89 4b 20 eb 04 48 8b 53 18 48 8b
0x00007ff806aef290:   49 18 8b 42 08 39 41 08 48 0f 43 ca 8b 41 08 41
0x00007ff806aef2a0:   3b 44 24 08 73 05 41 89 44 24 08 ff c7 41 3b 7f
0x00007ff806aef2b0:   18 0f 82 4b ff ff ff 41 8b 44 24 08 4d 8b c4 48
0x00007ff806aef2c0:   8d 0c 80 48 03 c9 48 8b 44 cd 38 49 89 44 24 38
0x00007ff806aef2d0:   4c 89 64 cd 38 49 8b 44 24 28 49 8b 54 24 18 4d
0x00007ff806aef2e0:   8b 5c 24 10 48 8b 48 18 8b 41 08 39 42 08 73 52
0x00007ff806aef2f0:   4d 8b 48 28 45 8b 50 0c 49 8b 41 28 8b 50 0c 41
0x00007ff806aef300:   8b 41 0c 41 03 d2 03 c0 3b d0 72 12 4d 89 41 20
0x00007ff806aef310:   49 8b 40 28 48 8b 48 28 49 89 48 28 eb 0f 45 89 


Stack slot to memory mapping:
stack at sp + 0 slots: 0x0000029a6ff18530 points into unknown readable memory: 0x0000000000000000 | 00 00 00 00 00 00 00 00
stack at sp + 1 slots: 0x000000a298dfa6d0 is pointing into the stack for thread: 0x0000029a6d949060
stack at sp + 2 slots: 0x000000a298dfaac0 is pointing into the stack for thread: 0x0000029a6d949060
stack at sp + 3 slots: 0x0000029a70a5bfd0 points into unknown readable memory: 0xffffffff00000001 | 01 00 00 00 ff ff ff ff
stack at sp + 4 slots: 0x0000029a70a5bfd0 points into unknown readable memory: 0xffffffff00000001 | 01 00 00 00 ff ff ff ff
stack at sp + 5 slots: 0x0000029a6eb11e00 points into unknown readable memory: 0x0000029a00000006 | 06 00 00 00 9a 02 00 00
stack at sp + 6 slots: 0x0000029a701b0010 points into unknown readable memory: 0x0000029a6ff18520 | 20 85 f1 6f 9a 02 00 00
stack at sp + 7 slots: 0x000000000009a2d0 is an unknown value


---------------  P R O C E S S  ---------------

Threads class SMR info:
_java_thread_list=0x0000029a6fae0b20, length=64, elements={
0x0000029a47237930, 0x0000029a661db510, 0x0000029a661dcb30, 0x0000029a661f0a70,
0x0000029a661f45c0, 0x0000029a661f6730, 0x0000029a661f94b0, 0x0000029a661fbe70,
0x0000029a66301560, 0x0000029a6631c140, 0x0000029a661c6750, 0x0000029a66586920,
0x0000029a6bfacc80, 0x0000029a66ecb590, 0x0000029a6c597f30, 0x0000029a6b4df480,
0x0000029a6ca6cce0, 0x0000029a6c581fc0, 0x0000029a6c5824a0, 0x0000029a6c551c70,
0x0000029a6c552180, 0x0000029a6c551250, 0x0000029a6c553fe0, 0x0000029a6c5535c0,
0x0000029a6c552690, 0x0000029a6c553ad0, 0x0000029a6c552ba0, 0x0000029a6c550830,
0x0000029a6c5530b0, 0x0000029a6c550d40, 0x0000029a6e198ad0, 0x0000029a6e19e0e0,
0x0000029a6e19d1b0, 0x0000029a6e19fa30, 0x0000029a6e19d6c0, 0x0000029a6e19b350,
0x0000029a6e19c280, 0x0000029a6e19e5f0, 0x0000029a6e19a930, 0x0000029a6e19eb00,
0x0000029a6e19f010, 0x0000029a6e19dbd0, 0x0000029a6e19f520, 0x0000029a6e1994f0,
0x0000029a6e19b860, 0x0000029a6e19ff40, 0x0000029a6e19c790, 0x0000029a6e19a420,
0x0000029a6e19ae40, 0x0000029a6e19cca0, 0x0000029a6f8dcbf0, 0x0000029a6f8de030,
0x0000029a6f8dd100, 0x0000029a6f8e03a0, 0x0000029a6f8e08b0, 0x0000029a6f8e2c20,
0x0000029a6f8e12d0, 0x0000029a6f8e4060, 0x0000029a6f8e0dc0, 0x0000029a6f8e17e0,
0x0000029a6f8ddb20, 0x0000029a6f8e1cf0, 0x0000029a6f8e2200, 0x0000029a6d949060
}

Java Threads: ( => current thread )
  0x0000029a47237930 JavaThread "main" [_thread_blocked, id=6272, stack(0x000000a295400000,0x000000a295500000)]
  0x0000029a661db510 JavaThread "Reference Handler" daemon [_thread_blocked, id=8704, stack(0x000000a295b00000,0x000000a295c00000)]
  0x0000029a661dcb30 JavaThread "Finalizer" daemon [_thread_blocked, id=8112, stack(0x000000a295c00000,0x000000a295d00000)]
  0x0000029a661f0a70 JavaThread "Signal Dispatcher" daemon [_thread_blocked, id=10000, stack(0x000000a295d00000,0x000000a295e00000)]
  0x0000029a661f45c0 JavaThread "Attach Listener" daemon [_thread_blocked, id=9640, stack(0x000000a295e00000,0x000000a295f00000)]
  0x0000029a661f6730 JavaThread "Service Thread" daemon [_thread_blocked, id=10224, stack(0x000000a295f00000,0x000000a296000000)]
  0x0000029a661f94b0 JavaThread "Monitor Deflation Thread" daemon [_thread_blocked, id=1144, stack(0x000000a296000000,0x000000a296100000)]
  0x0000029a661fbe70 JavaThread "C2 CompilerThread0" daemon [_thread_blocked, id=9300, stack(0x000000a296100000,0x000000a296200000)]
  0x0000029a66301560 JavaThread "C1 CompilerThread0" daemon [_thread_blocked, id=8132, stack(0x000000a296200000,0x000000a296300000)]
  0x0000029a6631c140 JavaThread "Sweeper thread" daemon [_thread_blocked, id=9368, stack(0x000000a296300000,0x000000a296400000)]
  0x0000029a661c6750 JavaThread "Common-Cleaner" daemon [_thread_blocked, id=8688, stack(0x000000a296400000,0x000000a296500000)]
  0x0000029a66586920 JavaThread "Notification Thread" daemon [_thread_blocked, id=10112, stack(0x000000a296500000,0x000000a296600000)]
  0x0000029a6bfacc80 JavaThread "Daemon health stats" [_thread_blocked, id=11216, stack(0x000000a296b00000,0x000000a296c00000)]
  0x0000029a66ecb590 JavaThread "Incoming local TCP Connector on port 49827" [_thread_in_native, id=9976, stack(0x000000a296c00000,0x000000a296d00000)]
  0x0000029a6c597f30 JavaThread "Daemon periodic checks" [_thread_blocked, id=9980, stack(0x000000a296d00000,0x000000a296e00000)]
  0x0000029a6b4df480 JavaThread "Daemon" [_thread_blocked, id=3884, stack(0x000000a296e00000,0x000000a296f00000)]
  0x0000029a6ca6cce0 JavaThread "Handler for socket connection from /127.0.0.1:49827 to /127.0.0.1:49828" [_thread_in_native, id=10552, stack(0x000000a296f00000,0x000000a297000000)]
  0x0000029a6c581fc0 JavaThread "Cancel handler" [_thread_blocked, id=9956, stack(0x000000a297000000,0x000000a297100000)]
  0x0000029a6c5824a0 JavaThread "Daemon worker" [_thread_in_vm, id=4460, stack(0x000000a297100000,0x000000a297200000)]
  0x0000029a6c551c70 JavaThread "Asynchronous log dispatcher for DefaultDaemonConnection: socket connection from /127.0.0.1:49827 to /127.0.0.1:49828" [_thread_blocked, id=4084, stack(0x000000a297200000,0x000000a297300000)]
  0x0000029a6c552180 JavaThread "Stdin handler" [_thread_blocked, id=2584, stack(0x000000a297300000,0x000000a297400000)]
  0x0000029a6c551250 JavaThread "Daemon client event forwarder" [_thread_blocked, id=4472, stack(0x000000a297400000,0x000000a297500000)]
  0x0000029a6c553fe0 JavaThread "Cache worker for journal cache (C:\Users\MAHE\.gradle\caches\journal-1)" [_thread_blocked, id=9712, stack(0x000000a297500000,0x000000a297600000)]
  0x0000029a6c5535c0 JavaThread "File lock request listener" [_thread_in_native, id=9056, stack(0x000000a297600000,0x000000a297700000)]
  0x0000029a6c552690 JavaThread "Cache worker for file hash cache (C:\Users\MAHE\.gradle\caches\8.3\fileHashes)" [_thread_blocked, id=2552, stack(0x000000a297700000,0x000000a297800000)]
  0x0000029a6c553ad0 JavaThread "File watcher server" daemon [_thread_in_native, id=7444, stack(0x000000a297800000,0x000000a297900000)]
  0x0000029a6c552ba0 JavaThread "File watcher consumer" daemon [_thread_blocked, id=208, stack(0x000000a297900000,0x000000a297a00000)]
  0x0000029a6c550830 JavaThread "Cache worker for checksums cache (C:\Users\MAHE\Documents\DOC APP BACKUP FILES\april30_\demo1_joyson1\android\.gradle\8.3\checksums)" [_thread_blocked, id=10820, stack(0x000000a297a00000,0x000000a297b00000)]
  0x0000029a6c5530b0 JavaThread "Cache worker for file hash cache (C:\Users\MAHE\Documents\DOC APP BACKUP FILES\april30_\demo1_joyson1\android\.gradle\8.3\fileHashes)" [_thread_blocked, id=10976, stack(0x000000a297b00000,0x000000a297c00000)]
  0x0000029a6c550d40 JavaThread "Cache worker for cache directory md-supplier (C:\Users\MAHE\.gradle\caches\8.3\md-supplier)" [_thread_blocked, id=10808, stack(0x000000a297c00000,0x000000a297d00000)]
  0x0000029a6e198ad0 JavaThread "Cache worker for file content cache (C:\Users\MAHE\.gradle\caches\8.3\fileContent)" [_thread_blocked, id=1216, stack(0x000000a297d00000,0x000000a297e00000)]
  0x0000029a6e19e0e0 JavaThread "Cache worker for cache directory md-rule (C:\Users\MAHE\.gradle\caches\8.3\md-rule)" [_thread_blocked, id=2764, stack(0x000000a297e00000,0x000000a297f00000)]
  0x0000029a6e19d1b0 JavaThread "Cache worker for execution history cache (C:\Users\MAHE\.gradle\caches\8.3\executionHistory)" [_thread_blocked, id=7084, stack(0x000000a297f00000,0x000000a298000000)]
  0x0000029a6e19fa30 JavaThread "jar transforms" [_thread_blocked, id=10932, stack(0x000000a298000000,0x000000a298100000)]
  0x0000029a6e19d6c0 JavaThread "jar transforms Thread 2" [_thread_blocked, id=10676, stack(0x000000a298100000,0x000000a298200000)]
  0x0000029a6e19b350 JavaThread "jar transforms Thread 3" [_thread_blocked, id=10992, stack(0x000000a298200000,0x000000a298300000)]
  0x0000029a6e19c280 JavaThread "jar transforms Thread 4" [_thread_blocked, id=10840, stack(0x000000a298300000,0x000000a298400000)]
  0x0000029a6e19e5f0 JavaThread "Cache worker for kotlin-dsl (C:\Users\MAHE\.gradle\caches\8.3\kotlin-dsl)" [_thread_blocked, id=6456, stack(0x000000a298400000,0x000000a298500000)]
  0x0000029a6e19a930 JavaThread "Unconstrained build operations" [_thread_blocked, id=5840, stack(0x000000a296700000,0x000000a296800000)]
  0x0000029a6e19eb00 JavaThread "Unconstrained build operations Thread 2" [_thread_blocked, id=6152, stack(0x000000a298500000,0x000000a298600000)]
  0x0000029a6e19f010 JavaThread "Cache worker for dependencies-accessors (C:\Users\MAHE\Documents\DOC APP BACKUP FILES\april30_\demo1_joyson1\android\.gradle\8.3\dependencies-accessors)" [_thread_blocked, id=540, stack(0x000000a298700000,0x000000a298800000)]
  0x0000029a6e19dbd0 JavaThread "Cache worker for Build Output Cleanup Cache (C:\Users\MAHE\Documents\DOC APP BACKUP FILES\april30_\demo1_joyson1\node_modules\@react-native\gradle-plugin\.gradle\buildOutputCleanup)" [_thread_blocked, id=1020, stack(0x000000a298800000,0x000000a298900000)]
  0x0000029a6e19f520 JavaThread "Unconstrained build operations Thread 3" [_thread_blocked, id=6176, stack(0x000000a298600000,0x000000a298700000)]
  0x0000029a6e1994f0 JavaThread "Unconstrained build operations Thread 4" [_thread_blocked, id=1172, stack(0x000000a298900000,0x000000a298a00000)]
  0x0000029a6e19b860 JavaThread "Unconstrained build operations Thread 5" [_thread_blocked, id=1232, stack(0x000000a298a00000,0x000000a298b00000)]
  0x0000029a6e19ff40 JavaThread "Memory manager" [_thread_blocked, id=7512, stack(0x000000a298c00000,0x000000a298d00000)]
  0x0000029a6e19c790 JavaThread "Cache worker for Build Output Cleanup Cache (C:\Users\MAHE\Documents\DOC APP BACKUP FILES\april30_\demo1_joyson1\android\.gradle\buildOutputCleanup)" [_thread_blocked, id=3628, stack(0x000000a298b00000,0x000000a298c00000)]
  0x0000029a6e19a420 JavaThread "ForkJoinPool.commonPool-worker-1" daemon [_thread_blocked, id=5608, stack(0x000000a298e00000,0x000000a298f00000)]
  0x0000029a6e19ae40 JavaThread "ForkJoinPool.commonPool-worker-2" daemon [_thread_blocked, id=1812, stack(0x000000a298f00000,0x000000a299000000)]
  0x0000029a6e19cca0 JavaThread "ForkJoinPool.commonPool-worker-3" daemon [_thread_blocked, id=1836, stack(0x000000a299000000,0x000000a299100000)]
  0x0000029a6f8dcbf0 JavaThread "included builds" [_thread_blocked, id=5200, stack(0x000000a299300000,0x000000a299400000)]
  0x0000029a6f8de030 JavaThread "Execution worker" [_thread_blocked, id=10936, stack(0x000000a299400000,0x000000a299500000)]
  0x0000029a6f8dd100 JavaThread "Execution worker Thread 2" [_thread_blocked, id=1224, stack(0x000000a299500000,0x000000a299600000)]
  0x0000029a6f8e03a0 JavaThread "Execution worker Thread 3" [_thread_blocked, id=5092, stack(0x000000a299600000,0x000000a299700000)]
  0x0000029a6f8e08b0 JavaThread "Cache worker for execution history cache (C:\Users\MAHE\Documents\DOC APP BACKUP FILES\april30_\demo1_joyson1\node_modules\@react-native\gradle-plugin\.gradle\8.3\executionHistory)" [_thread_blocked, id=1256, stack(0x000000a299700000,0x000000a299800000)]
  0x0000029a6f8e2c20 JavaThread "Unconstrained build operations Thread 6" [_thread_blocked, id=10988, stack(0x000000a299800000,0x000000a299900000)]
  0x0000029a6f8e12d0 JavaThread "Unconstrained build operations Thread 7" [_thread_blocked, id=10480, stack(0x000000a299900000,0x000000a299a00000)]
  0x0000029a6f8e4060 JavaThread "Unconstrained build operations Thread 8" [_thread_blocked, id=11152, stack(0x000000a299a00000,0x000000a299b00000)]
  0x0000029a6f8e0dc0 JavaThread "Unconstrained build operations Thread 9" [_thread_blocked, id=9508, stack(0x000000a299b00000,0x000000a299c00000)]
  0x0000029a6f8e17e0 JavaThread "Unconstrained build operations Thread 10" [_thread_blocked, id=11228, stack(0x000000a299c00000,0x000000a299d00000)]
  0x0000029a6f8ddb20 JavaThread "Unconstrained build operations Thread 11" [_thread_blocked, id=5484, stack(0x000000a299d00000,0x000000a299e00000)]
  0x0000029a6f8e1cf0 JavaThread "Unconstrained build operations Thread 12" [_thread_blocked, id=10200, stack(0x000000a299e00000,0x000000a299f00000)]
  0x0000029a6f8e2200 JavaThread "Unconstrained build operations Thread 13" [_thread_blocked, id=5008, stack(0x000000a299f00000,0x000000a29a000000)]
=>0x0000029a6d949060 JavaThread "C2 CompilerThread1" daemon [_thread_in_native, id=6812, stack(0x000000a298d00000,0x000000a298e00000)]

Other Threads:
  0x0000029a661d81c0 VMThread "VM Thread" [stack: 0x000000a295a00000,0x000000a295b00000] [id=8656]
  0x0000029a472387b0 WatcherThread [stack: 0x000000a296600000,0x000000a296700000] [id=8724]
  0x0000029a47291df0 GCTaskThread "GC Thread#0" [stack: 0x000000a295500000,0x000000a295600000] [id=9892]
  0x0000029a666be010 GCTaskThread "GC Thread#1" [stack: 0x000000a296800000,0x000000a296900000] [id=8692]
  0x0000029a66938bb0 GCTaskThread "GC Thread#2" [stack: 0x000000a296900000,0x000000a296a00000] [id=10848]
  0x0000029a66938e70 GCTaskThread "GC Thread#3" [stack: 0x000000a296a00000,0x000000a296b00000] [id=2620]
  0x0000029a472a3d50 ConcurrentGCThread "G1 Main Marker" [stack: 0x000000a295600000,0x000000a295700000] [id=10320]
  0x0000029a472a4f10 ConcurrentGCThread "G1 Conc#0" [stack: 0x000000a295700000,0x000000a295800000] [id=7396]
  0x0000029a66092580 ConcurrentGCThread "G1 Refine#0" [stack: 0x000000a295800000,0x000000a295900000] [id=7316]
  0x0000029a66092fb0 ConcurrentGCThread "G1 Service" [stack: 0x000000a295900000,0x000000a295a00000] [id=6508]

Threads with active compile tasks:
C2 CompilerThread1    51943 9511       4       org.codehaus.groovy.vmplugin.v9.Java9::checkCanSetAccessible (137 bytes)

VM state: not at safepoint (normal execution)

VM Mutex/Monitor currently owned by a thread: None

Heap address: 0x0000000080000000, size: 2048 MB, Compressed Oops mode: 32-bit

CDS archive(s) mapped at: [0x0000029a00000000-0x0000029a00bc0000-0x0000029a00bc0000), size 12320768, SharedBaseAddress: 0x0000029a00000000, ArchiveRelocationMode: 1.
Compressed class space mapped at: 0x0000029a01000000-0x0000029a1b000000, reserved size: 436207616
Narrow klass base: 0x0000029a00000000, Narrow klass shift: 0, Narrow klass range: 0x100000000

GC Precious Log:
 CPUs: 4 total, 4 available
 Memory: 16309M
 Large Page Support: Disabled
 NUMA Support: Disabled
 Compressed Oops: Enabled (32-bit)
 Heap Region Size: 1M
 Heap Min Capacity: 8M
 Heap Initial Capacity: 256M
 Heap Max Capacity: 2G
 Pre-touch: Disabled
 Parallel Workers: 4
 Concurrent Workers: 1
 Concurrent Refinement Workers: 4
 Periodic GC: Disabled

Heap:
 garbage-first heap   total 165888K, used 116500K [0x0000000080000000, 0x0000000100000000)
  region size 1024K, 26 young (26624K), 1 survivors (1024K)
 Metaspace       used 78711K, committed 79424K, reserved 557056K
  class space    used 10901K, committed 11264K, reserved 425984K

Heap Regions: E=young(eden), S=young(survivor), O=old, HS=humongous(starts), HC=humongous(continues), CS=collection set, F=free, OA=open archive, CA=closed archive, TAMS=top-at-mark-start (previous, next)
|   0|0x0000000080000000, 0x0000000080100000, 0x0000000080100000|100%| O|  |TAMS 0x0000000080100000, 0x0000000080000000| Untracked 
|   1|0x0000000080100000, 0x0000000080200000, 0x0000000080200000|100%| O|  |TAMS 0x0000000080200000, 0x0000000080100000| Untracked 
|   2|0x0000000080200000, 0x0000000080300000, 0x0000000080300000|100%|HS|  |TAMS 0x0000000080300000, 0x0000000080200000| Complete 
|   3|0x0000000080300000, 0x0000000080400000, 0x0000000080400000|100%|HC|  |TAMS 0x0000000080400000, 0x0000000080300000| Complete 
|   4|0x0000000080400000, 0x0000000080500000, 0x0000000080500000|100%|HC|  |TAMS 0x0000000080500000, 0x0000000080400000| Complete 
|   5|0x0000000080500000, 0x0000000080600000, 0x0000000080600000|100%|HC|  |TAMS 0x0000000080600000, 0x0000000080500000| Complete 
|   6|0x0000000080600000, 0x0000000080700000, 0x0000000080700000|100%| O|  |TAMS 0x0000000080700000, 0x0000000080600000| Untracked 
|   7|0x0000000080700000, 0x0000000080800000, 0x0000000080800000|100%| O|  |TAMS 0x0000000080800000, 0x0000000080700000| Untracked 
|   8|0x0000000080800000, 0x0000000080900000, 0x0000000080900000|100%| O|  |TAMS 0x0000000080900000, 0x0000000080800000| Untracked 
|   9|0x0000000080900000, 0x0000000080a00000, 0x0000000080a00000|100%| O|  |TAMS 0x0000000080a00000, 0x0000000080900000| Untracked 
|  10|0x0000000080a00000, 0x0000000080b00000, 0x0000000080b00000|100%| O|  |TAMS 0x0000000080b00000, 0x0000000080a00000| Untracked 
|  11|0x0000000080b00000, 0x0000000080bf7000, 0x0000000080c00000| 96%| O|  |TAMS 0x0000000080bf7000, 0x0000000080b00000| Untracked 
|  12|0x0000000080c00000, 0x0000000080d00000, 0x0000000080d00000|100%| O|  |TAMS 0x0000000080d00000, 0x0000000080c00000| Untracked 
|  13|0x0000000080d00000, 0x0000000080e00000, 0x0000000080e00000|100%| O|  |TAMS 0x0000000080e00000, 0x0000000080d00000| Untracked 
|  14|0x0000000080e00000, 0x0000000080f00000, 0x0000000080f00000|100%| O|  |TAMS 0x0000000080f00000, 0x0000000080e00000| Untracked 
|  15|0x0000000080f00000, 0x0000000081000000, 0x0000000081000000|100%| O|  |TAMS 0x0000000081000000, 0x0000000080f00000| Untracked 
|  16|0x0000000081000000, 0x0000000081100000, 0x0000000081100000|100%| O|  |TAMS 0x0000000081100000, 0x0000000081000000| Untracked 
|  17|0x0000000081100000, 0x0000000081200000, 0x0000000081200000|100%| O|  |TAMS 0x0000000081200000, 0x0000000081100000| Untracked 
|  18|0x0000000081200000, 0x0000000081300000, 0x0000000081300000|100%| O|  |TAMS 0x0000000081300000, 0x0000000081200000| Untracked 
|  19|0x0000000081300000, 0x0000000081400000, 0x0000000081400000|100%| O|  |TAMS 0x0000000081400000, 0x0000000081300000| Untracked 
|  20|0x0000000081400000, 0x0000000081500000, 0x0000000081500000|100%| O|  |TAMS 0x0000000081500000, 0x0000000081400000| Untracked 
|  21|0x0000000081500000, 0x0000000081600000, 0x0000000081600000|100%| O|  |TAMS 0x0000000081600000, 0x0000000081500000| Untracked 
|  22|0x0000000081600000, 0x0000000081700000, 0x0000000081700000|100%| O|  |TAMS 0x0000000081700000, 0x0000000081600000| Untracked 
|  23|0x0000000081700000, 0x0000000081800000, 0x0000000081800000|100%| O|  |TAMS 0x0000000081800000, 0x0000000081700000| Untracked 
|  24|0x0000000081800000, 0x0000000081900000, 0x0000000081900000|100%| O|  |TAMS 0x0000000081900000, 0x0000000081800000| Untracked 
|  25|0x0000000081900000, 0x0000000081a00000, 0x0000000081a00000|100%| O|  |TAMS 0x0000000081a00000, 0x0000000081900000| Untracked 
|  26|0x0000000081a00000, 0x0000000081b00000, 0x0000000081b00000|100%| O|  |TAMS 0x0000000081b00000, 0x0000000081a00000| Untracked 
|  27|0x0000000081b00000, 0x0000000081c00000, 0x0000000081c00000|100%| O|  |TAMS 0x0000000081c00000, 0x0000000081b00000| Untracked 
|  28|0x0000000081c00000, 0x0000000081d00000, 0x0000000081d00000|100%| O|  |TAMS 0x0000000081d00000, 0x0000000081c00000| Untracked 
|  29|0x0000000081d00000, 0x0000000081e00000, 0x0000000081e00000|100%| O|  |TAMS 0x0000000081e00000, 0x0000000081d00000| Untracked 
|  30|0x0000000081e00000, 0x0000000081f00000, 0x0000000081f00000|100%| O|  |TAMS 0x0000000081f00000, 0x0000000081e00000| Untracked 
|  31|0x0000000081f00000, 0x0000000082000000, 0x0000000082000000|100%| O|  |TAMS 0x0000000082000000, 0x0000000081f00000| Untracked 
|  32|0x0000000082000000, 0x0000000082100000, 0x0000000082100000|100%| O|  |TAMS 0x0000000082000000, 0x0000000082000000| Untracked 
|  33|0x0000000082100000, 0x0000000082200000, 0x0000000082200000|100%| O|  |TAMS 0x0000000082200000, 0x0000000082100000| Untracked 
|  34|0x0000000082200000, 0x0000000082300000, 0x0000000082300000|100%|HS|  |TAMS 0x0000000082300000, 0x0000000082200000| Complete 
|  35|0x0000000082300000, 0x0000000082400000, 0x0000000082400000|100%|HC|  |TAMS 0x0000000082400000, 0x0000000082300000| Complete 
|  36|0x0000000082400000, 0x0000000082500000, 0x0000000082500000|100%| O|  |TAMS 0x0000000082500000, 0x0000000082400000| Untracked 
|  37|0x0000000082500000, 0x0000000082600000, 0x0000000082600000|100%| O|  |TAMS 0x0000000082600000, 0x0000000082500000| Untracked 
|  38|0x0000000082600000, 0x0000000082700000, 0x0000000082700000|100%|HS|  |TAMS 0x0000000082700000, 0x0000000082600000| Complete 
|  39|0x0000000082700000, 0x0000000082800000, 0x0000000082800000|100%|HC|  |TAMS 0x0000000082800000, 0x0000000082700000| Complete 
|  40|0x0000000082800000, 0x0000000082900000, 0x0000000082900000|100%| O|  |TAMS 0x0000000082900000, 0x0000000082800000| Untracked 
|  41|0x0000000082900000, 0x0000000082a00000, 0x0000000082a00000|100%| O|  |TAMS 0x0000000082a00000, 0x0000000082900000| Untracked 
|  42|0x0000000082a00000, 0x0000000082b00000, 0x0000000082b00000|100%|HS|  |TAMS 0x0000000082b00000, 0x0000000082a00000| Complete 
|  43|0x0000000082b00000, 0x0000000082c00000, 0x0000000082c00000|100%|HC|  |TAMS 0x0000000082c00000, 0x0000000082b00000| Complete 
|  44|0x0000000082c00000, 0x0000000082d00000, 0x0000000082d00000|100%|HC|  |TAMS 0x0000000082d00000, 0x0000000082c00000| Complete 
|  45|0x0000000082d00000, 0x0000000082e00000, 0x0000000082e00000|100%|HC|  |TAMS 0x0000000082e00000, 0x0000000082d00000| Complete 
|  46|0x0000000082e00000, 0x0000000082f00000, 0x0000000082f00000|100%| O|  |TAMS 0x0000000082f00000, 0x0000000082e00000| Untracked 
|  47|0x0000000082f00000, 0x0000000083000000, 0x0000000083000000|100%| O|  |TAMS 0x0000000083000000, 0x0000000082f00000| Untracked 
|  48|0x0000000083000000, 0x0000000083100000, 0x0000000083100000|100%| O|  |TAMS 0x0000000083100000, 0x0000000083000000| Untracked 
|  49|0x0000000083100000, 0x0000000083200000, 0x0000000083200000|100%| O|  |TAMS 0x0000000083200000, 0x0000000083100000| Untracked 
|  50|0x0000000083200000, 0x0000000083300000, 0x0000000083300000|100%|HS|  |TAMS 0x0000000083300000, 0x0000000083200000| Complete 
|  51|0x0000000083300000, 0x0000000083400000, 0x0000000083400000|100%|HC|  |TAMS 0x0000000083400000, 0x0000000083300000| Complete 
|  52|0x0000000083400000, 0x0000000083500000, 0x0000000083500000|100%|HC|  |TAMS 0x0000000083500000, 0x0000000083400000| Complete 
|  53|0x0000000083500000, 0x0000000083600000, 0x0000000083600000|100%|HC|  |TAMS 0x0000000083600000, 0x0000000083500000| Complete 
|  54|0x0000000083600000, 0x0000000083700000, 0x0000000083700000|100%| O|  |TAMS 0x0000000083700000, 0x0000000083600000| Untracked 
|  55|0x0000000083700000, 0x0000000083800000, 0x0000000083800000|100%| O|  |TAMS 0x0000000083800000, 0x0000000083700000| Untracked 
|  56|0x0000000083800000, 0x0000000083900000, 0x0000000083900000|100%| O|  |TAMS 0x0000000083900000, 0x0000000083800000| Untracked 
|  57|0x0000000083900000, 0x0000000083a00000, 0x0000000083a00000|100%| O|  |TAMS 0x0000000083a00000, 0x0000000083900000| Untracked 
|  58|0x0000000083a00000, 0x0000000083b00000, 0x0000000083b00000|100%| O|  |TAMS 0x0000000083b00000, 0x0000000083a00000| Untracked 
|  59|0x0000000083b00000, 0x0000000083c00000, 0x0000000083c00000|100%| O|  |TAMS 0x0000000083c00000, 0x0000000083b00000| Untracked 
|  60|0x0000000083c00000, 0x0000000083d00000, 0x0000000083d00000|100%| O|  |TAMS 0x0000000083d00000, 0x0000000083c00000| Untracked 
|  61|0x0000000083d00000, 0x0000000083e00000, 0x0000000083e00000|100%| O|  |TAMS 0x0000000083e00000, 0x0000000083d00000| Untracked 
|  62|0x0000000083e00000, 0x0000000083f00000, 0x0000000083f00000|100%| O|  |TAMS 0x0000000083f00000, 0x0000000083e00000| Untracked 
|  63|0x0000000083f00000, 0x0000000084000000, 0x0000000084000000|100%| O|  |TAMS 0x0000000084000000, 0x0000000083f00000| Untracked 
|  64|0x0000000084000000, 0x0000000084100000, 0x0000000084100000|100%| O|  |TAMS 0x0000000084100000, 0x0000000084000000| Untracked 
|  65|0x0000000084100000, 0x0000000084200000, 0x0000000084200000|100%| O|  |TAMS 0x0000000084200000, 0x0000000084100000| Untracked 
|  66|0x0000000084200000, 0x0000000084300000, 0x0000000084300000|100%|HS|  |TAMS 0x0000000084300000, 0x0000000084200000| Complete 
|  67|0x0000000084300000, 0x0000000084400000, 0x0000000084400000|100%|HS|  |TAMS 0x0000000084400000, 0x0000000084300000| Complete 
|  68|0x0000000084400000, 0x0000000084500000, 0x0000000084500000|100%|HS|  |TAMS 0x0000000084500000, 0x0000000084400000| Complete 
|  69|0x0000000084500000, 0x0000000084500000, 0x0000000084600000|  0%| F|  |TAMS 0x0000000084500000, 0x0000000084500000| Untracked 
|  70|0x0000000084600000, 0x0000000084700000, 0x0000000084700000|100%| O|  |TAMS 0x0000000084600000, 0x0000000084600000| Untracked 
|  71|0x0000000084700000, 0x0000000084800000, 0x0000000084800000|100%|HS|  |TAMS 0x0000000084800000, 0x0000000084700000| Complete 
|  72|0x0000000084800000, 0x0000000084900000, 0x0000000084900000|100%| O|  |TAMS 0x0000000084900000, 0x0000000084800000| Untracked 
|  73|0x0000000084900000, 0x0000000084a00000, 0x0000000084a00000|100%| O|  |TAMS 0x0000000084a00000, 0x0000000084900000| Untracked 
|  74|0x0000000084a00000, 0x0000000084b00000, 0x0000000084b00000|100%| O|  |TAMS 0x0000000084b00000, 0x0000000084a00000| Untracked 
|  75|0x0000000084b00000, 0x0000000084c00000, 0x0000000084c00000|100%| O|  |TAMS 0x0000000084c00000, 0x0000000084b00000| Untracked 
|  76|0x0000000084c00000, 0x0000000084d00000, 0x0000000084d00000|100%| O|  |TAMS 0x0000000084d00000, 0x0000000084c00000| Untracked 
|  77|0x0000000084d00000, 0x0000000084e00000, 0x0000000084e00000|100%| O|  |TAMS 0x0000000084e00000, 0x0000000084d00000| Untracked 
|  78|0x0000000084e00000, 0x0000000084f00000, 0x0000000084f00000|100%|HS|  |TAMS 0x0000000084f00000, 0x0000000084e00000| Complete 
|  79|0x0000000084f00000, 0x0000000085000000, 0x0000000085000000|100%| O|  |TAMS 0x0000000084f00000, 0x0000000084f00000| Untracked 
|  80|0x0000000085000000, 0x0000000085100000, 0x0000000085100000|100%|HS|  |TAMS 0x0000000085100000, 0x0000000085000000| Complete 
|  81|0x0000000085100000, 0x0000000085200000, 0x0000000085200000|100%| O|  |TAMS 0x0000000085200000, 0x0000000085100000| Untracked 
|  82|0x0000000085200000, 0x0000000085300000, 0x0000000085300000|100%| O|  |TAMS 0x0000000085300000, 0x0000000085200000| Untracked 
|  83|0x0000000085300000, 0x0000000085400000, 0x0000000085400000|100%| O|  |TAMS 0x0000000085400000, 0x0000000085300000| Untracked 
|  84|0x0000000085400000, 0x0000000085500000, 0x0000000085500000|100%| O|  |TAMS 0x0000000085500000, 0x0000000085400000| Untracked 
|  85|0x0000000085500000, 0x0000000085600000, 0x0000000085600000|100%| O|  |TAMS 0x0000000085557200, 0x0000000085500000| Untracked 
|  86|0x0000000085600000, 0x0000000085700000, 0x0000000085700000|100%| O|  |TAMS 0x0000000085600000, 0x0000000085600000| Untracked 
|  87|0x0000000085700000, 0x0000000085800000, 0x0000000085800000|100%| O|  |TAMS 0x0000000085700000, 0x0000000085700000| Untracked 
|  88|0x0000000085800000, 0x0000000085900000, 0x0000000085900000|100%| O|  |TAMS 0x0000000085800000, 0x0000000085800000| Untracked 
|  89|0x0000000085900000, 0x0000000085a00000, 0x0000000085a00000|100%| O|  |TAMS 0x0000000085900000, 0x0000000085900000| Untracked 
|  90|0x0000000085a00000, 0x0000000085a21e00, 0x0000000085b00000| 13%| O|  |TAMS 0x0000000085a00000, 0x0000000085a00000| Untracked 
|  91|0x0000000085b00000, 0x0000000085b00000, 0x0000000085c00000|  0%| F|  |TAMS 0x0000000085b00000, 0x0000000085b00000| Untracked 
|  92|0x0000000085c00000, 0x0000000085c00000, 0x0000000085d00000|  0%| F|  |TAMS 0x0000000085c00000, 0x0000000085c00000| Untracked 
|  93|0x0000000085d00000, 0x0000000085d00000, 0x0000000085e00000|  0%| F|  |TAMS 0x0000000085d00000, 0x0000000085d00000| Untracked 
|  94|0x0000000085e00000, 0x0000000085e00000, 0x0000000085f00000|  0%| F|  |TAMS 0x0000000085e00000, 0x0000000085e00000| Untracked 
|  95|0x0000000085f00000, 0x0000000085f00000, 0x0000000086000000|  0%| F|  |TAMS 0x0000000085f00000, 0x0000000085f00000| Untracked 
|  96|0x0000000086000000, 0x0000000086000000, 0x0000000086100000|  0%| F|  |TAMS 0x0000000086000000, 0x0000000086000000| Untracked 
|  97|0x0000000086100000, 0x0000000086100000, 0x0000000086200000|  0%| F|  |TAMS 0x0000000086100000, 0x0000000086100000| Untracked 
|  98|0x0000000086200000, 0x0000000086200000, 0x0000000086300000|  0%| F|  |TAMS 0x0000000086200000, 0x0000000086200000| Untracked 
|  99|0x0000000086300000, 0x0000000086300000, 0x0000000086400000|  0%| F|  |TAMS 0x0000000086300000, 0x0000000086300000| Untracked 
| 100|0x0000000086400000, 0x0000000086400000, 0x0000000086500000|  0%| F|  |TAMS 0x0000000086400000, 0x0000000086400000| Untracked 
| 101|0x0000000086500000, 0x0000000086500000, 0x0000000086600000|  0%| F|  |TAMS 0x0000000086500000, 0x0000000086500000| Untracked 
| 102|0x0000000086600000, 0x0000000086600000, 0x0000000086700000|  0%| F|  |TAMS 0x0000000086600000, 0x0000000086600000| Untracked 
| 103|0x0000000086700000, 0x0000000086700000, 0x0000000086800000|  0%| F|  |TAMS 0x0000000086700000, 0x0000000086700000| Untracked 
| 104|0x0000000086800000, 0x0000000086800000, 0x0000000086900000|  0%| F|  |TAMS 0x0000000086800000, 0x0000000086800000| Untracked 
| 105|0x0000000086900000, 0x0000000086900000, 0x0000000086a00000|  0%| F|  |TAMS 0x0000000086900000, 0x0000000086900000| Untracked 
| 106|0x0000000086a00000, 0x0000000086a00000, 0x0000000086b00000|  0%| F|  |TAMS 0x0000000086a00000, 0x0000000086a00000| Untracked 
| 107|0x0000000086b00000, 0x0000000086b00000, 0x0000000086c00000|  0%| F|  |TAMS 0x0000000086b00000, 0x0000000086b00000| Untracked 
| 108|0x0000000086c00000, 0x0000000086c00000, 0x0000000086d00000|  0%| F|  |TAMS 0x0000000086c00000, 0x0000000086c00000| Untracked 
| 109|0x0000000086d00000, 0x0000000086d00000, 0x0000000086e00000|  0%| F|  |TAMS 0x0000000086d00000, 0x0000000086d00000| Untracked 
| 110|0x0000000086e00000, 0x0000000086e00000, 0x0000000086f00000|  0%| F|  |TAMS 0x0000000086e00000, 0x0000000086e00000| Untracked 
| 111|0x0000000086f00000, 0x0000000086f00000, 0x0000000087000000|  0%| F|  |TAMS 0x0000000086f00000, 0x0000000086f00000| Untracked 
| 112|0x0000000087000000, 0x0000000087000000, 0x0000000087100000|  0%| F|  |TAMS 0x0000000087000000, 0x0000000087000000| Untracked 
| 113|0x0000000087100000, 0x0000000087100000, 0x0000000087200000|  0%| F|  |TAMS 0x0000000087100000, 0x0000000087100000| Untracked 
| 114|0x0000000087200000, 0x0000000087200000, 0x0000000087300000|  0%| F|  |TAMS 0x0000000087200000, 0x0000000087200000| Untracked 
| 115|0x0000000087300000, 0x0000000087300000, 0x0000000087400000|  0%| F|  |TAMS 0x0000000087300000, 0x0000000087300000| Untracked 
| 116|0x0000000087400000, 0x0000000087400000, 0x0000000087500000|  0%| F|  |TAMS 0x0000000087400000, 0x0000000087400000| Untracked 
| 117|0x0000000087500000, 0x0000000087500000, 0x0000000087600000|  0%| F|  |TAMS 0x0000000087500000, 0x0000000087500000| Untracked 
| 118|0x0000000087600000, 0x0000000087600000, 0x0000000087700000|  0%| F|  |TAMS 0x0000000087600000, 0x0000000087600000| Untracked 
| 119|0x0000000087700000, 0x0000000087700000, 0x0000000087800000|  0%| F|  |TAMS 0x0000000087700000, 0x0000000087700000| Untracked 
| 120|0x0000000087800000, 0x0000000087800000, 0x0000000087900000|  0%| F|  |TAMS 0x0000000087800000, 0x0000000087800000| Untracked 
| 121|0x0000000087900000, 0x0000000087900000, 0x0000000087a00000|  0%| F|  |TAMS 0x0000000087900000, 0x0000000087900000| Untracked 
| 122|0x0000000087a00000, 0x0000000087a00000, 0x0000000087b00000|  0%| F|  |TAMS 0x0000000087a00000, 0x0000000087a00000| Untracked 
| 123|0x0000000087b00000, 0x0000000087b00000, 0x0000000087c00000|  0%| F|  |TAMS 0x0000000087b00000, 0x0000000087b00000| Untracked 
| 124|0x0000000087c00000, 0x0000000087c00000, 0x0000000087d00000|  0%| F|  |TAMS 0x0000000087c00000, 0x0000000087c00000| Untracked 
| 125|0x0000000087d00000, 0x0000000087d00000, 0x0000000087e00000|  0%| F|  |TAMS 0x0000000087d00000, 0x0000000087d00000| Untracked 
| 126|0x0000000087e00000, 0x0000000087e00000, 0x0000000087f00000|  0%| F|  |TAMS 0x0000000087e00000, 0x0000000087e00000| Untracked 
| 127|0x0000000087f00000, 0x0000000087f00000, 0x0000000088000000|  0%| F|  |TAMS 0x0000000087f00000, 0x0000000087f00000| Untracked 
| 128|0x0000000088000000, 0x0000000088000000, 0x0000000088100000|  0%| F|  |TAMS 0x0000000088000000, 0x0000000088000000| Untracked 
| 129|0x0000000088100000, 0x0000000088100000, 0x0000000088200000|  0%| F|  |TAMS 0x0000000088100000, 0x0000000088100000| Untracked 
| 130|0x0000000088200000, 0x0000000088200000, 0x0000000088300000|  0%| F|  |TAMS 0x0000000088200000, 0x0000000088200000| Untracked 
| 131|0x0000000088300000, 0x0000000088300000, 0x0000000088400000|  0%| F|  |TAMS 0x0000000088300000, 0x0000000088300000| Untracked 
| 132|0x0000000088400000, 0x0000000088400000, 0x0000000088500000|  0%| F|  |TAMS 0x0000000088400000, 0x0000000088400000| Untracked 
| 133|0x0000000088500000, 0x0000000088500000, 0x0000000088600000|  0%| F|  |TAMS 0x0000000088500000, 0x0000000088500000| Untracked 
| 134|0x0000000088600000, 0x0000000088600000, 0x0000000088700000|  0%| F|  |TAMS 0x0000000088600000, 0x0000000088600000| Untracked 
| 135|0x0000000088700000, 0x0000000088700000, 0x0000000088800000|  0%| F|  |TAMS 0x0000000088700000, 0x0000000088700000| Untracked 
| 136|0x0000000088800000, 0x00000000888907e8, 0x0000000088900000| 56%| E|  |TAMS 0x0000000088800000, 0x0000000088800000| Complete 
| 137|0x0000000088900000, 0x0000000088a00000, 0x0000000088a00000|100%| E|CS|TAMS 0x0000000088900000, 0x0000000088900000| Complete 
| 138|0x0000000088a00000, 0x0000000088b00000, 0x0000000088b00000|100%| E|CS|TAMS 0x0000000088a00000, 0x0000000088a00000| Complete 
| 139|0x0000000088b00000, 0x0000000088c00000, 0x0000000088c00000|100%| E|CS|TAMS 0x0000000088b00000, 0x0000000088b00000| Complete 
| 140|0x0000000088c00000, 0x0000000088d00000, 0x0000000088d00000|100%| E|CS|TAMS 0x0000000088c00000, 0x0000000088c00000| Complete 
| 141|0x0000000088d00000, 0x0000000088e00000, 0x0000000088e00000|100%| E|CS|TAMS 0x0000000088d00000, 0x0000000088d00000| Complete 
| 142|0x0000000088e00000, 0x0000000088f00000, 0x0000000088f00000|100%| E|CS|TAMS 0x0000000088e00000, 0x0000000088e00000| Complete 
| 143|0x0000000088f00000, 0x0000000089000000, 0x0000000089000000|100%| E|CS|TAMS 0x0000000088f00000, 0x0000000088f00000| Complete 
| 144|0x0000000089000000, 0x0000000089100000, 0x0000000089100000|100%| E|CS|TAMS 0x0000000089000000, 0x0000000089000000| Complete 
| 145|0x0000000089100000, 0x0000000089200000, 0x0000000089200000|100%| E|CS|TAMS 0x0000000089100000, 0x0000000089100000| Complete 
| 146|0x0000000089200000, 0x0000000089300000, 0x0000000089300000|100%| E|CS|TAMS 0x0000000089200000, 0x0000000089200000| Complete 
| 147|0x0000000089300000, 0x0000000089400000, 0x0000000089400000|100%| E|CS|TAMS 0x0000000089300000, 0x0000000089300000| Complete 
| 148|0x0000000089400000, 0x0000000089500000, 0x0000000089500000|100%| E|CS|TAMS 0x0000000089400000, 0x0000000089400000| Complete 
| 149|0x0000000089500000, 0x0000000089600000, 0x0000000089600000|100%| E|CS|TAMS 0x0000000089500000, 0x0000000089500000| Complete 
| 150|0x0000000089600000, 0x0000000089700000, 0x0000000089700000|100%| E|CS|TAMS 0x0000000089600000, 0x0000000089600000| Complete 
| 151|0x0000000089700000, 0x0000000089800000, 0x0000000089800000|100%| E|CS|TAMS 0x0000000089700000, 0x0000000089700000| Complete 
| 152|0x0000000089800000, 0x0000000089900000, 0x0000000089900000|100%| E|CS|TAMS 0x0000000089800000, 0x0000000089800000| Complete 
| 153|0x0000000089900000, 0x0000000089a00000, 0x0000000089a00000|100%| E|CS|TAMS 0x0000000089900000, 0x0000000089900000| Complete 
| 154|0x0000000089a00000, 0x0000000089b00000, 0x0000000089b00000|100%| E|CS|TAMS 0x0000000089a00000, 0x0000000089a00000| Complete 
| 155|0x0000000089b00000, 0x0000000089c00000, 0x0000000089c00000|100%| E|CS|TAMS 0x0000000089b00000, 0x0000000089b00000| Complete 
| 156|0x0000000089c00000, 0x0000000089d00000, 0x0000000089d00000|100%| E|CS|TAMS 0x0000000089c00000, 0x0000000089c00000| Complete 
| 157|0x0000000089d00000, 0x0000000089e00000, 0x0000000089e00000|100%| E|CS|TAMS 0x0000000089d00000, 0x0000000089d00000| Complete 
| 158|0x0000000089e00000, 0x0000000089eac560, 0x0000000089f00000| 67%| S|CS|TAMS 0x0000000089e00000, 0x0000000089e00000| Complete 
| 159|0x0000000089f00000, 0x000000008a000000, 0x000000008a000000|100%| E|CS|TAMS 0x0000000089f00000, 0x0000000089f00000| Complete 
| 160|0x000000008a000000, 0x000000008a100000, 0x000000008a100000|100%| E|CS|TAMS 0x000000008a000000, 0x000000008a000000| Complete 
| 255|0x000000008ff00000, 0x0000000090000000, 0x0000000090000000|100%| E|CS|TAMS 0x000000008ff00000, 0x000000008ff00000| Complete 

Card table byte_map: [0x0000029a5f4c0000,0x0000029a5f8c0000] _byte_map_base: 0x0000029a5f0c0000

Marking Bits (Prev, Next): (CMBitMap*) 0x0000029a47292410, (CMBitMap*) 0x0000029a47292450
 Prev Bits: [0x0000029a5fcc0000, 0x0000029a61cc0000)
 Next Bits: [0x0000029a61cc0000, 0x0000029a63cc0000)

Polling page: 0x0000029a469e0000

Metaspace:

Usage:
  Non-class:     66.23 MB used.
      Class:     10.65 MB used.
       Both:     76.88 MB used.

Virtual space:
  Non-class space:      128.00 MB reserved,      66.56 MB ( 52%) committed,  2 nodes.
      Class space:      416.00 MB reserved,      11.00 MB (  3%) committed,  1 nodes.
             Both:      544.00 MB reserved,      77.56 MB ( 14%) committed. 

Chunk freelists:
   Non-Class:  13.12 MB
       Class:  5.05 MB
        Both:  18.17 MB

MaxMetaspaceSize: 512.00 MB
CompressedClassSpaceSize: 416.00 MB
Initial GC threshold: 21.00 MB
Current GC threshold: 127.00 MB
CDS: on
MetaspaceReclaimPolicy: balanced
 - commit_granule_bytes: 65536.
 - commit_granule_words: 8192.
 - virtual_space_node_default_size: 8388608.
 - enlarge_chunks_in_place: 1.
 - new_chunks_are_fully_committed: 0.
 - uncommit_free_chunks: 1.
 - use_allocation_guard: 0.
 - handle_deallocations: 1.


Internal statistics:

num_allocs_failed_limit: 6.
num_arena_births: 900.
num_arena_deaths: 0.
num_vsnodes_births: 3.
num_vsnodes_deaths: 0.
num_space_committed: 1241.
num_space_uncommitted: 0.
num_chunks_returned_to_freelist: 6.
num_chunks_taken_from_freelist: 4090.
num_chunk_merges: 6.
num_chunk_splits: 2766.
num_chunks_enlarged: 1889.
num_inconsistent_stats: 0.

CodeHeap 'non-profiled nmethods': size=120000Kb used=5050Kb max_used=5277Kb free=114949Kb
 bounds [0x0000029a57b90000, 0x0000029a580c0000, 0x0000029a5f0c0000]
CodeHeap 'profiled nmethods': size=120000Kb used=15548Kb max_used=16438Kb free=104451Kb
 bounds [0x0000029a500c0000, 0x0000029a510f0000, 0x0000029a575f0000]
CodeHeap 'non-nmethods': size=5760Kb used=2377Kb max_used=2424Kb free=3383Kb
 bounds [0x0000029a575f0000, 0x0000029a57870000, 0x0000029a57b90000]
 total_blobs=9020 nmethods=8116 adapters=816
 compilation: enabled
              stopped_count=0, restarted_count=0
 full_count=0

Compilation events (20 events):
Event: 51.605 Thread 0x0000029a66301560 9510       3       java.util.ComparableTimSort::gallopRight (327 bytes)
Event: 51.606 Thread 0x0000029a66301560 nmethod 9510 0x0000029a50a14e10 code [0x0000029a50a15040, 0x0000029a50a15b58]
Event: 51.612 Thread 0x0000029a66301560 9512       3       java.util.TimSort::mergeHi (732 bytes)
Event: 51.613 Thread 0x0000029a66301560 nmethod 9512 0x0000029a5060cc90 code [0x0000029a5060d020, 0x0000029a5060f598]
Event: 51.663 Thread 0x0000029a66301560 9515       3       org.codehaus.groovy.util.ComplexKeyHashMap::resize (103 bytes)
Event: 51.663 Thread 0x0000029a66301560 nmethod 9515 0x0000029a504b3a90 code [0x0000029a504b3c60, 0x0000029a504b4238]
Event: 51.669 Thread 0x0000029a66301560 9516       3       org.codehaus.groovy.reflection.CachedClass$1::initValue (5 bytes)
Event: 51.670 Thread 0x0000029a66301560 nmethod 9516 0x0000029a50a39310 code [0x0000029a50a39560, 0x0000029a50a39f08]
Event: 51.670 Thread 0x0000029a66301560 9517       3       org.codehaus.groovy.reflection.CachedClass$1::initValue (15 bytes)
Event: 51.670 Thread 0x0000029a66301560 nmethod 9517 0x0000029a50962810 code [0x0000029a50962a60, 0x0000029a50963368]
Event: 51.670 Thread 0x0000029a66301560 9518       3       org.codehaus.groovy.reflection.CachedClass$1$$Lambda$435/0x0000029a013d7c30::apply (5 bytes)
Event: 51.670 Thread 0x0000029a66301560 nmethod 9518 0x0000029a50941090 code [0x0000029a50941220, 0x0000029a50941418]
Event: 51.703 Thread 0x0000029a6d949060 nmethod 9504 0x0000029a57e78610 code [0x0000029a57e78a80, 0x0000029a57e7b6b0]
Event: 51.703 Thread 0x0000029a6d949060 9513       4       java.util.StringJoiner::add (110 bytes)
Event: 51.712 Thread 0x0000029a6d949060 nmethod 9513 0x0000029a57cdf090 code [0x0000029a57cdf240, 0x0000029a57cdf8c8]
Event: 51.713 Thread 0x0000029a6d949060 9514  s!   4       java.beans.PropertyDescriptor::getReadMethod (149 bytes)
Event: 51.717 Thread 0x0000029a6d949060 nmethod 9514 0x0000029a57df8d10 code [0x0000029a57df8ea0, 0x0000029a57df9338]
Event: 51.717 Thread 0x0000029a6d949060 9511       4       org.codehaus.groovy.vmplugin.v9.Java9::checkCanSetAccessible (137 bytes)
Event: 51.728 Thread 0x0000029a661fbe70 nmethod 9497 0x0000029a57e64010 code [0x0000029a57e64540, 0x0000029a57e68c68]
Event: 51.729 Thread 0x0000029a661fbe70 9505       4       java.lang.reflect.Modifier::toString (185 bytes)

GC Heap History (20 events):
Event: 36.424 GC heap before
{Heap before GC invocations=37 (full 0):
 garbage-first heap   total 138240K, used 92925K [0x0000000080000000, 0x0000000100000000)
  region size 1024K, 18 young (18432K), 2 survivors (2048K)
 Metaspace       used 65728K, committed 66432K, reserved 491520K
  class space    used 9303K, committed 9664K, reserved 425984K
}
Event: 36.425 GC heap after
{Heap after GC invocations=38 (full 0):
 garbage-first heap   total 138240K, used 79453K [0x0000000080000000, 0x0000000100000000)
  region size 1024K, 3 young (3072K), 3 survivors (3072K)
 Metaspace       used 65728K, committed 66432K, reserved 491520K
  class space    used 9303K, committed 9664K, reserved 425984K
}
Event: 36.471 GC heap before
{Heap before GC invocations=38 (full 0):
 garbage-first heap   total 138240K, used 81501K [0x0000000080000000, 0x0000000100000000)
  region size 1024K, 6 young (6144K), 3 survivors (3072K)
 Metaspace       used 65964K, committed 66688K, reserved 491520K
  class space    used 9330K, committed 9664K, reserved 425984K
}
Event: 36.476 GC heap after
{Heap after GC invocations=39 (full 0):
 garbage-first heap   total 138240K, used 78838K [0x0000000080000000, 0x0000000100000000)
  region size 1024K, 1 young (1024K), 1 survivors (1024K)
 Metaspace       used 65964K, committed 66688K, reserved 491520K
  class space    used 9330K, committed 9664K, reserved 425984K
}
Event: 36.799 GC heap before
{Heap before GC invocations=39 (full 0):
 garbage-first heap   total 138240K, used 99318K [0x0000000080000000, 0x0000000100000000)
  region size 1024K, 22 young (22528K), 1 survivors (1024K)
 Metaspace       used 67876K, committed 68544K, reserved 491520K
  class space    used 9530K, committed 9856K, reserved 425984K
}
Event: 36.801 GC heap after
{Heap after GC invocations=40 (full 0):
 garbage-first heap   total 165888K, used 79351K [0x0000000080000000, 0x0000000100000000)
  region size 1024K, 1 young (1024K), 1 survivors (1024K)
 Metaspace       used 67876K, committed 68544K, reserved 491520K
  class space    used 9530K, committed 9856K, reserved 425984K
}
Event: 37.945 GC heap before
{Heap before GC invocations=41 (full 0):
 garbage-first heap   total 165888K, used 116215K [0x0000000080000000, 0x0000000100000000)
  region size 1024K, 36 young (36864K), 1 survivors (1024K)
 Metaspace       used 71621K, committed 72320K, reserved 491520K
  class space    used 9942K, committed 10240K, reserved 425984K
}
Event: 37.959 GC heap after
{Heap after GC invocations=42 (full 0):
 garbage-first heap   total 165888K, used 82344K [0x0000000080000000, 0x0000000100000000)
  region size 1024K, 3 young (3072K), 3 survivors (3072K)
 Metaspace       used 71621K, committed 72320K, reserved 491520K
  class space    used 9942K, committed 10240K, reserved 425984K
}
Event: 37.972 GC heap before
{Heap before GC invocations=42 (full 0):
 garbage-first heap   total 165888K, used 90536K [0x0000000080000000, 0x0000000100000000)
  region size 1024K, 8 young (8192K), 3 survivors (3072K)
 Metaspace       used 71621K, committed 72320K, reserved 491520K
  class space    used 9942K, committed 10240K, reserved 425984K
}
Event: 37.979 GC heap after
{Heap after GC invocations=43 (full 0):
 garbage-first heap   total 165888K, used 86328K [0x0000000080000000, 0x0000000100000000)
  region size 1024K, 1 young (1024K), 1 survivors (1024K)
 Metaspace       used 71621K, committed 72320K, reserved 491520K
  class space    used 9942K, committed 10240K, reserved 425984K
}
Event: 38.036 GC heap before
{Heap before GC invocations=43 (full 0):
 garbage-first heap   total 165888K, used 89400K [0x0000000080000000, 0x0000000100000000)
  region size 1024K, 5 young (5120K), 1 survivors (1024K)
 Metaspace       used 71630K, committed 72320K, reserved 491520K
  class space    used 9943K, committed 10240K, reserved 425984K
}
Event: 38.039 GC heap after
{Heap after GC invocations=44 (full 0):
 garbage-first heap   total 165888K, used 86819K [0x0000000080000000, 0x0000000100000000)
  region size 1024K, 2 young (2048K), 2 survivors (2048K)
 Metaspace       used 71630K, committed 72320K, reserved 491520K
  class space    used 9943K, committed 10240K, reserved 425984K
}
Event: 39.006 GC heap before
{Heap before GC invocations=45 (full 0):
 garbage-first heap   total 165888K, used 125731K [0x0000000080000000, 0x0000000100000000)
  region size 1024K, 38 young (38912K), 2 survivors (2048K)
 Metaspace       used 74001K, committed 74688K, reserved 491520K
  class space    used 10259K, committed 10560K, reserved 425984K
}
Event: 39.010 GC heap after
{Heap after GC invocations=46 (full 0):
 garbage-first heap   total 165888K, used 89137K [0x0000000080000000, 0x0000000100000000)
  region size 1024K, 3 young (3072K), 3 survivors (3072K)
 Metaspace       used 74001K, committed 74688K, reserved 491520K
  class space    used 10259K, committed 10560K, reserved 425984K
}
Event: 39.575 GC heap before
{Heap before GC invocations=46 (full 0):
 garbage-first heap   total 165888K, used 127025K [0x0000000080000000, 0x0000000100000000)
  region size 1024K, 40 young (40960K), 3 survivors (3072K)
 Metaspace       used 76850K, committed 77568K, reserved 557056K
  class space    used 10635K, committed 10944K, reserved 425984K
}
Event: 39.580 GC heap after
{Heap after GC invocations=47 (full 0):
 garbage-first heap   total 165888K, used 91273K [0x0000000080000000, 0x0000000100000000)
  region size 1024K, 2 young (2048K), 2 survivors (2048K)
 Metaspace       used 76850K, committed 77568K, reserved 557056K
  class space    used 10635K, committed 10944K, reserved 425984K
}
Event: 40.082 GC heap before
{Heap before GC invocations=48 (full 0):
 garbage-first heap   total 165888K, used 128137K [0x0000000080000000, 0x0000000100000000)
  region size 1024K, 40 young (40960K), 2 survivors (2048K)
 Metaspace       used 77866K, committed 78592K, reserved 557056K
  class space    used 10776K, committed 11136K, reserved 425984K
}
Event: 40.088 GC heap after
{Heap after GC invocations=49 (full 0):
 garbage-first heap   total 165888K, used 91691K [0x0000000080000000, 0x0000000100000000)
  region size 1024K, 5 young (5120K), 5 survivors (5120K)
 Metaspace       used 77866K, committed 78592K, reserved 557056K
  class space    used 10776K, committed 11136K, reserved 425984K
}
Event: 40.129 GC heap before
{Heap before GC invocations=49 (full 0):
 garbage-first heap   total 165888K, used 94763K [0x0000000080000000, 0x0000000100000000)
  region size 1024K, 8 young (8192K), 5 survivors (5120K)
 Metaspace       used 77901K, committed 78656K, reserved 557056K
  class space    used 10778K, committed 11136K, reserved 425984K
}
Event: 40.135 GC heap after
{Heap after GC invocations=50 (full 0):
 garbage-first heap   total 165888K, used 91924K [0x0000000080000000, 0x0000000100000000)
  region size 1024K, 1 young (1024K), 1 survivors (1024K)
 Metaspace       used 77901K, committed 78656K, reserved 557056K
  class space    used 10778K, committed 11136K, reserved 425984K
}

Dll operation events (15 events):
Event: 0.036 Loaded shared library C:\Program Files\OpenLogic\jdk-17.0.10.7-hotspot\bin\java.dll
Event: 0.059 Loaded shared library C:\Program Files\OpenLogic\jdk-17.0.10.7-hotspot\bin\jsvml.dll
Event: 0.119 Loaded shared library C:\Program Files\OpenLogic\jdk-17.0.10.7-hotspot\bin\zip.dll
Event: 0.123 Loaded shared library C:\Program Files\OpenLogic\jdk-17.0.10.7-hotspot\bin\instrument.dll
Event: 0.129 Loaded shared library C:\Program Files\OpenLogic\jdk-17.0.10.7-hotspot\bin\net.dll
Event: 0.135 Loaded shared library C:\Program Files\OpenLogic\jdk-17.0.10.7-hotspot\bin\nio.dll
Event: 0.139 Loaded shared library C:\Program Files\OpenLogic\jdk-17.0.10.7-hotspot\bin\zip.dll
Event: 0.435 Loaded shared library C:\Program Files\OpenLogic\jdk-17.0.10.7-hotspot\bin\jimage.dll
Event: 0.564 Loaded shared library C:\Program Files\OpenLogic\jdk-17.0.10.7-hotspot\bin\verify.dll
Event: 0.856 Loaded shared library C:\Users\MAHE\.gradle\native\68d5fa5c4cc2d200863cafc0d521ce42e7d3e7ee720ec0a83991735586a16f82\windows-amd64\native-platform.dll
Event: 0.925 Loaded shared library C:\Users\MAHE\.gradle\native\e376f236ea51e6404a007f0833ffe2c6e607c4080706a723a18a27aeea778392\windows-amd64\native-platform-file-events.dll
Event: 2.893 Loaded shared library C:\Program Files\OpenLogic\jdk-17.0.10.7-hotspot\bin\management.dll
Event: 2.902 Loaded shared library C:\Program Files\OpenLogic\jdk-17.0.10.7-hotspot\bin\management_ext.dll
Event: 3.229 Loaded shared library C:\Program Files\OpenLogic\jdk-17.0.10.7-hotspot\bin\extnet.dll
Event: 3.470 Loaded shared library C:\Program Files\OpenLogic\jdk-17.0.10.7-hotspot\bin\sunmscapi.dll

Deoptimization events (20 events):
Event: 40.207 Thread 0x0000029a6c5824a0 DEOPT PACKING pc=0x0000029a57d89aa0 sp=0x000000a2971f1090
Event: 40.207 Thread 0x0000029a6c5824a0 DEOPT UNPACKING pc=0x0000029a576469a3 sp=0x000000a2971f1028 mode 2
Event: 40.208 Thread 0x0000029a6c5824a0 Uncommon trap: trap_request=0xffffffc6 fr.pc=0x0000029a57d89aa0 relative=0x00000000000004e0
Event: 40.208 Thread 0x0000029a6c5824a0 Uncommon trap: reason=bimorphic_or_optimized_type_check action=maybe_recompile pc=0x0000029a57d89aa0 method=org.codehaus.groovy.util.SingleKeyHashMap.get(Ljava/lang/Object;)Ljava/lang/Object; @ 43 c2
Event: 40.208 Thread 0x0000029a6c5824a0 DEOPT PACKING pc=0x0000029a57d89aa0 sp=0x000000a2971f1090
Event: 40.208 Thread 0x0000029a6c5824a0 DEOPT UNPACKING pc=0x0000029a576469a3 sp=0x000000a2971f1028 mode 2
Event: 40.258 Thread 0x0000029a6c5824a0 DEOPT PACKING pc=0x0000029a5081adb5 sp=0x000000a2971f5fe0
Event: 40.258 Thread 0x0000029a6c5824a0 DEOPT UNPACKING pc=0x0000029a57647143 sp=0x000000a2971f5508 mode 0
Event: 51.553 Thread 0x0000029a6c5824a0 Uncommon trap: trap_request=0xffffffde fr.pc=0x0000029a57f9b55c relative=0x000000000000029c
Event: 51.553 Thread 0x0000029a6c5824a0 Uncommon trap: reason=class_check action=maybe_recompile pc=0x0000029a57f9b55c method=com.google.common.collect.ComparatorOrdering.compare(Ljava/lang/Object;Ljava/lang/Object;)I @ 6 c2
Event: 51.553 Thread 0x0000029a6c5824a0 DEOPT PACKING pc=0x0000029a57f9b55c sp=0x000000a2971eff60
Event: 51.553 Thread 0x0000029a6c5824a0 DEOPT UNPACKING pc=0x0000029a576469a3 sp=0x000000a2971efed8 mode 2
Event: 51.553 Thread 0x0000029a6c5824a0 Uncommon trap: trap_request=0xffffffde fr.pc=0x0000029a57f9b55c relative=0x000000000000029c
Event: 51.553 Thread 0x0000029a6c5824a0 Uncommon trap: reason=class_check action=maybe_recompile pc=0x0000029a57f9b55c method=com.google.common.collect.ComparatorOrdering.compare(Ljava/lang/Object;Ljava/lang/Object;)I @ 6 c2
Event: 51.553 Thread 0x0000029a6c5824a0 DEOPT PACKING pc=0x0000029a57f9b55c sp=0x000000a2971eff60
Event: 51.553 Thread 0x0000029a6c5824a0 DEOPT UNPACKING pc=0x0000029a576469a3 sp=0x000000a2971efed8 mode 2
Event: 51.598 Thread 0x0000029a6c5824a0 Uncommon trap: trap_request=0xffffffc6 fr.pc=0x0000029a5801cdec relative=0x000000000000062c
Event: 51.598 Thread 0x0000029a6c5824a0 Uncommon trap: reason=bimorphic_or_optimized_type_check action=maybe_recompile pc=0x0000029a5801cdec method=groovy.lang.MetaClassImpl.filterPropertyMethod(Ljava/lang/Object;ZZ)Ljava/lang/Object; @ 38 c2
Event: 51.598 Thread 0x0000029a6c5824a0 DEOPT PACKING pc=0x0000029a5801cdec sp=0x000000a2971f40f0
Event: 51.598 Thread 0x0000029a6c5824a0 DEOPT UNPACKING pc=0x0000029a576469a3 sp=0x000000a2971f4058 mode 2

Classes unloaded (0 events):
No events

Classes redefined (0 events):
No events

Internal exceptions (20 events):
Event: 51.566 Thread 0x0000029a6c5824a0 Exception <a 'java/lang/ClassNotFoundException'{0x000000008956cd38}: org/gradle/api/DefaultTask_DecoratedBeanInfo> (0x000000008956cd38) 
thrown [s\src\hotspot\share\classfile\systemDictionary.cpp, line 256]
Event: 51.566 Thread 0x0000029a6c5824a0 Exception <a 'java/lang/ClassNotFoundException'{0x0000000089588b68}: org/gradle/api/DefaultTaskBeanInfo> (0x0000000089588b68) 
thrown [s\src\hotspot\share\classfile\systemDictionary.cpp, line 256]
Event: 51.567 Thread 0x0000029a6c5824a0 Exception <a 'java/lang/ClassNotFoundException'{0x00000000895a4a98}: org/gradle/api/internal/AbstractTaskBeanInfo> (0x00000000895a4a98) 
thrown [s\src\hotspot\share\classfile\systemDictionary.cpp, line 256]
Event: 51.569 Thread 0x0000029a6c5824a0 Exception <a 'java/lang/ClassNotFoundException'{0x00000000895c09d8}: org/gradle/api/internal/AbstractTaskCustomizer> (0x00000000895c09d8) 
thrown [s\src\hotspot\share\classfile\systemDictionary.cpp, line 256]
Event: 51.572 Thread 0x0000029a6c5824a0 Exception <a 'java/lang/ClassNotFoundException'{0x000000008942dde0}: org/gradle/api/DefaultTaskCustomizer> (0x000000008942dde0) 
thrown [s\src\hotspot\share\classfile\systemDictionary.cpp, line 256]
Event: 51.575 Thread 0x0000029a6c5824a0 Exception <a 'java/lang/ClassNotFoundException'{0x00000000894a63d8}: org/gradle/api/DefaultTask_DecoratedCustomizer> (0x00000000894a63d8) 
thrown [s\src\hotspot\share\classfile\systemDictionary.cpp, line 256]
Event: 51.597 Thread 0x0000029a6c5824a0 Exception <a 'java/lang/ClassNotFoundException'{0x00000000893279c0}: java/util/regex/MatcherBeanInfo> (0x00000000893279c0) 
thrown [s\src\hotspot\share\classfile\systemDictionary.cpp, line 256]
Event: 51.598 Thread 0x0000029a6c5824a0 Exception <a 'java/lang/ClassNotFoundException'{0x0000000089331a48}: java/util/regex/MatcherCustomizer> (0x0000000089331a48) 
thrown [s\src\hotspot\share\classfile\systemDictionary.cpp, line 256]
Event: 51.608 Thread 0x0000029a6c5824a0 Exception <a 'java/lang/ClassNotFoundException'{0x00000000893e3f18}: com/android/build/gradle/internal/api/DefaultAndroidSourceSet_DecoratedBeanInfo> (0x00000000893e3f18) 
thrown [s\src\hotspot\share\classfile\systemDictionary.cpp, line 256]
Event: 51.609 Thread 0x0000029a6c5824a0 Exception <a 'java/lang/ClassNotFoundException'{0x00000000893f6330}: com/android/build/gradle/internal/api/DefaultAndroidSourceSetBeanInfo> (0x00000000893f6330) 
thrown [s\src\hotspot\share\classfile\systemDictionary.cpp, line 256]
Event: 51.610 Thread 0x0000029a6c5824a0 Exception <a 'java/lang/ClassNotFoundException'{0x0000000089208cc8}: com/android/build/gradle/internal/api/DefaultAndroidSourceSetCustomizer> (0x0000000089208cc8) 
thrown [s\src\hotspot\share\classfile\systemDictionary.cpp, line 256]
Event: 51.648 Thread 0x0000029a6c5824a0 Exception <a 'java/lang/ClassNotFoundException'{0x0000000089276150}: com/android/build/gradle/internal/api/DefaultAndroidSourceSet_DecoratedCustomizer> (0x0000000089276150) 
thrown [s\src\hotspot\share\classfile\systemDictionary.cpp, line 256]
Event: 51.668 Thread 0x0000029a6c5824a0 Exception <a 'java/lang/ClassNotFoundException'{0x0000000089120c18}: com/android/build/gradle/internal/api/DefaultAndroidSourceDirectorySetBeanInfo> (0x0000000089120c18) 
thrown [s\src\hotspot\share\classfile\systemDictionary.cpp, line 256]
Event: 51.668 Thread 0x0000029a6c5824a0 Exception <a 'java/lang/ClassNotFoundException'{0x0000000089134430}: com/android/build/gradle/internal/api/DefaultAndroidSourceDirectorySetCustomizer> (0x0000000089134430) 
thrown [s\src\hotspot\share\classfile\systemDictionary.cpp, line 256]
Event: 51.711 Thread 0x0000029a6c5824a0 Exception <a 'java/lang/ClassNotFoundException'{0x0000000089058548}: com/google/common/collect/SingletonImmutableSetBeanInfo> (0x0000000089058548) 
thrown [s\src\hotspot\share\classfile\systemDictionary.cpp, line 256]
Event: 51.719 Thread 0x0000029a6c5824a0 Exception <a 'java/lang/ClassNotFoundException'{0x000000008906b858}: com/google/common/collect/ImmutableSetBeanInfo> (0x000000008906b858) 
thrown [s\src\hotspot\share\classfile\systemDictionary.cpp, line 256]
Event: 51.720 Thread 0x0000029a6c5824a0 Exception <a 'java/lang/ClassNotFoundException'{0x000000008907ec38}: com/google/common/collect/ImmutableCollectionBeanInfo> (0x000000008907ec38) 
thrown [s\src\hotspot\share\classfile\systemDictionary.cpp, line 256]
Event: 51.720 Thread 0x0000029a6c5824a0 Exception <a 'java/lang/ClassNotFoundException'{0x0000000089092338}: com/google/common/collect/ImmutableCollectionCustomizer> (0x0000000089092338) 
thrown [s\src\hotspot\share\classfile\systemDictionary.cpp, line 256]
Event: 51.732 Thread 0x0000029a6c5824a0 Exception <a 'java/lang/ClassNotFoundException'{0x00000000890f21e8}: com/google/common/collect/ImmutableSetCustomizer> (0x00000000890f21e8) 
thrown [s\src\hotspot\share\classfile\systemDictionary.cpp, line 256]
Event: 51.733 Thread 0x0000029a6c5824a0 Exception <a 'java/lang/ClassNotFoundException'{0x0000000088f1e3d0}: com/google/common/collect/SingletonImmutableSetCustomizer> (0x0000000088f1e3d0) 
thrown [s\src\hotspot\share\classfile\systemDictionary.cpp, line 256]

VM Operations (20 events):
Event: 39.163 Executing VM operation: HandshakeAllThreads
Event: 39.163 Executing VM operation: HandshakeAllThreads done
Event: 39.198 Executing VM operation: HandshakeAllThreads
Event: 39.198 Executing VM operation: HandshakeAllThreads done
Event: 39.575 Executing VM operation: G1CollectForAllocation
Event: 39.580 Executing VM operation: G1CollectForAllocation done
Event: 39.676 Executing VM operation: G1PauseRemark
Event: 39.685 Executing VM operation: G1PauseRemark done
Event: 39.730 Executing VM operation: G1PauseCleanup
Event: 39.730 Executing VM operation: G1PauseCleanup done
Event: 40.082 Executing VM operation: G1CollectForAllocation
Event: 40.088 Executing VM operation: G1CollectForAllocation done
Event: 40.129 Executing VM operation: G1CollectForAllocation
Event: 40.135 Executing VM operation: G1CollectForAllocation done
Event: 42.148 Executing VM operation: Cleanup
Event: 42.148 Executing VM operation: Cleanup done
Event: 47.196 Executing VM operation: Cleanup
Event: 47.196 Executing VM operation: Cleanup done
Event: 48.209 Executing VM operation: Cleanup
Event: 48.209 Executing VM operation: Cleanup done

Events (20 events):
Event: 39.210 Thread 0x0000029a6631c140 flushing nmethod 0x0000029a50ff1510
Event: 39.210 Thread 0x0000029a6631c140 flushing nmethod 0x0000029a50ff2090
Event: 39.210 Thread 0x0000029a6631c140 flushing nmethod 0x0000029a51011510
Event: 39.210 Thread 0x0000029a6631c140 flushing nmethod 0x0000029a51027f90
Event: 39.210 Thread 0x0000029a6631c140 flushing nmethod 0x0000029a51028710
Event: 39.219 Thread 0x0000029a6cdbeb70 Thread added: 0x0000029a6cdbeb70
Event: 39.765 loading class java/util/regex/Pattern$Pos
Event: 39.765 loading class java/util/regex/Pattern$Pos done
Event: 39.999 loading class java/beans/IntrospectionException
Event: 40.023 loading class java/beans/IntrospectionException done
Event: 40.964 Thread 0x0000029a6cdbeb70 Thread exited: 0x0000029a6cdbeb70
Event: 51.578 Thread 0x0000029a6d949060 Thread added: 0x0000029a6d949060
Event: 51.596 loading class java/util/regex/MatcherBeanInfo
Event: 51.596 loading class java/util/regex/MatcherBeanInfo done
Event: 51.597 loading class java/util/regex/MatcherBeanInfo
Event: 51.597 loading class java/util/regex/MatcherBeanInfo done
Event: 51.597 loading class java/util/regex/MatcherCustomizer
Event: 51.597 loading class java/util/regex/MatcherCustomizer done
Event: 51.598 loading class java/util/regex/MatcherCustomizer
Event: 51.598 loading class java/util/regex/MatcherCustomizer done


Dynamic libraries:
0x00007ff799470000 - 0x00007ff79947e000 	C:\Program Files\OpenLogic\jdk-17.0.10.7-hotspot\bin\java.exe
0x00007ff8586d0000 - 0x00007ff8588e7000 	C:\Windows\SYSTEM32\ntdll.dll
0x00007ff857000000 - 0x00007ff8570c4000 	C:\Windows\System32\KERNEL32.DLL
0x00007ff855fd0000 - 0x00007ff856377000 	C:\Windows\System32\KERNELBASE.dll
0x00007ff855600000 - 0x00007ff85574c000 	C:\Windows\system32\hmpalert.dll
0x00007ff855a20000 - 0x00007ff855b31000 	C:\Windows\System32\ucrtbase.dll
0x00007ff8124c0000 - 0x00007ff8124db000 	C:\Program Files\OpenLogic\jdk-17.0.10.7-hotspot\bin\VCRUNTIME140.dll
0x00007ff814cf0000 - 0x00007ff814d07000 	C:\Program Files\OpenLogic\jdk-17.0.10.7-hotspot\bin\jli.dll
0x00007ff857fd0000 - 0x00007ff85817e000 	C:\Windows\System32\USER32.dll
0x00007ff855c60000 - 0x00007ff855c86000 	C:\Windows\System32\win32u.dll
0x00007ff856810000 - 0x00007ff856839000 	C:\Windows\System32\GDI32.dll
0x00007ff855b40000 - 0x00007ff855c59000 	C:\Windows\System32\gdi32full.dll
0x00007ff855d50000 - 0x00007ff855dea000 	C:\Windows\System32\msvcp_win.dll
0x00007ff854a50000 - 0x00007ff854ce3000 	C:\Windows\WinSxS\amd64_microsoft.windows.common-controls_6595b64144ccf1df_6.0.22621.3527_none_270e469b73872a76\COMCTL32.dll
0x00007ff8570d0000 - 0x00007ff857177000 	C:\Windows\System32\msvcrt.dll
0x00007ff8568c0000 - 0x00007ff8568f1000 	C:\Windows\System32\IMM32.DLL
0x00007ff836fe0000 - 0x00007ff836fec000 	C:\Program Files\OpenLogic\jdk-17.0.10.7-hotspot\bin\vcruntime140_1.dll
0x00007ff8074b0000 - 0x00007ff80753d000 	C:\Program Files\OpenLogic\jdk-17.0.10.7-hotspot\bin\msvcp140.dll
0x00007ff806840000 - 0x00007ff8074a2000 	C:\Program Files\OpenLogic\jdk-17.0.10.7-hotspot\bin\server\jvm.dll
0x00007ff858330000 - 0x00007ff8583e2000 	C:\Windows\System32\ADVAPI32.dll
0x00007ff856d80000 - 0x00007ff856e28000 	C:\Windows\System32\sechost.dll
0x00007ff8559f0000 - 0x00007ff855a18000 	C:\Windows\System32\bcrypt.dll
0x00007ff856ee0000 - 0x00007ff856ff5000 	C:\Windows\System32\RPCRT4.dll
0x00007ff827e50000 - 0x00007ff827e59000 	C:\Windows\SYSTEM32\WSOCK32.dll
0x00007ff8581b0000 - 0x00007ff858221000 	C:\Windows\System32\WS2_32.dll
0x00007ff8555b0000 - 0x00007ff8555fd000 	C:\Windows\SYSTEM32\POWRPROF.dll
0x00007ff84fb40000 - 0x00007ff84fb4a000 	C:\Windows\SYSTEM32\VERSION.dll
0x00007ff848360000 - 0x00007ff848394000 	C:\Windows\SYSTEM32\WINMM.dll
0x00007ff855590000 - 0x00007ff8555a3000 	C:\Windows\SYSTEM32\UMPDC.dll
0x00007ff8541e0000 - 0x00007ff8541f8000 	C:\Windows\SYSTEM32\kernel.appcore.dll
0x00007ff8150f0000 - 0x00007ff8150fa000 	C:\Program Files\OpenLogic\jdk-17.0.10.7-hotspot\bin\jimage.dll
0x00007ff855040000 - 0x00007ff855272000 	C:\Windows\SYSTEM32\DBGHELP.DLL
0x00007ff856400000 - 0x00007ff856788000 	C:\Windows\System32\combase.dll
0x00007ff857210000 - 0x00007ff8572e7000 	C:\Windows\System32\OLEAUT32.dll
0x00007ff855000000 - 0x00007ff855032000 	C:\Windows\SYSTEM32\dbgcore.DLL
0x00007ff856380000 - 0x00007ff8563f9000 	C:\Windows\System32\bcryptPrimitives.dll
0x00007ff806670000 - 0x00007ff80667e000 	C:\Program Files\OpenLogic\jdk-17.0.10.7-hotspot\bin\instrument.dll
0x00007ff806810000 - 0x00007ff806835000 	C:\Program Files\OpenLogic\jdk-17.0.10.7-hotspot\bin\java.dll
0x00007ff806730000 - 0x00007ff806806000 	C:\Program Files\OpenLogic\jdk-17.0.10.7-hotspot\bin\jsvml.dll
0x00007ff857670000 - 0x00007ff857ecc000 	C:\Windows\System32\SHELL32.dll
0x00007ff853100000 - 0x00007ff8539f6000 	C:\Windows\SYSTEM32\windows.storage.dll
0x00007ff852fc0000 - 0x00007ff8530fe000 	C:\Windows\SYSTEM32\wintypes.dll
0x00007ff858230000 - 0x00007ff858325000 	C:\Windows\System32\SHCORE.dll
0x00007ff8567a0000 - 0x00007ff8567fe000 	C:\Windows\System32\shlwapi.dll
0x00007ff855920000 - 0x00007ff855941000 	C:\Windows\SYSTEM32\profapi.dll
0x00007ff8066d0000 - 0x00007ff8066e8000 	C:\Program Files\OpenLogic\jdk-17.0.10.7-hotspot\bin\zip.dll
0x00007ff806710000 - 0x00007ff806729000 	C:\Program Files\OpenLogic\jdk-17.0.10.7-hotspot\bin\net.dll
0x00007ff84f9e0000 - 0x00007ff84fb16000 	C:\Windows\SYSTEM32\WINHTTP.dll
0x00007ff854610000 - 0x00007ff854679000 	C:\Windows\system32\mswsock.dll
0x00007ff8066f0000 - 0x00007ff806706000 	C:\Program Files\OpenLogic\jdk-17.0.10.7-hotspot\bin\nio.dll
0x00007ff814a90000 - 0x00007ff814aa0000 	C:\Program Files\OpenLogic\jdk-17.0.10.7-hotspot\bin\verify.dll
0x00007ff8066a0000 - 0x00007ff8066c7000 	C:\Users\MAHE\.gradle\native\68d5fa5c4cc2d200863cafc0d521ce42e7d3e7ee720ec0a83991735586a16f82\windows-amd64\native-platform.dll
0x00007ff806520000 - 0x00007ff806664000 	C:\Users\MAHE\.gradle\native\e376f236ea51e6404a007f0833ffe2c6e607c4080706a723a18a27aeea778392\windows-amd64\native-platform-file-events.dll
0x00007ff8124b0000 - 0x00007ff8124b9000 	C:\Program Files\OpenLogic\jdk-17.0.10.7-hotspot\bin\management.dll
0x00007ff806690000 - 0x00007ff80669b000 	C:\Program Files\OpenLogic\jdk-17.0.10.7-hotspot\bin\management_ext.dll
0x00007ff856860000 - 0x00007ff856868000 	C:\Windows\System32\PSAPI.DLL
0x00007ff8554b0000 - 0x00007ff8554cb000 	C:\Windows\SYSTEM32\CRYPTSP.dll
0x00007ff854140000 - 0x00007ff854175000 	C:\Windows\system32\rsaenh.dll
0x00007ff854710000 - 0x00007ff854738000 	C:\Windows\SYSTEM32\USERENV.dll
0x00007ff854870000 - 0x00007ff85487c000 	C:\Windows\SYSTEM32\CRYPTBASE.dll
0x00007ff853c60000 - 0x00007ff853c8d000 	C:\Windows\SYSTEM32\IPHLPAPI.DLL
0x00007ff8581a0000 - 0x00007ff8581a9000 	C:\Windows\System32\NSI.dll
0x00007ff84fb50000 - 0x00007ff84fb69000 	C:\Windows\SYSTEM32\dhcpcsvc6.DLL
0x00007ff84f880000 - 0x00007ff84f89f000 	C:\Windows\SYSTEM32\dhcpcsvc.DLL
0x00007ff853c90000 - 0x00007ff853d88000 	C:\Windows\SYSTEM32\DNSAPI.dll
0x00007ff806680000 - 0x00007ff806688000 	C:\Program Files\OpenLogic\jdk-17.0.10.7-hotspot\bin\extnet.dll
0x00007ff806510000 - 0x00007ff80651e000 	C:\Program Files\OpenLogic\jdk-17.0.10.7-hotspot\bin\sunmscapi.dll
0x00007ff855df0000 - 0x00007ff855f58000 	C:\Windows\System32\CRYPT32.dll
0x00007ff854cf0000 - 0x00007ff854d1e000 	C:\Windows\SYSTEM32\ncrypt.dll
0x00007ff854a10000 - 0x00007ff854a47000 	C:\Windows\SYSTEM32\NTASN1.dll
0x00007ff806500000 - 0x00007ff806508000 	C:\Windows\system32\wshunix.dll
0x00007ff83e710000 - 0x00007ff83e727000 	C:\Windows\system32\napinsp.dll
0x00007ff83db10000 - 0x00007ff83db2b000 	C:\Windows\system32\pnrpnsp.dll
0x00007ff83daf0000 - 0x00007ff83db01000 	C:\Windows\System32\winrnr.dll
0x00007ff83dad0000 - 0x00007ff83dae5000 	C:\Windows\system32\wshbth.dll
0x00007ff83daa0000 - 0x00007ff83dac7000 	C:\Windows\system32\nlansp_c.dll
0x00007ff84e0f0000 - 0x00007ff84e0fa000 	C:\Windows\System32\rasadhlp.dll
0x00007ff84f0f0000 - 0x00007ff84f173000 	C:\Windows\System32\fwpuclnt.dll

dbghelp: loaded successfully - version: 4.0.5 - missing functions: none
symbol engine: initialized successfully - sym options: 0x614 - pdb path: .;C:\Program Files\OpenLogic\jdk-17.0.10.7-hotspot\bin;C:\Windows\SYSTEM32;C:\Windows\WinSxS\amd64_microsoft.windows.common-controls_6595b64144ccf1df_6.0.22621.3527_none_270e469b73872a76;C:\Program Files\OpenLogic\jdk-17.0.10.7-hotspot\bin\server;C:\Users\MAHE\.gradle\native\68d5fa5c4cc2d200863cafc0d521ce42e7d3e7ee720ec0a83991735586a16f82\windows-amd64;C:\Users\MAHE\.gradle\native\e376f236ea51e6404a007f0833ffe2c6e607c4080706a723a18a27aeea778392\windows-amd64

VM Arguments:
jvm_args: -XX:MaxMetaspaceSize=512m --add-opens=java.base/java.util=ALL-UNNAMED --add-opens=java.base/java.lang=ALL-UNNAMED --add-opens=java.base/java.lang.invoke=ALL-UNNAMED --add-opens=java.prefs/java.util.prefs=ALL-UNNAMED --add-opens=java.base/java.nio.charset=ALL-UNNAMED --add-opens=java.base/java.net=ALL-UNNAMED --add-opens=java.base/java.util.concurrent.atomic=ALL-UNNAMED -Xmx2048m -Dfile.encoding=windows-1252 -Duser.country=IN -Duser.language=en -Duser.variant -javaagent:C:\Users\MAHE\.gradle\wrapper\dists\gradle-8.3-all\6en3ugtfdg5xnpx44z4qbwgas\gradle-8.3\lib\agents\gradle-instrumentation-agent-8.3.jar 
java_command: org.gradle.launcher.daemon.bootstrap.GradleDaemon 8.3
java_class_path (initial): C:\Users\MAHE\.gradle\wrapper\dists\gradle-8.3-all\6en3ugtfdg5xnpx44z4qbwgas\gradle-8.3\lib\gradle-launcher-8.3.jar
Launcher Type: SUN_STANDARD

[Global flags]
     intx CICompilerCount                          = 3                                         {product} {ergonomic}
   size_t CompressedClassSpaceSize                 = 436207616                                 {product} {ergonomic}
     uint ConcGCThreads                            = 1                                         {product} {ergonomic}
     uint G1ConcRefinementThreads                  = 4                                         {product} {ergonomic}
   size_t G1HeapRegionSize                         = 1048576                                   {product} {ergonomic}
    uintx GCDrainStackTargetSize                   = 64                                        {product} {ergonomic}
   size_t InitialHeapSize                          = 268435456                                 {product} {ergonomic}
   size_t MarkStackSize                            = 4194304                                   {product} {ergonomic}
   size_t MaxHeapSize                              = 2147483648                                {product} {command line}
   size_t MaxMetaspaceSize                         = 536870912                                 {product} {command line}
   size_t MaxNewSize                               = 1287651328                                {product} {ergonomic}
   size_t MinHeapDeltaBytes                        = 1048576                                   {product} {ergonomic}
   size_t MinHeapSize                              = 8388608                                   {product} {ergonomic}
    uintx NonNMethodCodeHeapSize                   = 5832780                                {pd product} {ergonomic}
    uintx NonProfiledCodeHeapSize                  = 122912730                              {pd product} {ergonomic}
    uintx ProfiledCodeHeapSize                     = 122912730                              {pd product} {ergonomic}
    uintx ReservedCodeCacheSize                    = 251658240                              {pd product} {ergonomic}
     bool SegmentedCodeCache                       = true                                      {product} {ergonomic}
   size_t SoftMaxHeapSize                          = 2147483648                             {manageable} {ergonomic}
     bool UseCompressedClassPointers               = true                           {product lp64_product} {ergonomic}
     bool UseCompressedOops                        = true                           {product lp64_product} {ergonomic}
     bool UseG1GC                                  = true                                      {product} {ergonomic}
     bool UseLargePagesIndividualAllocation        = false                                  {pd product} {ergonomic}

Logging:
Log output configuration:
 #0: stdout all=warning uptime,level,tags
 #1: stderr all=off uptime,level,tags

Environment Variables:
JAVA_HOME=C:\Program Files\OpenLogic\jdk-17.0.10.7-hotspot\
CLASSPATH=C:\Users\MAHE\Documents\DOC APP BACKUP FILES\april30_\demo1_joyson1\android\\gradle\wrapper\gradle-wrapper.jar
PATH=C:\Users\MAHE\Documents\DOC APP BACKUP FILES\april30_\demo1_joyson1\node_modules\.bin;C:\Users\MAHE\Documents\DOC APP BACKUP FILES\april30_\demo1_joyson1\node_modules\.bin;C:\Users\MAHE\Documents\DOC APP BACKUP FILES\april30_\node_modules\.bin;C:\Users\MAHE\Documents\DOC APP BACKUP FILES\node_modules\.bin;C:\Users\MAHE\Documents\node_modules\.bin;C:\Users\MAHE\node_modules\.bin;C:\Users\node_modules\.bin;C:\node_modules\.bin;C:\Users\MAHE\AppData\Roaming\npm\node_modules\npm\node_modules\@npmcli\run-script\lib\node-gyp-bin;C:\Program Files\OpenLogic\jdk-17.0.10.7-hotspot\bin;C:\Python312\Scripts\;C:\Python312\;C:\Windows\system32;C:\Windows;C:\Windows\System32\Wbem;C:\Windows\System32\WindowsPowerShell\v1.0\;C:\Windows\System32\OpenSSH\;C:\Program Files\nodejs\;C:\ProgramData\chocolatey\bin;C:\Program Files\Git\cmd;C:\Program Files\Git\bin;C:\Program Files (x86)\Microsoft SQL Server\160\Tools\Binn\;C:\Program Files\Microsoft SQL Server\160\Tools\Binn\;C:\Program Files\Microsoft SQL Server\Client SDK\ODBC\170\Tools\Binn\;C:\Program Files\Microsoft SQL Server\160\DTS\Binn\;C:\Program Files (x86)\Microsoft SQL Server\160\DTS\Binn\;C:\Program Files\Azure Data Studio\bin;C:\Users\MAHE\AppData\Local\Microsoft\WindowsApps;C:\Users\MAHE\AppData\Local\Programs\Microsoft VS Code\bin;C:\Users\MAHE\AppData\Roaming\npm;C:\Users\MAHE\AppData\Local\Android\Sdk;C:\Users\MAHE\AppData\Local\Android\Sdk\platform-tools;C:\Users\MAHE\AppData\Local\Android\Sdk\emulator;C:\Program Files\Git\bin;;C:\Program Files\Azure Data Studio\bin
USERNAME=MAHE
LANG=en_US.UTF-8
OS=Windows_NT
PROCESSOR_IDENTIFIER=Intel64 Family 6 Model 60 Stepping 3, GenuineIntel
TMP=C:\Users\MAHE\AppData\Local\Temp
TEMP=C:\Users\MAHE\AppData\Local\Temp



Periodic native trim disabled


---------------  S Y S T E M  ---------------

OS:
 Windows 11 , 64 bit Build 22621 (10.0.22621.3527)
OS uptime: 0 days 0:02 hours

CPU: total 4 (initial active 4) (4 cores per cpu, 1 threads per core) family 6 model 60 stepping 3 microcode 0x28, cx8, cmov, fxsr, mmx, sse, sse2, sse3, ssse3, sse4.1, sse4.2, popcnt, lzcnt, tsc, tscinvbit, avx, avx2, aes, erms, clmul, bmi1, bmi2, fma, vzeroupper, clflush
Processor Information for all 4 processors :
  Max Mhz: 3001, Current Mhz: 3001, Mhz Limit: 3001

Memory: 4k page, system-wide physical 16309M (9906M free)
TotalPageFile size 32693M (AvailPageFile size 25102M)
current process WorkingSet (physical memory assigned to process): 364M, peak: 389M
current process commit charge ("private bytes"): 421M, peak: 446M

vm_info: OpenJDK 64-Bit Server VM (17.0.10+7-adhoc..jdk17u) for windows-amd64 JRE (17.0.10+7-adhoc..jdk17u), built on Jan 24 2024 08:51:31 by "" with MS VC++ 16.10 / 16.11 (VS2019)

END.
