#
# A fatal error has been detected by the Java Runtime Environment:
#
#  EXCEPTION_ACCESS_VIOLATION (0xc0000005) at pc=0x00007fff44e07d5b, pid=13484, tid=13584
#
# JRE version: OpenJDK Runtime Environment OpenLogic-OpenJDK (17.0.10+7) (build 17.0.10+7-adhoc..jdk17u)
# Java VM: OpenJDK 64-Bit Server VM OpenLogic-OpenJDK (17.0.10+7-adhoc..jdk17u, mixed mode, sharing, tiered, compressed oops, compressed class ptrs, g1 gc, windows-amd64)
# Problematic frame:
# V  [jvm.dll+0x6a7d5b]
#
# No core dump will be written. Minidumps are not enabled by default on client versions of Windows
#
# If you would like to submit a bug report, please visit:
#   https://techsupport.roguewave.com/
#

---------------  S U M M A R Y ------------

Command Line: -XX:MaxMetaspaceSize=512m --add-opens=java.base/java.util=ALL-UNNAMED --add-opens=java.base/java.lang=ALL-UNNAMED --add-opens=java.base/java.lang.invoke=ALL-UNNAMED --add-opens=java.prefs/java.util.prefs=ALL-UNNAMED --add-opens=java.base/java.nio.charset=ALL-UNNAMED --add-opens=java.base/java.net=ALL-UNNAMED --add-opens=java.base/java.util.concurrent.atomic=ALL-UNNAMED -Xmx2048m -Dfile.encoding=windows-1252 -Duser.country=IN -Duser.language=en -Duser.variant -javaagent:C:\Users\MAHE\.gradle\wrapper\dists\gradle-8.3-all\6en3ugtfdg5xnpx44z4qbwgas\gradle-8.3\lib\agents\gradle-instrumentation-agent-8.3.jar org.gradle.launcher.daemon.bootstrap.GradleDaemon 8.3

Host: Intel(R) Core(TM) i5-4590S CPU @ 3.00GHz, 4 cores, 15G,  Windows 11 , 64 bit Build 22621 (10.0.22621.3374)
Time: Sat Mar 30 16:08:28 2024 India Standard Time elapsed time: 59.861826 seconds (0d 0h 0m 59s)

---------------  T H R E A D  ---------------

Current thread (0x000002a8da6de860):  JavaThread "C2 CompilerThread0" daemon [_thread_in_native, id=13584, stack(0x000000fd7ca00000,0x000000fd7cb00000)]


Current CompileTask:
C2:  59861 10071   !   4       java.util.zip.ZipFile::getInputStream (275 bytes)

Stack: [0x000000fd7ca00000,0x000000fd7cb00000],  sp=0x000000fd7cafb4d0,  free space=1005k
Native frames: (J=compiled Java code, j=interpreted, Vv=VM code, C=native code)
V  [jvm.dll+0x6a7d5b]
V  [jvm.dll+0x1bd14e]
V  [jvm.dll+0x21a3f9]
V  [jvm.dll+0x2196c1]
V  [jvm.dll+0x1a512d]
V  [jvm.dll+0x22949e]
V  [jvm.dll+0x22766c]
V  [jvm.dll+0x7e9ea7]
V  [jvm.dll+0x7e42aa]
V  [jvm.dll+0x67c5d5]
C  [ucrtbase.dll+0x29333]
C  [KERNEL32.DLL+0x1257d]
C  [ntdll.dll+0x5aa48]


siginfo: EXCEPTION_ACCESS_VIOLATION (0xc0000005), writing address 0x000002b08400c048


Registers:
RAX=0x000002a88400c050, RBX=0xffffffffffffffff, RCX=0x0000000000000000, RDX=0x0000000000000000
RSP=0x000000fd7cafb4d0, RBP=0x000002a8febfbec0, RSI=0x0000000000000018, RDI=0x00000007fffffff8
R8 =0x00000000000fec50, R9 =0x0000000000000000, R10=0x00007fffa6680000, R11=0x000002a88400d400
R12=0x0000000000000018, R13=0x000002a8fb5be4f0, R14=0x000002a8fb5be4f0, R15=0x000002a8febfaaf0
RIP=0x00007fff44e07d5b, EFLAGS=0x0000000000010202


Register to memory mapping:

RIP=0x00007fff44e07d5b jvm.dll
RAX=0x000002a88400c050 points into unknown readable memory: 0x000002a8fb5be448 | 48 e4 5b fb a8 02 00 00
RBX=0xffffffffffffffff is an unknown value
RCX=0x0 is NULL
RDX=0x0 is NULL
RSP=0x000000fd7cafb4d0 is pointing into the stack for thread: 0x000002a8da6de860
RBP=0x000002a8febfbec0 points into unknown readable memory: 0x000002a8da6c9f80 | 80 9f 6c da a8 02 00 00
RSI=0x0000000000000018 is an unknown value
RDI=0x00000007fffffff8 is an unknown value
R8 =0x00000000000fec50 is an unknown value
R9 =0x0 is NULL
R10=0x00007fffa6680000 VCRUNTIME140.dll
R11=0x000002a88400d400 points into unknown readable memory: 0x0000000000000000 | 00 00 00 00 00 00 00 00
R12=0x0000000000000018 is an unknown value
R13=0x000002a8fb5be4f0 points into unknown readable memory: 0x00007fff45090b38 | 38 0b 09 45 ff 7f 00 00
R14=0x000002a8fb5be4f0 points into unknown readable memory: 0x00007fff45090b38 | 38 0b 09 45 ff 7f 00 00
R15=0x000002a8febfaaf0 points into unknown readable memory: 0x000002a8da6c9f80 | 80 9f 6c da a8 02 00 00


Top of Stack: (sp=0x000000fd7cafb4d0)
0x000000fd7cafb4d0:   ffffffffffffffff 0000000000000018
0x000000fd7cafb4e0:   000002a8febfbec0 000002a8fb9646c0
0x000000fd7cafb4f0:   000002a8febfbec0 000002a8febfaaf0
0x000000fd7cafb500:   0000000000000018 00000000ffffffff
0x000000fd7cafb510:   000002a8fb5be4f0 000002a8febfaaf0
0x000000fd7cafb520:   000002a8fb9646c0 0000000000000010
0x000000fd7cafb530:   000002a8fcde73d0 00000000000000e7
0x000000fd7cafb540:   000002a8fcde6bf0 000002a8fb5be4f0
0x000000fd7cafb550:   000002a8fcde6410 000002a8da582528
0x000000fd7cafb560:   000002a8da6bef30 000002a8da6bef00
0x000000fd7cafb570:   0000000000000000 000002a8da6c9f80
0x000000fd7cafb580:   000002a8fcde1020 000002a8fcde6410
0x000000fd7cafb590:   000002a8fcde9008 0000000000089790
0x000000fd7cafb5a0:   0000000000000000 0000000000000000
0x000000fd7cafb5b0:   000002a8fe3fd350 0000000000000000
0x000000fd7cafb5c0:   0000000000000000 0000000000000000
0x000000fd7cafb5d0:   0000000000000000 0000000000000000
0x000000fd7cafb5e0:   0000000000000000 0000000000000000
0x000000fd7cafb5f0:   0000000000000000 0000000000000000
0x000000fd7cafb600:   000002a8fb940000 0000000000000000
0x000000fd7cafb610:   0000000000000000 0000000000000000
0x000000fd7cafb620:   0000000000000000 00007fff45110088
0x000000fd7cafb630:   0000000000000000 0000000000000000
0x000000fd7cafb640:   0000000000000000 00007fff45110088
0x000000fd7cafb650:   0000000000000000 00007fff45090e78
0x000000fd7cafb660:   0000000000000000 000002a8fdec6340
0x000000fd7cafb670:   00000000000003d8 000002a8fdec6728
0x000000fd7cafb680:   000002a8fdec6350 0000000000000000
0x000000fd7cafb690:   000000fd7cafbbe0 000000fd7cafb7b0
0x000000fd7cafb6a0:   000000fd7cafbb00 00007fff4491d14e
0x000000fd7cafb6b0:   000000fd7cafbb00 0000000000000004
0x000000fd7cafb6c0:   000000fd00000007 0000000000000006 

Instructions: (pc=0x00007fff44e07d5b)
0x00007fff44e07c5b:   10 8b cb 48 8b 14 c8 eb 02 33 d2 49 3b d5 75 39
0x00007fff44e07c6b:   4c 8b 6c 24 40 48 8b bc 24 e0 01 00 00 49 8b d5
0x00007fff44e07c7b:   48 8b cf e8 3d e7 ff ff 4c 8b 7c 24 48 84 c0 0f
0x00007fff44e07c8b:   85 3e fe ff ff 41 3b 77 08 73 0a 49 8b 47 10 48
0x00007fff44e07c9b:   8b 14 f0 eb 56 33 d2 eb 52 4c 8b 7c 24 48 49 8b
0x00007fff44e07cab:   d5 4c 8b 74 24 40 48 8b bc 24 e0 01 00 00 4d 8b
0x00007fff44e07cbb:   c6 4c 8b 4c 24 50 48 8b cf 89 5c 24 38 89 74 24
0x00007fff44e07ccb:   30 4c 89 7c 24 28 48 89 6c 24 20 e8 25 e5 ff ff
0x00007fff44e07cdb:   41 8b 4f 08 84 c0 74 44 3b f1 73 0a 49 8b 47 10
0x00007fff44e07ceb:   48 8b 14 f0 eb 02 33 d2 4d 8b ee 49 8b cd e8 92
0x00007fff44e07cfb:   bb ff ff 4c 8b 4c 24 50 4c 89 7c 24 28 4d 8b c5
0x00007fff44e07d0b:   49 8b d5 48 89 6c 24 20 48 8b cf e8 05 05 00 00
0x00007fff44e07d1b:   29 84 24 f0 01 00 00 e9 a7 fd ff ff 3b f1 72 0a
0x00007fff44e07d2b:   8b d6 49 8b cf e8 bb 31 fb ff 49 8b 47 10 4c 89
0x00007fff44e07d3b:   34 f0 41 3b 5f 08 72 0a 8b d3 49 8b cf e8 a3 31
0x00007fff44e07d4b:   fb ff 8b c3 48 8d 3c c5 00 00 00 00 49 8b 47 10
0x00007fff44e07d5b:   4c 89 34 07 3b 75 08 72 0a 8b d6 48 8b cd e8 82
0x00007fff44e07d6b:   31 fb ff 48 8b 45 10 4c 89 2c f0 3b 5d 08 72 0a
0x00007fff44e07d7b:   8b d3 48 8b cd e8 6b 31 fb ff 48 8b 45 10 4c 89
0x00007fff44e07d8b:   2c 07 4d 8b ee 48 8b bc 24 e0 01 00 00 e9 31 fd
0x00007fff44e07d9b:   ff ff 48 8b bc 24 e0 01 00 00 4c 8b e8 e9 21 fd
0x00007fff44e07dab:   ff ff 48 0f bc c7 c1 e6 06 8b c8 03 f0 48 d3 ef
0x00007fff44e07dbb:   48 ff cf 83 fe ff 0f 84 a4 00 00 00 44 8b fe 48
0x00007fff44e07dcb:   85 ff 74 10 48 0f bc c7 8b c8 48 d3 ef 48 ff cf
0x00007fff44e07ddb:   03 f0 eb 29 41 8b 4c 24 5c 3b d9 77 19 0f 1f 84
0x00007fff44e07deb:   00 00 00 00 00 49 8b 3c dc 8b f3 ff c3 48 85 ff
0x00007fff44e07dfb:   75 47 3b d9 76 ef 48 c7 c6 ff ff ff ff 44 3b 7d
0x00007fff44e07e0b:   08 72 0b 41 8b d7 48 8b cd e8 d7 30 fb ff 48 8b
0x00007fff44e07e1b:   45 10 4e 8d 34 fd 00 00 00 00 4d 89 2c 06 48 8b
0x00007fff44e07e2b:   44 24 48 44 3b 78 08 72 23 41 8b d7 48 8b c8 4c
0x00007fff44e07e3b:   8b f8 e8 ae 30 fb ff eb 16 48 0f bc c7 c1 e6 06
0x00007fff44e07e4b:   8b c8 48 d3 ef 48 ff cf 03 f0 eb b1 4c 8b f8 49 


Stack slot to memory mapping:
stack at sp + 0 slots: 0xffffffffffffffff is an unknown value
stack at sp + 1 slots: 0x0000000000000018 is an unknown value
stack at sp + 2 slots: 0x000002a8febfbec0 points into unknown readable memory: 0x000002a8da6c9f80 | 80 9f 6c da a8 02 00 00
stack at sp + 3 slots: 0x000002a8fb9646c0 points into unknown readable memory: 0x00007fff4507c540 | 40 c5 07 45 ff 7f 00 00
stack at sp + 4 slots: 0x000002a8febfbec0 points into unknown readable memory: 0x000002a8da6c9f80 | 80 9f 6c da a8 02 00 00
stack at sp + 5 slots: 0x000002a8febfaaf0 points into unknown readable memory: 0x000002a8da6c9f80 | 80 9f 6c da a8 02 00 00
stack at sp + 6 slots: 0x0000000000000018 is an unknown value
stack at sp + 7 slots: 0x00000000ffffffff is an unallocated location in the heap


---------------  P R O C E S S  ---------------

Threads class SMR info:
_java_thread_list=0x000002a8fd3411d0, length=64, elements={
0x000002a8b97872a0, 0x000002a8da6bca70, 0x000002a8da6bdfa0, 0x000002a8da6d0200,
0x000002a8da6d1be0, 0x000002a8da6d47d0, 0x000002a8da6d70d0, 0x000002a8da6de860,
0x000002a8da7f5c40, 0x000002a8da7fb900, 0x000002a8da6d75e0, 0x000002a8da6d5c90,
0x000002a8da6d8f30, 0x000002a8da6d9440, 0x000002a8da6d8510, 0x000002a8da6d6bc0,
0x000002a8da6d61a0, 0x000002a8da6d66b0, 0x000002a8da6d7af0, 0x000002a8da6d8000,
0x000002a8da6d8a20, 0x000002a8fbfa55f0, 0x000002a8fbfa41b0, 0x000002a8fbfa6520,
0x000002a8fbfa7450, 0x000002a8fbfa2350, 0x000002a8fbfa46c0, 0x000002a8fbfa4bd0,
0x000002a8fbfa50e0, 0x000002a8fbfa5b00, 0x000002a8fbfa2860, 0x000002a8fbfa7960,
0x000002a8fbfa6010, 0x000002a8fbfa3790, 0x000002a8fbfa6a30, 0x000002a8fbfa04f0,
0x000002a8fbfa0f10, 0x000002a8fbfa7e70, 0x000002a8fbfa1420, 0x000002a8fbfa2d70,
0x000002a8fbfa3280, 0x000002a8fc3b8830, 0x000002a8fc3b5590, 0x000002a8fc3b5aa0,
0x000002a8fc3b7900, 0x000002a8fc3b5fb0, 0x000002a8fc3b69d0, 0x000002a8fc3b73f0,
0x000002a8fc3b5080, 0x000002a8fc3b7e10, 0x000002a8fc3b8320, 0x000002a8fed0d450,
0x000002a8fed101e0, 0x000002a8fed0cf40, 0x000002a8fed0ca30, 0x000002a8fed106f0,
0x000002a8fed0d960, 0x000002a8fed10c00, 0x000002a8fed11110, 0x000002a8fed12a60,
0x000002a8fed11b30, 0x000002a8fed0de70, 0x000002a8fed0e380, 0x000002a8fa8dd650
}

Java Threads: ( => current thread )
  0x000002a8b97872a0 JavaThread "main" [_thread_blocked, id=13528, stack(0x000000fd7bd00000,0x000000fd7be00000)]
  0x000002a8da6bca70 JavaThread "Reference Handler" daemon [_thread_blocked, id=13560, stack(0x000000fd7c400000,0x000000fd7c500000)]
  0x000002a8da6bdfa0 JavaThread "Finalizer" daemon [_thread_blocked, id=13564, stack(0x000000fd7c500000,0x000000fd7c600000)]
  0x000002a8da6d0200 JavaThread "Signal Dispatcher" daemon [_thread_blocked, id=13568, stack(0x000000fd7c600000,0x000000fd7c700000)]
  0x000002a8da6d1be0 JavaThread "Attach Listener" daemon [_thread_blocked, id=13572, stack(0x000000fd7c700000,0x000000fd7c800000)]
  0x000002a8da6d47d0 JavaThread "Service Thread" daemon [_thread_blocked, id=13576, stack(0x000000fd7c800000,0x000000fd7c900000)]
  0x000002a8da6d70d0 JavaThread "Monitor Deflation Thread" daemon [_thread_blocked, id=13580, stack(0x000000fd7c900000,0x000000fd7ca00000)]
=>0x000002a8da6de860 JavaThread "C2 CompilerThread0" daemon [_thread_in_native, id=13584, stack(0x000000fd7ca00000,0x000000fd7cb00000)]
  0x000002a8da7f5c40 JavaThread "C1 CompilerThread0" daemon [_thread_blocked, id=13588, stack(0x000000fd7cb00000,0x000000fd7cc00000)]
  0x000002a8da7fb900 JavaThread "Sweeper thread" daemon [_thread_blocked, id=13592, stack(0x000000fd7cc00000,0x000000fd7cd00000)]
  0x000002a8da6d75e0 JavaThread "Common-Cleaner" daemon [_thread_blocked, id=13596, stack(0x000000fd7cd00000,0x000000fd7ce00000)]
  0x000002a8da6d5c90 JavaThread "Notification Thread" daemon [_thread_blocked, id=13600, stack(0x000000fd7ce00000,0x000000fd7cf00000)]
  0x000002a8da6d8f30 JavaThread "Daemon health stats" [_thread_blocked, id=13652, stack(0x000000fd7d400000,0x000000fd7d500000)]
  0x000002a8da6d9440 JavaThread "Incoming local TCP Connector on port 53555" [_thread_in_native, id=13656, stack(0x000000fd7d500000,0x000000fd7d600000)]
  0x000002a8da6d8510 JavaThread "Daemon periodic checks" [_thread_blocked, id=13660, stack(0x000000fd7d600000,0x000000fd7d700000)]
  0x000002a8da6d6bc0 JavaThread "Daemon" [_thread_blocked, id=13672, stack(0x000000fd7d300000,0x000000fd7d400000)]
  0x000002a8da6d61a0 JavaThread "Handler for socket connection from /127.0.0.1:53555 to /127.0.0.1:53556" [_thread_in_native, id=13676, stack(0x000000fd7d700000,0x000000fd7d800000)]
  0x000002a8da6d66b0 JavaThread "Cancel handler" [_thread_blocked, id=13680, stack(0x000000fd7d800000,0x000000fd7d900000)]
  0x000002a8da6d7af0 JavaThread "Daemon worker" [_thread_in_Java, id=13684, stack(0x000000fd7d900000,0x000000fd7da00000)]
  0x000002a8da6d8000 JavaThread "Asynchronous log dispatcher for DefaultDaemonConnection: socket connection from /127.0.0.1:53555 to /127.0.0.1:53556" [_thread_blocked, id=13696, stack(0x000000fd7da00000,0x000000fd7db00000)]
  0x000002a8da6d8a20 JavaThread "Stdin handler" [_thread_blocked, id=13700, stack(0x000000fd7db00000,0x000000fd7dc00000)]
  0x000002a8fbfa55f0 JavaThread "Daemon client event forwarder" [_thread_blocked, id=13704, stack(0x000000fd7dc00000,0x000000fd7dd00000)]
  0x000002a8fbfa41b0 JavaThread "Cache worker for journal cache (C:\Users\MAHE\.gradle\caches\journal-1)" [_thread_blocked, id=13708, stack(0x000000fd7dd00000,0x000000fd7de00000)]
  0x000002a8fbfa6520 JavaThread "File lock request listener" [_thread_in_native, id=13712, stack(0x000000fd7de00000,0x000000fd7df00000)]
  0x000002a8fbfa7450 JavaThread "Cache worker for file hash cache (C:\Users\MAHE\.gradle\caches\8.3\fileHashes)" [_thread_blocked, id=13716, stack(0x000000fd7df00000,0x000000fd7e000000)]
  0x000002a8fbfa2350 JavaThread "File watcher server" daemon [_thread_in_native, id=13748, stack(0x000000fd7e000000,0x000000fd7e100000)]
  0x000002a8fbfa46c0 JavaThread "File watcher consumer" daemon [_thread_blocked, id=13752, stack(0x000000fd7e100000,0x000000fd7e200000)]
  0x000002a8fbfa4bd0 JavaThread "Cache worker for checksums cache (C:\Users\MAHE\Documents\demo1_joyson1\android\.gradle\8.3\checksums)" [_thread_blocked, id=13756, stack(0x000000fd7e200000,0x000000fd7e300000)]
  0x000002a8fbfa50e0 JavaThread "Cache worker for file hash cache (C:\Users\MAHE\Documents\demo1_joyson1\android\.gradle\8.3\fileHashes)" [_thread_blocked, id=13760, stack(0x000000fd7e300000,0x000000fd7e400000)]
  0x000002a8fbfa5b00 JavaThread "Cache worker for cache directory md-supplier (C:\Users\MAHE\.gradle\caches\8.3\md-supplier)" [_thread_blocked, id=13764, stack(0x000000fd7e400000,0x000000fd7e500000)]
  0x000002a8fbfa2860 JavaThread "Cache worker for file content cache (C:\Users\MAHE\.gradle\caches\8.3\fileContent)" [_thread_blocked, id=13768, stack(0x000000fd7e500000,0x000000fd7e600000)]
  0x000002a8fbfa7960 JavaThread "Cache worker for cache directory md-rule (C:\Users\MAHE\.gradle\caches\8.3\md-rule)" [_thread_blocked, id=13772, stack(0x000000fd7e600000,0x000000fd7e700000)]
  0x000002a8fbfa6010 JavaThread "Cache worker for execution history cache (C:\Users\MAHE\.gradle\caches\8.3\executionHistory)" [_thread_blocked, id=13776, stack(0x000000fd7e700000,0x000000fd7e800000)]
  0x000002a8fbfa3790 JavaThread "jar transforms" [_thread_blocked, id=13808, stack(0x000000fd7ea00000,0x000000fd7eb00000)]
  0x000002a8fbfa6a30 JavaThread "jar transforms Thread 2" [_thread_blocked, id=13816, stack(0x000000fd7eb00000,0x000000fd7ec00000)]
  0x000002a8fbfa04f0 JavaThread "jar transforms Thread 3" [_thread_blocked, id=13820, stack(0x000000fd7ec00000,0x000000fd7ed00000)]
  0x000002a8fbfa0f10 JavaThread "jar transforms Thread 4" [_thread_blocked, id=13824, stack(0x000000fd7ed00000,0x000000fd7ee00000)]
  0x000002a8fbfa7e70 JavaThread "Cache worker for kotlin-dsl (C:\Users\MAHE\.gradle\caches\8.3\kotlin-dsl)" [_thread_blocked, id=14012, stack(0x000000fd7ee00000,0x000000fd7ef00000)]
  0x000002a8fbfa1420 JavaThread "Unconstrained build operations" [_thread_blocked, id=14056, stack(0x000000fd7e900000,0x000000fd7ea00000)]
  0x000002a8fbfa2d70 JavaThread "Unconstrained build operations Thread 2" [_thread_blocked, id=14060, stack(0x000000fd7f000000,0x000000fd7f100000)]
  0x000002a8fbfa3280 JavaThread "Cache worker for dependencies-accessors (C:\Users\MAHE\Documents\demo1_joyson1\android\.gradle\8.3\dependencies-accessors)" [_thread_blocked, id=14084, stack(0x000000fd7f200000,0x000000fd7f300000)]
  0x000002a8fc3b8830 JavaThread "Cache worker for Build Output Cleanup Cache (C:\Users\MAHE\Documents\demo1_joyson1\node_modules\@react-native\gradle-plugin\.gradle\buildOutputCleanup)" [_thread_blocked, id=14108, stack(0x000000fd7f500000,0x000000fd7f600000)]
  0x000002a8fc3b5590 JavaThread "Unconstrained build operations Thread 3" [_thread_blocked, id=14124, stack(0x000000fd7f600000,0x000000fd7f700000)]
  0x000002a8fc3b5aa0 JavaThread "Unconstrained build operations Thread 4" [_thread_blocked, id=14128, stack(0x000000fd7f700000,0x000000fd7f800000)]
  0x000002a8fc3b7900 JavaThread "Unconstrained build operations Thread 5" [_thread_blocked, id=14132, stack(0x000000fd7f800000,0x000000fd7f900000)]
  0x000002a8fc3b5fb0 JavaThread "Memory manager" [_thread_blocked, id=14152, stack(0x000000fd7f900000,0x000000fd7fa00000)]
  0x000002a8fc3b69d0 JavaThread "Cache worker for Build Output Cleanup Cache (C:\Users\MAHE\Documents\demo1_joyson1\android\.gradle\buildOutputCleanup)" [_thread_blocked, id=14180, stack(0x000000fd7fa00000,0x000000fd7fb00000)]
  0x000002a8fc3b73f0 JavaThread "ForkJoinPool.commonPool-worker-1" daemon [_thread_blocked, id=14188, stack(0x000000fd7f100000,0x000000fd7f200000)]
  0x000002a8fc3b5080 JavaThread "ForkJoinPool.commonPool-worker-2" daemon [_thread_blocked, id=14192, stack(0x000000fd7fb00000,0x000000fd7fc00000)]
  0x000002a8fc3b7e10 JavaThread "ForkJoinPool.commonPool-worker-3" daemon [_thread_blocked, id=14196, stack(0x000000fd7fc00000,0x000000fd7fd00000)]
  0x000002a8fc3b8320 JavaThread "included builds" [_thread_blocked, id=14204, stack(0x000000fd7fe00000,0x000000fd7ff00000)]
  0x000002a8fed0d450 JavaThread "Execution worker" [_thread_blocked, id=14208, stack(0x000000fd7ff00000,0x000000fd80000000)]
  0x000002a8fed101e0 JavaThread "Execution worker Thread 2" [_thread_blocked, id=14212, stack(0x000000fd00000000,0x000000fd00100000)]
  0x000002a8fed0cf40 JavaThread "Execution worker Thread 3" [_thread_blocked, id=14216, stack(0x000000fd00100000,0x000000fd00200000)]
  0x000002a8fed0ca30 JavaThread "Cache worker for execution history cache (C:\Users\MAHE\Documents\demo1_joyson1\node_modules\@react-native\gradle-plugin\.gradle\8.3\executionHistory)" [_thread_blocked, id=14220, stack(0x000000fd00200000,0x000000fd00300000)]
  0x000002a8fed106f0 JavaThread "Unconstrained build operations Thread 6" [_thread_blocked, id=14224, stack(0x000000fd00300000,0x000000fd00400000)]
  0x000002a8fed0d960 JavaThread "Unconstrained build operations Thread 7" [_thread_blocked, id=14228, stack(0x000000fd00400000,0x000000fd00500000)]
  0x000002a8fed10c00 JavaThread "Unconstrained build operations Thread 8" [_thread_blocked, id=14232, stack(0x000000fd00500000,0x000000fd00600000)]
  0x000002a8fed11110 JavaThread "Unconstrained build operations Thread 9" [_thread_blocked, id=14236, stack(0x000000fd00600000,0x000000fd00700000)]
  0x000002a8fed12a60 JavaThread "Unconstrained build operations Thread 10" [_thread_blocked, id=14240, stack(0x000000fd00700000,0x000000fd00800000)]
  0x000002a8fed11b30 JavaThread "Unconstrained build operations Thread 11" [_thread_blocked, id=14244, stack(0x000000fd00800000,0x000000fd00900000)]
  0x000002a8fed0de70 JavaThread "Unconstrained build operations Thread 12" [_thread_blocked, id=14248, stack(0x000000fd00900000,0x000000fd00a00000)]
  0x000002a8fed0e380 JavaThread "Unconstrained build operations Thread 13" [_thread_blocked, id=14252, stack(0x000000fd00a00000,0x000000fd00b00000)]
  0x000002a8fa8dd650 JavaThread "C2 CompilerThread1" daemon [_thread_blocked, id=13508, stack(0x000000fd00b00000,0x000000fd00c00000)]

Other Threads:
  0x000002a8da6b9c20 VMThread "VM Thread" [stack: 0x000000fd7c300000,0x000000fd7c400000] [id=13556]
  0x000002a8b9789440 WatcherThread [stack: 0x000000fd7cf00000,0x000000fd7d000000] [id=13604]
  0x000002a8b97e3130 GCTaskThread "GC Thread#0" [stack: 0x000000fd7be00000,0x000000fd7bf00000] [id=13536]
  0x000002a8fa0a5cf0 GCTaskThread "GC Thread#1" [stack: 0x000000fd7d000000,0x000000fd7d100000] [id=13608]
  0x000002a8dabc7a80 GCTaskThread "GC Thread#2" [stack: 0x000000fd7d100000,0x000000fd7d200000] [id=13612]
  0x000002a8dabc7d40 GCTaskThread "GC Thread#3" [stack: 0x000000fd7d200000,0x000000fd7d300000] [id=13616]
  0x000002a8b97f3f90 ConcurrentGCThread "G1 Main Marker" [stack: 0x000000fd7bf00000,0x000000fd7c000000] [id=13540]
  0x000002a8b97f5060 ConcurrentGCThread "G1 Conc#0" [stack: 0x000000fd7c000000,0x000000fd7c100000] [id=13544]
  0x000002a8b982e730 ConcurrentGCThread "G1 Refine#0" [stack: 0x000000fd7c100000,0x000000fd7c200000] [id=13548]
  0x000002a8fc2a99b0 ConcurrentGCThread "G1 Refine#1" [stack: 0x000000fd7e800000,0x000000fd7e900000] [id=13788]
  0x000002a8da5706d0 ConcurrentGCThread "G1 Service" [stack: 0x000000fd7c200000,0x000000fd7c300000] [id=13552]

Threads with active compile tasks:
C2 CompilerThread0    60121 10071   !   4       java.util.zip.ZipFile::getInputStream (275 bytes)

VM state: not at safepoint (normal execution)

VM Mutex/Monitor currently owned by a thread: None

Heap address: 0x0000000080000000, size: 2048 MB, Compressed Oops mode: 32-bit

CDS archive(s) mapped at: [0x000002a8db000000-0x000002a8dbbc0000-0x000002a8dbbc0000), size 12320768, SharedBaseAddress: 0x000002a8db000000, ArchiveRelocationMode: 1.
Compressed class space mapped at: 0x000002a8dc000000-0x000002a8f6000000, reserved size: 436207616
Narrow klass base: 0x000002a8db000000, Narrow klass shift: 0, Narrow klass range: 0x100000000

GC Precious Log:
 CPUs: 4 total, 4 available
 Memory: 16309M
 Large Page Support: Disabled
 NUMA Support: Disabled
 Compressed Oops: Enabled (32-bit)
 Heap Region Size: 1M
 Heap Min Capacity: 8M
 Heap Initial Capacity: 256M
 Heap Max Capacity: 2G
 Pre-touch: Disabled
 Parallel Workers: 4
 Concurrent Workers: 1
 Concurrent Refinement Workers: 4
 Periodic GC: Disabled

Heap:
 garbage-first heap   total 168960K, used 111298K [0x0000000080000000, 0x0000000100000000)
  region size 1024K, 19 young (19456K), 2 survivors (2048K)
 Metaspace       used 87399K, committed 88128K, reserved 557056K
  class space    used 12007K, committed 12352K, reserved 425984K

Heap Regions: E=young(eden), S=young(survivor), O=old, HS=humongous(starts), HC=humongous(continues), CS=collection set, F=free, OA=open archive, CA=closed archive, TAMS=top-at-mark-start (previous, next)
|   0|0x0000000080000000, 0x0000000080100000, 0x0000000080100000|100%| O|  |TAMS 0x0000000080100000, 0x0000000080000000| Untracked 
|   1|0x0000000080100000, 0x0000000080200000, 0x0000000080200000|100%| O|  |TAMS 0x0000000080200000, 0x0000000080100000| Untracked 
|   2|0x0000000080200000, 0x0000000080300000, 0x0000000080300000|100%|HS|  |TAMS 0x0000000080300000, 0x0000000080200000| Complete 
|   3|0x0000000080300000, 0x0000000080400000, 0x0000000080400000|100%|HC|  |TAMS 0x0000000080400000, 0x0000000080300000| Complete 
|   4|0x0000000080400000, 0x0000000080500000, 0x0000000080500000|100%|HC|  |TAMS 0x0000000080500000, 0x0000000080400000| Complete 
|   5|0x0000000080500000, 0x0000000080600000, 0x0000000080600000|100%|HC|  |TAMS 0x0000000080600000, 0x0000000080500000| Complete 
|   6|0x0000000080600000, 0x0000000080700000, 0x0000000080700000|100%| O|  |TAMS 0x0000000080600000, 0x0000000080600000| Untracked 
|   7|0x0000000080700000, 0x0000000080800000, 0x0000000080800000|100%| O|  |TAMS 0x0000000080800000, 0x0000000080700000| Untracked 
|   8|0x0000000080800000, 0x0000000080900000, 0x0000000080900000|100%| O|  |TAMS 0x0000000080900000, 0x0000000080800000| Untracked 
|   9|0x0000000080900000, 0x0000000080a00000, 0x0000000080a00000|100%| O|  |TAMS 0x0000000080a00000, 0x0000000080900000| Untracked 
|  10|0x0000000080a00000, 0x0000000080b00000, 0x0000000080b00000|100%| O|  |TAMS 0x0000000080b00000, 0x0000000080a00000| Untracked 
|  11|0x0000000080b00000, 0x0000000080bcac00, 0x0000000080c00000| 79%| O|  |TAMS 0x0000000080bcac00, 0x0000000080b00000| Untracked 
|  12|0x0000000080c00000, 0x0000000080d00000, 0x0000000080d00000|100%| O|  |TAMS 0x0000000080d00000, 0x0000000080c00000| Untracked 
|  13|0x0000000080d00000, 0x0000000080e00000, 0x0000000080e00000|100%| O|  |TAMS 0x0000000080e00000, 0x0000000080d00000| Untracked 
|  14|0x0000000080e00000, 0x0000000080f00000, 0x0000000080f00000|100%| O|  |TAMS 0x0000000080f00000, 0x0000000080e00000| Untracked 
|  15|0x0000000080f00000, 0x0000000081000000, 0x0000000081000000|100%| O|  |TAMS 0x0000000081000000, 0x0000000080f00000| Untracked 
|  16|0x0000000081000000, 0x0000000081100000, 0x0000000081100000|100%| O|  |TAMS 0x0000000081100000, 0x0000000081000000| Untracked 
|  17|0x0000000081100000, 0x0000000081200000, 0x0000000081200000|100%| O|  |TAMS 0x0000000081200000, 0x0000000081100000| Untracked 
|  18|0x0000000081200000, 0x0000000081300000, 0x0000000081300000|100%| O|  |TAMS 0x0000000081300000, 0x0000000081200000| Untracked 
|  19|0x0000000081300000, 0x0000000081400000, 0x0000000081400000|100%| O|  |TAMS 0x0000000081400000, 0x0000000081300000| Untracked 
|  20|0x0000000081400000, 0x0000000081500000, 0x0000000081500000|100%| O|  |TAMS 0x0000000081500000, 0x0000000081400000| Untracked 
|  21|0x0000000081500000, 0x0000000081600000, 0x0000000081600000|100%| O|  |TAMS 0x0000000081600000, 0x0000000081500000| Untracked 
|  22|0x0000000081600000, 0x0000000081700000, 0x0000000081700000|100%| O|  |TAMS 0x0000000081700000, 0x0000000081600000| Untracked 
|  23|0x0000000081700000, 0x0000000081800000, 0x0000000081800000|100%| O|  |TAMS 0x0000000081800000, 0x0000000081700000| Untracked 
|  24|0x0000000081800000, 0x0000000081900000, 0x0000000081900000|100%| O|  |TAMS 0x0000000081900000, 0x0000000081800000| Untracked 
|  25|0x0000000081900000, 0x0000000081a00000, 0x0000000081a00000|100%| O|  |TAMS 0x0000000081a00000, 0x0000000081900000| Untracked 
|  26|0x0000000081a00000, 0x0000000081b00000, 0x0000000081b00000|100%| O|  |TAMS 0x0000000081b00000, 0x0000000081a00000| Untracked 
|  27|0x0000000081b00000, 0x0000000081c00000, 0x0000000081c00000|100%| O|  |TAMS 0x0000000081c00000, 0x0000000081b00000| Untracked 
|  28|0x0000000081c00000, 0x0000000081d00000, 0x0000000081d00000|100%| O|  |TAMS 0x0000000081d00000, 0x0000000081c00000| Untracked 
|  29|0x0000000081d00000, 0x0000000081e00000, 0x0000000081e00000|100%| O|  |TAMS 0x0000000081e00000, 0x0000000081d00000| Untracked 
|  30|0x0000000081e00000, 0x0000000081f00000, 0x0000000081f00000|100%| O|  |TAMS 0x0000000081f00000, 0x0000000081e00000| Untracked 
|  31|0x0000000081f00000, 0x0000000082000000, 0x0000000082000000|100%| O|  |TAMS 0x0000000082000000, 0x0000000081f00000| Untracked 
|  32|0x0000000082000000, 0x0000000082100000, 0x0000000082100000|100%| O|  |TAMS 0x0000000082100000, 0x0000000082000000| Untracked 
|  33|0x0000000082100000, 0x0000000082200000, 0x0000000082200000|100%| O|  |TAMS 0x0000000082200000, 0x0000000082100000| Untracked 
|  34|0x0000000082200000, 0x0000000082300000, 0x0000000082300000|100%| O|  |TAMS 0x0000000082300000, 0x0000000082200000| Untracked 
|  35|0x0000000082300000, 0x0000000082400000, 0x0000000082400000|100%| O|  |TAMS 0x0000000082400000, 0x0000000082300000| Untracked 
|  36|0x0000000082400000, 0x0000000082500000, 0x0000000082500000|100%| O|  |TAMS 0x0000000082500000, 0x0000000082400000| Untracked 
|  37|0x0000000082500000, 0x0000000082600000, 0x0000000082600000|100%| O|  |TAMS 0x0000000082600000, 0x0000000082500000| Untracked 
|  38|0x0000000082600000, 0x0000000082700000, 0x0000000082700000|100%| O|  |TAMS 0x0000000082700000, 0x0000000082600000| Untracked 
|  39|0x0000000082700000, 0x0000000082800000, 0x0000000082800000|100%|HS|  |TAMS 0x0000000082800000, 0x0000000082700000| Complete 
|  40|0x0000000082800000, 0x0000000082900000, 0x0000000082900000|100%|HC|  |TAMS 0x0000000082900000, 0x0000000082800000| Complete 
|  41|0x0000000082900000, 0x0000000082a00000, 0x0000000082a00000|100%|HS|  |TAMS 0x0000000082a00000, 0x0000000082900000| Complete 
|  42|0x0000000082a00000, 0x0000000082b00000, 0x0000000082b00000|100%|HC|  |TAMS 0x0000000082b00000, 0x0000000082a00000| Complete 
|  43|0x0000000082b00000, 0x0000000082c00000, 0x0000000082c00000|100%| O|  |TAMS 0x0000000082c00000, 0x0000000082b00000| Untracked 
|  44|0x0000000082c00000, 0x0000000082d00000, 0x0000000082d00000|100%| O|  |TAMS 0x0000000082d00000, 0x0000000082c00000| Untracked 
|  45|0x0000000082d00000, 0x0000000082e00000, 0x0000000082e00000|100%|HS|  |TAMS 0x0000000082e00000, 0x0000000082d00000| Complete 
|  46|0x0000000082e00000, 0x0000000082f00000, 0x0000000082f00000|100%|HC|  |TAMS 0x0000000082f00000, 0x0000000082e00000| Complete 
|  47|0x0000000082f00000, 0x0000000083000000, 0x0000000083000000|100%|HC|  |TAMS 0x0000000083000000, 0x0000000082f00000| Complete 
|  48|0x0000000083000000, 0x0000000083100000, 0x0000000083100000|100%|HC|  |TAMS 0x0000000083100000, 0x0000000083000000| Complete 
|  49|0x0000000083100000, 0x0000000083200000, 0x0000000083200000|100%| O|  |TAMS 0x0000000083200000, 0x0000000083100000| Untracked 
|  50|0x0000000083200000, 0x0000000083300000, 0x0000000083300000|100%| O|  |TAMS 0x0000000083300000, 0x0000000083200000| Untracked 
|  51|0x0000000083300000, 0x0000000083400000, 0x0000000083400000|100%| O|  |TAMS 0x0000000083400000, 0x0000000083300000| Untracked 
|  52|0x0000000083400000, 0x0000000083500000, 0x0000000083500000|100%| O|  |TAMS 0x0000000083500000, 0x0000000083400000| Untracked 
|  53|0x0000000083500000, 0x0000000083600000, 0x0000000083600000|100%|HS|  |TAMS 0x0000000083600000, 0x0000000083500000| Complete 
|  54|0x0000000083600000, 0x0000000083700000, 0x0000000083700000|100%|HC|  |TAMS 0x0000000083700000, 0x0000000083600000| Complete 
|  55|0x0000000083700000, 0x0000000083800000, 0x0000000083800000|100%|HC|  |TAMS 0x0000000083800000, 0x0000000083700000| Complete 
|  56|0x0000000083800000, 0x0000000083900000, 0x0000000083900000|100%|HC|  |TAMS 0x0000000083900000, 0x0000000083800000| Complete 
|  57|0x0000000083900000, 0x0000000083a00000, 0x0000000083a00000|100%| O|  |TAMS 0x0000000083a00000, 0x0000000083900000| Untracked 
|  58|0x0000000083a00000, 0x0000000083b00000, 0x0000000083b00000|100%| O|  |TAMS 0x0000000083b00000, 0x0000000083a00000| Untracked 
|  59|0x0000000083b00000, 0x0000000083c00000, 0x0000000083c00000|100%| O|  |TAMS 0x0000000083c00000, 0x0000000083b00000| Untracked 
|  60|0x0000000083c00000, 0x0000000083d00000, 0x0000000083d00000|100%| O|  |TAMS 0x0000000083d00000, 0x0000000083c00000| Untracked 
|  61|0x0000000083d00000, 0x0000000083e00000, 0x0000000083e00000|100%| O|  |TAMS 0x0000000083e00000, 0x0000000083d00000| Untracked 
|  62|0x0000000083e00000, 0x0000000083f00000, 0x0000000083f00000|100%| O|  |TAMS 0x0000000083f00000, 0x0000000083e00000| Untracked 
|  63|0x0000000083f00000, 0x0000000084000000, 0x0000000084000000|100%| O|  |TAMS 0x0000000084000000, 0x0000000083f00000| Untracked 
|  64|0x0000000084000000, 0x0000000084100000, 0x0000000084100000|100%| O|  |TAMS 0x0000000084100000, 0x0000000084000000| Untracked 
|  65|0x0000000084100000, 0x0000000084200000, 0x0000000084200000|100%| O|  |TAMS 0x0000000084200000, 0x0000000084100000| Untracked 
|  66|0x0000000084200000, 0x0000000084300000, 0x0000000084300000|100%| O|  |TAMS 0x0000000084300000, 0x0000000084200000| Untracked 
|  67|0x0000000084300000, 0x0000000084400000, 0x0000000084400000|100%| O|  |TAMS 0x0000000084400000, 0x0000000084300000| Untracked 
|  68|0x0000000084400000, 0x0000000084500000, 0x0000000084500000|100%|HS|  |TAMS 0x0000000084500000, 0x0000000084400000| Complete 
|  69|0x0000000084500000, 0x0000000084600000, 0x0000000084600000|100%|HS|  |TAMS 0x0000000084600000, 0x0000000084500000| Complete 
|  70|0x0000000084600000, 0x0000000084700000, 0x0000000084700000|100%|HS|  |TAMS 0x0000000084700000, 0x0000000084600000| Complete 
|  71|0x0000000084700000, 0x0000000084800000, 0x0000000084800000|100%| O|  |TAMS 0x0000000084800000, 0x0000000084700000| Untracked 
|  72|0x0000000084800000, 0x0000000084900000, 0x0000000084900000|100%| O|  |TAMS 0x0000000084900000, 0x0000000084800000| Untracked 
|  73|0x0000000084900000, 0x0000000084a00000, 0x0000000084a00000|100%|HS|  |TAMS 0x0000000084a00000, 0x0000000084900000| Complete 
|  74|0x0000000084a00000, 0x0000000084b00000, 0x0000000084b00000|100%| O|  |TAMS 0x0000000084b00000, 0x0000000084a00000| Untracked 
|  75|0x0000000084b00000, 0x0000000084c00000, 0x0000000084c00000|100%| O|  |TAMS 0x0000000084c00000, 0x0000000084b00000| Untracked 
|  76|0x0000000084c00000, 0x0000000084d00000, 0x0000000084d00000|100%| O|  |TAMS 0x0000000084d00000, 0x0000000084c00000| Untracked 
|  77|0x0000000084d00000, 0x0000000084e00000, 0x0000000084e00000|100%| O|  |TAMS 0x0000000084e00000, 0x0000000084d00000| Untracked 
|  78|0x0000000084e00000, 0x0000000084f00000, 0x0000000084f00000|100%| O|  |TAMS 0x0000000084f00000, 0x0000000084e00000| Untracked 
|  79|0x0000000084f00000, 0x0000000085000000, 0x0000000085000000|100%| O|  |TAMS 0x0000000085000000, 0x0000000084f00000| Untracked 
|  80|0x0000000085000000, 0x0000000085100000, 0x0000000085100000|100%| O|  |TAMS 0x0000000085100000, 0x0000000085000000| Untracked 
|  81|0x0000000085100000, 0x0000000085200000, 0x0000000085200000|100%| O|  |TAMS 0x0000000085200000, 0x0000000085100000| Untracked 
|  82|0x0000000085200000, 0x0000000085300000, 0x0000000085300000|100%| O|  |TAMS 0x0000000085300000, 0x0000000085200000| Untracked 
|  83|0x0000000085300000, 0x0000000085400000, 0x0000000085400000|100%| O|  |TAMS 0x0000000085400000, 0x0000000085300000| Untracked 
|  84|0x0000000085400000, 0x0000000085500000, 0x0000000085500000|100%| O|  |TAMS 0x0000000085500000, 0x0000000085400000| Untracked 
|  85|0x0000000085500000, 0x0000000085600000, 0x0000000085600000|100%| O|  |TAMS 0x0000000085600000, 0x0000000085500000| Untracked 
|  86|0x0000000085600000, 0x0000000085700000, 0x0000000085700000|100%| O|  |TAMS 0x0000000085700000, 0x0000000085600000| Untracked 
|  87|0x0000000085700000, 0x0000000085800000, 0x0000000085800000|100%| O|  |TAMS 0x000000008578d400, 0x0000000085700000| Untracked 
|  88|0x0000000085800000, 0x0000000085900000, 0x0000000085900000|100%| O|  |TAMS 0x0000000085800000, 0x0000000085800000| Untracked 
|  89|0x0000000085900000, 0x0000000085a00000, 0x0000000085a00000|100%| O|  |TAMS 0x0000000085900000, 0x0000000085900000| Untracked 
|  90|0x0000000085a00000, 0x0000000085a6cc00, 0x0000000085b00000| 42%| O|  |TAMS 0x0000000085a00000, 0x0000000085a00000| Untracked 
|  91|0x0000000085b00000, 0x0000000085c00000, 0x0000000085c00000|100%|HS|  |TAMS 0x0000000085b00000, 0x0000000085b00000| Complete 
|  92|0x0000000085c00000, 0x0000000085c00000, 0x0000000085d00000|  0%| F|  |TAMS 0x0000000085c00000, 0x0000000085c00000| Untracked 
|  93|0x0000000085d00000, 0x0000000085d00000, 0x0000000085e00000|  0%| F|  |TAMS 0x0000000085d00000, 0x0000000085d00000| Untracked 
|  94|0x0000000085e00000, 0x0000000085e00000, 0x0000000085f00000|  0%| F|  |TAMS 0x0000000085e00000, 0x0000000085e00000| Untracked 
|  95|0x0000000085f00000, 0x0000000085f00000, 0x0000000086000000|  0%| F|  |TAMS 0x0000000085f00000, 0x0000000085f00000| Untracked 
|  96|0x0000000086000000, 0x0000000086000000, 0x0000000086100000|  0%| F|  |TAMS 0x0000000086000000, 0x0000000086000000| Untracked 
|  97|0x0000000086100000, 0x0000000086100000, 0x0000000086200000|  0%| F|  |TAMS 0x0000000086100000, 0x0000000086100000| Untracked 
|  98|0x0000000086200000, 0x0000000086200000, 0x0000000086300000|  0%| F|  |TAMS 0x0000000086200000, 0x0000000086200000| Untracked 
|  99|0x0000000086300000, 0x0000000086300000, 0x0000000086400000|  0%| F|  |TAMS 0x0000000086300000, 0x0000000086300000| Untracked 
| 100|0x0000000086400000, 0x0000000086400000, 0x0000000086500000|  0%| F|  |TAMS 0x0000000086400000, 0x0000000086400000| Untracked 
| 101|0x0000000086500000, 0x0000000086500000, 0x0000000086600000|  0%| F|  |TAMS 0x0000000086500000, 0x0000000086500000| Untracked 
| 102|0x0000000086600000, 0x0000000086600000, 0x0000000086700000|  0%| F|  |TAMS 0x0000000086600000, 0x0000000086600000| Untracked 
| 103|0x0000000086700000, 0x0000000086700000, 0x0000000086800000|  0%| F|  |TAMS 0x0000000086700000, 0x0000000086700000| Untracked 
| 104|0x0000000086800000, 0x0000000086800000, 0x0000000086900000|  0%| F|  |TAMS 0x0000000086800000, 0x0000000086800000| Untracked 
| 105|0x0000000086900000, 0x0000000086900000, 0x0000000086a00000|  0%| F|  |TAMS 0x0000000086900000, 0x0000000086900000| Untracked 
| 106|0x0000000086a00000, 0x0000000086a00000, 0x0000000086b00000|  0%| F|  |TAMS 0x0000000086a00000, 0x0000000086a00000| Untracked 
| 107|0x0000000086b00000, 0x0000000086b00000, 0x0000000086c00000|  0%| F|  |TAMS 0x0000000086b00000, 0x0000000086b00000| Untracked 
| 108|0x0000000086c00000, 0x0000000086c00000, 0x0000000086d00000|  0%| F|  |TAMS 0x0000000086c00000, 0x0000000086c00000| Untracked 
| 109|0x0000000086d00000, 0x0000000086d00000, 0x0000000086e00000|  0%| F|  |TAMS 0x0000000086d00000, 0x0000000086d00000| Untracked 
| 110|0x0000000086e00000, 0x0000000086e00000, 0x0000000086f00000|  0%| F|  |TAMS 0x0000000086e00000, 0x0000000086e00000| Untracked 
| 111|0x0000000086f00000, 0x0000000086f00000, 0x0000000087000000|  0%| F|  |TAMS 0x0000000086f00000, 0x0000000086f00000| Untracked 
| 112|0x0000000087000000, 0x0000000087000000, 0x0000000087100000|  0%| F|  |TAMS 0x0000000087000000, 0x0000000087000000| Untracked 
| 113|0x0000000087100000, 0x0000000087100000, 0x0000000087200000|  0%| F|  |TAMS 0x0000000087100000, 0x0000000087100000| Untracked 
| 114|0x0000000087200000, 0x0000000087200000, 0x0000000087300000|  0%| F|  |TAMS 0x0000000087200000, 0x0000000087200000| Untracked 
| 115|0x0000000087300000, 0x0000000087300000, 0x0000000087400000|  0%| F|  |TAMS 0x0000000087300000, 0x0000000087300000| Untracked 
| 116|0x0000000087400000, 0x0000000087400000, 0x0000000087500000|  0%| F|  |TAMS 0x0000000087400000, 0x0000000087400000| Untracked 
| 117|0x0000000087500000, 0x0000000087500000, 0x0000000087600000|  0%| F|  |TAMS 0x0000000087500000, 0x0000000087500000| Untracked 
| 118|0x0000000087600000, 0x0000000087600000, 0x0000000087700000|  0%| F|  |TAMS 0x0000000087600000, 0x0000000087600000| Untracked 
| 119|0x0000000087700000, 0x0000000087700000, 0x0000000087800000|  0%| F|  |TAMS 0x0000000087700000, 0x0000000087700000| Untracked 
| 120|0x0000000087800000, 0x0000000087800000, 0x0000000087900000|  0%| F|  |TAMS 0x0000000087800000, 0x0000000087800000| Untracked 
| 121|0x0000000087900000, 0x0000000087900000, 0x0000000087a00000|  0%| F|  |TAMS 0x0000000087900000, 0x0000000087900000| Untracked 
| 122|0x0000000087a00000, 0x0000000087a00000, 0x0000000087b00000|  0%| F|  |TAMS 0x0000000087a00000, 0x0000000087a00000| Untracked 
| 123|0x0000000087b00000, 0x0000000087b00000, 0x0000000087c00000|  0%| F|  |TAMS 0x0000000087b00000, 0x0000000087b00000| Untracked 
| 124|0x0000000087c00000, 0x0000000087c79080, 0x0000000087d00000| 47%| S|CS|TAMS 0x0000000087c00000, 0x0000000087c00000| Complete 
| 125|0x0000000087d00000, 0x0000000087e00000, 0x0000000087e00000|100%| S|CS|TAMS 0x0000000087d00000, 0x0000000087d00000| Complete 
| 126|0x0000000087e00000, 0x0000000087e00000, 0x0000000087f00000|  0%| F|  |TAMS 0x0000000087e00000, 0x0000000087e00000| Untracked 
| 127|0x0000000087f00000, 0x0000000087f00000, 0x0000000088000000|  0%| F|  |TAMS 0x0000000087f00000, 0x0000000087f00000| Untracked 
| 128|0x0000000088000000, 0x0000000088000000, 0x0000000088100000|  0%| F|  |TAMS 0x0000000088000000, 0x0000000088000000| Untracked 
| 129|0x0000000088100000, 0x0000000088100000, 0x0000000088200000|  0%| F|  |TAMS 0x0000000088100000, 0x0000000088100000| Untracked 
| 130|0x0000000088200000, 0x0000000088200000, 0x0000000088300000|  0%| F|  |TAMS 0x0000000088200000, 0x0000000088200000| Untracked 
| 131|0x0000000088300000, 0x0000000088300000, 0x0000000088400000|  0%| F|  |TAMS 0x0000000088300000, 0x0000000088300000| Untracked 
| 132|0x0000000088400000, 0x0000000088400000, 0x0000000088500000|  0%| F|  |TAMS 0x0000000088400000, 0x0000000088400000| Untracked 
| 133|0x0000000088500000, 0x0000000088500000, 0x0000000088600000|  0%| F|  |TAMS 0x0000000088500000, 0x0000000088500000| Untracked 
| 134|0x0000000088600000, 0x0000000088600000, 0x0000000088700000|  0%| F|  |TAMS 0x0000000088600000, 0x0000000088600000| Untracked 
| 135|0x0000000088700000, 0x0000000088700000, 0x0000000088800000|  0%| F|  |TAMS 0x0000000088700000, 0x0000000088700000| Untracked 
| 136|0x0000000088800000, 0x0000000088800000, 0x0000000088900000|  0%| F|  |TAMS 0x0000000088800000, 0x0000000088800000| Untracked 
| 137|0x0000000088900000, 0x0000000088900000, 0x0000000088a00000|  0%| F|  |TAMS 0x0000000088900000, 0x0000000088900000| Untracked 
| 138|0x0000000088a00000, 0x0000000088a00000, 0x0000000088b00000|  0%| F|  |TAMS 0x0000000088a00000, 0x0000000088a00000| Untracked 
| 139|0x0000000088b00000, 0x0000000088b00000, 0x0000000088c00000|  0%| F|  |TAMS 0x0000000088b00000, 0x0000000088b00000| Untracked 
| 140|0x0000000088c00000, 0x0000000088c00000, 0x0000000088d00000|  0%| F|  |TAMS 0x0000000088c00000, 0x0000000088c00000| Untracked 
| 141|0x0000000088d00000, 0x0000000088d00000, 0x0000000088e00000|  0%| F|  |TAMS 0x0000000088d00000, 0x0000000088d00000| Untracked 
| 142|0x0000000088e00000, 0x0000000088e00000, 0x0000000088f00000|  0%| F|  |TAMS 0x0000000088e00000, 0x0000000088e00000| Untracked 
| 143|0x0000000088f00000, 0x0000000088f00000, 0x0000000089000000|  0%| F|  |TAMS 0x0000000088f00000, 0x0000000088f00000| Untracked 
| 144|0x0000000089000000, 0x0000000089000000, 0x0000000089100000|  0%| F|  |TAMS 0x0000000089000000, 0x0000000089000000| Untracked 
| 145|0x0000000089100000, 0x0000000089100000, 0x0000000089200000|  0%| F|  |TAMS 0x0000000089100000, 0x0000000089100000| Untracked 
| 146|0x0000000089200000, 0x0000000089200000, 0x0000000089300000|  0%| F|  |TAMS 0x0000000089200000, 0x0000000089200000| Untracked 
| 147|0x0000000089300000, 0x0000000089300000, 0x0000000089400000|  0%| F|  |TAMS 0x0000000089300000, 0x0000000089300000| Untracked 
| 148|0x0000000089400000, 0x0000000089481010, 0x0000000089500000| 50%| E|  |TAMS 0x0000000089400000, 0x0000000089400000| Complete 
| 149|0x0000000089500000, 0x0000000089600000, 0x0000000089600000|100%| E|CS|TAMS 0x0000000089500000, 0x0000000089500000| Complete 
| 150|0x0000000089600000, 0x0000000089700000, 0x0000000089700000|100%| E|CS|TAMS 0x0000000089600000, 0x0000000089600000| Complete 
| 151|0x0000000089700000, 0x0000000089800000, 0x0000000089800000|100%| E|CS|TAMS 0x0000000089700000, 0x0000000089700000| Complete 
| 152|0x0000000089800000, 0x0000000089900000, 0x0000000089900000|100%| E|CS|TAMS 0x0000000089800000, 0x0000000089800000| Complete 
| 153|0x0000000089900000, 0x0000000089a00000, 0x0000000089a00000|100%| E|CS|TAMS 0x0000000089900000, 0x0000000089900000| Complete 
| 154|0x0000000089a00000, 0x0000000089b00000, 0x0000000089b00000|100%| E|CS|TAMS 0x0000000089a00000, 0x0000000089a00000| Complete 
| 155|0x0000000089b00000, 0x0000000089c00000, 0x0000000089c00000|100%| E|CS|TAMS 0x0000000089b00000, 0x0000000089b00000| Complete 
| 156|0x0000000089c00000, 0x0000000089d00000, 0x0000000089d00000|100%| E|CS|TAMS 0x0000000089c00000, 0x0000000089c00000| Complete 
| 157|0x0000000089d00000, 0x0000000089e00000, 0x0000000089e00000|100%| E|CS|TAMS 0x0000000089d00000, 0x0000000089d00000| Complete 
| 158|0x0000000089e00000, 0x0000000089f00000, 0x0000000089f00000|100%| E|CS|TAMS 0x0000000089e00000, 0x0000000089e00000| Complete 
| 159|0x0000000089f00000, 0x000000008a000000, 0x000000008a000000|100%| E|CS|TAMS 0x0000000089f00000, 0x0000000089f00000| Complete 
| 160|0x000000008a000000, 0x000000008a100000, 0x000000008a100000|100%| E|CS|TAMS 0x000000008a000000, 0x000000008a000000| Complete 
| 161|0x000000008a100000, 0x000000008a200000, 0x000000008a200000|100%| E|CS|TAMS 0x000000008a100000, 0x000000008a100000| Complete 
| 162|0x000000008a200000, 0x000000008a300000, 0x000000008a300000|100%| E|CS|TAMS 0x000000008a200000, 0x000000008a200000| Complete 
| 163|0x000000008a300000, 0x000000008a400000, 0x000000008a400000|100%| E|CS|TAMS 0x000000008a300000, 0x000000008a300000| Complete 
| 255|0x000000008ff00000, 0x0000000090000000, 0x0000000090000000|100%| E|CS|TAMS 0x000000008ff00000, 0x000000008ff00000| Complete 

Card table byte_map: [0x000002a8d3840000,0x000002a8d3c40000] _byte_map_base: 0x000002a8d3440000

Marking Bits (Prev, Next): (CMBitMap*) 0x000002a8b97e3660, (CMBitMap*) 0x000002a8b97e36a0
 Prev Bits: [0x000002a8d4040000, 0x000002a8d6040000)
 Next Bits: [0x000002a8d6040000, 0x000002a8d8040000)

Polling page: 0x000002a8b9830000

Metaspace:

Usage:
  Non-class:     73.66 MB used.
      Class:     11.73 MB used.
       Both:     85.39 MB used.

Virtual space:
  Non-class space:      128.00 MB reserved,      74.06 MB ( 58%) committed,  2 nodes.
      Class space:      416.00 MB reserved,      12.06 MB (  3%) committed,  1 nodes.
             Both:      544.00 MB reserved,      86.12 MB ( 16%) committed. 

Chunk freelists:
   Non-Class:  5.91 MB
       Class:  3.84 MB
        Both:  9.75 MB

MaxMetaspaceSize: 512.00 MB
CompressedClassSpaceSize: 416.00 MB
Initial GC threshold: 21.00 MB
Current GC threshold: 137.44 MB
CDS: on
MetaspaceReclaimPolicy: balanced
 - commit_granule_bytes: 65536.
 - commit_granule_words: 8192.
 - virtual_space_node_default_size: 8388608.
 - enlarge_chunks_in_place: 1.
 - new_chunks_are_fully_committed: 0.
 - uncommit_free_chunks: 1.
 - use_allocation_guard: 0.
 - handle_deallocations: 1.


Internal statistics:

num_allocs_failed_limit: 9.
num_arena_births: 916.
num_arena_deaths: 0.
num_vsnodes_births: 3.
num_vsnodes_deaths: 0.
num_space_committed: 1378.
num_space_uncommitted: 0.
num_chunks_returned_to_freelist: 9.
num_chunks_taken_from_freelist: 4300.
num_chunk_merges: 9.
num_chunk_splits: 2933.
num_chunks_enlarged: 2026.
num_inconsistent_stats: 0.

CodeHeap 'non-profiled nmethods': size=120000Kb used=5587Kb max_used=5587Kb free=114412Kb
 bounds [0x000002a8cb8f0000, 0x000002a8cbe70000, 0x000002a8d2e20000]
CodeHeap 'profiled nmethods': size=120000Kb used=16959Kb max_used=16959Kb free=103040Kb
 bounds [0x000002a8c3e20000, 0x000002a8c4ec0000, 0x000002a8cb350000]
CodeHeap 'non-nmethods': size=5760Kb used=2429Kb max_used=2470Kb free=3330Kb
 bounds [0x000002a8cb350000, 0x000002a8cb5d0000, 0x000002a8cb8f0000]
 total_blobs=9671 nmethods=8711 adapters=870
 compilation: enabled
              stopped_count=0, restarted_count=0
 full_count=0

Compilation events (20 events):
Event: 59.842 Thread 0x000002a8da7f5c40 10088       3       com.google.gson.stream.JsonReader::beginObject (70 bytes)
Event: 59.843 Thread 0x000002a8da7f5c40 nmethod 10088 0x000002a8c4e8e010 code [0x000002a8c4e8e2a0, 0x000002a8c4e8ee08]
Event: 59.843 Thread 0x000002a8da7f5c40 10090   !   3       com.google.gson.internal.ConstructorConstructor$14::construct (51 bytes)
Event: 59.843 Thread 0x000002a8da7f5c40 nmethod 10090 0x000002a8c4e8f190 code [0x000002a8c4e8f420, 0x000002a8c4e8fd68]
Event: 59.843 Thread 0x000002a8da7f5c40 10091       3       com.google.gson.internal.UnsafeAllocator$1::newInstance (24 bytes)
Event: 59.844 Thread 0x000002a8da7f5c40 nmethod 10091 0x000002a8c4e90190 code [0x000002a8c4e903a0, 0x000002a8c4e90b08]
Event: 59.844 Thread 0x000002a8da7f5c40 10092       3       com.google.gson.internal.UnsafeAllocator::assertInstantiable (80 bytes)
Event: 59.845 Thread 0x000002a8da7f5c40 nmethod 10092 0x000002a8c4e90d90 code [0x000002a8c4e910a0, 0x000002a8c4e91fd8]
Event: 59.845 Thread 0x000002a8da7f5c40 10094       3       sun.misc.Unsafe::allocateInstance (8 bytes)
Event: 59.845 Thread 0x000002a8da7f5c40 nmethod 10094 0x000002a8c4e92510 code [0x000002a8c4e926c0, 0x000002a8c4e92808]
Event: 59.845 Thread 0x000002a8da7f5c40 10093       3       java.lang.reflect.Modifier::isInterface (14 bytes)
Event: 59.845 Thread 0x000002a8da7f5c40 nmethod 10093 0x000002a8c4e92890 code [0x000002a8c4e92a20, 0x000002a8c4e92b78]
Event: 59.845 Thread 0x000002a8da7f5c40 10095   !   3       jdk.internal.reflect.GeneratedMethodAccessor24::invoke (65 bytes)
Event: 59.845 Thread 0x000002a8da7f5c40 nmethod 10095 0x000002a8c4e92c10 code [0x000002a8c4e92e40, 0x000002a8c4e93618]
Event: 59.845 Thread 0x000002a8da7f5c40 10096       3       com.google.gson.stream.JsonReader::endObject (100 bytes)
Event: 59.846 Thread 0x000002a8da7f5c40 nmethod 10096 0x000002a8c4e93990 code [0x000002a8c4e93c40, 0x000002a8c4e94978]
Event: 59.848 Thread 0x000002a8da7f5c40 10097       3       com.google.gson.internal.bind.TypeAdapterRuntimeTypeWrapper::read (9 bytes)
Event: 59.848 Thread 0x000002a8da7f5c40 nmethod 10097 0x000002a8c4e94d90 code [0x000002a8c4e94f40, 0x000002a8c4e95108]
Event: 59.849 Thread 0x000002a8da7f5c40 10098       3       com.google.gson.stream.JsonReader$1::promoteNameToValue (112 bytes)
Event: 59.849 Thread 0x000002a8da7f5c40 nmethod 10098 0x000002a8c4e95210 code [0x000002a8c4e954e0, 0x000002a8c4e96468]

GC Heap History (20 events):
Event: 45.678 GC heap before
{Heap before GC invocations=44 (full 0):
 garbage-first heap   total 140288K, used 95784K [0x0000000080000000, 0x0000000100000000)
  region size 1024K, 19 young (19456K), 2 survivors (2048K)
 Metaspace       used 72251K, committed 72960K, reserved 491520K
  class space    used 10082K, committed 10432K, reserved 425984K
}
Event: 45.680 GC heap after
{Heap after GC invocations=45 (full 0):
 garbage-first heap   total 168960K, used 81305K [0x0000000080000000, 0x0000000100000000)
  region size 1024K, 3 young (3072K), 3 survivors (3072K)
 Metaspace       used 72251K, committed 72960K, reserved 491520K
  class space    used 10082K, committed 10432K, reserved 425984K
}
Event: 45.781 GC heap before
{Heap before GC invocations=45 (full 0):
 garbage-first heap   total 168960K, used 86425K [0x0000000080000000, 0x0000000100000000)
  region size 1024K, 8 young (8192K), 3 survivors (3072K)
 Metaspace       used 72683K, committed 73408K, reserved 491520K
  class space    used 10136K, committed 10496K, reserved 425984K
}
Event: 45.783 GC heap after
{Heap after GC invocations=46 (full 0):
 garbage-first heap   total 168960K, used 80781K [0x0000000080000000, 0x0000000100000000)
  region size 1024K, 1 young (1024K), 1 survivors (1024K)
 Metaspace       used 72683K, committed 73408K, reserved 491520K
  class space    used 10136K, committed 10496K, reserved 425984K
}
Event: 46.273 GC heap before
{Heap before GC invocations=46 (full 0):
 garbage-first heap   total 168960K, used 113549K [0x0000000080000000, 0x0000000100000000)
  region size 1024K, 34 young (34816K), 1 survivors (1024K)
 Metaspace       used 75751K, committed 76480K, reserved 557056K
  class space    used 10432K, committed 10752K, reserved 425984K
}
Event: 46.276 GC heap after
{Heap after GC invocations=47 (full 0):
 garbage-first heap   total 168960K, used 81560K [0x0000000080000000, 0x0000000100000000)
  region size 1024K, 1 young (1024K), 1 survivors (1024K)
 Metaspace       used 75751K, committed 76480K, reserved 557056K
  class space    used 10432K, committed 10752K, reserved 425984K
}
Event: 47.198 GC heap before
{Heap before GC invocations=48 (full 0):
 garbage-first heap   total 168960K, used 124568K [0x0000000080000000, 0x0000000100000000)
  region size 1024K, 37 young (37888K), 1 survivors (1024K)
 Metaspace       used 77403K, committed 78144K, reserved 557056K
  class space    used 10673K, committed 11008K, reserved 425984K
}
Event: 47.204 GC heap after
{Heap after GC invocations=49 (full 0):
 garbage-first heap   total 168960K, used 85728K [0x0000000080000000, 0x0000000100000000)
  region size 1024K, 5 young (5120K), 5 survivors (5120K)
 Metaspace       used 77403K, committed 78144K, reserved 557056K
  class space    used 10673K, committed 11008K, reserved 425984K
}
Event: 47.332 GC heap before
{Heap before GC invocations=49 (full 0):
 garbage-first heap   total 168960K, used 87776K [0x0000000080000000, 0x0000000100000000)
  region size 1024K, 8 young (8192K), 5 survivors (5120K)
 Metaspace       used 77660K, committed 78400K, reserved 557056K
  class space    used 10698K, committed 11008K, reserved 425984K
}
Event: 47.337 GC heap after
{Heap after GC invocations=50 (full 0):
 garbage-first heap   total 168960K, used 85777K [0x0000000080000000, 0x0000000100000000)
  region size 1024K, 1 young (1024K), 1 survivors (1024K)
 Metaspace       used 77660K, committed 78400K, reserved 557056K
  class space    used 10698K, committed 11008K, reserved 425984K
}
Event: 47.856 GC heap before
{Heap before GC invocations=50 (full 0):
 garbage-first heap   total 168960K, used 122641K [0x0000000080000000, 0x0000000100000000)
  region size 1024K, 37 young (37888K), 1 survivors (1024K)
 Metaspace       used 80290K, committed 81024K, reserved 557056K
  class space    used 11019K, committed 11328K, reserved 425984K
}
Event: 47.861 GC heap after
{Heap after GC invocations=51 (full 0):
 garbage-first heap   total 168960K, used 87221K [0x0000000080000000, 0x0000000100000000)
  region size 1024K, 2 young (2048K), 2 survivors (2048K)
 Metaspace       used 80290K, committed 81024K, reserved 557056K
  class space    used 11019K, committed 11328K, reserved 425984K
}
Event: 48.446 GC heap before
{Heap before GC invocations=52 (full 0):
 garbage-first heap   total 168960K, used 126133K [0x0000000080000000, 0x0000000100000000)
  region size 1024K, 40 young (40960K), 2 survivors (2048K)
 Metaspace       used 83137K, committed 83904K, reserved 557056K
  class space    used 11406K, committed 11776K, reserved 425984K
}
Event: 48.450 GC heap after
{Heap after GC invocations=53 (full 0):
 garbage-first heap   total 168960K, used 88916K [0x0000000080000000, 0x0000000100000000)
  region size 1024K, 4 young (4096K), 4 survivors (4096K)
 Metaspace       used 83137K, committed 83904K, reserved 557056K
  class space    used 11406K, committed 11776K, reserved 425984K
}
Event: 48.612 GC heap before
{Heap before GC invocations=53 (full 0):
 garbage-first heap   total 168960K, used 91988K [0x0000000080000000, 0x0000000100000000)
  region size 1024K, 8 young (8192K), 4 survivors (4096K)
 Metaspace       used 83239K, committed 83968K, reserved 557056K
  class space    used 11432K, committed 11776K, reserved 425984K
}
Event: 48.619 GC heap after
{Heap after GC invocations=54 (full 0):
 garbage-first heap   total 168960K, used 89024K [0x0000000080000000, 0x0000000100000000)
  region size 1024K, 1 young (1024K), 1 survivors (1024K)
 Metaspace       used 83239K, committed 83968K, reserved 557056K
  class space    used 11432K, committed 11776K, reserved 425984K
}
Event: 59.079 GC heap before
{Heap before GC invocations=54 (full 0):
 garbage-first heap   total 168960K, used 129984K [0x0000000080000000, 0x0000000100000000)
  region size 1024K, 41 young (41984K), 1 survivors (1024K)
 Metaspace       used 83553K, committed 84224K, reserved 557056K
  class space    used 11474K, committed 11776K, reserved 425984K
}
Event: 59.085 GC heap after
{Heap after GC invocations=55 (full 0):
 garbage-first heap   total 168960K, used 92399K [0x0000000080000000, 0x0000000100000000)
  region size 1024K, 4 young (4096K), 4 survivors (4096K)
 Metaspace       used 83553K, committed 84224K, reserved 557056K
  class space    used 11474K, committed 11776K, reserved 425984K
}
Event: 59.733 GC heap before
{Heap before GC invocations=56 (full 0):
 garbage-first heap   total 168960K, used 132335K [0x0000000080000000, 0x0000000100000000)
  region size 1024K, 43 young (44032K), 4 survivors (4096K)
 Metaspace       used 86396K, committed 87168K, reserved 557056K
  class space    used 11875K, committed 12224K, reserved 425984K
}
Event: 59.741 GC heap after
{Heap after GC invocations=57 (full 0):
 garbage-first heap   total 168960K, used 93890K [0x0000000080000000, 0x0000000100000000)
  region size 1024K, 2 young (2048K), 2 survivors (2048K)
 Metaspace       used 86396K, committed 87168K, reserved 557056K
  class space    used 11875K, committed 12224K, reserved 425984K
}

Dll operation events (15 events):
Event: 0.043 Loaded shared library C:\Program Files\OpenLogic\jdk-17.0.10.7-hotspot\bin\java.dll
Event: 0.071 Loaded shared library C:\Program Files\OpenLogic\jdk-17.0.10.7-hotspot\bin\jsvml.dll
Event: 0.142 Loaded shared library C:\Program Files\OpenLogic\jdk-17.0.10.7-hotspot\bin\zip.dll
Event: 0.146 Loaded shared library C:\Program Files\OpenLogic\jdk-17.0.10.7-hotspot\bin\instrument.dll
Event: 0.153 Loaded shared library C:\Program Files\OpenLogic\jdk-17.0.10.7-hotspot\bin\net.dll
Event: 0.161 Loaded shared library C:\Program Files\OpenLogic\jdk-17.0.10.7-hotspot\bin\nio.dll
Event: 0.168 Loaded shared library C:\Program Files\OpenLogic\jdk-17.0.10.7-hotspot\bin\zip.dll
Event: 0.562 Loaded shared library C:\Program Files\OpenLogic\jdk-17.0.10.7-hotspot\bin\jimage.dll
Event: 0.716 Loaded shared library C:\Program Files\OpenLogic\jdk-17.0.10.7-hotspot\bin\verify.dll
Event: 1.025 Loaded shared library C:\Users\MAHE\.gradle\native\68d5fa5c4cc2d200863cafc0d521ce42e7d3e7ee720ec0a83991735586a16f82\windows-amd64\native-platform.dll
Event: 1.089 Loaded shared library C:\Users\MAHE\.gradle\native\e376f236ea51e6404a007f0833ffe2c6e607c4080706a723a18a27aeea778392\windows-amd64\native-platform-file-events.dll
Event: 3.571 Loaded shared library C:\Program Files\OpenLogic\jdk-17.0.10.7-hotspot\bin\management.dll
Event: 3.580 Loaded shared library C:\Program Files\OpenLogic\jdk-17.0.10.7-hotspot\bin\management_ext.dll
Event: 3.929 Loaded shared library C:\Program Files\OpenLogic\jdk-17.0.10.7-hotspot\bin\extnet.dll
Event: 4.180 Loaded shared library C:\Program Files\OpenLogic\jdk-17.0.10.7-hotspot\bin\sunmscapi.dll

Deoptimization events (20 events):
Event: 59.045 Thread 0x000002a8da6d7af0 Uncommon trap: trap_request=0xffffffc6 fr.pc=0x000002a8cbe34644 relative=0x0000000000002ec4
Event: 59.045 Thread 0x000002a8da6d7af0 Uncommon trap: reason=bimorphic_or_optimized_type_check action=maybe_recompile pc=0x000002a8cbe34644 method=groovy.lang.MetaClassImpl.makeReplacementMetaProperty(Lgroovy/lang/MetaProperty;Ljava/lang/String;ZLgroovy/lang/MetaMethod;)Lgroovy/lang/MetaProper
Event: 59.045 Thread 0x000002a8da6d7af0 DEOPT PACKING pc=0x000002a8cbe34644 sp=0x000000fd7d9f38d0
Event: 59.045 Thread 0x000002a8da6d7af0 DEOPT UNPACKING pc=0x000002a8cb3a69a3 sp=0x000000fd7d9f3840 mode 2
Event: 59.075 Thread 0x000002a8da6d7af0 DEOPT PACKING pc=0x000002a8c4aa7aee sp=0x000000fd7d9ed700
Event: 59.075 Thread 0x000002a8da6d7af0 DEOPT UNPACKING pc=0x000002a8cb3a7143 sp=0x000000fd7d9ecbb0 mode 0
Event: 59.345 Thread 0x000002a8da6d7af0 DEOPT PACKING pc=0x000002a8c46d979d sp=0x000000fd7d9f46d0
Event: 59.345 Thread 0x000002a8da6d7af0 DEOPT UNPACKING pc=0x000002a8cb3a7143 sp=0x000000fd7d9f3bf8 mode 0
Event: 59.346 Thread 0x000002a8da6d7af0 DEOPT PACKING pc=0x000002a8c46d979d sp=0x000000fd7d9f48c0
Event: 59.346 Thread 0x000002a8da6d7af0 DEOPT UNPACKING pc=0x000002a8cb3a7143 sp=0x000000fd7d9f3de8 mode 0
Event: 59.347 Thread 0x000002a8da6d7af0 DEOPT PACKING pc=0x000002a8c46d979d sp=0x000000fd7d9f46d0
Event: 59.347 Thread 0x000002a8da6d7af0 DEOPT UNPACKING pc=0x000002a8cb3a7143 sp=0x000000fd7d9f3bf8 mode 0
Event: 59.348 Thread 0x000002a8da6d7af0 DEOPT PACKING pc=0x000002a8c46d979d sp=0x000000fd7d9f45d0
Event: 59.348 Thread 0x000002a8da6d7af0 DEOPT UNPACKING pc=0x000002a8cb3a7143 sp=0x000000fd7d9f3af8 mode 0
Event: 59.707 Thread 0x000002a8da6d7af0 Uncommon trap: trap_request=0xffffff45 fr.pc=0x000002a8cbb34190 relative=0x0000000000000110
Event: 59.708 Thread 0x000002a8da6d7af0 Uncommon trap: reason=unstable_if action=reinterpret pc=0x000002a8cbb34190 method=jdk.internal.org.objectweb.asm.ByteVector.putInt(I)Ljdk/internal/org/objectweb/asm/ByteVector; @ 13 c2
Event: 59.708 Thread 0x000002a8da6d7af0 DEOPT PACKING pc=0x000002a8cbb34190 sp=0x000000fd7d9f3b60
Event: 59.708 Thread 0x000002a8da6d7af0 DEOPT UNPACKING pc=0x000002a8cb3a69a3 sp=0x000000fd7d9f3af8 mode 2
Event: 59.720 Thread 0x000002a8da6d7af0 DEOPT PACKING pc=0x000002a8c46d96f5 sp=0x000000fd7d9f43d0
Event: 59.720 Thread 0x000002a8da6d7af0 DEOPT UNPACKING pc=0x000002a8cb3a7143 sp=0x000000fd7d9f38f8 mode 0

Classes unloaded (0 events):
No events

Classes redefined (0 events):
No events

Internal exceptions (20 events):
Event: 59.022 Thread 0x000002a8da6d7af0 Exception <a 'java/lang/ClassNotFoundException'{0x00000000881d2960}: org/gradle/api/DefaultTask_DecoratedBeanInfo> (0x00000000881d2960) 
thrown [s\src\hotspot\share\classfile\systemDictionary.cpp, line 256]
Event: 59.023 Thread 0x000002a8da6d7af0 Exception <a 'java/lang/ClassNotFoundException'{0x00000000881ee450}: org/gradle/api/DefaultTaskBeanInfo> (0x00000000881ee450) 
thrown [s\src\hotspot\share\classfile\systemDictionary.cpp, line 256]
Event: 59.024 Thread 0x000002a8da6d7af0 Exception <a 'java/lang/ClassNotFoundException'{0x000000008800a8e8}: org/gradle/api/internal/AbstractTaskBeanInfo> (0x000000008800a8e8) 
thrown [s\src\hotspot\share\classfile\systemDictionary.cpp, line 256]
Event: 59.024 Thread 0x000002a8da6d7af0 Exception <a 'java/lang/ClassNotFoundException'{0x0000000088026828}: org/gradle/api/internal/AbstractTaskCustomizer> (0x0000000088026828) 
thrown [s\src\hotspot\share\classfile\systemDictionary.cpp, line 256]
Event: 59.028 Thread 0x000002a8da6d7af0 Exception <a 'java/lang/ClassNotFoundException'{0x0000000088091e88}: org/gradle/api/DefaultTaskCustomizer> (0x0000000088091e88) 
thrown [s\src\hotspot\share\classfile\systemDictionary.cpp, line 256]
Event: 59.030 Thread 0x000002a8da6d7af0 Exception <a 'java/lang/ClassNotFoundException'{0x0000000087f083e8}: org/gradle/api/DefaultTask_DecoratedCustomizer> (0x0000000087f083e8) 
thrown [s\src\hotspot\share\classfile\systemDictionary.cpp, line 256]
Event: 59.045 Thread 0x000002a8da6d7af0 Exception <a 'java/lang/ClassNotFoundException'{0x0000000087f88fa8}: java/util/regex/MatcherBeanInfo> (0x0000000087f88fa8) 
thrown [s\src\hotspot\share\classfile\systemDictionary.cpp, line 256]
Event: 59.045 Thread 0x000002a8da6d7af0 Exception <a 'java/lang/ClassNotFoundException'{0x0000000087f93030}: java/util/regex/MatcherCustomizer> (0x0000000087f93030) 
thrown [s\src\hotspot\share\classfile\systemDictionary.cpp, line 256]
Event: 59.055 Thread 0x000002a8da6d7af0 Exception <a 'java/lang/ClassNotFoundException'{0x0000000087e44a38}: com/android/build/gradle/internal/api/DefaultAndroidSourceSet_DecoratedBeanInfo> (0x0000000087e44a38) 
thrown [s\src\hotspot\share\classfile\systemDictionary.cpp, line 256]
Event: 59.056 Thread 0x000002a8da6d7af0 Exception <a 'java/lang/ClassNotFoundException'{0x0000000087e56e50}: com/android/build/gradle/internal/api/DefaultAndroidSourceSetBeanInfo> (0x0000000087e56e50) 
thrown [s\src\hotspot\share\classfile\systemDictionary.cpp, line 256]
Event: 59.057 Thread 0x000002a8da6d7af0 Exception <a 'java/lang/ClassNotFoundException'{0x0000000087e692c0}: com/android/build/gradle/internal/api/DefaultAndroidSourceSetCustomizer> (0x0000000087e692c0) 
thrown [s\src\hotspot\share\classfile\systemDictionary.cpp, line 256]
Event: 59.060 Thread 0x000002a8da6d7af0 Exception <a 'java/lang/ClassNotFoundException'{0x0000000087ed4ab8}: com/android/build/gradle/internal/api/DefaultAndroidSourceSet_DecoratedCustomizer> (0x0000000087ed4ab8) 
thrown [s\src\hotspot\share\classfile\systemDictionary.cpp, line 256]
Event: 59.065 Thread 0x000002a8da6d7af0 Exception <a 'java/lang/ClassNotFoundException'{0x0000000087d7cbb0}: com/android/build/gradle/internal/api/DefaultAndroidSourceDirectorySetBeanInfo> (0x0000000087d7cbb0) 
thrown [s\src\hotspot\share\classfile\systemDictionary.cpp, line 256]
Event: 59.066 Thread 0x000002a8da6d7af0 Exception <a 'java/lang/ClassNotFoundException'{0x0000000087d90638}: com/android/build/gradle/internal/api/DefaultAndroidSourceDirectorySetCustomizer> (0x0000000087d90638) 
thrown [s\src\hotspot\share\classfile\systemDictionary.cpp, line 256]
Event: 59.076 Thread 0x000002a8da6d7af0 Exception <a 'java/lang/ClassNotFoundException'{0x0000000087cb61c0}: com/google/common/collect/SingletonImmutableSetBeanInfo> (0x0000000087cb61c0) 
thrown [s\src\hotspot\share\classfile\systemDictionary.cpp, line 256]
Event: 59.077 Thread 0x000002a8da6d7af0 Exception <a 'java/lang/ClassNotFoundException'{0x0000000087cc94d0}: com/google/common/collect/ImmutableSetBeanInfo> (0x0000000087cc94d0) 
thrown [s\src\hotspot\share\classfile\systemDictionary.cpp, line 256]
Event: 59.077 Thread 0x000002a8da6d7af0 Exception <a 'java/lang/ClassNotFoundException'{0x0000000087cdc8b0}: com/google/common/collect/ImmutableCollectionBeanInfo> (0x0000000087cdc8b0) 
thrown [s\src\hotspot\share\classfile\systemDictionary.cpp, line 256]
Event: 59.078 Thread 0x000002a8da6d7af0 Exception <a 'java/lang/ClassNotFoundException'{0x0000000087cefd00}: com/google/common/collect/ImmutableCollectionCustomizer> (0x0000000087cefd00) 
thrown [s\src\hotspot\share\classfile\systemDictionary.cpp, line 256]
Event: 59.191 Thread 0x000002a8da6d7af0 Exception <a 'java/lang/ClassNotFoundException'{0x000000008ff4c260}: com/google/common/collect/ImmutableSetCustomizer> (0x000000008ff4c260) 
thrown [s\src\hotspot\share\classfile\systemDictionary.cpp, line 256]
Event: 59.192 Thread 0x000002a8da6d7af0 Exception <a 'java/lang/ClassNotFoundException'{0x000000008ff77938}: com/google/common/collect/SingletonImmutableSetCustomizer> (0x000000008ff77938) 
thrown [s\src\hotspot\share\classfile\systemDictionary.cpp, line 256]

VM Operations (20 events):
Event: 48.612 Executing VM operation: G1CollectForAllocation
Event: 48.620 Executing VM operation: G1CollectForAllocation done
Event: 49.627 Executing VM operation: Cleanup
Event: 49.629 Executing VM operation: Cleanup done
Event: 50.629 Executing VM operation: Cleanup
Event: 50.630 Executing VM operation: Cleanup done
Event: 56.694 Executing VM operation: Cleanup
Event: 56.694 Executing VM operation: Cleanup done
Event: 59.079 Executing VM operation: G1CollectForAllocation
Event: 59.120 Executing VM operation: G1CollectForAllocation done
Event: 59.216 Executing VM operation: G1PauseRemark
Event: 59.225 Executing VM operation: G1PauseRemark done
Event: 59.284 Executing VM operation: G1PauseCleanup
Event: 59.284 Executing VM operation: G1PauseCleanup done
Event: 59.364 Executing VM operation: HandshakeAllThreads
Event: 59.364 Executing VM operation: HandshakeAllThreads done
Event: 59.494 Executing VM operation: HandshakeAllThreads
Event: 59.495 Executing VM operation: HandshakeAllThreads done
Event: 59.733 Executing VM operation: G1CollectForAllocation
Event: 59.741 Executing VM operation: G1CollectForAllocation done

Events (20 events):
Event: 49.504 loading class java/beans/IntrospectionException done
Event: 52.683 Thread 0x000002a8fbe20440 Thread exited: 0x000002a8fbe20440
Event: 59.044 loading class java/util/regex/MatcherBeanInfo
Event: 59.044 loading class java/util/regex/MatcherBeanInfo done
Event: 59.045 loading class java/util/regex/MatcherBeanInfo
Event: 59.045 loading class java/util/regex/MatcherBeanInfo done
Event: 59.045 loading class java/util/regex/MatcherCustomizer
Event: 59.045 loading class java/util/regex/MatcherCustomizer done
Event: 59.045 loading class java/util/regex/MatcherCustomizer
Event: 59.045 loading class java/util/regex/MatcherCustomizer done
Event: 59.290 loading class java/util/concurrent/atomic/AtomicIntegerArray
Event: 59.290 loading class java/util/concurrent/atomic/AtomicIntegerArray done
Event: 59.292 loading class java/util/Currency
Event: 59.292 loading class java/util/Currency done
Event: 59.296 loading class java/util/concurrent/atomic/AtomicLongArray
Event: 59.297 loading class java/util/concurrent/atomic/AtomicLongArray done
Event: 59.324 loading class jdk/internal/vm/annotation/ForceInline
Event: 59.324 loading class jdk/internal/vm/annotation/ForceInline done
Event: 59.824 loading class sun/reflect/generics/repository/FieldRepository
Event: 59.824 loading class sun/reflect/generics/repository/FieldRepository done


Dynamic libraries:
0x00007ff6603d0000 - 0x00007ff6603de000 	C:\Program Files\OpenLogic\jdk-17.0.10.7-hotspot\bin\java.exe
0x00007fffe5430000 - 0x00007fffe5646000 	C:\Windows\SYSTEM32\ntdll.dll
0x00007fffe4550000 - 0x00007fffe4614000 	C:\Windows\System32\KERNEL32.DLL
0x00007fffe29a0000 - 0x00007fffe2d47000 	C:\Windows\System32\KERNELBASE.dll
0x00007fffe23a0000 - 0x00007fffe24c0000 	C:\Windows\system32\hmpalert.dll
0x00007fffe2750000 - 0x00007fffe2861000 	C:\Windows\System32\ucrtbase.dll
0x00007fffa6680000 - 0x00007fffa669b000 	C:\Program Files\OpenLogic\jdk-17.0.10.7-hotspot\bin\VCRUNTIME140.dll
0x00007fff90cf0000 - 0x00007fff90d07000 	C:\Program Files\OpenLogic\jdk-17.0.10.7-hotspot\bin\jli.dll
0x00007fffe3eb0000 - 0x00007fffe405e000 	C:\Windows\System32\USER32.dll
0x00007fffe2e70000 - 0x00007fffe2e96000 	C:\Windows\System32\win32u.dll
0x00007fffe31e0000 - 0x00007fffe3209000 	C:\Windows\System32\GDI32.dll
0x00007fffe2d50000 - 0x00007fffe2e69000 	C:\Windows\System32\gdi32full.dll
0x00007fffe2f20000 - 0x00007fffe2fba000 	C:\Windows\System32\msvcp_win.dll
0x00007fffe1800000 - 0x00007fffe1a93000 	C:\Windows\WinSxS\amd64_microsoft.windows.common-controls_6595b64144ccf1df_6.0.22621.3235_none_270f74e173860f98\COMCTL32.dll
0x00007fffe3ca0000 - 0x00007fffe3d47000 	C:\Windows\System32\msvcrt.dll
0x00007fffe3d50000 - 0x00007fffe3d81000 	C:\Windows\System32\IMM32.DLL
0x00007fffc8180000 - 0x00007fffc818c000 	C:\Program Files\OpenLogic\jdk-17.0.10.7-hotspot\bin\vcruntime140_1.dll
0x00007fff53a00000 - 0x00007fff53a8d000 	C:\Program Files\OpenLogic\jdk-17.0.10.7-hotspot\bin\msvcp140.dll
0x00007fff44760000 - 0x00007fff453c2000 	C:\Program Files\OpenLogic\jdk-17.0.10.7-hotspot\bin\server\jvm.dll
0x00007fffe4880000 - 0x00007fffe4932000 	C:\Windows\System32\ADVAPI32.dll
0x00007fffe44a0000 - 0x00007fffe4548000 	C:\Windows\System32\sechost.dll
0x00007fffe3130000 - 0x00007fffe3158000 	C:\Windows\System32\bcrypt.dll
0x00007fffe3d90000 - 0x00007fffe3ea5000 	C:\Windows\System32\RPCRT4.dll
0x00007fffd2d50000 - 0x00007fffd2d84000 	C:\Windows\SYSTEM32\WINMM.dll
0x00007fffe2350000 - 0x00007fffe239d000 	C:\Windows\SYSTEM32\POWRPROF.dll
0x00007fffd2680000 - 0x00007fffd2689000 	C:\Windows\SYSTEM32\WSOCK32.dll
0x00007fffe4c30000 - 0x00007fffe4ca1000 	C:\Windows\System32\WS2_32.dll
0x00007fffdbd40000 - 0x00007fffdbd4a000 	C:\Windows\SYSTEM32\VERSION.dll
0x00007fffe2330000 - 0x00007fffe2343000 	C:\Windows\SYSTEM32\UMPDC.dll
0x00007fffe0fa0000 - 0x00007fffe0fb8000 	C:\Windows\SYSTEM32\kernel.appcore.dll
0x00007fffc1f40000 - 0x00007fffc1f4a000 	C:\Program Files\OpenLogic\jdk-17.0.10.7-hotspot\bin\jimage.dll
0x00007fffe1de0000 - 0x00007fffe2013000 	C:\Windows\SYSTEM32\DBGHELP.DLL
0x00007fffe4060000 - 0x00007fffe43e8000 	C:\Windows\System32\combase.dll
0x00007fffe4aa0000 - 0x00007fffe4b77000 	C:\Windows\System32\OLEAUT32.dll
0x00007fffe1da0000 - 0x00007fffe1dd2000 	C:\Windows\SYSTEM32\dbgcore.DLL
0x00007fffe2ea0000 - 0x00007fffe2f19000 	C:\Windows\System32\bcryptPrimitives.dll
0x00007fff8ed60000 - 0x00007fff8ed6e000 	C:\Program Files\OpenLogic\jdk-17.0.10.7-hotspot\bin\instrument.dll
0x00007fff8eea0000 - 0x00007fff8eec5000 	C:\Program Files\OpenLogic\jdk-17.0.10.7-hotspot\bin\java.dll
0x00007fff44680000 - 0x00007fff44756000 	C:\Program Files\OpenLogic\jdk-17.0.10.7-hotspot\bin\jsvml.dll
0x00007fffe3440000 - 0x00007fffe3c9c000 	C:\Windows\System32\SHELL32.dll
0x00007fffdfed0000 - 0x00007fffe07c9000 	C:\Windows\SYSTEM32\windows.storage.dll
0x00007fffdfd90000 - 0x00007fffdfece000 	C:\Windows\SYSTEM32\wintypes.dll
0x00007fffe5130000 - 0x00007fffe5223000 	C:\Windows\System32\SHCORE.dll
0x00007fffe4650000 - 0x00007fffe46ae000 	C:\Windows\System32\shlwapi.dll
0x00007fffe2680000 - 0x00007fffe26a1000 	C:\Windows\SYSTEM32\profapi.dll
0x00007fff89cd0000 - 0x00007fff89ce8000 	C:\Program Files\OpenLogic\jdk-17.0.10.7-hotspot\bin\zip.dll
0x00007fff8dae0000 - 0x00007fff8daf9000 	C:\Program Files\OpenLogic\jdk-17.0.10.7-hotspot\bin\net.dll
0x00007fffdcbd0000 - 0x00007fffdcd06000 	C:\Windows\SYSTEM32\WINHTTP.dll
0x00007fffe13d0000 - 0x00007fffe1439000 	C:\Windows\system32\mswsock.dll
0x00007fff8c430000 - 0x00007fff8c446000 	C:\Program Files\OpenLogic\jdk-17.0.10.7-hotspot\bin\nio.dll
0x00007fffbf4d0000 - 0x00007fffbf4e0000 	C:\Program Files\OpenLogic\jdk-17.0.10.7-hotspot\bin\verify.dll
0x00007fff88230000 - 0x00007fff88257000 	C:\Users\MAHE\.gradle\native\68d5fa5c4cc2d200863cafc0d521ce42e7d3e7ee720ec0a83991735586a16f82\windows-amd64\native-platform.dll
0x00007fff44530000 - 0x00007fff44674000 	C:\Users\MAHE\.gradle\native\e376f236ea51e6404a007f0833ffe2c6e607c4080706a723a18a27aeea778392\windows-amd64\native-platform-file-events.dll
0x00007fffa6a00000 - 0x00007fffa6a09000 	C:\Program Files\OpenLogic\jdk-17.0.10.7-hotspot\bin\management.dll
0x00007fff8ee60000 - 0x00007fff8ee6b000 	C:\Program Files\OpenLogic\jdk-17.0.10.7-hotspot\bin\management_ext.dll
0x00007fffe33c0000 - 0x00007fffe33c8000 	C:\Windows\System32\PSAPI.DLL
0x00007fffe2240000 - 0x00007fffe225b000 	C:\Windows\SYSTEM32\CRYPTSP.dll
0x00007fffe0f00000 - 0x00007fffe0f35000 	C:\Windows\system32\rsaenh.dll
0x00007fffe14c0000 - 0x00007fffe14e8000 	C:\Windows\SYSTEM32\USERENV.dll
0x00007fffe1620000 - 0x00007fffe162c000 	C:\Windows\SYSTEM32\CRYPTBASE.dll
0x00007fffe0a30000 - 0x00007fffe0a5d000 	C:\Windows\SYSTEM32\IPHLPAPI.DLL
0x00007fffe43f0000 - 0x00007fffe43f9000 	C:\Windows\System32\NSI.dll
0x00007fffdcb40000 - 0x00007fffdcb59000 	C:\Windows\SYSTEM32\dhcpcsvc6.DLL
0x00007fffdca10000 - 0x00007fffdca2f000 	C:\Windows\SYSTEM32\dhcpcsvc.DLL
0x00007fffe0aa0000 - 0x00007fffe0b99000 	C:\Windows\SYSTEM32\DNSAPI.dll
0x00007fff8ee10000 - 0x00007fff8ee18000 	C:\Program Files\OpenLogic\jdk-17.0.10.7-hotspot\bin\extnet.dll
0x00007fff8dad0000 - 0x00007fff8dade000 	C:\Program Files\OpenLogic\jdk-17.0.10.7-hotspot\bin\sunmscapi.dll
0x00007fffe2fc0000 - 0x00007fffe3126000 	C:\Windows\System32\CRYPT32.dll
0x00007fffe1aa0000 - 0x00007fffe1ace000 	C:\Windows\SYSTEM32\ncrypt.dll
0x00007fffe17c0000 - 0x00007fffe17f7000 	C:\Windows\SYSTEM32\NTASN1.dll
0x00007fff8c420000 - 0x00007fff8c428000 	C:\Windows\system32\wshunix.dll
0x00007fffdb0c0000 - 0x00007fffdb0ca000 	C:\Windows\System32\rasadhlp.dll
0x00007fffdc390000 - 0x00007fffdc413000 	C:\Windows\System32\fwpuclnt.dll
0x00007fffca7e0000 - 0x00007fffca7f7000 	C:\Windows\system32\napinsp.dll
0x00007fffca7c0000 - 0x00007fffca7db000 	C:\Windows\system32\pnrpnsp.dll
0x00007fffca7a0000 - 0x00007fffca7b1000 	C:\Windows\System32\winrnr.dll
0x00007fffca780000 - 0x00007fffca795000 	C:\Windows\system32\wshbth.dll
0x00007fffca750000 - 0x00007fffca771000 	C:\Windows\system32\nlansp_c.dll

dbghelp: loaded successfully - version: 4.0.5 - missing functions: none
symbol engine: initialized successfully - sym options: 0x614 - pdb path: .;C:\Program Files\OpenLogic\jdk-17.0.10.7-hotspot\bin;C:\Windows\SYSTEM32;C:\Windows\WinSxS\amd64_microsoft.windows.common-controls_6595b64144ccf1df_6.0.22621.3235_none_270f74e173860f98;C:\Program Files\OpenLogic\jdk-17.0.10.7-hotspot\bin\server;C:\Users\MAHE\.gradle\native\68d5fa5c4cc2d200863cafc0d521ce42e7d3e7ee720ec0a83991735586a16f82\windows-amd64;C:\Users\MAHE\.gradle\native\e376f236ea51e6404a007f0833ffe2c6e607c4080706a723a18a27aeea778392\windows-amd64

VM Arguments:
jvm_args: -XX:MaxMetaspaceSize=512m --add-opens=java.base/java.util=ALL-UNNAMED --add-opens=java.base/java.lang=ALL-UNNAMED --add-opens=java.base/java.lang.invoke=ALL-UNNAMED --add-opens=java.prefs/java.util.prefs=ALL-UNNAMED --add-opens=java.base/java.nio.charset=ALL-UNNAMED --add-opens=java.base/java.net=ALL-UNNAMED --add-opens=java.base/java.util.concurrent.atomic=ALL-UNNAMED -Xmx2048m -Dfile.encoding=windows-1252 -Duser.country=IN -Duser.language=en -Duser.variant -javaagent:C:\Users\MAHE\.gradle\wrapper\dists\gradle-8.3-all\6en3ugtfdg5xnpx44z4qbwgas\gradle-8.3\lib\agents\gradle-instrumentation-agent-8.3.jar 
java_command: org.gradle.launcher.daemon.bootstrap.GradleDaemon 8.3
java_class_path (initial): C:\Users\MAHE\.gradle\wrapper\dists\gradle-8.3-all\6en3ugtfdg5xnpx44z4qbwgas\gradle-8.3\lib\gradle-launcher-8.3.jar
Launcher Type: SUN_STANDARD

[Global flags]
     intx CICompilerCount                          = 3                                         {product} {ergonomic}
   size_t CompressedClassSpaceSize                 = 436207616                                 {product} {ergonomic}
     uint ConcGCThreads                            = 1                                         {product} {ergonomic}
     uint G1ConcRefinementThreads                  = 4                                         {product} {ergonomic}
   size_t G1HeapRegionSize                         = 1048576                                   {product} {ergonomic}
    uintx GCDrainStackTargetSize                   = 64                                        {product} {ergonomic}
   size_t InitialHeapSize                          = 268435456                                 {product} {ergonomic}
   size_t MarkStackSize                            = 4194304                                   {product} {ergonomic}
   size_t MaxHeapSize                              = 2147483648                                {product} {command line}
   size_t MaxMetaspaceSize                         = 536870912                                 {product} {command line}
   size_t MaxNewSize                               = 1287651328                                {product} {ergonomic}
   size_t MinHeapDeltaBytes                        = 1048576                                   {product} {ergonomic}
   size_t MinHeapSize                              = 8388608                                   {product} {ergonomic}
    uintx NonNMethodCodeHeapSize                   = 5832780                                {pd product} {ergonomic}
    uintx NonProfiledCodeHeapSize                  = 122912730                              {pd product} {ergonomic}
    uintx ProfiledCodeHeapSize                     = 122912730                              {pd product} {ergonomic}
    uintx ReservedCodeCacheSize                    = 251658240                              {pd product} {ergonomic}
     bool SegmentedCodeCache                       = true                                      {product} {ergonomic}
   size_t SoftMaxHeapSize                          = 2147483648                             {manageable} {ergonomic}
     bool UseCompressedClassPointers               = true                           {product lp64_product} {ergonomic}
     bool UseCompressedOops                        = true                           {product lp64_product} {ergonomic}
     bool UseG1GC                                  = true                                      {product} {ergonomic}
     bool UseLargePagesIndividualAllocation        = false                                  {pd product} {ergonomic}

Logging:
Log output configuration:
 #0: stdout all=warning uptime,level,tags
 #1: stderr all=off uptime,level,tags

Environment Variables:
JAVA_HOME=C:\Program Files\OpenLogic\jdk-17.0.10.7-hotspot\
CLASSPATH=C:\Users\MAHE\Documents\demo1_joyson1\android\\gradle\wrapper\gradle-wrapper.jar
PATH=C:\Users\MAHE\Documents\demo1_joyson1\node_modules\.bin;C:\Users\MAHE\Documents\demo1_joyson1\node_modules\.bin;C:\Users\MAHE\Documents\node_modules\.bin;C:\Users\MAHE\node_modules\.bin;C:\Users\node_modules\.bin;C:\node_modules\.bin;C:\Users\MAHE\AppData\Roaming\npm\node_modules\npm\node_modules\@npmcli\run-script\lib\node-gyp-bin;C:\Program Files\OpenLogic\jdk-17.0.10.7-hotspot\bin;C:\Python312\Scripts\;C:\Python312\;C:\Windows\system32;C:\Windows;C:\Windows\System32\Wbem;C:\Windows\System32\WindowsPowerShell\v1.0\;C:\Windows\System32\OpenSSH\;C:\Program Files\nodejs\;C:\ProgramData\chocolatey\bin;C:\Program Files\Git\cmd;C:\Program Files\Git\bin;C:\Program Files (x86)\Microsoft SQL Server\160\Tools\Binn\;C:\Program Files\Microsoft SQL Server\160\Tools\Binn\;C:\Program Files\Microsoft SQL Server\Client SDK\ODBC\170\Tools\Binn\;C:\Program Files\Microsoft SQL Server\160\DTS\Binn\;C:\Program Files (x86)\Microsoft SQL Server\160\DTS\Binn\;C:\Program Files\Azure Data Studio\bin;C:\Users\MAHE\AppData\Local\Microsoft\WindowsApps;C:\Users\MAHE\AppData\Local\Programs\Microsoft VS Code\bin;C:\Users\MAHE\AppData\Roaming\npm;C:\Users\MAHE\AppData\Local\Android\Sdk;C:\Users\MAHE\AppData\Local\Android\Sdk\platform-tools;C:\Users\MAHE\AppData\Local\Android\Sdk\emulator;C:\Program Files\Git\bin;;C:\Program Files\Azure Data Studio\bin
USERNAME=MAHE
LANG=en_US.UTF-8
OS=Windows_NT
PROCESSOR_IDENTIFIER=Intel64 Family 6 Model 60 Stepping 3, GenuineIntel
TMP=C:\Users\MAHE\AppData\Local\Temp
TEMP=C:\Users\MAHE\AppData\Local\Temp



Periodic native trim disabled


---------------  S Y S T E M  ---------------

OS:
 Windows 11 , 64 bit Build 22621 (10.0.22621.3374)
OS uptime: 0 days 6:22 hours

CPU: total 4 (initial active 4) (4 cores per cpu, 1 threads per core) family 6 model 60 stepping 3 microcode 0x28, cx8, cmov, fxsr, mmx, sse, sse2, sse3, ssse3, sse4.1, sse4.2, popcnt, lzcnt, tsc, tscinvbit, avx, avx2, aes, erms, clmul, bmi1, bmi2, fma, vzeroupper, clflush
Processor Information for all 4 processors :
  Max Mhz: 3001, Current Mhz: 3001, Mhz Limit: 3001

Memory: 4k page, system-wide physical 16309M (7800M free)
TotalPageFile size 32693M (AvailPageFile size 22254M)
current process WorkingSet (physical memory assigned to process): 385M, peak: 402M
current process commit charge ("private bytes"): 433M, peak: 451M

vm_info: OpenJDK 64-Bit Server VM (17.0.10+7-adhoc..jdk17u) for windows-amd64 JRE (17.0.10+7-adhoc..jdk17u), built on Jan 24 2024 08:51:31 by "" with MS VC++ 16.10 / 16.11 (VS2019)

END.
