#
# A fatal error has been detected by the Java Runtime Environment:
#
#  EXCEPTION_ACCESS_VIOLATION (0xc0000005) at pc=0x00007ff8f1068fc7, pid=11852, tid=11924
#
# JRE version: OpenJDK Runtime Environment OpenLogic-OpenJDK (17.0.10+7) (build 17.0.10+7-adhoc..jdk17u)
# Java VM: OpenJDK 64-Bit Server VM OpenLogic-OpenJDK (17.0.10+7-adhoc..jdk17u, mixed mode, sharing, tiered, compressed oops, compressed class ptrs, g1 gc, windows-amd64)
# Problematic frame:
# V  [jvm.dll+0x598fc7]
#
# No core dump will be written. Minidumps are not enabled by default on client versions of Windows
#
# If you would like to submit a bug report, please visit:
#   https://techsupport.roguewave.com/
#

---------------  S U M M A R Y ------------

Command Line: -XX:MaxMetaspaceSize=512m --add-opens=java.base/java.util=ALL-UNNAMED --add-opens=java.base/java.lang=ALL-UNNAMED --add-opens=java.base/java.lang.invoke=ALL-UNNAMED --add-opens=java.prefs/java.util.prefs=ALL-UNNAMED --add-opens=java.base/java.nio.charset=ALL-UNNAMED --add-opens=java.base/java.net=ALL-UNNAMED --add-opens=java.base/java.util.concurrent.atomic=ALL-UNNAMED -Xmx2048m -Dfile.encoding=windows-1252 -Duser.country=IN -Duser.language=en -Duser.variant -javaagent:C:\Users\MAHE\.gradle\wrapper\dists\gradle-8.3-all\6en3ugtfdg5xnpx44z4qbwgas\gradle-8.3\lib\agents\gradle-instrumentation-agent-8.3.jar org.gradle.launcher.daemon.bootstrap.GradleDaemon 8.3

Host: Intel(R) Core(TM) i5-4590S CPU @ 3.00GHz, 4 cores, 15G,  Windows 11 , 64 bit Build 22621 (10.0.22621.3672)
Time: Tue Jun 11 09:47:11 2024 India Standard Time elapsed time: 25.965661 seconds (0d 0h 0m 25s)

---------------  T H R E A D  ---------------

Current thread (0x0000018871cbdaa0):  JavaThread "C2 CompilerThread0" daemon [_thread_in_native, id=11924, stack(0x00000078efb00000,0x00000078efc00000)]


Current CompileTask:
C2:  25965 4268       4       org.objectweb.asm.Frame::execute (2318 bytes)

Stack: [0x00000078efb00000,0x00000078efc00000],  sp=0x00000078efbf9ff0,  free space=999k
Native frames: (J=compiled Java code, j=interpreted, Vv=VM code, C=native code)
V  [jvm.dll+0x598fc7]
V  [jvm.dll+0x58575a]
V  [jvm.dll+0x222c52]
V  [jvm.dll+0x22303f]
V  [jvm.dll+0x21c166]
V  [jvm.dll+0x2195b1]
V  [jvm.dll+0x1a512d]
V  [jvm.dll+0x22949e]
V  [jvm.dll+0x22766c]
V  [jvm.dll+0x7e9ea7]
V  [jvm.dll+0x7e42aa]
V  [jvm.dll+0x67c5d5]
C  [ucrtbase.dll+0x29333]
C  [KERNEL32.DLL+0x1257d]
C  [ntdll.dll+0x5aa48]


siginfo: EXCEPTION_ACCESS_VIOLATION (0xc0000005), reading address 0x0000000100000021


Registers:
RAX=0x0000018879737710, RBX=0x00000078efbfa0b0, RCX=0x0000018879722380, RDX=0x0000000000000003
RSP=0x00000078efbf9ff0, RBP=0x00000000000000b6, RSI=0x0000000000000004, RDI=0x0000018879722330
R8 =0x0000000000001b20, R9 =0x0000000000000008, R10=0x0000018876b184a0, R11=0x00000078efbf9f78
R12=0x0000000000000003, R13=0x00000078efbfa3c0, R14=0x0000000000010002, R15=0x0000000100000001
RIP=0x00007ff8f1068fc7, EFLAGS=0x0000000000010203


Register to memory mapping:

RIP=0x00007ff8f1068fc7 jvm.dll
RAX=0x0000018879737710 points into unknown readable memory: 0x00000188762b9178 | 78 91 2b 76 88 01 00 00
RBX=0x00000078efbfa0b0 is pointing into the stack for thread: 0x0000018871cbdaa0
RCX=0x0000018879722380 points into unknown readable memory: 0x00000188762b85e8 | e8 85 2b 76 88 01 00 00
RDX=0x0000000000000003 is an unknown value
RSP=0x00000078efbf9ff0 is pointing into the stack for thread: 0x0000018871cbdaa0
RBP=0x00000000000000b6 is an unknown value
RSI=0x0000000000000004 is an unknown value
RDI=0x0000018879722330 points into unknown readable memory: 0x00007ff8f1432db0 | b0 2d 43 f1 f8 7f 00 00
R8 =0x0000000000001b20 is an unknown value
R9 =0x0000000000000008 is an unknown value
R10=0x0000018876b184a0 points into unknown readable memory: 0x0000000000000000 | 00 00 00 00 00 00 00 00
R11=0x00000078efbf9f78 is pointing into the stack for thread: 0x0000018871cbdaa0
R12=0x0000000000000003 is an unknown value
R13=0x00000078efbfa3c0 is pointing into the stack for thread: 0x0000018871cbdaa0
R14=0x0000000000010002 is an unknown value
R15=0x0000000100000001 is an unknown value


Top of Stack: (sp=0x00000078efbf9ff0)
0x00000078efbf9ff0:   0000000000000003 00000188762b8580
0x00000078efbfa000:   0000000000000001 0000018876b18310
0x00000078efbfa010:   0000000000000000 0000000000078200
0x00000078efbfa020:   00000188764300b0 00000188764300b0
0x00000078efbfa030:   00000078efbfa140 00007ff8f105575a
0x00000078efbfa040:   0000018852d209c0 00000078efbfa090
0x00000078efbfa050:   0000000000000000 00000078efbfa3c0
0x00000078efbfa060:   00000078efbfa0b0 00000078efbfa070
0x00000078efbfa070:   0000018871cb9550 0000000000001000
0x00000078efbfa080:   0000018879bfe9c0 0000000000000000
0x00000078efbfa090:   0000000000000200 000001887714a020
0x00000078efbfa0a0:   0000000000000200 0000018871cb9550
0x00000078efbfa0b0:   0000018879737710 0000018879744ae0
0x00000078efbfa0c0:   0000018879737030 0000018871cb9550
0x00000078efbfa0d0:   0000018871cb9550 0000000000000004
0x00000078efbfa0e0:   0000018876ce7f40 0000007800000000
0x00000078efbfa0f0:   0000018800000003 00007ff8f12c82c0
0x00000078efbfa100:   000001887a9d2ab8 000001887b1a3010
0x00000078efbfa110:   0000018871ca07d0 0000000000000000
0x00000078efbfa120:   00000000000003ff 0000000000000005
0x00000078efbfa130:   0000018879a1a8c8 00007ff8f12ce01e
0x00000078efbfa140:   0000000000000000 0000000000000000
0x00000078efbfa150:   000001887603aa58 0000018879a1a8c8
0x00000078efbfa160:   0000007800000000 00000000cc000cc0
0x00000078efbfa170:   0000000000000000 00007ff87fffffff
0x00000078efbfa180:   0000000000000000 00000078efbfb490
0x00000078efbfa190:   0000000000078270 0000018879a46e20
0x00000078efbfa1a0:   00000078efbfa270 000000000000000d
0x00000078efbfa1b0:   0000000000020000 00007ff972921966
0x00000078efbfa1c0:   0000000000000000 0000000000020010
0x00000078efbfa1d0:   0000000000000000 000001887b1a0000
0x00000078efbfa1e0:   00000078efbfa270 00007ff972a6952e 

Instructions: (pc=0x00007ff8f1068fc7)
0x00007ff8f1068ec7:   58 10 e8 82 9d fd ff 48 3b c3 75 57 8b 5f 28 48
0x00007ff8f1068ed7:   89 6c 24 38 3b 5e 28 72 0b 8b d3 48 8d 4e 20 e8
0x00007ff8f1068ee7:   05 20 0c 00 48 8b 46 30 49 8d 56 01 48 8b 6c 24
0x00007ff8f1068ef7:   38 48 89 14 d8 33 db 39 5f 20 76 27 0f 1f 40 00
0x00007ff8f1068f07:   66 0f 1f 84 00 00 00 00 00 48 8b 57 10 4d 8b c6
0x00007ff8f1068f17:   48 8b ce 48 8b 14 da e8 6d ff ff ff ff c3 3b 5f
0x00007ff8f1068f27:   20 72 e6 48 8b 5c 24 30 48 8b 74 24 40 48 8b 7c
0x00007ff8f1068f37:   24 48 48 83 c4 20 41 5e c3 48 89 5c 24 20 48 89
0x00007ff8f1068f47:   54 24 10 55 56 57 41 55 41 56 48 83 ec 20 48 8b
0x00007ff8f1068f57:   41 10 49 8b d8 48 8b fa 4c 8b e9 4c 8b b0 d0 02
0x00007ff8f1068f67:   00 00 41 8b 6e 28 8b f5 c1 ee 05 3b 32 72 0a 8b
0x00007ff8f1068f77:   d6 48 8b cf e8 10 54 28 00 48 8b 47 08 83 e5 1f
0x00007ff8f1068f87:   49 8b d6 49 8b cd 4c 8d 04 b0 8b 04 b0 0f ab e8
0x00007ff8f1068f97:   41 89 00 e8 71 09 00 00 4c 89 64 24 50 48 8b f8
0x00007ff8f1068fa7:   4c 89 7c 24 60 44 8b 70 20 33 f6 41 3b f6 0f 83
0x00007ff8f1068fb7:   96 00 00 00 48 8b 4f 10 8b d6 ff c6 4c 8b 3c d1
0x00007ff8f1068fc7:   41 83 7f 20 00 74 e4 45 8b 67 28 41 8b ec 48 8b
0x00007ff8f1068fd7:   44 24 58 c1 ed 05 3b 28 72 0f 8b d5 48 8b c8 e8
0x00007ff8f1068fe7:   a5 53 28 00 48 8b 44 24 58 48 8b 40 08 41 83 e4
0x00007ff8f1068ff7:   1f 4c 8d 04 a8 41 0f b6 cc 41 b9 01 00 00 00 41
0x00007ff8f1069007:   d3 e1 41 8b 08 8b c1 41 0b c1 41 89 00 41 85 c9
0x00007ff8f1069017:   75 99 49 8b d7 49 8b cd e8 ec 08 00 00 48 83 03
0x00007ff8f1069027:   10 48 8b e8 48 8b 0b 48 3b 4b 08 72 0b 48 8b cb
0x00007ff8f1069037:   e8 44 1f 0c 00 48 8b 0b 48 89 39 48 8b fd 89 71
0x00007ff8f1069047:   08 44 8b 75 20 e9 5f ff ff ff 45 85 f6 74 15 8b
0x00007ff8f1069057:   47 30 c1 e8 04 a8 01 75 0b 48 8b d7 49 8b cd e8
0x00007ff8f1069067:   75 00 00 00 49 8b 45 10 44 8b 80 40 02 00 00 8b
0x00007ff8f1069077:   48 68 44 2b 80 68 02 00 00 03 c9 b8 cd cc cc cc
0x00007ff8f1069087:   f7 e1 c1 ea 02 44 3b c2 76 0b 48 8b 43 10 48 83
0x00007ff8f1069097:   e8 10 48 89 03 48 8b 03 48 3b 43 10 72 16 48 8b
0x00007ff8f10690a7:   38 8b 70 08 48 83 c0 f0 44 8b 77 20 48 89 03 e9
0x00007ff8f10690b7:   f7 fe ff ff 4c 8b 7c 24 60 4c 8b 64 24 50 48 8b 


Stack slot to memory mapping:
stack at sp + 0 slots: 0x0000000000000003 is an unknown value
stack at sp + 1 slots: 0x00000188762b8580 points into unknown readable memory: 0x00007ff8f13e7d48 | 48 7d 3e f1 f8 7f 00 00
stack at sp + 2 slots: 0x0000000000000001 is an unknown value
stack at sp + 3 slots: 0x0000018876b18310 points into unknown readable memory: 0x00007ff8f140f960 | 60 f9 40 f1 f8 7f 00 00
stack at sp + 4 slots: 0x0 is NULL
stack at sp + 5 slots: 0x0000000000078200 is an unknown value
stack at sp + 6 slots: 0x00000188764300b0 points into unknown readable memory: 0x0000000000000000 | 00 00 00 00 00 00 00 00
stack at sp + 7 slots: 0x00000188764300b0 points into unknown readable memory: 0x0000000000000000 | 00 00 00 00 00 00 00 00


---------------  P R O C E S S  ---------------

Threads class SMR info:
_java_thread_list=0x00000188781732f0, length=39, elements={
0x0000018852d076e0, 0x0000018871c9f420, 0x0000018871ca12b0, 0x0000018871cb29f0,
0x0000018871cb4530, 0x0000018871cb5000, 0x0000018871cb78e0, 0x0000018871cbdaa0,
0x0000018871cbe460, 0x0000018876024860, 0x0000018871c8a410, 0x00000188761eeaf0,
0x0000018877edf5b0, 0x000001887801d5d0, 0x0000018877148040, 0x000001887754a490,
0x0000018877bce140, 0x0000018877f2b3b0, 0x0000018877f2b890, 0x0000018877ee0790,
0x0000018877ee2b00, 0x0000018877edfd70, 0x0000018877ee3520, 0x0000018877ee0ca0,
0x0000018877ee11b0, 0x0000018877ee16c0, 0x0000018877ee0280, 0x0000018877ee20e0,
0x0000018877ee25f0, 0x0000018877ee3010, 0x00000188761c1300, 0x00000188761c0df0,
0x00000188761c1810, 0x00000188761bea80, 0x00000188761be060, 0x00000188761bf9b0,
0x00000188761bfec0, 0x00000188781761e0, 0x00000188761be570
}

Java Threads: ( => current thread )
  0x0000018852d076e0 JavaThread "main" [_thread_blocked, id=6624, stack(0x00000078eee00000,0x00000078eef00000)]
  0x0000018871c9f420 JavaThread "Reference Handler" daemon [_thread_blocked, id=11460, stack(0x00000078ef500000,0x00000078ef600000)]
  0x0000018871ca12b0 JavaThread "Finalizer" daemon [_thread_blocked, id=11576, stack(0x00000078ef600000,0x00000078ef700000)]
  0x0000018871cb29f0 JavaThread "Signal Dispatcher" daemon [_thread_blocked, id=780, stack(0x00000078ef700000,0x00000078ef800000)]
  0x0000018871cb4530 JavaThread "Attach Listener" daemon [_thread_blocked, id=9592, stack(0x00000078ef800000,0x00000078ef900000)]
  0x0000018871cb5000 JavaThread "Service Thread" daemon [_thread_blocked, id=6460, stack(0x00000078ef900000,0x00000078efa00000)]
  0x0000018871cb78e0 JavaThread "Monitor Deflation Thread" daemon [_thread_blocked, id=4840, stack(0x00000078efa00000,0x00000078efb00000)]
=>0x0000018871cbdaa0 JavaThread "C2 CompilerThread0" daemon [_thread_in_native, id=11924, stack(0x00000078efb00000,0x00000078efc00000)]
  0x0000018871cbe460 JavaThread "C1 CompilerThread0" daemon [_thread_blocked, id=6784, stack(0x00000078efc00000,0x00000078efd00000)]
  0x0000018876024860 JavaThread "Sweeper thread" daemon [_thread_blocked, id=11548, stack(0x00000078efd00000,0x00000078efe00000)]
  0x0000018871c8a410 JavaThread "Common-Cleaner" daemon [_thread_blocked, id=2488, stack(0x00000078efe00000,0x00000078eff00000)]
  0x00000188761eeaf0 JavaThread "Notification Thread" daemon [_thread_blocked, id=11520, stack(0x00000078eff00000,0x00000078f0000000)]
  0x0000018877edf5b0 JavaThread "Daemon health stats" [_thread_blocked, id=1492, stack(0x00000078f0500000,0x00000078f0600000)]
  0x000001887801d5d0 JavaThread "Incoming local TCP Connector on port 50379" [_thread_in_native, id=10184, stack(0x00000078f0600000,0x00000078f0700000)]
  0x0000018877148040 JavaThread "Daemon periodic checks" [_thread_blocked, id=3932, stack(0x00000078f0700000,0x00000078f0800000)]
  0x000001887754a490 JavaThread "Daemon" [_thread_blocked, id=12092, stack(0x00000078f0100000,0x00000078f0200000)]
  0x0000018877bce140 JavaThread "Handler for socket connection from /127.0.0.1:50379 to /127.0.0.1:50380" [_thread_in_native, id=800, stack(0x00000078f0800000,0x00000078f0900000)]
  0x0000018877f2b3b0 JavaThread "Cancel handler" [_thread_blocked, id=1236, stack(0x00000078f0900000,0x00000078f0a00000)]
  0x0000018877f2b890 JavaThread "Daemon worker" [_thread_blocked, id=4872, stack(0x00000078f0a00000,0x00000078f0b00000)]
  0x0000018877ee0790 JavaThread "Asynchronous log dispatcher for DefaultDaemonConnection: socket connection from /127.0.0.1:50379 to /127.0.0.1:50380" [_thread_blocked, id=7416, stack(0x00000078f0b00000,0x00000078f0c00000)]
  0x0000018877ee2b00 JavaThread "Stdin handler" [_thread_blocked, id=11496, stack(0x00000078f0c00000,0x00000078f0d00000)]
  0x0000018877edfd70 JavaThread "Daemon client event forwarder" [_thread_blocked, id=9976, stack(0x00000078f0d00000,0x00000078f0e00000)]
  0x0000018877ee3520 JavaThread "Cache worker for journal cache (C:\Users\MAHE\.gradle\caches\journal-1)" [_thread_blocked, id=4320, stack(0x00000078f0e00000,0x00000078f0f00000)]
  0x0000018877ee0ca0 JavaThread "File lock request listener" [_thread_in_native, id=4584, stack(0x00000078f0f00000,0x00000078f1000000)]
  0x0000018877ee11b0 JavaThread "Cache worker for file hash cache (C:\Users\MAHE\.gradle\caches\8.3\fileHashes)" [_thread_in_native, id=208, stack(0x00000078f1100000,0x00000078f1200000)]
  0x0000018877ee16c0 JavaThread "File watcher server" daemon [_thread_in_native, id=1668, stack(0x00000078f1200000,0x00000078f1300000)]
  0x0000018877ee0280 JavaThread "File watcher consumer" daemon [_thread_blocked, id=6588, stack(0x00000078f1300000,0x00000078f1400000)]
  0x0000018877ee20e0 JavaThread "Cache worker for checksums cache (C:\Users\MAHE\Documents\DOC APP BACKUP FILES\april30_\demo1_joyson1\android\.gradle\8.3\checksums)" [_thread_blocked, id=12112, stack(0x00000078f1400000,0x00000078f1500000)]
  0x0000018877ee25f0 JavaThread "Cache worker for file hash cache (C:\Users\MAHE\Documents\DOC APP BACKUP FILES\april30_\demo1_joyson1\android\.gradle\8.3\fileHashes)" [_thread_blocked, id=11696, stack(0x00000078f1500000,0x00000078f1600000)]
  0x0000018877ee3010 JavaThread "Cache worker for cache directory md-supplier (C:\Users\MAHE\.gradle\caches\8.3\md-supplier)" [_thread_blocked, id=6504, stack(0x00000078f1600000,0x00000078f1700000)]
  0x00000188761c1300 JavaThread "Cache worker for file content cache (C:\Users\MAHE\.gradle\caches\8.3\fileContent)" [_thread_blocked, id=1496, stack(0x00000078f1700000,0x00000078f1800000)]
  0x00000188761c0df0 JavaThread "Cache worker for cache directory md-rule (C:\Users\MAHE\.gradle\caches\8.3\md-rule)" [_thread_blocked, id=9868, stack(0x00000078f1800000,0x00000078f1900000)]
  0x00000188761c1810 JavaThread "Cache worker for execution history cache (C:\Users\MAHE\.gradle\caches\8.3\executionHistory)" [_thread_blocked, id=9816, stack(0x00000078f1900000,0x00000078f1a00000)]
  0x00000188761bea80 JavaThread "jar transforms" [_thread_blocked, id=11848, stack(0x00000078f1000000,0x00000078f1100000)]
  0x00000188761be060 JavaThread "jar transforms Thread 2" [_thread_blocked, id=12168, stack(0x00000078f1a00000,0x00000078f1b00000)]
  0x00000188761bf9b0 JavaThread "jar transforms Thread 3" [_thread_blocked, id=9600, stack(0x00000078f1c00000,0x00000078f1d00000)]
  0x00000188761bfec0 JavaThread "jar transforms Thread 4" [_thread_blocked, id=11492, stack(0x00000078f1d00000,0x00000078f1e00000)]
  0x00000188781761e0 JavaThread "C2 CompilerThread1" daemon [_thread_in_native, id=4228, stack(0x00000078f1b00000,0x00000078f1c00000)]
  0x00000188761be570 JavaThread "Cache worker for kotlin-dsl (C:\Users\MAHE\.gradle\caches\8.3\kotlin-dsl)" [_thread_blocked, id=10192, stack(0x00000078f1e00000,0x00000078f1f00000)]

Other Threads:
  0x0000018871c9bd60 VMThread "VM Thread" [stack: 0x00000078ef400000,0x00000078ef500000] [id=4876]
  0x00000188761d6200 WatcherThread [stack: 0x00000078f0000000,0x00000078f0100000] [id=6116]
  0x0000018852d63bb0 GCTaskThread "GC Thread#0" [stack: 0x00000078eef00000,0x00000078ef000000] [id=3036]
  0x0000018876276740 GCTaskThread "GC Thread#1" [stack: 0x00000078f0200000,0x00000078f0300000] [id=12020]
  0x0000018876490430 GCTaskThread "GC Thread#2" [stack: 0x00000078f0300000,0x00000078f0400000] [id=1996]
  0x00000188764906f0 GCTaskThread "GC Thread#3" [stack: 0x00000078f0400000,0x00000078f0500000] [id=11396]
  0x0000018852d75b10 ConcurrentGCThread "G1 Main Marker" [stack: 0x00000078ef000000,0x00000078ef100000] [id=11712]
  0x0000018852d76cd0 ConcurrentGCThread "G1 Conc#0" [stack: 0x00000078ef100000,0x00000078ef200000] [id=10428]
  0x0000018852dada20 ConcurrentGCThread "G1 Refine#0" [stack: 0x00000078ef200000,0x00000078ef300000] [id=7908]
  0x0000018852dae450 ConcurrentGCThread "G1 Service" [stack: 0x00000078ef300000,0x00000078ef400000] [id=9548]

Threads with active compile tasks:
C2 CompilerThread0    26130 4268       4       org.objectweb.asm.Frame::execute (2318 bytes)
C2 CompilerThread1    26130 4262   !   4       java.net.URLClassLoader$1::run (81 bytes)

VM state: not at safepoint (normal execution)

VM Mutex/Monitor currently owned by a thread: None

Heap address: 0x0000000080000000, size: 2048 MB, Compressed Oops mode: 32-bit

CDS archive(s) mapped at: [0x0000018800000000-0x0000018800bc0000-0x0000018800bc0000), size 12320768, SharedBaseAddress: 0x0000018800000000, ArchiveRelocationMode: 1.
Compressed class space mapped at: 0x0000018801000000-0x000001881b000000, reserved size: 436207616
Narrow klass base: 0x0000018800000000, Narrow klass shift: 0, Narrow klass range: 0x100000000

GC Precious Log:
 CPUs: 4 total, 4 available
 Memory: 16309M
 Large Page Support: Disabled
 NUMA Support: Disabled
 Compressed Oops: Enabled (32-bit)
 Heap Region Size: 1M
 Heap Min Capacity: 8M
 Heap Initial Capacity: 256M
 Heap Max Capacity: 2G
 Pre-touch: Disabled
 Parallel Workers: 4
 Concurrent Workers: 1
 Concurrent Refinement Workers: 4
 Periodic GC: Disabled

Heap:
 garbage-first heap   total 81920K, used 35842K [0x0000000080000000, 0x0000000100000000)
  region size 1024K, 5 young (5120K), 2 survivors (2048K)
 Metaspace       used 35892K, committed 36416K, reserved 491520K
  class space    used 4878K, committed 5120K, reserved 425984K

Heap Regions: E=young(eden), S=young(survivor), O=old, HS=humongous(starts), HC=humongous(continues), CS=collection set, F=free, OA=open archive, CA=closed archive, TAMS=top-at-mark-start (previous, next)
|   0|0x0000000080000000, 0x0000000080100000, 0x0000000080100000|100%| O|  |TAMS 0x0000000080100000, 0x0000000080000000| Untracked 
|   1|0x0000000080100000, 0x0000000080200000, 0x0000000080200000|100%| O|  |TAMS 0x0000000080200000, 0x0000000080100000| Untracked 
|   2|0x0000000080200000, 0x0000000080300000, 0x0000000080300000|100%|HS|  |TAMS 0x0000000080300000, 0x0000000080200000| Complete 
|   3|0x0000000080300000, 0x0000000080400000, 0x0000000080400000|100%|HC|  |TAMS 0x0000000080400000, 0x0000000080300000| Complete 
|   4|0x0000000080400000, 0x0000000080500000, 0x0000000080500000|100%|HC|  |TAMS 0x0000000080500000, 0x0000000080400000| Complete 
|   5|0x0000000080500000, 0x0000000080600000, 0x0000000080600000|100%|HC|  |TAMS 0x0000000080600000, 0x0000000080500000| Complete 
|   6|0x0000000080600000, 0x0000000080700000, 0x0000000080700000|100%| O|  |TAMS 0x0000000080700000, 0x0000000080600000| Untracked 
|   7|0x0000000080700000, 0x0000000080800000, 0x0000000080800000|100%| O|  |TAMS 0x0000000080800000, 0x0000000080700000| Untracked 
|   8|0x0000000080800000, 0x0000000080900000, 0x0000000080900000|100%| O|  |TAMS 0x0000000080900000, 0x0000000080800000| Untracked 
|   9|0x0000000080900000, 0x0000000080a00000, 0x0000000080a00000|100%| O|  |TAMS 0x0000000080a00000, 0x0000000080900000| Untracked 
|  10|0x0000000080a00000, 0x0000000080b00000, 0x0000000080b00000|100%| O|  |TAMS 0x0000000080b00000, 0x0000000080a00000| Untracked 
|  11|0x0000000080b00000, 0x0000000080c00000, 0x0000000080c00000|100%|HS|  |TAMS 0x0000000080c00000, 0x0000000080b00000| Complete 
|  12|0x0000000080c00000, 0x0000000080d00000, 0x0000000080d00000|100%| O|  |TAMS 0x0000000080d00000, 0x0000000080c00000| Untracked 
|  13|0x0000000080d00000, 0x0000000080e00000, 0x0000000080e00000|100%| O|  |TAMS 0x0000000080e00000, 0x0000000080d00000| Untracked 
|  14|0x0000000080e00000, 0x0000000080f00000, 0x0000000080f00000|100%| O|  |TAMS 0x0000000080f00000, 0x0000000080e00000| Untracked 
|  15|0x0000000080f00000, 0x0000000081000000, 0x0000000081000000|100%| O|  |TAMS 0x0000000081000000, 0x0000000080f00000| Untracked 
|  16|0x0000000081000000, 0x0000000081100000, 0x0000000081100000|100%| O|  |TAMS 0x0000000081100000, 0x0000000081000000| Untracked 
|  17|0x0000000081100000, 0x0000000081200000, 0x0000000081200000|100%| O|  |TAMS 0x0000000081200000, 0x0000000081100000| Untracked 
|  18|0x0000000081200000, 0x0000000081300000, 0x0000000081300000|100%| O|  |TAMS 0x0000000081300000, 0x0000000081200000| Untracked 
|  19|0x0000000081300000, 0x0000000081400000, 0x0000000081400000|100%| O|  |TAMS 0x0000000081400000, 0x0000000081300000| Untracked 
|  20|0x0000000081400000, 0x0000000081500000, 0x0000000081500000|100%| O|  |TAMS 0x0000000081500000, 0x0000000081400000| Untracked 
|  21|0x0000000081500000, 0x0000000081600000, 0x0000000081600000|100%| O|  |TAMS 0x0000000081600000, 0x0000000081500000| Untracked 
|  22|0x0000000081600000, 0x0000000081700000, 0x0000000081700000|100%| O|  |TAMS 0x0000000081700000, 0x0000000081600000| Untracked 
|  23|0x0000000081700000, 0x0000000081800000, 0x0000000081800000|100%| O|  |TAMS 0x0000000081800000, 0x0000000081700000| Untracked 
|  24|0x0000000081800000, 0x0000000081900000, 0x0000000081900000|100%| O|  |TAMS 0x0000000081900000, 0x0000000081800000| Untracked 
|  25|0x0000000081900000, 0x0000000081a00000, 0x0000000081a00000|100%| O|  |TAMS 0x0000000081a00000, 0x0000000081900000| Complete 
|  26|0x0000000081a00000, 0x0000000081a00000, 0x0000000081b00000|  0%| F|  |TAMS 0x0000000081a00000, 0x0000000081a00000| Untracked 
|  27|0x0000000081b00000, 0x0000000081c00000, 0x0000000081c00000|100%| O|  |TAMS 0x0000000081b00000, 0x0000000081b00000| Untracked 
|  28|0x0000000081c00000, 0x0000000081d00000, 0x0000000081d00000|100%| O|  |TAMS 0x0000000081c00000, 0x0000000081c00000| Untracked 
|  29|0x0000000081d00000, 0x0000000081db6800, 0x0000000081e00000| 71%| O|  |TAMS 0x0000000081d00000, 0x0000000081d00000| Untracked 
|  30|0x0000000081e00000, 0x0000000081f00000, 0x0000000081f00000|100%| O|  |TAMS 0x0000000081f00000, 0x0000000081e00000| Untracked 
|  31|0x0000000081f00000, 0x0000000082000000, 0x0000000082000000|100%| O|  |TAMS 0x0000000082000000, 0x0000000081f00000| Untracked 
|  32|0x0000000082000000, 0x0000000082100000, 0x0000000082100000|100%| O|  |TAMS 0x0000000082068000, 0x0000000082000000| Untracked 
|  33|0x0000000082100000, 0x0000000082100000, 0x0000000082200000|  0%| F|  |TAMS 0x0000000082100000, 0x0000000082100000| Untracked 
|  34|0x0000000082200000, 0x0000000082200000, 0x0000000082300000|  0%| F|  |TAMS 0x0000000082200000, 0x0000000082200000| Untracked 
|  35|0x0000000082300000, 0x0000000082300000, 0x0000000082400000|  0%| F|  |TAMS 0x0000000082300000, 0x0000000082300000| Untracked 
|  36|0x0000000082400000, 0x0000000082400000, 0x0000000082500000|  0%| F|  |TAMS 0x0000000082400000, 0x0000000082400000| Untracked 
|  37|0x0000000082500000, 0x0000000082500000, 0x0000000082600000|  0%| F|  |TAMS 0x0000000082500000, 0x0000000082500000| Untracked 
|  38|0x0000000082600000, 0x0000000082600000, 0x0000000082700000|  0%| F|  |TAMS 0x0000000082600000, 0x0000000082600000| Untracked 
|  39|0x0000000082700000, 0x0000000082700000, 0x0000000082800000|  0%| F|  |TAMS 0x0000000082700000, 0x0000000082700000| Untracked 
|  40|0x0000000082800000, 0x0000000082800000, 0x0000000082900000|  0%| F|  |TAMS 0x0000000082800000, 0x0000000082800000| Untracked 
|  41|0x0000000082900000, 0x0000000082900000, 0x0000000082a00000|  0%| F|  |TAMS 0x0000000082900000, 0x0000000082900000| Untracked 
|  42|0x0000000082a00000, 0x0000000082a00000, 0x0000000082b00000|  0%| F|  |TAMS 0x0000000082a00000, 0x0000000082a00000| Untracked 
|  43|0x0000000082b00000, 0x0000000082b00000, 0x0000000082c00000|  0%| F|  |TAMS 0x0000000082b00000, 0x0000000082b00000| Untracked 
|  44|0x0000000082c00000, 0x0000000082c00000, 0x0000000082d00000|  0%| F|  |TAMS 0x0000000082c00000, 0x0000000082c00000| Untracked 
|  45|0x0000000082d00000, 0x0000000082d00000, 0x0000000082e00000|  0%| F|  |TAMS 0x0000000082d00000, 0x0000000082d00000| Untracked 
|  46|0x0000000082e00000, 0x0000000082e00000, 0x0000000082f00000|  0%| F|  |TAMS 0x0000000082e00000, 0x0000000082e00000| Untracked 
|  47|0x0000000082f00000, 0x0000000082f00000, 0x0000000083000000|  0%| F|  |TAMS 0x0000000082f00000, 0x0000000082f00000| Untracked 
|  48|0x0000000083000000, 0x0000000083000000, 0x0000000083100000|  0%| F|  |TAMS 0x0000000083000000, 0x0000000083000000| Untracked 
|  49|0x0000000083100000, 0x000000008314a2a0, 0x0000000083200000| 28%| S|CS|TAMS 0x0000000083100000, 0x0000000083100000| Complete 
|  50|0x0000000083200000, 0x0000000083300000, 0x0000000083300000|100%| S|CS|TAMS 0x0000000083200000, 0x0000000083200000| Complete 
|  51|0x0000000083300000, 0x0000000083300000, 0x0000000083400000|  0%| F|  |TAMS 0x0000000083300000, 0x0000000083300000| Untracked 
|  52|0x0000000083400000, 0x0000000083400000, 0x0000000083500000|  0%| F|  |TAMS 0x0000000083400000, 0x0000000083400000| Untracked 
|  53|0x0000000083500000, 0x0000000083500000, 0x0000000083600000|  0%| F|  |TAMS 0x0000000083500000, 0x0000000083500000| Untracked 
|  54|0x0000000083600000, 0x0000000083600000, 0x0000000083700000|  0%| F|  |TAMS 0x0000000083600000, 0x0000000083600000| Untracked 
|  55|0x0000000083700000, 0x0000000083700000, 0x0000000083800000|  0%| F|  |TAMS 0x0000000083700000, 0x0000000083700000| Untracked 
|  56|0x0000000083800000, 0x0000000083800000, 0x0000000083900000|  0%| F|  |TAMS 0x0000000083800000, 0x0000000083800000| Untracked 
|  57|0x0000000083900000, 0x0000000083900000, 0x0000000083a00000|  0%| F|  |TAMS 0x0000000083900000, 0x0000000083900000| Untracked 
|  58|0x0000000083a00000, 0x0000000083a00000, 0x0000000083b00000|  0%| F|  |TAMS 0x0000000083a00000, 0x0000000083a00000| Untracked 
|  59|0x0000000083b00000, 0x0000000083b00000, 0x0000000083c00000|  0%| F|  |TAMS 0x0000000083b00000, 0x0000000083b00000| Untracked 
|  60|0x0000000083c00000, 0x0000000083c00000, 0x0000000083d00000|  0%| F|  |TAMS 0x0000000083c00000, 0x0000000083c00000| Untracked 
|  61|0x0000000083d00000, 0x0000000083d00000, 0x0000000083e00000|  0%| F|  |TAMS 0x0000000083d00000, 0x0000000083d00000| Untracked 
|  62|0x0000000083e00000, 0x0000000083e00000, 0x0000000083f00000|  0%| F|  |TAMS 0x0000000083e00000, 0x0000000083e00000| Untracked 
|  63|0x0000000083f00000, 0x0000000083f00000, 0x0000000084000000|  0%| F|  |TAMS 0x0000000083f00000, 0x0000000083f00000| Untracked 
|  64|0x0000000084000000, 0x0000000084000000, 0x0000000084100000|  0%| F|  |TAMS 0x0000000084000000, 0x0000000084000000| Untracked 
|  65|0x0000000084100000, 0x0000000084100000, 0x0000000084200000|  0%| F|  |TAMS 0x0000000084100000, 0x0000000084100000| Untracked 
|  66|0x0000000084200000, 0x0000000084200000, 0x0000000084300000|  0%| F|  |TAMS 0x0000000084200000, 0x0000000084200000| Untracked 
| 127|0x0000000087f00000, 0x0000000087f00000, 0x0000000088000000|  0%| F|  |TAMS 0x0000000087f00000, 0x0000000087f00000| Untracked 
| 128|0x0000000088000000, 0x0000000088000000, 0x0000000088100000|  0%| F|  |TAMS 0x0000000088000000, 0x0000000088000000| Untracked 
| 129|0x0000000088100000, 0x0000000088100000, 0x0000000088200000|  0%| F|  |TAMS 0x0000000088100000, 0x0000000088100000| Untracked 
| 130|0x0000000088200000, 0x0000000088200000, 0x0000000088300000|  0%| F|  |TAMS 0x0000000088200000, 0x0000000088200000| Untracked 
| 131|0x0000000088300000, 0x0000000088300000, 0x0000000088400000|  0%| F|  |TAMS 0x0000000088300000, 0x0000000088300000| Untracked 
| 132|0x0000000088400000, 0x0000000088400000, 0x0000000088500000|  0%| F|  |TAMS 0x0000000088400000, 0x0000000088400000| Untracked 
| 133|0x0000000088500000, 0x0000000088500000, 0x0000000088600000|  0%| F|  |TAMS 0x0000000088500000, 0x0000000088500000| Untracked 
| 134|0x0000000088600000, 0x0000000088600000, 0x0000000088700000|  0%| F|  |TAMS 0x0000000088600000, 0x0000000088600000| Untracked 
| 135|0x0000000088700000, 0x0000000088700000, 0x0000000088800000|  0%| F|  |TAMS 0x0000000088700000, 0x0000000088700000| Untracked 
| 136|0x0000000088800000, 0x0000000088800000, 0x0000000088900000|  0%| F|  |TAMS 0x0000000088800000, 0x0000000088800000| Untracked 
| 137|0x0000000088900000, 0x00000000889855f0, 0x0000000088a00000| 52%| E|  |TAMS 0x0000000088900000, 0x0000000088900000| Complete 
| 138|0x0000000088a00000, 0x0000000088b00000, 0x0000000088b00000|100%| E|CS|TAMS 0x0000000088a00000, 0x0000000088a00000| Complete 
| 255|0x000000008ff00000, 0x0000000090000000, 0x0000000090000000|100%| E|CS|TAMS 0x000000008ff00000, 0x000000008ff00000| Complete 

Card table byte_map: [0x000001886af90000,0x000001886b390000] _byte_map_base: 0x000001886ab90000

Marking Bits (Prev, Next): (CMBitMap*) 0x0000018852d641d0, (CMBitMap*) 0x0000018852d64210
 Prev Bits: [0x000001886b790000, 0x000001886d790000)
 Next Bits: [0x000001886d790000, 0x000001886f790000)

Polling page: 0x00000188524b0000

Metaspace:

Usage:
  Non-class:     30.29 MB used.
      Class:      4.76 MB used.
       Both:     35.05 MB used.

Virtual space:
  Non-class space:       64.00 MB reserved,      30.56 MB ( 48%) committed,  1 nodes.
      Class space:      416.00 MB reserved,       5.00 MB (  1%) committed,  1 nodes.
             Both:      480.00 MB reserved,      35.56 MB (  7%) committed. 

Chunk freelists:
   Non-Class:  1.30 MB
       Class:  10.89 MB
        Both:  12.19 MB

MaxMetaspaceSize: 512.00 MB
CompressedClassSpaceSize: 416.00 MB
Initial GC threshold: 21.00 MB
Current GC threshold: 59.00 MB
CDS: on
MetaspaceReclaimPolicy: balanced
 - commit_granule_bytes: 65536.
 - commit_granule_words: 8192.
 - virtual_space_node_default_size: 8388608.
 - enlarge_chunks_in_place: 1.
 - new_chunks_are_fully_committed: 0.
 - uncommit_free_chunks: 1.
 - use_allocation_guard: 0.
 - handle_deallocations: 1.


Internal statistics:

num_allocs_failed_limit: 6.
num_arena_births: 492.
num_arena_deaths: 0.
num_vsnodes_births: 2.
num_vsnodes_deaths: 0.
num_space_committed: 569.
num_space_uncommitted: 0.
num_chunks_returned_to_freelist: 6.
num_chunks_taken_from_freelist: 1765.
num_chunk_merges: 6.
num_chunk_splits: 1211.
num_chunks_enlarged: 856.
num_inconsistent_stats: 0.

CodeHeap 'non-profiled nmethods': size=120000Kb used=2606Kb max_used=2606Kb free=117393Kb
 bounds [0x0000018863660000, 0x00000188638f0000, 0x000001886ab90000]
CodeHeap 'profiled nmethods': size=120000Kb used=9042Kb max_used=9042Kb free=110957Kb
 bounds [0x000001885bb90000, 0x000001885c470000, 0x00000188630c0000]
CodeHeap 'non-nmethods': size=5760Kb used=2296Kb max_used=2382Kb free=3464Kb
 bounds [0x00000188630c0000, 0x0000018863330000, 0x0000018863660000]
 total_blobs=5124 nmethods=4319 adapters=717
 compilation: enabled
              stopped_count=0, restarted_count=0
 full_count=0

Compilation events (20 events):
Event: 25.851 Thread 0x0000018871cbe460 4290       3       java.io.WinNTFileSystem::fromURIPath (89 bytes)
Event: 25.852 Thread 0x0000018871cbe460 nmethod 4290 0x000001885c452710 code [0x000001885c452a40, 0x000001885c453d08]
Event: 25.853 Thread 0x0000018871cbe460 4291       3       kotlin.jvm.internal.Intrinsics::areEqual (22 bytes)
Event: 25.853 Thread 0x0000018871cbe460 nmethod 4291 0x000001885c454410 code [0x000001885c4545c0, 0x000001885c454828]
Event: 25.853 Thread 0x0000018871cbe460 4292       3       org.gradle.kotlin.dsl.provider.ClassLoaderClassPathCache::access$fileFrom (6 bytes)
Event: 25.853 Thread 0x0000018871cbe460 nmethod 4292 0x000001885c454910 code [0x000001885c454ae0, 0x000001885c454d58]
Event: 25.881 Thread 0x0000018871cbdaa0 nmethod 4260 0x00000188638cd890 code [0x00000188638cde80, 0x00000188638d5c98]
Event: 25.882 Thread 0x0000018871cbdaa0 4288       4       java.net.URI::match (56 bytes)
Event: 25.883 Thread 0x0000018871cbdaa0 nmethod 4288 0x00000188638dc590 code [0x00000188638dc700, 0x00000188638dc7d8]
Event: 25.883 Thread 0x0000018871cbdaa0 4274       4       java.util.AbstractList$Itr::hasNext (20 bytes)
Event: 25.884 Thread 0x0000018871cbdaa0 nmethod 4274 0x00000188638dc890 code [0x00000188638dca00, 0x00000188638dcab8]
Event: 25.884 Thread 0x0000018871cbdaa0 4275   !   4       java.util.AbstractList$Itr::next (46 bytes)
Event: 25.885 Thread 0x0000018871cbdaa0 nmethod 4275 0x00000188638dcb90 code [0x00000188638dcd20, 0x00000188638dce48]
Event: 25.885 Thread 0x0000018871cbdaa0 4277       4       java.util.AbstractCollection::addAll (42 bytes)
Event: 25.886 Thread 0x00000188781761e0 nmethod 4261 0x00000188638dcf90 code [0x00000188638dd560, 0x00000188638e4e78]
Event: 25.887 Thread 0x00000188781761e0 4278       4       org.gradle.internal.classpath.DefaultClassPath$ImmutableUniqueList::get (57 bytes)
Event: 25.888 Thread 0x00000188781761e0 nmethod 4278 0x00000188638e9510 code [0x00000188638e9680, 0x00000188638e9758]
Event: 25.888 Thread 0x00000188781761e0 4262   !   4       java.net.URLClassLoader$1::run (81 bytes)
Event: 25.892 Thread 0x0000018871cbdaa0 nmethod 4277 0x00000188638e9810 code [0x00000188638e9a00, 0x00000188638e9ea8]
Event: 25.893 Thread 0x0000018871cbdaa0 4268       4       org.objectweb.asm.Frame::execute (2318 bytes)

GC Heap History (18 events):
Event: 0.580 GC heap before
{Heap before GC invocations=0 (full 0):
 garbage-first heap   total 262144K, used 13312K [0x0000000080000000, 0x0000000100000000)
  region size 1024K, 13 young (13312K), 0 survivors (0K)
 Metaspace       used 1016K, committed 1152K, reserved 491520K
  class space    used 79K, committed 128K, reserved 425984K
}
Event: 0.584 GC heap after
{Heap after GC invocations=1 (full 0):
 garbage-first heap   total 262144K, used 3549K [0x0000000080000000, 0x0000000100000000)
  region size 1024K, 2 young (2048K), 2 survivors (2048K)
 Metaspace       used 1016K, committed 1152K, reserved 491520K
  class space    used 79K, committed 128K, reserved 425984K
}
Event: 1.251 GC heap before
{Heap before GC invocations=1 (full 0):
 garbage-first heap   total 262144K, used 21981K [0x0000000080000000, 0x0000000100000000)
  region size 1024K, 17 young (17408K), 2 survivors (2048K)
 Metaspace       used 3870K, committed 4032K, reserved 491520K
  class space    used 486K, committed 576K, reserved 425984K
}
Event: 1.255 GC heap after
{Heap after GC invocations=2 (full 0):
 garbage-first heap   total 262144K, used 10977K [0x0000000080000000, 0x0000000100000000)
  region size 1024K, 3 young (3072K), 3 survivors (3072K)
 Metaspace       used 3870K, committed 4032K, reserved 491520K
  class space    used 486K, committed 576K, reserved 425984K
}
Event: 2.125 GC heap before
{Heap before GC invocations=2 (full 0):
 garbage-first heap   total 262144K, used 34529K [0x0000000080000000, 0x0000000100000000)
  region size 1024K, 25 young (25600K), 3 survivors (3072K)
 Metaspace       used 4024K, committed 4224K, reserved 491520K
  class space    used 490K, committed 576K, reserved 425984K
}
Event: 2.131 GC heap after
{Heap after GC invocations=3 (full 0):
 garbage-first heap   total 262144K, used 12187K [0x0000000080000000, 0x0000000100000000)
  region size 1024K, 2 young (2048K), 2 survivors (2048K)
 Metaspace       used 4024K, committed 4224K, reserved 491520K
  class space    used 490K, committed 576K, reserved 425984K
}
Event: 5.554 GC heap before
{Heap before GC invocations=3 (full 0):
 garbage-first heap   total 262144K, used 128923K [0x0000000080000000, 0x0000000100000000)
  region size 1024K, 117 young (119808K), 2 survivors (2048K)
 Metaspace       used 21187K, committed 21504K, reserved 491520K
  class space    used 3125K, committed 3328K, reserved 425984K
}
Event: 5.565 GC heap after
{Heap after GC invocations=4 (full 0):
 garbage-first heap   total 262144K, used 22875K [0x0000000080000000, 0x0000000100000000)
  region size 1024K, 12 young (12288K), 12 survivors (12288K)
 Metaspace       used 21187K, committed 21504K, reserved 491520K
  class space    used 3125K, committed 3328K, reserved 425984K
}
Event: 6.427 GC heap before
{Heap before GC invocations=5 (full 0):
 garbage-first heap   total 81920K, used 59739K [0x0000000080000000, 0x0000000100000000)
  region size 1024K, 48 young (49152K), 12 survivors (12288K)
 Metaspace       used 27824K, committed 28096K, reserved 491520K
  class space    used 3957K, committed 4096K, reserved 425984K
}
Event: 6.441 GC heap after
{Heap after GC invocations=6 (full 0):
 garbage-first heap   total 81920K, used 25328K [0x0000000080000000, 0x0000000100000000)
  region size 1024K, 3 young (3072K), 3 survivors (3072K)
 Metaspace       used 27824K, committed 28096K, reserved 491520K
  class space    used 3957K, committed 4096K, reserved 425984K
}
Event: 6.463 GC heap before
{Heap before GC invocations=6 (full 0):
 garbage-first heap   total 81920K, used 26352K [0x0000000080000000, 0x0000000100000000)
  region size 1024K, 4 young (4096K), 3 survivors (3072K)
 Metaspace       used 27981K, committed 28352K, reserved 491520K
  class space    used 3976K, committed 4160K, reserved 425984K
}
Event: 6.467 GC heap after
{Heap after GC invocations=7 (full 0):
 garbage-first heap   total 81920K, used 25963K [0x0000000080000000, 0x0000000100000000)
  region size 1024K, 1 young (1024K), 1 survivors (1024K)
 Metaspace       used 27981K, committed 28352K, reserved 491520K
  class space    used 3976K, committed 4160K, reserved 425984K
}
Event: 7.165 GC heap before
{Heap before GC invocations=7 (full 0):
 garbage-first heap   total 81920K, used 60779K [0x0000000080000000, 0x0000000100000000)
  region size 1024K, 36 young (36864K), 1 survivors (1024K)
 Metaspace       used 31166K, committed 31488K, reserved 491520K
  class space    used 4394K, committed 4544K, reserved 425984K
}
Event: 7.169 GC heap after
{Heap after GC invocations=8 (full 0):
 garbage-first heap   total 81920K, used 28959K [0x0000000080000000, 0x0000000100000000)
  region size 1024K, 4 young (4096K), 4 survivors (4096K)
 Metaspace       used 31166K, committed 31488K, reserved 491520K
  class space    used 4394K, committed 4544K, reserved 425984K
}
Event: 25.239 GC heap before
{Heap before GC invocations=8 (full 0):
 garbage-first heap   total 81920K, used 66847K [0x0000000080000000, 0x0000000100000000)
  region size 1024K, 37 young (37888K), 4 survivors (4096K)
 Metaspace       used 33568K, committed 33984K, reserved 491520K
  class space    used 4626K, committed 4800K, reserved 425984K
}
Event: 25.245 GC heap after
{Heap after GC invocations=9 (full 0):
 garbage-first heap   total 81920K, used 31596K [0x0000000080000000, 0x0000000100000000)
  region size 1024K, 4 young (4096K), 4 survivors (4096K)
 Metaspace       used 33568K, committed 33984K, reserved 491520K
  class space    used 4626K, committed 4800K, reserved 425984K
}
Event: 25.908 GC heap before
{Heap before GC invocations=9 (full 0):
 garbage-first heap   total 81920K, used 62316K [0x0000000080000000, 0x0000000100000000)
  region size 1024K, 33 young (33792K), 4 survivors (4096K)
 Metaspace       used 35604K, committed 36096K, reserved 491520K
  class space    used 4848K, committed 5120K, reserved 425984K
}
Event: 25.912 GC heap after
{Heap after GC invocations=10 (full 0):
 garbage-first heap   total 81920K, used 33794K [0x0000000080000000, 0x0000000100000000)
  region size 1024K, 2 young (2048K), 2 survivors (2048K)
 Metaspace       used 35604K, committed 36096K, reserved 491520K
  class space    used 4848K, committed 5120K, reserved 425984K
}

Dll operation events (15 events):
Event: 0.039 Loaded shared library C:\Program Files\OpenLogic\jdk-17.0.10.7-hotspot\bin\java.dll
Event: 0.063 Loaded shared library C:\Program Files\OpenLogic\jdk-17.0.10.7-hotspot\bin\jsvml.dll
Event: 0.130 Loaded shared library C:\Program Files\OpenLogic\jdk-17.0.10.7-hotspot\bin\zip.dll
Event: 0.136 Loaded shared library C:\Program Files\OpenLogic\jdk-17.0.10.7-hotspot\bin\instrument.dll
Event: 0.144 Loaded shared library C:\Program Files\OpenLogic\jdk-17.0.10.7-hotspot\bin\net.dll
Event: 0.149 Loaded shared library C:\Program Files\OpenLogic\jdk-17.0.10.7-hotspot\bin\nio.dll
Event: 0.153 Loaded shared library C:\Program Files\OpenLogic\jdk-17.0.10.7-hotspot\bin\zip.dll
Event: 0.469 Loaded shared library C:\Program Files\OpenLogic\jdk-17.0.10.7-hotspot\bin\jimage.dll
Event: 0.591 Loaded shared library C:\Program Files\OpenLogic\jdk-17.0.10.7-hotspot\bin\verify.dll
Event: 0.911 Loaded shared library C:\Users\MAHE\.gradle\native\68d5fa5c4cc2d200863cafc0d521ce42e7d3e7ee720ec0a83991735586a16f82\windows-amd64\native-platform.dll
Event: 0.982 Loaded shared library C:\Users\MAHE\.gradle\native\e376f236ea51e6404a007f0833ffe2c6e607c4080706a723a18a27aeea778392\windows-amd64\native-platform-file-events.dll
Event: 2.964 Loaded shared library C:\Program Files\OpenLogic\jdk-17.0.10.7-hotspot\bin\management.dll
Event: 2.968 Loaded shared library C:\Program Files\OpenLogic\jdk-17.0.10.7-hotspot\bin\management_ext.dll
Event: 3.314 Loaded shared library C:\Program Files\OpenLogic\jdk-17.0.10.7-hotspot\bin\extnet.dll
Event: 3.559 Loaded shared library C:\Program Files\OpenLogic\jdk-17.0.10.7-hotspot\bin\sunmscapi.dll

Deoptimization events (20 events):
Event: 25.267 Thread 0x0000018877f2b890 Uncommon trap: trap_request=0xffffff45 fr.pc=0x00000188637faf38 relative=0x0000000000000118
Event: 25.267 Thread 0x0000018877f2b890 Uncommon trap: reason=unstable_if action=reinterpret pc=0x00000188637faf38 method=java.util.Arrays.hashCode([Ljava/lang/Object;)I @ 34 c2
Event: 25.267 Thread 0x0000018877f2b890 DEOPT PACKING pc=0x00000188637faf38 sp=0x00000078f0af65d0
Event: 25.267 Thread 0x0000018877f2b890 DEOPT UNPACKING pc=0x00000188631169a3 sp=0x00000078f0af6548 mode 2
Event: 25.306 Thread 0x0000018877f2b890 Uncommon trap: trap_request=0xffffffde fr.pc=0x000001886377bc50 relative=0x00000000000003f0
Event: 25.306 Thread 0x0000018877f2b890 Uncommon trap: reason=class_check action=maybe_recompile pc=0x000001886377bc50 method=java.util.Collections$SetFromMap.remove(Ljava/lang/Object;)Z @ 5 c2
Event: 25.306 Thread 0x0000018877f2b890 DEOPT PACKING pc=0x000001886377bc50 sp=0x00000078f0afaf60
Event: 25.306 Thread 0x0000018877f2b890 DEOPT UNPACKING pc=0x00000188631169a3 sp=0x00000078f0afaf48 mode 2
Event: 25.503 Thread 0x0000018877f2b890 Uncommon trap: trap_request=0xffffff45 fr.pc=0x000001886376b5d0 relative=0x00000000000070f0
Event: 25.503 Thread 0x0000018877f2b890 Uncommon trap: reason=unstable_if action=reinterpret pc=0x000001886376b5d0 method=jdk.internal.org.objectweb.asm.Frame.execute(IILjdk/internal/org/objectweb/asm/Symbol;Ljdk/internal/org/objectweb/asm/SymbolTable;)V @ 1 c2
Event: 25.503 Thread 0x0000018877f2b890 DEOPT PACKING pc=0x000001886376b5d0 sp=0x00000078f0af8ce0
Event: 25.503 Thread 0x0000018877f2b890 DEOPT UNPACKING pc=0x00000188631169a3 sp=0x00000078f0af8c98 mode 2
Event: 25.504 Thread 0x0000018877f2b890 Uncommon trap: trap_request=0xffffff45 fr.pc=0x00000188638b3be0 relative=0x0000000000000480
Event: 25.504 Thread 0x0000018877f2b890 Uncommon trap: reason=unstable_if action=reinterpret pc=0x00000188638b3be0 method=jdk.internal.org.objectweb.asm.MethodWriter.visitVarInsn(II)V @ 230 c2
Event: 25.504 Thread 0x0000018877f2b890 DEOPT PACKING pc=0x00000188638b3be0 sp=0x00000078f0af8e10
Event: 25.504 Thread 0x0000018877f2b890 DEOPT UNPACKING pc=0x00000188631169a3 sp=0x00000078f0af8dd0 mode 2
Event: 25.620 Thread 0x0000018877f2b890 Uncommon trap: trap_request=0xffffffcc fr.pc=0x00000188638bb0dc relative=0x0000000000004e7c
Event: 25.620 Thread 0x0000018877f2b890 Uncommon trap: reason=intrinsic_or_type_checked_inlining action=make_not_entrant pc=0x00000188638bb0dc method=java.util.ArrayList$SubList.toArray([Ljava/lang/Object;)[Ljava/lang/Object; @ 58 c2
Event: 25.620 Thread 0x0000018877f2b890 DEOPT PACKING pc=0x00000188638bb0dc sp=0x00000078f0af85b0
Event: 25.620 Thread 0x0000018877f2b890 DEOPT UNPACKING pc=0x00000188631169a3 sp=0x00000078f0af8538 mode 2

Classes unloaded (0 events):
No events

Classes redefined (0 events):
No events

Internal exceptions (20 events):
Event: 25.269 Thread 0x0000018877f2b890 Exception <a 'java/lang/ClassNotFoundException'{0x000000008856dd60}: java/io/FileCustomizer> (0x000000008856dd60) 
thrown [s\src\hotspot\share\classfile\systemDictionary.cpp, line 256]
Event: 25.278 Thread 0x0000018877f2b890 Exception <a 'java/lang/NoSuchMethodError'{0x00000000885c6438}: 'void java.lang.invoke.DirectMethodHandle$Holder.invokeInterface(java.lang.Object, java.lang.Object)'> (0x00000000885c6438) 
thrown [s\src\hotspot\share\interpreter\linkResolver.cpp, line 759]
Event: 25.372 Thread 0x0000018877f2b890 Exception <a 'sun/nio/fs/WindowsException'{0x000000008829fc98}> (0x000000008829fc98) 
thrown [s\src\hotspot\share\prims\jni.cpp, line 516]
Event: 25.374 Thread 0x0000018877f2b890 Exception <a 'sun/nio/fs/WindowsException'{0x00000000882a14b8}> (0x00000000882a14b8) 
thrown [s\src\hotspot\share\prims\jni.cpp, line 516]
Event: 25.379 Thread 0x0000018877f2b890 Exception <a 'sun/nio/fs/WindowsException'{0x00000000882a2cd8}> (0x00000000882a2cd8) 
thrown [s\src\hotspot\share\prims\jni.cpp, line 516]
Event: 25.384 Thread 0x0000018877f2b890 Exception <a 'sun/nio/fs/WindowsException'{0x00000000882a44e8}> (0x00000000882a44e8) 
thrown [s\src\hotspot\share\prims\jni.cpp, line 516]
Event: 25.415 Thread 0x0000018877f2b890 Exception <a 'java/lang/NoSuchMethodError'{0x00000000881d09b0}: 'java.lang.Object java.lang.invoke.Invokers$Holder.invoker(java.lang.Object, java.lang.Object, java.lang.Object, java.lang.Object, java.lang.Object, java.lang.Object, java.lang.Object, java.lang.Object, java.lang.Object)'> (0x00000000881d09b0) 
thrown [s\src\hotspot\share\interpreter\linkResolver.cpp, line 759]
Event: 25.429 Thread 0x0000018877f2b890 Exception <a 'java/lang/NoSuchMethodError'{0x0000000088089888}: 'java.lang.Object java.lang.invoke.Invokers$Holder.invoker(java.lang.Object, java.lang.Object, java.lang.Object, java.lang.Object)'> (0x0000000088089888) 
thrown [s\src\hotspot\share\interpreter\linkResolver.cpp, line 759]
Event: 25.494 Thread 0x0000018877f2b890 Exception <a 'java/lang/NoSuchMethodError'{0x0000000087f328a8}: 'java.lang.Object java.lang.invoke.DelegatingMethodHandle$Holder.reinvoke_L(java.lang.Object, java.lang.Object, java.lang.Object, java.lang.Object, java.lang.Object, java.lang.Object, java.lang.Object, java.lang.Object, java.lang.Object, java.lang.Object, java.lang.Object, java.lang.Object, java.lang.Object, java.lang.Object, java.lang.Object, java.lang.Object, java.lang.Object, java.lang.Object, java.lang.Object, java.lang.Object, java.lang.O
Event: 25.495 Thread 0x0000018877f2b890 Exception <a 'java/lang/NoSuchMethodError'{0x0000000087f3e068}: 'java.lang.Object java.lang.invoke.Invokers$Holder.invoker(java.lang.Object, java.lang.Object, java.lang.Object, java.lang.Object, java.lang.Object, java.lang.Object, java.lang.Object, java.lang.Object, java.lang.Object, java.lang.Object, java.lang.Object, java.lang.Object, java.lang.Object, java.lang.Object, java.lang.Object, java.lang.Object, java.lang.Object, java.lang.Object, java.lang.Object, java.lang.Object, java.lang.Object, java.lang.
Event: 25.495 Thread 0x0000018877f2b890 Exception <a 'java/lang/NoSuchMethodError'{0x0000000087f44f18}: 'java.lang.Object java.lang.invoke.DelegatingMethodHandle$Holder.delegate(java.lang.Object, java.lang.Object, java.lang.Object, java.lang.Object, java.lang.Object, java.lang.Object, java.lang.Object, java.lang.Object, java.lang.Object, java.lang.Object, java.lang.Object, java.lang.Object, java.lang.Object, java.lang.Object, java.lang.Object, java.lang.Object, java.lang.Object, java.lang.Object, java.lang.Object, java.lang.Object, java.lang.Obj
Event: 25.507 Thread 0x0000018877f2b890 Exception <a 'java/lang/NoSuchMethodError'{0x0000000087fd2120}: 'java.lang.Object java.lang.invoke.DirectMethodHandle$Holder.invokeStatic(java.lang.Object, java.lang.Object, java.lang.Object, java.lang.Object, java.lang.Object, java.lang.Object, java.lang.Object, java.lang.Object, java.lang.Object, java.lang.Object, java.lang.Object, java.lang.Object, java.lang.Object, java.lang.Object, java.lang.Object, java.lang.Object, java.lang.Object)'> (0x0000000087fd2120) 
thrown [s\src\hotspot\share\interpreter\lin
Event: 25.510 Thread 0x0000018877f2b890 Exception <a 'java/lang/NoSuchMethodError'{0x0000000087ffb490}: 'java.lang.Object java.lang.invoke.DirectMethodHandle$Holder.invokeStatic(java.lang.Object, java.lang.Object, java.lang.Object, java.lang.Object, java.lang.Object, java.lang.Object, java.lang.Object, java.lang.Object, java.lang.Object, java.lang.Object, java.lang.Object, java.lang.Object, java.lang.Object, java.lang.Object, java.lang.Object, java.lang.Object, java.lang.Object, java.lang.Object)'> (0x0000000087ffb490) 
thrown [s\src\hotspot\sha
Event: 25.513 Thread 0x0000018877f2b890 Exception <a 'java/lang/NoSuchMethodError'{0x0000000084225ed8}: 'java.lang.Object java.lang.invoke.DirectMethodHandle$Holder.invokeStatic(java.lang.Object, java.lang.Object, java.lang.Object, java.lang.Object, java.lang.Object, java.lang.Object, java.lang.Object, java.lang.Object, java.lang.Object, java.lang.Object, java.lang.Object, java.lang.Object, java.lang.Object, java.lang.Object, java.lang.Object, java.lang.Object, java.lang.Object, java.lang.Object, java.lang.Object)'> (0x0000000084225ed8) 
thrown 
Event: 25.515 Thread 0x0000018877f2b890 Exception <a 'java/lang/NoSuchMethodError'{0x00000000842511c0}: 'java.lang.Object java.lang.invoke.DirectMethodHandle$Holder.invokeStatic(java.lang.Object, java.lang.Object, java.lang.Object, java.lang.Object, java.lang.Object, java.lang.Object, java.lang.Object, java.lang.Object, java.lang.Object, java.lang.Object, java.lang.Object, java.lang.Object, java.lang.Object, java.lang.Object, java.lang.Object, java.lang.Object, java.lang.Object, java.lang.Object, java.lang.Object, java.lang.Object)'> (0x00000000
Event: 25.516 Thread 0x0000018877f2b890 Exception <a 'java/lang/NoSuchMethodError'{0x000000008427d4d0}: 'java.lang.Object java.lang.invoke.DirectMethodHandle$Holder.invokeStatic(java.lang.Object, java.lang.Object, java.lang.Object, java.lang.Object, java.lang.Object, java.lang.Object, java.lang.Object, java.lang.Object, java.lang.Object, java.lang.Object, java.lang.Object, java.lang.Object, java.lang.Object, java.lang.Object, java.lang.Object, java.lang.Object, java.lang.Object, java.lang.Object, java.lang.Object, java.lang.Object, java.lang.Obj
Event: 25.518 Thread 0x0000018877f2b890 Exception <a 'java/lang/NoSuchMethodError'{0x00000000842aa7f8}: 'java.lang.Object java.lang.invoke.DirectMethodHandle$Holder.invokeStatic(java.lang.Object, java.lang.Object, java.lang.Object, java.lang.Object, java.lang.Object, java.lang.Object, java.lang.Object, java.lang.Object, java.lang.Object, java.lang.Object, java.lang.Object, java.lang.Object, java.lang.Object, java.lang.Object, java.lang.Object, java.lang.Object, java.lang.Object, java.lang.Object, java.lang.Object, java.lang.Object, java.lang.Obj
Event: 25.519 Thread 0x0000018877f2b890 Exception <a 'java/lang/NoSuchMethodError'{0x00000000842d8710}: 'java.lang.Object java.lang.invoke.DirectMethodHandle$Holder.invokeStatic(java.lang.Object, java.lang.Object, java.lang.Object, java.lang.Object, java.lang.Object, java.lang.Object, java.lang.Object, java.lang.Object, java.lang.Object, java.lang.Object, java.lang.Object, java.lang.Object, java.lang.Object, java.lang.Object, java.lang.Object, java.lang.Object, java.lang.Object, java.lang.Object, java.lang.Object, java.lang.Object, java.lang.Obj
Event: 25.521 Thread 0x0000018877f2b890 Exception <a 'java/lang/NoSuchMethodError'{0x00000000841095b8}: 'java.lang.Object java.lang.invoke.DirectMethodHandle$Holder.invokeStatic(java.lang.Object, java.lang.Object, java.lang.Object, java.lang.Object, java.lang.Object, java.lang.Object, java.lang.Object, java.lang.Object, java.lang.Object, java.lang.Object, java.lang.Object, java.lang.Object, java.lang.Object, java.lang.Object, java.lang.Object, java.lang.Object, java.lang.Object, java.lang.Object, java.lang.Object, java.lang.Object, java.lang.Obj
Event: 25.524 Thread 0x0000018877f2b890 Exception <a 'java/lang/NoSuchMethodError'{0x000000008413abe0}: 'java.lang.Object java.lang.invoke.DirectMethodHandle$Holder.invokeStatic(java.lang.Object, java.lang.Object, java.lang.Object, java.lang.Object, java.lang.Object, java.lang.Object, java.lang.Object, java.lang.Object, java.lang.Object, java.lang.Object, java.lang.Object, java.lang.Object, java.lang.Object, java.lang.Object, java.lang.Object, java.lang.Object, java.lang.Object, java.lang.Object, java.lang.Object, java.lang.Object, java.lang.Obj

VM Operations (20 events):
Event: 9.411 Executing VM operation: Cleanup
Event: 9.411 Executing VM operation: Cleanup done
Event: 13.465 Executing VM operation: Cleanup
Event: 13.465 Executing VM operation: Cleanup done
Event: 13.514 Executing VM operation: HandshakeAllThreads
Event: 13.514 Executing VM operation: HandshakeAllThreads done
Event: 14.526 Executing VM operation: Cleanup
Event: 14.526 Executing VM operation: Cleanup done
Event: 19.586 Executing VM operation: Cleanup
Event: 19.586 Executing VM operation: Cleanup done
Event: 22.625 Executing VM operation: Cleanup
Event: 22.625 Executing VM operation: Cleanup done
Event: 23.635 Executing VM operation: Cleanup
Event: 23.635 Executing VM operation: Cleanup done
Event: 25.239 Executing VM operation: G1CollectForAllocation
Event: 25.245 Executing VM operation: G1CollectForAllocation done
Event: 25.908 Executing VM operation: CollectForMetadataAllocation
Event: 25.922 Executing VM operation: CollectForMetadataAllocation done
Event: 25.950 Executing VM operation: G1PauseRemark
Event: 25.955 Executing VM operation: G1PauseRemark done

Events (20 events):
Event: 25.349 loading class java/util/stream/ReduceOps$2ReducingSink done
Event: 25.470 Thread 0x00000188761be570 Thread added: 0x00000188761be570
Event: 25.502 loading class java/lang/invoke/BoundMethodHandle$Species_LLLLLLLLLLLLLL
Event: 25.502 loading class java/lang/invoke/BoundMethodHandle$Species_LLLLLLLLLLLLLL done
Event: 25.509 loading class java/lang/invoke/BoundMethodHandle$Species_LLLLLLLLLLLLLLL
Event: 25.509 loading class java/lang/invoke/BoundMethodHandle$Species_LLLLLLLLLLLLLLL done
Event: 25.511 loading class java/lang/invoke/BoundMethodHandle$Species_LLLLLLLLLLLLLLLL
Event: 25.511 loading class java/lang/invoke/BoundMethodHandle$Species_LLLLLLLLLLLLLLLL done
Event: 25.514 loading class java/lang/invoke/BoundMethodHandle$Species_LLLLLLLLLLLLLLLLL
Event: 25.514 loading class java/lang/invoke/BoundMethodHandle$Species_LLLLLLLLLLLLLLLLL done
Event: 25.516 loading class java/lang/invoke/BoundMethodHandle$Species_LLLLLLLLLLLLLLLLLL
Event: 25.516 loading class java/lang/invoke/BoundMethodHandle$Species_LLLLLLLLLLLLLLLLLL done
Event: 25.517 loading class java/lang/invoke/BoundMethodHandle$Species_LLLLLLLLLLLLLLLLLLL
Event: 25.517 loading class java/lang/invoke/BoundMethodHandle$Species_LLLLLLLLLLLLLLLLLLL done
Event: 25.519 loading class java/lang/invoke/BoundMethodHandle$Species_LLLLLLLLLLLLLLLLLLLL
Event: 25.519 loading class java/lang/invoke/BoundMethodHandle$Species_LLLLLLLLLLLLLLLLLLLL done
Event: 25.520 loading class java/lang/invoke/BoundMethodHandle$Species_LLLLLLLLLLLLLLLLLLLLL
Event: 25.520 loading class java/lang/invoke/BoundMethodHandle$Species_LLLLLLLLLLLLLLLLLLLLL done
Event: 25.522 loading class java/lang/invoke/BoundMethodHandle$Species_LLLLLLLLLLLLLLLLLLLLLL
Event: 25.522 loading class java/lang/invoke/BoundMethodHandle$Species_LLLLLLLLLLLLLLLLLLLLLL done


Dynamic libraries:
0x00007ff6520b0000 - 0x00007ff6520be000 	C:\Program Files\OpenLogic\jdk-17.0.10.7-hotspot\bin\java.exe
0x00007ff975430000 - 0x00007ff975647000 	C:\Windows\SYSTEM32\ntdll.dll
0x00007ff973170000 - 0x00007ff973234000 	C:\Windows\System32\KERNEL32.DLL
0x00007ff972a30000 - 0x00007ff972ddc000 	C:\Windows\System32\KERNELBASE.dll
0x00007ff972470000 - 0x00007ff9725bc000 	C:\Windows\system32\hmpalert.dll
0x00007ff972910000 - 0x00007ff972a21000 	C:\Windows\System32\ucrtbase.dll
0x00007ff9595f0000 - 0x00007ff95960b000 	C:\Program Files\OpenLogic\jdk-17.0.10.7-hotspot\bin\VCRUNTIME140.dll
0x00007ff959610000 - 0x00007ff959627000 	C:\Program Files\OpenLogic\jdk-17.0.10.7-hotspot\bin\jli.dll
0x00007ff974040000 - 0x00007ff9741ee000 	C:\Windows\System32\USER32.dll
0x00007ff972fa0000 - 0x00007ff972fc6000 	C:\Windows\System32\win32u.dll
0x00007ff974740000 - 0x00007ff974769000 	C:\Windows\System32\GDI32.dll
0x00007ff972e80000 - 0x00007ff972f99000 	C:\Windows\System32\gdi32full.dll
0x00007ff972de0000 - 0x00007ff972e7a000 	C:\Windows\System32\msvcp_win.dll
0x00007ff961f50000 - 0x00007ff9621e3000 	C:\Windows\WinSxS\amd64_microsoft.windows.common-controls_6595b64144ccf1df_6.0.22621.3672_none_2713b9d173822955\COMCTL32.dll
0x00007ff974630000 - 0x00007ff9746d7000 	C:\Windows\System32\msvcrt.dll
0x00007ff973700000 - 0x00007ff973731000 	C:\Windows\System32\IMM32.DLL
0x00007ff922930000 - 0x00007ff92293c000 	C:\Program Files\OpenLogic\jdk-17.0.10.7-hotspot\bin\vcruntime140_1.dll
0x00007ff9027e0000 - 0x00007ff90286d000 	C:\Program Files\OpenLogic\jdk-17.0.10.7-hotspot\bin\msvcp140.dll
0x00007ff8f0ad0000 - 0x00007ff8f1732000 	C:\Program Files\OpenLogic\jdk-17.0.10.7-hotspot\bin\server\jvm.dll
0x00007ff973270000 - 0x00007ff973322000 	C:\Windows\System32\ADVAPI32.dll
0x00007ff974580000 - 0x00007ff974628000 	C:\Windows\System32\sechost.dll
0x00007ff972fd0000 - 0x00007ff972ff8000 	C:\Windows\System32\bcrypt.dll
0x00007ff9735e0000 - 0x00007ff9736f5000 	C:\Windows\System32\RPCRT4.dll
0x00007ff922920000 - 0x00007ff922929000 	C:\Windows\SYSTEM32\WSOCK32.dll
0x00007ff973560000 - 0x00007ff9735d1000 	C:\Windows\System32\WS2_32.dll
0x00007ff96c770000 - 0x00007ff96c77a000 	C:\Windows\SYSTEM32\VERSION.dll
0x00007ff962f10000 - 0x00007ff962f44000 	C:\Windows\SYSTEM32\WINMM.dll
0x00007ff972320000 - 0x00007ff97236d000 	C:\Windows\SYSTEM32\POWRPROF.dll
0x00007ff972300000 - 0x00007ff972313000 	C:\Windows\SYSTEM32\UMPDC.dll
0x00007ff971640000 - 0x00007ff971658000 	C:\Windows\SYSTEM32\kernel.appcore.dll
0x00007ff921fc0000 - 0x00007ff921fca000 	C:\Program Files\OpenLogic\jdk-17.0.10.7-hotspot\bin\jimage.dll
0x00007ff96a9c0000 - 0x00007ff96abf2000 	C:\Windows\SYSTEM32\DBGHELP.DLL
0x00007ff9741f0000 - 0x00007ff974578000 	C:\Windows\System32\combase.dll
0x00007ff973f60000 - 0x00007ff974037000 	C:\Windows\System32\OLEAUT32.dll
0x00007ff96a860000 - 0x00007ff96a892000 	C:\Windows\SYSTEM32\dbgcore.DLL
0x00007ff972760000 - 0x00007ff9727db000 	C:\Windows\System32\bcryptPrimitives.dll
0x00007ff922dc0000 - 0x00007ff922dce000 	C:\Program Files\OpenLogic\jdk-17.0.10.7-hotspot\bin\instrument.dll
0x00007ff9027b0000 - 0x00007ff9027d5000 	C:\Program Files\OpenLogic\jdk-17.0.10.7-hotspot\bin\java.dll
0x00007ff9026d0000 - 0x00007ff9027a6000 	C:\Program Files\OpenLogic\jdk-17.0.10.7-hotspot\bin\jsvml.dll
0x00007ff974770000 - 0x00007ff974fcc000 	C:\Windows\System32\SHELL32.dll
0x00007ff970560000 - 0x00007ff970e57000 	C:\Windows\SYSTEM32\windows.storage.dll
0x00007ff970420000 - 0x00007ff97055f000 	C:\Windows\SYSTEM32\wintypes.dll
0x00007ff973870000 - 0x00007ff973964000 	C:\Windows\System32\SHCORE.dll
0x00007ff973980000 - 0x00007ff9739de000 	C:\Windows\System32\shlwapi.dll
0x00007ff972690000 - 0x00007ff9726b1000 	C:\Windows\SYSTEM32\profapi.dll
0x00007ff901ca0000 - 0x00007ff901cb8000 	C:\Program Files\OpenLogic\jdk-17.0.10.7-hotspot\bin\zip.dll
0x00007ff9026b0000 - 0x00007ff9026c9000 	C:\Program Files\OpenLogic\jdk-17.0.10.7-hotspot\bin\net.dll
0x00007ff96d070000 - 0x00007ff96d1a6000 	C:\Windows\SYSTEM32\WINHTTP.dll
0x00007ff971ab0000 - 0x00007ff971b19000 	C:\Windows\system32\mswsock.dll
0x00007ff902690000 - 0x00007ff9026a6000 	C:\Program Files\OpenLogic\jdk-17.0.10.7-hotspot\bin\nio.dll
0x00007ff9514c0000 - 0x00007ff9514d0000 	C:\Program Files\OpenLogic\jdk-17.0.10.7-hotspot\bin\verify.dll
0x00007ff951490000 - 0x00007ff9514b7000 	C:\Users\MAHE\.gradle\native\68d5fa5c4cc2d200863cafc0d521ce42e7d3e7ee720ec0a83991735586a16f82\windows-amd64\native-platform.dll
0x00007ff901780000 - 0x00007ff9018c4000 	C:\Users\MAHE\.gradle\native\e376f236ea51e6404a007f0833ffe2c6e607c4080706a723a18a27aeea778392\windows-amd64\native-platform-file-events.dll
0x00007ff922df0000 - 0x00007ff922df9000 	C:\Program Files\OpenLogic\jdk-17.0.10.7-hotspot\bin\management.dll
0x00007ff922de0000 - 0x00007ff922deb000 	C:\Program Files\OpenLogic\jdk-17.0.10.7-hotspot\bin\management_ext.dll
0x00007ff973260000 - 0x00007ff973268000 	C:\Windows\System32\PSAPI.DLL
0x00007ff971d10000 - 0x00007ff971d2b000 	C:\Windows\SYSTEM32\CRYPTSP.dll
0x00007ff9715a0000 - 0x00007ff9715d5000 	C:\Windows\system32\rsaenh.dll
0x00007ff971bb0000 - 0x00007ff971bd8000 	C:\Windows\SYSTEM32\USERENV.dll
0x00007ff971d30000 - 0x00007ff971d3c000 	C:\Windows\SYSTEM32\CRYPTBASE.dll
0x00007ff9710c0000 - 0x00007ff9710ed000 	C:\Windows\SYSTEM32\IPHLPAPI.DLL
0x00007ff973970000 - 0x00007ff973979000 	C:\Windows\System32\NSI.dll
0x00007ff96d050000 - 0x00007ff96d069000 	C:\Windows\SYSTEM32\dhcpcsvc6.DLL
0x00007ff96cec0000 - 0x00007ff96cedf000 	C:\Windows\SYSTEM32\dhcpcsvc.DLL
0x00007ff9710f0000 - 0x00007ff9711e8000 	C:\Windows\SYSTEM32\DNSAPI.dll
0x00007ff922dd0000 - 0x00007ff922dd8000 	C:\Program Files\OpenLogic\jdk-17.0.10.7-hotspot\bin\extnet.dll
0x00007ff922db0000 - 0x00007ff922dbe000 	C:\Program Files\OpenLogic\jdk-17.0.10.7-hotspot\bin\sunmscapi.dll
0x00007ff973000000 - 0x00007ff973167000 	C:\Windows\System32\CRYPT32.dll
0x00007ff971ed0000 - 0x00007ff971efe000 	C:\Windows\SYSTEM32\ncrypt.dll
0x00007ff971e90000 - 0x00007ff971ec7000 	C:\Windows\SYSTEM32\NTASN1.dll
0x00007ff922d90000 - 0x00007ff922d98000 	C:\Windows\system32\wshunix.dll

dbghelp: loaded successfully - version: 4.0.5 - missing functions: none
symbol engine: initialized successfully - sym options: 0x614 - pdb path: .;C:\Program Files\OpenLogic\jdk-17.0.10.7-hotspot\bin;C:\Windows\SYSTEM32;C:\Windows\WinSxS\amd64_microsoft.windows.common-controls_6595b64144ccf1df_6.0.22621.3672_none_2713b9d173822955;C:\Program Files\OpenLogic\jdk-17.0.10.7-hotspot\bin\server;C:\Users\MAHE\.gradle\native\68d5fa5c4cc2d200863cafc0d521ce42e7d3e7ee720ec0a83991735586a16f82\windows-amd64;C:\Users\MAHE\.gradle\native\e376f236ea51e6404a007f0833ffe2c6e607c4080706a723a18a27aeea778392\windows-amd64

VM Arguments:
jvm_args: -XX:MaxMetaspaceSize=512m --add-opens=java.base/java.util=ALL-UNNAMED --add-opens=java.base/java.lang=ALL-UNNAMED --add-opens=java.base/java.lang.invoke=ALL-UNNAMED --add-opens=java.prefs/java.util.prefs=ALL-UNNAMED --add-opens=java.base/java.nio.charset=ALL-UNNAMED --add-opens=java.base/java.net=ALL-UNNAMED --add-opens=java.base/java.util.concurrent.atomic=ALL-UNNAMED -Xmx2048m -Dfile.encoding=windows-1252 -Duser.country=IN -Duser.language=en -Duser.variant -javaagent:C:\Users\MAHE\.gradle\wrapper\dists\gradle-8.3-all\6en3ugtfdg5xnpx44z4qbwgas\gradle-8.3\lib\agents\gradle-instrumentation-agent-8.3.jar 
java_command: org.gradle.launcher.daemon.bootstrap.GradleDaemon 8.3
java_class_path (initial): C:\Users\MAHE\.gradle\wrapper\dists\gradle-8.3-all\6en3ugtfdg5xnpx44z4qbwgas\gradle-8.3\lib\gradle-launcher-8.3.jar
Launcher Type: SUN_STANDARD

[Global flags]
     intx CICompilerCount                          = 3                                         {product} {ergonomic}
   size_t CompressedClassSpaceSize                 = 436207616                                 {product} {ergonomic}
     uint ConcGCThreads                            = 1                                         {product} {ergonomic}
     uint G1ConcRefinementThreads                  = 4                                         {product} {ergonomic}
   size_t G1HeapRegionSize                         = 1048576                                   {product} {ergonomic}
    uintx GCDrainStackTargetSize                   = 64                                        {product} {ergonomic}
   size_t InitialHeapSize                          = 268435456                                 {product} {ergonomic}
   size_t MarkStackSize                            = 4194304                                   {product} {ergonomic}
   size_t MaxHeapSize                              = 2147483648                                {product} {command line}
   size_t MaxMetaspaceSize                         = 536870912                                 {product} {command line}
   size_t MaxNewSize                               = 1287651328                                {product} {ergonomic}
   size_t MinHeapDeltaBytes                        = 1048576                                   {product} {ergonomic}
   size_t MinHeapSize                              = 8388608                                   {product} {ergonomic}
    uintx NonNMethodCodeHeapSize                   = 5832780                                {pd product} {ergonomic}
    uintx NonProfiledCodeHeapSize                  = 122912730                              {pd product} {ergonomic}
    uintx ProfiledCodeHeapSize                     = 122912730                              {pd product} {ergonomic}
    uintx ReservedCodeCacheSize                    = 251658240                              {pd product} {ergonomic}
     bool SegmentedCodeCache                       = true                                      {product} {ergonomic}
   size_t SoftMaxHeapSize                          = 2147483648                             {manageable} {ergonomic}
     bool UseCompressedClassPointers               = true                           {product lp64_product} {ergonomic}
     bool UseCompressedOops                        = true                           {product lp64_product} {ergonomic}
     bool UseG1GC                                  = true                                      {product} {ergonomic}
     bool UseLargePagesIndividualAllocation        = false                                  {pd product} {ergonomic}

Logging:
Log output configuration:
 #0: stdout all=warning uptime,level,tags
 #1: stderr all=off uptime,level,tags

Environment Variables:
JAVA_HOME=C:\Program Files\OpenLogic\jdk-17.0.10.7-hotspot\
CLASSPATH=C:\Users\MAHE\Documents\DOC APP BACKUP FILES\april30_\demo1_joyson1\android\\gradle\wrapper\gradle-wrapper.jar
PATH=C:\Users\MAHE\Documents\DOC APP BACKUP FILES\april30_\demo1_joyson1\node_modules\.bin;C:\Users\MAHE\Documents\DOC APP BACKUP FILES\april30_\demo1_joyson1\node_modules\.bin;C:\Users\MAHE\Documents\DOC APP BACKUP FILES\april30_\node_modules\.bin;C:\Users\MAHE\Documents\DOC APP BACKUP FILES\node_modules\.bin;C:\Users\MAHE\Documents\node_modules\.bin;C:\Users\MAHE\node_modules\.bin;C:\Users\node_modules\.bin;C:\node_modules\.bin;C:\Users\MAHE\AppData\Roaming\npm\node_modules\npm\node_modules\@npmcli\run-script\lib\node-gyp-bin;C:\Program Files\OpenLogic\jdk-17.0.10.7-hotspot\bin;C:\Python312\Scripts\;C:\Python312\;C:\Windows\system32;C:\Windows;C:\Windows\System32\Wbem;C:\Windows\System32\WindowsPowerShell\v1.0\;C:\Windows\System32\OpenSSH\;C:\Program Files\nodejs\;C:\ProgramData\chocolatey\bin;C:\Program Files\Git\cmd;C:\Program Files\Git\bin;C:\Program Files (x86)\Microsoft SQL Server\160\Tools\Binn\;C:\Program Files\Microsoft SQL Server\160\Tools\Binn\;C:\Program Files\Microsoft SQL Server\Client SDK\ODBC\170\Tools\Binn\;C:\Program Files\Microsoft SQL Server\160\DTS\Binn\;C:\Program Files (x86)\Microsoft SQL Server\160\DTS\Binn\;C:\Program Files\Azure Data Studio\bin;C:\Users\MAHE\AppData\Local\Microsoft\WindowsApps;C:\Users\MAHE\AppData\Local\Programs\Microsoft VS Code\bin;C:\Users\MAHE\AppData\Roaming\npm;C:\Users\MAHE\AppData\Local\Android\Sdk;C:\Users\MAHE\AppData\Local\Android\Sdk\platform-tools;C:\Users\MAHE\AppData\Local\Android\Sdk\emulator;C:\Program Files\Git\bin;C:\Program Files\Azure Data Studio\bin;
USERNAME=MAHE
LANG=en_US.UTF-8
OS=Windows_NT
PROCESSOR_IDENTIFIER=Intel64 Family 6 Model 60 Stepping 3, GenuineIntel
TMP=C:\Users\MAHE\AppData\Local\Temp
TEMP=C:\Users\MAHE\AppData\Local\Temp



Periodic native trim disabled


---------------  S Y S T E M  ---------------

OS:
 Windows 11 , 64 bit Build 22621 (10.0.22621.3672)
OS uptime: 0 days 0:17 hours

CPU: total 4 (initial active 4) (4 cores per cpu, 1 threads per core) family 6 model 60 stepping 3 microcode 0x28, cx8, cmov, fxsr, mmx, sse, sse2, sse3, ssse3, sse4.1, sse4.2, popcnt, lzcnt, tsc, tscinvbit, avx, avx2, aes, erms, clmul, bmi1, bmi2, fma, vzeroupper, clflush
Processor Information for all 4 processors :
  Max Mhz: 3001, Current Mhz: 3001, Mhz Limit: 3001

Memory: 4k page, system-wide physical 16309M (7838M free)
TotalPageFile size 32693M (AvailPageFile size 22144M)
current process WorkingSet (physical memory assigned to process): 242M, peak: 242M
current process commit charge ("private bytes"): 274M, peak: 422M

vm_info: OpenJDK 64-Bit Server VM (17.0.10+7-adhoc..jdk17u) for windows-amd64 JRE (17.0.10+7-adhoc..jdk17u), built on Jan 24 2024 08:51:31 by "" with MS VC++ 16.10 / 16.11 (VS2019)

END.
