#
# A fatal error has been detected by the Java Runtime Environment:
#
#  EXCEPTION_ACCESS_VIOLATION (0xc0000005) at pc=0x00007ffe4242a019, pid=6056, tid=12004
#
# JRE version: OpenJDK Runtime Environment OpenLogic-OpenJDK (17.0.10+7) (build 17.0.10+7-adhoc..jdk17u)
# Java VM: OpenJDK 64-Bit Server VM OpenLogic-OpenJDK (17.0.10+7-adhoc..jdk17u, mixed mode, sharing, tiered, compressed oops, compressed class ptrs, g1 gc, windows-amd64)
# Problematic frame:
# V  [jvm.dll+0x1a019]
#
# No core dump will be written. Minidumps are not enabled by default on client versions of Windows
#
# If you would like to submit a bug report, please visit:
#   https://techsupport.roguewave.com/
#

---------------  S U M M A R Y ------------

Command Line: -XX:MaxMetaspaceSize=512m --add-opens=java.base/java.util=ALL-UNNAMED --add-opens=java.base/java.lang=ALL-UNNAMED --add-opens=java.base/java.lang.invoke=ALL-UNNAMED --add-opens=java.prefs/java.util.prefs=ALL-UNNAMED --add-opens=java.base/java.nio.charset=ALL-UNNAMED --add-opens=java.base/java.net=ALL-UNNAMED --add-opens=java.base/java.util.concurrent.atomic=ALL-UNNAMED -Xmx2048m -Dfile.encoding=windows-1252 -Duser.country=IN -Duser.language=en -Duser.variant -javaagent:C:\Users\MAHE\.gradle\wrapper\dists\gradle-8.3-all\6en3ugtfdg5xnpx44z4qbwgas\gradle-8.3\lib\agents\gradle-instrumentation-agent-8.3.jar org.gradle.launcher.daemon.bootstrap.GradleDaemon 8.3

Host: Intel(R) Core(TM) i5-4590S CPU @ 3.00GHz, 4 cores, 15G,  Windows 11 , 64 bit Build 22621 (10.0.22621.3672)
Time: Fri Jun 14 12:03:54 2024 India Standard Time elapsed time: 55.136285 seconds (0d 0h 0m 55s)

---------------  T H R E A D  ---------------

Current thread (0x000002165dc5d490):  JavaThread "C2 CompilerThread0" daemon [_thread_in_native, id=12004, stack(0x000000c47e300000,0x000000c47e400000)]


Current CompileTask:
C2:  55136 13986       4       org.gradle.api.internal.attributes.DefaultAttributesSchema$DefaultAttributeSelectionSchema::matchValue (140 bytes)

Stack: [0x000000c47e300000,0x000000c47e400000],  sp=0x000000c47e3fb8c0,  free space=1006k
Native frames: (J=compiled Java code, j=interpreted, Vv=VM code, C=native code)
V  [jvm.dll+0x1a019]
V  [jvm.dll+0x685bc6]
V  [jvm.dll+0x685f56]
V  [jvm.dll+0x682b43]
V  [jvm.dll+0x21a678]
V  [jvm.dll+0x2196c1]
V  [jvm.dll+0x1a512d]
V  [jvm.dll+0x22949e]
V  [jvm.dll+0x22766c]
V  [jvm.dll+0x7e9ea7]
V  [jvm.dll+0x7e42aa]
V  [jvm.dll+0x67c5d5]
C  [ucrtbase.dll+0x29333]
C  [KERNEL32.DLL+0x1257d]
C  [ntdll.dll+0x5af28]


siginfo: EXCEPTION_ACCESS_VIOLATION (0xc0000005), reading address 0x0000000000000000


Registers:
RAX=0x000002164f2bf080, RBX=0x000000c47e3fb980, RCX=0x0000000000000000, RDX=0x000000c47e3fb980
RSP=0x000000c47e3fb8c0, RBP=0x000000c47e3fc0f0, RSI=0x0000021609f325a0, RDI=0x0000021609f325a0
R8 =0x000000c47e3fc0f0, R9 =0x000000c47e3fba28, R10=0x000000c47e3fb9d8, R11=0x0000000000000250
R12=0x0000000000000162, R13=0x000000c47e3fcfa0, R14=0x000002160304ef80, R15=0x00000000ffffffff
RIP=0x00007ffe4242a019, EFLAGS=0x0000000000010206


Register to memory mapping:

RIP=0x00007ffe4242a019 jvm.dll
RAX=0x000002164f2bf080 is at code_begin+0 in 
[CodeBlob (0x000002164f2bf010)]
Framesize: 0
BufferBlob (0x000002164f2bf010) used for Compile::scratch_buffer
RBX=0x000000c47e3fb980 is pointing into the stack for thread: 0x000002165dc5d490
RCX=0x0 is NULL
RDX=0x000000c47e3fb980 is pointing into the stack for thread: 0x000002165dc5d490
RSP=0x000000c47e3fb8c0 is pointing into the stack for thread: 0x000002165dc5d490
RBP=0x000000c47e3fc0f0 is pointing into the stack for thread: 0x000002165dc5d490
RSI=0x0000021609f325a0 points into unknown readable memory: 0x00007ffe42cd52d0 | d0 52 cd 42 fe 7f 00 00
RDI=0x0000021609f325a0 points into unknown readable memory: 0x00007ffe42cd52d0 | d0 52 cd 42 fe 7f 00 00
R8 =0x000000c47e3fc0f0 is pointing into the stack for thread: 0x000002165dc5d490
R9 =0x000000c47e3fba28 is pointing into the stack for thread: 0x000002165dc5d490
R10=0x000000c47e3fb9d8 is pointing into the stack for thread: 0x000002165dc5d490
R11=0x0000000000000250 is an unknown value
R12=0x0000000000000162 is an unknown value
R13=0x000000c47e3fcfa0 is pointing into the stack for thread: 0x000002165dc5d490
R14=0x000002160304ef80 points into unknown readable memory: 0x3fa82e4a00000222 | 22 02 00 00 4a 2e a8 3f
R15=0x00000000ffffffff is an unallocated location in the heap


Top of Stack: (sp=0x000000c47e3fb8c0)
0x000000c47e3fb8c0:   0000021609f32700 000000c47e3fb980
0x000000c47e3fb8d0:   000000c400000000 00007ffe42611386
0x000000c47e3fb8e0:   00007ffe42cb9fd0 00007ffe424ca32f
0x000000c47e3fb8f0:   000000c47e3fbaa0 0000021601010101
0x000000c47e3fb900:   00000216038a4310 000000c47e3fcfa0
0x000000c47e3fb910:   0000021609f325a0 00007ffe42a95bc6
0x000000c47e3fb920:   0000000000000002 000000c47e3fba20
0x000000c47e3fb930:   000000c47e3fcfa0 0000021609f325a0
0x000000c47e3fb940:   0000000000000000 0000000000000000
0x000000c47e3fb950:   00007ffe42cb9fa0 000000c47e3fb9d8
0x000000c47e3fb960:   000000c47e3fbaa0 00007ffe01010101
0x000000c47e3fb970:   0000000000000000 0000000000000400
0x000000c47e3fb980:   00007ffe42d28500 000002164f2bf940
0x000000c47e3fb990:   0000000000000000 000002164f2bf940
0x000000c47e3fb9a0:   000002164f2c0940 000002164f2c0940
0x000000c47e3fb9b0:   000002164f2c0940 000002164f2c0994
0x000000c47e3fb9c0:   000002164f2bf940 0000000000000100
0x000000c47e3fb9d0:   000000c47e3fb980 000002164f2bf080
0x000000c47e3fb9e0:   000002164f2bf080 000002164f2bf080
0x000000c47e3fb9f0:   000002164f2bf880 000002164f2c0998
0x000000c47e3fba00:   000002164f2c0998 000002164f2c09e8
0x000000c47e3fba10:   000002164f2bf080 00007ffe42010100
0x000000c47e3fba20:   000000c47e3fb980 000002164f2bf8a0
0x000000c47e3fba30:   0000000000000000 000002164f2bf8a0
0x000000c47e3fba40:   000002164f2bf920 000002164f2c09e8
0x000000c47e3fba50:   000002164f2c09e8 000002164f2c0a3c
0x000000c47e3fba60:   000002164f2bf8a0 00000000a0020100
0x000000c47e3fba70:   000000c47e3fb980 0000000000000000
0x000000c47e3fba80:   0000000000000000 000002164f2bf080
0x000000c47e3fba90:   00000216000018c0 000000c47e3fbaa0
0x000000c47e3fbaa0:   00007ffe42d284a0 0000000000000000
0x000000c47e3fbab0:   0000000000000000 0000000000000000 

Instructions: (pc=0x00007ffe4242a019)
0x00007ffe42429f19:   16 49 8b ce 8b f0 ff 52 78 4d 8b 16 41 b9 02 00
0x00007ffe42429f29:   00 00 4d 8b c5 49 8b d4 49 8b ce 8b f8 41 ff 52
0x00007ffe42429f39:   70 4d 8b 16 41 b9 02 00 00 00 4d 8b c5 49 8b d4
0x00007ffe42429f49:   49 8b ce 8b d8 41 ff 52 68 89 6c 24 28 48 8d 8c
0x00007ffe42429f59:   24 b0 00 00 00 8b d0 89 74 24 20 44 8b cf 44 8b
0x00007ffe42429f69:   c3 e8 b1 8a 0b 00 49 8b 4d 58 45 8d 4f 02 4d 8b
0x00007ffe42429f79:   c5 49 8b d4 0f 10 00 0f 10 48 10 0f 29 44 24 60
0x00007ffe42429f89:   0f 10 40 20 0f 29 4c 24 70 0f 10 48 30 0f 29 84
0x00007ffe42429f99:   24 80 00 00 00 0f 10 40 40 48 8b 01 0f 29 8c 24
0x00007ffe42429fa9:   90 00 00 00 0f 29 84 24 a0 00 00 00 ff 50 20 48
0x00007ffe42429fb9:   63 d0 4c 8d 44 24 60 48 8d 4c 24 30 e8 96 12 0a
0x00007ffe42429fc9:   00 4c 8d 9c 24 00 01 00 00 49 8b 5b 30 49 8b 6b
0x00007ffe42429fd9:   38 49 8b 73 40 49 8b e3 41 5f 41 5e 41 5d 41 5c
0x00007ffe42429fe9:   5f c3 cc cc cc cc cc 48 89 5c 24 08 48 89 6c 24
0x00007ffe42429ff9:   10 48 89 74 24 18 57 48 83 ec 50 48 8b 42 68 48
0x00007ffe4242a009:   8b f1 48 89 42 60 49 8b e8 48 8b 49 58 48 8b da
0x00007ffe4242a019:   48 8b 01 ff 50 08 48 8b d3 48 8d 4c 24 20 8b f8
0x00007ffe4242a029:   e8 62 f7 09 00 48 8d 05 9b 72 88 00 48 8d 4c 24
0x00007ffe4242a039:   20 48 89 44 24 20 e8 fc 63 0b 00 48 8b 4e 60 48
0x00007ffe4242a049:   8d 05 81 ff 88 00 48 89 44 24 20 44 8d 4f 02 4c
0x00007ffe4242a059:   8b c6 48 8b d5 48 8b 01 ff 50 20 48 8b 4e 58 41
0x00007ffe4242a069:   b9 02 00 00 00 4c 8b c6 48 63 d8 48 8b d5 4c 8b
0x00007ffe4242a079:   11 41 ff 52 20 48 63 d0 4c 8b c3 48 8d 4c 24 20
0x00007ffe4242a089:   e8 32 11 0a 00 48 8b 5c 24 60 48 8b 6c 24 68 48
0x00007ffe4242a099:   8b 74 24 70 48 83 c4 50 5f c3 cc cc cc cc cc cc
0x00007ffe4242a0a9:   cc cc cc cc cc cc cc 48 89 5c 24 08 48 89 6c 24
0x00007ffe4242a0b9:   10 48 89 74 24 18 57 48 83 ec 50 48 8b 42 68 48
0x00007ffe4242a0c9:   8b f1 48 89 42 60 49 8b e8 48 8b 49 58 48 8b da
0x00007ffe4242a0d9:   48 8b 01 ff 50 08 48 8b d3 48 8d 4c 24 20 e8 a4
0x00007ffe4242a0e9:   f6 09 00 48 8d 05 dd 71 88 00 48 8d 4c 24 20 48
0x00007ffe4242a0f9:   89 44 24 20 e8 3e 63 0b 00 48 8b 4e 58 48 8d 05
0x00007ffe4242a109:   c3 fe 88 00 48 8b 7e 60 41 b9 02 00 00 00 48 89 


Stack slot to memory mapping:
stack at sp + 0 slots: 0x0000021609f32700 points into unknown readable memory: 0x00007ffe42cdeca0 | a0 ec cd 42 fe 7f 00 00
stack at sp + 1 slots: 0x000000c47e3fb980 is pointing into the stack for thread: 0x000002165dc5d490
stack at sp + 2 slots: 0x000000c400000000 is pointing into the stack for thread: 0x000002167ee45df0
stack at sp + 3 slots: 0x00007ffe42611386 jvm.dll
stack at sp + 4 slots: 0x00007ffe42cb9fd0 jvm.dll
stack at sp + 5 slots: 0x00007ffe424ca32f jvm.dll
stack at sp + 6 slots: 0x000000c47e3fbaa0 is pointing into the stack for thread: 0x000002165dc5d490
stack at sp + 7 slots: 0x0000021601010101 is an unknown value


---------------  P R O C E S S  ---------------

Threads class SMR info:
_java_thread_list=0x0000021604213430, length=77, elements={
0x000002163eca7fd0, 0x000002165dc40cc0, 0x000002165dc438a0, 0x000002165dc50f80,
0x000002165dc53a50, 0x000002165dc54410, 0x000002165dc582d0, 0x000002165dc5d490,
0x000002167d00c0b0, 0x000002167d0421a0, 0x000002167d105850, 0x000002167d106c90,
0x000002167d108af0, 0x000002167d105d60, 0x000002167d107bc0, 0x000002167d1076b0,
0x000002167d106270, 0x000002167d1080d0, 0x000002167d1085e0, 0x000002167d106780,
0x000002167d105340, 0x000002167ee48670, 0x000002167ee4d260, 0x000002167ee48b80,
0x000002167ee46d20, 0x000002167ee47740, 0x000002167ee4a9e0, 0x000002167ee4c840,
0x000002167ee49fc0, 0x000002167ee49090, 0x000002167ee47230, 0x000002167ee45df0,
0x000002167ee495a0, 0x000002167ee4c330, 0x000002167ee4aef0, 0x000002167ee46300,
0x000002167ee46810, 0x000002167d0d6d10, 0x000002167d0d9fb0, 0x000002167d0daee0,
0x000002167d0d8150, 0x000002167d0db3f0, 0x000002167d0db900, 0x000002167d0d62f0,
0x000002167d0d9590, 0x000002167d0da4c0, 0x000002167d0d9080, 0x000002167d0dc320,
0x000002167d0d9aa0, 0x000002167d0d8b70, 0x000002167d0dc830, 0x000002167d0dcd40,
0x000002167d0dd250, 0x000002167d0ddc70, 0x000002167d1071a0, 0x0000021600775c10,
0x000002160077a2f0, 0x0000021600776120, 0x0000021600779de0, 0x0000021600777f80,
0x000002160077a800, 0x0000021600777a70, 0x000002160077ad10, 0x00000216007789a0,
0x0000021600774ce0, 0x00000216007751f0, 0x00000216007742c0, 0x0000021600773db0,
0x00000216007793c0, 0x0000021600776b40, 0x000002167d0d7220, 0x000002160077b730,
0x000002160282cbf0, 0x00000216002d9ee0, 0x000002160282f470, 0x000002160282d610,
0x000002160282e030
}

Java Threads: ( => current thread )
  0x000002163eca7fd0 JavaThread "main" [_thread_blocked, id=11384, stack(0x000000c47d600000,0x000000c47d700000)]
  0x000002165dc40cc0 JavaThread "Reference Handler" daemon [_thread_blocked, id=7620, stack(0x000000c47dd00000,0x000000c47de00000)]
  0x000002165dc438a0 JavaThread "Finalizer" daemon [_thread_blocked, id=12644, stack(0x000000c47de00000,0x000000c47df00000)]
  0x000002165dc50f80 JavaThread "Signal Dispatcher" daemon [_thread_blocked, id=5000, stack(0x000000c47df00000,0x000000c47e000000)]
  0x000002165dc53a50 JavaThread "Attach Listener" daemon [_thread_blocked, id=1448, stack(0x000000c47e000000,0x000000c47e100000)]
  0x000002165dc54410 JavaThread "Service Thread" daemon [_thread_blocked, id=10160, stack(0x000000c47e100000,0x000000c47e200000)]
  0x000002165dc582d0 JavaThread "Monitor Deflation Thread" daemon [_thread_blocked, id=7660, stack(0x000000c47e200000,0x000000c47e300000)]
=>0x000002165dc5d490 JavaThread "C2 CompilerThread0" daemon [_thread_in_native, id=12004, stack(0x000000c47e300000,0x000000c47e400000)]
  0x000002167d00c0b0 JavaThread "C1 CompilerThread0" daemon [_thread_blocked, id=10148, stack(0x000000c47e400000,0x000000c47e500000)]
  0x000002167d0421a0 JavaThread "Sweeper thread" daemon [_thread_blocked, id=12084, stack(0x000000c47e500000,0x000000c47e600000)]
  0x000002167d105850 JavaThread "Common-Cleaner" daemon [_thread_blocked, id=10612, stack(0x000000c47e600000,0x000000c47e700000)]
  0x000002167d106c90 JavaThread "Notification Thread" daemon [_thread_blocked, id=12388, stack(0x000000c47e700000,0x000000c47e800000)]
  0x000002167d108af0 JavaThread "Daemon health stats" [_thread_blocked, id=5272, stack(0x000000c47ed00000,0x000000c47ee00000)]
  0x000002167d105d60 JavaThread "Incoming local TCP Connector on port 61001" [_thread_in_native, id=9344, stack(0x000000c47e900000,0x000000c47ea00000)]
  0x000002167d107bc0 JavaThread "Daemon periodic checks" [_thread_blocked, id=12552, stack(0x000000c47ee00000,0x000000c47ef00000)]
  0x000002167d1076b0 JavaThread "Daemon" [_thread_blocked, id=4508, stack(0x000000c47ef00000,0x000000c47f000000)]
  0x000002167d106270 JavaThread "Handler for socket connection from /127.0.0.1:61001 to /127.0.0.1:61002" [_thread_in_native, id=11364, stack(0x000000c47f000000,0x000000c47f100000)]
  0x000002167d1080d0 JavaThread "Cancel handler" [_thread_blocked, id=10128, stack(0x000000c47f100000,0x000000c47f200000)]
  0x000002167d1085e0 JavaThread "Daemon worker" [_thread_in_native, id=9840, stack(0x000000c47f200000,0x000000c47f300000)]
  0x000002167d106780 JavaThread "Asynchronous log dispatcher for DefaultDaemonConnection: socket connection from /127.0.0.1:61001 to /127.0.0.1:61002" [_thread_blocked, id=5988, stack(0x000000c47f300000,0x000000c47f400000)]
  0x000002167d105340 JavaThread "Stdin handler" [_thread_blocked, id=8864, stack(0x000000c47f400000,0x000000c47f500000)]
  0x000002167ee48670 JavaThread "Daemon client event forwarder" [_thread_blocked, id=4980, stack(0x000000c47f500000,0x000000c47f600000)]
  0x000002167ee4d260 JavaThread "Cache worker for journal cache (C:\Users\MAHE\.gradle\caches\journal-1)" [_thread_blocked, id=10272, stack(0x000000c47f600000,0x000000c47f700000)]
  0x000002167ee48b80 JavaThread "File lock request listener" [_thread_in_native, id=12956, stack(0x000000c47f700000,0x000000c47f800000)]
  0x000002167ee46d20 JavaThread "Cache worker for file hash cache (C:\Users\MAHE\.gradle\caches\8.3\fileHashes)" [_thread_blocked, id=1476, stack(0x000000c47f800000,0x000000c47f900000)]
  0x000002167ee47740 JavaThread "File watcher server" daemon [_thread_in_native, id=11904, stack(0x000000c47fa00000,0x000000c47fb00000)]
  0x000002167ee4a9e0 JavaThread "File watcher consumer" daemon [_thread_blocked, id=11240, stack(0x000000c47fb00000,0x000000c47fc00000)]
  0x000002167ee4c840 JavaThread "Cache worker for checksums cache (C:\Users\MAHE\Documents\DOC APP BACKUP FILES\april30_\demo1_joyson1\android\.gradle\8.3\checksums)" [_thread_blocked, id=7748, stack(0x000000c47fc00000,0x000000c47fd00000)]
  0x000002167ee49fc0 JavaThread "Cache worker for file hash cache (C:\Users\MAHE\Documents\DOC APP BACKUP FILES\april30_\demo1_joyson1\android\.gradle\8.3\fileHashes)" [_thread_blocked, id=11956, stack(0x000000c47fd00000,0x000000c47fe00000)]
  0x000002167ee49090 JavaThread "Cache worker for cache directory md-supplier (C:\Users\MAHE\.gradle\caches\8.3\md-supplier)" [_thread_blocked, id=2024, stack(0x000000c47fe00000,0x000000c47ff00000)]
  0x000002167ee47230 JavaThread "Cache worker for file content cache (C:\Users\MAHE\.gradle\caches\8.3\fileContent)" [_thread_blocked, id=136, stack(0x000000c47ff00000,0x000000c480000000)]
  0x000002167ee45df0 JavaThread "Cache worker for cache directory md-rule (C:\Users\MAHE\.gradle\caches\8.3\md-rule)" [_thread_blocked, id=12632, stack(0x000000c400000000,0x000000c400100000)]
  0x000002167ee495a0 JavaThread "Cache worker for execution history cache (C:\Users\MAHE\.gradle\caches\8.3\executionHistory)" [_thread_blocked, id=5948, stack(0x000000c400100000,0x000000c400200000)]
  0x000002167ee4c330 JavaThread "jar transforms" [_thread_blocked, id=948, stack(0x000000c400200000,0x000000c400300000)]
  0x000002167ee4aef0 JavaThread "jar transforms Thread 2" [_thread_blocked, id=8312, stack(0x000000c400300000,0x000000c400400000)]
  0x000002167ee46300 JavaThread "jar transforms Thread 3" [_thread_blocked, id=10212, stack(0x000000c400400000,0x000000c400500000)]
  0x000002167ee46810 JavaThread "jar transforms Thread 4" [_thread_blocked, id=6140, stack(0x000000c400500000,0x000000c400600000)]
  0x000002167d0d6d10 JavaThread "Cache worker for kotlin-dsl (C:\Users\MAHE\.gradle\caches\8.3\kotlin-dsl)" [_thread_blocked, id=12448, stack(0x000000c400700000,0x000000c400800000)]
  0x000002167d0d9fb0 JavaThread "Unconstrained build operations" [_thread_blocked, id=13196, stack(0x000000c400800000,0x000000c400900000)]
  0x000002167d0daee0 JavaThread "Unconstrained build operations Thread 2" [_thread_blocked, id=13004, stack(0x000000c400900000,0x000000c400a00000)]
  0x000002167d0d8150 JavaThread "Cache worker for dependencies-accessors (C:\Users\MAHE\Documents\DOC APP BACKUP FILES\april30_\demo1_joyson1\android\.gradle\8.3\dependencies-accessors)" [_thread_blocked, id=8952, stack(0x000000c400a00000,0x000000c400b00000)]
  0x000002167d0db3f0 JavaThread "Cache worker for Build Output Cleanup Cache (C:\Users\MAHE\Documents\DOC APP BACKUP FILES\april30_\demo1_joyson1\node_modules\@react-native\gradle-plugin\.gradle\buildOutputCleanup)" [_thread_blocked, id=3424, stack(0x000000c400600000,0x000000c400700000)]
  0x000002167d0db900 JavaThread "Unconstrained build operations Thread 3" [_thread_blocked, id=12984, stack(0x000000c400d00000,0x000000c400e00000)]
  0x000002167d0d62f0 JavaThread "Unconstrained build operations Thread 4" [_thread_blocked, id=9560, stack(0x000000c400e00000,0x000000c400f00000)]
  0x000002167d0d9590 JavaThread "Unconstrained build operations Thread 5" [_thread_blocked, id=12020, stack(0x000000c400f00000,0x000000c401000000)]
  0x000002167d0da4c0 JavaThread "Memory manager" [_thread_blocked, id=10040, stack(0x000000c401000000,0x000000c401100000)]
  0x000002167d0d9080 JavaThread "Cache worker for Build Output Cleanup Cache (C:\Users\MAHE\Documents\DOC APP BACKUP FILES\april30_\demo1_joyson1\android\.gradle\buildOutputCleanup)" [_thread_blocked, id=13024, stack(0x000000c401100000,0x000000c401200000)]
  0x000002167d0dc320 JavaThread "ForkJoinPool.commonPool-worker-1" daemon [_thread_blocked, id=6628, stack(0x000000c401200000,0x000000c401300000)]
  0x000002167d0d9aa0 JavaThread "ForkJoinPool.commonPool-worker-2" daemon [_thread_blocked, id=10848, stack(0x000000c401300000,0x000000c401400000)]
  0x000002167d0d8b70 JavaThread "ForkJoinPool.commonPool-worker-3" daemon [_thread_blocked, id=9448, stack(0x000000c401400000,0x000000c401500000)]
  0x000002167d0dc830 JavaThread "included builds" [_thread_blocked, id=12964, stack(0x000000c401500000,0x000000c401600000)]
  0x000002167d0dcd40 JavaThread "Execution worker" [_thread_blocked, id=7876, stack(0x000000c401600000,0x000000c401700000)]
  0x000002167d0dd250 JavaThread "Execution worker Thread 2" [_thread_blocked, id=8820, stack(0x000000c401700000,0x000000c401800000)]
  0x000002167d0ddc70 JavaThread "Execution worker Thread 3" [_thread_blocked, id=11124, stack(0x000000c401800000,0x000000c401900000)]
  0x000002167d1071a0 JavaThread "Cache worker for execution history cache (C:\Users\MAHE\Documents\DOC APP BACKUP FILES\april30_\demo1_joyson1\node_modules\@react-native\gradle-plugin\.gradle\8.3\executionHistory)" [_thread_blocked, id=10324, stack(0x000000c401900000,0x000000c401a00000)]
  0x0000021600775c10 JavaThread "Unconstrained build operations Thread 6" [_thread_blocked, id=9256, stack(0x000000c401a00000,0x000000c401b00000)]
  0x000002160077a2f0 JavaThread "Unconstrained build operations Thread 7" [_thread_blocked, id=1824, stack(0x000000c401b00000,0x000000c401c00000)]
  0x0000021600776120 JavaThread "Unconstrained build operations Thread 8" [_thread_blocked, id=13084, stack(0x000000c401c00000,0x000000c401d00000)]
  0x0000021600779de0 JavaThread "Unconstrained build operations Thread 9" [_thread_blocked, id=3976, stack(0x000000c401d00000,0x000000c401e00000)]
  0x0000021600777f80 JavaThread "Unconstrained build operations Thread 10" [_thread_blocked, id=1332, stack(0x000000c401e00000,0x000000c401f00000)]
  0x000002160077a800 JavaThread "Unconstrained build operations Thread 11" [_thread_blocked, id=13048, stack(0x000000c401f00000,0x000000c402000000)]
  0x0000021600777a70 JavaThread "Unconstrained build operations Thread 12" [_thread_blocked, id=10348, stack(0x000000c402000000,0x000000c402100000)]
  0x000002160077ad10 JavaThread "Unconstrained build operations Thread 13" [_thread_blocked, id=12888, stack(0x000000c402100000,0x000000c402200000)]
  0x00000216007789a0 JavaThread "Unconstrained build operations Thread 14" [_thread_blocked, id=12772, stack(0x000000c402400000,0x000000c402500000)]
  0x0000021600774ce0 JavaThread "Unconstrained build operations Thread 15" [_thread_blocked, id=9348, stack(0x000000c402500000,0x000000c402600000)]
  0x00000216007751f0 JavaThread "Unconstrained build operations Thread 16" [_thread_blocked, id=5256, stack(0x000000c402600000,0x000000c402700000)]
  0x00000216007742c0 JavaThread "Unconstrained build operations Thread 17" [_thread_blocked, id=13212, stack(0x000000c402700000,0x000000c402800000)]
  0x0000021600773db0 JavaThread "Unconstrained build operations Thread 18" [_thread_blocked, id=7852, stack(0x000000c402900000,0x000000c402a00000)]
  0x00000216007793c0 JavaThread "Unconstrained build operations Thread 19" [_thread_blocked, id=1368, stack(0x000000c402a00000,0x000000c402b00000)]
  0x0000021600776b40 JavaThread "Unconstrained build operations Thread 20" [_thread_blocked, id=13044, stack(0x000000c402b00000,0x000000c402c00000)]
  0x000002167d0d7220 JavaThread "Unconstrained build operations Thread 21" [_thread_blocked, id=10812, stack(0x000000c402c00000,0x000000c402d00000)]
  0x000002160077b730 JavaThread "Unconstrained build operations Thread 22" [_thread_blocked, id=10700, stack(0x000000c402d00000,0x000000c402e00000)]
  0x000002160282cbf0 JavaThread "Unconstrained build operations Thread 23" [_thread_blocked, id=9764, stack(0x000000c402e00000,0x000000c402f00000)]
  0x00000216002d9ee0 JavaThread "C2 CompilerThread1" daemon [_thread_blocked, id=10876, stack(0x000000c402800000,0x000000c402900000)]
  0x000002160282f470 JavaThread "Unconstrained build operations Thread 24" [_thread_blocked, id=1440, stack(0x000000c402f00000,0x000000c403000000)]
  0x000002160282d610 JavaThread "Unconstrained build operations Thread 25" [_thread_blocked, id=10564, stack(0x000000c403000000,0x000000c403100000)]
  0x000002160282e030 JavaThread "Unconstrained build operations Thread 26" [_thread_blocked, id=12936, stack(0x000000c403100000,0x000000c403200000)]

Other Threads:
  0x000002165dc3d0b0 VMThread "VM Thread" [stack: 0x000000c47dc00000,0x000000c47dd00000] [id=6512]
  0x000002163eca8e50 WatcherThread [stack: 0x000000c47e800000,0x000000c47e900000] [id=10216]
  0x000002163ed02490 GCTaskThread "GC Thread#0" [stack: 0x000000c47d700000,0x000000c47d800000] [id=648]
  0x000002167d284c30 GCTaskThread "GC Thread#1" [stack: 0x000000c47ea00000,0x000000c47eb00000] [id=3636]
  0x000002167d284ef0 GCTaskThread "GC Thread#2" [stack: 0x000000c47eb00000,0x000000c47ec00000] [id=7888]
  0x000002167d534620 GCTaskThread "GC Thread#3" [stack: 0x000000c47ec00000,0x000000c47ed00000] [id=12736]
  0x000002163ed143f0 ConcurrentGCThread "G1 Main Marker" [stack: 0x000000c47d800000,0x000000c47d900000] [id=1400]
  0x000002163ed155b0 ConcurrentGCThread "G1 Conc#0" [stack: 0x000000c47d900000,0x000000c47da00000] [id=7700]
  0x000002163ed4e8a0 ConcurrentGCThread "G1 Refine#0" [stack: 0x000000c47da00000,0x000000c47db00000] [id=11736]
  0x0000021601b46350 ConcurrentGCThread "G1 Refine#1" [stack: 0x000000c400b00000,0x000000c400c00000] [id=11444]
  0x0000021600fb0f10 ConcurrentGCThread "G1 Refine#2" [stack: 0x000000c400c00000,0x000000c400d00000] [id=7532]
  0x000002165daf44e0 ConcurrentGCThread "G1 Service" [stack: 0x000000c47db00000,0x000000c47dc00000] [id=2864]

Threads with active compile tasks:
C2 CompilerThread0    55248 13986       4       org.gradle.api.internal.attributes.DefaultAttributesSchema$DefaultAttributeSelectionSchema::matchValue (140 bytes)

VM state: not at safepoint (normal execution)

VM Mutex/Monitor currently owned by a thread: None

Heap address: 0x0000000080000000, size: 2048 MB, Compressed Oops mode: 32-bit

CDS archive(s) mapped at: [0x000002165e000000-0x000002165ebc0000-0x000002165ebc0000), size 12320768, SharedBaseAddress: 0x000002165e000000, ArchiveRelocationMode: 1.
Compressed class space mapped at: 0x000002165f000000-0x0000021679000000, reserved size: 436207616
Narrow klass base: 0x000002165e000000, Narrow klass shift: 0, Narrow klass range: 0x100000000

GC Precious Log:
 CPUs: 4 total, 4 available
 Memory: 16309M
 Large Page Support: Disabled
 NUMA Support: Disabled
 Compressed Oops: Enabled (32-bit)
 Heap Region Size: 1M
 Heap Min Capacity: 8M
 Heap Initial Capacity: 256M
 Heap Max Capacity: 2G
 Pre-touch: Disabled
 Parallel Workers: 4
 Concurrent Workers: 1
 Concurrent Refinement Workers: 4
 Periodic GC: Disabled

Heap:
 garbage-first heap   total 244736K, used 197598K [0x0000000080000000, 0x0000000100000000)
  region size 1024K, 31 young (31744K), 6 survivors (6144K)
 Metaspace       used 106742K, committed 107776K, reserved 557056K
  class space    used 14764K, committed 15232K, reserved 425984K

Heap Regions: E=young(eden), S=young(survivor), O=old, HS=humongous(starts), HC=humongous(continues), CS=collection set, F=free, OA=open archive, CA=closed archive, TAMS=top-at-mark-start (previous, next)
|   0|0x0000000080000000, 0x0000000080100000, 0x0000000080100000|100%| O|  |TAMS 0x0000000080100000, 0x0000000080000000| Untracked 
|   1|0x0000000080100000, 0x0000000080200000, 0x0000000080200000|100%| O|  |TAMS 0x0000000080200000, 0x0000000080100000| Untracked 
|   2|0x0000000080200000, 0x0000000080300000, 0x0000000080300000|100%|HS|  |TAMS 0x0000000080300000, 0x0000000080200000| Complete 
|   3|0x0000000080300000, 0x0000000080400000, 0x0000000080400000|100%|HC|  |TAMS 0x0000000080400000, 0x0000000080300000| Complete 
|   4|0x0000000080400000, 0x0000000080500000, 0x0000000080500000|100%|HC|  |TAMS 0x0000000080500000, 0x0000000080400000| Complete 
|   5|0x0000000080500000, 0x0000000080600000, 0x0000000080600000|100%|HC|  |TAMS 0x0000000080600000, 0x0000000080500000| Complete 
|   6|0x0000000080600000, 0x0000000080700000, 0x0000000080700000|100%| O|  |TAMS 0x0000000080700000, 0x0000000080600000| Untracked 
|   7|0x0000000080700000, 0x0000000080800000, 0x0000000080800000|100%| O|  |TAMS 0x0000000080800000, 0x0000000080700000| Untracked 
|   8|0x0000000080800000, 0x0000000080900000, 0x0000000080900000|100%| O|  |TAMS 0x0000000080900000, 0x0000000080800000| Untracked 
|   9|0x0000000080900000, 0x0000000080a00000, 0x0000000080a00000|100%| O|  |TAMS 0x0000000080a00000, 0x0000000080900000| Untracked 
|  10|0x0000000080a00000, 0x0000000080b00000, 0x0000000080b00000|100%| O|  |TAMS 0x0000000080b00000, 0x0000000080a00000| Untracked 
|  11|0x0000000080b00000, 0x0000000080c00000, 0x0000000080c00000|100%|HS|  |TAMS 0x0000000080b00000, 0x0000000080b00000| Complete 
|  12|0x0000000080c00000, 0x0000000080d00000, 0x0000000080d00000|100%| O|  |TAMS 0x0000000080d00000, 0x0000000080c00000| Untracked 
|  13|0x0000000080d00000, 0x0000000080e00000, 0x0000000080e00000|100%| O|  |TAMS 0x0000000080e00000, 0x0000000080d00000| Untracked 
|  14|0x0000000080e00000, 0x0000000080f00000, 0x0000000080f00000|100%| O|  |TAMS 0x0000000080f00000, 0x0000000080e00000| Untracked 
|  15|0x0000000080f00000, 0x0000000081000000, 0x0000000081000000|100%| O|  |TAMS 0x0000000081000000, 0x0000000080f00000| Untracked 
|  16|0x0000000081000000, 0x0000000081100000, 0x0000000081100000|100%| O|  |TAMS 0x0000000081100000, 0x0000000081000000| Untracked 
|  17|0x0000000081100000, 0x0000000081200000, 0x0000000081200000|100%| O|  |TAMS 0x0000000081200000, 0x0000000081100000| Untracked 
|  18|0x0000000081200000, 0x0000000081300000, 0x0000000081300000|100%| O|  |TAMS 0x0000000081300000, 0x0000000081200000| Untracked 
|  19|0x0000000081300000, 0x0000000081400000, 0x0000000081400000|100%| O|  |TAMS 0x0000000081400000, 0x0000000081300000| Untracked 
|  20|0x0000000081400000, 0x0000000081500000, 0x0000000081500000|100%| O|  |TAMS 0x0000000081500000, 0x0000000081400000| Untracked 
|  21|0x0000000081500000, 0x0000000081600000, 0x0000000081600000|100%| O|  |TAMS 0x0000000081600000, 0x0000000081500000| Untracked 
|  22|0x0000000081600000, 0x0000000081700000, 0x0000000081700000|100%| O|  |TAMS 0x0000000081700000, 0x0000000081600000| Untracked 
|  23|0x0000000081700000, 0x0000000081800000, 0x0000000081800000|100%| O|  |TAMS 0x0000000081800000, 0x0000000081700000| Untracked 
|  24|0x0000000081800000, 0x0000000081900000, 0x0000000081900000|100%| O|  |TAMS 0x0000000081900000, 0x0000000081800000| Untracked 
|  25|0x0000000081900000, 0x0000000081a00000, 0x0000000081a00000|100%| O|  |TAMS 0x0000000081a00000, 0x0000000081900000| Untracked 
|  26|0x0000000081a00000, 0x0000000081b00000, 0x0000000081b00000|100%| O|  |TAMS 0x0000000081b00000, 0x0000000081a00000| Untracked 
|  27|0x0000000081b00000, 0x0000000081c00000, 0x0000000081c00000|100%| O|  |TAMS 0x0000000081c00000, 0x0000000081b00000| Untracked 
|  28|0x0000000081c00000, 0x0000000081d00000, 0x0000000081d00000|100%| O|  |TAMS 0x0000000081d00000, 0x0000000081c00000| Untracked 
|  29|0x0000000081d00000, 0x0000000081e00000, 0x0000000081e00000|100%| O|  |TAMS 0x0000000081e00000, 0x0000000081d00000| Untracked 
|  30|0x0000000081e00000, 0x0000000081f00000, 0x0000000081f00000|100%| O|  |TAMS 0x0000000081f00000, 0x0000000081e00000| Untracked 
|  31|0x0000000081f00000, 0x0000000082000000, 0x0000000082000000|100%| O|  |TAMS 0x0000000082000000, 0x0000000081f00000| Untracked 
|  32|0x0000000082000000, 0x0000000082100000, 0x0000000082100000|100%| O|  |TAMS 0x0000000082100000, 0x0000000082000000| Untracked 
|  33|0x0000000082100000, 0x0000000082200000, 0x0000000082200000|100%| O|  |TAMS 0x0000000082200000, 0x0000000082100000| Untracked 
|  34|0x0000000082200000, 0x0000000082300000, 0x0000000082300000|100%| O|  |TAMS 0x0000000082300000, 0x0000000082200000| Untracked 
|  35|0x0000000082300000, 0x0000000082400000, 0x0000000082400000|100%| O|  |TAMS 0x0000000082400000, 0x0000000082300000| Untracked 
|  36|0x0000000082400000, 0x0000000082500000, 0x0000000082500000|100%| O|  |TAMS 0x0000000082500000, 0x0000000082400000| Untracked 
|  37|0x0000000082500000, 0x0000000082600000, 0x0000000082600000|100%| O|  |TAMS 0x0000000082600000, 0x0000000082500000| Untracked 
|  38|0x0000000082600000, 0x0000000082700000, 0x0000000082700000|100%| O|  |TAMS 0x0000000082700000, 0x0000000082600000| Untracked 
|  39|0x0000000082700000, 0x0000000082800000, 0x0000000082800000|100%| O|  |TAMS 0x0000000082700000, 0x0000000082700000| Untracked 
|  40|0x0000000082800000, 0x0000000082900000, 0x0000000082900000|100%| O|  |TAMS 0x0000000082900000, 0x0000000082800000| Untracked 
|  41|0x0000000082900000, 0x0000000082a00000, 0x0000000082a00000|100%| O|  |TAMS 0x0000000082a00000, 0x0000000082900000| Untracked 
|  42|0x0000000082a00000, 0x0000000082b00000, 0x0000000082b00000|100%| O|  |TAMS 0x0000000082b00000, 0x0000000082a00000| Untracked 
|  43|0x0000000082b00000, 0x0000000082c00000, 0x0000000082c00000|100%|HS|  |TAMS 0x0000000082c00000, 0x0000000082b00000| Complete 
|  44|0x0000000082c00000, 0x0000000082d00000, 0x0000000082d00000|100%|HC|  |TAMS 0x0000000082d00000, 0x0000000082c00000| Complete 
|  45|0x0000000082d00000, 0x0000000082e00000, 0x0000000082e00000|100%|HS|  |TAMS 0x0000000082e00000, 0x0000000082d00000| Complete 
|  46|0x0000000082e00000, 0x0000000082f00000, 0x0000000082f00000|100%|HC|  |TAMS 0x0000000082f00000, 0x0000000082e00000| Complete 
|  47|0x0000000082f00000, 0x0000000083000000, 0x0000000083000000|100%|HS|  |TAMS 0x0000000083000000, 0x0000000082f00000| Complete 
|  48|0x0000000083000000, 0x0000000083100000, 0x0000000083100000|100%|HC|  |TAMS 0x0000000083100000, 0x0000000083000000| Complete 
|  49|0x0000000083100000, 0x0000000083200000, 0x0000000083200000|100%|HC|  |TAMS 0x0000000083200000, 0x0000000083100000| Complete 
|  50|0x0000000083200000, 0x0000000083300000, 0x0000000083300000|100%|HC|  |TAMS 0x0000000083300000, 0x0000000083200000| Complete 
|  51|0x0000000083300000, 0x0000000083400000, 0x0000000083400000|100%| O|  |TAMS 0x0000000083400000, 0x0000000083300000| Untracked 
|  52|0x0000000083400000, 0x0000000083500000, 0x0000000083500000|100%| O|  |TAMS 0x0000000083500000, 0x0000000083400000| Untracked 
|  53|0x0000000083500000, 0x0000000083600000, 0x0000000083600000|100%| O|  |TAMS 0x0000000083600000, 0x0000000083500000| Untracked 
|  54|0x0000000083600000, 0x0000000083700000, 0x0000000083700000|100%| O|  |TAMS 0x0000000083700000, 0x0000000083600000| Untracked 
|  55|0x0000000083700000, 0x0000000083800000, 0x0000000083800000|100%| O|  |TAMS 0x0000000083800000, 0x0000000083700000| Untracked 
|  56|0x0000000083800000, 0x0000000083900000, 0x0000000083900000|100%|HS|  |TAMS 0x0000000083900000, 0x0000000083800000| Complete 
|  57|0x0000000083900000, 0x0000000083a00000, 0x0000000083a00000|100%|HC|  |TAMS 0x0000000083a00000, 0x0000000083900000| Complete 
|  58|0x0000000083a00000, 0x0000000083b00000, 0x0000000083b00000|100%|HC|  |TAMS 0x0000000083b00000, 0x0000000083a00000| Complete 
|  59|0x0000000083b00000, 0x0000000083c00000, 0x0000000083c00000|100%|HC|  |TAMS 0x0000000083c00000, 0x0000000083b00000| Complete 
|  60|0x0000000083c00000, 0x0000000083d00000, 0x0000000083d00000|100%| O|  |TAMS 0x0000000083d00000, 0x0000000083c00000| Untracked 
|  61|0x0000000083d00000, 0x0000000083e00000, 0x0000000083e00000|100%| O|  |TAMS 0x0000000083e00000, 0x0000000083d00000| Untracked 
|  62|0x0000000083e00000, 0x0000000083f00000, 0x0000000083f00000|100%| O|  |TAMS 0x0000000083f00000, 0x0000000083e00000| Untracked 
|  63|0x0000000083f00000, 0x0000000084000000, 0x0000000084000000|100%| O|  |TAMS 0x0000000083f28400, 0x0000000083f00000| Untracked 
|  64|0x0000000084000000, 0x0000000084100000, 0x0000000084100000|100%| O|  |TAMS 0x0000000084000000, 0x0000000084000000| Untracked 
|  65|0x0000000084100000, 0x0000000084200000, 0x0000000084200000|100%| O|  |TAMS 0x0000000084100000, 0x0000000084100000| Untracked 
|  66|0x0000000084200000, 0x0000000084300000, 0x0000000084300000|100%| O|  |TAMS 0x0000000084200000, 0x0000000084200000| Untracked 
|  67|0x0000000084300000, 0x0000000084400000, 0x0000000084400000|100%|HS|  |TAMS 0x0000000084300000, 0x0000000084300000| Complete 
|  68|0x0000000084400000, 0x0000000084500000, 0x0000000084500000|100%|HS|  |TAMS 0x0000000084400000, 0x0000000084400000| Complete 
|  69|0x0000000084500000, 0x0000000084600000, 0x0000000084600000|100%| O|  |TAMS 0x0000000084500000, 0x0000000084500000| Untracked 
|  70|0x0000000084600000, 0x0000000084700000, 0x0000000084700000|100%|HS|  |TAMS 0x0000000084600000, 0x0000000084600000| Complete 
|  71|0x0000000084700000, 0x0000000084800000, 0x0000000084800000|100%| O|  |TAMS 0x0000000084700000, 0x0000000084700000| Untracked 
|  72|0x0000000084800000, 0x0000000084900000, 0x0000000084900000|100%| O|  |TAMS 0x0000000084800000, 0x0000000084800000| Untracked 
|  73|0x0000000084900000, 0x0000000084a00000, 0x0000000084a00000|100%| O|  |TAMS 0x0000000084900000, 0x0000000084900000| Untracked 
|  74|0x0000000084a00000, 0x0000000084b00000, 0x0000000084b00000|100%| O|  |TAMS 0x0000000084a00000, 0x0000000084a00000| Untracked 
|  75|0x0000000084b00000, 0x0000000084c00000, 0x0000000084c00000|100%| O|  |TAMS 0x0000000084b00000, 0x0000000084b00000| Untracked 
|  76|0x0000000084c00000, 0x0000000084d00000, 0x0000000084d00000|100%| O|  |TAMS 0x0000000084c00000, 0x0000000084c00000| Untracked 
|  77|0x0000000084d00000, 0x0000000084e00000, 0x0000000084e00000|100%| O|  |TAMS 0x0000000084d00000, 0x0000000084d00000| Untracked 
|  78|0x0000000084e00000, 0x0000000084f00000, 0x0000000084f00000|100%| O|  |TAMS 0x0000000084e00000, 0x0000000084e00000| Untracked 
|  79|0x0000000084f00000, 0x0000000085000000, 0x0000000085000000|100%| O|  |TAMS 0x0000000084f00000, 0x0000000084f00000| Untracked 
|  80|0x0000000085000000, 0x0000000085100000, 0x0000000085100000|100%| O|  |TAMS 0x0000000085000000, 0x0000000085000000| Untracked 
|  81|0x0000000085100000, 0x0000000085200000, 0x0000000085200000|100%| O|  |TAMS 0x0000000085100000, 0x0000000085100000| Untracked 
|  82|0x0000000085200000, 0x0000000085300000, 0x0000000085300000|100%| O|  |TAMS 0x0000000085200000, 0x0000000085200000| Untracked 
|  83|0x0000000085300000, 0x0000000085400000, 0x0000000085400000|100%| O|  |TAMS 0x0000000085300000, 0x0000000085300000| Untracked 
|  84|0x0000000085400000, 0x0000000085500000, 0x0000000085500000|100%| O|  |TAMS 0x0000000085400000, 0x0000000085400000| Untracked 
|  85|0x0000000085500000, 0x0000000085600000, 0x0000000085600000|100%| O|  |TAMS 0x0000000085500000, 0x0000000085500000| Untracked 
|  86|0x0000000085600000, 0x0000000085700000, 0x0000000085700000|100%| O|  |TAMS 0x0000000085600000, 0x0000000085600000| Untracked 
|  87|0x0000000085700000, 0x0000000085800000, 0x0000000085800000|100%| O|  |TAMS 0x0000000085700000, 0x0000000085700000| Untracked 
|  88|0x0000000085800000, 0x0000000085900000, 0x0000000085900000|100%| O|  |TAMS 0x0000000085800000, 0x0000000085800000| Untracked 
|  89|0x0000000085900000, 0x0000000085a00000, 0x0000000085a00000|100%| O|  |TAMS 0x0000000085900000, 0x0000000085900000| Untracked 
|  90|0x0000000085a00000, 0x0000000085b00000, 0x0000000085b00000|100%| O|  |TAMS 0x0000000085a00000, 0x0000000085a00000| Untracked 
|  91|0x0000000085b00000, 0x0000000085c00000, 0x0000000085c00000|100%| O|  |TAMS 0x0000000085b00000, 0x0000000085b00000| Untracked 
|  92|0x0000000085c00000, 0x0000000085d00000, 0x0000000085d00000|100%| O|  |TAMS 0x0000000085c00000, 0x0000000085c00000| Untracked 
|  93|0x0000000085d00000, 0x0000000085e00000, 0x0000000085e00000|100%| O|  |TAMS 0x0000000085d00000, 0x0000000085d00000| Untracked 
|  94|0x0000000085e00000, 0x0000000085f00000, 0x0000000085f00000|100%| O|  |TAMS 0x0000000085e00000, 0x0000000085e00000| Untracked 
|  95|0x0000000085f00000, 0x0000000086000000, 0x0000000086000000|100%| O|  |TAMS 0x0000000085f00000, 0x0000000085f00000| Untracked 
|  96|0x0000000086000000, 0x0000000086100000, 0x0000000086100000|100%|HS|  |TAMS 0x0000000086000000, 0x0000000086000000| Complete 
|  97|0x0000000086100000, 0x0000000086200000, 0x0000000086200000|100%|HC|  |TAMS 0x0000000086100000, 0x0000000086100000| Complete 
|  98|0x0000000086200000, 0x0000000086300000, 0x0000000086300000|100%| O|  |TAMS 0x0000000086200000, 0x0000000086200000| Untracked 
|  99|0x0000000086300000, 0x0000000086400000, 0x0000000086400000|100%| O|  |TAMS 0x0000000086300000, 0x0000000086300000| Untracked 
| 100|0x0000000086400000, 0x0000000086500000, 0x0000000086500000|100%| O|  |TAMS 0x0000000086400000, 0x0000000086400000| Untracked 
| 101|0x0000000086500000, 0x0000000086600000, 0x0000000086600000|100%| O|  |TAMS 0x0000000086500000, 0x0000000086500000| Untracked 
| 102|0x0000000086600000, 0x0000000086700000, 0x0000000086700000|100%| O|  |TAMS 0x0000000086600000, 0x0000000086600000| Untracked 
| 103|0x0000000086700000, 0x0000000086800000, 0x0000000086800000|100%| O|  |TAMS 0x0000000086700000, 0x0000000086700000| Untracked 
| 104|0x0000000086800000, 0x0000000086900000, 0x0000000086900000|100%| O|  |TAMS 0x0000000086800000, 0x0000000086800000| Untracked 
| 105|0x0000000086900000, 0x0000000086a00000, 0x0000000086a00000|100%| O|  |TAMS 0x0000000086900000, 0x0000000086900000| Untracked 
| 106|0x0000000086a00000, 0x0000000086b00000, 0x0000000086b00000|100%|HS|  |TAMS 0x0000000086a00000, 0x0000000086a00000| Complete 
| 107|0x0000000086b00000, 0x0000000086c00000, 0x0000000086c00000|100%|HC|  |TAMS 0x0000000086b00000, 0x0000000086b00000| Complete 
| 108|0x0000000086c00000, 0x0000000086d00000, 0x0000000086d00000|100%|HS|  |TAMS 0x0000000086c00000, 0x0000000086c00000| Complete 
| 109|0x0000000086d00000, 0x0000000086e00000, 0x0000000086e00000|100%|HS|  |TAMS 0x0000000086d00000, 0x0000000086d00000| Complete 
| 110|0x0000000086e00000, 0x0000000086f00000, 0x0000000086f00000|100%|HS|  |TAMS 0x0000000086e00000, 0x0000000086e00000| Complete 
| 111|0x0000000086f00000, 0x0000000087000000, 0x0000000087000000|100%|HC|  |TAMS 0x0000000086f00000, 0x0000000086f00000| Complete 
| 112|0x0000000087000000, 0x0000000087100000, 0x0000000087100000|100%| O|  |TAMS 0x0000000087000000, 0x0000000087000000| Untracked 
| 113|0x0000000087100000, 0x0000000087200000, 0x0000000087200000|100%| O|  |TAMS 0x0000000087100000, 0x0000000087100000| Untracked 
| 114|0x0000000087200000, 0x0000000087300000, 0x0000000087300000|100%| O|  |TAMS 0x0000000087200000, 0x0000000087200000| Untracked 
| 115|0x0000000087300000, 0x0000000087400000, 0x0000000087400000|100%| O|  |TAMS 0x0000000087300000, 0x0000000087300000| Untracked 
| 116|0x0000000087400000, 0x0000000087500000, 0x0000000087500000|100%| O|  |TAMS 0x0000000087400000, 0x0000000087400000| Untracked 
| 117|0x0000000087500000, 0x0000000087600000, 0x0000000087600000|100%| O|  |TAMS 0x0000000087500000, 0x0000000087500000| Untracked 
| 118|0x0000000087600000, 0x0000000087700000, 0x0000000087700000|100%| O|  |TAMS 0x0000000087600000, 0x0000000087600000| Untracked 
| 119|0x0000000087700000, 0x0000000087800000, 0x0000000087800000|100%| O|  |TAMS 0x0000000087700000, 0x0000000087700000| Untracked 
| 120|0x0000000087800000, 0x0000000087900000, 0x0000000087900000|100%| O|  |TAMS 0x0000000087800000, 0x0000000087800000| Untracked 
| 121|0x0000000087900000, 0x0000000087a00000, 0x0000000087a00000|100%|HS|  |TAMS 0x0000000087900000, 0x0000000087900000| Complete 
| 122|0x0000000087a00000, 0x0000000087b00000, 0x0000000087b00000|100%| O|  |TAMS 0x0000000087a00000, 0x0000000087a00000| Untracked 
| 123|0x0000000087b00000, 0x0000000087c00000, 0x0000000087c00000|100%| O|  |TAMS 0x0000000087b00000, 0x0000000087b00000| Untracked 
| 124|0x0000000087c00000, 0x0000000087d00000, 0x0000000087d00000|100%| O|  |TAMS 0x0000000087c00000, 0x0000000087c00000| Untracked 
| 125|0x0000000087d00000, 0x0000000087e00000, 0x0000000087e00000|100%| O|  |TAMS 0x0000000087d00000, 0x0000000087d00000| Untracked 
| 126|0x0000000087e00000, 0x0000000087f00000, 0x0000000087f00000|100%| O|  |TAMS 0x0000000087e00000, 0x0000000087e00000| Untracked 
| 127|0x0000000087f00000, 0x0000000088000000, 0x0000000088000000|100%|HS|  |TAMS 0x0000000087f00000, 0x0000000087f00000| Complete 
| 128|0x0000000088000000, 0x0000000088100000, 0x0000000088100000|100%| O|  |TAMS 0x0000000088000000, 0x0000000088000000| Untracked 
| 129|0x0000000088100000, 0x0000000088200000, 0x0000000088200000|100%| O|  |TAMS 0x0000000088100000, 0x0000000088100000| Untracked 
| 130|0x0000000088200000, 0x0000000088300000, 0x0000000088300000|100%| O|  |TAMS 0x0000000088200000, 0x0000000088200000| Untracked 
| 131|0x0000000088300000, 0x0000000088400000, 0x0000000088400000|100%| O|  |TAMS 0x0000000088300000, 0x0000000088300000| Untracked 
| 132|0x0000000088400000, 0x0000000088500000, 0x0000000088500000|100%| O|  |TAMS 0x0000000088400000, 0x0000000088400000| Untracked 
| 133|0x0000000088500000, 0x0000000088600000, 0x0000000088600000|100%| O|  |TAMS 0x0000000088500000, 0x0000000088500000| Untracked 
| 134|0x0000000088600000, 0x0000000088700000, 0x0000000088700000|100%| O|  |TAMS 0x0000000088600000, 0x0000000088600000| Untracked 
| 135|0x0000000088700000, 0x0000000088800000, 0x0000000088800000|100%| O|  |TAMS 0x0000000088700000, 0x0000000088700000| Untracked 
| 136|0x0000000088800000, 0x0000000088900000, 0x0000000088900000|100%| O|  |TAMS 0x0000000088800000, 0x0000000088800000| Untracked 
| 137|0x0000000088900000, 0x0000000088a00000, 0x0000000088a00000|100%| O|  |TAMS 0x0000000088900000, 0x0000000088900000| Untracked 
| 138|0x0000000088a00000, 0x0000000088b00000, 0x0000000088b00000|100%| O|  |TAMS 0x0000000088a00000, 0x0000000088a00000| Untracked 
| 139|0x0000000088b00000, 0x0000000088c00000, 0x0000000088c00000|100%| O|  |TAMS 0x0000000088b00000, 0x0000000088b00000| Untracked 
| 140|0x0000000088c00000, 0x0000000088d00000, 0x0000000088d00000|100%| O|  |TAMS 0x0000000088c00000, 0x0000000088c00000| Untracked 
| 141|0x0000000088d00000, 0x0000000088e00000, 0x0000000088e00000|100%| O|  |TAMS 0x0000000088d00000, 0x0000000088d00000| Untracked 
| 142|0x0000000088e00000, 0x0000000088f00000, 0x0000000088f00000|100%| O|  |TAMS 0x0000000088e00000, 0x0000000088e00000| Untracked 
| 143|0x0000000088f00000, 0x0000000089000000, 0x0000000089000000|100%| O|  |TAMS 0x0000000088f00000, 0x0000000088f00000| Untracked 
| 144|0x0000000089000000, 0x0000000089100000, 0x0000000089100000|100%| O|  |TAMS 0x0000000089000000, 0x0000000089000000| Untracked 
| 145|0x0000000089100000, 0x0000000089200000, 0x0000000089200000|100%| O|  |TAMS 0x0000000089100000, 0x0000000089100000| Untracked 
| 146|0x0000000089200000, 0x0000000089300000, 0x0000000089300000|100%| O|  |TAMS 0x0000000089200000, 0x0000000089200000| Untracked 
| 147|0x0000000089300000, 0x0000000089400000, 0x0000000089400000|100%| O|  |TAMS 0x0000000089300000, 0x0000000089300000| Untracked 
| 148|0x0000000089400000, 0x0000000089500000, 0x0000000089500000|100%| O|  |TAMS 0x0000000089400000, 0x0000000089400000| Untracked 
| 149|0x0000000089500000, 0x0000000089600000, 0x0000000089600000|100%| O|  |TAMS 0x0000000089500000, 0x0000000089500000| Untracked 
| 150|0x0000000089600000, 0x0000000089700000, 0x0000000089700000|100%| O|  |TAMS 0x0000000089600000, 0x0000000089600000| Untracked 
| 151|0x0000000089700000, 0x0000000089800000, 0x0000000089800000|100%| O|  |TAMS 0x0000000089700000, 0x0000000089700000| Untracked 
| 152|0x0000000089800000, 0x0000000089900000, 0x0000000089900000|100%| O|  |TAMS 0x0000000089800000, 0x0000000089800000| Untracked 
| 153|0x0000000089900000, 0x0000000089a00000, 0x0000000089a00000|100%| O|  |TAMS 0x0000000089900000, 0x0000000089900000| Untracked 
| 154|0x0000000089a00000, 0x0000000089b00000, 0x0000000089b00000|100%| O|  |TAMS 0x0000000089a00000, 0x0000000089a00000| Untracked 
| 155|0x0000000089b00000, 0x0000000089c00000, 0x0000000089c00000|100%| O|  |TAMS 0x0000000089b00000, 0x0000000089b00000| Untracked 
| 156|0x0000000089c00000, 0x0000000089d00000, 0x0000000089d00000|100%| O|  |TAMS 0x0000000089c00000, 0x0000000089c00000| Untracked 
| 157|0x0000000089d00000, 0x0000000089e00000, 0x0000000089e00000|100%| O|  |TAMS 0x0000000089d00000, 0x0000000089d00000| Untracked 
| 158|0x0000000089e00000, 0x0000000089f00000, 0x0000000089f00000|100%| O|  |TAMS 0x0000000089e00000, 0x0000000089e00000| Untracked 
| 159|0x0000000089f00000, 0x000000008a000000, 0x000000008a000000|100%| O|  |TAMS 0x0000000089f00000, 0x0000000089f00000| Untracked 
| 160|0x000000008a000000, 0x000000008a100000, 0x000000008a100000|100%| O|  |TAMS 0x000000008a000000, 0x000000008a000000| Untracked 
| 161|0x000000008a100000, 0x000000008a200000, 0x000000008a200000|100%| O|  |TAMS 0x000000008a100000, 0x000000008a100000| Untracked 
| 162|0x000000008a200000, 0x000000008a2f7a00, 0x000000008a300000| 96%| O|  |TAMS 0x000000008a200000, 0x000000008a200000| Untracked 
| 163|0x000000008a300000, 0x000000008a400000, 0x000000008a400000|100%|HS|  |TAMS 0x000000008a300000, 0x000000008a300000| Complete 
| 164|0x000000008a400000, 0x000000008a400000, 0x000000008a500000|  0%| F|  |TAMS 0x000000008a400000, 0x000000008a400000| Untracked 
| 165|0x000000008a500000, 0x000000008a500000, 0x000000008a600000|  0%| F|  |TAMS 0x000000008a500000, 0x000000008a500000| Untracked 
| 166|0x000000008a600000, 0x000000008a600000, 0x000000008a700000|  0%| F|  |TAMS 0x000000008a600000, 0x000000008a600000| Untracked 
| 167|0x000000008a700000, 0x000000008a700000, 0x000000008a800000|  0%| F|  |TAMS 0x000000008a700000, 0x000000008a700000| Untracked 
| 168|0x000000008a800000, 0x000000008a800000, 0x000000008a900000|  0%| F|  |TAMS 0x000000008a800000, 0x000000008a800000| Untracked 
| 169|0x000000008a900000, 0x000000008a900000, 0x000000008aa00000|  0%| F|  |TAMS 0x000000008a900000, 0x000000008a900000| Untracked 
| 170|0x000000008aa00000, 0x000000008aa00000, 0x000000008ab00000|  0%| F|  |TAMS 0x000000008aa00000, 0x000000008aa00000| Untracked 
| 171|0x000000008ab00000, 0x000000008ab00000, 0x000000008ac00000|  0%| F|  |TAMS 0x000000008ab00000, 0x000000008ab00000| Untracked 
| 172|0x000000008ac00000, 0x000000008ac00000, 0x000000008ad00000|  0%| F|  |TAMS 0x000000008ac00000, 0x000000008ac00000| Untracked 
| 173|0x000000008ad00000, 0x000000008ad00000, 0x000000008ae00000|  0%| F|  |TAMS 0x000000008ad00000, 0x000000008ad00000| Untracked 
| 174|0x000000008ae00000, 0x000000008ae00000, 0x000000008af00000|  0%| F|  |TAMS 0x000000008ae00000, 0x000000008ae00000| Untracked 
| 175|0x000000008af00000, 0x000000008af00000, 0x000000008b000000|  0%| F|  |TAMS 0x000000008af00000, 0x000000008af00000| Untracked 
| 176|0x000000008b000000, 0x000000008b000000, 0x000000008b100000|  0%| F|  |TAMS 0x000000008b000000, 0x000000008b000000| Untracked 
| 177|0x000000008b100000, 0x000000008b100000, 0x000000008b200000|  0%| F|  |TAMS 0x000000008b100000, 0x000000008b100000| Untracked 
| 178|0x000000008b200000, 0x000000008b200000, 0x000000008b300000|  0%| F|  |TAMS 0x000000008b200000, 0x000000008b200000| Untracked 
| 179|0x000000008b300000, 0x000000008b300000, 0x000000008b400000|  0%| F|  |TAMS 0x000000008b300000, 0x000000008b300000| Untracked 
| 180|0x000000008b400000, 0x000000008b400000, 0x000000008b500000|  0%| F|  |TAMS 0x000000008b400000, 0x000000008b400000| Untracked 
| 181|0x000000008b500000, 0x000000008b500000, 0x000000008b600000|  0%| F|  |TAMS 0x000000008b500000, 0x000000008b500000| Untracked 
| 182|0x000000008b600000, 0x000000008b600000, 0x000000008b700000|  0%| F|  |TAMS 0x000000008b600000, 0x000000008b600000| Untracked 
| 183|0x000000008b700000, 0x000000008b700000, 0x000000008b800000|  0%| F|  |TAMS 0x000000008b700000, 0x000000008b700000| Untracked 
| 184|0x000000008b800000, 0x000000008b800000, 0x000000008b900000|  0%| F|  |TAMS 0x000000008b800000, 0x000000008b800000| Untracked 
| 185|0x000000008b900000, 0x000000008b900000, 0x000000008ba00000|  0%| F|  |TAMS 0x000000008b900000, 0x000000008b900000| Untracked 
| 186|0x000000008ba00000, 0x000000008ba00000, 0x000000008bb00000|  0%| F|  |TAMS 0x000000008ba00000, 0x000000008ba00000| Untracked 
| 187|0x000000008bb00000, 0x000000008bb00000, 0x000000008bc00000|  0%| F|  |TAMS 0x000000008bb00000, 0x000000008bb00000| Untracked 
| 188|0x000000008bc00000, 0x000000008bc00000, 0x000000008bd00000|  0%| F|  |TAMS 0x000000008bc00000, 0x000000008bc00000| Untracked 
| 189|0x000000008bd00000, 0x000000008bd00000, 0x000000008be00000|  0%| F|  |TAMS 0x000000008bd00000, 0x000000008bd00000| Untracked 
| 190|0x000000008be00000, 0x000000008be00000, 0x000000008bf00000|  0%| F|  |TAMS 0x000000008be00000, 0x000000008be00000| Untracked 
| 191|0x000000008bf00000, 0x000000008bf00000, 0x000000008c000000|  0%| F|  |TAMS 0x000000008bf00000, 0x000000008bf00000| Untracked 
| 192|0x000000008c000000, 0x000000008c000000, 0x000000008c100000|  0%| F|  |TAMS 0x000000008c000000, 0x000000008c000000| Untracked 
| 193|0x000000008c100000, 0x000000008c100000, 0x000000008c200000|  0%| F|  |TAMS 0x000000008c100000, 0x000000008c100000| Untracked 
| 194|0x000000008c200000, 0x000000008c200000, 0x000000008c300000|  0%| F|  |TAMS 0x000000008c200000, 0x000000008c200000| Untracked 
| 195|0x000000008c300000, 0x000000008c400000, 0x000000008c400000|100%| S|CS|TAMS 0x000000008c300000, 0x000000008c300000| Complete 
| 196|0x000000008c400000, 0x000000008c500000, 0x000000008c500000|100%| S|CS|TAMS 0x000000008c400000, 0x000000008c400000| Complete 
| 197|0x000000008c500000, 0x000000008c600000, 0x000000008c600000|100%| S|CS|TAMS 0x000000008c500000, 0x000000008c500000| Complete 
| 198|0x000000008c600000, 0x000000008c700000, 0x000000008c700000|100%| S|CS|TAMS 0x000000008c600000, 0x000000008c600000| Complete 
| 199|0x000000008c700000, 0x000000008c800000, 0x000000008c800000|100%| S|CS|TAMS 0x000000008c700000, 0x000000008c700000| Complete 
| 200|0x000000008c800000, 0x000000008c900000, 0x000000008c900000|100%| S|CS|TAMS 0x000000008c800000, 0x000000008c800000| Complete 
| 201|0x000000008c900000, 0x000000008c900000, 0x000000008ca00000|  0%| F|  |TAMS 0x000000008c900000, 0x000000008c900000| Untracked 
| 202|0x000000008ca00000, 0x000000008ca00000, 0x000000008cb00000|  0%| F|  |TAMS 0x000000008ca00000, 0x000000008ca00000| Untracked 
| 203|0x000000008cb00000, 0x000000008cb00000, 0x000000008cc00000|  0%| F|  |TAMS 0x000000008cb00000, 0x000000008cb00000| Untracked 
| 204|0x000000008cc00000, 0x000000008cc00000, 0x000000008cd00000|  0%| F|  |TAMS 0x000000008cc00000, 0x000000008cc00000| Untracked 
| 205|0x000000008cd00000, 0x000000008cd00000, 0x000000008ce00000|  0%| F|  |TAMS 0x000000008cd00000, 0x000000008cd00000| Untracked 
| 206|0x000000008ce00000, 0x000000008ce00000, 0x000000008cf00000|  0%| F|  |TAMS 0x000000008ce00000, 0x000000008ce00000| Untracked 
| 207|0x000000008cf00000, 0x000000008cf00000, 0x000000008d000000|  0%| F|  |TAMS 0x000000008cf00000, 0x000000008cf00000| Untracked 
| 208|0x000000008d000000, 0x000000008d000000, 0x000000008d100000|  0%| F|  |TAMS 0x000000008d000000, 0x000000008d000000| Untracked 
| 209|0x000000008d100000, 0x000000008d100000, 0x000000008d200000|  0%| F|  |TAMS 0x000000008d100000, 0x000000008d100000| Untracked 
| 210|0x000000008d200000, 0x000000008d200000, 0x000000008d300000|  0%| F|  |TAMS 0x000000008d200000, 0x000000008d200000| Untracked 
| 211|0x000000008d300000, 0x000000008d300000, 0x000000008d400000|  0%| F|  |TAMS 0x000000008d300000, 0x000000008d300000| Untracked 
| 212|0x000000008d400000, 0x000000008d400000, 0x000000008d500000|  0%| F|  |TAMS 0x000000008d400000, 0x000000008d400000| Untracked 
| 213|0x000000008d500000, 0x000000008d500000, 0x000000008d600000|  0%| F|  |TAMS 0x000000008d500000, 0x000000008d500000| Untracked 
| 214|0x000000008d600000, 0x000000008d617168, 0x000000008d700000|  9%| E|  |TAMS 0x000000008d600000, 0x000000008d600000| Complete 
| 215|0x000000008d700000, 0x000000008d800000, 0x000000008d800000|100%| E|CS|TAMS 0x000000008d700000, 0x000000008d700000| Complete 
| 216|0x000000008d800000, 0x000000008d900000, 0x000000008d900000|100%| E|CS|TAMS 0x000000008d800000, 0x000000008d800000| Complete 
| 217|0x000000008d900000, 0x000000008da00000, 0x000000008da00000|100%| E|CS|TAMS 0x000000008d900000, 0x000000008d900000| Complete 
| 218|0x000000008da00000, 0x000000008db00000, 0x000000008db00000|100%| E|CS|TAMS 0x000000008da00000, 0x000000008da00000| Complete 
| 219|0x000000008db00000, 0x000000008dc00000, 0x000000008dc00000|100%| E|  |TAMS 0x000000008db00000, 0x000000008db00000| Complete 
| 220|0x000000008dc00000, 0x000000008dd00000, 0x000000008dd00000|100%| E|CS|TAMS 0x000000008dc00000, 0x000000008dc00000| Complete 
| 221|0x000000008dd00000, 0x000000008de00000, 0x000000008de00000|100%| E|CS|TAMS 0x000000008dd00000, 0x000000008dd00000| Complete 
| 222|0x000000008de00000, 0x000000008df00000, 0x000000008df00000|100%| E|CS|TAMS 0x000000008de00000, 0x000000008de00000| Complete 
| 223|0x000000008df00000, 0x000000008e000000, 0x000000008e000000|100%| E|CS|TAMS 0x000000008df00000, 0x000000008df00000| Complete 
| 224|0x000000008e000000, 0x000000008e100000, 0x000000008e100000|100%| E|CS|TAMS 0x000000008e000000, 0x000000008e000000| Complete 
| 225|0x000000008e100000, 0x000000008e200000, 0x000000008e200000|100%| E|CS|TAMS 0x000000008e100000, 0x000000008e100000| Complete 
| 226|0x000000008e200000, 0x000000008e300000, 0x000000008e300000|100%| E|CS|TAMS 0x000000008e200000, 0x000000008e200000| Complete 
| 227|0x000000008e300000, 0x000000008e400000, 0x000000008e400000|100%| E|CS|TAMS 0x000000008e300000, 0x000000008e300000| Complete 
| 228|0x000000008e400000, 0x000000008e500000, 0x000000008e500000|100%| E|CS|TAMS 0x000000008e400000, 0x000000008e400000| Complete 
| 229|0x000000008e500000, 0x000000008e600000, 0x000000008e600000|100%| E|CS|TAMS 0x000000008e500000, 0x000000008e500000| Complete 
| 230|0x000000008e600000, 0x000000008e700000, 0x000000008e700000|100%| E|CS|TAMS 0x000000008e600000, 0x000000008e600000| Complete 
| 231|0x000000008e700000, 0x000000008e800000, 0x000000008e800000|100%| E|CS|TAMS 0x000000008e700000, 0x000000008e700000| Complete 
| 232|0x000000008e800000, 0x000000008e900000, 0x000000008e900000|100%| E|CS|TAMS 0x000000008e800000, 0x000000008e800000| Complete 
| 233|0x000000008e900000, 0x000000008ea00000, 0x000000008ea00000|100%| E|CS|TAMS 0x000000008e900000, 0x000000008e900000| Complete 
| 234|0x000000008ea00000, 0x000000008eb00000, 0x000000008eb00000|100%| E|CS|TAMS 0x000000008ea00000, 0x000000008ea00000| Complete 
| 235|0x000000008eb00000, 0x000000008ec00000, 0x000000008ec00000|100%| E|CS|TAMS 0x000000008eb00000, 0x000000008eb00000| Complete 
| 236|0x000000008ec00000, 0x000000008ed00000, 0x000000008ed00000|100%| E|CS|TAMS 0x000000008ec00000, 0x000000008ec00000| Complete 
| 237|0x000000008ed00000, 0x000000008ee00000, 0x000000008ee00000|100%| E|CS|TAMS 0x000000008ed00000, 0x000000008ed00000| Complete 
| 238|0x000000008ee00000, 0x000000008ef00000, 0x000000008ef00000|100%| E|CS|TAMS 0x000000008ee00000, 0x000000008ee00000| Complete 

Card table byte_map: [0x0000021656f30000,0x0000021657330000] _byte_map_base: 0x0000021656b30000

Marking Bits (Prev, Next): (CMBitMap*) 0x000002163ed02ab0, (CMBitMap*) 0x000002163ed02af0
 Prev Bits: [0x0000021657730000, 0x0000021659730000)
 Next Bits: [0x0000021659730000, 0x000002165b730000)

Polling page: 0x000002163ca30000

Metaspace:

Usage:
  Non-class:     89.82 MB used.
      Class:     14.42 MB used.
       Both:    104.24 MB used.

Virtual space:
  Non-class space:      128.00 MB reserved,      90.38 MB ( 71%) committed,  2 nodes.
      Class space:      416.00 MB reserved,      14.88 MB (  4%) committed,  1 nodes.
             Both:      544.00 MB reserved,     105.25 MB ( 19%) committed. 

Chunk freelists:
   Non-Class:  5.66 MB
       Class:  1.02 MB
        Both:  6.67 MB

MaxMetaspaceSize: 512.00 MB
CompressedClassSpaceSize: 416.00 MB
Initial GC threshold: 21.00 MB
Current GC threshold: 110.56 MB
CDS: on
MetaspaceReclaimPolicy: balanced
 - commit_granule_bytes: 65536.
 - commit_granule_words: 8192.
 - virtual_space_node_default_size: 8388608.
 - enlarge_chunks_in_place: 1.
 - new_chunks_are_fully_committed: 0.
 - uncommit_free_chunks: 1.
 - use_allocation_guard: 0.
 - handle_deallocations: 1.


Internal statistics:

num_allocs_failed_limit: 9.
num_arena_births: 1346.
num_arena_deaths: 0.
num_vsnodes_births: 3.
num_vsnodes_deaths: 0.
num_space_committed: 1684.
num_space_uncommitted: 0.
num_chunks_returned_to_freelist: 9.
num_chunks_taken_from_freelist: 5976.
num_chunk_merges: 9.
num_chunk_splits: 3910.
num_chunks_enlarged: 2552.
num_inconsistent_stats: 0.

CodeHeap 'non-profiled nmethods': size=120000Kb used=7602Kb max_used=7904Kb free=112397Kb
 bounds [0x000002164f600000, 0x000002164fdc0000, 0x0000021656b30000]
CodeHeap 'profiled nmethods': size=120000Kb used=23341Kb max_used=25494Kb free=96658Kb
 bounds [0x0000021647b30000, 0x0000021649420000, 0x000002164f060000]
CodeHeap 'non-nmethods': size=5760Kb used=2437Kb max_used=2490Kb free=3322Kb
 bounds [0x000002164f060000, 0x000002164f2e0000, 0x000002164f600000]
 total_blobs=12637 nmethods=11674 adapters=871
 compilation: enabled
              stopped_count=0, restarted_count=0
 full_count=0

Compilation events (20 events):
Event: 55.120 Thread 0x00000216002d9ee0 13982       4       org.gradle.api.internal.artifacts.ivyservice.resolveengine.graph.builder.EdgeState::getFailure (104 bytes)
Event: 55.121 Thread 0x00000216002d9ee0 nmethod 13982 0x000002164f7cbb10 code [0x000002164f7cbca0, 0x000002164f7cbd98]
Event: 55.121 Thread 0x000002165dc5d490 13983       4       org.gradle.internal.snapshot.impl.IsolatedImmutableManagedValue::isolate (5 bytes)
Event: 55.121 Thread 0x000002167d00c0b0 13984       3       org.gradle.internal.component.external.model.UrlBackedArtifactMetadata::getId (5 bytes)
Event: 55.121 Thread 0x00000216002d9ee0 13985       4       org.gradle.api.internal.attributes.DefaultImmutableAttributes::coerce (38 bytes)
Event: 55.121 Thread 0x000002165dc5d490 nmethod 13983 0x000002164f777f10 code [0x000002164f778080, 0x000002164f7780f8]
Event: 55.121 Thread 0x000002165dc5d490 13986       4       org.gradle.api.internal.attributes.DefaultAttributesSchema$DefaultAttributeSelectionSchema::matchValue (140 bytes)
Event: 55.121 Thread 0x000002167d00c0b0 nmethod 13984 0x0000021647d0e590 code [0x0000021647d0e720, 0x0000021647d0e858]
Event: 55.122 Thread 0x000002167d00c0b0 13987       3       org.gradle.internal.component.external.model.UrlBackedArtifactMetadata::getComponentId (5 bytes)
Event: 55.122 Thread 0x000002167d00c0b0 nmethod 13987 0x0000021647e8be10 code [0x0000021647e8bfa0, 0x0000021647e8c0d8]
Event: 55.123 Thread 0x000002167d00c0b0 13989   !   3       org.gradle.internal.resources.DefaultResourceLockCoordinationService::withStateLock (219 bytes)
Event: 55.124 Thread 0x000002167d00c0b0 nmethod 13989 0x00000216480fdd10 code [0x00000216480fe0c0, 0x00000216480ff2d8]
Event: 55.126 Thread 0x000002167d00c0b0 13990       3       org.gradle.api.internal.artifacts.DefaultModuleVersionIdentifier::newId (26 bytes)
Event: 55.126 Thread 0x000002167d00c0b0 nmethod 13990 0x0000021647c6fb10 code [0x0000021647c6fce0, 0x0000021647c70248]
Event: 55.127 Thread 0x000002167d00c0b0 13991       1       org.gradle.api.internal.artifacts.dsl.ArtifactFile::getName (5 bytes)
Event: 55.127 Thread 0x000002167d00c0b0 nmethod 13991 0x000002164f7cb810 code [0x000002164f7cb9a0, 0x000002164f7cba78]
Event: 55.127 Thread 0x000002167d00c0b0 13992       1       org.gradle.api.internal.artifacts.dsl.ArtifactFile::getClassifier (5 bytes)
Event: 55.127 Thread 0x000002167d00c0b0 nmethod 13992 0x000002164fd6ca10 code [0x000002164fd6cba0, 0x000002164fd6cc78]
Event: 55.128 Thread 0x00000216002d9ee0 nmethod 13985 0x000002164fa83390 code [0x000002164fa83560, 0x000002164fa83c58]
Event: 55.128 Thread 0x00000216002d9ee0 13988       4       org.gradle.api.internal.attributes.DefaultImmutableAttributes::get (10 bytes)

GC Heap History (20 events):
Event: 52.132 GC heap before
{Heap before GC invocations=41 (full 0):
 garbage-first heap   total 203776K, used 167606K [0x0000000080000000, 0x0000000100000000)
  region size 1024K, 36 young (36864K), 7 survivors (7168K)
 Metaspace       used 99272K, committed 100160K, reserved 557056K
  class space    used 13717K, committed 14144K, reserved 425984K
}
Event: 52.140 GC heap after
{Heap after GC invocations=42 (full 0):
 garbage-first heap   total 203776K, used 144896K [0x0000000080000000, 0x0000000100000000)
  region size 1024K, 5 young (5120K), 5 survivors (5120K)
 Metaspace       used 99272K, committed 100160K, reserved 557056K
  class space    used 13717K, committed 14144K, reserved 425984K
}
Event: 52.312 GC heap before
{Heap before GC invocations=42 (full 0):
 garbage-first heap   total 203776K, used 167424K [0x0000000080000000, 0x0000000100000000)
  region size 1024K, 27 young (27648K), 5 survivors (5120K)
 Metaspace       used 99936K, committed 100928K, reserved 557056K
  class space    used 13847K, committed 14272K, reserved 425984K
}
Event: 52.320 GC heap after
{Heap after GC invocations=43 (full 0):
 garbage-first heap   total 203776K, used 149035K [0x0000000080000000, 0x0000000100000000)
  region size 1024K, 4 young (4096K), 4 survivors (4096K)
 Metaspace       used 99936K, committed 100928K, reserved 557056K
  class space    used 13847K, committed 14272K, reserved 425984K
}
Event: 52.646 GC heap before
{Heap before GC invocations=43 (full 0):
 garbage-first heap   total 203776K, used 169515K [0x0000000080000000, 0x0000000100000000)
  region size 1024K, 24 young (24576K), 4 survivors (4096K)
 Metaspace       used 101356K, committed 102400K, reserved 557056K
  class space    used 14021K, committed 14464K, reserved 425984K
}
Event: 52.650 GC heap after
{Heap after GC invocations=44 (full 0):
 garbage-first heap   total 203776K, used 151772K [0x0000000080000000, 0x0000000100000000)
  region size 1024K, 3 young (3072K), 3 survivors (3072K)
 Metaspace       used 101356K, committed 102400K, reserved 557056K
  class space    used 14021K, committed 14464K, reserved 425984K
}
Event: 52.876 GC heap before
{Heap before GC invocations=44 (full 0):
 garbage-first heap   total 203776K, used 171228K [0x0000000080000000, 0x0000000100000000)
  region size 1024K, 22 young (22528K), 3 survivors (3072K)
 Metaspace       used 102334K, committed 103360K, reserved 557056K
  class space    used 14170K, committed 14656K, reserved 425984K
}
Event: 52.881 GC heap after
{Heap after GC invocations=45 (full 0):
 garbage-first heap   total 203776K, used 152726K [0x0000000080000000, 0x0000000100000000)
  region size 1024K, 1 young (1024K), 1 survivors (1024K)
 Metaspace       used 102334K, committed 103360K, reserved 557056K
  class space    used 14170K, committed 14656K, reserved 425984K
}
Event: 53.109 GC heap before
{Heap before GC invocations=45 (full 0):
 garbage-first heap   total 203776K, used 173206K [0x0000000080000000, 0x0000000100000000)
  region size 1024K, 21 young (21504K), 1 survivors (1024K)
 Metaspace       used 103444K, committed 104448K, reserved 557056K
  class space    used 14339K, committed 14784K, reserved 425984K
}
Event: 53.112 GC heap after
{Heap after GC invocations=46 (full 0):
 garbage-first heap   total 203776K, used 153429K [0x0000000080000000, 0x0000000100000000)
  region size 1024K, 2 young (2048K), 2 survivors (2048K)
 Metaspace       used 103444K, committed 104448K, reserved 557056K
  class space    used 14339K, committed 14784K, reserved 425984K
}
Event: 53.296 GC heap before
{Heap before GC invocations=46 (full 0):
 garbage-first heap   total 203776K, used 173909K [0x0000000080000000, 0x0000000100000000)
  region size 1024K, 22 young (22528K), 2 survivors (2048K)
 Metaspace       used 104453K, committed 105472K, reserved 557056K
  class space    used 14481K, committed 14976K, reserved 425984K
}
Event: 53.301 GC heap after
{Heap after GC invocations=47 (full 0):
 garbage-first heap   total 203776K, used 154724K [0x0000000080000000, 0x0000000100000000)
  region size 1024K, 3 young (3072K), 3 survivors (3072K)
 Metaspace       used 104453K, committed 105472K, reserved 557056K
  class space    used 14481K, committed 14976K, reserved 425984K
}
Event: 53.509 GC heap before
{Heap before GC invocations=47 (full 0):
 garbage-first heap   total 203776K, used 175204K [0x0000000080000000, 0x0000000100000000)
  region size 1024K, 23 young (23552K), 3 survivors (3072K)
 Metaspace       used 105603K, committed 106688K, reserved 557056K
  class space    used 14632K, committed 15104K, reserved 425984K
}
Event: 53.516 GC heap after
{Heap after GC invocations=48 (full 0):
 garbage-first heap   total 203776K, used 155823K [0x0000000080000000, 0x0000000100000000)
  region size 1024K, 3 young (3072K), 3 survivors (3072K)
 Metaspace       used 105603K, committed 106688K, reserved 557056K
  class space    used 14632K, committed 15104K, reserved 425984K
}
Event: 53.738 GC heap before
{Heap before GC invocations=48 (full 0):
 garbage-first heap   total 203776K, used 176303K [0x0000000080000000, 0x0000000100000000)
  region size 1024K, 23 young (23552K), 3 survivors (3072K)
 Metaspace       used 106144K, committed 107200K, reserved 557056K
  class space    used 14701K, committed 15168K, reserved 425984K
}
Event: 53.746 GC heap after
{Heap after GC invocations=49 (full 0):
 garbage-first heap   total 244736K, used 158294K [0x0000000080000000, 0x0000000100000000)
  region size 1024K, 3 young (3072K), 3 survivors (3072K)
 Metaspace       used 106144K, committed 107200K, reserved 557056K
  class space    used 14701K, committed 15168K, reserved 425984K
}
Event: 54.119 GC heap before
{Heap before GC invocations=49 (full 0):
 garbage-first heap   total 244736K, used 205398K [0x0000000080000000, 0x0000000100000000)
  region size 1024K, 49 young (50176K), 3 survivors (3072K)
 Metaspace       used 106350K, committed 107328K, reserved 557056K
  class space    used 14722K, committed 15168K, reserved 425984K
}
Event: 54.132 GC heap after
{Heap after GC invocations=50 (full 0):
 garbage-first heap   total 244736K, used 166428K [0x0000000080000000, 0x0000000100000000)
  region size 1024K, 7 young (7168K), 7 survivors (7168K)
 Metaspace       used 106350K, committed 107328K, reserved 557056K
  class space    used 14722K, committed 15168K, reserved 425984K
}
Event: 54.570 GC heap before
{Heap before GC invocations=50 (full 0):
 garbage-first heap   total 244736K, used 205340K [0x0000000080000000, 0x0000000100000000)
  region size 1024K, 45 young (46080K), 7 survivors (7168K)
 Metaspace       used 106479K, committed 107520K, reserved 557056K
  class space    used 14734K, committed 15232K, reserved 425984K
}
Event: 54.582 GC heap after
{Heap after GC invocations=51 (full 0):
 garbage-first heap   total 244736K, used 173022K [0x0000000080000000, 0x0000000100000000)
  region size 1024K, 6 young (6144K), 6 survivors (6144K)
 Metaspace       used 106479K, committed 107520K, reserved 557056K
  class space    used 14734K, committed 15232K, reserved 425984K
}

Dll operation events (15 events):
Event: 0.035 Loaded shared library C:\Program Files\OpenLogic\jdk-17.0.10.7-hotspot\bin\java.dll
Event: 0.055 Loaded shared library C:\Program Files\OpenLogic\jdk-17.0.10.7-hotspot\bin\jsvml.dll
Event: 0.107 Loaded shared library C:\Program Files\OpenLogic\jdk-17.0.10.7-hotspot\bin\zip.dll
Event: 0.110 Loaded shared library C:\Program Files\OpenLogic\jdk-17.0.10.7-hotspot\bin\instrument.dll
Event: 0.117 Loaded shared library C:\Program Files\OpenLogic\jdk-17.0.10.7-hotspot\bin\net.dll
Event: 0.121 Loaded shared library C:\Program Files\OpenLogic\jdk-17.0.10.7-hotspot\bin\nio.dll
Event: 0.125 Loaded shared library C:\Program Files\OpenLogic\jdk-17.0.10.7-hotspot\bin\zip.dll
Event: 0.376 Loaded shared library C:\Program Files\OpenLogic\jdk-17.0.10.7-hotspot\bin\jimage.dll
Event: 0.484 Loaded shared library C:\Program Files\OpenLogic\jdk-17.0.10.7-hotspot\bin\verify.dll
Event: 0.811 Loaded shared library C:\Users\MAHE\.gradle\native\68d5fa5c4cc2d200863cafc0d521ce42e7d3e7ee720ec0a83991735586a16f82\windows-amd64\native-platform.dll
Event: 0.853 Loaded shared library C:\Users\MAHE\.gradle\native\e376f236ea51e6404a007f0833ffe2c6e607c4080706a723a18a27aeea778392\windows-amd64\native-platform-file-events.dll
Event: 2.767 Loaded shared library C:\Program Files\OpenLogic\jdk-17.0.10.7-hotspot\bin\management.dll
Event: 2.776 Loaded shared library C:\Program Files\OpenLogic\jdk-17.0.10.7-hotspot\bin\management_ext.dll
Event: 3.075 Loaded shared library C:\Program Files\OpenLogic\jdk-17.0.10.7-hotspot\bin\extnet.dll
Event: 3.325 Loaded shared library C:\Program Files\OpenLogic\jdk-17.0.10.7-hotspot\bin\sunmscapi.dll

Deoptimization events (20 events):
Event: 54.555 Thread 0x000002167d1085e0 Uncommon trap: trap_request=0xffffff76 fr.pc=0x000002164fd91958 relative=0x0000000000000398
Event: 54.555 Thread 0x000002167d1085e0 Uncommon trap: reason=predicate action=maybe_recompile pc=0x000002164fd91958 method=java.util.AbstractCollection.toArray([Ljava/lang/Object;)[Ljava/lang/Object; @ 43 c2
Event: 54.555 Thread 0x000002167d1085e0 DEOPT PACKING pc=0x000002164fd91958 sp=0x000000c47f2f8e90
Event: 54.555 Thread 0x000002167d1085e0 DEOPT UNPACKING pc=0x000002164f0b69a3 sp=0x000000c47f2f8e28 mode 2
Event: 54.658 Thread 0x000002167d1085e0 Uncommon trap: trap_request=0xffffffd6 fr.pc=0x000002164fd89b6c relative=0x000000000000044c
Event: 54.658 Thread 0x000002167d1085e0 Uncommon trap: reason=array_check action=maybe_recompile pc=0x000002164fd89b6c method=java.util.HashMap.valuesToArray([Ljava/lang/Object;)[Ljava/lang/Object; @ 62 c2
Event: 54.658 Thread 0x000002167d1085e0 DEOPT PACKING pc=0x000002164fd89b6c sp=0x000000c47f2f5b50
Event: 54.658 Thread 0x000002167d1085e0 DEOPT UNPACKING pc=0x000002164f0b69a3 sp=0x000000c47f2f5ae8 mode 2
Event: 54.664 Thread 0x000002167d1085e0 Uncommon trap: trap_request=0xffffffd6 fr.pc=0x000002164fd89b6c relative=0x000000000000044c
Event: 54.664 Thread 0x000002167d1085e0 Uncommon trap: reason=array_check action=maybe_recompile pc=0x000002164fd89b6c method=java.util.HashMap.valuesToArray([Ljava/lang/Object;)[Ljava/lang/Object; @ 62 c2
Event: 54.664 Thread 0x000002167d1085e0 DEOPT PACKING pc=0x000002164fd89b6c sp=0x000000c47f2f33c0
Event: 54.664 Thread 0x000002167d1085e0 DEOPT UNPACKING pc=0x000002164f0b69a3 sp=0x000000c47f2f3358 mode 2
Event: 54.664 Thread 0x000002167d1085e0 Uncommon trap: trap_request=0xffffffd6 fr.pc=0x000002164fd874a8 relative=0x0000000000000508
Event: 54.664 Thread 0x000002167d1085e0 Uncommon trap: reason=array_check action=maybe_recompile pc=0x000002164fd874a8 method=java.util.HashMap.valuesToArray([Ljava/lang/Object;)[Ljava/lang/Object; @ 62 c2
Event: 54.664 Thread 0x000002167d1085e0 DEOPT PACKING pc=0x000002164fd874a8 sp=0x000000c47f2f33c0
Event: 54.664 Thread 0x000002167d1085e0 DEOPT UNPACKING pc=0x000002164f0b69a3 sp=0x000000c47f2f3358 mode 2
Event: 55.078 Thread 0x000002167d1085e0 Uncommon trap: trap_request=0xffffffdc fr.pc=0x000002164fda77a4 relative=0x0000000000000304
Event: 55.078 Thread 0x000002167d1085e0 Uncommon trap: reason=class_check action=make_not_entrant pc=0x000002164fda77a4 method=java.util.ArrayList$SubList.toArray([Ljava/lang/Object;)[Ljava/lang/Object; @ 37 c2
Event: 55.078 Thread 0x000002167d1085e0 DEOPT PACKING pc=0x000002164fda77a4 sp=0x000000c47f2f8660
Event: 55.078 Thread 0x000002167d1085e0 DEOPT UNPACKING pc=0x000002164f0b69a3 sp=0x000000c47f2f8638 mode 2

Classes unloaded (0 events):
No events

Classes redefined (0 events):
No events

Internal exceptions (20 events):
Event: 54.320 Thread 0x000002167d1085e0 Exception <a 'java/lang/ClassNotFoundException'{0x000000008d3cfa48}: com/android/build/gradle/internal/tasks/SigningConfigVersionsWriterTaskCustomizer> (0x000000008d3cfa48) 
thrown [s\src\hotspot\share\classfile\systemDictionary.cpp, line 256]
Event: 54.320 Thread 0x000002167d1085e0 Exception <a 'java/lang/ClassNotFoundException'{0x000000008d3f7408}: com/android/build/gradle/internal/tasks/SigningConfigVersionsWriterTask_DecoratedCustomizer> (0x000000008d3f7408) 
thrown [s\src\hotspot\share\classfile\systemDictionary.cpp, line 256]
Event: 54.323 Thread 0x000002167d1085e0 Exception <a 'java/lang/ClassNotFoundException'{0x000000008d28d870}: com/android/build/gradle/internal/tasks/LintModelMetadataTask_DecoratedBeanInfo> (0x000000008d28d870) 
thrown [s\src\hotspot\share\classfile\systemDictionary.cpp, line 256]
Event: 54.324 Thread 0x000002167d1085e0 Exception <a 'java/lang/ClassNotFoundException'{0x000000008d29bad8}: com/android/build/gradle/internal/tasks/LintModelMetadataTaskBeanInfo> (0x000000008d29bad8) 
thrown [s\src\hotspot\share\classfile\systemDictionary.cpp, line 256]
Event: 54.324 Thread 0x000002167d1085e0 Exception <a 'java/lang/ClassNotFoundException'{0x000000008d2a9848}: com/android/build/gradle/internal/tasks/LintModelMetadataTaskCustomizer> (0x000000008d2a9848) 
thrown [s\src\hotspot\share\classfile\systemDictionary.cpp, line 256]
Event: 54.325 Thread 0x000002167d1085e0 Exception <a 'java/lang/ClassNotFoundException'{0x000000008d2c9998}: com/android/build/gradle/internal/tasks/LintModelMetadataTask_DecoratedCustomizer> (0x000000008d2c9998) 
thrown [s\src\hotspot\share\classfile\systemDictionary.cpp, line 256]
Event: 54.362 Thread 0x000002167d1085e0 Exception <a 'java/lang/ClassNotFoundException'{0x000000008d1af6d0}: build_cudcrnxqwuxbboxpts84urntlBeanInfo> (0x000000008d1af6d0) 
thrown [s\src\hotspot\share\classfile\systemDictionary.cpp, line 256]
Event: 54.363 Thread 0x000002167d1085e0 Exception <a 'java/lang/ClassNotFoundException'{0x000000008d1b6110}: build_cudcrnxqwuxbboxpts84urntlCustomizer> (0x000000008d1b6110) 
thrown [s\src\hotspot\share\classfile\systemDictionary.cpp, line 256]
Event: 54.555 Thread 0x000002167d1085e0 Exception <a 'java/lang/ClassNotFoundException'{0x000000008cae0fa0}: build_cudcrnxqwuxbboxpts84urntlBeanInfo> (0x000000008cae0fa0) 
thrown [s\src\hotspot\share\classfile\systemDictionary.cpp, line 256]
Event: 54.555 Thread 0x000002167d1085e0 Exception <a 'java/lang/ClassNotFoundException'{0x000000008cae7980}: build_cudcrnxqwuxbboxpts84urntlCustomizer> (0x000000008cae7980) 
thrown [s\src\hotspot\share\classfile\systemDictionary.cpp, line 256]
Event: 54.658 Thread 0x000002167d1085e0 Exception <a 'java/lang/ClassNotFoundException'{0x000000008e97fcb0}: build_cudcrnxqwuxbboxpts84urntl$_run_closure1BeanInfo> (0x000000008e97fcb0) 
thrown [s\src\hotspot\share\classfile\systemDictionary.cpp, line 256]
Event: 54.658 Thread 0x000002167d1085e0 Exception <a 'java/lang/ClassNotFoundException'{0x000000008e98bb70}: build_cudcrnxqwuxbboxpts84urntl$_run_closure1Customizer> (0x000000008e98bb70) 
thrown [s\src\hotspot\share\classfile\systemDictionary.cpp, line 256]
Event: 54.663 Thread 0x000002167d1085e0 Exception <a 'java/lang/ClassNotFoundException'{0x000000008e9da3f8}: com/android/build/gradle/internal/dsl/NdkOptions_DecoratedBeanInfo> (0x000000008e9da3f8) 
thrown [s\src\hotspot\share\classfile\systemDictionary.cpp, line 256]
Event: 54.663 Thread 0x000002167d1085e0 Exception <a 'java/lang/ClassNotFoundException'{0x000000008e9ea280}: com/android/build/gradle/internal/dsl/NdkOptionsBeanInfo> (0x000000008e9ea280) 
thrown [s\src\hotspot\share\classfile\systemDictionary.cpp, line 256]
Event: 54.664 Thread 0x000002167d1085e0 Exception <a 'java/lang/ClassNotFoundException'{0x000000008e9fa2a8}: com/android/build/gradle/internal/dsl/NdkOptionsCustomizer> (0x000000008e9fa2a8) 
thrown [s\src\hotspot\share\classfile\systemDictionary.cpp, line 256]
Event: 54.666 Thread 0x000002167d1085e0 Exception <a 'java/lang/ClassNotFoundException'{0x000000008e81dc98}: com/android/build/gradle/internal/dsl/NdkOptions_DecoratedCustomizer> (0x000000008e81dc98) 
thrown [s\src\hotspot\share\classfile\systemDictionary.cpp, line 256]
Event: 54.834 Thread 0x000002167d1085e0 Exception <a 'java/lang/ClassNotFoundException'{0x000000008e26c3a0}: build_euhwwm63srhele3z617st2cpdBeanInfo> (0x000000008e26c3a0) 
thrown [s\src\hotspot\share\classfile\systemDictionary.cpp, line 256]
Event: 54.834 Thread 0x000002167d1085e0 Exception <a 'java/lang/ClassNotFoundException'{0x000000008e272de0}: build_euhwwm63srhele3z617st2cpdCustomizer> (0x000000008e272de0) 
thrown [s\src\hotspot\share\classfile\systemDictionary.cpp, line 256]
Event: 54.841 Thread 0x000002167d1085e0 Exception <a 'java/lang/ClassNotFoundException'{0x000000008e2ec5c0}: build_euhwwm63srhele3z617st2cpd$_run_closure1BeanInfo> (0x000000008e2ec5c0) 
thrown [s\src\hotspot\share\classfile\systemDictionary.cpp, line 256]
Event: 54.841 Thread 0x000002167d1085e0 Exception <a 'java/lang/ClassNotFoundException'{0x000000008e2f3418}: build_euhwwm63srhele3z617st2cpd$_run_closure1Customizer> (0x000000008e2f3418) 
thrown [s\src\hotspot\share\classfile\systemDictionary.cpp, line 256]

VM Operations (20 events):
Event: 53.109 Executing VM operation: G1CollectForAllocation
Event: 53.112 Executing VM operation: G1CollectForAllocation done
Event: 53.296 Executing VM operation: G1CollectForAllocation
Event: 53.301 Executing VM operation: G1CollectForAllocation done
Event: 53.509 Executing VM operation: G1CollectForAllocation
Event: 53.517 Executing VM operation: G1CollectForAllocation done
Event: 53.738 Executing VM operation: G1CollectForAllocation
Event: 53.746 Executing VM operation: G1CollectForAllocation done
Event: 54.119 Executing VM operation: G1CollectForAllocation
Event: 54.132 Executing VM operation: G1CollectForAllocation done
Event: 54.570 Executing VM operation: G1CollectForAllocation
Event: 54.583 Executing VM operation: G1CollectForAllocation done
Event: 54.629 Executing VM operation: HandshakeAllThreads
Event: 54.629 Executing VM operation: HandshakeAllThreads done
Event: 54.722 Executing VM operation: HandshakeAllThreads
Event: 54.722 Executing VM operation: HandshakeAllThreads done
Event: 54.761 Executing VM operation: HandshakeAllThreads
Event: 54.761 Executing VM operation: HandshakeAllThreads done
Event: 54.783 Executing VM operation: ICBufferFull
Event: 54.783 Executing VM operation: ICBufferFull done

Events (20 events):
Event: 54.779 Thread 0x000002167d0421a0 flushing nmethod 0x0000021648fe5110
Event: 54.779 Thread 0x000002167d0421a0 flushing nmethod 0x0000021648fe7b90
Event: 54.780 Thread 0x000002167d0421a0 flushing nmethod 0x0000021649058590
Event: 54.780 Thread 0x000002167d0421a0 flushing nmethod 0x0000021649070910
Event: 54.780 Thread 0x000002167d0421a0 flushing nmethod 0x00000216490a6410
Event: 54.780 Thread 0x000002167d0421a0 flushing nmethod 0x00000216490a7390
Event: 54.780 Thread 0x000002167d0421a0 flushing nmethod 0x00000216490a8090
Event: 54.780 Thread 0x000002167d0421a0 flushing nmethod 0x00000216490a8b10
Event: 54.780 Thread 0x000002167d0421a0 flushing nmethod 0x00000216490ac790
Event: 54.780 Thread 0x000002167d0421a0 flushing nmethod 0x00000216490b9a10
Event: 54.780 Thread 0x000002167d0421a0 flushing nmethod 0x00000216490cd610
Event: 54.780 Thread 0x000002167d0421a0 flushing nmethod 0x00000216490f8e90
Event: 54.781 Thread 0x000002167d0421a0 flushing nmethod 0x00000216491dc910
Event: 54.781 Thread 0x000002167d0421a0 flushing nmethod 0x00000216491f0190
Event: 54.781 Thread 0x000002167d0421a0 flushing nmethod 0x00000216491ff390
Event: 54.781 Thread 0x000002167d0421a0 flushing nmethod 0x00000216491ff710
Event: 54.781 Thread 0x000002167d0421a0 flushing nmethod 0x00000216492aab90
Event: 55.123 Thread 0x000002160282f470 Thread added: 0x000002160282f470
Event: 55.123 Thread 0x000002160282d610 Thread added: 0x000002160282d610
Event: 55.123 Thread 0x000002160282e030 Thread added: 0x000002160282e030


Dynamic libraries:
0x00007ff723c40000 - 0x00007ff723c4e000 	C:\Program Files\OpenLogic\jdk-17.0.10.7-hotspot\bin\java.exe
0x00007ffecc6b0000 - 0x00007ffecc8c7000 	C:\Windows\SYSTEM32\ntdll.dll
0x00007ffecbaf0000 - 0x00007ffecbbb4000 	C:\Windows\System32\KERNEL32.DLL
0x00007ffec9d80000 - 0x00007ffeca12c000 	C:\Windows\System32\KERNELBASE.dll
0x00007ffec96f0000 - 0x00007ffec983c000 	C:\Windows\system32\hmpalert.dll
0x00007ffec9a90000 - 0x00007ffec9ba1000 	C:\Windows\System32\ucrtbase.dll
0x00007ffe89200000 - 0x00007ffe8921b000 	C:\Program Files\OpenLogic\jdk-17.0.10.7-hotspot\bin\VCRUNTIME140.dll
0x00007ffe891e0000 - 0x00007ffe891f7000 	C:\Program Files\OpenLogic\jdk-17.0.10.7-hotspot\bin\jli.dll
0x00007ffecbf70000 - 0x00007ffecc11e000 	C:\Windows\System32\USER32.dll
0x00007ffeca3c0000 - 0x00007ffeca3e6000 	C:\Windows\System32\win32u.dll
0x00007ffecaee0000 - 0x00007ffecaf09000 	C:\Windows\System32\GDI32.dll
0x00007ffeca2a0000 - 0x00007ffeca3b9000 	C:\Windows\System32\gdi32full.dll
0x00007ffec9bb0000 - 0x00007ffec9c4a000 	C:\Windows\System32\msvcp_win.dll
0x00007ffec8b60000 - 0x00007ffec8df3000 	C:\Windows\WinSxS\amd64_microsoft.windows.common-controls_6595b64144ccf1df_6.0.22621.3672_none_2713b9d173822955\COMCTL32.dll
0x00007ffecbdd0000 - 0x00007ffecbe77000 	C:\Windows\System32\msvcrt.dll
0x00007ffecbab0000 - 0x00007ffecbae1000 	C:\Windows\System32\IMM32.DLL
0x00007ffeb1140000 - 0x00007ffeb114c000 	C:\Program Files\OpenLogic\jdk-17.0.10.7-hotspot\bin\vcruntime140_1.dll
0x00007ffe89150000 - 0x00007ffe891dd000 	C:\Program Files\OpenLogic\jdk-17.0.10.7-hotspot\bin\msvcp140.dll
0x00007ffe42410000 - 0x00007ffe43072000 	C:\Program Files\OpenLogic\jdk-17.0.10.7-hotspot\bin\server\jvm.dll
0x00007ffecad70000 - 0x00007ffecae22000 	C:\Windows\System32\ADVAPI32.dll
0x00007ffecb2b0000 - 0x00007ffecb35a000 	C:\Windows\System32\sechost.dll
0x00007ffec99e0000 - 0x00007ffec9a08000 	C:\Windows\System32\bcrypt.dll
0x00007ffecac50000 - 0x00007ffecad65000 	C:\Windows\System32\RPCRT4.dll
0x00007ffec95a0000 - 0x00007ffec95ed000 	C:\Windows\SYSTEM32\POWRPROF.dll
0x00007ffeb0eb0000 - 0x00007ffeb0eb9000 	C:\Windows\SYSTEM32\WSOCK32.dll
0x00007ffecc5f0000 - 0x00007ffecc661000 	C:\Windows\System32\WS2_32.dll
0x00007ffec5260000 - 0x00007ffec526a000 	C:\Windows\SYSTEM32\VERSION.dll
0x00007ffebae60000 - 0x00007ffebae94000 	C:\Windows\SYSTEM32\WINMM.dll
0x00007ffec9580000 - 0x00007ffec9593000 	C:\Windows\SYSTEM32\UMPDC.dll
0x00007ffec81d0000 - 0x00007ffec81e8000 	C:\Windows\SYSTEM32\kernel.appcore.dll
0x00007ffeaeca0000 - 0x00007ffeaecaa000 	C:\Program Files\OpenLogic\jdk-17.0.10.7-hotspot\bin\jimage.dll
0x00007ffec9020000 - 0x00007ffec9252000 	C:\Windows\SYSTEM32\DBGHELP.DLL
0x00007ffecb550000 - 0x00007ffecb8d8000 	C:\Windows\System32\combase.dll
0x00007ffecb1d0000 - 0x00007ffecb2a7000 	C:\Windows\System32\OLEAUT32.dll
0x00007ffec8fe0000 - 0x00007ffec9012000 	C:\Windows\SYSTEM32\dbgcore.DLL
0x00007ffec9a10000 - 0x00007ffec9a8b000 	C:\Windows\System32\bcryptPrimitives.dll
0x00007ffe890f0000 - 0x00007ffe890fe000 	C:\Program Files\OpenLogic\jdk-17.0.10.7-hotspot\bin\instrument.dll
0x00007ffe89120000 - 0x00007ffe89145000 	C:\Program Files\OpenLogic\jdk-17.0.10.7-hotspot\bin\java.dll
0x00007ffe83350000 - 0x00007ffe83426000 	C:\Program Files\OpenLogic\jdk-17.0.10.7-hotspot\bin\jsvml.dll
0x00007ffeca3f0000 - 0x00007ffecac4c000 	C:\Windows\System32\SHELL32.dll
0x00007ffec70f0000 - 0x00007ffec79e7000 	C:\Windows\SYSTEM32\windows.storage.dll
0x00007ffec6fb0000 - 0x00007ffec70ef000 	C:\Windows\SYSTEM32\wintypes.dll
0x00007ffecb370000 - 0x00007ffecb464000 	C:\Windows\System32\SHCORE.dll
0x00007ffecbf10000 - 0x00007ffecbf6e000 	C:\Windows\System32\shlwapi.dll
0x00007ffec9910000 - 0x00007ffec9931000 	C:\Windows\SYSTEM32\profapi.dll
0x00007ffe87320000 - 0x00007ffe87338000 	C:\Program Files\OpenLogic\jdk-17.0.10.7-hotspot\bin\zip.dll
0x00007ffe89100000 - 0x00007ffe89119000 	C:\Program Files\OpenLogic\jdk-17.0.10.7-hotspot\bin\net.dll
0x00007ffec4c90000 - 0x00007ffec4dc6000 	C:\Windows\SYSTEM32\WINHTTP.dll
0x00007ffec8600000 - 0x00007ffec8669000 	C:\Windows\system32\mswsock.dll
0x00007ffe88410000 - 0x00007ffe88426000 	C:\Program Files\OpenLogic\jdk-17.0.10.7-hotspot\bin\nio.dll
0x00007ffe99d50000 - 0x00007ffe99d60000 	C:\Program Files\OpenLogic\jdk-17.0.10.7-hotspot\bin\verify.dll
0x00007ffe872f0000 - 0x00007ffe87317000 	C:\Users\MAHE\.gradle\native\68d5fa5c4cc2d200863cafc0d521ce42e7d3e7ee720ec0a83991735586a16f82\windows-amd64\native-platform.dll
0x00007ffe83200000 - 0x00007ffe83344000 	C:\Users\MAHE\.gradle\native\e376f236ea51e6404a007f0833ffe2c6e607c4080706a723a18a27aeea778392\windows-amd64\native-platform-file-events.dll
0x00007ffe96d90000 - 0x00007ffe96d99000 	C:\Program Files\OpenLogic\jdk-17.0.10.7-hotspot\bin\management.dll
0x00007ffe96880000 - 0x00007ffe9688b000 	C:\Program Files\OpenLogic\jdk-17.0.10.7-hotspot\bin\management_ext.dll
0x00007ffecc5e0000 - 0x00007ffecc5e8000 	C:\Windows\System32\PSAPI.DLL
0x00007ffec9430000 - 0x00007ffec944b000 	C:\Windows\SYSTEM32\CRYPTSP.dll
0x00007ffec8130000 - 0x00007ffec8165000 	C:\Windows\system32\rsaenh.dll
0x00007ffec8700000 - 0x00007ffec8728000 	C:\Windows\SYSTEM32\USERENV.dll
0x00007ffec8860000 - 0x00007ffec886c000 	C:\Windows\SYSTEM32\CRYPTBASE.dll
0x00007ffec7c50000 - 0x00007ffec7c7d000 	C:\Windows\SYSTEM32\IPHLPAPI.DLL
0x00007ffecb360000 - 0x00007ffecb369000 	C:\Windows\System32\NSI.dll
0x00007ffec4680000 - 0x00007ffec4699000 	C:\Windows\SYSTEM32\dhcpcsvc6.DLL
0x00007ffec4630000 - 0x00007ffec464f000 	C:\Windows\SYSTEM32\dhcpcsvc.DLL
0x00007ffec7cc0000 - 0x00007ffec7db8000 	C:\Windows\SYSTEM32\DNSAPI.dll
0x00007ffe8f010000 - 0x00007ffe8f018000 	C:\Program Files\OpenLogic\jdk-17.0.10.7-hotspot\bin\extnet.dll
0x00007ffe89080000 - 0x00007ffe8908e000 	C:\Program Files\OpenLogic\jdk-17.0.10.7-hotspot\bin\sunmscapi.dll
0x00007ffeca130000 - 0x00007ffeca297000 	C:\Windows\System32\CRYPT32.dll
0x00007ffec8a40000 - 0x00007ffec8a6e000 	C:\Windows\SYSTEM32\ncrypt.dll
0x00007ffec8a00000 - 0x00007ffec8a37000 	C:\Windows\SYSTEM32\NTASN1.dll
0x00007ffe88c60000 - 0x00007ffe88c68000 	C:\Windows\system32\wshunix.dll
0x00007ffeb2470000 - 0x00007ffeb2487000 	C:\Windows\system32\napinsp.dll
0x00007ffeb2450000 - 0x00007ffeb246b000 	C:\Windows\system32\pnrpnsp.dll
0x00007ffeb2430000 - 0x00007ffeb2441000 	C:\Windows\System32\winrnr.dll
0x00007ffeb2410000 - 0x00007ffeb2425000 	C:\Windows\system32\wshbth.dll
0x00007ffeb23e0000 - 0x00007ffeb2407000 	C:\Windows\system32\nlansp_c.dll
0x00007ffec0ee0000 - 0x00007ffec0eea000 	C:\Windows\System32\rasadhlp.dll
0x00007ffec3590000 - 0x00007ffec3613000 	C:\Windows\System32\fwpuclnt.dll

dbghelp: loaded successfully - version: 4.0.5 - missing functions: none
symbol engine: initialized successfully - sym options: 0x614 - pdb path: .;C:\Program Files\OpenLogic\jdk-17.0.10.7-hotspot\bin;C:\Windows\SYSTEM32;C:\Windows\WinSxS\amd64_microsoft.windows.common-controls_6595b64144ccf1df_6.0.22621.3672_none_2713b9d173822955;C:\Program Files\OpenLogic\jdk-17.0.10.7-hotspot\bin\server;C:\Users\MAHE\.gradle\native\68d5fa5c4cc2d200863cafc0d521ce42e7d3e7ee720ec0a83991735586a16f82\windows-amd64;C:\Users\MAHE\.gradle\native\e376f236ea51e6404a007f0833ffe2c6e607c4080706a723a18a27aeea778392\windows-amd64

VM Arguments:
jvm_args: -XX:MaxMetaspaceSize=512m --add-opens=java.base/java.util=ALL-UNNAMED --add-opens=java.base/java.lang=ALL-UNNAMED --add-opens=java.base/java.lang.invoke=ALL-UNNAMED --add-opens=java.prefs/java.util.prefs=ALL-UNNAMED --add-opens=java.base/java.nio.charset=ALL-UNNAMED --add-opens=java.base/java.net=ALL-UNNAMED --add-opens=java.base/java.util.concurrent.atomic=ALL-UNNAMED -Xmx2048m -Dfile.encoding=windows-1252 -Duser.country=IN -Duser.language=en -Duser.variant -javaagent:C:\Users\MAHE\.gradle\wrapper\dists\gradle-8.3-all\6en3ugtfdg5xnpx44z4qbwgas\gradle-8.3\lib\agents\gradle-instrumentation-agent-8.3.jar 
java_command: org.gradle.launcher.daemon.bootstrap.GradleDaemon 8.3
java_class_path (initial): C:\Users\MAHE\.gradle\wrapper\dists\gradle-8.3-all\6en3ugtfdg5xnpx44z4qbwgas\gradle-8.3\lib\gradle-launcher-8.3.jar
Launcher Type: SUN_STANDARD

[Global flags]
     intx CICompilerCount                          = 3                                         {product} {ergonomic}
   size_t CompressedClassSpaceSize                 = 436207616                                 {product} {ergonomic}
     uint ConcGCThreads                            = 1                                         {product} {ergonomic}
     uint G1ConcRefinementThreads                  = 4                                         {product} {ergonomic}
   size_t G1HeapRegionSize                         = 1048576                                   {product} {ergonomic}
    uintx GCDrainStackTargetSize                   = 64                                        {product} {ergonomic}
   size_t InitialHeapSize                          = 268435456                                 {product} {ergonomic}
   size_t MarkStackSize                            = 4194304                                   {product} {ergonomic}
   size_t MaxHeapSize                              = 2147483648                                {product} {command line}
   size_t MaxMetaspaceSize                         = 536870912                                 {product} {command line}
   size_t MaxNewSize                               = 1287651328                                {product} {ergonomic}
   size_t MinHeapDeltaBytes                        = 1048576                                   {product} {ergonomic}
   size_t MinHeapSize                              = 8388608                                   {product} {ergonomic}
    uintx NonNMethodCodeHeapSize                   = 5832780                                {pd product} {ergonomic}
    uintx NonProfiledCodeHeapSize                  = 122912730                              {pd product} {ergonomic}
    uintx ProfiledCodeHeapSize                     = 122912730                              {pd product} {ergonomic}
    uintx ReservedCodeCacheSize                    = 251658240                              {pd product} {ergonomic}
     bool SegmentedCodeCache                       = true                                      {product} {ergonomic}
   size_t SoftMaxHeapSize                          = 2147483648                             {manageable} {ergonomic}
     bool UseCompressedClassPointers               = true                           {product lp64_product} {ergonomic}
     bool UseCompressedOops                        = true                           {product lp64_product} {ergonomic}
     bool UseG1GC                                  = true                                      {product} {ergonomic}
     bool UseLargePagesIndividualAllocation        = false                                  {pd product} {ergonomic}

Logging:
Log output configuration:
 #0: stdout all=warning uptime,level,tags
 #1: stderr all=off uptime,level,tags

Environment Variables:
JAVA_HOME=C:\Program Files\OpenLogic\jdk-17.0.10.7-hotspot\
CLASSPATH=C:\Users\MAHE\Documents\DOC APP BACKUP FILES\april30_\demo1_joyson1\android\\gradle\wrapper\gradle-wrapper.jar
PATH=C:\Users\MAHE\Documents\DOC APP BACKUP FILES\april30_\demo1_joyson1\node_modules\.bin;C:\Users\MAHE\Documents\DOC APP BACKUP FILES\april30_\demo1_joyson1\node_modules\.bin;C:\Users\MAHE\Documents\DOC APP BACKUP FILES\april30_\node_modules\.bin;C:\Users\MAHE\Documents\DOC APP BACKUP FILES\node_modules\.bin;C:\Users\MAHE\Documents\node_modules\.bin;C:\Users\MAHE\node_modules\.bin;C:\Users\node_modules\.bin;C:\node_modules\.bin;C:\Users\MAHE\AppData\Roaming\npm\node_modules\npm\node_modules\@npmcli\run-script\lib\node-gyp-bin;C:\Program Files\OpenLogic\jdk-17.0.10.7-hotspot\bin;C:\Python312\Scripts\;C:\Python312\;C:\Windows\system32;C:\Windows;C:\Windows\System32\Wbem;C:\Windows\System32\WindowsPowerShell\v1.0\;C:\Windows\System32\OpenSSH\;C:\Program Files\nodejs\;C:\ProgramData\chocolatey\bin;C:\Program Files\Git\cmd;C:\Program Files\Git\bin;C:\Program Files (x86)\Microsoft SQL Server\160\Tools\Binn\;C:\Program Files\Microsoft SQL Server\160\Tools\Binn\;C:\Program Files\Microsoft SQL Server\Client SDK\ODBC\170\Tools\Binn\;C:\Program Files\Microsoft SQL Server\160\DTS\Binn\;C:\Program Files (x86)\Microsoft SQL Server\160\DTS\Binn\;C:\Program Files\Azure Data Studio\bin;C:\Users\MAHE\AppData\Local\Microsoft\WindowsApps;C:\Users\MAHE\AppData\Local\Programs\Microsoft VS Code\bin;C:\Users\MAHE\AppData\Roaming\npm;C:\Users\MAHE\AppData\Local\Android\Sdk;C:\Users\MAHE\AppData\Local\Android\Sdk\platform-tools;C:\Users\MAHE\AppData\Local\Android\Sdk\emulator;C:\Program Files\Git\bin;C:\Program Files\Azure Data Studio\bin;
USERNAME=MAHE
LANG=en_US.UTF-8
OS=Windows_NT
PROCESSOR_IDENTIFIER=Intel64 Family 6 Model 60 Stepping 3, GenuineIntel
TMP=C:\Users\MAHE\AppData\Local\Temp
TEMP=C:\Users\MAHE\AppData\Local\Temp



Periodic native trim disabled


---------------  S Y S T E M  ---------------

OS:
 Windows 11 , 64 bit Build 22621 (10.0.22621.3672)
OS uptime: 0 days 22:40 hours

CPU: total 4 (initial active 4) (4 cores per cpu, 1 threads per core) family 6 model 60 stepping 3 microcode 0x28, cx8, cmov, fxsr, mmx, sse, sse2, sse3, ssse3, sse4.1, sse4.2, popcnt, lzcnt, tsc, tscinvbit, avx, avx2, aes, erms, clmul, bmi1, bmi2, fma, vzeroupper, clflush
Processor Information for all 4 processors :
  Max Mhz: 3001, Current Mhz: 3001, Mhz Limit: 3001

Memory: 4k page, system-wide physical 16309M (5332M free)
TotalPageFile size 32693M (AvailPageFile size 18777M)
current process WorkingSet (physical memory assigned to process): 541M, peak: 547M
current process commit charge ("private bytes"): 579M, peak: 586M

vm_info: OpenJDK 64-Bit Server VM (17.0.10+7-adhoc..jdk17u) for windows-amd64 JRE (17.0.10+7-adhoc..jdk17u), built on Jan 24 2024 08:51:31 by "" with MS VC++ 16.10 / 16.11 (VS2019)

END.
