#
# A fatal error has been detected by the Java Runtime Environment:
#
#  EXCEPTION_ACCESS_VIOLATION (0xc0000005) at pc=0x00007ff806f095e1, pid=10676, tid=10480
#
# JRE version: OpenJDK Runtime Environment OpenLogic-OpenJDK (17.0.10+7) (build 17.0.10+7-adhoc..jdk17u)
# Java VM: OpenJDK 64-Bit Server VM OpenLogic-OpenJDK (17.0.10+7-adhoc..jdk17u, mixed mode, sharing, tiered, compressed oops, compressed class ptrs, g1 gc, windows-amd64)
# Problematic frame:
# V  [jvm.dll+0x6c95e1]
#
# No core dump will be written. Minidumps are not enabled by default on client versions of Windows
#
# If you would like to submit a bug report, please visit:
#   https://techsupport.roguewave.com/
#

---------------  S U M M A R Y ------------

Command Line: -XX:MaxMetaspaceSize=512m --add-opens=java.base/java.util=ALL-UNNAMED --add-opens=java.base/java.lang=ALL-UNNAMED --add-opens=java.base/java.lang.invoke=ALL-UNNAMED --add-opens=java.prefs/java.util.prefs=ALL-UNNAMED --add-opens=java.base/java.nio.charset=ALL-UNNAMED --add-opens=java.base/java.net=ALL-UNNAMED --add-opens=java.base/java.util.concurrent.atomic=ALL-UNNAMED -Xmx2048m -Dfile.encoding=windows-1252 -Duser.country=IN -Duser.language=en -Duser.variant -javaagent:C:\Users\MAHE\.gradle\wrapper\dists\gradle-8.3-all\6en3ugtfdg5xnpx44z4qbwgas\gradle-8.3\lib\agents\gradle-instrumentation-agent-8.3.jar org.gradle.launcher.daemon.bootstrap.GradleDaemon 8.3

Host: Intel(R) Core(TM) i5-4590S CPU @ 3.00GHz, 4 cores, 15G,  Windows 11 , 64 bit Build 22621 (10.0.22621.3527)
Time: Mon May 27 14:51:04 2024 India Standard Time elapsed time: 21.991998 seconds (0d 0h 0m 21s)

---------------  T H R E A D  ---------------

Current thread (0x0000020ca47ce9c0):  JavaThread "C2 CompilerThread0" daemon [_thread_in_native, id=10480, stack(0x0000003d2af00000,0x0000003d2b000000)]


Current CompileTask:
C2:  21992 6786 %     4       org.gradle.internal.instantiation.generator.AbstractClassGenerator::inspectType @ 207 (560 bytes)

Stack: [0x0000003d2af00000,0x0000003d2b000000],  sp=0x0000003d2affb5f0,  free space=1005k
Native frames: (J=compiled Java code, j=interpreted, Vv=VM code, C=native code)
V  [jvm.dll+0x6c95e1]
V  [jvm.dll+0x1bcdcf]
V  [jvm.dll+0x21a3f9]
V  [jvm.dll+0x2196c1]
V  [jvm.dll+0x1a512d]
V  [jvm.dll+0x22949e]
V  [jvm.dll+0x22766c]
V  [jvm.dll+0x7e9ea7]
V  [jvm.dll+0x7e42aa]
V  [jvm.dll+0x67c5d5]
C  [ucrtbase.dll+0x29333]
C  [KERNEL32.DLL+0x1257d]
C  [ntdll.dll+0x5aa48]


siginfo: EXCEPTION_ACCESS_VIOLATION (0xc0000005), reading address 0x0000000000010000


Registers:
RAX=0x0000020cc77ed028, RBX=0x0000003d2affea20, RCX=0x0000020ca47ce9c0, RDX=0x0000000000000001
RSP=0x0000003d2affb5f0, RBP=0x0000003d2affb6f0, RSI=0x0000020ca4a138f0, RDI=0x0000020cc77ecfd0
R8 =0x00000000000003d8, R9 =0x0000000000000000, R10=0x0000000000000004, R11=0x0000000000000050
R12=0x0000000000000050, R13=0x0000000000010000, R14=0x0000000000000001, R15=0x0000020ca47b3770
RIP=0x00007ff806f095e1, EFLAGS=0x0000000000010202


Register to memory mapping:

RIP=0x00007ff806f095e1 jvm.dll
RAX=0x0000020cc77ed028 points into unknown readable memory: 0x0000020cc72dc770 | 70 c7 2d c7 0c 02 00 00
RBX=0x0000003d2affea20 is pointing into the stack for thread: 0x0000020ca47ce9c0
RCX=0x0000020ca47ce9c0 is a thread
RDX=0x0000000000000001 is an unknown value
RSP=0x0000003d2affb5f0 is pointing into the stack for thread: 0x0000020ca47ce9c0
RBP=0x0000003d2affb6f0 is pointing into the stack for thread: 0x0000020ca47ce9c0
RSI=0x0000020ca4a138f0 points into unknown readable memory: 0x00007ff80715c540 | 40 c5 15 07 f8 7f 00 00
RDI=0x0000020cc77ecfd0 points into unknown readable memory: 0x0000020cc5970fc0 | c0 0f 97 c5 0c 02 00 00
R8 =0x00000000000003d8 is an unknown value
R9 =0x0 is NULL
R10=0x0000000000000004 is an unknown value
R11=0x0000000000000050 is an unknown value
R12=0x0000000000000050 is an unknown value
R13=0x0000000000010000 is an unknown value
R14=0x0000000000000001 is an unknown value
R15=0x0000020ca47b3770 points into unknown readable memory: 0x0000000000000000 | 00 00 00 00 00 00 00 00


Top of Stack: (sp=0x0000003d2affb5f0)
0x0000003d2affb5f0:   0000020cc66041e0 ffffffffffffff7f
0x0000003d2affb600:   ffffffffffffff7f 00007ff8068ec6a9
0x0000003d2affb610:   0000000000000048 0000000000000001
0x0000003d2affb620:   0000000000000000 0000000000000000
0x0000003d2affb630:   0000000000000000 0000000000000000
0x0000003d2affb640:   0000000000000000 0000000000000000
0x0000003d2affb650:   0000020ca4a138f0 00000075c7a0eb50
0x0000003d2affb660:   0000000000000020 0000000000000050
0x0000003d2affb670:   0000000000007fe8 00007ff80000050c
0x0000003d2affb680:   0000003d00000050 0000020cc6604620
0x0000003d2affb690:   00007ff800000000 0000000000037840
0x0000003d2affb6a0:   0000000000000000 0000020cc66049d0
0x0000003d2affb6b0:   0000020cc6603a90 ffffffffffffff7f
0x0000003d2affb6c0:   0000020cc6cc3d60 0000020cc6601030
0x0000003d2affb6d0:   0000020cc5cbc680 0000020cc6cc07e0
0x0000003d2affb6e0:   0000003d2affbe60 0000020cc6603e40
0x0000003d2affb6f0:   0000020cc6555fc0 0000020cc6555f80
0x0000003d2affb700:   0000000000000075 0000000000000000
0x0000003d2affb710:   0000000000000065 0000000000000003
0x0000003d2affb720:   0000000000000000 0000000000000000
0x0000003d2affb730:   00000d5f00000000 0000020cc5cbfc00
0x0000003d2affb740:   0000003d2affbbb0 00007ff806babc38
0x0000003d2affb750:   0000020cc5cbfc00 0000003d2affbad0
0x0000003d2affb760:   00007ff8073c3d88 ffffffffffffffff
0x0000003d2affb770:   0000020cc74a9490 00007ff806ba6de0
0x0000003d2affb780:   00000000000009bf 0000020cc7510270
0x0000003d2affb790:   ffffffffffffffff ffffffffffffffff
0x0000003d2affb7a0:   0000003d2affbbb0 0000020ca49aa930
0x0000003d2affb7b0:   0000020ca49aa940 0000020ca49aad18
0x0000003d2affb7c0:   00000000000003d8 0000003d2affb8c0
0x0000003d2affb7d0:   0000000000000008 0000000000000000
0x0000003d2affb7e0:   0000003d2affbe60 00007ff806ba6161 

Instructions: (pc=0x00007ff806f095e1)
0x00007ff806f094e1:   4c 8b bd 20 03 00 00 48 8b 5d 98 8b 50 28 48 8b
0x00007ff806f094f1:   7d b8 49 8b 47 48 48 8b 48 78 48 8b 04 d1 48 8b
0x00007ff806f09501:   4d d8 8b 40 4c 48 8b 14 c1 48 8b 4d d0 48 8b 04
0x00007ff806f09511:   c1 4a 8b 0c f0 4a 89 0c f3 42 0f b6 04 32 41 88
0x00007ff806f09521:   04 3e e9 7a 03 00 00 4d 85 ed 75 24 4c 8d 0d 1c
0x00007ff806f09531:   a2 2e 00 ba b2 02 00 00 4c 8d 05 38 a2 2e 00 48
0x00007ff806f09541:   8d 0d 49 a2 2e 00 e8 34 e5 b7 ff e8 9f 3c fb ff
0x00007ff806f09551:   48 8b 45 28 65 48 8b 0c 25 58 00 00 00 4c 8b 3c
0x00007ff806f09561:   c1 b8 50 00 00 00 44 8b e0 42 80 3c 38 00 75 05
0x00007ff806f09571:   e8 12 6f 1c 00 b8 20 00 00 00 4a 8b 0c 38 48 8b
0x00007ff806f09581:   81 e0 04 00 00 48 8b 98 80 00 00 00 48 81 c3 70
0x00007ff806f09591:   02 00 00 48 8b 7b 18 48 83 ff a7 76 18 4c 8d 05
0x00007ff806f095a1:   03 7b 1d 00 ba 58 00 00 00 48 8b cb e8 1e 38 9e
0x00007ff806f095b1:   ff 48 8b 7b 18 48 8d 47 58 48 3b 43 20 76 14 45
0x00007ff806f095c1:   33 c0 48 8b cb 41 8d 50 58 e8 51 35 9e ff 48 8b
0x00007ff806f095d1:   f8 eb 04 48 89 43 18 48 85 ff 0f 84 98 00 00 00
0x00007ff806f095e1:   49 8b 45 00 49 8b cd ff 50 28 48 8b ce 48 8b d8
0x00007ff806f095f1:   e8 ca 7e a5 ff 48 8b cf 48 8b f0 8b 50 18 e8 9c
0x00007ff806f09601:   fb f8 ff 48 8d 05 2d e3 24 00 48 89 5f 38 48 89
0x00007ff806f09611:   07 b8 01 00 00 00 89 47 50 48 8b 47 08 48 c7 47
0x00007ff806f09621:   40 00 00 00 00 48 c7 47 48 ff ff ff ff c7 47 54
0x00007ff806f09631:   00 6c ca 88 c7 47 2c 0c 00 00 00 48 89 30 48 8b
0x00007ff806f09641:   4e 10 48 85 c9 74 20 8b 46 20 3b 46 24 75 11 8b
0x00007ff806f09651:   d0 48 8b ce e8 46 29 f9 ff 8b 46 20 48 8b 4e 10
0x00007ff806f09661:   48 89 3c c1 ff 46 20 43 80 3c 3c 00 75 05 e8 14
0x00007ff806f09671:   6e 1c 00 48 8b 74 24 60 48 8b 44 24 78 4c 8b cf
0x00007ff806f09681:   48 8b 4d 98 45 8b c6 4c 8b ad 20 03 00 00 48 8b
0x00007ff806f09691:   d6 48 89 3c c1 8b 8d 28 03 00 00 89 4c 24 20 8d
0x00007ff806f096a1:   41 01 49 8b cd 89 85 28 03 00 00 e8 8f 23 00 00
0x00007ff806f096b1:   48 63 4f 28 49 8b 85 08 01 00 00 44 8b 7d 88 4c
0x00007ff806f096c1:   8b 65 a8 4c 8b 74 24 78 44 89 3c 88 48 8b 4d 00
0x00007ff806f096d1:   8b 59 18 8d 43 01 89 41 18 3b 59 08 72 07 8b d3 


Stack slot to memory mapping:
stack at sp + 0 slots: 0x0000020cc66041e0 points into unknown readable memory: 0x0000020cc6556e80 | 80 6e 55 c6 0c 02 00 00
stack at sp + 1 slots: 0xffffffffffffff7f is an unknown value
stack at sp + 2 slots: 0xffffffffffffff7f is an unknown value
stack at sp + 3 slots: 0x00007ff8068ec6a9 jvm.dll
stack at sp + 4 slots: 0x0000000000000048 is an unknown value
stack at sp + 5 slots: 0x0000000000000001 is an unknown value
stack at sp + 6 slots: 0x0 is NULL
stack at sp + 7 slots: 0x0 is NULL


---------------  P R O C E S S  ---------------

Threads class SMR info:
_java_thread_list=0x0000020cc8d45fe0, length=47, elements={
0x0000020c8580ad50, 0x0000020ca47b1380, 0x0000020ca47b2200, 0x0000020ca47c6630,
0x0000020ca47ca480, 0x0000020ca47cae40, 0x0000020ca47cd810, 0x0000020ca47ce9c0,
0x0000020ca48e09b0, 0x0000020ca48f9a70, 0x0000020ca49f8ce0, 0x0000020ca4aa93b0,
0x0000020cc5b1ed50, 0x0000020cc478fdd0, 0x0000020cc5fabee0, 0x0000020cc62de020,
0x0000020cc62de500, 0x0000020cc5e9bb70, 0x0000020cc4e94130, 0x0000020cc50d0380,
0x0000020cc50ce010, 0x0000020cc50ce520, 0x0000020cc50d0890, 0x0000020cc50cea30,
0x0000020cc50cef40, 0x0000020cc50cfe70, 0x0000020cc50cf450, 0x0000020cc50cf960,
0x0000020cc50cd5f0, 0x0000020cc50cdb00, 0x0000020cc7367550, 0x0000020cc7362e70,
0x0000020cc7367f70, 0x0000020cc7364cd0, 0x0000020cc7362450, 0x0000020cc7368990,
0x0000020cc7367a60, 0x0000020cc7361a30, 0x0000020cc7365c00, 0x0000020cc7366b30,
0x0000020cc7366110, 0x0000020cc7363380, 0x0000020cc7363da0, 0x0000020cc7368ea0,
0x0000020cc73693b0, 0x0000020cc73642b0, 0x0000020cc735b370
}

Java Threads: ( => current thread )
  0x0000020c8580ad50 JavaThread "main" [_thread_blocked, id=7512, stack(0x0000003d2a200000,0x0000003d2a300000)]
  0x0000020ca47b1380 JavaThread "Reference Handler" daemon [_thread_blocked, id=5200, stack(0x0000003d2a900000,0x0000003d2aa00000)]
  0x0000020ca47b2200 JavaThread "Finalizer" daemon [_thread_blocked, id=10936, stack(0x0000003d2aa00000,0x0000003d2ab00000)]
  0x0000020ca47c6630 JavaThread "Signal Dispatcher" daemon [_thread_blocked, id=1224, stack(0x0000003d2ab00000,0x0000003d2ac00000)]
  0x0000020ca47ca480 JavaThread "Attach Listener" daemon [_thread_blocked, id=5092, stack(0x0000003d2ac00000,0x0000003d2ad00000)]
  0x0000020ca47cae40 JavaThread "Service Thread" daemon [_thread_blocked, id=1256, stack(0x0000003d2ad00000,0x0000003d2ae00000)]
  0x0000020ca47cd810 JavaThread "Monitor Deflation Thread" daemon [_thread_blocked, id=10988, stack(0x0000003d2ae00000,0x0000003d2af00000)]
=>0x0000020ca47ce9c0 JavaThread "C2 CompilerThread0" daemon [_thread_in_native, id=10480, stack(0x0000003d2af00000,0x0000003d2b000000)]
  0x0000020ca48e09b0 JavaThread "C1 CompilerThread0" daemon [_thread_blocked, id=11152, stack(0x0000003d2b000000,0x0000003d2b100000)]
  0x0000020ca48f9a70 JavaThread "Sweeper thread" daemon [_thread_blocked, id=9508, stack(0x0000003d2b100000,0x0000003d2b200000)]
  0x0000020ca49f8ce0 JavaThread "Common-Cleaner" daemon [_thread_blocked, id=11228, stack(0x0000003d2b200000,0x0000003d2b300000)]
  0x0000020ca4aa93b0 JavaThread "Notification Thread" daemon [_thread_blocked, id=5484, stack(0x0000003d2b300000,0x0000003d2b400000)]
  0x0000020cc5b1ed50 JavaThread "Daemon health stats" [_thread_blocked, id=9600, stack(0x0000003d2b900000,0x0000003d2ba00000)]
  0x0000020cc478fdd0 JavaThread "Incoming local TCP Connector on port 49872" [_thread_in_native, id=6812, stack(0x0000003d2b800000,0x0000003d2b900000)]
  0x0000020cc5fabee0 JavaThread "Daemon periodic checks" [_thread_blocked, id=3648, stack(0x0000003d2ba00000,0x0000003d2bb00000)]
  0x0000020cc62de020 JavaThread "Daemon" [_thread_blocked, id=8576, stack(0x0000003d2bb00000,0x0000003d2bc00000)]
  0x0000020cc62de500 JavaThread "Handler for socket connection from /127.0.0.1:49872 to /127.0.0.1:49873" [_thread_in_native, id=10352, stack(0x0000003d2bc00000,0x0000003d2bd00000)]
  0x0000020cc5e9bb70 JavaThread "Cancel handler" [_thread_blocked, id=8196, stack(0x0000003d2bd00000,0x0000003d2be00000)]
  0x0000020cc4e94130 JavaThread "Daemon worker" [_thread_in_native, id=8032, stack(0x0000003d2be00000,0x0000003d2bf00000)]
  0x0000020cc50d0380 JavaThread "Asynchronous log dispatcher for DefaultDaemonConnection: socket connection from /127.0.0.1:49872 to /127.0.0.1:49873" [_thread_blocked, id=6652, stack(0x0000003d2bf00000,0x0000003d2c000000)]
  0x0000020cc50ce010 JavaThread "Stdin handler" [_thread_blocked, id=7192, stack(0x0000003d2c000000,0x0000003d2c100000)]
  0x0000020cc50ce520 JavaThread "Daemon client event forwarder" [_thread_blocked, id=10272, stack(0x0000003d2c100000,0x0000003d2c200000)]
  0x0000020cc50d0890 JavaThread "Cache worker for journal cache (C:\Users\MAHE\.gradle\caches\journal-1)" [_thread_blocked, id=3080, stack(0x0000003d2c200000,0x0000003d2c300000)]
  0x0000020cc50cea30 JavaThread "File lock request listener" [_thread_in_native, id=7528, stack(0x0000003d2c300000,0x0000003d2c400000)]
  0x0000020cc50cef40 JavaThread "Cache worker for file hash cache (C:\Users\MAHE\.gradle\caches\8.3\fileHashes)" [_thread_blocked, id=8212, stack(0x0000003d2c400000,0x0000003d2c500000)]
  0x0000020cc50cfe70 JavaThread "File watcher server" daemon [_thread_in_native, id=11244, stack(0x0000003d2c600000,0x0000003d2c700000)]
  0x0000020cc50cf450 JavaThread "File watcher consumer" daemon [_thread_blocked, id=10412, stack(0x0000003d2c700000,0x0000003d2c800000)]
  0x0000020cc50cf960 JavaThread "Cache worker for checksums cache (C:\Users\MAHE\Documents\DOC APP BACKUP FILES\april30_\demo1_joyson1\android\.gradle\8.3\checksums)" [_thread_blocked, id=9944, stack(0x0000003d2c500000,0x0000003d2c600000)]
  0x0000020cc50cd5f0 JavaThread "Cache worker for file hash cache (C:\Users\MAHE\Documents\DOC APP BACKUP FILES\april30_\demo1_joyson1\android\.gradle\8.3\fileHashes)" [_thread_blocked, id=9920, stack(0x0000003d2c800000,0x0000003d2c900000)]
  0x0000020cc50cdb00 JavaThread "Cache worker for cache directory md-supplier (C:\Users\MAHE\.gradle\caches\8.3\md-supplier)" [_thread_blocked, id=9936, stack(0x0000003d2c900000,0x0000003d2ca00000)]
  0x0000020cc7367550 JavaThread "Cache worker for file content cache (C:\Users\MAHE\.gradle\caches\8.3\fileContent)" [_thread_blocked, id=10484, stack(0x0000003d2ca00000,0x0000003d2cb00000)]
  0x0000020cc7362e70 JavaThread "Cache worker for cache directory md-rule (C:\Users\MAHE\.gradle\caches\8.3\md-rule)" [_thread_blocked, id=10192, stack(0x0000003d2cb00000,0x0000003d2cc00000)]
  0x0000020cc7367f70 JavaThread "Cache worker for execution history cache (C:\Users\MAHE\.gradle\caches\8.3\executionHistory)" [_thread_blocked, id=10504, stack(0x0000003d2cc00000,0x0000003d2cd00000)]
  0x0000020cc7364cd0 JavaThread "jar transforms" [_thread_blocked, id=9220, stack(0x0000003d2ce00000,0x0000003d2cf00000)]
  0x0000020cc7362450 JavaThread "jar transforms Thread 2" [_thread_blocked, id=3664, stack(0x0000003d2cf00000,0x0000003d2d000000)]
  0x0000020cc7368990 JavaThread "jar transforms Thread 3" [_thread_blocked, id=6708, stack(0x0000003d2d000000,0x0000003d2d100000)]
  0x0000020cc7367a60 JavaThread "jar transforms Thread 4" [_thread_blocked, id=8740, stack(0x0000003d2d100000,0x0000003d2d200000)]
  0x0000020cc7361a30 JavaThread "Cache worker for kotlin-dsl (C:\Users\MAHE\.gradle\caches\8.3\kotlin-dsl)" [_thread_blocked, id=9528, stack(0x0000003d2d200000,0x0000003d2d300000)]
  0x0000020cc7365c00 JavaThread "Unconstrained build operations" [_thread_blocked, id=7488, stack(0x0000003d2d300000,0x0000003d2d400000)]
  0x0000020cc7366b30 JavaThread "Unconstrained build operations Thread 2" [_thread_blocked, id=8060, stack(0x0000003d2d400000,0x0000003d2d500000)]
  0x0000020cc7366110 JavaThread "Cache worker for dependencies-accessors (C:\Users\MAHE\Documents\DOC APP BACKUP FILES\april30_\demo1_joyson1\android\.gradle\8.3\dependencies-accessors)" [_thread_blocked, id=5032, stack(0x0000003d2d500000,0x0000003d2d600000)]
  0x0000020cc7363380 JavaThread "Cache worker for Build Output Cleanup Cache (C:\Users\MAHE\Documents\DOC APP BACKUP FILES\april30_\demo1_joyson1\node_modules\@react-native\gradle-plugin\.gradle\buildOutputCleanup)" [_thread_blocked, id=10748, stack(0x0000003d2d600000,0x0000003d2d700000)]
  0x0000020cc7363da0 JavaThread "Unconstrained build operations Thread 3" [_thread_blocked, id=2760, stack(0x0000003d2d700000,0x0000003d2d800000)]
  0x0000020cc7368ea0 JavaThread "Unconstrained build operations Thread 4" [_thread_blocked, id=6960, stack(0x0000003d2d800000,0x0000003d2d900000)]
  0x0000020cc73693b0 JavaThread "Unconstrained build operations Thread 5" [_thread_blocked, id=10764, stack(0x0000003d2d900000,0x0000003d2da00000)]
  0x0000020cc73642b0 JavaThread "Memory manager" [_thread_blocked, id=3708, stack(0x0000003d2da00000,0x0000003d2db00000)]
  0x0000020cc735b370 JavaThread "Cache worker for Build Output Cleanup Cache (C:\Users\MAHE\Documents\DOC APP BACKUP FILES\april30_\demo1_joyson1\android\.gradle\buildOutputCleanup)" [_thread_blocked, id=9048, stack(0x0000003d2cd00000,0x0000003d2ce00000)]

Other Threads:
  0x0000020ca47aebd0 VMThread "VM Thread" [stack: 0x0000003d2a800000,0x0000003d2a900000] [id=1648]
  0x0000020ca4b089a0 WatcherThread [stack: 0x0000003d2b400000,0x0000003d2b500000] [id=10200]
  0x0000020c85865c00 GCTaskThread "GC Thread#0" [stack: 0x0000003d2a300000,0x0000003d2a400000] [id=4460]
  0x0000020ca4c76980 GCTaskThread "GC Thread#1" [stack: 0x0000003d2b500000,0x0000003d2b600000] [id=5008]
  0x0000020ca4c76c40 GCTaskThread "GC Thread#2" [stack: 0x0000003d2b600000,0x0000003d2b700000] [id=7408]
  0x0000020cc40513f0 GCTaskThread "GC Thread#3" [stack: 0x0000003d2b700000,0x0000003d2b800000] [id=1556]
  0x0000020c85876b50 ConcurrentGCThread "G1 Main Marker" [stack: 0x0000003d2a400000,0x0000003d2a500000] [id=3628]
  0x0000020c85877d10 ConcurrentGCThread "G1 Conc#0" [stack: 0x0000003d2a500000,0x0000003d2a600000] [id=5608]
  0x0000020c858ae8c0 ConcurrentGCThread "G1 Refine#0" [stack: 0x0000003d2a600000,0x0000003d2a700000] [id=1812]
  0x0000020ca46644e0 ConcurrentGCThread "G1 Service" [stack: 0x0000003d2a700000,0x0000003d2a800000] [id=1836]

Threads with active compile tasks:
C2 CompilerThread0    22153 6786 %     4       org.gradle.internal.instantiation.generator.AbstractClassGenerator::inspectType @ 207 (560 bytes)

VM state: not at safepoint (normal execution)

VM Mutex/Monitor currently owned by a thread:  ([mutex/lock_event])
[0x0000020c85808190] SystemDictionary_lock - owner thread: 0x0000000000000000

Heap address: 0x0000000080000000, size: 2048 MB, Compressed Oops mode: 32-bit

CDS archive(s) mapped at: [0x0000020ca5000000-0x0000020ca5bc0000-0x0000020ca5bc0000), size 12320768, SharedBaseAddress: 0x0000020ca5000000, ArchiveRelocationMode: 1.
Compressed class space mapped at: 0x0000020ca6000000-0x0000020cc0000000, reserved size: 436207616
Narrow klass base: 0x0000020ca5000000, Narrow klass shift: 0, Narrow klass range: 0x100000000

GC Precious Log:
 CPUs: 4 total, 4 available
 Memory: 16309M
 Large Page Support: Disabled
 NUMA Support: Disabled
 Compressed Oops: Enabled (32-bit)
 Heap Region Size: 1M
 Heap Min Capacity: 8M
 Heap Initial Capacity: 256M
 Heap Max Capacity: 2G
 Pre-touch: Disabled
 Parallel Workers: 4
 Concurrent Workers: 1
 Concurrent Refinement Workers: 4
 Periodic GC: Disabled

Heap:
 garbage-first heap   total 107520K, used 65747K [0x0000000080000000, 0x0000000100000000)
  region size 1024K, 9 young (9216K), 4 survivors (4096K)
 Metaspace       used 60753K, committed 61376K, reserved 491520K
  class space    used 8577K, committed 8832K, reserved 425984K

Heap Regions: E=young(eden), S=young(survivor), O=old, HS=humongous(starts), HC=humongous(continues), CS=collection set, F=free, OA=open archive, CA=closed archive, TAMS=top-at-mark-start (previous, next)
|   0|0x0000000080000000, 0x0000000080100000, 0x0000000080100000|100%| O|  |TAMS 0x0000000080100000, 0x0000000080000000| Untracked 
|   1|0x0000000080100000, 0x0000000080200000, 0x0000000080200000|100%| O|  |TAMS 0x0000000080200000, 0x0000000080100000| Untracked 
|   2|0x0000000080200000, 0x0000000080300000, 0x0000000080300000|100%|HS|  |TAMS 0x0000000080300000, 0x0000000080200000| Complete 
|   3|0x0000000080300000, 0x0000000080400000, 0x0000000080400000|100%|HC|  |TAMS 0x0000000080400000, 0x0000000080300000| Complete 
|   4|0x0000000080400000, 0x0000000080500000, 0x0000000080500000|100%|HC|  |TAMS 0x0000000080500000, 0x0000000080400000| Complete 
|   5|0x0000000080500000, 0x0000000080600000, 0x0000000080600000|100%|HC|  |TAMS 0x0000000080600000, 0x0000000080500000| Complete 
|   6|0x0000000080600000, 0x0000000080700000, 0x0000000080700000|100%| O|  |TAMS 0x0000000080700000, 0x0000000080600000| Untracked 
|   7|0x0000000080700000, 0x0000000080800000, 0x0000000080800000|100%| O|  |TAMS 0x0000000080800000, 0x0000000080700000| Untracked 
|   8|0x0000000080800000, 0x0000000080900000, 0x0000000080900000|100%| O|  |TAMS 0x0000000080900000, 0x0000000080800000| Untracked 
|   9|0x0000000080900000, 0x0000000080a00000, 0x0000000080a00000|100%| O|  |TAMS 0x0000000080a00000, 0x0000000080900000| Untracked 
|  10|0x0000000080a00000, 0x0000000080b00000, 0x0000000080b00000|100%| O|  |TAMS 0x0000000080b00000, 0x0000000080a00000| Untracked 
|  11|0x0000000080b00000, 0x0000000080b87a00, 0x0000000080c00000| 52%| O|  |TAMS 0x0000000080b87a00, 0x0000000080b00000| Untracked 
|  12|0x0000000080c00000, 0x0000000080d00000, 0x0000000080d00000|100%| O|  |TAMS 0x0000000080d00000, 0x0000000080c00000| Untracked 
|  13|0x0000000080d00000, 0x0000000080e00000, 0x0000000080e00000|100%| O|  |TAMS 0x0000000080e00000, 0x0000000080d00000| Untracked 
|  14|0x0000000080e00000, 0x0000000080f00000, 0x0000000080f00000|100%| O|  |TAMS 0x0000000080f00000, 0x0000000080e00000| Untracked 
|  15|0x0000000080f00000, 0x0000000081000000, 0x0000000081000000|100%| O|  |TAMS 0x0000000081000000, 0x0000000080f00000| Untracked 
|  16|0x0000000081000000, 0x0000000081100000, 0x0000000081100000|100%| O|  |TAMS 0x0000000081100000, 0x0000000081000000| Untracked 
|  17|0x0000000081100000, 0x0000000081200000, 0x0000000081200000|100%| O|  |TAMS 0x0000000081200000, 0x0000000081100000| Untracked 
|  18|0x0000000081200000, 0x0000000081300000, 0x0000000081300000|100%| O|  |TAMS 0x0000000081300000, 0x0000000081200000| Untracked 
|  19|0x0000000081300000, 0x0000000081400000, 0x0000000081400000|100%| O|  |TAMS 0x0000000081400000, 0x0000000081300000| Untracked 
|  20|0x0000000081400000, 0x0000000081500000, 0x0000000081500000|100%| O|  |TAMS 0x0000000081500000, 0x0000000081400000| Untracked 
|  21|0x0000000081500000, 0x0000000081600000, 0x0000000081600000|100%| O|  |TAMS 0x0000000081600000, 0x0000000081500000| Untracked 
|  22|0x0000000081600000, 0x0000000081700000, 0x0000000081700000|100%| O|  |TAMS 0x0000000081700000, 0x0000000081600000| Untracked 
|  23|0x0000000081700000, 0x0000000081800000, 0x0000000081800000|100%| O|  |TAMS 0x0000000081800000, 0x0000000081700000| Untracked 
|  24|0x0000000081800000, 0x0000000081900000, 0x0000000081900000|100%| O|  |TAMS 0x0000000081900000, 0x0000000081800000| Untracked 
|  25|0x0000000081900000, 0x0000000081a00000, 0x0000000081a00000|100%| O|  |TAMS 0x0000000081a00000, 0x0000000081900000| Untracked 
|  26|0x0000000081a00000, 0x0000000081b00000, 0x0000000081b00000|100%| O|  |TAMS 0x0000000081b00000, 0x0000000081a00000| Untracked 
|  27|0x0000000081b00000, 0x0000000081c00000, 0x0000000081c00000|100%| O|  |TAMS 0x0000000081c00000, 0x0000000081b00000| Untracked 
|  28|0x0000000081c00000, 0x0000000081d00000, 0x0000000081d00000|100%| O|  |TAMS 0x0000000081d00000, 0x0000000081c00000| Untracked 
|  29|0x0000000081d00000, 0x0000000081e00000, 0x0000000081e00000|100%| O|  |TAMS 0x0000000081e00000, 0x0000000081d00000| Untracked 
|  30|0x0000000081e00000, 0x0000000081f00000, 0x0000000081f00000|100%| O|  |TAMS 0x0000000081f00000, 0x0000000081e00000| Untracked 
|  31|0x0000000081f00000, 0x0000000082000000, 0x0000000082000000|100%| O|  |TAMS 0x0000000082000000, 0x0000000081f00000| Untracked 
|  32|0x0000000082000000, 0x0000000082100000, 0x0000000082100000|100%| O|  |TAMS 0x0000000082100000, 0x0000000082000000| Untracked 
|  33|0x0000000082100000, 0x0000000082200000, 0x0000000082200000|100%| O|  |TAMS 0x0000000082200000, 0x0000000082100000| Untracked 
|  34|0x0000000082200000, 0x0000000082300000, 0x0000000082300000|100%|HS|  |TAMS 0x0000000082300000, 0x0000000082200000| Complete 
|  35|0x0000000082300000, 0x0000000082400000, 0x0000000082400000|100%|HC|  |TAMS 0x0000000082400000, 0x0000000082300000| Complete 
|  36|0x0000000082400000, 0x0000000082500000, 0x0000000082500000|100%|HS|  |TAMS 0x0000000082500000, 0x0000000082400000| Complete 
|  37|0x0000000082500000, 0x0000000082600000, 0x0000000082600000|100%|HC|  |TAMS 0x0000000082600000, 0x0000000082500000| Complete 
|  38|0x0000000082600000, 0x0000000082700000, 0x0000000082700000|100%| O|  |TAMS 0x0000000082700000, 0x0000000082600000| Untracked 
|  39|0x0000000082700000, 0x0000000082800000, 0x0000000082800000|100%| O|  |TAMS 0x0000000082800000, 0x0000000082700000| Untracked 
|  40|0x0000000082800000, 0x0000000082900000, 0x0000000082900000|100%|HS|  |TAMS 0x0000000082900000, 0x0000000082800000| Complete 
|  41|0x0000000082900000, 0x0000000082a00000, 0x0000000082a00000|100%|HC|  |TAMS 0x0000000082a00000, 0x0000000082900000| Complete 
|  42|0x0000000082a00000, 0x0000000082b00000, 0x0000000082b00000|100%|HC|  |TAMS 0x0000000082b00000, 0x0000000082a00000| Complete 
|  43|0x0000000082b00000, 0x0000000082c00000, 0x0000000082c00000|100%|HC|  |TAMS 0x0000000082c00000, 0x0000000082b00000| Complete 
|  44|0x0000000082c00000, 0x0000000082d00000, 0x0000000082d00000|100%| O|  |TAMS 0x0000000082d00000, 0x0000000082c00000| Untracked 
|  45|0x0000000082d00000, 0x0000000082e00000, 0x0000000082e00000|100%| O|  |TAMS 0x0000000082e00000, 0x0000000082d00000| Untracked 
|  46|0x0000000082e00000, 0x0000000082f00000, 0x0000000082f00000|100%| O|  |TAMS 0x0000000082f00000, 0x0000000082e00000| Untracked 
|  47|0x0000000082f00000, 0x0000000083000000, 0x0000000083000000|100%| O|  |TAMS 0x0000000083000000, 0x0000000082f00000| Untracked 
|  48|0x0000000083000000, 0x0000000083100000, 0x0000000083100000|100%| O|  |TAMS 0x0000000083100000, 0x0000000083000000| Untracked 
|  49|0x0000000083100000, 0x0000000083200000, 0x0000000083200000|100%| O|  |TAMS 0x0000000083200000, 0x0000000083100000| Untracked 
|  50|0x0000000083200000, 0x0000000083300000, 0x0000000083300000|100%|HS|  |TAMS 0x0000000083300000, 0x0000000083200000| Complete 
|  51|0x0000000083300000, 0x0000000083400000, 0x0000000083400000|100%|HC|  |TAMS 0x0000000083400000, 0x0000000083300000| Complete 
|  52|0x0000000083400000, 0x0000000083500000, 0x0000000083500000|100%|HC|  |TAMS 0x0000000083500000, 0x0000000083400000| Complete 
|  53|0x0000000083500000, 0x0000000083600000, 0x0000000083600000|100%|HC|  |TAMS 0x0000000083600000, 0x0000000083500000| Complete 
|  54|0x0000000083600000, 0x0000000083700000, 0x0000000083700000|100%| O|  |TAMS 0x0000000083700000, 0x0000000083600000| Untracked 
|  55|0x0000000083700000, 0x0000000083800000, 0x0000000083800000|100%| O|  |TAMS 0x00000000837f2800, 0x0000000083700000| Untracked 
|  56|0x0000000083800000, 0x0000000083900000, 0x0000000083900000|100%| O|  |TAMS 0x0000000083800000, 0x0000000083800000| Untracked 
|  57|0x0000000083900000, 0x0000000083914a00, 0x0000000083a00000|  8%| O|  |TAMS 0x0000000083900000, 0x0000000083900000| Untracked 
|  58|0x0000000083a00000, 0x0000000083a00000, 0x0000000083b00000|  0%| F|  |TAMS 0x0000000083a00000, 0x0000000083a00000| Untracked 
|  59|0x0000000083b00000, 0x0000000083b00000, 0x0000000083c00000|  0%| F|  |TAMS 0x0000000083b00000, 0x0000000083b00000| Untracked 
|  60|0x0000000083c00000, 0x0000000083c00000, 0x0000000083d00000|  0%| F|  |TAMS 0x0000000083c00000, 0x0000000083c00000| Untracked 
|  61|0x0000000083d00000, 0x0000000083d00000, 0x0000000083e00000|  0%| F|  |TAMS 0x0000000083d00000, 0x0000000083d00000| Untracked 
|  62|0x0000000083e00000, 0x0000000083e00000, 0x0000000083f00000|  0%| F|  |TAMS 0x0000000083e00000, 0x0000000083e00000| Untracked 
|  63|0x0000000083f00000, 0x0000000083f00000, 0x0000000084000000|  0%| F|  |TAMS 0x0000000083f00000, 0x0000000083f00000| Untracked 
|  64|0x0000000084000000, 0x0000000084000000, 0x0000000084100000|  0%| F|  |TAMS 0x0000000084000000, 0x0000000084000000| Untracked 
|  65|0x0000000084100000, 0x0000000084100000, 0x0000000084200000|  0%| F|  |TAMS 0x0000000084100000, 0x0000000084100000| Untracked 
|  66|0x0000000084200000, 0x0000000084200000, 0x0000000084300000|  0%| F|  |TAMS 0x0000000084200000, 0x0000000084200000| Untracked 
|  67|0x0000000084300000, 0x0000000084300000, 0x0000000084400000|  0%| F|  |TAMS 0x0000000084300000, 0x0000000084300000| Untracked 
|  68|0x0000000084400000, 0x0000000084400000, 0x0000000084500000|  0%| F|  |TAMS 0x0000000084400000, 0x0000000084400000| Untracked 
|  69|0x0000000084500000, 0x0000000084500000, 0x0000000084600000|  0%| F|  |TAMS 0x0000000084500000, 0x0000000084500000| Untracked 
|  70|0x0000000084600000, 0x0000000084698a18, 0x0000000084700000| 59%| S|CS|TAMS 0x0000000084600000, 0x0000000084600000| Complete 
|  71|0x0000000084700000, 0x0000000084800000, 0x0000000084800000|100%| S|CS|TAMS 0x0000000084700000, 0x0000000084700000| Complete 
|  72|0x0000000084800000, 0x0000000084900000, 0x0000000084900000|100%| S|CS|TAMS 0x0000000084800000, 0x0000000084800000| Complete 
|  73|0x0000000084900000, 0x0000000084a00000, 0x0000000084a00000|100%| S|CS|TAMS 0x0000000084900000, 0x0000000084900000| Complete 
|  74|0x0000000084a00000, 0x0000000084a00000, 0x0000000084b00000|  0%| F|  |TAMS 0x0000000084a00000, 0x0000000084a00000| Untracked 
|  75|0x0000000084b00000, 0x0000000084b00000, 0x0000000084c00000|  0%| F|  |TAMS 0x0000000084b00000, 0x0000000084b00000| Untracked 
|  76|0x0000000084c00000, 0x0000000084c00000, 0x0000000084d00000|  0%| F|  |TAMS 0x0000000084c00000, 0x0000000084c00000| Untracked 
|  77|0x0000000084d00000, 0x0000000084d00000, 0x0000000084e00000|  0%| F|  |TAMS 0x0000000084d00000, 0x0000000084d00000| Untracked 
|  78|0x0000000084e00000, 0x0000000084e00000, 0x0000000084f00000|  0%| F|  |TAMS 0x0000000084e00000, 0x0000000084e00000| Untracked 
|  79|0x0000000084f00000, 0x0000000084f00000, 0x0000000085000000|  0%| F|  |TAMS 0x0000000084f00000, 0x0000000084f00000| Untracked 
|  80|0x0000000085000000, 0x0000000085000000, 0x0000000085100000|  0%| F|  |TAMS 0x0000000085000000, 0x0000000085000000| Untracked 
|  81|0x0000000085100000, 0x0000000085100000, 0x0000000085200000|  0%| F|  |TAMS 0x0000000085100000, 0x0000000085100000| Untracked 
|  82|0x0000000085200000, 0x0000000085200000, 0x0000000085300000|  0%| F|  |TAMS 0x0000000085200000, 0x0000000085200000| Untracked 
|  83|0x0000000085300000, 0x0000000085300000, 0x0000000085400000|  0%| F|  |TAMS 0x0000000085300000, 0x0000000085300000| Untracked 
|  84|0x0000000085400000, 0x0000000085400000, 0x0000000085500000|  0%| F|  |TAMS 0x0000000085400000, 0x0000000085400000| Untracked 
|  85|0x0000000085500000, 0x0000000085500000, 0x0000000085600000|  0%| F|  |TAMS 0x0000000085500000, 0x0000000085500000| Untracked 
|  86|0x0000000085600000, 0x0000000085600000, 0x0000000085700000|  0%| F|  |TAMS 0x0000000085600000, 0x0000000085600000| Untracked 
|  87|0x0000000085700000, 0x0000000085700000, 0x0000000085800000|  0%| F|  |TAMS 0x0000000085700000, 0x0000000085700000| Untracked 
|  88|0x0000000085800000, 0x0000000085800000, 0x0000000085900000|  0%| F|  |TAMS 0x0000000085800000, 0x0000000085800000| Untracked 
|  89|0x0000000085900000, 0x0000000085900000, 0x0000000085a00000|  0%| F|  |TAMS 0x0000000085900000, 0x0000000085900000| Untracked 
|  90|0x0000000085a00000, 0x0000000085a00000, 0x0000000085b00000|  0%| F|  |TAMS 0x0000000085a00000, 0x0000000085a00000| Untracked 
| 128|0x0000000088000000, 0x0000000088000000, 0x0000000088100000|  0%| F|  |TAMS 0x0000000088000000, 0x0000000088000000| Untracked 
| 129|0x0000000088100000, 0x0000000088100000, 0x0000000088200000|  0%| F|  |TAMS 0x0000000088100000, 0x0000000088100000| Untracked 
| 130|0x0000000088200000, 0x0000000088200000, 0x0000000088300000|  0%| F|  |TAMS 0x0000000088200000, 0x0000000088200000| Untracked 
| 131|0x0000000088300000, 0x0000000088300000, 0x0000000088400000|  0%| F|  |TAMS 0x0000000088300000, 0x0000000088300000| Untracked 
| 132|0x0000000088400000, 0x0000000088400000, 0x0000000088500000|  0%| F|  |TAMS 0x0000000088400000, 0x0000000088400000| Untracked 
| 133|0x0000000088500000, 0x0000000088500000, 0x0000000088600000|  0%| F|  |TAMS 0x0000000088500000, 0x0000000088500000| Untracked 
| 134|0x0000000088600000, 0x0000000088600000, 0x0000000088700000|  0%| F|  |TAMS 0x0000000088600000, 0x0000000088600000| Untracked 
| 135|0x0000000088700000, 0x0000000088700000, 0x0000000088800000|  0%| F|  |TAMS 0x0000000088700000, 0x0000000088700000| Untracked 
| 136|0x0000000088800000, 0x0000000088800000, 0x0000000088900000|  0%| F|  |TAMS 0x0000000088800000, 0x0000000088800000| Untracked 
| 137|0x0000000088900000, 0x00000000889f0a28, 0x0000000088a00000| 93%| E|  |TAMS 0x0000000088900000, 0x0000000088900000| Complete 
| 138|0x0000000088a00000, 0x0000000088b00000, 0x0000000088b00000|100%| E|CS|TAMS 0x0000000088a00000, 0x0000000088a00000| Complete 
| 139|0x0000000088b00000, 0x0000000088c00000, 0x0000000088c00000|100%| E|CS|TAMS 0x0000000088b00000, 0x0000000088b00000| Complete 
| 254|0x000000008fe00000, 0x000000008ff00000, 0x000000008ff00000|100%| E|CS|TAMS 0x000000008fe00000, 0x000000008fe00000| Complete 
| 255|0x000000008ff00000, 0x0000000090000000, 0x0000000090000000|100%| E|CS|TAMS 0x000000008ff00000, 0x000000008ff00000| Complete 

Card table byte_map: [0x0000020c9da90000,0x0000020c9de90000] _byte_map_base: 0x0000020c9d690000

Marking Bits (Prev, Next): (CMBitMap*) 0x0000020c85866260, (CMBitMap*) 0x0000020c85866220
 Prev Bits: [0x0000020ca0290000, 0x0000020ca2290000)
 Next Bits: [0x0000020c9e290000, 0x0000020ca0290000)

Polling page: 0x0000020c834b0000

Metaspace:

Usage:
  Non-class:     50.98 MB used.
      Class:      8.38 MB used.
       Both:     59.36 MB used.

Virtual space:
  Non-class space:       64.00 MB reserved,      51.38 MB ( 80%) committed,  1 nodes.
      Class space:      416.00 MB reserved,       8.69 MB (  2%) committed,  1 nodes.
             Both:      480.00 MB reserved,      60.06 MB ( 13%) committed. 

Chunk freelists:
   Non-Class:  12.55 MB
       Class:  7.30 MB
        Both:  19.84 MB

MaxMetaspaceSize: 512.00 MB
CompressedClassSpaceSize: 416.00 MB
Initial GC threshold: 21.00 MB
Current GC threshold: 99.50 MB
CDS: on
MetaspaceReclaimPolicy: balanced
 - commit_granule_bytes: 65536.
 - commit_granule_words: 8192.
 - virtual_space_node_default_size: 8388608.
 - enlarge_chunks_in_place: 1.
 - new_chunks_are_fully_committed: 0.
 - uncommit_free_chunks: 1.
 - use_allocation_guard: 0.
 - handle_deallocations: 1.


Internal statistics:

num_allocs_failed_limit: 6.
num_arena_births: 758.
num_arena_deaths: 0.
num_vsnodes_births: 2.
num_vsnodes_deaths: 0.
num_space_committed: 961.
num_space_uncommitted: 0.
num_chunks_returned_to_freelist: 6.
num_chunks_taken_from_freelist: 3199.
num_chunk_merges: 6.
num_chunk_splits: 2145.
num_chunks_enlarged: 1426.
num_inconsistent_stats: 0.

CodeHeap 'non-profiled nmethods': size=120000Kb used=3542Kb max_used=3542Kb free=116457Kb
 bounds [0x0000020c96160000, 0x0000020c964e0000, 0x0000020c9d690000]
CodeHeap 'profiled nmethods': size=120000Kb used=12036Kb max_used=12036Kb free=107963Kb
 bounds [0x0000020c8e690000, 0x0000020c8f260000, 0x0000020c95bc0000]
CodeHeap 'non-nmethods': size=5760Kb used=2354Kb max_used=2418Kb free=3405Kb
 bounds [0x0000020c95bc0000, 0x0000020c95e30000, 0x0000020c96160000]
 total_blobs=6975 nmethods=6092 adapters=794
 compilation: enabled
              stopped_count=0, restarted_count=0
 full_count=0

Compilation events (20 events):
Event: 21.742 Thread 0x0000020ca48e09b0 nmethod 6776 0x0000020c964d4690 code [0x0000020c964d4820, 0x0000020c964d48f8]
Event: 21.743 Thread 0x0000020ca48e09b0 6777       3       java.lang.invoke.LambdaForm$MH/0x0000020ca61f0c00::linkToTargetMethod (11 bytes)
Event: 21.743 Thread 0x0000020ca48e09b0 nmethod 6777 0x0000020c8f247790 code [0x0000020c8f247940, 0x0000020c8f247d98]
Event: 21.743 Thread 0x0000020ca48e09b0 6778       3       java.lang.invoke.LambdaForm$DMH/0x0000020ca61f0400::newInvokeSpecial (28 bytes)
Event: 21.743 Thread 0x0000020ca48e09b0 nmethod 6778 0x0000020c8f247e90 code [0x0000020c8f248080, 0x0000020c8f248848]
Event: 21.743 Thread 0x0000020ca48e09b0 6779       3       org.gradle.internal.resolve.result.DefaultResourceAwareResolveResult::<init> (5 bytes)
Event: 21.744 Thread 0x0000020ca48e09b0 nmethod 6779 0x0000020c8f248a10 code [0x0000020c8f248ba0, 0x0000020c8f248cf8]
Event: 21.744 Thread 0x0000020ca47ce9c0 6780       4       java.lang.invoke.MethodType::equals (56 bytes)
Event: 21.748 Thread 0x0000020ca47ce9c0 nmethod 6780 0x0000020c964d4990 code [0x0000020c964d4b20, 0x0000020c964d4db8]
Event: 21.749 Thread 0x0000020ca48e09b0 6782       3       java.util.LinkedList::unlinkFirst (64 bytes)
Event: 21.750 Thread 0x0000020ca48e09b0 nmethod 6782 0x0000020c8f248d90 code [0x0000020c8f248f40, 0x0000020c8f2491d8]
Event: 21.781 Thread 0x0000020ca48e09b0 6783       3       com.google.common.reflect.TypeVisitor::<init> (12 bytes)
Event: 21.781 Thread 0x0000020ca48e09b0 nmethod 6783 0x0000020c8f249310 code [0x0000020c8f249500, 0x0000020c8f249af8]
Event: 21.781 Thread 0x0000020ca48e09b0 6784       1       sun.reflect.generics.tree.ClassSignature::getSuperInterfaces (5 bytes)
Event: 21.781 Thread 0x0000020ca48e09b0 nmethod 6784 0x0000020c964d5490 code [0x0000020c964d5620, 0x0000020c964d56f8]
Event: 21.782 Thread 0x0000020ca48e09b0 6785       3       sun.reflect.generics.reflectiveObjects.ParameterizedTypeImpl::equals (81 bytes)
Event: 21.782 Thread 0x0000020ca48e09b0 nmethod 6785 0x0000020c8f249d10 code [0x0000020c8f249f60, 0x0000020c8f24ab68]
Event: 21.814 Thread 0x0000020ca47ce9c0 6786 %     4       org.gradle.internal.instantiation.generator.AbstractClassGenerator::inspectType @ 207 (560 bytes)
Event: 21.818 Thread 0x0000020ca48e09b0 6788       3       org.objectweb.asm.Type::getDescriptor (18 bytes)
Event: 21.819 Thread 0x0000020ca48e09b0 nmethod 6788 0x0000020c8f24ad90 code [0x0000020c8f24af80, 0x0000020c8f24b3b8]

GC Heap History (20 events):
Event: 17.045 GC heap before
{Heap before GC invocations=11 (full 0):
 garbage-first heap   total 86016K, used 66810K [0x0000000080000000, 0x0000000100000000)
  region size 1024K, 35 young (35840K), 3 survivors (3072K)
 Metaspace       used 42413K, committed 42944K, reserved 491520K
  class space    used 5924K, committed 6144K, reserved 425984K
}
Event: 17.050 GC heap after
{Heap after GC invocations=12 (full 0):
 garbage-first heap   total 86016K, used 35999K [0x0000000080000000, 0x0000000100000000)
  region size 1024K, 4 young (4096K), 4 survivors (4096K)
 Metaspace       used 42413K, committed 42944K, reserved 491520K
  class space    used 5924K, committed 6144K, reserved 425984K
}
Event: 17.978 GC heap before
{Heap before GC invocations=12 (full 0):
 garbage-first heap   total 86016K, used 67743K [0x0000000080000000, 0x0000000100000000)
  region size 1024K, 35 young (35840K), 4 survivors (4096K)
 Metaspace       used 46147K, committed 46720K, reserved 491520K
  class space    used 6518K, committed 6784K, reserved 425984K
}
Event: 17.983 GC heap after
{Heap after GC invocations=13 (full 0):
 garbage-first heap   total 86016K, used 38052K [0x0000000080000000, 0x0000000100000000)
  region size 1024K, 4 young (4096K), 4 survivors (4096K)
 Metaspace       used 46147K, committed 46720K, reserved 491520K
  class space    used 6518K, committed 6784K, reserved 425984K
}
Event: 18.306 GC heap before
{Heap before GC invocations=13 (full 0):
 garbage-first heap   total 86016K, used 51364K [0x0000000080000000, 0x0000000100000000)
  region size 1024K, 14 young (14336K), 4 survivors (4096K)
 Metaspace       used 46597K, committed 47232K, reserved 491520K
  class space    used 6568K, committed 6848K, reserved 425984K
}
Event: 18.314 GC heap after
{Heap after GC invocations=14 (full 0):
 garbage-first heap   total 86016K, used 44144K [0x0000000080000000, 0x0000000100000000)
  region size 1024K, 4 young (4096K), 4 survivors (4096K)
 Metaspace       used 46597K, committed 47232K, reserved 491520K
  class space    used 6568K, committed 6848K, reserved 425984K
}
Event: 18.966 GC heap before
{Heap before GC invocations=15 (full 0):
 garbage-first heap   total 86016K, used 71792K [0x0000000080000000, 0x0000000100000000)
  region size 1024K, 28 young (28672K), 4 survivors (4096K)
 Metaspace       used 49342K, committed 49984K, reserved 491520K
  class space    used 6918K, committed 7232K, reserved 425984K
}
Event: 18.971 GC heap after
{Heap after GC invocations=16 (full 0):
 garbage-first heap   total 86016K, used 50172K [0x0000000080000000, 0x0000000100000000)
  region size 1024K, 4 young (4096K), 4 survivors (4096K)
 Metaspace       used 49342K, committed 49984K, reserved 491520K
  class space    used 6918K, committed 7232K, reserved 425984K
}
Event: 19.481 GC heap before
{Heap before GC invocations=16 (full 0):
 garbage-first heap   total 86016K, used 69628K [0x0000000080000000, 0x0000000100000000)
  region size 1024K, 23 young (23552K), 4 survivors (4096K)
 Metaspace       used 51220K, committed 51840K, reserved 491520K
  class space    used 7232K, committed 7488K, reserved 425984K
}
Event: 19.485 GC heap after
{Heap after GC invocations=17 (full 0):
 garbage-first heap   total 103424K, used 51180K [0x0000000080000000, 0x0000000100000000)
  region size 1024K, 1 young (1024K), 1 survivors (1024K)
 Metaspace       used 51220K, committed 51840K, reserved 491520K
  class space    used 7232K, committed 7488K, reserved 425984K
}
Event: 19.653 GC heap before
{Heap before GC invocations=18 (full 0):
 garbage-first heap   total 103424K, used 58348K [0x0000000080000000, 0x0000000100000000)
  region size 1024K, 9 young (9216K), 1 survivors (1024K)
 Metaspace       used 51902K, committed 52480K, reserved 491520K
  class space    used 7355K, committed 7616K, reserved 425984K
}
Event: 19.656 GC heap after
{Heap after GC invocations=19 (full 0):
 garbage-first heap   total 103424K, used 51524K [0x0000000080000000, 0x0000000100000000)
  region size 1024K, 2 young (2048K), 2 survivors (2048K)
 Metaspace       used 51902K, committed 52480K, reserved 491520K
  class space    used 7355K, committed 7616K, reserved 425984K
}
Event: 20.322 GC heap before
{Heap before GC invocations=20 (full 0):
 garbage-first heap   total 103424K, used 84292K [0x0000000080000000, 0x0000000100000000)
  region size 1024K, 30 young (30720K), 2 survivors (2048K)
 Metaspace       used 53959K, committed 54592K, reserved 491520K
  class space    used 7616K, committed 7936K, reserved 425984K
}
Event: 20.326 GC heap after
{Heap after GC invocations=21 (full 0):
 garbage-first heap   total 103424K, used 56678K [0x0000000080000000, 0x0000000100000000)
  region size 1024K, 3 young (3072K), 3 survivors (3072K)
 Metaspace       used 53959K, committed 54592K, reserved 491520K
  class space    used 7616K, committed 7936K, reserved 425984K
}
Event: 20.814 GC heap before
{Heap before GC invocations=21 (full 0):
 garbage-first heap   total 103424K, used 83302K [0x0000000080000000, 0x0000000100000000)
  region size 1024K, 29 young (29696K), 3 survivors (3072K)
 Metaspace       used 56562K, committed 57152K, reserved 491520K
  class space    used 7992K, committed 8256K, reserved 425984K
}
Event: 20.818 GC heap after
{Heap after GC invocations=22 (full 0):
 garbage-first heap   total 103424K, used 57798K [0x0000000080000000, 0x0000000100000000)
  region size 1024K, 3 young (3072K), 3 survivors (3072K)
 Metaspace       used 56562K, committed 57152K, reserved 491520K
  class space    used 7992K, committed 8256K, reserved 425984K
}
Event: 21.365 GC heap before
{Heap before GC invocations=23 (full 0):
 garbage-first heap   total 106496K, used 83398K [0x0000000080000000, 0x0000000100000000)
  region size 1024K, 29 young (29696K), 3 survivors (3072K)
 Metaspace       used 58705K, committed 59328K, reserved 491520K
  class space    used 8258K, committed 8512K, reserved 425984K
}
Event: 21.369 GC heap after
{Heap after GC invocations=24 (full 0):
 garbage-first heap   total 106496K, used 59490K [0x0000000080000000, 0x0000000100000000)
  region size 1024K, 3 young (3072K), 3 survivors (3072K)
 Metaspace       used 58705K, committed 59328K, reserved 491520K
  class space    used 8258K, committed 8512K, reserved 425984K
}
Event: 21.885 GC heap before
{Heap before GC invocations=24 (full 0):
 garbage-first heap   total 106496K, used 86114K [0x0000000080000000, 0x0000000100000000)
  region size 1024K, 30 young (30720K), 3 survivors (3072K)
 Metaspace       used 60448K, committed 61120K, reserved 491520K
  class space    used 8530K, committed 8832K, reserved 425984K
}
Event: 21.890 GC heap after
{Heap after GC invocations=25 (full 0):
 garbage-first heap   total 106496K, used 61651K [0x0000000080000000, 0x0000000100000000)
  region size 1024K, 4 young (4096K), 4 survivors (4096K)
 Metaspace       used 60448K, committed 61120K, reserved 491520K
  class space    used 8530K, committed 8832K, reserved 425984K
}

Dll operation events (15 events):
Event: 0.017 Loaded shared library C:\Program Files\OpenLogic\jdk-17.0.10.7-hotspot\bin\java.dll
Event: 0.038 Loaded shared library C:\Program Files\OpenLogic\jdk-17.0.10.7-hotspot\bin\jsvml.dll
Event: 0.096 Loaded shared library C:\Program Files\OpenLogic\jdk-17.0.10.7-hotspot\bin\zip.dll
Event: 0.099 Loaded shared library C:\Program Files\OpenLogic\jdk-17.0.10.7-hotspot\bin\instrument.dll
Event: 0.105 Loaded shared library C:\Program Files\OpenLogic\jdk-17.0.10.7-hotspot\bin\net.dll
Event: 0.108 Loaded shared library C:\Program Files\OpenLogic\jdk-17.0.10.7-hotspot\bin\nio.dll
Event: 0.112 Loaded shared library C:\Program Files\OpenLogic\jdk-17.0.10.7-hotspot\bin\zip.dll
Event: 0.378 Loaded shared library C:\Program Files\OpenLogic\jdk-17.0.10.7-hotspot\bin\jimage.dll
Event: 0.469 Loaded shared library C:\Program Files\OpenLogic\jdk-17.0.10.7-hotspot\bin\verify.dll
Event: 0.686 Loaded shared library C:\Users\MAHE\.gradle\native\68d5fa5c4cc2d200863cafc0d521ce42e7d3e7ee720ec0a83991735586a16f82\windows-amd64\native-platform.dll
Event: 0.694 Loaded shared library C:\Users\MAHE\.gradle\native\e376f236ea51e6404a007f0833ffe2c6e607c4080706a723a18a27aeea778392\windows-amd64\native-platform-file-events.dll
Event: 1.962 Loaded shared library C:\Program Files\OpenLogic\jdk-17.0.10.7-hotspot\bin\management.dll
Event: 1.966 Loaded shared library C:\Program Files\OpenLogic\jdk-17.0.10.7-hotspot\bin\management_ext.dll
Event: 2.256 Loaded shared library C:\Program Files\OpenLogic\jdk-17.0.10.7-hotspot\bin\extnet.dll
Event: 2.520 Loaded shared library C:\Program Files\OpenLogic\jdk-17.0.10.7-hotspot\bin\sunmscapi.dll

Deoptimization events (20 events):
Event: 21.155 Thread 0x0000020cc50cef40 DEOPT PACKING pc=0x0000020c8efd12f1 sp=0x0000003d2c4fe530
Event: 21.155 Thread 0x0000020cc50cef40 DEOPT UNPACKING pc=0x0000020c95c17143 sp=0x0000003d2c4fd9d0 mode 0
Event: 21.182 Thread 0x0000020cc50cef40 DEOPT PACKING pc=0x0000020c8ef48943 sp=0x0000003d2c4fe460
Event: 21.182 Thread 0x0000020cc50cef40 DEOPT UNPACKING pc=0x0000020c95c17143 sp=0x0000003d2c4fd8e8 mode 0
Event: 21.361 Thread 0x0000020cc4e94130 Uncommon trap: trap_request=0xffffffdc fr.pc=0x0000020c964c0abc relative=0x000000000000029c
Event: 21.361 Thread 0x0000020cc4e94130 Uncommon trap: reason=class_check action=make_not_entrant pc=0x0000020c964c0abc method=java.util.ArrayList.toArray([Ljava/lang/Object;)[Ljava/lang/Object; @ 21 c2
Event: 21.361 Thread 0x0000020cc4e94130 DEOPT PACKING pc=0x0000020c964c0abc sp=0x0000003d2bef72a0
Event: 21.361 Thread 0x0000020cc4e94130 DEOPT UNPACKING pc=0x0000020c95c169a3 sp=0x0000003d2bef7270 mode 2
Event: 21.487 Thread 0x0000020cc4e94130 Uncommon trap: trap_request=0xffffff6e fr.pc=0x0000020c96179644 relative=0x0000000000000144
Event: 21.487 Thread 0x0000020cc4e94130 Uncommon trap: reason=loop_limit_check action=maybe_recompile pc=0x0000020c96179644 method=java.lang.StringLatin1.lastIndexOf([BII)I @ 19 c2
Event: 21.487 Thread 0x0000020cc4e94130 DEOPT PACKING pc=0x0000020c96179644 sp=0x0000003d2bef6270
Event: 21.487 Thread 0x0000020cc4e94130 DEOPT UNPACKING pc=0x0000020c95c169a3 sp=0x0000003d2bef61f0 mode 2
Event: 21.748 Thread 0x0000020cc4e94130 Uncommon trap: trap_request=0xffffffde fr.pc=0x0000020c964ad864 relative=0x0000000000001244
Event: 21.748 Thread 0x0000020cc4e94130 Uncommon trap: reason=class_check action=maybe_recompile pc=0x0000020c964ad864 method=java.util.concurrent.ConcurrentHashMap.putVal(Ljava/lang/Object;Ljava/lang/Object;Z)Ljava/lang/Object; @ 242 c2
Event: 21.748 Thread 0x0000020cc4e94130 DEOPT PACKING pc=0x0000020c964ad864 sp=0x0000003d2bef7580
Event: 21.748 Thread 0x0000020cc4e94130 DEOPT UNPACKING pc=0x0000020c95c169a3 sp=0x0000003d2bef7500 mode 2
Event: 21.749 Thread 0x0000020cc4e94130 Uncommon trap: trap_request=0xffffffde fr.pc=0x0000020c964ad864 relative=0x0000000000001244
Event: 21.749 Thread 0x0000020cc4e94130 Uncommon trap: reason=class_check action=maybe_recompile pc=0x0000020c964ad864 method=java.util.concurrent.ConcurrentHashMap.putVal(Ljava/lang/Object;Ljava/lang/Object;Z)Ljava/lang/Object; @ 242 c2
Event: 21.749 Thread 0x0000020cc4e94130 DEOPT PACKING pc=0x0000020c964ad864 sp=0x0000003d2bef7580
Event: 21.749 Thread 0x0000020cc4e94130 DEOPT UNPACKING pc=0x0000020c95c169a3 sp=0x0000003d2bef7500 mode 2

Classes unloaded (0 events):
No events

Classes redefined (0 events):
No events

Internal exceptions (20 events):
Event: 21.626 Thread 0x0000020cc4e94130 Exception <a 'java/lang/ClassNotFoundException'{0x000000008828f8f0}: org/gradle/internal/metaobject/ConfigureDelegateBeanInfo> (0x000000008828f8f0) 
thrown [s\src\hotspot\share\classfile\systemDictionary.cpp, line 256]
Event: 21.627 Thread 0x0000020cc4e94130 Exception <a 'java/lang/ClassNotFoundException'{0x00000000882a0268}: org/gradle/internal/metaobject/ConfigureDelegateCustomizer> (0x00000000882a0268) 
thrown [s\src\hotspot\share\classfile\systemDictionary.cpp, line 256]
Event: 21.630 Thread 0x0000020cc4e94130 Exception <a 'java/lang/ClassNotFoundException'{0x00000000882e3728}: org/gradle/api/internal/initialization/DefaultScriptHandlerBeanInfo> (0x00000000882e3728) 
thrown [s\src\hotspot\share\classfile\systemDictionary.cpp, line 256]
Event: 21.631 Thread 0x0000020cc4e94130 Exception <a 'java/lang/ClassNotFoundException'{0x00000000882f41b8}: org/gradle/api/internal/initialization/DefaultScriptHandlerCustomizer> (0x00000000882f41b8) 
thrown [s\src\hotspot\share\classfile\systemDictionary.cpp, line 256]
Event: 21.641 Thread 0x0000020cc4e94130 Exception <a 'java/lang/ClassNotFoundException'{0x000000008571fa20}: org/gradle/api/internal/artifacts/dsl/DefaultRepositoryHandler_DecoratedBeanInfo> (0x000000008571fa20) 
thrown [s\src\hotspot\share\classfile\systemDictionary.cpp, line 256]
Event: 21.641 Thread 0x0000020cc4e94130 Exception <a 'java/lang/ClassNotFoundException'{0x0000000085736670}: org/gradle/api/internal/artifacts/dsl/DefaultRepositoryHandlerBeanInfo> (0x0000000085736670) 
thrown [s\src\hotspot\share\classfile\systemDictionary.cpp, line 256]
Event: 21.642 Thread 0x0000020cc4e94130 Exception <a 'java/lang/ClassNotFoundException'{0x000000008574d490}: org/gradle/api/internal/artifacts/DefaultArtifactRepositoryContainerBeanInfo> (0x000000008574d490) 
thrown [s\src\hotspot\share\classfile\systemDictionary.cpp, line 256]
Event: 21.642 Thread 0x0000020cc4e94130 Exception <a 'java/lang/ClassNotFoundException'{0x0000000085761488}: org/gradle/api/internal/DefaultNamedDomainObjectListBeanInfo> (0x0000000085761488) 
thrown [s\src\hotspot\share\classfile\systemDictionary.cpp, line 256]
Event: 21.650 Thread 0x0000020cc4e94130 Exception <a 'java/lang/ClassNotFoundException'{0x00000000857755d8}: org/gradle/api/internal/DefaultNamedDomainObjectCollectionBeanInfo> (0x00000000857755d8) 
thrown [s\src\hotspot\share\classfile\systemDictionary.cpp, line 256]
Event: 21.650 Thread 0x0000020cc4e94130 Exception <a 'java/lang/ClassNotFoundException'{0x0000000085789870}: org/gradle/api/internal/DefaultDomainObjectCollectionBeanInfo> (0x0000000085789870) 
thrown [s\src\hotspot\share\classfile\systemDictionary.cpp, line 256]
Event: 21.651 Thread 0x0000020cc4e94130 Exception <a 'java/lang/ClassNotFoundException'{0x000000008579d938}: org/gradle/api/internal/DefaultDomainObjectCollectionCustomizer> (0x000000008579d938) 
thrown [s\src\hotspot\share\classfile\systemDictionary.cpp, line 256]
Event: 21.653 Thread 0x0000020cc4e94130 Exception <a 'java/lang/ClassNotFoundException'{0x00000000857d1d60}: org/gradle/api/internal/DefaultNamedDomainObjectCollectionCustomizer> (0x00000000857d1d60) 
thrown [s\src\hotspot\share\classfile\systemDictionary.cpp, line 256]
Event: 21.654 Thread 0x0000020cc4e94130 Exception <a 'java/lang/ClassNotFoundException'{0x000000008560de50}: org/gradle/api/internal/DefaultNamedDomainObjectListCustomizer> (0x000000008560de50) 
thrown [s\src\hotspot\share\classfile\systemDictionary.cpp, line 256]
Event: 21.655 Thread 0x0000020cc4e94130 Exception <a 'java/lang/ClassNotFoundException'{0x000000008563f740}: org/gradle/api/internal/artifacts/DefaultArtifactRepositoryContainerCustomizer> (0x000000008563f740) 
thrown [s\src\hotspot\share\classfile\systemDictionary.cpp, line 256]
Event: 21.656 Thread 0x0000020cc4e94130 Exception <a 'java/lang/ClassNotFoundException'{0x0000000085668068}: org/gradle/api/internal/artifacts/dsl/DefaultRepositoryHandlerCustomizer> (0x0000000085668068) 
thrown [s\src\hotspot\share\classfile\systemDictionary.cpp, line 256]
Event: 21.657 Thread 0x0000020cc4e94130 Exception <a 'java/lang/ClassNotFoundException'{0x000000008569ea28}: org/gradle/api/internal/artifacts/dsl/DefaultRepositoryHandler_DecoratedCustomizer> (0x000000008569ea28) 
thrown [s\src\hotspot\share\classfile\systemDictionary.cpp, line 256]
Event: 21.664 Thread 0x0000020cc4e94130 Exception <a 'java/lang/ClassNotFoundException'{0x0000000085538958}: org/gradle/api/internal/artifacts/dsl/dependencies/DefaultDependencyHandler_DecoratedBeanInfo> (0x0000000085538958) 
thrown [s\src\hotspot\share\classfile\systemDictionary.cpp, line 256]
Event: 21.665 Thread 0x0000020cc4e94130 Exception <a 'java/lang/ClassNotFoundException'{0x000000008554f0f0}: org/gradle/api/internal/artifacts/dsl/dependencies/DefaultDependencyHandlerBeanInfo> (0x000000008554f0f0) 
thrown [s\src\hotspot\share\classfile\systemDictionary.cpp, line 256]
Event: 21.666 Thread 0x0000020cc4e94130 Exception <a 'java/lang/ClassNotFoundException'{0x00000000855652f8}: org/gradle/api/internal/artifacts/dsl/dependencies/DefaultDependencyHandlerCustomizer> (0x00000000855652f8) 
thrown [s\src\hotspot\share\classfile\systemDictionary.cpp, line 256]
Event: 21.668 Thread 0x0000020cc4e94130 Exception <a 'java/lang/ClassNotFoundException'{0x00000000855a2458}: org/gradle/api/internal/artifacts/dsl/dependencies/DefaultDependencyHandler_DecoratedCustomizer> (0x00000000855a2458) 
thrown [s\src\hotspot\share\classfile\systemDictionary.cpp, line 256]

VM Operations (20 events):
Event: 20.322 Executing VM operation: G1CollectForAllocation
Event: 20.326 Executing VM operation: G1CollectForAllocation done
Event: 20.814 Executing VM operation: G1CollectForAllocation
Event: 20.818 Executing VM operation: G1CollectForAllocation done
Event: 20.878 Executing VM operation: G1PauseRemark
Event: 20.881 Executing VM operation: G1PauseRemark done
Event: 20.909 Executing VM operation: G1PauseCleanup
Event: 20.916 Executing VM operation: G1PauseCleanup done
Event: 21.365 Executing VM operation: G1CollectForAllocation
Event: 21.369 Executing VM operation: G1CollectForAllocation done
Event: 21.486 Executing VM operation: HandshakeAllThreads
Event: 21.486 Executing VM operation: HandshakeAllThreads done
Event: 21.486 Executing VM operation: HandshakeAllThreads
Event: 21.486 Executing VM operation: HandshakeAllThreads done
Event: 21.751 Executing VM operation: HandshakeAllThreads
Event: 21.751 Executing VM operation: HandshakeAllThreads done
Event: 21.884 Executing VM operation: G1CollectForAllocation
Event: 21.890 Executing VM operation: G1CollectForAllocation done
Event: 21.956 Executing VM operation: G1PauseRemark
Event: 21.959 Executing VM operation: G1PauseRemark done

Events (20 events):
Event: 19.269 loading class javax/management/MBeanException
Event: 19.269 loading class javax/management/MBeanException done
Event: 19.269 loading class javax/management/AttributeNotFoundException
Event: 19.269 loading class javax/management/AttributeNotFoundException done
Event: 19.269 loading class sun/reflect/misc/MethodUtil
Event: 19.269 loading class sun/reflect/misc/MethodUtil done
Event: 19.271 loading class sun/reflect/misc/MethodUtil$1
Event: 19.271 loading class sun/reflect/misc/MethodUtil$1 done
Event: 19.274 Thread 0x0000020cc73642b0 Thread added: 0x0000020cc73642b0
Event: 19.278 loading class java/lang/Byte$ByteCache
Event: 19.278 loading class java/lang/Byte$ByteCache done
Event: 20.040 Thread 0x0000020cc6e48a00 Thread exited: 0x0000020cc6e48a00
Event: 20.951 loading class java/lang/Override
Event: 20.951 loading class java/lang/Override done
Event: 21.489 Thread 0x0000020ca48f9a70 flushing nmethod 0x0000020c8e984390
Event: 21.543 loading class java/lang/AbstractMethodError
Event: 21.543 loading class java/lang/AbstractMethodError done
Event: 21.561 loading class java/nio/channels/Channels$1
Event: 21.561 loading class java/nio/channels/Channels$1 done
Event: 21.674 Thread 0x0000020cc735b370 Thread added: 0x0000020cc735b370


Dynamic libraries:
0x00007ff799470000 - 0x00007ff79947e000 	C:\Program Files\OpenLogic\jdk-17.0.10.7-hotspot\bin\java.exe
0x00007ff8586d0000 - 0x00007ff8588e7000 	C:\Windows\SYSTEM32\ntdll.dll
0x00007ff857000000 - 0x00007ff8570c4000 	C:\Windows\System32\KERNEL32.DLL
0x00007ff855fd0000 - 0x00007ff856377000 	C:\Windows\System32\KERNELBASE.dll
0x00007ff855600000 - 0x00007ff85574c000 	C:\Windows\system32\hmpalert.dll
0x00007ff855a20000 - 0x00007ff855b31000 	C:\Windows\System32\ucrtbase.dll
0x00007ff814cf0000 - 0x00007ff814d0b000 	C:\Program Files\OpenLogic\jdk-17.0.10.7-hotspot\bin\VCRUNTIME140.dll
0x00007ff8124c0000 - 0x00007ff8124d7000 	C:\Program Files\OpenLogic\jdk-17.0.10.7-hotspot\bin\jli.dll
0x00007ff857fd0000 - 0x00007ff85817e000 	C:\Windows\System32\USER32.dll
0x00007ff855c60000 - 0x00007ff855c86000 	C:\Windows\System32\win32u.dll
0x00007ff856810000 - 0x00007ff856839000 	C:\Windows\System32\GDI32.dll
0x00007ff855b40000 - 0x00007ff855c59000 	C:\Windows\System32\gdi32full.dll
0x00007ff855d50000 - 0x00007ff855dea000 	C:\Windows\System32\msvcp_win.dll
0x00007ff854a50000 - 0x00007ff854ce3000 	C:\Windows\WinSxS\amd64_microsoft.windows.common-controls_6595b64144ccf1df_6.0.22621.3527_none_270e469b73872a76\COMCTL32.dll
0x00007ff8570d0000 - 0x00007ff857177000 	C:\Windows\System32\msvcrt.dll
0x00007ff8568c0000 - 0x00007ff8568f1000 	C:\Windows\System32\IMM32.DLL
0x00007ff827e50000 - 0x00007ff827e5c000 	C:\Program Files\OpenLogic\jdk-17.0.10.7-hotspot\bin\vcruntime140_1.dll
0x00007ff8074b0000 - 0x00007ff80753d000 	C:\Program Files\OpenLogic\jdk-17.0.10.7-hotspot\bin\msvcp140.dll
0x00007ff806840000 - 0x00007ff8074a2000 	C:\Program Files\OpenLogic\jdk-17.0.10.7-hotspot\bin\server\jvm.dll
0x00007ff858330000 - 0x00007ff8583e2000 	C:\Windows\System32\ADVAPI32.dll
0x00007ff856d80000 - 0x00007ff856e28000 	C:\Windows\System32\sechost.dll
0x00007ff8559f0000 - 0x00007ff855a18000 	C:\Windows\System32\bcrypt.dll
0x00007ff856ee0000 - 0x00007ff856ff5000 	C:\Windows\System32\RPCRT4.dll
0x00007ff8150f0000 - 0x00007ff8150f9000 	C:\Windows\SYSTEM32\WSOCK32.dll
0x00007ff8581b0000 - 0x00007ff858221000 	C:\Windows\System32\WS2_32.dll
0x00007ff8555b0000 - 0x00007ff8555fd000 	C:\Windows\SYSTEM32\POWRPROF.dll
0x00007ff848360000 - 0x00007ff848394000 	C:\Windows\SYSTEM32\WINMM.dll
0x00007ff84fb40000 - 0x00007ff84fb4a000 	C:\Windows\SYSTEM32\VERSION.dll
0x00007ff855590000 - 0x00007ff8555a3000 	C:\Windows\SYSTEM32\UMPDC.dll
0x00007ff8541e0000 - 0x00007ff8541f8000 	C:\Windows\SYSTEM32\kernel.appcore.dll
0x00007ff814a90000 - 0x00007ff814a9a000 	C:\Program Files\OpenLogic\jdk-17.0.10.7-hotspot\bin\jimage.dll
0x00007ff855040000 - 0x00007ff855272000 	C:\Windows\SYSTEM32\DBGHELP.DLL
0x00007ff856400000 - 0x00007ff856788000 	C:\Windows\System32\combase.dll
0x00007ff857210000 - 0x00007ff8572e7000 	C:\Windows\System32\OLEAUT32.dll
0x00007ff855000000 - 0x00007ff855032000 	C:\Windows\SYSTEM32\dbgcore.DLL
0x00007ff856380000 - 0x00007ff8563f9000 	C:\Windows\System32\bcryptPrimitives.dll
0x00007ff806540000 - 0x00007ff80654e000 	C:\Program Files\OpenLogic\jdk-17.0.10.7-hotspot\bin\instrument.dll
0x00007ff806810000 - 0x00007ff806835000 	C:\Program Files\OpenLogic\jdk-17.0.10.7-hotspot\bin\java.dll
0x00007ff806730000 - 0x00007ff806806000 	C:\Program Files\OpenLogic\jdk-17.0.10.7-hotspot\bin\jsvml.dll
0x00007ff857670000 - 0x00007ff857ecc000 	C:\Windows\System32\SHELL32.dll
0x00007ff853100000 - 0x00007ff8539f6000 	C:\Windows\SYSTEM32\windows.storage.dll
0x00007ff852fc0000 - 0x00007ff8530fe000 	C:\Windows\SYSTEM32\wintypes.dll
0x00007ff858230000 - 0x00007ff858325000 	C:\Windows\System32\SHCORE.dll
0x00007ff8567a0000 - 0x00007ff8567fe000 	C:\Windows\System32\shlwapi.dll
0x00007ff855920000 - 0x00007ff855941000 	C:\Windows\SYSTEM32\profapi.dll
0x00007ff8066d0000 - 0x00007ff8066e8000 	C:\Program Files\OpenLogic\jdk-17.0.10.7-hotspot\bin\zip.dll
0x00007ff806710000 - 0x00007ff806729000 	C:\Program Files\OpenLogic\jdk-17.0.10.7-hotspot\bin\net.dll
0x00007ff84f9e0000 - 0x00007ff84fb16000 	C:\Windows\SYSTEM32\WINHTTP.dll
0x00007ff854610000 - 0x00007ff854679000 	C:\Windows\system32\mswsock.dll
0x00007ff8066f0000 - 0x00007ff806706000 	C:\Program Files\OpenLogic\jdk-17.0.10.7-hotspot\bin\nio.dll
0x00007ff814a60000 - 0x00007ff814a70000 	C:\Program Files\OpenLogic\jdk-17.0.10.7-hotspot\bin\verify.dll
0x00007ff8066a0000 - 0x00007ff8066c7000 	C:\Users\MAHE\.gradle\native\68d5fa5c4cc2d200863cafc0d521ce42e7d3e7ee720ec0a83991735586a16f82\windows-amd64\native-platform.dll
0x00007ffff8450000 - 0x00007ffff8594000 	C:\Users\MAHE\.gradle\native\e376f236ea51e6404a007f0833ffe2c6e607c4080706a723a18a27aeea778392\windows-amd64\native-platform-file-events.dll
0x00007ff8124b0000 - 0x00007ff8124b9000 	C:\Program Files\OpenLogic\jdk-17.0.10.7-hotspot\bin\management.dll
0x00007ff806690000 - 0x00007ff80669b000 	C:\Program Files\OpenLogic\jdk-17.0.10.7-hotspot\bin\management_ext.dll
0x00007ff856860000 - 0x00007ff856868000 	C:\Windows\System32\PSAPI.DLL
0x00007ff8554b0000 - 0x00007ff8554cb000 	C:\Windows\SYSTEM32\CRYPTSP.dll
0x00007ff854140000 - 0x00007ff854175000 	C:\Windows\system32\rsaenh.dll
0x00007ff854710000 - 0x00007ff854738000 	C:\Windows\SYSTEM32\USERENV.dll
0x00007ff854870000 - 0x00007ff85487c000 	C:\Windows\SYSTEM32\CRYPTBASE.dll
0x00007ff853c60000 - 0x00007ff853c8d000 	C:\Windows\SYSTEM32\IPHLPAPI.DLL
0x00007ff8581a0000 - 0x00007ff8581a9000 	C:\Windows\System32\NSI.dll
0x00007ff84fb50000 - 0x00007ff84fb69000 	C:\Windows\SYSTEM32\dhcpcsvc6.DLL
0x00007ff84f880000 - 0x00007ff84f89f000 	C:\Windows\SYSTEM32\dhcpcsvc.DLL
0x00007ff853c90000 - 0x00007ff853d88000 	C:\Windows\SYSTEM32\DNSAPI.dll
0x00007ff806680000 - 0x00007ff806688000 	C:\Program Files\OpenLogic\jdk-17.0.10.7-hotspot\bin\extnet.dll
0x00007ff806530000 - 0x00007ff80653e000 	C:\Program Files\OpenLogic\jdk-17.0.10.7-hotspot\bin\sunmscapi.dll
0x00007ff855df0000 - 0x00007ff855f58000 	C:\Windows\System32\CRYPT32.dll
0x00007ff854cf0000 - 0x00007ff854d1e000 	C:\Windows\SYSTEM32\ncrypt.dll
0x00007ff854a10000 - 0x00007ff854a47000 	C:\Windows\SYSTEM32\NTASN1.dll
0x00007ff806520000 - 0x00007ff806528000 	C:\Windows\system32\wshunix.dll
0x00007ff83e710000 - 0x00007ff83e727000 	C:\Windows\system32\napinsp.dll
0x00007ff83db10000 - 0x00007ff83db2b000 	C:\Windows\system32\pnrpnsp.dll
0x00007ff83daf0000 - 0x00007ff83db01000 	C:\Windows\System32\winrnr.dll
0x00007ff83dad0000 - 0x00007ff83dae5000 	C:\Windows\system32\wshbth.dll
0x00007ff83daa0000 - 0x00007ff83dac7000 	C:\Windows\system32\nlansp_c.dll
0x00007ff84e0f0000 - 0x00007ff84e0fa000 	C:\Windows\System32\rasadhlp.dll
0x00007ff84f0f0000 - 0x00007ff84f173000 	C:\Windows\System32\fwpuclnt.dll

dbghelp: loaded successfully - version: 4.0.5 - missing functions: none
symbol engine: initialized successfully - sym options: 0x614 - pdb path: .;C:\Program Files\OpenLogic\jdk-17.0.10.7-hotspot\bin;C:\Windows\SYSTEM32;C:\Windows\WinSxS\amd64_microsoft.windows.common-controls_6595b64144ccf1df_6.0.22621.3527_none_270e469b73872a76;C:\Program Files\OpenLogic\jdk-17.0.10.7-hotspot\bin\server;C:\Users\MAHE\.gradle\native\68d5fa5c4cc2d200863cafc0d521ce42e7d3e7ee720ec0a83991735586a16f82\windows-amd64;C:\Users\MAHE\.gradle\native\e376f236ea51e6404a007f0833ffe2c6e607c4080706a723a18a27aeea778392\windows-amd64

VM Arguments:
jvm_args: -XX:MaxMetaspaceSize=512m --add-opens=java.base/java.util=ALL-UNNAMED --add-opens=java.base/java.lang=ALL-UNNAMED --add-opens=java.base/java.lang.invoke=ALL-UNNAMED --add-opens=java.prefs/java.util.prefs=ALL-UNNAMED --add-opens=java.base/java.nio.charset=ALL-UNNAMED --add-opens=java.base/java.net=ALL-UNNAMED --add-opens=java.base/java.util.concurrent.atomic=ALL-UNNAMED -Xmx2048m -Dfile.encoding=windows-1252 -Duser.country=IN -Duser.language=en -Duser.variant -javaagent:C:\Users\MAHE\.gradle\wrapper\dists\gradle-8.3-all\6en3ugtfdg5xnpx44z4qbwgas\gradle-8.3\lib\agents\gradle-instrumentation-agent-8.3.jar 
java_command: org.gradle.launcher.daemon.bootstrap.GradleDaemon 8.3
java_class_path (initial): C:\Users\MAHE\.gradle\wrapper\dists\gradle-8.3-all\6en3ugtfdg5xnpx44z4qbwgas\gradle-8.3\lib\gradle-launcher-8.3.jar
Launcher Type: SUN_STANDARD

[Global flags]
     intx CICompilerCount                          = 3                                         {product} {ergonomic}
   size_t CompressedClassSpaceSize                 = 436207616                                 {product} {ergonomic}
     uint ConcGCThreads                            = 1                                         {product} {ergonomic}
     uint G1ConcRefinementThreads                  = 4                                         {product} {ergonomic}
   size_t G1HeapRegionSize                         = 1048576                                   {product} {ergonomic}
    uintx GCDrainStackTargetSize                   = 64                                        {product} {ergonomic}
   size_t InitialHeapSize                          = 268435456                                 {product} {ergonomic}
   size_t MarkStackSize                            = 4194304                                   {product} {ergonomic}
   size_t MaxHeapSize                              = 2147483648                                {product} {command line}
   size_t MaxMetaspaceSize                         = 536870912                                 {product} {command line}
   size_t MaxNewSize                               = 1287651328                                {product} {ergonomic}
   size_t MinHeapDeltaBytes                        = 1048576                                   {product} {ergonomic}
   size_t MinHeapSize                              = 8388608                                   {product} {ergonomic}
    uintx NonNMethodCodeHeapSize                   = 5832780                                {pd product} {ergonomic}
    uintx NonProfiledCodeHeapSize                  = 122912730                              {pd product} {ergonomic}
    uintx ProfiledCodeHeapSize                     = 122912730                              {pd product} {ergonomic}
    uintx ReservedCodeCacheSize                    = 251658240                              {pd product} {ergonomic}
     bool SegmentedCodeCache                       = true                                      {product} {ergonomic}
   size_t SoftMaxHeapSize                          = 2147483648                             {manageable} {ergonomic}
     bool UseCompressedClassPointers               = true                           {product lp64_product} {ergonomic}
     bool UseCompressedOops                        = true                           {product lp64_product} {ergonomic}
     bool UseG1GC                                  = true                                      {product} {ergonomic}
     bool UseLargePagesIndividualAllocation        = false                                  {pd product} {ergonomic}

Logging:
Log output configuration:
 #0: stdout all=warning uptime,level,tags
 #1: stderr all=off uptime,level,tags

Environment Variables:
JAVA_HOME=C:\Program Files\OpenLogic\jdk-17.0.10.7-hotspot\
CLASSPATH=C:\Users\MAHE\Documents\DOC APP BACKUP FILES\april30_\demo1_joyson1\android\\gradle\wrapper\gradle-wrapper.jar
PATH=C:\Users\MAHE\Documents\DOC APP BACKUP FILES\april30_\demo1_joyson1\node_modules\.bin;C:\Users\MAHE\Documents\DOC APP BACKUP FILES\april30_\demo1_joyson1\node_modules\.bin;C:\Users\MAHE\Documents\DOC APP BACKUP FILES\april30_\node_modules\.bin;C:\Users\MAHE\Documents\DOC APP BACKUP FILES\node_modules\.bin;C:\Users\MAHE\Documents\node_modules\.bin;C:\Users\MAHE\node_modules\.bin;C:\Users\node_modules\.bin;C:\node_modules\.bin;C:\Users\MAHE\AppData\Roaming\npm\node_modules\npm\node_modules\@npmcli\run-script\lib\node-gyp-bin;C:\Users\MAHE\Documents\DOC APP BACKUP FILES\april30_\demo1_joyson1\node_modules\.bin\node_modules\.bin;C:\Users\MAHE\Documents\DOC APP BACKUP FILES\april30_\demo1_joyson1\node_modules\node_modules\.bin;C:\Users\MAHE\Documents\DOC APP BACKUP FILES\april30_\demo1_joyson1\node_modules\.bin;C:\Users\MAHE\Documents\DOC APP BACKUP FILES\april30_\node_modules\.bin;C:\Users\MAHE\Documents\DOC APP BACKUP FILES\node_modules\.bin;C:\Users\MAHE\Documents\node_modules\.bin;C:\Users\MAHE\node_modules\.bin;C:\Users\node_modules\.bin;C:\node_modules\.bin;C:\Program Files\nodejs;C:\Users\MAHE\Documents\DOC APP BACKUP FILES\april30_\demo1_joyson1\node_modules\.bin;C:\Users\MAHE\Documents\DOC APP BACKUP FILES\april30_\demo1_joyson1\node_modules\.bin;C:\Users\MAHE\Documents\DOC APP BACKUP FILES\april30_\node_modules\.bin;C:\Users\MAHE\Documents\DOC APP BACKUP FILES\node_modules\.bin;C:\Users\MAHE\Documents\node_modules\.bin;C:\Users\MAHE\node_modules\.bin;C:\Users\node_modules\.bin;C:\node_modules\.bin;C:\Users\MAHE\AppData\Roaming\npm\node_modules\npm\node_modules\@npmcli\run-script\lib\node-gyp-bin;C:\Program Files\OpenLogic\jdk-17.0.10.7-hotspot\bin;C:\Python312\Scripts\;C:\Python312\;C:\Windows\system32;C:\Windows;C:\Windows\System32\Wbem;C:\Windows\System32\WindowsPowerShell\v1.0\;C:\Windows\System32\OpenSSH\;C:\Program Files\nodejs\;C:\ProgramData\chocolatey\bin;C:\Program Files\Git\cmd;C:\Program Files\Git\bin;C:\Program Files (x86)\Microsoft SQL Server\160
USERNAME=MAHE
LANG=en_US.UTF-8
OS=Windows_NT
PROCESSOR_IDENTIFIER=Intel64 Family 6 Model 60 Stepping 3, GenuineIntel
TMP=C:\Users\MAHE\AppData\Local\Temp
TEMP=C:\Users\MAHE\AppData\Local\Temp



Periodic native trim disabled


---------------  S Y S T E M  ---------------

OS:
 Windows 11 , 64 bit Build 22621 (10.0.22621.3527)
OS uptime: 0 days 0:03 hours

CPU: total 4 (initial active 4) (4 cores per cpu, 1 threads per core) family 6 model 60 stepping 3 microcode 0x28, cx8, cmov, fxsr, mmx, sse, sse2, sse3, ssse3, sse4.1, sse4.2, popcnt, lzcnt, tsc, tscinvbit, avx, avx2, aes, erms, clmul, bmi1, bmi2, fma, vzeroupper, clflush
Processor Information for all 4 processors :
  Max Mhz: 3001, Current Mhz: 3001, Mhz Limit: 3001

Memory: 4k page, system-wide physical 16309M (10044M free)
TotalPageFile size 32693M (AvailPageFile size 25157M)
current process WorkingSet (physical memory assigned to process): 294M, peak: 296M
current process commit charge ("private bytes"): 329M, peak: 431M

vm_info: OpenJDK 64-Bit Server VM (17.0.10+7-adhoc..jdk17u) for windows-amd64 JRE (17.0.10+7-adhoc..jdk17u), built on Jan 24 2024 08:51:31 by "" with MS VC++ 16.10 / 16.11 (VS2019)

END.
