#
# A fatal error has been detected by the Java Runtime Environment:
#
#  EXCEPTION_ACCESS_VIOLATION (0xc0000005) at pc=0x00007fffecf2f8e3, pid=8044, tid=12148
#
# JRE version: OpenJDK Runtime Environment OpenLogic-OpenJDK (17.0.10+7) (build 17.0.10+7-adhoc..jdk17u)
# Java VM: OpenJDK 64-Bit Server VM OpenLogic-OpenJDK (17.0.10+7-adhoc..jdk17u, mixed mode, sharing, tiered, compressed oops, compressed class ptrs, g1 gc, windows-amd64)
# Problematic frame:
# V  [jvm.dll+0x1bf8e3]
#
# No core dump will be written. Minidumps are not enabled by default on client versions of Windows
#
# If you would like to submit a bug report, please visit:
#   https://techsupport.roguewave.com/
#

---------------  S U M M A R Y ------------

Command Line: -XX:MaxMetaspaceSize=512m --add-opens=java.base/java.util=ALL-UNNAMED --add-opens=java.base/java.lang=ALL-UNNAMED --add-opens=java.base/java.lang.invoke=ALL-UNNAMED --add-opens=java.prefs/java.util.prefs=ALL-UNNAMED --add-opens=java.base/java.nio.charset=ALL-UNNAMED --add-opens=java.base/java.net=ALL-UNNAMED --add-opens=java.base/java.util.concurrent.atomic=ALL-UNNAMED -Xmx2048m -Dfile.encoding=windows-1252 -Duser.country=IN -Duser.language=en -Duser.variant -javaagent:C:\Users\MAHE\.gradle\wrapper\dists\gradle-8.3-all\6en3ugtfdg5xnpx44z4qbwgas\gradle-8.3\lib\agents\gradle-instrumentation-agent-8.3.jar org.gradle.launcher.daemon.bootstrap.GradleDaemon 8.3

Host: Intel(R) Core(TM) i5-4590S CPU @ 3.00GHz, 4 cores, 15G,  Windows 11 , 64 bit Build 22621 (10.0.22621.3374)
Time: Wed Apr  3 10:00:06 2024 India Standard Time elapsed time: 76.804502 seconds (0d 0h 1m 16s)

---------------  T H R E A D  ---------------

Current thread (0x000001653fdc2c20):  JavaThread "C2 CompilerThread1" daemon [_thread_in_native, id=12148, stack(0x0000004e76900000,0x0000004e76a00000)]


Current CompileTask:
C2:  76804 13848       4       jdk.internal.jimage.ImageLocation::verify (218 bytes)

Stack: [0x0000004e76900000,0x0000004e76a00000],  sp=0x0000004e769fbde0,  free space=1007k
Native frames: (J=compiled Java code, j=interpreted, Vv=VM code, C=native code)
V  [jvm.dll+0x1bf8e3]
V  [jvm.dll+0x1bd08c]
V  [jvm.dll+0x21a3f9]
V  [jvm.dll+0x2196c1]
V  [jvm.dll+0x1a512d]
V  [jvm.dll+0x22949e]
V  [jvm.dll+0x22766c]
V  [jvm.dll+0x7e9ea7]
V  [jvm.dll+0x7e42aa]
V  [jvm.dll+0x67c5d5]
C  [ucrtbase.dll+0x29333]
C  [KERNEL32.DLL+0x1257d]
C  [ntdll.dll+0x5aa48]


siginfo: EXCEPTION_ACCESS_VIOLATION (0xc0000005), reading address 0x0000016709720a60


Registers:
RAX=0x0000016541b26ec0, RBX=0x0000000000000003, RCX=0x000001654184f3d0, RDX=0x0000000071efe6e8
RSP=0x0000004e769fbde0, RBP=0x0000016542510a20, RSI=0x0000004e769fc2d0, RDI=0x0000016548ce5610
R8 =0x00000000ffffffff, R9 =0x0000000000000001, R10=0x000000000000000a, R11=0x3333333333333333
R12=0x000000000000002a, R13=0x0000000000000150, R14=0x000001653e26ed30, R15=0x0000016540cbb5e0
RIP=0x00007fffecf2f8e3, EFLAGS=0x0000000000010287


Register to memory mapping:

RIP=0x00007fffecf2f8e3 jvm.dll
RAX=0x0000016541b26ec0 points into unknown readable memory: 0x0000000000000000 | 00 00 00 00 00 00 00 00
RBX=0x0000000000000003 is an unknown value
RCX=0x000001654184f3d0 points into unknown readable memory: 0x0000000200000000 | 00 00 00 00 02 00 00 00
RDX=0x0000000071efe6e8 is an unknown value
RSP=0x0000004e769fbde0 is pointing into the stack for thread: 0x000001653fdc2c20
RBP=0x0000016542510a20 points into unknown readable memory: 0x00007fffed68c540 | 40 c5 68 ed ff 7f 00 00
RSI=0x0000004e769fc2d0 is pointing into the stack for thread: 0x000001653fdc2c20
RDI=0x0000016548ce5610 points into unknown readable memory: 0x0000000000000000 | 00 00 00 00 00 00 00 00
R8 =0x00000000ffffffff is an unallocated location in the heap
R9 =0x0000000000000001 is an unknown value
R10=0x000000000000000a is an unknown value
R11=0x3333333333333333 is an unknown value
R12=0x000000000000002a is an unknown value
R13=0x0000000000000150 is an unknown value
R14=0x000001653e26ed30 points into unknown readable memory: 0x00007fffed655e28 | 28 5e 65 ed ff 7f 00 00
R15=0x0000016540cbb5e0 points into unknown readable memory: 0x0000000000400000 | 00 00 40 00 00 00 00 00


Top of Stack: (sp=0x0000004e769fbde0)
0x0000004e769fbde0:   0000000000000003 0000016548ce5610
0x0000004e769fbdf0:   0000016542510a20 000001653ed86750
0x0000004e769fbe00:   000003830000000e 00007fff00000031
0x0000004e769fbe10:   0000016542510a20 00000000000000a8
0x0000004e769fbe20:   0000000000000000 0000000000000000
0x0000004e769fbe30:   00000000000dde40 000001653db14800
0x0000004e769fbe40:   00000000000003d8 000001653db14be8
0x0000004e769fbe50:   000001653db14810 0000004e769fbf80
0x0000004e769fbe60:   0000000000000000 0000004e769fc3b0
0x0000004e769fbe70:   0000004e769fc2d0 00007fffecf2d08c
0x0000004e769fbe80:   0000004e769fc2d0 0000004e769fbf01
0x0000004e769fbe90:   0000004e769fc301 00000000ffffffff
0x0000004e769fbea0:   0000000000000000 0000000000000000
0x0000004e769fbeb0:   0000000000000006 000001653db14800
0x0000004e769fbec0:   000001653fb3b3d0 000001653fb40348
0x0000004e769fbed0:   000001653fb433b8 000000000027fab0
0x0000004e769fbee0:   0000000000000000 0000000000000000
0x0000004e769fbef0:   0000000000000000 0000016548aeff00
0x0000004e769fbf00:   0000000000000000 00007fffed6a0d08
0x0000004e769fbf10:   0000000000000000 0000000000000000
0x0000004e769fbf20:   0000000000000000 00007fffed6a0d08
0x0000004e769fbf30:   0000016500000000 00000000000001ec
0x0000004e769fbf40:   000001650000000c 0000004e769fec20
0x0000004e769fbf50:   0000016548b6fe90 00000001ed0a2c00
0x0000004e769fbf60:   0000016548c39ad0 000000000000142d
0x0000004e769fbf70:   0000004e769fbeb0 000001653db14810
0x0000004e769fbf80:   00007fffed6a0cd8 000000000000000d
0x0000004e769fbf90:   0000004e769fec20 0000004e769fc2d0
0x0000004e769fbfa0:   0000004e0000138e 0000016541686560
0x0000004e769fbfb0:   00007fff0000000a 0000004e769fec20
0x0000004e769fbfc0:   00000165483e69c0 0000000000000000
0x0000004e769fbfd0:   0000016548027fe0 00000165409f6f50 

Instructions: (pc=0x00007fffecf2f8e3)
0x00007fffecf2f7e3:   00 66 89 83 9c 00 00 00 eb 64 b8 08 00 00 00 66
0x00007fffecf2f7f3:   44 89 ab a4 00 00 00 66 89 83 9c 00 00 00 eb 4e
0x00007fffecf2f803:   b8 10 00 00 00 66 44 89 ab a4 00 00 00 66 89 83
0x00007fffecf2f813:   9c 00 00 00 eb 38 49 8b cf e8 3f d3 50 00 81 8b
0x00007fffecf2f823:   a8 00 00 00 40 02 00 00 66 89 83 9c 00 00 00 66
0x00007fffecf2f833:   89 83 a4 00 00 00 eb 16 ba cf 03 00 00 48 8d 0d
0x00007fffecf2f843:   e9 15 77 00 e8 d4 81 08 00 e8 9f d9 4b 00 48 8b
0x00007fffecf2f853:   6c 24 30 48 8b b4 24 a0 00 00 00 44 0f b6 8c 24
0x00007fffecf2f863:   a8 00 00 00 41 b8 ff ff ff ff 41 8b 5e 18 89 5c
0x00007fffecf2f873:   24 28 44 89 84 24 b8 00 00 00 45 84 c9 74 38 49
0x00007fffecf2f883:   8b 06 49 8b ce ff 90 b0 00 00 00 89 84 24 b8 00
0x00007fffecf2f893:   00 00 44 8b c0 83 f8 ff 74 14 8b d0 49 8b ce e8
0x00007fffecf2f8a3:   39 dd 3d 00 44 8b c0 89 84 24 b8 00 00 00 44 0f
0x00007fffecf2f8b3:   b6 8c 24 a8 00 00 00 44 3b e3 0f 83 1b 02 00 00
0x00007fffecf2f8c3:   41 8b c4 4c 8d 2c c5 00 00 00 00 66 90 49 8b 46
0x00007fffecf2f8d3:   08 4a 8b 0c 28 48 8b 86 08 01 00 00 48 63 51 28
0x00007fffecf2f8e3:   8b 1c 90 85 db 0f 84 c7 01 00 00 45 84 c9 74 11
0x00007fffecf2f8f3:   45 3b c4 75 0c 49 8b 06 49 8b ce ff 90 e0 00 00
0x00007fffecf2f903:   00 80 bc 24 b0 00 00 00 00 74 13 80 be 18 01 00
0x00007fffecf2f913:   00 00 74 0a 45 3b 66 3c 0f 83 94 01 00 00 48 8b
0x00007fffecf2f923:   46 70 41 8b d4 48 69 fb b0 00 00 00 49 8b ce 48
0x00007fffecf2f933:   03 78 20 49 8b 06 ff 90 80 00 00 00 80 bc 24 a8
0x00007fffecf2f943:   00 00 00 00 4c 8b f8 75 2c 49 8b 4e 08 f2 0f 10
0x00007fffecf2f953:   4d 08 f2 0f 59 ce 4a 8b 14 29 48 8b 4e 48 44 8b
0x00007fffecf2f963:   42 28 48 8b 51 78 4a 8b 0c c2 f2 0f 10 41 08 66
0x00007fffecf2f973:   0f 2f c1 77 57 8b 97 90 00 00 00 8b 87 94 00 00
0x00007fffecf2f983:   00 3b d0 77 25 0f 1f 84 00 00 00 00 00 8b ca ff
0x00007fffecf2f993:   c2 49 8b 04 cf 48 21 44 cf 38 8b 87 94 00 00 00
0x00007fffecf2f9a3:   3b d0 76 e9 8b 97 90 00 00 00 41 8b 4f 58 3b d1
0x00007fffecf2f9b3:   73 0c 8b 87 94 00 00 00 89 8f 90 00 00 00 41 8b
0x00007fffecf2f9c3:   4f 5c 3b c1 76 06 89 8f 94 00 00 00 49 8b 46 08
0x00007fffecf2f9d3:   4a 8b 0c 28 48 8b 01 ff 50 68 8b c8 8b d8 e8 fa 


Stack slot to memory mapping:
stack at sp + 0 slots: 0x0000000000000003 is an unknown value
stack at sp + 1 slots: 0x0000016548ce5610 points into unknown readable memory: 0x0000000000000000 | 00 00 00 00 00 00 00 00
stack at sp + 2 slots: 0x0000016542510a20 points into unknown readable memory: 0x00007fffed68c540 | 40 c5 68 ed ff 7f 00 00
stack at sp + 3 slots: 0x000001653ed86750 points into unknown readable memory: 0x00007fffed68c540 | 40 c5 68 ed ff 7f 00 00
stack at sp + 4 slots: 0x000003830000000e is an unknown value
stack at sp + 5 slots: 0x00007fff00000031 is an unknown value
stack at sp + 6 slots: 0x0000016542510a20 points into unknown readable memory: 0x00007fffed68c540 | 40 c5 68 ed ff 7f 00 00
stack at sp + 7 slots: 0x00000000000000a8 is an unknown value


---------------  P R O C E S S  ---------------

Threads class SMR info:
_java_thread_list=0x000001654231bb20, length=79, elements={
0x000001657cab7720, 0x000001657fb623e0, 0x000001657fb63060, 0x000001657fb74a70,
0x000001657fb76350, 0x000001657fb76c20, 0x000001657fb774f0, 0x000001657fb7a1b0,
0x000001657fb7cb80, 0x000001657fb7e9b0, 0x000001657fb4b730, 0x000001653b2275b0,
0x000001653d45f730, 0x000001653c5685b0, 0x000001653cf0bec0, 0x000001653ce393c0,
0x000001653bbdc680, 0x000001653bbdd300, 0x000001653d20c570, 0x000001653c958ed0,
0x000001653c9584b0, 0x000001653c957a90, 0x000001653c957fa0, 0x000001653c9589c0,
0x000001653c957070, 0x000001653c959e00, 0x000001653c957580, 0x000001653c9593e0,
0x000001653c95a310, 0x000001653c9598f0, 0x000001653bcc12e0, 0x000001653bcbb2b0,
0x000001653bcbf480, 0x000001653bcc17f0, 0x000001653bcbc6f0, 0x000001653bcbcc00,
0x000001653bcc03b0, 0x000001653bcba380, 0x000001653bcbd620, 0x000001653bcbb7c0,
0x000001653bcc1d00, 0x000001653bcbf990, 0x000001653bcbada0, 0x000001653bcba890,
0x000001653bcbdb30, 0x000001653bcbbcd0, 0x000001653bcbea60, 0x000001653bcbef70,
0x000001653bcc0dd0, 0x000001653f8dcc20, 0x000001653f8d7100, 0x000001653f8dbcf0,
0x000001653f8d7610, 0x000001653f8d5cc0, 0x000001653f8dc710, 0x000001653f8d9e90,
0x000001653f8dadc0, 0x000001653f8db7e0, 0x000001653f8dd130, 0x000001653f8da3a0,
0x000001653f8d61d0, 0x000001653f8dd640, 0x000001653f8db2d0, 0x000001653f8d8a50,
0x000001653f8d8f60, 0x000001653f8d9980, 0x000001653b484ed0, 0x000001653b4853e0,
0x000001653b482140, 0x000001653b480d00, 0x000001653b486820, 0x000001653b483580,
0x000001653b487c60, 0x000001653b486d30, 0x000001653b481720, 0x000001653b488170,
0x000001653b483fa0, 0x000001653b487240, 0x000001653fdc2c20
}

Java Threads: ( => current thread )
  0x000001657cab7720 JavaThread "main" [_thread_blocked, id=10628, stack(0x0000004e71100000,0x0000004e71200000)]
  0x000001657fb623e0 JavaThread "Reference Handler" daemon [_thread_blocked, id=6512, stack(0x0000004e71800000,0x0000004e71900000)]
  0x000001657fb63060 JavaThread "Finalizer" daemon [_thread_blocked, id=5244, stack(0x0000004e71900000,0x0000004e71a00000)]
  0x000001657fb74a70 JavaThread "Signal Dispatcher" daemon [_thread_blocked, id=3240, stack(0x0000004e71a00000,0x0000004e71b00000)]
  0x000001657fb76350 JavaThread "Attach Listener" daemon [_thread_blocked, id=7008, stack(0x0000004e71b00000,0x0000004e71c00000)]
  0x000001657fb76c20 JavaThread "Service Thread" daemon [_thread_blocked, id=1624, stack(0x0000004e71c00000,0x0000004e71d00000)]
  0x000001657fb774f0 JavaThread "Monitor Deflation Thread" daemon [_thread_blocked, id=9976, stack(0x0000004e71d00000,0x0000004e71e00000)]
  0x000001657fb7a1b0 JavaThread "C2 CompilerThread0" daemon [_thread_in_native, id=9544, stack(0x0000004e71e00000,0x0000004e71f00000)]
  0x000001657fb7cb80 JavaThread "C1 CompilerThread0" daemon [_thread_blocked, id=10664, stack(0x0000004e71f00000,0x0000004e72000000)]
  0x000001657fb7e9b0 JavaThread "Sweeper thread" daemon [_thread_blocked, id=7376, stack(0x0000004e72000000,0x0000004e72100000)]
  0x000001657fb4b730 JavaThread "Common-Cleaner" daemon [_thread_blocked, id=3520, stack(0x0000004e72100000,0x0000004e72200000)]
  0x000001653b2275b0 JavaThread "Notification Thread" daemon [_thread_blocked, id=5600, stack(0x0000004e72200000,0x0000004e72300000)]
  0x000001653d45f730 JavaThread "Daemon health stats" [_thread_blocked, id=10204, stack(0x0000004e72800000,0x0000004e72900000)]
  0x000001653c5685b0 JavaThread "Incoming local TCP Connector on port 50235" [_thread_in_native, id=4876, stack(0x0000004e72700000,0x0000004e72800000)]
  0x000001653cf0bec0 JavaThread "Daemon periodic checks" [_thread_blocked, id=2080, stack(0x0000004e72900000,0x0000004e72a00000)]
  0x000001653ce393c0 JavaThread "Daemon" [_thread_blocked, id=11276, stack(0x0000004e72a00000,0x0000004e72b00000)]
  0x000001653bbdc680 JavaThread "Handler for socket connection from /127.0.0.1:50235 to /127.0.0.1:50236" [_thread_in_native, id=11280, stack(0x0000004e72b00000,0x0000004e72c00000)]
  0x000001653bbdd300 JavaThread "Cancel handler" [_thread_blocked, id=11284, stack(0x0000004e72c00000,0x0000004e72d00000)]
  0x000001653d20c570 JavaThread "Daemon worker" [_thread_in_vm, id=11288, stack(0x0000004e72d00000,0x0000004e72e00000)]
  0x000001653c958ed0 JavaThread "Asynchronous log dispatcher for DefaultDaemonConnection: socket connection from /127.0.0.1:50235 to /127.0.0.1:50236" [_thread_blocked, id=11300, stack(0x0000004e72e00000,0x0000004e72f00000)]
  0x000001653c9584b0 JavaThread "Stdin handler" [_thread_blocked, id=11304, stack(0x0000004e72f00000,0x0000004e73000000)]
  0x000001653c957a90 JavaThread "Daemon client event forwarder" [_thread_blocked, id=11308, stack(0x0000004e73000000,0x0000004e73100000)]
  0x000001653c957fa0 JavaThread "Cache worker for journal cache (C:\Users\MAHE\.gradle\caches\journal-1)" [_thread_blocked, id=11316, stack(0x0000004e73100000,0x0000004e73200000)]
  0x000001653c9589c0 JavaThread "File lock request listener" [_thread_in_native, id=11320, stack(0x0000004e73200000,0x0000004e73300000)]
  0x000001653c957070 JavaThread "Cache worker for file hash cache (C:\Users\MAHE\.gradle\caches\8.3\fileHashes)" [_thread_blocked, id=11324, stack(0x0000004e73300000,0x0000004e73400000)]
  0x000001653c959e00 JavaThread "File watcher server" daemon [_thread_in_native, id=11364, stack(0x0000004e73400000,0x0000004e73500000)]
  0x000001653c957580 JavaThread "File watcher consumer" daemon [_thread_blocked, id=11368, stack(0x0000004e73500000,0x0000004e73600000)]
  0x000001653c9593e0 JavaThread "Cache worker for checksums cache (C:\Users\MAHE\Documents\demo1_joyson1\android\.gradle\8.3\checksums)" [_thread_blocked, id=11372, stack(0x0000004e73600000,0x0000004e73700000)]
  0x000001653c95a310 JavaThread "Cache worker for file hash cache (C:\Users\MAHE\Documents\demo1_joyson1\android\.gradle\8.3\fileHashes)" [_thread_blocked, id=11376, stack(0x0000004e73700000,0x0000004e73800000)]
  0x000001653c9598f0 JavaThread "Cache worker for cache directory md-supplier (C:\Users\MAHE\.gradle\caches\8.3\md-supplier)" [_thread_blocked, id=11380, stack(0x0000004e73800000,0x0000004e73900000)]
  0x000001653bcc12e0 JavaThread "Cache worker for file content cache (C:\Users\MAHE\.gradle\caches\8.3\fileContent)" [_thread_blocked, id=11384, stack(0x0000004e73900000,0x0000004e73a00000)]
  0x000001653bcbb2b0 JavaThread "Cache worker for cache directory md-rule (C:\Users\MAHE\.gradle\caches\8.3\md-rule)" [_thread_blocked, id=11396, stack(0x0000004e73a00000,0x0000004e73b00000)]
  0x000001653bcbf480 JavaThread "Cache worker for execution history cache (C:\Users\MAHE\.gradle\caches\8.3\executionHistory)" [_thread_blocked, id=11400, stack(0x0000004e73b00000,0x0000004e73c00000)]
  0x000001653bcc17f0 JavaThread "jar transforms" [_thread_blocked, id=11424, stack(0x0000004e73d00000,0x0000004e73e00000)]
  0x000001653bcbc6f0 JavaThread "jar transforms Thread 2" [_thread_blocked, id=11428, stack(0x0000004e73e00000,0x0000004e73f00000)]
  0x000001653bcbcc00 JavaThread "jar transforms Thread 3" [_thread_blocked, id=11432, stack(0x0000004e73f00000,0x0000004e74000000)]
  0x000001653bcc03b0 JavaThread "jar transforms Thread 4" [_thread_blocked, id=11436, stack(0x0000004e74000000,0x0000004e74100000)]
  0x000001653bcba380 JavaThread "Cache worker for kotlin-dsl (C:\Users\MAHE\.gradle\caches\8.3\kotlin-dsl)" [_thread_blocked, id=11628, stack(0x0000004e74100000,0x0000004e74200000)]
  0x000001653bcbd620 JavaThread "Unconstrained build operations" [_thread_blocked, id=11656, stack(0x0000004e74300000,0x0000004e74400000)]
  0x000001653bcbb7c0 JavaThread "Unconstrained build operations Thread 2" [_thread_blocked, id=11660, stack(0x0000004e74400000,0x0000004e74500000)]
  0x000001653bcc1d00 JavaThread "Cache worker for dependencies-accessors (C:\Users\MAHE\Documents\demo1_joyson1\android\.gradle\8.3\dependencies-accessors)" [_thread_blocked, id=11664, stack(0x0000004e74500000,0x0000004e74600000)]
  0x000001653bcbf990 JavaThread "Cache worker for Build Output Cleanup Cache (C:\Users\MAHE\Documents\demo1_joyson1\node_modules\@react-native\gradle-plugin\.gradle\buildOutputCleanup)" [_thread_blocked, id=11668, stack(0x0000004e74600000,0x0000004e74700000)]
  0x000001653bcbada0 JavaThread "Unconstrained build operations Thread 3" [_thread_blocked, id=11676, stack(0x0000004e73c00000,0x0000004e73d00000)]
  0x000001653bcba890 JavaThread "Unconstrained build operations Thread 4" [_thread_blocked, id=11680, stack(0x0000004e74700000,0x0000004e74800000)]
  0x000001653bcbdb30 JavaThread "Unconstrained build operations Thread 5" [_thread_blocked, id=11684, stack(0x0000004e74800000,0x0000004e74900000)]
  0x000001653bcbbcd0 JavaThread "Memory manager" [_thread_blocked, id=11712, stack(0x0000004e74c00000,0x0000004e74d00000)]
  0x000001653bcbea60 JavaThread "Cache worker for Build Output Cleanup Cache (C:\Users\MAHE\Documents\demo1_joyson1\android\.gradle\buildOutputCleanup)" [_thread_blocked, id=11728, stack(0x0000004e74b00000,0x0000004e74c00000)]
  0x000001653bcbef70 JavaThread "ForkJoinPool.commonPool-worker-1" daemon [_thread_blocked, id=11744, stack(0x0000004e74e00000,0x0000004e74f00000)]
  0x000001653bcc0dd0 JavaThread "ForkJoinPool.commonPool-worker-2" daemon [_thread_blocked, id=11748, stack(0x0000004e74f00000,0x0000004e75000000)]
  0x000001653f8dcc20 JavaThread "ForkJoinPool.commonPool-worker-3" daemon [_thread_blocked, id=11752, stack(0x0000004e75000000,0x0000004e75100000)]
  0x000001653f8d7100 JavaThread "included builds" [_thread_blocked, id=11756, stack(0x0000004e75100000,0x0000004e75200000)]
  0x000001653f8dbcf0 JavaThread "Execution worker" [_thread_blocked, id=11760, stack(0x0000004e75200000,0x0000004e75300000)]
  0x000001653f8d7610 JavaThread "Execution worker Thread 2" [_thread_blocked, id=11764, stack(0x0000004e75300000,0x0000004e75400000)]
  0x000001653f8d5cc0 JavaThread "Execution worker Thread 3" [_thread_blocked, id=11768, stack(0x0000004e75400000,0x0000004e75500000)]
  0x000001653f8dc710 JavaThread "Cache worker for execution history cache (C:\Users\MAHE\Documents\demo1_joyson1\node_modules\@react-native\gradle-plugin\.gradle\8.3\executionHistory)" [_thread_blocked, id=11772, stack(0x0000004e75500000,0x0000004e75600000)]
  0x000001653f8d9e90 JavaThread "Unconstrained build operations Thread 6" [_thread_blocked, id=11780, stack(0x0000004e75600000,0x0000004e75700000)]
  0x000001653f8dadc0 JavaThread "Unconstrained build operations Thread 7" [_thread_blocked, id=11784, stack(0x0000004e75700000,0x0000004e75800000)]
  0x000001653f8db7e0 JavaThread "Unconstrained build operations Thread 8" [_thread_blocked, id=11788, stack(0x0000004e75800000,0x0000004e75900000)]
  0x000001653f8dd130 JavaThread "Unconstrained build operations Thread 9" [_thread_blocked, id=11792, stack(0x0000004e75900000,0x0000004e75a00000)]
  0x000001653f8da3a0 JavaThread "Unconstrained build operations Thread 10" [_thread_blocked, id=11796, stack(0x0000004e75a00000,0x0000004e75b00000)]
  0x000001653f8d61d0 JavaThread "Unconstrained build operations Thread 11" [_thread_blocked, id=11804, stack(0x0000004e75b00000,0x0000004e75c00000)]
  0x000001653f8dd640 JavaThread "Unconstrained build operations Thread 12" [_thread_blocked, id=11808, stack(0x0000004e75c00000,0x0000004e75d00000)]
  0x000001653f8db2d0 JavaThread "Unconstrained build operations Thread 13" [_thread_blocked, id=11812, stack(0x0000004e75d00000,0x0000004e75e00000)]
  0x000001653f8d8a50 JavaThread "Unconstrained build operations Thread 14" [_thread_blocked, id=12032, stack(0x0000004e74d00000,0x0000004e74e00000)]
  0x000001653f8d8f60 JavaThread "Unconstrained build operations Thread 15" [_thread_blocked, id=12036, stack(0x0000004e75e00000,0x0000004e75f00000)]
  0x000001653f8d9980 JavaThread "Unconstrained build operations Thread 16" [_thread_blocked, id=12040, stack(0x0000004e75f00000,0x0000004e76000000)]
  0x000001653b484ed0 JavaThread "Unconstrained build operations Thread 17" [_thread_blocked, id=12048, stack(0x0000004e70e00000,0x0000004e70f00000)]
  0x000001653b4853e0 JavaThread "Unconstrained build operations Thread 18" [_thread_blocked, id=12052, stack(0x0000004e70f00000,0x0000004e71000000)]
  0x000001653b482140 JavaThread "Unconstrained build operations Thread 19" [_thread_blocked, id=12056, stack(0x0000004e71000000,0x0000004e71100000)]
  0x000001653b480d00 JavaThread "Unconstrained build operations Thread 20" [_thread_blocked, id=12068, stack(0x0000004e76000000,0x0000004e76100000)]
  0x000001653b486820 JavaThread "Unconstrained build operations Thread 21" [_thread_blocked, id=12072, stack(0x0000004e76100000,0x0000004e76200000)]
  0x000001653b483580 JavaThread "Unconstrained build operations Thread 22" [_thread_blocked, id=12076, stack(0x0000004e76200000,0x0000004e76300000)]
  0x000001653b487c60 JavaThread "Unconstrained build operations Thread 23" [_thread_blocked, id=12116, stack(0x0000004e76300000,0x0000004e76400000)]
  0x000001653b486d30 JavaThread "Unconstrained build operations Thread 24" [_thread_blocked, id=12120, stack(0x0000004e76400000,0x0000004e76500000)]
  0x000001653b481720 JavaThread "Unconstrained build operations Thread 25" [_thread_blocked, id=12124, stack(0x0000004e76500000,0x0000004e76600000)]
  0x000001653b488170 JavaThread "Unconstrained build operations Thread 26" [_thread_blocked, id=12132, stack(0x0000004e76600000,0x0000004e76700000)]
  0x000001653b483fa0 JavaThread "Unconstrained build operations Thread 27" [_thread_blocked, id=12136, stack(0x0000004e76700000,0x0000004e76800000)]
  0x000001653b487240 JavaThread "Unconstrained build operations Thread 28" [_thread_blocked, id=12140, stack(0x0000004e76800000,0x0000004e76900000)]
=>0x000001653fdc2c20 JavaThread "C2 CompilerThread1" daemon [_thread_in_native, id=12148, stack(0x0000004e76900000,0x0000004e76a00000)]

Other Threads:
  0x000001657fb5ec30 VMThread "VM Thread" [stack: 0x0000004e71700000,0x0000004e71800000] [id=6860]
  0x000001657caba3b0 WatcherThread [stack: 0x0000004e72300000,0x0000004e72400000] [id=9120]
  0x000001657cb149c0 GCTaskThread "GC Thread#0" [stack: 0x0000004e71200000,0x0000004e71300000] [id=6544]
  0x000001653b501de0 GCTaskThread "GC Thread#1" [stack: 0x0000004e72400000,0x0000004e72500000] [id=6664]
  0x000001653b37aa30 GCTaskThread "GC Thread#2" [stack: 0x0000004e72500000,0x0000004e72600000] [id=9748]
  0x000001653b37acf0 GCTaskThread "GC Thread#3" [stack: 0x0000004e72600000,0x0000004e72700000] [id=9672]
  0x000001657cb25810 ConcurrentGCThread "G1 Main Marker" [stack: 0x0000004e71300000,0x0000004e71400000] [id=1168]
  0x000001657cb268d0 ConcurrentGCThread "G1 Conc#0" [stack: 0x0000004e71400000,0x0000004e71500000] [id=10564]
  0x000001657cb5d9b0 ConcurrentGCThread "G1 Refine#0" [stack: 0x0000004e71500000,0x0000004e71600000] [id=4052]
  0x000001657cb5e2e0 ConcurrentGCThread "G1 Service" [stack: 0x0000004e71600000,0x0000004e71700000] [id=10636]

Threads with active compile tasks:
C2 CompilerThread0    77047 13852       4       jdk.internal.module.SystemModuleFinders$SystemModuleReader::containsImageLocation (42 bytes)
C2 CompilerThread1    77047 13848       4       jdk.internal.jimage.ImageLocation::verify (218 bytes)

VM state: not at safepoint (normal execution)

VM Mutex/Monitor currently owned by a thread: None

Heap address: 0x0000000080000000, size: 2048 MB, Compressed Oops mode: 32-bit

CDS archive(s) mapped at: [0x000001651c000000-0x000001651cbc0000-0x000001651cbc0000), size 12320768, SharedBaseAddress: 0x000001651c000000, ArchiveRelocationMode: 1.
Compressed class space mapped at: 0x000001651d000000-0x0000016537000000, reserved size: 436207616
Narrow klass base: 0x000001651c000000, Narrow klass shift: 0, Narrow klass range: 0x100000000

GC Precious Log:
 CPUs: 4 total, 4 available
 Memory: 16309M
 Large Page Support: Disabled
 NUMA Support: Disabled
 Compressed Oops: Enabled (32-bit)
 Heap Region Size: 1M
 Heap Min Capacity: 8M
 Heap Initial Capacity: 256M
 Heap Max Capacity: 2G
 Pre-touch: Disabled
 Parallel Workers: 4
 Concurrent Workers: 1
 Concurrent Refinement Workers: 4
 Periodic GC: Disabled

Heap:
 garbage-first heap   total 242688K, used 197378K [0x0000000080000000, 0x0000000100000000)
  region size 1024K, 21 young (21504K), 5 survivors (5120K)
 Metaspace       used 105133K, committed 106240K, reserved 557056K
  class space    used 14590K, committed 15104K, reserved 425984K

Heap Regions: E=young(eden), S=young(survivor), O=old, HS=humongous(starts), HC=humongous(continues), CS=collection set, F=free, OA=open archive, CA=closed archive, TAMS=top-at-mark-start (previous, next)
|   0|0x0000000080000000, 0x0000000080100000, 0x0000000080100000|100%| O|  |TAMS 0x0000000080100000, 0x0000000080000000| Untracked 
|   1|0x0000000080100000, 0x0000000080200000, 0x0000000080200000|100%| O|  |TAMS 0x0000000080200000, 0x0000000080100000| Untracked 
|   2|0x0000000080200000, 0x0000000080300000, 0x0000000080300000|100%|HS|  |TAMS 0x0000000080300000, 0x0000000080200000| Complete 
|   3|0x0000000080300000, 0x0000000080400000, 0x0000000080400000|100%|HC|  |TAMS 0x0000000080400000, 0x0000000080300000| Complete 
|   4|0x0000000080400000, 0x0000000080500000, 0x0000000080500000|100%|HC|  |TAMS 0x0000000080500000, 0x0000000080400000| Complete 
|   5|0x0000000080500000, 0x0000000080600000, 0x0000000080600000|100%|HC|  |TAMS 0x0000000080600000, 0x0000000080500000| Complete 
|   6|0x0000000080600000, 0x0000000080700000, 0x0000000080700000|100%| O|  |TAMS 0x0000000080700000, 0x0000000080600000| Untracked 
|   7|0x0000000080700000, 0x0000000080800000, 0x0000000080800000|100%| O|  |TAMS 0x0000000080800000, 0x0000000080700000| Untracked 
|   8|0x0000000080800000, 0x0000000080900000, 0x0000000080900000|100%| O|  |TAMS 0x0000000080900000, 0x0000000080800000| Untracked 
|   9|0x0000000080900000, 0x0000000080a00000, 0x0000000080a00000|100%| O|  |TAMS 0x0000000080a00000, 0x0000000080900000| Untracked 
|  10|0x0000000080a00000, 0x0000000080b00000, 0x0000000080b00000|100%| O|  |TAMS 0x0000000080b00000, 0x0000000080a00000| Untracked 
|  11|0x0000000080b00000, 0x0000000080bc0a00, 0x0000000080c00000| 75%| O|  |TAMS 0x0000000080bc0a00, 0x0000000080b00000| Untracked 
|  12|0x0000000080c00000, 0x0000000080d00000, 0x0000000080d00000|100%| O|  |TAMS 0x0000000080d00000, 0x0000000080c00000| Untracked 
|  13|0x0000000080d00000, 0x0000000080e00000, 0x0000000080e00000|100%| O|  |TAMS 0x0000000080e00000, 0x0000000080d00000| Untracked 
|  14|0x0000000080e00000, 0x0000000080f00000, 0x0000000080f00000|100%| O|  |TAMS 0x0000000080f00000, 0x0000000080e00000| Untracked 
|  15|0x0000000080f00000, 0x0000000081000000, 0x0000000081000000|100%| O|  |TAMS 0x0000000081000000, 0x0000000080f00000| Untracked 
|  16|0x0000000081000000, 0x0000000081100000, 0x0000000081100000|100%| O|  |TAMS 0x0000000081100000, 0x0000000081000000| Untracked 
|  17|0x0000000081100000, 0x0000000081200000, 0x0000000081200000|100%| O|  |TAMS 0x0000000081200000, 0x0000000081100000| Untracked 
|  18|0x0000000081200000, 0x0000000081300000, 0x0000000081300000|100%| O|  |TAMS 0x0000000081300000, 0x0000000081200000| Untracked 
|  19|0x0000000081300000, 0x0000000081400000, 0x0000000081400000|100%| O|  |TAMS 0x0000000081400000, 0x0000000081300000| Untracked 
|  20|0x0000000081400000, 0x0000000081500000, 0x0000000081500000|100%| O|  |TAMS 0x0000000081500000, 0x0000000081400000| Untracked 
|  21|0x0000000081500000, 0x0000000081600000, 0x0000000081600000|100%| O|  |TAMS 0x0000000081600000, 0x0000000081500000| Untracked 
|  22|0x0000000081600000, 0x0000000081700000, 0x0000000081700000|100%| O|  |TAMS 0x0000000081700000, 0x0000000081600000| Untracked 
|  23|0x0000000081700000, 0x0000000081800000, 0x0000000081800000|100%| O|  |TAMS 0x0000000081800000, 0x0000000081700000| Untracked 
|  24|0x0000000081800000, 0x0000000081900000, 0x0000000081900000|100%| O|  |TAMS 0x0000000081900000, 0x0000000081800000| Untracked 
|  25|0x0000000081900000, 0x0000000081a00000, 0x0000000081a00000|100%| O|  |TAMS 0x0000000081a00000, 0x0000000081900000| Untracked 
|  26|0x0000000081a00000, 0x0000000081b00000, 0x0000000081b00000|100%| O|  |TAMS 0x0000000081b00000, 0x0000000081a00000| Untracked 
|  27|0x0000000081b00000, 0x0000000081c00000, 0x0000000081c00000|100%| O|  |TAMS 0x0000000081c00000, 0x0000000081b00000| Untracked 
|  28|0x0000000081c00000, 0x0000000081d00000, 0x0000000081d00000|100%| O|  |TAMS 0x0000000081d00000, 0x0000000081c00000| Untracked 
|  29|0x0000000081d00000, 0x0000000081e00000, 0x0000000081e00000|100%| O|  |TAMS 0x0000000081e00000, 0x0000000081d00000| Untracked 
|  30|0x0000000081e00000, 0x0000000081f00000, 0x0000000081f00000|100%| O|  |TAMS 0x0000000081f00000, 0x0000000081e00000| Untracked 
|  31|0x0000000081f00000, 0x0000000082000000, 0x0000000082000000|100%| O|  |TAMS 0x0000000082000000, 0x0000000081f00000| Untracked 
|  32|0x0000000082000000, 0x0000000082100000, 0x0000000082100000|100%| O|  |TAMS 0x0000000082100000, 0x0000000082000000| Untracked 
|  33|0x0000000082100000, 0x0000000082200000, 0x0000000082200000|100%| O|  |TAMS 0x0000000082200000, 0x0000000082100000| Untracked 
|  34|0x0000000082200000, 0x0000000082300000, 0x0000000082300000|100%| O|  |TAMS 0x0000000082300000, 0x0000000082200000| Untracked 
|  35|0x0000000082300000, 0x0000000082400000, 0x0000000082400000|100%| O|  |TAMS 0x0000000082400000, 0x0000000082300000| Untracked 
|  36|0x0000000082400000, 0x0000000082500000, 0x0000000082500000|100%| O|  |TAMS 0x0000000082500000, 0x0000000082400000| Untracked 
|  37|0x0000000082500000, 0x0000000082600000, 0x0000000082600000|100%| O|  |TAMS 0x0000000082600000, 0x0000000082500000| Untracked 
|  38|0x0000000082600000, 0x0000000082700000, 0x0000000082700000|100%| O|  |TAMS 0x0000000082700000, 0x0000000082600000| Untracked 
|  39|0x0000000082700000, 0x0000000082800000, 0x0000000082800000|100%|HS|  |TAMS 0x0000000082800000, 0x0000000082700000| Complete 
|  40|0x0000000082800000, 0x0000000082900000, 0x0000000082900000|100%|HC|  |TAMS 0x0000000082900000, 0x0000000082800000| Complete 
|  41|0x0000000082900000, 0x0000000082a00000, 0x0000000082a00000|100%| O|  |TAMS 0x0000000082a00000, 0x0000000082900000| Untracked 
|  42|0x0000000082a00000, 0x0000000082b00000, 0x0000000082b00000|100%|HS|  |TAMS 0x0000000082b00000, 0x0000000082a00000| Complete 
|  43|0x0000000082b00000, 0x0000000082c00000, 0x0000000082c00000|100%|HC|  |TAMS 0x0000000082c00000, 0x0000000082b00000| Complete 
|  44|0x0000000082c00000, 0x0000000082d00000, 0x0000000082d00000|100%|HS|  |TAMS 0x0000000082d00000, 0x0000000082c00000| Complete 
|  45|0x0000000082d00000, 0x0000000082e00000, 0x0000000082e00000|100%|HC|  |TAMS 0x0000000082e00000, 0x0000000082d00000| Complete 
|  46|0x0000000082e00000, 0x0000000082f00000, 0x0000000082f00000|100%|HC|  |TAMS 0x0000000082f00000, 0x0000000082e00000| Complete 
|  47|0x0000000082f00000, 0x0000000083000000, 0x0000000083000000|100%|HC|  |TAMS 0x0000000083000000, 0x0000000082f00000| Complete 
|  48|0x0000000083000000, 0x0000000083100000, 0x0000000083100000|100%| O|  |TAMS 0x0000000083100000, 0x0000000083000000| Untracked 
|  49|0x0000000083100000, 0x0000000083200000, 0x0000000083200000|100%| O|  |TAMS 0x0000000083200000, 0x0000000083100000| Untracked 
|  50|0x0000000083200000, 0x0000000083300000, 0x0000000083300000|100%| O|  |TAMS 0x0000000083300000, 0x0000000083200000| Untracked 
|  51|0x0000000083300000, 0x0000000083400000, 0x0000000083400000|100%| O|  |TAMS 0x0000000083400000, 0x0000000083300000| Untracked 
|  52|0x0000000083400000, 0x0000000083500000, 0x0000000083500000|100%|HS|  |TAMS 0x0000000083500000, 0x0000000083400000| Complete 
|  53|0x0000000083500000, 0x0000000083600000, 0x0000000083600000|100%|HC|  |TAMS 0x0000000083600000, 0x0000000083500000| Complete 
|  54|0x0000000083600000, 0x0000000083700000, 0x0000000083700000|100%|HC|  |TAMS 0x0000000083700000, 0x0000000083600000| Complete 
|  55|0x0000000083700000, 0x0000000083800000, 0x0000000083800000|100%|HC|  |TAMS 0x0000000083800000, 0x0000000083700000| Complete 
|  56|0x0000000083800000, 0x0000000083900000, 0x0000000083900000|100%| O|  |TAMS 0x0000000083900000, 0x0000000083800000| Untracked 
|  57|0x0000000083900000, 0x0000000083a00000, 0x0000000083a00000|100%| O|  |TAMS 0x0000000083a00000, 0x0000000083900000| Untracked 
|  58|0x0000000083a00000, 0x0000000083b00000, 0x0000000083b00000|100%| O|  |TAMS 0x0000000083b00000, 0x0000000083a00000| Untracked 
|  59|0x0000000083b00000, 0x0000000083c00000, 0x0000000083c00000|100%| O|  |TAMS 0x0000000083c00000, 0x0000000083b00000| Untracked 
|  60|0x0000000083c00000, 0x0000000083d00000, 0x0000000083d00000|100%| O|  |TAMS 0x0000000083d00000, 0x0000000083c00000| Untracked 
|  61|0x0000000083d00000, 0x0000000083e00000, 0x0000000083e00000|100%| O|  |TAMS 0x0000000083e00000, 0x0000000083d00000| Untracked 
|  62|0x0000000083e00000, 0x0000000083f00000, 0x0000000083f00000|100%| O|  |TAMS 0x0000000083f00000, 0x0000000083e00000| Untracked 
|  63|0x0000000083f00000, 0x0000000084000000, 0x0000000084000000|100%| O|  |TAMS 0x0000000084000000, 0x0000000083f00000| Untracked 
|  64|0x0000000084000000, 0x0000000084100000, 0x0000000084100000|100%| O|  |TAMS 0x0000000084100000, 0x0000000084000000| Untracked 
|  65|0x0000000084100000, 0x0000000084200000, 0x0000000084200000|100%| O|  |TAMS 0x0000000084200000, 0x0000000084100000| Untracked 
|  66|0x0000000084200000, 0x0000000084300000, 0x0000000084300000|100%|HS|  |TAMS 0x0000000084300000, 0x0000000084200000| Complete 
|  67|0x0000000084300000, 0x0000000084400000, 0x0000000084400000|100%|HS|  |TAMS 0x0000000084400000, 0x0000000084300000| Complete 
|  68|0x0000000084400000, 0x0000000084500000, 0x0000000084500000|100%|HS|  |TAMS 0x0000000084500000, 0x0000000084400000| Complete 
|  69|0x0000000084500000, 0x0000000084600000, 0x0000000084600000|100%| O|  |TAMS 0x0000000084600000, 0x0000000084500000| Untracked 
|  70|0x0000000084600000, 0x0000000084700000, 0x0000000084700000|100%| O|  |TAMS 0x0000000084700000, 0x0000000084600000| Untracked 
|  71|0x0000000084700000, 0x0000000084800000, 0x0000000084800000|100%| O|  |TAMS 0x0000000084800000, 0x0000000084700000| Untracked 
|  72|0x0000000084800000, 0x0000000084900000, 0x0000000084900000|100%| O|  |TAMS 0x0000000084900000, 0x0000000084800000| Untracked 
|  73|0x0000000084900000, 0x0000000084a00000, 0x0000000084a00000|100%|HS|  |TAMS 0x0000000084a00000, 0x0000000084900000| Complete 
|  74|0x0000000084a00000, 0x0000000084b00000, 0x0000000084b00000|100%| O|  |TAMS 0x0000000084b00000, 0x0000000084a00000| Untracked 
|  75|0x0000000084b00000, 0x0000000084c00000, 0x0000000084c00000|100%| O|  |TAMS 0x0000000084c00000, 0x0000000084b00000| Untracked 
|  76|0x0000000084c00000, 0x0000000084d00000, 0x0000000084d00000|100%| O|  |TAMS 0x0000000084d00000, 0x0000000084c00000| Untracked 
|  77|0x0000000084d00000, 0x0000000084e00000, 0x0000000084e00000|100%| O|  |TAMS 0x0000000084e00000, 0x0000000084d00000| Untracked 
|  78|0x0000000084e00000, 0x0000000084f00000, 0x0000000084f00000|100%| O|  |TAMS 0x0000000084f00000, 0x0000000084e00000| Untracked 
|  79|0x0000000084f00000, 0x0000000085000000, 0x0000000085000000|100%| O|  |TAMS 0x0000000085000000, 0x0000000084f00000| Untracked 
|  80|0x0000000085000000, 0x0000000085100000, 0x0000000085100000|100%| O|  |TAMS 0x0000000085100000, 0x0000000085000000| Untracked 
|  81|0x0000000085100000, 0x0000000085200000, 0x0000000085200000|100%| O|  |TAMS 0x0000000085200000, 0x0000000085100000| Untracked 
|  82|0x0000000085200000, 0x0000000085300000, 0x0000000085300000|100%| O|  |TAMS 0x0000000085300000, 0x0000000085200000| Untracked 
|  83|0x0000000085300000, 0x0000000085400000, 0x0000000085400000|100%| O|  |TAMS 0x0000000085400000, 0x0000000085300000| Untracked 
|  84|0x0000000085400000, 0x0000000085500000, 0x0000000085500000|100%| O|  |TAMS 0x0000000085500000, 0x0000000085400000| Untracked 
|  85|0x0000000085500000, 0x0000000085600000, 0x0000000085600000|100%| O|  |TAMS 0x0000000085600000, 0x0000000085500000| Untracked 
|  86|0x0000000085600000, 0x0000000085700000, 0x0000000085700000|100%| O|  |TAMS 0x0000000085700000, 0x0000000085600000| Untracked 
|  87|0x0000000085700000, 0x0000000085800000, 0x0000000085800000|100%| O|  |TAMS 0x0000000085800000, 0x0000000085700000| Untracked 
|  88|0x0000000085800000, 0x0000000085900000, 0x0000000085900000|100%| O|  |TAMS 0x0000000085900000, 0x0000000085800000| Untracked 
|  89|0x0000000085900000, 0x0000000085a00000, 0x0000000085a00000|100%| O|  |TAMS 0x0000000085a00000, 0x0000000085900000| Untracked 
|  90|0x0000000085a00000, 0x0000000085b00000, 0x0000000085b00000|100%| O|  |TAMS 0x0000000085b00000, 0x0000000085a00000| Untracked 
|  91|0x0000000085b00000, 0x0000000085c00000, 0x0000000085c00000|100%| O|  |TAMS 0x0000000085c00000, 0x0000000085b00000| Untracked 
|  92|0x0000000085c00000, 0x0000000085d00000, 0x0000000085d00000|100%| O|  |TAMS 0x0000000085d00000, 0x0000000085c00000| Untracked 
|  93|0x0000000085d00000, 0x0000000085e00000, 0x0000000085e00000|100%| O|  |TAMS 0x0000000085e00000, 0x0000000085d00000| Untracked 
|  94|0x0000000085e00000, 0x0000000085f00000, 0x0000000085f00000|100%| O|  |TAMS 0x0000000085f00000, 0x0000000085e00000| Untracked 
|  95|0x0000000085f00000, 0x0000000086000000, 0x0000000086000000|100%| O|  |TAMS 0x0000000086000000, 0x0000000085f00000| Untracked 
|  96|0x0000000086000000, 0x0000000086100000, 0x0000000086100000|100%| O|  |TAMS 0x0000000086100000, 0x0000000086000000| Untracked 
|  97|0x0000000086100000, 0x0000000086200000, 0x0000000086200000|100%|HS|  |TAMS 0x0000000086200000, 0x0000000086100000| Complete 
|  98|0x0000000086200000, 0x0000000086300000, 0x0000000086300000|100%|HC|  |TAMS 0x0000000086300000, 0x0000000086200000| Complete 
|  99|0x0000000086300000, 0x0000000086400000, 0x0000000086400000|100%| O|  |TAMS 0x0000000086400000, 0x0000000086300000| Untracked 
| 100|0x0000000086400000, 0x0000000086500000, 0x0000000086500000|100%| O|  |TAMS 0x0000000086500000, 0x0000000086400000| Untracked 
| 101|0x0000000086500000, 0x0000000086600000, 0x0000000086600000|100%| O|  |TAMS 0x0000000086600000, 0x0000000086500000| Untracked 
| 102|0x0000000086600000, 0x0000000086700000, 0x0000000086700000|100%| O|  |TAMS 0x0000000086700000, 0x0000000086600000| Untracked 
| 103|0x0000000086700000, 0x0000000086800000, 0x0000000086800000|100%| O|  |TAMS 0x0000000086800000, 0x0000000086700000| Untracked 
| 104|0x0000000086800000, 0x0000000086900000, 0x0000000086900000|100%| O|  |TAMS 0x0000000086900000, 0x0000000086800000| Untracked 
| 105|0x0000000086900000, 0x0000000086a00000, 0x0000000086a00000|100%| O|  |TAMS 0x0000000086a00000, 0x0000000086900000| Untracked 
| 106|0x0000000086a00000, 0x0000000086b00000, 0x0000000086b00000|100%|HS|  |TAMS 0x0000000086b00000, 0x0000000086a00000| Complete 
| 107|0x0000000086b00000, 0x0000000086c00000, 0x0000000086c00000|100%|HC|  |TAMS 0x0000000086c00000, 0x0000000086b00000| Complete 
| 108|0x0000000086c00000, 0x0000000086d00000, 0x0000000086d00000|100%|HS|  |TAMS 0x0000000086d00000, 0x0000000086c00000| Complete 
| 109|0x0000000086d00000, 0x0000000086e00000, 0x0000000086e00000|100%| O|  |TAMS 0x0000000086e00000, 0x0000000086d00000| Untracked 
| 110|0x0000000086e00000, 0x0000000086f00000, 0x0000000086f00000|100%| O|  |TAMS 0x0000000086f00000, 0x0000000086e00000| Untracked 
| 111|0x0000000086f00000, 0x0000000087000000, 0x0000000087000000|100%| O|  |TAMS 0x0000000087000000, 0x0000000086f00000| Untracked 
| 112|0x0000000087000000, 0x0000000087100000, 0x0000000087100000|100%| O|  |TAMS 0x0000000087100000, 0x0000000087000000| Untracked 
| 113|0x0000000087100000, 0x0000000087200000, 0x0000000087200000|100%| O|  |TAMS 0x0000000087200000, 0x0000000087100000| Untracked 
| 114|0x0000000087200000, 0x0000000087300000, 0x0000000087300000|100%|HS|  |TAMS 0x0000000087300000, 0x0000000087200000| Complete 
| 115|0x0000000087300000, 0x0000000087400000, 0x0000000087400000|100%|HS|  |TAMS 0x0000000087400000, 0x0000000087300000| Complete 
| 116|0x0000000087400000, 0x0000000087500000, 0x0000000087500000|100%|HS|  |TAMS 0x0000000087500000, 0x0000000087400000| Complete 
| 117|0x0000000087500000, 0x0000000087600000, 0x0000000087600000|100%|HC|  |TAMS 0x0000000087600000, 0x0000000087500000| Complete 
| 118|0x0000000087600000, 0x0000000087700000, 0x0000000087700000|100%| O|  |TAMS 0x0000000087700000, 0x0000000087600000| Untracked 
| 119|0x0000000087700000, 0x0000000087800000, 0x0000000087800000|100%| O|  |TAMS 0x0000000087800000, 0x0000000087700000| Untracked 
| 120|0x0000000087800000, 0x0000000087900000, 0x0000000087900000|100%| O|  |TAMS 0x0000000087900000, 0x0000000087800000| Untracked 
| 121|0x0000000087900000, 0x0000000087a00000, 0x0000000087a00000|100%| O|  |TAMS 0x0000000087a00000, 0x0000000087900000| Untracked 
| 122|0x0000000087a00000, 0x0000000087b00000, 0x0000000087b00000|100%| O|  |TAMS 0x0000000087a00000, 0x0000000087a00000| Untracked 
| 123|0x0000000087b00000, 0x0000000087c00000, 0x0000000087c00000|100%| O|  |TAMS 0x0000000087c00000, 0x0000000087b00000| Untracked 
| 124|0x0000000087c00000, 0x0000000087d00000, 0x0000000087d00000|100%| O|  |TAMS 0x0000000087d00000, 0x0000000087c00000| Untracked 
| 125|0x0000000087d00000, 0x0000000087e00000, 0x0000000087e00000|100%| O|  |TAMS 0x0000000087e00000, 0x0000000087d00000| Untracked 
| 126|0x0000000087e00000, 0x0000000087f00000, 0x0000000087f00000|100%| O|  |TAMS 0x0000000087f00000, 0x0000000087e00000| Untracked 
| 127|0x0000000087f00000, 0x0000000088000000, 0x0000000088000000|100%|HS|  |TAMS 0x0000000088000000, 0x0000000087f00000| Complete 
| 128|0x0000000088000000, 0x0000000088100000, 0x0000000088100000|100%| O|  |TAMS 0x0000000088000000, 0x0000000088000000| Untracked 
| 129|0x0000000088100000, 0x0000000088200000, 0x0000000088200000|100%| O|  |TAMS 0x0000000088100000, 0x0000000088100000| Untracked 
| 130|0x0000000088200000, 0x0000000088300000, 0x0000000088300000|100%| O|  |TAMS 0x0000000088200000, 0x0000000088200000| Untracked 
| 131|0x0000000088300000, 0x0000000088400000, 0x0000000088400000|100%| O|  |TAMS 0x0000000088300000, 0x0000000088300000| Untracked 
| 132|0x0000000088400000, 0x0000000088500000, 0x0000000088500000|100%| O|  |TAMS 0x0000000088400000, 0x0000000088400000| Untracked 
| 133|0x0000000088500000, 0x0000000088600000, 0x0000000088600000|100%| O|  |TAMS 0x0000000088500000, 0x0000000088500000| Untracked 
| 134|0x0000000088600000, 0x0000000088700000, 0x0000000088700000|100%| O|  |TAMS 0x0000000088600000, 0x0000000088600000| Untracked 
| 135|0x0000000088700000, 0x0000000088800000, 0x0000000088800000|100%| O|  |TAMS 0x0000000088700000, 0x0000000088700000| Untracked 
| 136|0x0000000088800000, 0x0000000088900000, 0x0000000088900000|100%| O|  |TAMS 0x0000000088800000, 0x0000000088800000| Untracked 
| 137|0x0000000088900000, 0x0000000088a00000, 0x0000000088a00000|100%| O|  |TAMS 0x0000000088900000, 0x0000000088900000| Untracked 
| 138|0x0000000088a00000, 0x0000000088b00000, 0x0000000088b00000|100%| O|  |TAMS 0x0000000088a00000, 0x0000000088a00000| Untracked 
| 139|0x0000000088b00000, 0x0000000088c00000, 0x0000000088c00000|100%| O|  |TAMS 0x0000000088b00000, 0x0000000088b00000| Untracked 
| 140|0x0000000088c00000, 0x0000000088d00000, 0x0000000088d00000|100%| O|  |TAMS 0x0000000088c00000, 0x0000000088c00000| Untracked 
| 141|0x0000000088d00000, 0x0000000088e00000, 0x0000000088e00000|100%| O|  |TAMS 0x0000000088d00000, 0x0000000088d00000| Untracked 
| 142|0x0000000088e00000, 0x0000000088f00000, 0x0000000088f00000|100%| O|  |TAMS 0x0000000088e00000, 0x0000000088e00000| Untracked 
| 143|0x0000000088f00000, 0x0000000089000000, 0x0000000089000000|100%| O|  |TAMS 0x0000000088f00000, 0x0000000088f00000| Untracked 
| 144|0x0000000089000000, 0x0000000089100000, 0x0000000089100000|100%| O|  |TAMS 0x0000000089000000, 0x0000000089000000| Untracked 
| 145|0x0000000089100000, 0x0000000089200000, 0x0000000089200000|100%| O|  |TAMS 0x0000000089100000, 0x0000000089100000| Untracked 
| 146|0x0000000089200000, 0x0000000089300000, 0x0000000089300000|100%| O|  |TAMS 0x0000000089200000, 0x0000000089200000| Untracked 
| 147|0x0000000089300000, 0x0000000089400000, 0x0000000089400000|100%| O|  |TAMS 0x0000000089300000, 0x0000000089300000| Untracked 
| 148|0x0000000089400000, 0x0000000089500000, 0x0000000089500000|100%| O|  |TAMS 0x0000000089400000, 0x0000000089400000| Untracked 
| 149|0x0000000089500000, 0x0000000089600000, 0x0000000089600000|100%| O|  |TAMS 0x0000000089500000, 0x0000000089500000| Untracked 
| 150|0x0000000089600000, 0x0000000089700000, 0x0000000089700000|100%| O|  |TAMS 0x0000000089600000, 0x0000000089600000| Untracked 
| 151|0x0000000089700000, 0x0000000089800000, 0x0000000089800000|100%| O|  |TAMS 0x0000000089700000, 0x0000000089700000| Untracked 
| 152|0x0000000089800000, 0x0000000089900000, 0x0000000089900000|100%| O|  |TAMS 0x0000000089800000, 0x0000000089800000| Untracked 
| 153|0x0000000089900000, 0x0000000089a00000, 0x0000000089a00000|100%| O|  |TAMS 0x0000000089900000, 0x0000000089900000| Untracked 
| 154|0x0000000089a00000, 0x0000000089b00000, 0x0000000089b00000|100%| O|  |TAMS 0x0000000089a00000, 0x0000000089a00000| Untracked 
| 155|0x0000000089b00000, 0x0000000089c00000, 0x0000000089c00000|100%|HS|  |TAMS 0x0000000089b00000, 0x0000000089b00000| Complete 
| 156|0x0000000089c00000, 0x0000000089d00000, 0x0000000089d00000|100%| O|  |TAMS 0x0000000089c00000, 0x0000000089c00000| Untracked 
| 157|0x0000000089d00000, 0x0000000089e00000, 0x0000000089e00000|100%| O|  |TAMS 0x0000000089d00000, 0x0000000089d00000| Untracked 
| 158|0x0000000089e00000, 0x0000000089f00000, 0x0000000089f00000|100%| O|  |TAMS 0x0000000089e00000, 0x0000000089e00000| Untracked 
| 159|0x0000000089f00000, 0x000000008a000000, 0x000000008a000000|100%| O|  |TAMS 0x0000000089f00000, 0x0000000089f00000| Untracked 
| 160|0x000000008a000000, 0x000000008a100000, 0x000000008a100000|100%| O|  |TAMS 0x000000008a000000, 0x000000008a000000| Untracked 
| 161|0x000000008a100000, 0x000000008a200000, 0x000000008a200000|100%| O|  |TAMS 0x000000008a100000, 0x000000008a100000| Untracked 
| 162|0x000000008a200000, 0x000000008a300000, 0x000000008a300000|100%| O|  |TAMS 0x000000008a200000, 0x000000008a200000| Untracked 
| 163|0x000000008a300000, 0x000000008a400000, 0x000000008a400000|100%| O|  |TAMS 0x000000008a300000, 0x000000008a300000| Untracked 
| 164|0x000000008a400000, 0x000000008a500000, 0x000000008a500000|100%| O|  |TAMS 0x000000008a400000, 0x000000008a400000| Untracked 
| 165|0x000000008a500000, 0x000000008a600000, 0x000000008a600000|100%|HS|  |TAMS 0x000000008a500000, 0x000000008a500000| Complete 
| 166|0x000000008a600000, 0x000000008a700000, 0x000000008a700000|100%|HC|  |TAMS 0x000000008a600000, 0x000000008a600000| Complete 
| 167|0x000000008a700000, 0x000000008a800000, 0x000000008a800000|100%| O|  |TAMS 0x000000008a700000, 0x000000008a700000| Untracked 
| 168|0x000000008a800000, 0x000000008a900000, 0x000000008a900000|100%| O|  |TAMS 0x000000008a800000, 0x000000008a800000| Untracked 
| 169|0x000000008a900000, 0x000000008aa00000, 0x000000008aa00000|100%| O|  |TAMS 0x000000008a900000, 0x000000008a900000| Untracked 
| 170|0x000000008aa00000, 0x000000008ab00000, 0x000000008ab00000|100%| O|  |TAMS 0x000000008aa00000, 0x000000008aa00000| Untracked 
| 171|0x000000008ab00000, 0x000000008ac00000, 0x000000008ac00000|100%| O|  |TAMS 0x000000008ab00000, 0x000000008ab00000| Untracked 
| 172|0x000000008ac00000, 0x000000008ad00000, 0x000000008ad00000|100%| O|  |TAMS 0x000000008ac00000, 0x000000008ac00000| Untracked 
| 173|0x000000008ad00000, 0x000000008ad00000, 0x000000008ae00000|  0%| F|  |TAMS 0x000000008ad00000, 0x000000008ad00000| Untracked 
| 174|0x000000008ae00000, 0x000000008ae00000, 0x000000008af00000|  0%| F|  |TAMS 0x000000008ae00000, 0x000000008ae00000| Untracked 
| 175|0x000000008af00000, 0x000000008af00000, 0x000000008b000000|  0%| F|  |TAMS 0x000000008af00000, 0x000000008af00000| Untracked 
| 176|0x000000008b000000, 0x000000008b000000, 0x000000008b100000|  0%| F|  |TAMS 0x000000008b000000, 0x000000008b000000| Untracked 
| 177|0x000000008b100000, 0x000000008b100000, 0x000000008b200000|  0%| F|  |TAMS 0x000000008b100000, 0x000000008b100000| Untracked 
| 178|0x000000008b200000, 0x000000008b200000, 0x000000008b300000|  0%| F|  |TAMS 0x000000008b200000, 0x000000008b200000| Untracked 
| 179|0x000000008b300000, 0x000000008b300000, 0x000000008b400000|  0%| F|  |TAMS 0x000000008b300000, 0x000000008b300000| Untracked 
| 180|0x000000008b400000, 0x000000008b400000, 0x000000008b500000|  0%| F|  |TAMS 0x000000008b400000, 0x000000008b400000| Untracked 
| 181|0x000000008b500000, 0x000000008b500000, 0x000000008b600000|  0%| F|  |TAMS 0x000000008b500000, 0x000000008b500000| Untracked 
| 182|0x000000008b600000, 0x000000008b600000, 0x000000008b700000|  0%| F|  |TAMS 0x000000008b600000, 0x000000008b600000| Untracked 
| 183|0x000000008b700000, 0x000000008b700000, 0x000000008b800000|  0%| F|  |TAMS 0x000000008b700000, 0x000000008b700000| Untracked 
| 184|0x000000008b800000, 0x000000008b800000, 0x000000008b900000|  0%| F|  |TAMS 0x000000008b800000, 0x000000008b800000| Untracked 
| 185|0x000000008b900000, 0x000000008b900000, 0x000000008ba00000|  0%| F|  |TAMS 0x000000008b900000, 0x000000008b900000| Untracked 
| 186|0x000000008ba00000, 0x000000008ba00000, 0x000000008bb00000|  0%| F|  |TAMS 0x000000008ba00000, 0x000000008ba00000| Untracked 
| 187|0x000000008bb00000, 0x000000008bb00000, 0x000000008bc00000|  0%| F|  |TAMS 0x000000008bb00000, 0x000000008bb00000| Untracked 
| 188|0x000000008bc00000, 0x000000008bc00000, 0x000000008bd00000|  0%| F|  |TAMS 0x000000008bc00000, 0x000000008bc00000| Untracked 
| 189|0x000000008bd00000, 0x000000008bd00000, 0x000000008be00000|  0%| F|  |TAMS 0x000000008bd00000, 0x000000008bd00000| Untracked 
| 190|0x000000008be00000, 0x000000008be00000, 0x000000008bf00000|  0%| F|  |TAMS 0x000000008be00000, 0x000000008be00000| Untracked 
| 191|0x000000008bf00000, 0x000000008bf00000, 0x000000008c000000|  0%| F|  |TAMS 0x000000008bf00000, 0x000000008bf00000| Untracked 
| 192|0x000000008c000000, 0x000000008c000000, 0x000000008c100000|  0%| F|  |TAMS 0x000000008c000000, 0x000000008c000000| Untracked 
| 193|0x000000008c100000, 0x000000008c100000, 0x000000008c200000|  0%| F|  |TAMS 0x000000008c100000, 0x000000008c100000| Untracked 
| 194|0x000000008c200000, 0x000000008c200000, 0x000000008c300000|  0%| F|  |TAMS 0x000000008c200000, 0x000000008c200000| Untracked 
| 195|0x000000008c300000, 0x000000008c300000, 0x000000008c400000|  0%| F|  |TAMS 0x000000008c300000, 0x000000008c300000| Untracked 
| 196|0x000000008c400000, 0x000000008c400000, 0x000000008c500000|  0%| F|  |TAMS 0x000000008c400000, 0x000000008c400000| Untracked 
| 197|0x000000008c500000, 0x000000008c500000, 0x000000008c600000|  0%| F|  |TAMS 0x000000008c500000, 0x000000008c500000| Untracked 
| 198|0x000000008c600000, 0x000000008c600000, 0x000000008c700000|  0%| F|  |TAMS 0x000000008c600000, 0x000000008c600000| Untracked 
| 199|0x000000008c700000, 0x000000008c700000, 0x000000008c800000|  0%| F|  |TAMS 0x000000008c700000, 0x000000008c700000| Untracked 
| 200|0x000000008c800000, 0x000000008c800000, 0x000000008c900000|  0%| F|  |TAMS 0x000000008c800000, 0x000000008c800000| Untracked 
| 201|0x000000008c900000, 0x000000008c900000, 0x000000008ca00000|  0%| F|  |TAMS 0x000000008c900000, 0x000000008c900000| Untracked 
| 202|0x000000008ca00000, 0x000000008ca00000, 0x000000008cb00000|  0%| F|  |TAMS 0x000000008ca00000, 0x000000008ca00000| Untracked 
| 203|0x000000008cb00000, 0x000000008cb00000, 0x000000008cc00000|  0%| F|  |TAMS 0x000000008cb00000, 0x000000008cb00000| Untracked 
| 204|0x000000008cc00000, 0x000000008cc00000, 0x000000008cd00000|  0%| F|  |TAMS 0x000000008cc00000, 0x000000008cc00000| Untracked 
| 205|0x000000008cd00000, 0x000000008ce00000, 0x000000008ce00000|100%| S|CS|TAMS 0x000000008cd00000, 0x000000008cd00000| Complete 
| 206|0x000000008ce00000, 0x000000008cf00000, 0x000000008cf00000|100%| S|CS|TAMS 0x000000008ce00000, 0x000000008ce00000| Complete 
| 207|0x000000008cf00000, 0x000000008d000000, 0x000000008d000000|100%| S|CS|TAMS 0x000000008cf00000, 0x000000008cf00000| Complete 
| 208|0x000000008d000000, 0x000000008d100000, 0x000000008d100000|100%| S|CS|TAMS 0x000000008d000000, 0x000000008d000000| Complete 
| 209|0x000000008d100000, 0x000000008d200000, 0x000000008d200000|100%| S|CS|TAMS 0x000000008d100000, 0x000000008d100000| Complete 
| 210|0x000000008d200000, 0x000000008d200000, 0x000000008d300000|  0%| F|  |TAMS 0x000000008d200000, 0x000000008d200000| Untracked 
| 211|0x000000008d300000, 0x000000008d300000, 0x000000008d400000|  0%| F|  |TAMS 0x000000008d300000, 0x000000008d300000| Untracked 
| 212|0x000000008d400000, 0x000000008d400000, 0x000000008d500000|  0%| F|  |TAMS 0x000000008d400000, 0x000000008d400000| Untracked 
| 213|0x000000008d500000, 0x000000008d500000, 0x000000008d600000|  0%| F|  |TAMS 0x000000008d500000, 0x000000008d500000| Untracked 
| 214|0x000000008d600000, 0x000000008d600000, 0x000000008d700000|  0%| F|  |TAMS 0x000000008d600000, 0x000000008d600000| Untracked 
| 215|0x000000008d700000, 0x000000008d700000, 0x000000008d800000|  0%| F|  |TAMS 0x000000008d700000, 0x000000008d700000| Untracked 
| 216|0x000000008d800000, 0x000000008d800000, 0x000000008d900000|  0%| F|  |TAMS 0x000000008d800000, 0x000000008d800000| Untracked 
| 217|0x000000008d900000, 0x000000008d900000, 0x000000008da00000|  0%| F|  |TAMS 0x000000008d900000, 0x000000008d900000| Untracked 
| 218|0x000000008da00000, 0x000000008da00000, 0x000000008db00000|  0%| F|  |TAMS 0x000000008da00000, 0x000000008da00000| Untracked 
| 219|0x000000008db00000, 0x000000008db00000, 0x000000008dc00000|  0%| F|  |TAMS 0x000000008db00000, 0x000000008db00000| Untracked 
| 220|0x000000008dc00000, 0x000000008dc00000, 0x000000008dd00000|  0%| F|  |TAMS 0x000000008dc00000, 0x000000008dc00000| Untracked 
| 221|0x000000008dd00000, 0x000000008dd93448, 0x000000008de00000| 57%| E|  |TAMS 0x000000008dd00000, 0x000000008dd00000| Complete 
| 222|0x000000008de00000, 0x000000008df00000, 0x000000008df00000|100%| E|CS|TAMS 0x000000008de00000, 0x000000008de00000| Complete 
| 223|0x000000008df00000, 0x000000008e000000, 0x000000008e000000|100%| E|CS|TAMS 0x000000008df00000, 0x000000008df00000| Complete 
| 224|0x000000008e000000, 0x000000008e100000, 0x000000008e100000|100%| E|CS|TAMS 0x000000008e000000, 0x000000008e000000| Complete 
| 225|0x000000008e100000, 0x000000008e200000, 0x000000008e200000|100%| E|CS|TAMS 0x000000008e100000, 0x000000008e100000| Complete 
| 226|0x000000008e200000, 0x000000008e300000, 0x000000008e300000|100%| E|CS|TAMS 0x000000008e200000, 0x000000008e200000| Complete 
| 227|0x000000008e300000, 0x000000008e400000, 0x000000008e400000|100%| E|CS|TAMS 0x000000008e300000, 0x000000008e300000| Complete 
| 228|0x000000008e400000, 0x000000008e500000, 0x000000008e500000|100%| E|CS|TAMS 0x000000008e400000, 0x000000008e400000| Complete 
| 229|0x000000008e500000, 0x000000008e600000, 0x000000008e600000|100%| E|CS|TAMS 0x000000008e500000, 0x000000008e500000| Complete 
| 230|0x000000008e600000, 0x000000008e700000, 0x000000008e700000|100%| E|CS|TAMS 0x000000008e600000, 0x000000008e600000| Complete 
| 231|0x000000008e700000, 0x000000008e800000, 0x000000008e800000|100%| E|CS|TAMS 0x000000008e700000, 0x000000008e700000| Complete 
| 232|0x000000008e800000, 0x000000008e900000, 0x000000008e900000|100%| E|CS|TAMS 0x000000008e800000, 0x000000008e800000| Complete 
| 233|0x000000008e900000, 0x000000008ea00000, 0x000000008ea00000|100%| E|CS|TAMS 0x000000008e900000, 0x000000008e900000| Complete 
| 234|0x000000008ea00000, 0x000000008eb00000, 0x000000008eb00000|100%| E|CS|TAMS 0x000000008ea00000, 0x000000008ea00000| Complete 
| 235|0x000000008eb00000, 0x000000008ec00000, 0x000000008ec00000|100%| E|CS|TAMS 0x000000008eb00000, 0x000000008eb00000| Complete 
| 255|0x000000008ff00000, 0x0000000090000000, 0x0000000090000000|100%| E|CS|TAMS 0x000000008ff00000, 0x000000008ff00000| Complete 

Card table byte_map: [0x000001657cf60000,0x000001657d360000] _byte_map_base: 0x000001657cb60000

Marking Bits (Prev, Next): (CMBitMap*) 0x000001657cb14ee0, (CMBitMap*) 0x000001657cb14f20
 Prev Bits: [0x000001657d760000, 0x000001657f760000)
 Next Bits: [0x0000016517de0000, 0x0000016519de0000)

Polling page: 0x000001657a650000

Metaspace:

Usage:
  Non-class:     88.42 MB used.
      Class:     14.25 MB used.
       Both:    102.67 MB used.

Virtual space:
  Non-class space:      128.00 MB reserved,      89.00 MB ( 70%) committed,  2 nodes.
      Class space:      416.00 MB reserved,      14.75 MB (  4%) committed,  1 nodes.
             Both:      544.00 MB reserved,     103.75 MB ( 19%) committed. 

Chunk freelists:
   Non-Class:  6.42 MB
       Class:  1.20 MB
        Both:  7.62 MB

MaxMetaspaceSize: 512.00 MB
CompressedClassSpaceSize: 416.00 MB
Initial GC threshold: 21.00 MB
Current GC threshold: 158.88 MB
CDS: on
MetaspaceReclaimPolicy: balanced
 - commit_granule_bytes: 65536.
 - commit_granule_words: 8192.
 - virtual_space_node_default_size: 8388608.
 - enlarge_chunks_in_place: 1.
 - new_chunks_are_fully_committed: 0.
 - uncommit_free_chunks: 1.
 - use_allocation_guard: 0.
 - handle_deallocations: 1.


Internal statistics:

num_allocs_failed_limit: 6.
num_arena_births: 1344.
num_arena_deaths: 0.
num_vsnodes_births: 3.
num_vsnodes_deaths: 0.
num_space_committed: 1660.
num_space_uncommitted: 0.
num_chunks_returned_to_freelist: 6.
num_chunks_taken_from_freelist: 5815.
num_chunk_merges: 6.
num_chunk_splits: 3768.
num_chunks_enlarged: 2418.
num_inconsistent_stats: 0.

CodeHeap 'non-profiled nmethods': size=120000Kb used=8680Kb max_used=8680Kb free=111319Kb
 bounds [0x00000165108b0000, 0x0000016511130000, 0x0000016517de0000]
CodeHeap 'profiled nmethods': size=120000Kb used=23412Kb max_used=23412Kb free=96587Kb
 bounds [0x0000016508de0000, 0x000001650a4c0000, 0x0000016510310000]
CodeHeap 'non-nmethods': size=5760Kb used=2454Kb max_used=2544Kb free=3305Kb
 bounds [0x0000016510310000, 0x00000165105a0000, 0x00000165108b0000]
 total_blobs=12702 nmethods=11707 adapters=906
 compilation: enabled
              stopped_count=0, restarted_count=0
 full_count=0

Compilation events (20 events):
Event: 76.311 Thread 0x000001653fdc2c20 nmethod 13839 0x000001651110ba90 code [0x000001651110bc20, 0x000001651110bd58]
Event: 76.320 Thread 0x000001653fdc2c20 13840       4       java.util.regex.Pattern$CharProperty::study (29 bytes)
Event: 76.322 Thread 0x000001653fdc2c20 nmethod 13840 0x000001651110bf10 code [0x000001651110c080, 0x000001651110c138]
Event: 76.322 Thread 0x000001657fb7a1b0 13841       4       org.gradle.internal.classloader.VisitableURLClassLoader$InstrumentingVisitableURLClassLoader::instrumentClass (10 bytes)
Event: 76.325 Thread 0x000001653fdc2c20 13842       4       org.gradle.internal.classloader.TransformReplacer::getLoader (46 bytes)
Event: 76.328 Thread 0x000001653fdc2c20 nmethod 13842 0x000001651110c210 code [0x000001651110c3c0, 0x000001651110c728]
Event: 76.331 Thread 0x000001653fdc2c20 13843   !   4       org.gradle.internal.classloader.TransformReplacer$JarLoader::getJarFileLocked (58 bytes)
Event: 76.571 Thread 0x000001653fdc2c20 nmethod 13843 0x000001651110ca90 code [0x000001651110d160, 0x0000016511113410]
Event: 76.571 Thread 0x000001653fdc2c20 13844  s!   4       org.gradle.internal.classloader.TransformReplacer$JarLoader::loadTransformedClass (56 bytes)
Event: 76.615 Thread 0x000001653fdc2c20 nmethod 13844 0x0000016511117310 code [0x0000016511117600, 0x0000016511119b40]
Event: 76.631 Thread 0x000001653fdc2c20 13845       4       jdk.internal.jimage.ImageStringsReader::stringFromByteBufferMatches (138 bytes)
Event: 76.637 Thread 0x000001657fb7cb80 13846   !   3       jdk.internal.loader.BuiltinClassLoader::findResource (154 bytes)
Event: 76.638 Thread 0x000001657fb7cb80 nmethod 13846 0x000001650a4bd390 code [0x000001650a4bd700, 0x000001650a4beba8]
Event: 76.640 Thread 0x000001657fb7cb80 13849       3       java.lang.CompoundEnumeration::next (58 bytes)
Event: 76.640 Thread 0x000001657fb7cb80 nmethod 13849 0x000001650a4bf390 code [0x000001650a4bf540, 0x000001650a4bf8a8]
Event: 76.643 Thread 0x000001653fdc2c20 nmethod 13845 0x000001651111ac90 code [0x000001651111ae20, 0x000001651111b658]
Event: 76.643 Thread 0x000001653fdc2c20 13848       4       jdk.internal.jimage.ImageLocation::verify (218 bytes)
Event: 76.685 Thread 0x000001657fb7a1b0 nmethod 13841 0x000001651111b990 code [0x000001651111c120, 0x00000165111235b0]
Event: 76.686 Thread 0x000001657fb7a1b0 13847       4       jdk.internal.jimage.ImageStringsReader::hashCode (33 bytes)
Event: 76.701 Thread 0x000001657fb7a1b0 nmethod 13847 0x0000016511127d10 code [0x0000016511127ea0, 0x0000016511128738]

GC Heap History (20 events):
Event: 67.485 GC heap before
{Heap before GC invocations=75 (full 0):
 garbage-first heap   total 201728K, used 156494K [0x0000000080000000, 0x0000000100000000)
  region size 1024K, 26 young (26624K), 2 survivors (2048K)
 Metaspace       used 96403K, committed 97280K, reserved 557056K
  class space    used 13405K, committed 13824K, reserved 425984K
}
Event: 67.491 GC heap after
{Heap after GC invocations=76 (full 0):
 garbage-first heap   total 201728K, used 136962K [0x0000000080000000, 0x0000000100000000)
  region size 1024K, 4 young (4096K), 4 survivors (4096K)
 Metaspace       used 96403K, committed 97280K, reserved 557056K
  class space    used 13405K, committed 13824K, reserved 425984K
}
Event: 67.829 GC heap before
{Heap before GC invocations=77 (full 0):
 garbage-first heap   total 242688K, used 157442K [0x0000000080000000, 0x0000000100000000)
  region size 1024K, 24 young (24576K), 4 survivors (4096K)
 Metaspace       used 96836K, committed 97728K, reserved 557056K
  class space    used 13479K, committed 13888K, reserved 425984K
}
Event: 67.840 GC heap after
{Heap after GC invocations=78 (full 0):
 garbage-first heap   total 242688K, used 140070K [0x0000000080000000, 0x0000000100000000)
  region size 1024K, 3 young (3072K), 3 survivors (3072K)
 Metaspace       used 96836K, committed 97728K, reserved 557056K
  class space    used 13479K, committed 13888K, reserved 425984K
}
Event: 68.002 GC heap before
{Heap before GC invocations=78 (full 0):
 garbage-first heap   total 242688K, used 148262K [0x0000000080000000, 0x0000000100000000)
  region size 1024K, 11 young (11264K), 3 survivors (3072K)
 Metaspace       used 97022K, committed 97984K, reserved 557056K
  class space    used 13509K, committed 13952K, reserved 425984K
}
Event: 68.008 GC heap after
{Heap after GC invocations=79 (full 0):
 garbage-first heap   total 242688K, used 141114K [0x0000000080000000, 0x0000000100000000)
  region size 1024K, 2 young (2048K), 2 survivors (2048K)
 Metaspace       used 97022K, committed 97984K, reserved 557056K
  class space    used 13509K, committed 13952K, reserved 425984K
}
Event: 69.090 GC heap before
{Heap before GC invocations=79 (full 0):
 garbage-first heap   total 242688K, used 180026K [0x0000000080000000, 0x0000000100000000)
  region size 1024K, 40 young (40960K), 2 survivors (2048K)
 Metaspace       used 99489K, committed 100480K, reserved 557056K
  class space    used 13850K, committed 14336K, reserved 425984K
}
Event: 69.096 GC heap after
{Heap after GC invocations=80 (full 0):
 garbage-first heap   total 242688K, used 142741K [0x0000000080000000, 0x0000000100000000)
  region size 1024K, 4 young (4096K), 4 survivors (4096K)
 Metaspace       used 99489K, committed 100480K, reserved 557056K
  class space    used 13850K, committed 14336K, reserved 425984K
}
Event: 69.852 GC heap before
{Heap before GC invocations=80 (full 0):
 garbage-first heap   total 242688K, used 183701K [0x0000000080000000, 0x0000000100000000)
  region size 1024K, 44 young (45056K), 4 survivors (4096K)
 Metaspace       used 101629K, committed 102656K, reserved 557056K
  class space    used 14152K, committed 14656K, reserved 425984K
}
Event: 69.861 GC heap after
{Heap after GC invocations=81 (full 0):
 garbage-first heap   total 242688K, used 144743K [0x0000000080000000, 0x0000000100000000)
  region size 1024K, 6 young (6144K), 6 survivors (6144K)
 Metaspace       used 101629K, committed 102656K, reserved 557056K
  class space    used 14152K, committed 14656K, reserved 425984K
}
Event: 71.114 GC heap before
{Heap before GC invocations=81 (full 0):
 garbage-first heap   total 242688K, used 188775K [0x0000000080000000, 0x0000000100000000)
  region size 1024K, 49 young (50176K), 6 survivors (6144K)
 Metaspace       used 103110K, committed 104128K, reserved 557056K
  class space    used 14338K, committed 14848K, reserved 425984K
}
Event: 71.129 GC heap after
{Heap after GC invocations=82 (full 0):
 garbage-first heap   total 242688K, used 149439K [0x0000000080000000, 0x0000000100000000)
  region size 1024K, 7 young (7168K), 7 survivors (7168K)
 Metaspace       used 103110K, committed 104128K, reserved 557056K
  class space    used 14338K, committed 14848K, reserved 425984K
}
Event: 71.725 GC heap before
{Heap before GC invocations=82 (full 0):
 garbage-first heap   total 242688K, used 192447K [0x0000000080000000, 0x0000000100000000)
  region size 1024K, 49 young (50176K), 7 survivors (7168K)
 Metaspace       used 103327K, committed 104384K, reserved 557056K
  class space    used 14359K, committed 14848K, reserved 425984K
}
Event: 71.738 GC heap after
{Heap after GC invocations=83 (full 0):
 garbage-first heap   total 242688K, used 156741K [0x0000000080000000, 0x0000000100000000)
  region size 1024K, 7 young (7168K), 7 survivors (7168K)
 Metaspace       used 103327K, committed 104384K, reserved 557056K
  class space    used 14359K, committed 14848K, reserved 425984K
}
Event: 72.739 GC heap before
{Heap before GC invocations=83 (full 0):
 garbage-first heap   total 242688K, used 194629K [0x0000000080000000, 0x0000000100000000)
  region size 1024K, 45 young (46080K), 7 survivors (7168K)
 Metaspace       used 103494K, committed 104576K, reserved 557056K
  class space    used 14378K, committed 14912K, reserved 425984K
}
Event: 72.751 GC heap after
{Heap after GC invocations=84 (full 0):
 garbage-first heap   total 242688K, used 163586K [0x0000000080000000, 0x0000000100000000)
  region size 1024K, 6 young (6144K), 6 survivors (6144K)
 Metaspace       used 103494K, committed 104576K, reserved 557056K
  class space    used 14378K, committed 14912K, reserved 425984K
}
Event: 74.825 GC heap before
{Heap before GC invocations=84 (full 0):
 garbage-first heap   total 242688K, used 200450K [0x0000000080000000, 0x0000000100000000)
  region size 1024K, 41 young (41984K), 6 survivors (6144K)
 Metaspace       used 103899K, committed 105024K, reserved 557056K
  class space    used 14423K, committed 14976K, reserved 425984K
}
Event: 74.839 GC heap after
{Heap after GC invocations=85 (full 0):
 garbage-first heap   total 242688K, used 173826K [0x0000000080000000, 0x0000000100000000)
  region size 1024K, 6 young (6144K), 6 survivors (6144K)
 Metaspace       used 103899K, committed 105024K, reserved 557056K
  class space    used 14423K, committed 14976K, reserved 425984K
}
Event: 76.035 GC heap before
{Heap before GC invocations=85 (full 0):
 garbage-first heap   total 242688K, used 203522K [0x0000000080000000, 0x0000000100000000)
  region size 1024K, 33 young (33792K), 6 survivors (6144K)
 Metaspace       used 104237K, committed 105344K, reserved 557056K
  class space    used 14456K, committed 14976K, reserved 425984K
}
Event: 76.046 GC heap after
{Heap after GC invocations=86 (full 0):
 garbage-first heap   total 242688K, used 182018K [0x0000000080000000, 0x0000000100000000)
  region size 1024K, 5 young (5120K), 5 survivors (5120K)
 Metaspace       used 104237K, committed 105344K, reserved 557056K
  class space    used 14456K, committed 14976K, reserved 425984K
}

Dll operation events (15 events):
Event: 0.044 Loaded shared library C:\Program Files\OpenLogic\jdk-17.0.10.7-hotspot\bin\java.dll
Event: 0.065 Loaded shared library C:\Program Files\OpenLogic\jdk-17.0.10.7-hotspot\bin\jsvml.dll
Event: 0.154 Loaded shared library C:\Program Files\OpenLogic\jdk-17.0.10.7-hotspot\bin\zip.dll
Event: 0.160 Loaded shared library C:\Program Files\OpenLogic\jdk-17.0.10.7-hotspot\bin\instrument.dll
Event: 0.172 Loaded shared library C:\Program Files\OpenLogic\jdk-17.0.10.7-hotspot\bin\net.dll
Event: 0.179 Loaded shared library C:\Program Files\OpenLogic\jdk-17.0.10.7-hotspot\bin\nio.dll
Event: 0.186 Loaded shared library C:\Program Files\OpenLogic\jdk-17.0.10.7-hotspot\bin\zip.dll
Event: 0.582 Loaded shared library C:\Program Files\OpenLogic\jdk-17.0.10.7-hotspot\bin\jimage.dll
Event: 0.773 Loaded shared library C:\Program Files\OpenLogic\jdk-17.0.10.7-hotspot\bin\verify.dll
Event: 1.099 Loaded shared library C:\Users\MAHE\.gradle\native\68d5fa5c4cc2d200863cafc0d521ce42e7d3e7ee720ec0a83991735586a16f82\windows-amd64\native-platform.dll
Event: 1.186 Loaded shared library C:\Users\MAHE\.gradle\native\e376f236ea51e6404a007f0833ffe2c6e607c4080706a723a18a27aeea778392\windows-amd64\native-platform-file-events.dll
Event: 3.538 Loaded shared library C:\Program Files\OpenLogic\jdk-17.0.10.7-hotspot\bin\management.dll
Event: 3.552 Loaded shared library C:\Program Files\OpenLogic\jdk-17.0.10.7-hotspot\bin\management_ext.dll
Event: 4.000 Loaded shared library C:\Program Files\OpenLogic\jdk-17.0.10.7-hotspot\bin\extnet.dll
Event: 4.452 Loaded shared library C:\Program Files\OpenLogic\jdk-17.0.10.7-hotspot\bin\sunmscapi.dll

Deoptimization events (20 events):
Event: 76.171 Thread 0x000001653d20c570 DEOPT PACKING pc=0x00000165110fd628 sp=0x0000004e72df9c30
Event: 76.171 Thread 0x000001653d20c570 DEOPT UNPACKING pc=0x00000165103669a3 sp=0x0000004e72df9bc8 mode 2
Event: 76.179 Thread 0x000001653d20c570 Uncommon trap: trap_request=0xffffffd6 fr.pc=0x00000165110fd700 relative=0x00000000000008c0
Event: 76.179 Thread 0x000001653d20c570 Uncommon trap: reason=array_check action=maybe_recompile pc=0x00000165110fd700 method=java.util.TimSort.binarySort([Ljava/lang/Object;IIILjava/util/Comparator;)V @ 183 c2
Event: 76.179 Thread 0x000001653d20c570 DEOPT PACKING pc=0x00000165110fd700 sp=0x0000004e72df8b00
Event: 76.179 Thread 0x000001653d20c570 DEOPT UNPACKING pc=0x00000165103669a3 sp=0x0000004e72df8a98 mode 2
Event: 76.194 Thread 0x000001653f8dcc20 Uncommon trap: trap_request=0xffffff45 fr.pc=0x0000016510e7f33c relative=0x00000000000033fc
Event: 76.194 Thread 0x000001653f8dcc20 Uncommon trap: reason=unstable_if action=reinterpret pc=0x0000016510e7f33c method=java.lang.ThreadLocal.get()Ljava/lang/Object; @ 11 c2
Event: 76.194 Thread 0x000001653f8dcc20 DEOPT PACKING pc=0x0000016510e7f33c sp=0x0000004e750feb00
Event: 76.194 Thread 0x000001653f8dcc20 DEOPT UNPACKING pc=0x00000165103669a3 sp=0x0000004e750fe980 mode 2
Event: 76.194 Thread 0x000001653f8dcc20 Uncommon trap: trap_request=0xffffff45 fr.pc=0x0000016510d95e34 relative=0x00000000000007d4
Event: 76.194 Thread 0x000001653f8dcc20 Uncommon trap: reason=unstable_if action=reinterpret pc=0x0000016510d95e34 method=java.lang.ThreadLocal.setInitialValue()Ljava/lang/Object; @ 16 c2
Event: 76.194 Thread 0x000001653f8dcc20 DEOPT PACKING pc=0x0000016510d95e34 sp=0x0000004e750fe910
Event: 76.194 Thread 0x000001653f8dcc20 DEOPT UNPACKING pc=0x00000165103669a3 sp=0x0000004e750fe8f8 mode 2
Event: 76.304 Thread 0x000001653d20c570 Uncommon trap: trap_request=0xffffff45 fr.pc=0x0000016510b64348 relative=0x0000000000001148
Event: 76.304 Thread 0x000001653d20c570 Uncommon trap: reason=unstable_if action=reinterpret pc=0x0000016510b64348 method=sun.reflect.annotation.AnnotationParser.parseArray(Ljava/lang/Class;Ljava/nio/ByteBuffer;Ljdk/internal/reflect/ConstantPool;Ljava/lang/Class;)Ljava/lang/Object; @ 180 c2
Event: 76.304 Thread 0x000001653d20c570 DEOPT PACKING pc=0x0000016510b64348 sp=0x0000004e72df7e00
Event: 76.304 Thread 0x000001653d20c570 DEOPT UNPACKING pc=0x00000165103669a3 sp=0x0000004e72df7d58 mode 2
Event: 76.643 Thread 0x000001653d20c570 DEOPT PACKING pc=0x000001650a388efb sp=0x0000004e72df8560
Event: 76.643 Thread 0x000001653d20c570 DEOPT UNPACKING pc=0x0000016510367143 sp=0x0000004e72df7a80 mode 0

Classes unloaded (0 events):
No events

Classes redefined (0 events):
No events

Internal exceptions (20 events):
Event: 74.727 Thread 0x000001653d20c570 Exception <a 'java/lang/ClassNotFoundException'{0x000000008d0eb010}: build_68spw76uhqsjqp5zcay3gy6gl$_run_closure1BeanInfo> (0x000000008d0eb010) 
thrown [s\src\hotspot\share\classfile\systemDictionary.cpp, line 256]
Event: 74.727 Thread 0x000001653d20c570 Exception <a 'java/lang/ClassNotFoundException'{0x000000008d0f36c0}: build_68spw76uhqsjqp5zcay3gy6gl$_run_closure1Customizer> (0x000000008d0f36c0) 
thrown [s\src\hotspot\share\classfile\systemDictionary.cpp, line 256]
Event: 74.742 Thread 0x000001653d20c570 Exception <a 'java/lang/ClassNotFoundException'{0x000000008cf9e738}: build_68spw76uhqsjqp5zcay3gy6gl$_run_closure1$_closure9BeanInfo> (0x000000008cf9e738) 
thrown [s\src\hotspot\share\classfile\systemDictionary.cpp, line 256]
Event: 74.742 Thread 0x000001653d20c570 Exception <a 'java/lang/ClassNotFoundException'{0x000000008cfaa198}: build_68spw76uhqsjqp5zcay3gy6gl$_run_closure1$_closure9Customizer> (0x000000008cfaa198) 
thrown [s\src\hotspot\share\classfile\systemDictionary.cpp, line 256]
Event: 74.752 Thread 0x000001653d20c570 Exception <a 'java/lang/ClassNotFoundException'{0x000000008ce2d890}: org/gradle/api/internal/artifacts/dsl/dependencies/DefaultDependencyConstraintHandler_DecoratedBeanInfo> (0x000000008ce2d890) 
thrown [s\src\hotspot\share\classfile\systemDictionary.cpp, line 256]
Event: 74.752 Thread 0x000001653d20c570 Exception <a 'java/lang/ClassNotFoundException'{0x000000008ce49680}: org/gradle/api/internal/artifacts/dsl/dependencies/DefaultDependencyConstraintHandlerBeanInfo> (0x000000008ce49680) 
thrown [s\src\hotspot\share\classfile\systemDictionary.cpp, line 256]
Event: 74.753 Thread 0x000001653d20c570 Exception <a 'java/lang/ClassNotFoundException'{0x000000008ce65638}: org/gradle/api/internal/artifacts/dsl/dependencies/DefaultDependencyConstraintHandlerCustomizer> (0x000000008ce65638) 
thrown [s\src\hotspot\share\classfile\systemDictionary.cpp, line 256]
Event: 74.754 Thread 0x000001653d20c570 Exception <a 'java/lang/ClassNotFoundException'{0x000000008ce8ac20}: org/gradle/api/internal/artifacts/dsl/dependencies/DefaultDependencyConstraintHandler_DecoratedCustomizer> (0x000000008ce8ac20) 
thrown [s\src\hotspot\share\classfile\systemDictionary.cpp, line 256]
Event: 74.756 Thread 0x000001653d20c570 Exception <a 'java/lang/ClassNotFoundException'{0x000000008ceec078}: org/gradle/api/internal/artifacts/dependencies/DefaultDependencyConstraint_DecoratedBeanInfo> (0x000000008ceec078) 
thrown [s\src\hotspot\share\classfile\systemDictionary.cpp, line 256]
Event: 74.757 Thread 0x000001653d20c570 Exception <a 'java/lang/ClassNotFoundException'{0x000000008cd0a2d8}: org/gradle/api/internal/artifacts/dependencies/DefaultDependencyConstraintBeanInfo> (0x000000008cd0a2d8) 
thrown [s\src\hotspot\share\classfile\systemDictionary.cpp, line 256]
Event: 74.758 Thread 0x000001653d20c570 Exception <a 'java/lang/ClassNotFoundException'{0x000000008cd28058}: org/gradle/api/internal/artifacts/dependencies/DefaultDependencyConstraintCustomizer> (0x000000008cd28058) 
thrown [s\src\hotspot\share\classfile\systemDictionary.cpp, line 256]
Event: 74.758 Thread 0x000001653d20c570 Exception <a 'java/lang/ClassNotFoundException'{0x000000008cd579a0}: org/gradle/api/internal/artifacts/dependencies/DefaultDependencyConstraint_DecoratedCustomizer> (0x000000008cd579a0) 
thrown [s\src\hotspot\share\classfile\systemDictionary.cpp, line 256]
Event: 74.900 Thread 0x000001653d20c570 Exception <a 'java/lang/ClassNotFoundException'{0x000000008ebeb0c0}: build_37merpgu5rvqw23g5rkgacwdnBeanInfo> (0x000000008ebeb0c0) 
thrown [s\src\hotspot\share\classfile\systemDictionary.cpp, line 256]
Event: 74.900 Thread 0x000001653d20c570 Exception <a 'java/lang/ClassNotFoundException'{0x000000008ebf1b00}: build_37merpgu5rvqw23g5rkgacwdnCustomizer> (0x000000008ebf1b00) 
thrown [s\src\hotspot\share\classfile\systemDictionary.cpp, line 256]
Event: 75.274 Thread 0x000001653d20c570 Exception <a 'java/lang/ClassNotFoundException'{0x000000008e3b3178}: build_37merpgu5rvqw23g5rkgacwdnBeanInfo> (0x000000008e3b3178) 
thrown [s\src\hotspot\share\classfile\systemDictionary.cpp, line 256]
Event: 75.274 Thread 0x000001653d20c570 Exception <a 'java/lang/ClassNotFoundException'{0x000000008e3b9b58}: build_37merpgu5rvqw23g5rkgacwdnCustomizer> (0x000000008e3b9b58) 
thrown [s\src\hotspot\share\classfile\systemDictionary.cpp, line 256]
Event: 75.831 Thread 0x000001653d20c570 Exception <a 'java/lang/ClassNotFoundException'{0x000000008de3a2e8}: build_37merpgu5rvqw23g5rkgacwdn$_run_closure1BeanInfo> (0x000000008de3a2e8) 
thrown [s\src\hotspot\share\classfile\systemDictionary.cpp, line 256]
Event: 75.831 Thread 0x000001653d20c570 Exception <a 'java/lang/ClassNotFoundException'{0x000000008de457c8}: build_37merpgu5rvqw23g5rkgacwdn$_run_closure1Customizer> (0x000000008de457c8) 
thrown [s\src\hotspot\share\classfile\systemDictionary.cpp, line 256]
Event: 76.194 Thread 0x000001653f8dcc20 Implicit null exception at 0x0000016510e7cb89 to 0x0000016510e7f314
Event: 76.194 Thread 0x000001653f8dcc20 Implicit null exception at 0x0000016510d956be to 0x0000016510d95e18

VM Operations (20 events):
Event: 69.852 Executing VM operation: G1CollectForAllocation
Event: 69.861 Executing VM operation: G1CollectForAllocation done
Event: 70.876 Executing VM operation: Cleanup
Event: 70.876 Executing VM operation: Cleanup done
Event: 71.114 Executing VM operation: G1CollectForAllocation
Event: 71.129 Executing VM operation: G1CollectForAllocation done
Event: 71.725 Executing VM operation: G1CollectForAllocation
Event: 71.738 Executing VM operation: G1CollectForAllocation done
Event: 72.739 Executing VM operation: G1CollectForAllocation
Event: 72.752 Executing VM operation: G1CollectForAllocation done
Event: 73.762 Executing VM operation: Cleanup
Event: 73.764 Executing VM operation: Cleanup done
Event: 74.775 Executing VM operation: Cleanup
Event: 74.776 Executing VM operation: Cleanup done
Event: 74.825 Executing VM operation: G1CollectForAllocation
Event: 74.839 Executing VM operation: G1CollectForAllocation done
Event: 75.853 Executing VM operation: Cleanup
Event: 75.853 Executing VM operation: Cleanup done
Event: 76.035 Executing VM operation: G1CollectForAllocation
Event: 76.046 Executing VM operation: G1CollectForAllocation done

Events (20 events):
Event: 74.784 Thread 0x000001653fdc7680 Thread added: 0x000001653fdc7680
Event: 74.994 Thread 0x000001653fdc7680 Thread exited: 0x000001653fdc7680
Event: 75.137 Thread 0x000001653b488170 Thread added: 0x000001653b488170
Event: 75.138 Thread 0x000001653b483fa0 Thread added: 0x000001653b483fa0
Event: 75.138 Thread 0x000001653b487240 Thread added: 0x000001653b487240
Event: 76.049 Thread 0x000001653fdc2c20 Thread added: 0x000001653fdc2c20
Event: 76.302 loading class javax/xml/namespace/QName
Event: 76.303 loading class javax/xml/namespace/QName done
Event: 76.621 loading class javax/xml/transform/Source
Event: 76.623 loading class javax/xml/transform/Source done
Event: 76.623 loading class org/w3c/dom/ls/LSResourceResolver
Event: 76.623 loading class org/w3c/dom/ls/LSResourceResolver done
Event: 76.623 loading class org/xml/sax/XMLFilter
Event: 76.623 loading class org/xml/sax/XMLReader
Event: 76.623 loading class org/xml/sax/XMLReader done
Event: 76.623 loading class org/xml/sax/XMLFilter done
Event: 76.627 loading class java/util/logging/ConsoleHandler
Event: 76.627 loading class java/util/logging/StreamHandler
Event: 76.628 loading class java/util/logging/StreamHandler done
Event: 76.628 loading class java/util/logging/ConsoleHandler done


Dynamic libraries:
0x00007ff78e590000 - 0x00007ff78e59e000 	C:\Program Files\OpenLogic\jdk-17.0.10.7-hotspot\bin\java.exe
0x00007ff861f50000 - 0x00007ff862166000 	C:\Windows\SYSTEM32\ntdll.dll
0x00007ff861460000 - 0x00007ff861524000 	C:\Windows\System32\KERNEL32.DLL
0x00007ff85f390000 - 0x00007ff85f737000 	C:\Windows\System32\KERNELBASE.dll
0x00007ff85eec0000 - 0x00007ff85efe0000 	C:\Windows\system32\hmpalert.dll
0x00007ff85f740000 - 0x00007ff85f851000 	C:\Windows\System32\ucrtbase.dll
0x00007ff835eb0000 - 0x00007ff835ecb000 	C:\Program Files\OpenLogic\jdk-17.0.10.7-hotspot\bin\VCRUNTIME140.dll
0x00007ff835fd0000 - 0x00007ff835fe7000 	C:\Program Files\OpenLogic\jdk-17.0.10.7-hotspot\bin\jli.dll
0x00007ff860c20000 - 0x00007ff860dce000 	C:\Windows\System32\USER32.dll
0x00007ff85f8d0000 - 0x00007ff85f8f6000 	C:\Windows\System32\win32u.dll
0x00007ff861b20000 - 0x00007ff861b49000 	C:\Windows\System32\GDI32.dll
0x00007ff85f270000 - 0x00007ff85f389000 	C:\Windows\System32\gdi32full.dll
0x00007ff85f900000 - 0x00007ff85f99a000 	C:\Windows\System32\msvcp_win.dll
0x00007ff85e320000 - 0x00007ff85e5b3000 	C:\Windows\WinSxS\amd64_microsoft.windows.common-controls_6595b64144ccf1df_6.0.22621.3235_none_270f74e173860f98\COMCTL32.dll
0x00007ff861a60000 - 0x00007ff861b07000 	C:\Windows\System32\msvcrt.dll
0x00007ff861d10000 - 0x00007ff861d41000 	C:\Windows\System32\IMM32.DLL
0x00007ff837580000 - 0x00007ff83758c000 	C:\Program Files\OpenLogic\jdk-17.0.10.7-hotspot\bin\vcruntime140_1.dll
0x00007ff8302e0000 - 0x00007ff83036d000 	C:\Program Files\OpenLogic\jdk-17.0.10.7-hotspot\bin\msvcp140.dll
0x00007fffecd70000 - 0x00007fffed9d2000 	C:\Program Files\OpenLogic\jdk-17.0.10.7-hotspot\bin\server\jvm.dll
0x00007ff8611c0000 - 0x00007ff861272000 	C:\Windows\System32\ADVAPI32.dll
0x00007ff861db0000 - 0x00007ff861e58000 	C:\Windows\System32\sechost.dll
0x00007ff85fb10000 - 0x00007ff85fb38000 	C:\Windows\System32\bcrypt.dll
0x00007ff860f90000 - 0x00007ff8610a5000 	C:\Windows\System32\RPCRT4.dll
0x00007ff85ee70000 - 0x00007ff85eebd000 	C:\Windows\SYSTEM32\POWRPROF.dll
0x00007ff858d10000 - 0x00007ff858d1a000 	C:\Windows\SYSTEM32\VERSION.dll
0x00007ff84f220000 - 0x00007ff84f254000 	C:\Windows\SYSTEM32\WINMM.dll
0x00007ff836810000 - 0x00007ff836819000 	C:\Windows\SYSTEM32\WSOCK32.dll
0x00007ff861280000 - 0x00007ff8612f1000 	C:\Windows\System32\WS2_32.dll
0x00007ff85ee50000 - 0x00007ff85ee63000 	C:\Windows\SYSTEM32\UMPDC.dll
0x00007ff85dac0000 - 0x00007ff85dad8000 	C:\Windows\SYSTEM32\kernel.appcore.dll
0x00007ff836130000 - 0x00007ff83613a000 	C:\Program Files\OpenLogic\jdk-17.0.10.7-hotspot\bin\jimage.dll
0x00007ff85e900000 - 0x00007ff85eb33000 	C:\Windows\SYSTEM32\DBGHELP.DLL
0x00007ff861560000 - 0x00007ff8618e8000 	C:\Windows\System32\combase.dll
0x00007ff860eb0000 - 0x00007ff860f87000 	C:\Windows\System32\OLEAUT32.dll
0x00007ff85e8c0000 - 0x00007ff85e8f2000 	C:\Windows\SYSTEM32\dbgcore.DLL
0x00007ff85fb40000 - 0x00007ff85fbb9000 	C:\Windows\System32\bcryptPrimitives.dll
0x00007ff832540000 - 0x00007ff83254e000 	C:\Program Files\OpenLogic\jdk-17.0.10.7-hotspot\bin\instrument.dll
0x00007ff835e80000 - 0x00007ff835ea5000 	C:\Program Files\OpenLogic\jdk-17.0.10.7-hotspot\bin\java.dll
0x00007ff801e70000 - 0x00007ff801f46000 	C:\Program Files\OpenLogic\jdk-17.0.10.7-hotspot\bin\jsvml.dll
0x00007ff85fe50000 - 0x00007ff8606ac000 	C:\Windows\System32\SHELL32.dll
0x00007ff85c9f0000 - 0x00007ff85d2e9000 	C:\Windows\SYSTEM32\windows.storage.dll
0x00007ff85c8b0000 - 0x00007ff85c9ee000 	C:\Windows\SYSTEM32\wintypes.dll
0x00007ff8618f0000 - 0x00007ff8619e3000 	C:\Windows\System32\SHCORE.dll
0x00007ff8606b0000 - 0x00007ff86070e000 	C:\Windows\System32\shlwapi.dll
0x00007ff85f1a0000 - 0x00007ff85f1c1000 	C:\Windows\SYSTEM32\profapi.dll
0x00007ff832c00000 - 0x00007ff832c18000 	C:\Program Files\OpenLogic\jdk-17.0.10.7-hotspot\bin\zip.dll
0x00007ff832cd0000 - 0x00007ff832ce9000 	C:\Program Files\OpenLogic\jdk-17.0.10.7-hotspot\bin\net.dll
0x00007ff8594d0000 - 0x00007ff859606000 	C:\Windows\SYSTEM32\WINHTTP.dll
0x00007ff85def0000 - 0x00007ff85df59000 	C:\Windows\system32\mswsock.dll
0x00007ff832c20000 - 0x00007ff832c36000 	C:\Program Files\OpenLogic\jdk-17.0.10.7-hotspot\bin\nio.dll
0x00007ff835fc0000 - 0x00007ff835fd0000 	C:\Program Files\OpenLogic\jdk-17.0.10.7-hotspot\bin\verify.dll
0x00007ff835e10000 - 0x00007ff835e37000 	C:\Users\MAHE\.gradle\native\68d5fa5c4cc2d200863cafc0d521ce42e7d3e7ee720ec0a83991735586a16f82\windows-amd64\native-platform.dll
0x00007ff800a20000 - 0x00007ff800b64000 	C:\Users\MAHE\.gradle\native\e376f236ea51e6404a007f0833ffe2c6e607c4080706a723a18a27aeea778392\windows-amd64\native-platform-file-events.dll
0x00007ff832cc0000 - 0x00007ff832cc9000 	C:\Program Files\OpenLogic\jdk-17.0.10.7-hotspot\bin\management.dll
0x00007ff832bf0000 - 0x00007ff832bfb000 	C:\Program Files\OpenLogic\jdk-17.0.10.7-hotspot\bin\management_ext.dll
0x00007ff861530000 - 0x00007ff861538000 	C:\Windows\System32\PSAPI.DLL
0x00007ff85ed60000 - 0x00007ff85ed7b000 	C:\Windows\SYSTEM32\CRYPTSP.dll
0x00007ff85da20000 - 0x00007ff85da55000 	C:\Windows\system32\rsaenh.dll
0x00007ff85dfe0000 - 0x00007ff85e008000 	C:\Windows\SYSTEM32\USERENV.dll
0x00007ff85e140000 - 0x00007ff85e14c000 	C:\Windows\SYSTEM32\CRYPTBASE.dll
0x00007ff85d550000 - 0x00007ff85d57d000 	C:\Windows\SYSTEM32\IPHLPAPI.DLL
0x00007ff8610b0000 - 0x00007ff8610b9000 	C:\Windows\System32\NSI.dll
0x00007ff8594b0000 - 0x00007ff8594c9000 	C:\Windows\SYSTEM32\dhcpcsvc6.DLL
0x00007ff859490000 - 0x00007ff8594af000 	C:\Windows\SYSTEM32\dhcpcsvc.DLL
0x00007ff85d580000 - 0x00007ff85d679000 	C:\Windows\SYSTEM32\DNSAPI.dll
0x00007ff832550000 - 0x00007ff832558000 	C:\Program Files\OpenLogic\jdk-17.0.10.7-hotspot\bin\extnet.dll
0x00007ff8324a0000 - 0x00007ff8324ae000 	C:\Program Files\OpenLogic\jdk-17.0.10.7-hotspot\bin\sunmscapi.dll
0x00007ff85f9a0000 - 0x00007ff85fb06000 	C:\Windows\System32\CRYPT32.dll
0x00007ff85e5c0000 - 0x00007ff85e5ee000 	C:\Windows\SYSTEM32\ncrypt.dll
0x00007ff85e2e0000 - 0x00007ff85e317000 	C:\Windows\SYSTEM32\NTASN1.dll
0x00007ff832470000 - 0x00007ff832478000 	C:\Windows\system32\wshunix.dll
0x00007ff854920000 - 0x00007ff85492a000 	C:\Windows\System32\rasadhlp.dll
0x00007ff858500000 - 0x00007ff858583000 	C:\Windows\System32\fwpuclnt.dll
0x00007ff847ea0000 - 0x00007ff847eb7000 	C:\Windows\system32\napinsp.dll
0x00007ff847e80000 - 0x00007ff847e9b000 	C:\Windows\system32\pnrpnsp.dll
0x00007ff847e60000 - 0x00007ff847e71000 	C:\Windows\System32\winrnr.dll
0x00007ff847e40000 - 0x00007ff847e55000 	C:\Windows\system32\wshbth.dll
0x00007ff847e10000 - 0x00007ff847e31000 	C:\Windows\system32\nlansp_c.dll

dbghelp: loaded successfully - version: 4.0.5 - missing functions: none
symbol engine: initialized successfully - sym options: 0x614 - pdb path: .;C:\Program Files\OpenLogic\jdk-17.0.10.7-hotspot\bin;C:\Windows\SYSTEM32;C:\Windows\WinSxS\amd64_microsoft.windows.common-controls_6595b64144ccf1df_6.0.22621.3235_none_270f74e173860f98;C:\Program Files\OpenLogic\jdk-17.0.10.7-hotspot\bin\server;C:\Users\MAHE\.gradle\native\68d5fa5c4cc2d200863cafc0d521ce42e7d3e7ee720ec0a83991735586a16f82\windows-amd64;C:\Users\MAHE\.gradle\native\e376f236ea51e6404a007f0833ffe2c6e607c4080706a723a18a27aeea778392\windows-amd64

VM Arguments:
jvm_args: -XX:MaxMetaspaceSize=512m --add-opens=java.base/java.util=ALL-UNNAMED --add-opens=java.base/java.lang=ALL-UNNAMED --add-opens=java.base/java.lang.invoke=ALL-UNNAMED --add-opens=java.prefs/java.util.prefs=ALL-UNNAMED --add-opens=java.base/java.nio.charset=ALL-UNNAMED --add-opens=java.base/java.net=ALL-UNNAMED --add-opens=java.base/java.util.concurrent.atomic=ALL-UNNAMED -Xmx2048m -Dfile.encoding=windows-1252 -Duser.country=IN -Duser.language=en -Duser.variant -javaagent:C:\Users\MAHE\.gradle\wrapper\dists\gradle-8.3-all\6en3ugtfdg5xnpx44z4qbwgas\gradle-8.3\lib\agents\gradle-instrumentation-agent-8.3.jar 
java_command: org.gradle.launcher.daemon.bootstrap.GradleDaemon 8.3
java_class_path (initial): C:\Users\MAHE\.gradle\wrapper\dists\gradle-8.3-all\6en3ugtfdg5xnpx44z4qbwgas\gradle-8.3\lib\gradle-launcher-8.3.jar
Launcher Type: SUN_STANDARD

[Global flags]
     intx CICompilerCount                          = 3                                         {product} {ergonomic}
   size_t CompressedClassSpaceSize                 = 436207616                                 {product} {ergonomic}
     uint ConcGCThreads                            = 1                                         {product} {ergonomic}
     uint G1ConcRefinementThreads                  = 4                                         {product} {ergonomic}
   size_t G1HeapRegionSize                         = 1048576                                   {product} {ergonomic}
    uintx GCDrainStackTargetSize                   = 64                                        {product} {ergonomic}
   size_t InitialHeapSize                          = 268435456                                 {product} {ergonomic}
   size_t MarkStackSize                            = 4194304                                   {product} {ergonomic}
   size_t MaxHeapSize                              = 2147483648                                {product} {command line}
   size_t MaxMetaspaceSize                         = 536870912                                 {product} {command line}
   size_t MaxNewSize                               = 1287651328                                {product} {ergonomic}
   size_t MinHeapDeltaBytes                        = 1048576                                   {product} {ergonomic}
   size_t MinHeapSize                              = 8388608                                   {product} {ergonomic}
    uintx NonNMethodCodeHeapSize                   = 5832780                                {pd product} {ergonomic}
    uintx NonProfiledCodeHeapSize                  = 122912730                              {pd product} {ergonomic}
    uintx ProfiledCodeHeapSize                     = 122912730                              {pd product} {ergonomic}
    uintx ReservedCodeCacheSize                    = 251658240                              {pd product} {ergonomic}
     bool SegmentedCodeCache                       = true                                      {product} {ergonomic}
   size_t SoftMaxHeapSize                          = 2147483648                             {manageable} {ergonomic}
     bool UseCompressedClassPointers               = true                           {product lp64_product} {ergonomic}
     bool UseCompressedOops                        = true                           {product lp64_product} {ergonomic}
     bool UseG1GC                                  = true                                      {product} {ergonomic}
     bool UseLargePagesIndividualAllocation        = false                                  {pd product} {ergonomic}

Logging:
Log output configuration:
 #0: stdout all=warning uptime,level,tags
 #1: stderr all=off uptime,level,tags

Environment Variables:
JAVA_HOME=C:\Program Files\OpenLogic\jdk-17.0.10.7-hotspot\
CLASSPATH=C:\Users\MAHE\Documents\demo1_joyson1\android\\gradle\wrapper\gradle-wrapper.jar
PATH=C:\Users\MAHE\Documents\demo1_joyson1\node_modules\.bin;C:\Users\MAHE\Documents\demo1_joyson1\node_modules\.bin;C:\Users\MAHE\Documents\node_modules\.bin;C:\Users\MAHE\node_modules\.bin;C:\Users\node_modules\.bin;C:\node_modules\.bin;C:\Users\MAHE\AppData\Roaming\npm\node_modules\npm\node_modules\@npmcli\run-script\lib\node-gyp-bin;C:\Program Files\OpenLogic\jdk-17.0.10.7-hotspot\bin;C:\Python312\Scripts\;C:\Python312\;C:\Windows\system32;C:\Windows;C:\Windows\System32\Wbem;C:\Windows\System32\WindowsPowerShell\v1.0\;C:\Windows\System32\OpenSSH\;C:\Program Files\nodejs\;C:\ProgramData\chocolatey\bin;C:\Program Files\Git\cmd;C:\Program Files\Git\bin;C:\Program Files (x86)\Microsoft SQL Server\160\Tools\Binn\;C:\Program Files\Microsoft SQL Server\160\Tools\Binn\;C:\Program Files\Microsoft SQL Server\Client SDK\ODBC\170\Tools\Binn\;C:\Program Files\Microsoft SQL Server\160\DTS\Binn\;C:\Program Files (x86)\Microsoft SQL Server\160\DTS\Binn\;C:\Program Files\Azure Data Studio\bin;C:\Users\MAHE\AppData\Local\Microsoft\WindowsApps;C:\Users\MAHE\AppData\Local\Programs\Microsoft VS Code\bin;C:\Users\MAHE\AppData\Roaming\npm;C:\Users\MAHE\AppData\Local\Android\Sdk;C:\Users\MAHE\AppData\Local\Android\Sdk\platform-tools;C:\Users\MAHE\AppData\Local\Android\Sdk\emulator;C:\Program Files\Git\bin;;C:\Program Files\Azure Data Studio\bin
USERNAME=MAHE
LANG=en_US.UTF-8
OS=Windows_NT
PROCESSOR_IDENTIFIER=Intel64 Family 6 Model 60 Stepping 3, GenuineIntel
TMP=C:\Users\MAHE\AppData\Local\Temp
TEMP=C:\Users\MAHE\AppData\Local\Temp



Periodic native trim disabled


---------------  S Y S T E M  ---------------

OS:
 Windows 11 , 64 bit Build 22621 (10.0.22621.3374)
OS uptime: 0 days 0:53 hours

CPU: total 4 (initial active 4) (4 cores per cpu, 1 threads per core) family 6 model 60 stepping 3 microcode 0x28, cx8, cmov, fxsr, mmx, sse, sse2, sse3, ssse3, sse4.1, sse4.2, popcnt, lzcnt, tsc, tscinvbit, avx, avx2, aes, erms, clmul, bmi1, bmi2, fma, vzeroupper, clflush
Processor Information for all 4 processors :
  Max Mhz: 3001, Current Mhz: 3001, Mhz Limit: 3001

Memory: 4k page, system-wide physical 16309M (8810M free)
TotalPageFile size 32693M (AvailPageFile size 23426M)
current process WorkingSet (physical memory assigned to process): 543M, peak: 543M
current process commit charge ("private bytes"): 586M, peak: 588M

vm_info: OpenJDK 64-Bit Server VM (17.0.10+7-adhoc..jdk17u) for windows-amd64 JRE (17.0.10+7-adhoc..jdk17u), built on Jan 24 2024 08:51:31 by "" with MS VC++ 16.10 / 16.11 (VS2019)

END.
