#
# A fatal error has been detected by the Java Runtime Environment:
#
#  EXCEPTION_ACCESS_VIOLATION (0xc0000005) at pc=0x000002249f08a556, pid=2836, tid=13976
#
# JRE version: OpenJDK Runtime Environment OpenLogic-OpenJDK (17.0.10+7) (build 17.0.10+7-adhoc..jdk17u)
# Java VM: OpenJDK 64-Bit Server VM OpenLogic-OpenJDK (17.0.10+7-adhoc..jdk17u, mixed mode, sharing, tiered, compressed oops, compressed class ptrs, g1 gc, windows-amd64)
# Problematic frame:
# j  org.gradle.model.internal.asm.AsmClassGeneratorUtils.signature(Ljava/lang/reflect/Constructor;Z)Ljava/lang/String;+46
#
# No core dump will be written. Minidumps are not enabled by default on client versions of Windows
#
# If you would like to submit a bug report, please visit:
#   https://techsupport.roguewave.com/
#

---------------  S U M M A R Y ------------

Command Line: -XX:MaxMetaspaceSize=512m --add-opens=java.base/java.util=ALL-UNNAMED --add-opens=java.base/java.lang=ALL-UNNAMED --add-opens=java.base/java.lang.invoke=ALL-UNNAMED --add-opens=java.prefs/java.util.prefs=ALL-UNNAMED --add-opens=java.base/java.nio.charset=ALL-UNNAMED --add-opens=java.base/java.net=ALL-UNNAMED --add-opens=java.base/java.util.concurrent.atomic=ALL-UNNAMED -Xmx2048m -Dfile.encoding=windows-1252 -Duser.country=IN -Duser.language=en -Duser.variant -javaagent:C:\Users\MAHE\.gradle\wrapper\dists\gradle-8.3-all\6en3ugtfdg5xnpx44z4qbwgas\gradle-8.3\lib\agents\gradle-instrumentation-agent-8.3.jar org.gradle.launcher.daemon.bootstrap.GradleDaemon 8.3

Host: Intel(R) Core(TM) i5-4590S CPU @ 3.00GHz, 4 cores, 15G,  Windows 11 , 64 bit Build 22621 (10.0.22621.3672)
Time: Fri Jun 21 10:30:03 2024 India Standard Time elapsed time: 35.019469 seconds (0d 0h 0m 35s)

---------------  T H R E A D  ---------------

Current thread (0x00000224cdc86680):  JavaThread "Daemon worker" [_thread_in_Java, id=13976, stack(0x0000004a59400000,0x0000004a59500000)]

Stack: [0x0000004a59400000,0x0000004a59500000],  sp=0x0000004a594f40e8,  free space=976k
Native frames: (J=compiled Java code, j=interpreted, Vv=VM code, C=native code)
C  0x000002249f08a556

The last pc belongs to invokestatic (printed below).

siginfo: EXCEPTION_ACCESS_VIOLATION (0xc0000005), reading address 0xffffffffffffffff


Registers:
RAX=0x00000000846ce700, RBX=0x002b00020001001c, RCX=0x00000224c9a0dc40, RDX=0x0000000000000028
RSP=0x0000004a594f40e8, RBP=0x0000004a594f4140, RSI=0x00000224ae051910, RDI=0x00000224ae001c78
R8 =0x0000000000000050, R9 =0x0000000000000003, R10=0x00007ffb737ca190, R11=0x0000004a594f3db0
R12=0x0000000000000000, R13=0x00000224c9a0d116, R14=0x0000004a594f4160, R15=0x00000224cdc86680
RIP=0x000002249f08a556, EFLAGS=0x0000000000010246


Register to memory mapping:

RIP=0x000002249f08a556 is at code_begin+278 in an Interpreter codelet
invokestatic  184 invokestatic  [0x000002249f08a440, 0x000002249f08a700]  704 bytes
RAX=0x00000000846ce700 is an oop: [Ljava.lang.Class; 
{0x00000000846ce700} - klass: 'java/lang/Class'[]
 - length: 0
RBX=0x002b00020001001c is an unknown value
RCX=0x00000224c9a0dc40 is pointing into metadata
RDX=0x0000000000000028 is an unknown value
RSP=0x0000004a594f40e8 is pointing into the stack for thread: 0x00000224cdc86680
RBP=0x0000004a594f4140 is pointing into the stack for thread: 0x00000224cdc86680
RSI=0x00000224ae051910 is a pointer to class: 
java.lang.reflect.Constructor {0x00000224ae051918}
 - instance size:     9
 - klass size:        138
 - access:            public final synchronized 
 - state:             fully_initialized
 - name:              'java/lang/reflect/Constructor'
 - super:             'java/lang/reflect/Executable'
 - sub:               
 - arrays:            'java/lang/reflect/Constructor'[]
 - methods:           Array<T>(0x00000224ae625fd8)
 - method ordering:   Array<T>(0x00000224ae626148)
 - default_methods:   Array<T>(0x0000000000000000)
 - local interfaces:  Array<T>(0x00000224ae5cdb80)
 - trans. interfaces: Array<T>(0x00000224ae6233c0)
 - constants:         constant pool [429] {0x00000224ae625218} for 'java/lang/reflect/Constructor' cache=0x00000224ae054988
 - class loader data:  loader data: 0x00000224adb0fe90 of 'bootstrap'
 - source file:       'Constructor.java'
 - class annotations:       Array<T>(0x0000000000000000)
 - class type annotations:  Array<T>(0x0000000000000000)
 - field annotations:       Array<T>(0x0000000000000000)
 - field type annotations:  Array<T>(0x0000000000000000)
 - generic signature: '<T:Ljava/lang/Object;>Ljava/lang/reflect/Executable;'
 - inner classes:     Array<T>(0x00000224ae625fc0)
 - nest members:     Array<T>(0x00000224ae5cdb10)
 - permitted subclasses:     Array<T>(0x00000224ae5cdb10)
 - java mirror:       a 'java/lang/Class'{0x000000008015dfd8} = 'java/lang/reflect/Constructor'
 - vtable length      56  (start addr: 0x00000224ae051ad8)
 - itable length      23 (start addr: 0x00000224ae051c98)
 - ---- static fields (0 words):
 - ---- non-static fields (15 words):
 - 'override' 'Z' @12 
 - volatile 'accessCheckCache' 'Ljava/lang/Object;' @16 
 - private volatile transient 'hasRealParameterData' 'Z' @13 
 - private volatile transient 'parameters' '[Ljava/lang/reflect/Parameter;' @20 
 - private volatile transient 'declaredAnnotations' 'Ljava/util/Map;' @24 
 - private 'slot' 'I' @28 
 - private 'modifiers' 'I' @32 
 - private 'clazz' 'Ljava/lang/Class;' @36 
 - private 'parameterTypes' '[Ljava/lang/Class;' @40 
 - private 'exceptionTypes' '[Ljava/lang/Class;' @44 
 - private transient 'signature' 'Ljava/lang/String;' @48 
 - private transient 'genericInfo' 'Lsun/reflect/generics/repository/ConstructorRepository;' @52 
 - private 'annotations' '[B' @56 
 - private 'parameterAnnotations' '[B' @60 
 - private volatile 'constructorAccessor' 'Ljdk/internal/reflect/ConstructorAccessor;' @64 
 - private 'root' 'Ljava/lang/reflect/Constructor;' @68 
 - non-static oop maps: 16-24 36-68 
RDI=0x00000224ae001c78 is a pointer to class: 
R8 =0x0000000000000050 is an unknown value
R9 =0x0000000000000003 is an unknown value
R10=0x00007ffb737ca190 jvm.dll
R11=0x0000004a594f3db0 is pointing into the stack for thread: 0x00000224cdc86680
R12=0x0 is NULL
R13=0x00000224c9a0d116 is pointing into metadata
R14=0x0000004a594f4160 is pointing into the stack for thread: 0x00000224cdc86680
R15=0x00000224cdc86680 is a thread


Top of Stack: (sp=0x0000004a594f40e8)
0x0000004a594f40e8:   00000000846ce700 00000000846ce4a8
0x0000004a594f40f8:   0000004a594f40f8 00000224c9a0d116
0x0000004a594f4108:   0000004a594f4160 00000224c9a0dc40
0x0000004a594f4118:   0000000000000000 000000008137ec30
0x0000004a594f4128:   00000224c9a0d160 0000000000000000
0x0000004a594f4138:   0000004a594f4158 0000004a594f41c8
0x0000004a594f4148:   000002249f079657 00000000846ce4a8
0x0000004a594f4158:   0000000000000000 00000000846cdf80
0x0000004a594f4168:   00000000846ce428 00000000800f1b08
0x0000004a594f4178:   00000000846b9240 0000004a594f4180
0x0000004a594f4188:   00000224c9980b02 0000004a594f4200
0x0000004a594f4198:   00000224c998b940 0000000000000000
0x0000004a594f41a8:   00000000811a1580 00000224c9980b88
0x0000004a594f41b8:   0000004a594f4158 0000004a594f41f0
0x0000004a594f41c8:   0000004a594f4250 000002249f079962
0x0000004a594f41d8:   00000000846ce428 00000000846ce428
0x0000004a594f41e8:   00000000846cdfe0 0000000000000000
0x0000004a594f41f8:   00000000846cdf80 00000000846b9240
0x0000004a594f4208:   0000004a594f4208 00000224c98a38aa
0x0000004a594f4218:   0000004a594f42f8 00000224c98b3738
0x0000004a594f4228:   0000000000000000 00000000811a9000
0x0000004a594f4238:   00000224c98a3b38 0000004a594f41f0
0x0000004a594f4248:   0000004a594f42f0 0000004a594f4348
0x0000004a594f4258:   000002249f079657 00000000846cdf80
0x0000004a594f4268:   0000000000000000 0000000000000001
0x0000004a594f4278:   00000000846cdf68 0000000000000000
0x0000004a594f4288:   00000000846b9240 00000000846a2fc0
0x0000004a594f4298:   00000000846a2f68 00000000846a2f30
0x0000004a594f42a8:   00000000846a2ed8 00000000846a2dc0
0x0000004a594f42b8:   00000000846a2d88 00000000846a2d78
0x0000004a594f42c8:   00000000846a2cf0 00000000846a2cc8
0x0000004a594f42d8:   00000000846a2c98 00000000846a2c88 

Instructions: (pc=0x000002249f08a556)
0x000002249f08a456:   48 83 ec 10 48 89 04 24 48 c7 44 24 08 00 00 00
0x000002249f08a466:   00 eb 01 50 4c 89 6d c0 41 0f b7 55 01 48 8b 4d
0x000002249f08a476:   d0 c1 e2 02 8b 5c d1 20 c1 eb 10 81 e3 ff 00 00
0x000002249f08a486:   00 81 fb b8 00 00 00 0f 84 b6 00 00 00 bb b8 00
0x000002249f08a496:   00 00 e8 05 00 00 00 e9 9b 00 00 00 48 8b d3 48
0x000002249f08a4a6:   8d 44 24 08 4c 89 6d c0 49 8b cf c5 f8 77 49 89
0x000002249f08a4b6:   af a8 02 00 00 49 89 87 98 02 00 00 48 83 ec 20
0x000002249f08a4c6:   f7 c4 0f 00 00 00 0f 84 1a 00 00 00 48 83 ec 08
0x000002249f08a4d6:   49 ba 70 60 fa 72 fb 7f 00 00 41 ff d2 48 83 c4
0x000002249f08a4e6:   08 e9 0d 00 00 00 49 ba 70 60 fa 72 fb 7f 00 00
0x000002249f08a4f6:   41 ff d2 48 83 c4 20 49 c7 87 98 02 00 00 00 00
0x000002249f08a506:   00 00 49 c7 87 a8 02 00 00 00 00 00 00 49 c7 87
0x000002249f08a516:   a0 02 00 00 00 00 00 00 c5 f8 77 49 81 7f 08 00
0x000002249f08a526:   00 00 00 0f 84 05 00 00 00 e9 cc 69 fe ff 4c 8b
0x000002249f08a536:   6d c0 4c 8b 75 c8 c3 41 0f b7 55 01 48 8b 4d d0
0x000002249f08a546:   c1 e2 02 48 8b 5c d1 28 48 8b 5b 08 48 8b 5b 08
0x000002249f08a556:   48 8b 5b 18 80 bb 33 01 00 00 04 0f 84 0d 00 00
0x000002249f08a566:   00 4c 3b bb 38 01 00 00 0f 85 1f ff ff ff 48 8b
0x000002249f08a576:   5c d1 28 8b 54 d1 38 c1 ea 1c 49 ba a0 60 7c 73
0x000002249f08a586:   fb 7f 00 00 49 8b 14 d2 52 48 8b 45 d8 48 85 c0
0x000002249f08a596:   0f 84 12 00 00 00 48 83 40 08 01 48 83 58 08 00
0x000002249f08a5a6:   48 83 c0 10 48 89 45 d8 48 8b 45 d8 48 85 c0 0f
0x000002249f08a5b6:   84 35 01 00 00 80 78 f0 0a 0f 85 2b 01 00 00 48
0x000002249f08a5c6:   83 c0 08 4c 8b 68 f8 41 83 ed 00 41 83 fd 02 0f
0x000002249f08a5d6:   8c 0a 01 00 00 4c 8b 6b 08 45 0f b7 6d 2c 4c 2b
0x000002249f08a5e6:   28 41 83 ed 01 4e 8b 6c ec 08 4d 85 ed 75 07 48
0x000002249f08a5f6:   83 48 08 01 eb 53 45 8b 6d 08 49 ba 00 00 00 ae
0x000002249f08a606:   24 02 00 00 4d 03 ea 4c 33 68 08 49 f7 c5 fc ff
0x000002249f08a616:   ff ff 74 35 49 f7 c5 02 00 00 00 75 2c 48 81 78
0x000002249f08a626:   08 00 00 00 00 74 1e 48 81 78 08 01 00 00 00 74
0x000002249f08a636:   14 4c 33 68 08 49 f7 c5 fc ff ff ff 74 0b 48 83
0x000002249f08a646:   48 08 02 eb 04 4c 89 68 08 48 83 c0 10 4c 8b 68 


Stack slot to memory mapping:
stack at sp + 0 slots: 0x00000000846ce700 is an oop: [Ljava.lang.Class; 
{0x00000000846ce700} - klass: 'java/lang/Class'[]
 - length: 0
stack at sp + 1 slots: 0x00000000846ce4a8 is an oop: java.lang.StringBuilder 
{0x00000000846ce4a8} - klass: 'java/lang/StringBuilder'
 - ---- fields (total size 3 words):
 - 'count' 'I' @12  83 (53)
 - 'coder' 'B' @16  0
 - 'value' '[B' @20  [B{0x00000000846ce648} (846ce648)
stack at sp + 2 slots: 0x0000004a594f40f8 is pointing into the stack for thread: 0x00000224cdc86680
stack at sp + 3 slots: 0x00000224c9a0d116 is pointing into metadata
stack at sp + 4 slots: 0x0000004a594f4160 is pointing into the stack for thread: 0x00000224cdc86680
stack at sp + 5 slots: 0x00000224c9a0dc40 is pointing into metadata
stack at sp + 6 slots: 0x0 is NULL
stack at sp + 7 slots: 0x000000008137ec30 is an oop: java.lang.Class 
{0x000000008137ec30} - klass: 'java/lang/Class'
 - ---- fields (total size 14 words):
 - private volatile transient 'classRedefinedCount' 'I' @12  0
 - private volatile transient 'cachedConstructor' 'Ljava/lang/reflect/Constructor;' @40  NULL (0)
 - private transient 'name' 'Ljava/lang/String;' @44  "org.gradle.model.internal.asm.AsmClassGeneratorUtils"{0x000000008137eca0} (8137eca0)
 - private transient 'module' 'Ljava/lang/Module;' @48  a 'java/lang/Module'{0x00000000800ed528} (800ed528)
 - private final 'classLoader' 'Ljava/lang/ClassLoader;' @52  a 'org/gradle/internal/classloader/VisitableURLClassLoader'{0x00000000801ad398} (801ad398)
 - private transient 'classData' 'Ljava/lang/Object;' @56  NULL (0)
 - private transient 'packageName' 'Ljava/lang/String;' @60  "org.gradle.model.internal.asm"{0x00000000811a5a90} (811a5a90)
 - private final 'componentType' 'Ljava/lang/Class;' @64  NULL (0)
 - private volatile transient 'reflectionData' 'Ljava/lang/ref/SoftReference;' @68  NULL (0)
 - private volatile transient 'genericInfo' 'Lsun/reflect/generics/repository/ClassRepository;' @72  NULL (0)
 - private volatile transient 'enumConstants' '[Ljava/lang/Object;' @76  NULL (0)
 - private volatile transient 'enumConstantDirectory' 'Ljava/util/Map;' @80  NULL (0)
 - private volatile transient 'annotationData' 'Ljava/lang/Class$AnnotationData;' @84  NULL (0)
 - private volatile transient 'annotationType' 'Lsun/reflect/annotation/AnnotationType;' @88  NULL (0)
 - transient 'classValueMap' 'Ljava/lang/ClassValue$ClassValueMap;' @92  NULL (0)
 - signature: Lorg/gradle/model/internal/asm/AsmClassGeneratorUtils;
 - fake entry for mirror: 'org/gradle/model/internal/asm/AsmClassGeneratorUtils'
 - fake entry for array: NULL
 - fake entry for oop_size: 14
 - fake entry for static_oop_field_count: 0

invokestatic  184 invokestatic  [0x000002249f08a440, 0x000002249f08a700]  704 bytes
[MachCode]
  0x000002249f08a440: 4883 ec08 | c5fa 1104 | 24eb 1f48 | 83ec 10c5 | fb11 0424 | eb14 4883 | ec10 4889 | 0424 48c7 
  0x000002249f08a460: 4424 0800 | 0000 00eb | 0150 4c89 | 6dc0 410f | b755 0148 | 8b4d d0c1 | e202 8b5c | d120 c1eb 
  0x000002249f08a480: 1081 e3ff | 0000 0081 | fbb8 0000 | 000f 84b6 | 0000 00bb | b800 0000 | e805 0000 | 00e9 9b00 
  0x000002249f08a4a0: 0000 488b | d348 8d44 | 2408 4c89 | 6dc0 498b | cfc5 f877 | 4989 afa8 | 0200 0049 | 8987 9802 
  0x000002249f08a4c0: 0000 4883 | ec20 f7c4 | 0f00 0000 | 0f84 1a00 | 0000 4883 | ec08 49ba | 7060 fa72 | fb7f 0000 
  0x000002249f08a4e0: 41ff d248 | 83c4 08e9 | 0d00 0000 | 49ba 7060 | fa72 fb7f | 0000 41ff | d248 83c4 | 2049 c787 
  0x000002249f08a500: 9802 0000 | 0000 0000 | 49c7 87a8 | 0200 0000 | 0000 0049 | c787 a002 | 0000 0000 | 0000 c5f8 
  0x000002249f08a520: 7749 817f | 0800 0000 | 000f 8405 | 0000 00e9 | cc69 feff | 4c8b 6dc0 | 4c8b 75c8 | c341 0fb7 
  0x000002249f08a540: 5501 488b | 4dd0 c1e2 | 0248 8b5c | d128 488b | 5b08 488b | 5b08 488b | 5b18 80bb | 3301 0000 
  0x000002249f08a560: 040f 840d | 0000 004c | 3bbb 3801 | 0000 0f85 | 1fff ffff | 488b 5cd1 | 288b 54d1 | 38c1 ea1c 
  0x000002249f08a580: 49ba a060 | 7c73 fb7f | 0000 498b | 14d2 5248 | 8b45 d848 | 85c0 0f84 | 1200 0000 | 4883 4008 
  0x000002249f08a5a0: 0148 8358 | 0800 4883 | c010 4889 | 45d8 488b | 45d8 4885 | c00f 8435 | 0100 0080 | 78f0 0a0f 
  0x000002249f08a5c0: 852b 0100 | 0048 83c0 | 084c 8b68 | f841 83ed | 0041 83fd | 020f 8c0a | 0100 004c | 8b6b 0845 
  0x000002249f08a5e0: 0fb7 6d2c | 4c2b 2841 | 83ed 014e | 8b6c ec08 | 4d85 ed75 | 0748 8348 | 0801 eb53 | 458b 6d08 
  0x000002249f08a600: 49ba 0000 | 00ae 2402 | 0000 4d03 | ea4c 3368 | 0849 f7c5 | fcff ffff | 7435 49f7 | c502 0000 
  0x000002249f08a620: 0075 2c48 | 8178 0800 | 0000 0074 | 1e48 8178 | 0801 0000 | 0074 144c | 3368 0849 | f7c5 fcff 
  0x000002249f08a640: ffff 740b | 4883 4808 | 02eb 044c | 8968 0848 | 83c0 104c | 8b68 e841 | 83ed 0241 | 83fd 020f 
  0x000002249f08a660: 8c80 0000 | 004c 8b6b | 0845 0fb7 | 6d2c 4c2b | 2841 83ed | 014e 8b6c | ec08 4d85 | ed75 0748 
  0x000002249f08a680: 8348 0801 | eb53 458b | 6d08 49ba | 0000 00ae | 2402 0000 | 4d03 ea4c | 3368 0849 | f7c5 fcff 
  0x000002249f08a6a0: ffff 7435 | 49f7 c502 | 0000 0075 | 2c48 8178 | 0800 0000 | 0074 1e48 | 8178 0801 | 0000 0074 
  0x000002249f08a6c0: 144c 3368 | 0849 f7c5 | fcff ffff | 740b 4883 | 4808 02eb | 044c 8968 | 0848 83c0 | 104c 8b68 
  0x000002249f08a6e0: d841 83ed | 0441 c1e5 | 0349 03c5 | 4889 45d8 | 4c8d 6c24 | 084c 896d | f0ff 6350 | 0f1f 4000 
[/MachCode]

---------------  P R O C E S S  ---------------

Threads class SMR info:
_java_thread_list=0x00000224cdfdf930, length=46, elements={
0x000002248ecb8530, 0x00000224adc4c060, 0x00000224adc4d0f0, 0x00000224adc64a40,
0x00000224adc68490, 0x00000224adc68e50, 0x00000224adc69810, 0x00000224adc6c5c0,
0x00000224adc6e290, 0x00000224cd074320, 0x00000224adc35ee0, 0x00000224cd2443c0,
0x00000224cf0b5d20, 0x00000224ce701730, 0x00000224ceed7510, 0x00000224ce864020,
0x00000224ce8648d0, 0x00000224cdc84d30, 0x00000224cdc86680, 0x00000224cdc84820,
0x00000224cdc85240, 0x00000224cdc86b90, 0x00000224cdc85750, 0x00000224cdc870a0,
0x00000224cdc87ac0, 0x00000224cdc84310, 0x00000224cdc85c60, 0x00000224cdc86170,
0x00000224cff985e0, 0x00000224cff98af0, 0x00000224cff9f540, 0x00000224cff9b370,
0x00000224cff980d0, 0x00000224cff9ae60, 0x00000224cff9d1d0, 0x00000224cff9e610,
0x00000224cff9bd90, 0x00000224cff9c2a0, 0x00000224cff99f30, 0x00000224cff9dbf0,
0x00000224cff9c7b0, 0x00000224cd9ad930, 0x00000224cff9d6e0, 0x00000224cff9a950,
0x00000224cff99000, 0x00000224cff9f030
}

Java Threads: ( => current thread )
  0x000002248ecb8530 JavaThread "main" [_thread_blocked, id=1464, stack(0x0000004a57800000,0x0000004a57900000)]
  0x00000224adc4c060 JavaThread "Reference Handler" daemon [_thread_blocked, id=10316, stack(0x0000004a57f00000,0x0000004a58000000)]
  0x00000224adc4d0f0 JavaThread "Finalizer" daemon [_thread_blocked, id=13092, stack(0x0000004a58000000,0x0000004a58100000)]
  0x00000224adc64a40 JavaThread "Signal Dispatcher" daemon [_thread_blocked, id=12376, stack(0x0000004a58100000,0x0000004a58200000)]
  0x00000224adc68490 JavaThread "Attach Listener" daemon [_thread_blocked, id=12308, stack(0x0000004a58200000,0x0000004a58300000)]
  0x00000224adc68e50 JavaThread "Service Thread" daemon [_thread_blocked, id=8864, stack(0x0000004a58300000,0x0000004a58400000)]
  0x00000224adc69810 JavaThread "Monitor Deflation Thread" daemon [_thread_blocked, id=8712, stack(0x0000004a58400000,0x0000004a58500000)]
  0x00000224adc6c5c0 JavaThread "C2 CompilerThread0" daemon [_thread_blocked, id=6176, stack(0x0000004a58500000,0x0000004a58600000)]
  0x00000224adc6e290 JavaThread "C1 CompilerThread0" daemon [_thread_blocked, id=3868, stack(0x0000004a58600000,0x0000004a58700000)]
  0x00000224cd074320 JavaThread "Sweeper thread" daemon [_thread_blocked, id=1568, stack(0x0000004a58700000,0x0000004a58800000)]
  0x00000224adc35ee0 JavaThread "Common-Cleaner" daemon [_thread_blocked, id=3044, stack(0x0000004a58800000,0x0000004a58900000)]
  0x00000224cd2443c0 JavaThread "Notification Thread" daemon [_thread_blocked, id=14196, stack(0x0000004a58a00000,0x0000004a58b00000)]
  0x00000224cf0b5d20 JavaThread "Daemon health stats" [_thread_blocked, id=5752, stack(0x0000004a58f00000,0x0000004a59000000)]
  0x00000224ce701730 JavaThread "Incoming local TCP Connector on port 51303" [_thread_in_native, id=5840, stack(0x0000004a58900000,0x0000004a58a00000)]
  0x00000224ceed7510 JavaThread "Daemon periodic checks" [_thread_blocked, id=10880, stack(0x0000004a59000000,0x0000004a59100000)]
  0x00000224ce864020 JavaThread "Daemon" [_thread_blocked, id=12604, stack(0x0000004a59100000,0x0000004a59200000)]
  0x00000224ce8648d0 JavaThread "Handler for socket connection from /127.0.0.1:51303 to /127.0.0.1:51304" [_thread_in_native, id=7492, stack(0x0000004a59200000,0x0000004a59300000)]
  0x00000224cdc84d30 JavaThread "Cancel handler" [_thread_blocked, id=2092, stack(0x0000004a59300000,0x0000004a59400000)]
=>0x00000224cdc86680 JavaThread "Daemon worker" [_thread_in_Java, id=13976, stack(0x0000004a59400000,0x0000004a59500000)]
  0x00000224cdc84820 JavaThread "Asynchronous log dispatcher for DefaultDaemonConnection: socket connection from /127.0.0.1:51303 to /127.0.0.1:51304" [_thread_blocked, id=2256, stack(0x0000004a59500000,0x0000004a59600000)]
  0x00000224cdc85240 JavaThread "Stdin handler" [_thread_blocked, id=11016, stack(0x0000004a59600000,0x0000004a59700000)]
  0x00000224cdc86b90 JavaThread "Daemon client event forwarder" [_thread_blocked, id=12140, stack(0x0000004a59700000,0x0000004a59800000)]
  0x00000224cdc85750 JavaThread "Cache worker for journal cache (C:\Users\MAHE\.gradle\caches\journal-1)" [_thread_blocked, id=7688, stack(0x0000004a59800000,0x0000004a59900000)]
  0x00000224cdc870a0 JavaThread "File lock request listener" [_thread_in_native, id=13328, stack(0x0000004a59900000,0x0000004a59a00000)]
  0x00000224cdc87ac0 JavaThread "Cache worker for file hash cache (C:\Users\MAHE\.gradle\caches\8.3\fileHashes)" [_thread_blocked, id=11104, stack(0x0000004a59a00000,0x0000004a59b00000)]
  0x00000224cdc84310 JavaThread "File watcher server" daemon [_thread_in_native, id=10832, stack(0x0000004a59c00000,0x0000004a59d00000)]
  0x00000224cdc85c60 JavaThread "File watcher consumer" daemon [_thread_blocked, id=11140, stack(0x0000004a59d00000,0x0000004a59e00000)]
  0x00000224cdc86170 JavaThread "Cache worker for checksums cache (C:\Users\MAHE\Documents\DOC APP BACKUP FILES\april30_\demo1_joyson1\android\.gradle\8.3\checksums)" [_thread_blocked, id=13876, stack(0x0000004a59e00000,0x0000004a59f00000)]
  0x00000224cff985e0 JavaThread "Cache worker for file hash cache (C:\Users\MAHE\Documents\DOC APP BACKUP FILES\april30_\demo1_joyson1\android\.gradle\8.3\fileHashes)" [_thread_blocked, id=13148, stack(0x0000004a59b00000,0x0000004a59c00000)]
  0x00000224cff98af0 JavaThread "Cache worker for cache directory md-supplier (C:\Users\MAHE\.gradle\caches\8.3\md-supplier)" [_thread_blocked, id=13832, stack(0x0000004a59f00000,0x0000004a5a000000)]
  0x00000224cff9f540 JavaThread "Cache worker for file content cache (C:\Users\MAHE\.gradle\caches\8.3\fileContent)" [_thread_blocked, id=14304, stack(0x0000004a5a000000,0x0000004a5a100000)]
  0x00000224cff9b370 JavaThread "Cache worker for cache directory md-rule (C:\Users\MAHE\.gradle\caches\8.3\md-rule)" [_thread_blocked, id=12772, stack(0x0000004a5a100000,0x0000004a5a200000)]
  0x00000224cff980d0 JavaThread "Cache worker for execution history cache (C:\Users\MAHE\.gradle\caches\8.3\executionHistory)" [_thread_blocked, id=13828, stack(0x0000004a5a200000,0x0000004a5a300000)]
  0x00000224cff9ae60 JavaThread "jar transforms" [_thread_blocked, id=13400, stack(0x0000004a5a500000,0x0000004a5a600000)]
  0x00000224cff9d1d0 JavaThread "jar transforms Thread 2" [_thread_blocked, id=1268, stack(0x0000004a5a600000,0x0000004a5a700000)]
  0x00000224cff9e610 JavaThread "jar transforms Thread 3" [_thread_blocked, id=12348, stack(0x0000004a5a300000,0x0000004a5a400000)]
  0x00000224cff9bd90 JavaThread "jar transforms Thread 4" [_thread_blocked, id=8528, stack(0x0000004a5a700000,0x0000004a5a800000)]
  0x00000224cff9c2a0 JavaThread "Cache worker for kotlin-dsl (C:\Users\MAHE\.gradle\caches\8.3\kotlin-dsl)" [_thread_blocked, id=6016, stack(0x0000004a57500000,0x0000004a57600000)]
  0x00000224cff99f30 JavaThread "Unconstrained build operations" [_thread_blocked, id=13032, stack(0x0000004a5a800000,0x0000004a5a900000)]
  0x00000224cff9dbf0 JavaThread "Unconstrained build operations Thread 2" [_thread_blocked, id=14296, stack(0x0000004a5a900000,0x0000004a5aa00000)]
  0x00000224cff9c7b0 JavaThread "Cache worker for dependencies-accessors (C:\Users\MAHE\Documents\DOC APP BACKUP FILES\april30_\demo1_joyson1\android\.gradle\8.3\dependencies-accessors)" [_thread_blocked, id=9812, stack(0x0000004a5ab00000,0x0000004a5ac00000)]
  0x00000224cd9ad930 JavaThread "C2 CompilerThread1" daemon [_thread_blocked, id=2928, stack(0x0000004a5ad00000,0x0000004a5ae00000)]
  0x00000224cff9d6e0 JavaThread "Cache worker for Build Output Cleanup Cache (C:\Users\MAHE\Documents\DOC APP BACKUP FILES\april30_\demo1_joyson1\node_modules\@react-native\gradle-plugin\.gradle\buildOutputCleanup)" [_thread_blocked, id=7212, stack(0x0000004a5ae00000,0x0000004a5af00000)]
  0x00000224cff9a950 JavaThread "Unconstrained build operations Thread 3" [_thread_blocked, id=14064, stack(0x0000004a5af00000,0x0000004a5b000000)]
  0x00000224cff99000 JavaThread "Unconstrained build operations Thread 4" [_thread_blocked, id=13616, stack(0x0000004a5b000000,0x0000004a5b100000)]
  0x00000224cff9f030 JavaThread "Unconstrained build operations Thread 5" [_thread_blocked, id=13476, stack(0x0000004a5b100000,0x0000004a5b200000)]

Other Threads:
  0x00000224adc48100 VMThread "VM Thread" [stack: 0x0000004a57e00000,0x0000004a57f00000] [id=2492]
  0x000002248ecb93b0 WatcherThread [stack: 0x0000004a58b00000,0x0000004a58c00000] [id=4988]
  0x000002248ed14a50 GCTaskThread "GC Thread#0" [stack: 0x0000004a57900000,0x0000004a57a00000] [id=14060]
  0x00000224cd327100 GCTaskThread "GC Thread#1" [stack: 0x0000004a58c00000,0x0000004a58d00000] [id=3576]
  0x00000224cd713ee0 GCTaskThread "GC Thread#2" [stack: 0x0000004a58d00000,0x0000004a58e00000] [id=13848]
  0x00000224cd7141a0 GCTaskThread "GC Thread#3" [stack: 0x0000004a58e00000,0x0000004a58f00000] [id=2776]
  0x000002248ed269b0 ConcurrentGCThread "G1 Main Marker" [stack: 0x0000004a57a00000,0x0000004a57b00000] [id=2740]
  0x000002248ed273d0 ConcurrentGCThread "G1 Conc#0" [stack: 0x0000004a57b00000,0x0000004a57c00000] [id=1840]
  0x000002248ed5e420 ConcurrentGCThread "G1 Refine#0" [stack: 0x0000004a57c00000,0x0000004a57d00000] [id=13784]
  0x00000224d00e8270 ConcurrentGCThread "G1 Refine#1" [stack: 0x0000004a5a400000,0x0000004a5a500000] [id=6620]
  0x00000224adb01980 ConcurrentGCThread "G1 Service" [stack: 0x0000004a57d00000,0x0000004a57e00000] [id=5232]

Threads with active compile tasks:

VM state: not at safepoint (normal execution)

VM Mutex/Monitor currently owned by a thread: None

Heap address: 0x0000000080000000, size: 2048 MB, Compressed Oops mode: 32-bit

CDS archive(s) mapped at: [0x00000224ae000000-0x00000224aebc0000-0x00000224aebc0000), size 12320768, SharedBaseAddress: 0x00000224ae000000, ArchiveRelocationMode: 1.
Compressed class space mapped at: 0x00000224af000000-0x00000224c9000000, reserved size: 436207616
Narrow klass base: 0x00000224ae000000, Narrow klass shift: 0, Narrow klass range: 0x100000000

GC Precious Log:
 CPUs: 4 total, 4 available
 Memory: 16309M
 Large Page Support: Disabled
 NUMA Support: Disabled
 Compressed Oops: Enabled (32-bit)
 Heap Region Size: 1M
 Heap Min Capacity: 8M
 Heap Initial Capacity: 256M
 Heap Max Capacity: 2G
 Pre-touch: Disabled
 Parallel Workers: 4
 Concurrent Workers: 1
 Concurrent Refinement Workers: 4
 Periodic GC: Disabled

Heap:
 garbage-first heap   total 86016K, used 65137K [0x0000000080000000, 0x0000000100000000)
  region size 1024K, 18 young (18432K), 3 survivors (3072K)
 Metaspace       used 50524K, committed 51136K, reserved 491520K
  class space    used 7115K, committed 7424K, reserved 425984K

Heap Regions: E=young(eden), S=young(survivor), O=old, HS=humongous(starts), HC=humongous(continues), CS=collection set, F=free, OA=open archive, CA=closed archive, TAMS=top-at-mark-start (previous, next)
|   0|0x0000000080000000, 0x0000000080100000, 0x0000000080100000|100%| O|  |TAMS 0x0000000080100000, 0x0000000080000000| Untracked 
|   1|0x0000000080100000, 0x0000000080200000, 0x0000000080200000|100%| O|  |TAMS 0x0000000080200000, 0x0000000080100000| Untracked 
|   2|0x0000000080200000, 0x0000000080300000, 0x0000000080300000|100%|HS|  |TAMS 0x0000000080300000, 0x0000000080200000| Complete 
|   3|0x0000000080300000, 0x0000000080400000, 0x0000000080400000|100%|HC|  |TAMS 0x0000000080400000, 0x0000000080300000| Complete 
|   4|0x0000000080400000, 0x0000000080500000, 0x0000000080500000|100%|HC|  |TAMS 0x0000000080500000, 0x0000000080400000| Complete 
|   5|0x0000000080500000, 0x0000000080600000, 0x0000000080600000|100%|HC|  |TAMS 0x0000000080600000, 0x0000000080500000| Complete 
|   6|0x0000000080600000, 0x0000000080700000, 0x0000000080700000|100%| O|  |TAMS 0x0000000080700000, 0x0000000080600000| Untracked 
|   7|0x0000000080700000, 0x0000000080800000, 0x0000000080800000|100%| O|  |TAMS 0x0000000080800000, 0x0000000080700000| Untracked 
|   8|0x0000000080800000, 0x0000000080900000, 0x0000000080900000|100%| O|  |TAMS 0x0000000080900000, 0x0000000080800000| Untracked 
|   9|0x0000000080900000, 0x0000000080a00000, 0x0000000080a00000|100%| O|  |TAMS 0x0000000080a00000, 0x0000000080900000| Untracked 
|  10|0x0000000080a00000, 0x0000000080b00000, 0x0000000080b00000|100%| O|  |TAMS 0x0000000080b00000, 0x0000000080a00000| Untracked 
|  11|0x0000000080b00000, 0x0000000080b87c00, 0x0000000080c00000| 53%| O|  |TAMS 0x0000000080b87c00, 0x0000000080b00000| Untracked 
|  12|0x0000000080c00000, 0x0000000080d00000, 0x0000000080d00000|100%| O|  |TAMS 0x0000000080d00000, 0x0000000080c00000| Untracked 
|  13|0x0000000080d00000, 0x0000000080e00000, 0x0000000080e00000|100%| O|  |TAMS 0x0000000080e00000, 0x0000000080d00000| Untracked 
|  14|0x0000000080e00000, 0x0000000080f00000, 0x0000000080f00000|100%| O|  |TAMS 0x0000000080f00000, 0x0000000080e00000| Untracked 
|  15|0x0000000080f00000, 0x0000000081000000, 0x0000000081000000|100%| O|  |TAMS 0x0000000081000000, 0x0000000080f00000| Untracked 
|  16|0x0000000081000000, 0x0000000081100000, 0x0000000081100000|100%| O|  |TAMS 0x0000000081100000, 0x0000000081000000| Untracked 
|  17|0x0000000081100000, 0x0000000081200000, 0x0000000081200000|100%| O|  |TAMS 0x0000000081200000, 0x0000000081100000| Untracked 
|  18|0x0000000081200000, 0x0000000081300000, 0x0000000081300000|100%| O|  |TAMS 0x0000000081300000, 0x0000000081200000| Untracked 
|  19|0x0000000081300000, 0x0000000081400000, 0x0000000081400000|100%| O|  |TAMS 0x0000000081400000, 0x0000000081300000| Untracked 
|  20|0x0000000081400000, 0x0000000081500000, 0x0000000081500000|100%| O|  |TAMS 0x0000000081500000, 0x0000000081400000| Untracked 
|  21|0x0000000081500000, 0x0000000081600000, 0x0000000081600000|100%| O|  |TAMS 0x0000000081600000, 0x0000000081500000| Untracked 
|  22|0x0000000081600000, 0x0000000081700000, 0x0000000081700000|100%| O|  |TAMS 0x0000000081700000, 0x0000000081600000| Untracked 
|  23|0x0000000081700000, 0x0000000081800000, 0x0000000081800000|100%| O|  |TAMS 0x0000000081800000, 0x0000000081700000| Untracked 
|  24|0x0000000081800000, 0x0000000081900000, 0x0000000081900000|100%| O|  |TAMS 0x0000000081900000, 0x0000000081800000| Untracked 
|  25|0x0000000081900000, 0x0000000081a00000, 0x0000000081a00000|100%| O|  |TAMS 0x0000000081a00000, 0x0000000081900000| Untracked 
|  26|0x0000000081a00000, 0x0000000081b00000, 0x0000000081b00000|100%| O|  |TAMS 0x0000000081b00000, 0x0000000081a00000| Untracked 
|  27|0x0000000081b00000, 0x0000000081c00000, 0x0000000081c00000|100%| O|  |TAMS 0x0000000081c00000, 0x0000000081b00000| Untracked 
|  28|0x0000000081c00000, 0x0000000081d00000, 0x0000000081d00000|100%| O|  |TAMS 0x0000000081d00000, 0x0000000081c00000| Untracked 
|  29|0x0000000081d00000, 0x0000000081e00000, 0x0000000081e00000|100%| O|  |TAMS 0x0000000081e00000, 0x0000000081d00000| Untracked 
|  30|0x0000000081e00000, 0x0000000081f00000, 0x0000000081f00000|100%| O|  |TAMS 0x0000000081f00000, 0x0000000081e00000| Untracked 
|  31|0x0000000081f00000, 0x0000000082000000, 0x0000000082000000|100%| O|  |TAMS 0x0000000082000000, 0x0000000081f00000| Untracked 
|  32|0x0000000082000000, 0x0000000082100000, 0x0000000082100000|100%| O|  |TAMS 0x0000000082100000, 0x0000000082000000| Untracked 
|  33|0x0000000082100000, 0x0000000082200000, 0x0000000082200000|100%| O|  |TAMS 0x0000000082200000, 0x0000000082100000| Untracked 
|  34|0x0000000082200000, 0x0000000082300000, 0x0000000082300000|100%|HS|  |TAMS 0x0000000082300000, 0x0000000082200000| Complete 
|  35|0x0000000082300000, 0x0000000082400000, 0x0000000082400000|100%|HC|  |TAMS 0x0000000082400000, 0x0000000082300000| Complete 
|  36|0x0000000082400000, 0x0000000082500000, 0x0000000082500000|100%| O|  |TAMS 0x0000000082500000, 0x0000000082400000| Untracked 
|  37|0x0000000082500000, 0x0000000082600000, 0x0000000082600000|100%| O|  |TAMS 0x00000000825cae00, 0x0000000082500000| Untracked 
|  38|0x0000000082600000, 0x0000000082700000, 0x0000000082700000|100%|HS|  |TAMS 0x0000000082700000, 0x0000000082600000| Complete 
|  39|0x0000000082700000, 0x0000000082800000, 0x0000000082800000|100%|HC|  |TAMS 0x0000000082800000, 0x0000000082700000| Complete 
|  40|0x0000000082800000, 0x0000000082900000, 0x0000000082900000|100%| O|  |TAMS 0x0000000082800000, 0x0000000082800000| Untracked 
|  41|0x0000000082900000, 0x0000000082a00000, 0x0000000082a00000|100%| O|  |TAMS 0x0000000082900000, 0x0000000082900000| Untracked 
|  42|0x0000000082a00000, 0x0000000082b00000, 0x0000000082b00000|100%|HS|  |TAMS 0x0000000082a00000, 0x0000000082a00000| Complete 
|  43|0x0000000082b00000, 0x0000000082c00000, 0x0000000082c00000|100%|HC|  |TAMS 0x0000000082b00000, 0x0000000082b00000| Complete 
|  44|0x0000000082c00000, 0x0000000082d00000, 0x0000000082d00000|100%|HC|  |TAMS 0x0000000082c00000, 0x0000000082c00000| Complete 
|  45|0x0000000082d00000, 0x0000000082e00000, 0x0000000082e00000|100%|HC|  |TAMS 0x0000000082d00000, 0x0000000082d00000| Complete 
|  46|0x0000000082e00000, 0x0000000082f00000, 0x0000000082f00000|100%| O|  |TAMS 0x0000000082e00000, 0x0000000082e00000| Untracked 
|  47|0x0000000082f00000, 0x0000000082f14800, 0x0000000083000000|  8%| O|  |TAMS 0x0000000082f00000, 0x0000000082f00000| Untracked 
|  48|0x0000000083000000, 0x0000000083000000, 0x0000000083100000|  0%| F|  |TAMS 0x0000000083000000, 0x0000000083000000| Untracked 
|  49|0x0000000083100000, 0x0000000083100000, 0x0000000083200000|  0%| F|  |TAMS 0x0000000083100000, 0x0000000083100000| Untracked 
|  50|0x0000000083200000, 0x0000000083200000, 0x0000000083300000|  0%| F|  |TAMS 0x0000000083200000, 0x0000000083200000| Untracked 
|  51|0x0000000083300000, 0x0000000083300000, 0x0000000083400000|  0%| F|  |TAMS 0x0000000083300000, 0x0000000083300000| Untracked 
|  52|0x0000000083400000, 0x0000000083400000, 0x0000000083500000|  0%| F|  |TAMS 0x0000000083400000, 0x0000000083400000| Untracked 
|  53|0x0000000083500000, 0x0000000083500000, 0x0000000083600000|  0%| F|  |TAMS 0x0000000083500000, 0x0000000083500000| Untracked 
|  54|0x0000000083600000, 0x0000000083600000, 0x0000000083700000|  0%| F|  |TAMS 0x0000000083600000, 0x0000000083600000| Untracked 
|  55|0x0000000083700000, 0x0000000083700000, 0x0000000083800000|  0%| F|  |TAMS 0x0000000083700000, 0x0000000083700000| Untracked 
|  56|0x0000000083800000, 0x0000000083800000, 0x0000000083900000|  0%| F|  |TAMS 0x0000000083800000, 0x0000000083800000| Untracked 
|  57|0x0000000083900000, 0x0000000083a00000, 0x0000000083a00000|100%| S|CS|TAMS 0x0000000083900000, 0x0000000083900000| Complete 
|  58|0x0000000083a00000, 0x0000000083b00000, 0x0000000083b00000|100%| S|CS|TAMS 0x0000000083a00000, 0x0000000083a00000| Complete 
|  59|0x0000000083b00000, 0x0000000083c00000, 0x0000000083c00000|100%| S|CS|TAMS 0x0000000083b00000, 0x0000000083b00000| Complete 
|  60|0x0000000083c00000, 0x0000000083c00000, 0x0000000083d00000|  0%| F|  |TAMS 0x0000000083c00000, 0x0000000083c00000| Untracked 
|  61|0x0000000083d00000, 0x0000000083d00000, 0x0000000083e00000|  0%| F|  |TAMS 0x0000000083d00000, 0x0000000083d00000| Untracked 
|  62|0x0000000083e00000, 0x0000000083e00000, 0x0000000083f00000|  0%| F|  |TAMS 0x0000000083e00000, 0x0000000083e00000| Untracked 
|  63|0x0000000083f00000, 0x0000000083f00000, 0x0000000084000000|  0%| F|  |TAMS 0x0000000083f00000, 0x0000000083f00000| Untracked 
|  64|0x0000000084000000, 0x0000000084000000, 0x0000000084100000|  0%| F|  |TAMS 0x0000000084000000, 0x0000000084000000| Untracked 
|  65|0x0000000084100000, 0x0000000084100000, 0x0000000084200000|  0%| F|  |TAMS 0x0000000084100000, 0x0000000084100000| Untracked 
|  66|0x0000000084200000, 0x0000000084200000, 0x0000000084300000|  0%| F|  |TAMS 0x0000000084200000, 0x0000000084200000| Untracked 
|  67|0x0000000084300000, 0x0000000084300000, 0x0000000084400000|  0%| F|  |TAMS 0x0000000084300000, 0x0000000084300000| Untracked 
|  68|0x0000000084400000, 0x0000000084400000, 0x0000000084500000|  0%| F|  |TAMS 0x0000000084400000, 0x0000000084400000| Untracked 
|  69|0x0000000084500000, 0x0000000084505cc0, 0x0000000084600000|  2%| E|  |TAMS 0x0000000084500000, 0x0000000084500000| Complete 
|  70|0x0000000084600000, 0x0000000084700000, 0x0000000084700000|100%| E|CS|TAMS 0x0000000084600000, 0x0000000084600000| Complete 
| 131|0x0000000088300000, 0x0000000088400000, 0x0000000088400000|100%| E|CS|TAMS 0x0000000088300000, 0x0000000088300000| Complete 
| 132|0x0000000088400000, 0x0000000088500000, 0x0000000088500000|100%| E|CS|TAMS 0x0000000088400000, 0x0000000088400000| Complete 
| 133|0x0000000088500000, 0x0000000088600000, 0x0000000088600000|100%| E|CS|TAMS 0x0000000088500000, 0x0000000088500000| Complete 
| 134|0x0000000088600000, 0x0000000088700000, 0x0000000088700000|100%| E|CS|TAMS 0x0000000088600000, 0x0000000088600000| Complete 
| 135|0x0000000088700000, 0x0000000088800000, 0x0000000088800000|100%| E|CS|TAMS 0x0000000088700000, 0x0000000088700000| Complete 
| 136|0x0000000088800000, 0x0000000088900000, 0x0000000088900000|100%| E|CS|TAMS 0x0000000088800000, 0x0000000088800000| Complete 
| 137|0x0000000088900000, 0x0000000088a00000, 0x0000000088a00000|100%| E|CS|TAMS 0x0000000088900000, 0x0000000088900000| Complete 
| 138|0x0000000088a00000, 0x0000000088b00000, 0x0000000088b00000|100%| E|CS|TAMS 0x0000000088a00000, 0x0000000088a00000| Complete 
| 139|0x0000000088b00000, 0x0000000088c00000, 0x0000000088c00000|100%| E|CS|TAMS 0x0000000088b00000, 0x0000000088b00000| Complete 
| 140|0x0000000088c00000, 0x0000000088d00000, 0x0000000088d00000|100%| E|CS|TAMS 0x0000000088c00000, 0x0000000088c00000| Complete 
| 141|0x0000000088d00000, 0x0000000088e00000, 0x0000000088e00000|100%| E|CS|TAMS 0x0000000088d00000, 0x0000000088d00000| Complete 
| 142|0x0000000088e00000, 0x0000000088f00000, 0x0000000088f00000|100%| E|CS|TAMS 0x0000000088e00000, 0x0000000088e00000| Complete 
| 255|0x000000008ff00000, 0x0000000090000000, 0x0000000090000000|100%| E|CS|TAMS 0x000000008ff00000, 0x000000008ff00000| Complete 

Card table byte_map: [0x00000224a6f40000,0x00000224a7340000] _byte_map_base: 0x00000224a6b40000

Marking Bits (Prev, Next): (CMBitMap*) 0x000002248ed15070, (CMBitMap*) 0x000002248ed150b0
 Prev Bits: [0x00000224a7740000, 0x00000224a9740000)
 Next Bits: [0x00000224a9740000, 0x00000224ab740000)

Polling page: 0x000002248ca80000

Metaspace:

Usage:
  Non-class:     42.39 MB used.
      Class:      6.95 MB used.
       Both:     49.34 MB used.

Virtual space:
  Non-class space:       64.00 MB reserved,      42.69 MB ( 67%) committed,  1 nodes.
      Class space:      416.00 MB reserved,       7.25 MB (  2%) committed,  1 nodes.
             Both:      480.00 MB reserved,      49.94 MB ( 10%) committed. 

Chunk freelists:
   Non-Class:  4.81 MB
       Class:  8.76 MB
        Both:  13.57 MB

MaxMetaspaceSize: 512.00 MB
CompressedClassSpaceSize: 416.00 MB
Initial GC threshold: 21.00 MB
Current GC threshold: 77.00 MB
CDS: on
MetaspaceReclaimPolicy: balanced
 - commit_granule_bytes: 65536.
 - commit_granule_words: 8192.
 - virtual_space_node_default_size: 8388608.
 - enlarge_chunks_in_place: 1.
 - new_chunks_are_fully_committed: 0.
 - uncommit_free_chunks: 1.
 - use_allocation_guard: 0.
 - handle_deallocations: 1.


Internal statistics:

num_allocs_failed_limit: 6.
num_arena_births: 700.
num_arena_deaths: 0.
num_vsnodes_births: 2.
num_vsnodes_deaths: 0.
num_space_committed: 799.
num_space_uncommitted: 0.
num_chunks_returned_to_freelist: 6.
num_chunks_taken_from_freelist: 2674.
num_chunk_merges: 6.
num_chunk_splits: 1770.
num_chunks_enlarged: 1188.
num_inconsistent_stats: 0.

CodeHeap 'non-profiled nmethods': size=120000Kb used=3155Kb max_used=3155Kb free=116845Kb
 bounds [0x000002249f610000, 0x000002249f930000, 0x00000224a6b40000]
CodeHeap 'profiled nmethods': size=120000Kb used=10560Kb max_used=10560Kb free=109439Kb
 bounds [0x0000022497b40000, 0x00000224985a0000, 0x000002249f070000]
CodeHeap 'non-nmethods': size=5760Kb used=2336Kb max_used=2391Kb free=3423Kb
 bounds [0x000002249f070000, 0x000002249f2e0000, 0x000002249f610000]
 total_blobs=6187 nmethods=5328 adapters=771
 compilation: enabled
              stopped_count=0, restarted_count=0
 full_count=0

Compilation events (20 events):
Event: 34.965 Thread 0x00000224adc6e290 6028       3       com.google.common.collect.ImmutableSet$Builder::build (32 bytes)
Event: 34.965 Thread 0x00000224adc6e290 nmethod 6028 0x000002249858c310 code [0x000002249858c4e0, 0x000002249858c948]
Event: 34.970 Thread 0x00000224adc6e290 6029       3       com.google.common.collect.ImmutableCollection::toArray (67 bytes)
Event: 34.971 Thread 0x00000224adc6e290 nmethod 6029 0x000002249858ca90 code [0x000002249858cd20, 0x000002249858da88]
Event: 34.987 Thread 0x00000224adc6e290 6030       3       jdk.internal.org.objectweb.asm.AnnotationWriter::computeAnnotationsSize (42 bytes)
Event: 34.988 Thread 0x00000224adc6e290 nmethod 6030 0x000002249858de10 code [0x000002249858dfc0, 0x000002249858e208]
Event: 34.988 Thread 0x00000224adc6e290 6031       3       java.lang.invoke.BoundMethodHandle::speciesDataFor (32 bytes)
Event: 34.988 Thread 0x00000224adc6e290 nmethod 6031 0x000002249858e390 code [0x000002249858e540, 0x000002249858e8d8]
Event: 34.988 Thread 0x00000224adc6e290 6032       3       java.lang.invoke.LambdaFormEditor::oldSpeciesData (8 bytes)
Event: 34.989 Thread 0x00000224adc6e290 nmethod 6032 0x000002249858ea10 code [0x000002249858ebe0, 0x000002249858eff8]
Event: 34.992 Thread 0x00000224adc6e290 6033       3       jdk.internal.loader.BuiltinClassLoader::hasClassPath (13 bytes)
Event: 34.992 Thread 0x00000224adc6e290 nmethod 6033 0x000002249858f110 code [0x000002249858f2a0, 0x000002249858f418]
Event: 35.004 Thread 0x00000224adc6e290 6034       3       com.google.common.base.Preconditions::checkArgument (29 bytes)
Event: 35.004 Thread 0x00000224adc6e290 nmethod 6034 0x000002249858f490 code [0x000002249858f660, 0x000002249858fc38]
Event: 35.004 Thread 0x00000224adc6e290 6035       3       org.gradle.api.internal.provider.AbstractMinimalProvider::<init> (5 bytes)
Event: 35.004 Thread 0x00000224adc6e290 nmethod 6035 0x000002249858fe10 code [0x000002249858ffa0, 0x00000224985900f8]
Event: 35.004 Thread 0x00000224adc6c5c0 6036       4       java.util.HashSet::<init> (16 bytes)
Event: 35.006 Thread 0x00000224adc6c5c0 nmethod 6036 0x000002249f91f090 code [0x000002249f91f220, 0x000002249f91f3b8]
Event: 35.008 Thread 0x00000224adc6e290 6037       1       org.gradle.internal.instantiation.generator.AbstractClassGenerator::getRoleHandler (5 bytes)
Event: 35.008 Thread 0x00000224adc6e290 nmethod 6037 0x000002249f91f490 code [0x000002249f91f620, 0x000002249f91f6f8]

GC Heap History (20 events):
Event: 8.897 GC heap before
{Heap before GC invocations=6 (full 0):
 garbage-first heap   total 81920K, used 58407K [0x0000000080000000, 0x0000000100000000)
  region size 1024K, 37 young (37888K), 4 survivors (4096K)
 Metaspace       used 31071K, committed 31424K, reserved 491520K
  class space    used 4382K, committed 4544K, reserved 425984K
}
Event: 8.903 GC heap after
{Heap after GC invocations=7 (full 0):
 garbage-first heap   total 81920K, used 29249K [0x0000000080000000, 0x0000000100000000)
  region size 1024K, 4 young (4096K), 4 survivors (4096K)
 Metaspace       used 31071K, committed 31424K, reserved 491520K
  class space    used 4382K, committed 4544K, reserved 425984K
}
Event: 29.519 GC heap before
{Heap before GC invocations=7 (full 0):
 garbage-first heap   total 81920K, used 65089K [0x0000000080000000, 0x0000000100000000)
  region size 1024K, 35 young (35840K), 4 survivors (4096K)
 Metaspace       used 33345K, committed 33792K, reserved 491520K
  class space    used 4596K, committed 4800K, reserved 425984K
}
Event: 29.529 GC heap after
{Heap after GC invocations=8 (full 0):
 garbage-first heap   total 81920K, used 30956K [0x0000000080000000, 0x0000000100000000)
  region size 1024K, 3 young (3072K), 3 survivors (3072K)
 Metaspace       used 33345K, committed 33792K, reserved 491520K
  class space    used 4596K, committed 4800K, reserved 425984K
}
Event: 30.363 GC heap before
{Heap before GC invocations=8 (full 0):
 garbage-first heap   total 81920K, used 62700K [0x0000000080000000, 0x0000000100000000)
  region size 1024K, 34 young (34816K), 3 survivors (3072K)
 Metaspace       used 34977K, committed 35456K, reserved 491520K
  class space    used 4844K, committed 5056K, reserved 425984K
}
Event: 30.369 GC heap after
{Heap after GC invocations=9 (full 0):
 garbage-first heap   total 81920K, used 33000K [0x0000000080000000, 0x0000000100000000)
  region size 1024K, 2 young (2048K), 2 survivors (2048K)
 Metaspace       used 34977K, committed 35456K, reserved 491520K
  class space    used 4844K, committed 5056K, reserved 425984K
}
Event: 30.396 GC heap before
{Heap before GC invocations=9 (full 0):
 garbage-first heap   total 81920K, used 37096K [0x0000000080000000, 0x0000000100000000)
  region size 1024K, 5 young (5120K), 2 survivors (2048K)
 Metaspace       used 35737K, committed 36160K, reserved 491520K
  class space    used 4851K, committed 5056K, reserved 425984K
}
Event: 30.400 GC heap after
{Heap after GC invocations=10 (full 0):
 garbage-first heap   total 81920K, used 33986K [0x0000000080000000, 0x0000000100000000)
  region size 1024K, 2 young (2048K), 2 survivors (2048K)
 Metaspace       used 35737K, committed 36160K, reserved 491520K
  class space    used 4851K, committed 5056K, reserved 425984K
}
Event: 31.164 GC heap before
{Heap before GC invocations=11 (full 0):
 garbage-first heap   total 81920K, used 63682K [0x0000000080000000, 0x0000000100000000)
  region size 1024K, 31 young (31744K), 2 survivors (2048K)
 Metaspace       used 38873K, committed 39360K, reserved 491520K
  class space    used 5372K, committed 5568K, reserved 425984K
}
Event: 31.169 GC heap after
{Heap after GC invocations=12 (full 0):
 garbage-first heap   total 81920K, used 34422K [0x0000000080000000, 0x0000000100000000)
  region size 1024K, 4 young (4096K), 4 survivors (4096K)
 Metaspace       used 38873K, committed 39360K, reserved 491520K
  class space    used 5372K, committed 5568K, reserved 425984K
}
Event: 31.974 GC heap before
{Heap before GC invocations=12 (full 0):
 garbage-first heap   total 81920K, used 64118K [0x0000000080000000, 0x0000000100000000)
  region size 1024K, 33 young (33792K), 4 survivors (4096K)
 Metaspace       used 41871K, committed 42368K, reserved 491520K
  class space    used 5854K, committed 6080K, reserved 425984K
}
Event: 31.982 GC heap after
{Heap after GC invocations=13 (full 0):
 garbage-first heap   total 81920K, used 36135K [0x0000000080000000, 0x0000000100000000)
  region size 1024K, 4 young (4096K), 4 survivors (4096K)
 Metaspace       used 41871K, committed 42368K, reserved 491520K
  class space    used 5854K, committed 6080K, reserved 425984K
}
Event: 33.044 GC heap before
{Heap before GC invocations=13 (full 0):
 garbage-first heap   total 81920K, used 64807K [0x0000000080000000, 0x0000000100000000)
  region size 1024K, 32 young (32768K), 4 survivors (4096K)
 Metaspace       used 45335K, committed 45952K, reserved 491520K
  class space    used 6404K, committed 6720K, reserved 425984K
}
Event: 33.049 GC heap after
{Heap after GC invocations=14 (full 0):
 garbage-first heap   total 81920K, used 38038K [0x0000000080000000, 0x0000000100000000)
  region size 1024K, 4 young (4096K), 4 survivors (4096K)
 Metaspace       used 45335K, committed 45952K, reserved 491520K
  class space    used 6404K, committed 6720K, reserved 425984K
}
Event: 33.586 GC heap before
{Heap before GC invocations=14 (full 0):
 garbage-first heap   total 81920K, used 53398K [0x0000000080000000, 0x0000000100000000)
  region size 1024K, 18 young (18432K), 4 survivors (4096K)
 Metaspace       used 46554K, committed 47168K, reserved 491520K
  class space    used 6555K, committed 6848K, reserved 425984K
}
Event: 33.593 GC heap after
{Heap after GC invocations=15 (full 0):
 garbage-first heap   total 81920K, used 41624K [0x0000000080000000, 0x0000000100000000)
  region size 1024K, 4 young (4096K), 4 survivors (4096K)
 Metaspace       used 46554K, committed 47168K, reserved 491520K
  class space    used 6555K, committed 6848K, reserved 425984K
}
Event: 33.699 GC heap before
{Heap before GC invocations=16 (full 0):
 garbage-first heap   total 81920K, used 46744K [0x0000000080000000, 0x0000000100000000)
  region size 1024K, 8 young (8192K), 4 survivors (4096K)
 Metaspace       used 46675K, committed 47296K, reserved 491520K
  class space    used 6571K, committed 6848K, reserved 425984K
}
Event: 33.705 GC heap after
{Heap after GC invocations=17 (full 0):
 garbage-first heap   total 81920K, used 44360K [0x0000000080000000, 0x0000000100000000)
  region size 1024K, 3 young (3072K), 3 survivors (3072K)
 Metaspace       used 46675K, committed 47296K, reserved 491520K
  class space    used 6571K, committed 6848K, reserved 425984K
}
Event: 34.451 GC heap before
{Heap before GC invocations=18 (full 0):
 garbage-first heap   total 86016K, used 69960K [0x0000000080000000, 0x0000000100000000)
  region size 1024K, 24 young (24576K), 3 survivors (3072K)
 Metaspace       used 49227K, committed 49792K, reserved 491520K
  class space    used 6893K, committed 7168K, reserved 425984K
}
Event: 34.456 GC heap after
{Heap after GC invocations=19 (full 0):
 garbage-first heap   total 86016K, used 50801K [0x0000000080000000, 0x0000000100000000)
  region size 1024K, 3 young (3072K), 3 survivors (3072K)
 Metaspace       used 49227K, committed 49792K, reserved 491520K
  class space    used 6893K, committed 7168K, reserved 425984K
}

Dll operation events (15 events):
Event: 0.022 Loaded shared library C:\Program Files\OpenLogic\jdk-17.0.10.7-hotspot\bin\java.dll
Event: 0.042 Loaded shared library C:\Program Files\OpenLogic\jdk-17.0.10.7-hotspot\bin\jsvml.dll
Event: 0.150 Loaded shared library C:\Program Files\OpenLogic\jdk-17.0.10.7-hotspot\bin\zip.dll
Event: 0.153 Loaded shared library C:\Program Files\OpenLogic\jdk-17.0.10.7-hotspot\bin\instrument.dll
Event: 0.160 Loaded shared library C:\Program Files\OpenLogic\jdk-17.0.10.7-hotspot\bin\net.dll
Event: 0.165 Loaded shared library C:\Program Files\OpenLogic\jdk-17.0.10.7-hotspot\bin\nio.dll
Event: 0.170 Loaded shared library C:\Program Files\OpenLogic\jdk-17.0.10.7-hotspot\bin\zip.dll
Event: 0.539 Loaded shared library C:\Program Files\OpenLogic\jdk-17.0.10.7-hotspot\bin\jimage.dll
Event: 0.696 Loaded shared library C:\Program Files\OpenLogic\jdk-17.0.10.7-hotspot\bin\verify.dll
Event: 1.112 Loaded shared library C:\Users\MAHE\.gradle\native\68d5fa5c4cc2d200863cafc0d521ce42e7d3e7ee720ec0a83991735586a16f82\windows-amd64\native-platform.dll
Event: 1.138 Loaded shared library C:\Users\MAHE\.gradle\native\e376f236ea51e6404a007f0833ffe2c6e607c4080706a723a18a27aeea778392\windows-amd64\native-platform-file-events.dll
Event: 2.487 Loaded shared library C:\Program Files\OpenLogic\jdk-17.0.10.7-hotspot\bin\management.dll
Event: 2.493 Loaded shared library C:\Program Files\OpenLogic\jdk-17.0.10.7-hotspot\bin\management_ext.dll
Event: 2.771 Loaded shared library C:\Program Files\OpenLogic\jdk-17.0.10.7-hotspot\bin\extnet.dll
Event: 3.513 Loaded shared library C:\Program Files\OpenLogic\jdk-17.0.10.7-hotspot\bin\sunmscapi.dll

Deoptimization events (20 events):
Event: 34.119 Thread 0x00000224cdc86680 Uncommon trap: trap_request=0xffffff76 fr.pc=0x000002249f72bbd0 relative=0x0000000000000190
Event: 34.119 Thread 0x00000224cdc86680 Uncommon trap: reason=predicate action=maybe_recompile pc=0x000002249f72bbd0 method=java.util.Arrays.binarySearch0([Ljava/lang/Object;IILjava/lang/Object;Ljava/util/Comparator;)I @ 25 c2
Event: 34.119 Thread 0x00000224cdc86680 DEOPT PACKING pc=0x000002249f72bbd0 sp=0x0000004a594f6570
Event: 34.119 Thread 0x00000224cdc86680 DEOPT UNPACKING pc=0x000002249f0c69a3 sp=0x0000004a594f6480 mode 2
Event: 34.119 Thread 0x00000224cdc86680 Uncommon trap: trap_request=0xffffff76 fr.pc=0x000002249f72c2dc relative=0x000000000000019c
Event: 34.119 Thread 0x00000224cdc86680 Uncommon trap: reason=predicate action=maybe_recompile pc=0x000002249f72c2dc method=java.util.Arrays.binarySearch0([Ljava/lang/Object;IILjava/lang/Object;Ljava/util/Comparator;)I @ 25 c2
Event: 34.119 Thread 0x00000224cdc86680 DEOPT PACKING pc=0x000002249f72c2dc sp=0x0000004a594f64f0
Event: 34.119 Thread 0x00000224cdc86680 DEOPT UNPACKING pc=0x000002249f0c69a3 sp=0x0000004a594f6480 mode 2
Event: 34.177 Thread 0x00000224cdc86680 Uncommon trap: trap_request=0xffffff45 fr.pc=0x000002249f884b1c relative=0x000000000000007c
Event: 34.177 Thread 0x00000224cdc86680 Uncommon trap: reason=unstable_if action=reinterpret pc=0x000002249f884b1c method=java.util.Spliterator.getExactSizeIfKnown()J @ 9 c2
Event: 34.177 Thread 0x00000224cdc86680 DEOPT PACKING pc=0x000002249f884b1c sp=0x0000004a594f5d20
Event: 34.177 Thread 0x00000224cdc86680 DEOPT UNPACKING pc=0x000002249f0c69a3 sp=0x0000004a594f5cb8 mode 2
Event: 34.406 Thread 0x00000224cdc86680 Uncommon trap: trap_request=0xffffff45 fr.pc=0x000002249f8c4c40 relative=0x0000000000000440
Event: 34.406 Thread 0x00000224cdc86680 Uncommon trap: reason=unstable_if action=reinterpret pc=0x000002249f8c4c40 method=org.gradle.internal.service.DefaultServiceRegistry$OwnServices.getService(Ljava/lang/reflect/Type;)Lorg/gradle/internal/service/Service; @ 27 c2
Event: 34.406 Thread 0x00000224cdc86680 DEOPT PACKING pc=0x000002249f8c4c40 sp=0x0000004a594f6f40
Event: 34.406 Thread 0x00000224cdc86680 DEOPT UNPACKING pc=0x000002249f0c69a3 sp=0x0000004a594f6eb8 mode 2
Event: 34.586 Thread 0x00000224cdc86680 Uncommon trap: trap_request=0xffffffbe fr.pc=0x000002249f880cc4 relative=0x00000000000001a4
Event: 34.586 Thread 0x00000224cdc86680 Uncommon trap: reason=profile_predicate action=maybe_recompile pc=0x000002249f880cc4 method=java.util.LinkedHashMap.keysToArray([Ljava/lang/Object;)[Ljava/lang/Object; @ 12 c2
Event: 34.586 Thread 0x00000224cdc86680 DEOPT PACKING pc=0x000002249f880cc4 sp=0x0000004a594f3ec0
Event: 34.586 Thread 0x00000224cdc86680 DEOPT UNPACKING pc=0x000002249f0c69a3 sp=0x0000004a594f3e78 mode 2

Classes unloaded (0 events):
No events

Classes redefined (0 events):
No events

Internal exceptions (20 events):
Event: 33.266 Thread 0x00000224cdc86680 Exception <a 'java/lang/NoSuchMethodError'{0x0000000088a8e440}: static Lorg/gradle/api/internal/artifacts/dependencies/AbstractVersionConstraint;.<clinit>()V> (0x0000000088a8e440) 
thrown [s\src\hotspot\share\prims\jni.cpp, line 1107]
Event: 33.276 Thread 0x00000224cdc86680 Exception <a 'java/lang/NoSuchMethodError'{0x000000008894aec0}: static Lorg/gradle/api/internal/catalog/PluginModel;.<clinit>()V> (0x000000008894aec0) 
thrown [s\src\hotspot\share\prims\jni.cpp, line 1107]
Event: 33.277 Thread 0x00000224cdc86680 Exception <a 'java/lang/NoSuchMethodError'{0x0000000088961c58}: static Lorg/gradle/api/internal/catalog/VersionModel;.<clinit>()V> (0x0000000088961c58) 
thrown [s\src\hotspot\share\prims\jni.cpp, line 1107]
Event: 33.281 Thread 0x00000224cdc86680 Exception <a 'java/lang/NoSuchMethodError'{0x00000000889878c0}: 'void java.lang.invoke.DirectMethodHandle$Holder.invokeSpecial(java.lang.Object, java.lang.Object, java.lang.Object, int)'> (0x00000000889878c0) 
thrown [s\src\hotspot\share\interpreter\linkResolver.cpp, line 759]
Event: 33.891 Thread 0x00000224cdc86680 Exception <a 'java/lang/ClassNotFoundException'{0x000000008ffdf228}: org/gradle/api/internal/project/DefaultProject_DecoratedBeanInfo> (0x000000008ffdf228) 
thrown [s\src\hotspot\share\classfile\systemDictionary.cpp, line 256]
Event: 33.897 Thread 0x00000224cdc86680 Exception <a 'java/lang/ClassNotFoundException'{0x000000008fff8c20}: org/gradle/api/internal/project/DefaultProjectBeanInfo> (0x000000008fff8c20) 
thrown [s\src\hotspot\share\classfile\systemDictionary.cpp, line 256]
Event: 33.898 Thread 0x00000224cdc86680 Exception <a 'java/lang/ClassNotFoundException'{0x0000000088e128e0}: org/gradle/api/internal/project/DefaultProjectCustomizer> (0x0000000088e128e0) 
thrown [s\src\hotspot\share\classfile\systemDictionary.cpp, line 256]
Event: 33.939 Thread 0x00000224cdc86680 Exception <a 'java/lang/ClassNotFoundException'{0x0000000088ec8ff8}: org/gradle/api/internal/project/DefaultProject_DecoratedCustomizer> (0x0000000088ec8ff8) 
thrown [s\src\hotspot\share\classfile\systemDictionary.cpp, line 256]
Event: 33.986 Thread 0x00000224cdc86680 Exception <a 'java/lang/IncompatibleClassChangeError'{0x0000000088c4db20}: Found class java.lang.Object, but interface was expected> (0x0000000088c4db20) 
thrown [s\src\hotspot\share\interpreter\linkResolver.cpp, line 826]
Event: 34.023 Thread 0x00000224cdc86680 Exception <a 'java/lang/ClassNotFoundException'{0x0000000088719e80}: org/gradle/api/internal/project/DefaultAntBuilderBeanInfo> (0x0000000088719e80) 
thrown [s\src\hotspot\share\classfile\systemDictionary.cpp, line 256]
Event: 34.029 Thread 0x00000224cdc86680 Exception <a 'java/lang/ClassNotFoundException'{0x0000000088735bc8}: org/gradle/api/internal/project/ant/BasicAntBuilderBeanInfo> (0x0000000088735bc8) 
thrown [s\src\hotspot\share\classfile\systemDictionary.cpp, line 256]
Event: 34.030 Thread 0x00000224cdc86680 Exception <a 'java/lang/ClassNotFoundException'{0x0000000088750d58}: org/gradle/api/AntBuilderBeanInfo> (0x0000000088750d58) 
thrown [s\src\hotspot\share\classfile\systemDictionary.cpp, line 256]
Event: 34.031 Thread 0x00000224cdc86680 Exception <a 'java/lang/ClassNotFoundException'{0x000000008876e318}: groovy/ant/AntBuilderBeanInfo> (0x000000008876e318) 
thrown [s\src\hotspot\share\classfile\systemDictionary.cpp, line 256]
Event: 34.032 Thread 0x00000224cdc86680 Exception <a 'java/lang/ClassNotFoundException'{0x00000000887da450}: groovy/util/BuilderSupportBeanInfo> (0x00000000887da450) 
thrown [s\src\hotspot\share\classfile\systemDictionary.cpp, line 256]
Event: 34.034 Thread 0x00000224cdc86680 Exception <a 'java/lang/ClassNotFoundException'{0x00000000886468c8}: groovy/util/BuilderSupportCustomizer> (0x00000000886468c8) 
thrown [s\src\hotspot\share\classfile\systemDictionary.cpp, line 256]
Event: 34.035 Thread 0x00000224cdc86680 Exception <a 'java/lang/ClassNotFoundException'{0x0000000088666200}: groovy/ant/AntBuilderCustomizer> (0x0000000088666200) 
thrown [s\src\hotspot\share\classfile\systemDictionary.cpp, line 256]
Event: 34.036 Thread 0x00000224cdc86680 Exception <a 'java/lang/ClassNotFoundException'{0x00000000886862f0}: org/gradle/api/AntBuilderCustomizer> (0x00000000886862f0) 
thrown [s\src\hotspot\share\classfile\systemDictionary.cpp, line 256]
Event: 34.037 Thread 0x00000224cdc86680 Exception <a 'java/lang/ClassNotFoundException'{0x00000000886ad278}: org/gradle/api/internal/project/ant/BasicAntBuilderCustomizer> (0x00000000886ad278) 
thrown [s\src\hotspot\share\classfile\systemDictionary.cpp, line 256]
Event: 34.039 Thread 0x00000224cdc86680 Exception <a 'java/lang/ClassNotFoundException'{0x00000000886daef0}: org/gradle/api/internal/project/DefaultAntBuilderCustomizer> (0x00000000886daef0) 
thrown [s\src\hotspot\share\classfile\systemDictionary.cpp, line 256]
Event: 34.107 Thread 0x00000224cdc86680 Exception <a 'java/lang/IncompatibleClassChangeError'{0x00000000884f3ff8}: Found class java.lang.Object, but interface was expected> (0x00000000884f3ff8) 
thrown [s\src\hotspot\share\interpreter\linkResolver.cpp, line 826]

VM Operations (20 events):
Event: 33.294 Executing VM operation: HandshakeAllThreads
Event: 33.294 Executing VM operation: HandshakeAllThreads done
Event: 33.499 Executing VM operation: ICBufferFull
Event: 33.499 Executing VM operation: ICBufferFull done
Event: 33.586 Executing VM operation: G1TryInitiateConcMark
Event: 33.596 Executing VM operation: G1TryInitiateConcMark done
Event: 33.629 Executing VM operation: HandshakeAllThreads
Event: 33.629 Executing VM operation: HandshakeAllThreads done
Event: 33.641 Executing VM operation: G1PauseRemark
Event: 33.645 Executing VM operation: G1PauseRemark done
Event: 33.669 Executing VM operation: G1PauseCleanup
Event: 33.669 Executing VM operation: G1PauseCleanup done
Event: 33.699 Executing VM operation: G1TryInitiateConcMark
Event: 33.705 Executing VM operation: G1TryInitiateConcMark done
Event: 33.755 Executing VM operation: G1PauseRemark
Event: 33.760 Executing VM operation: G1PauseRemark done
Event: 33.783 Executing VM operation: G1PauseCleanup
Event: 33.783 Executing VM operation: G1PauseCleanup done
Event: 34.451 Executing VM operation: G1CollectForAllocation
Event: 34.456 Executing VM operation: G1CollectForAllocation done

Events (20 events):
Event: 34.999 loading class javax/xml/parsers/DocumentBuilderFactory
Event: 34.999 loading class javax/xml/parsers/DocumentBuilderFactory done
Event: 34.999 loading class javax/xml/parsers/FactoryFinder
Event: 34.999 loading class javax/xml/parsers/FactoryFinder done
Event: 34.999 loading class javax/xml/parsers/FactoryFinder$1
Event: 34.999 loading class javax/xml/parsers/FactoryFinder$1 done
Event: 35.000 loading class com/sun/org/apache/xerces/internal/jaxp/DocumentBuilderFactoryImpl
Event: 35.000 loading class com/sun/org/apache/xerces/internal/jaxp/DocumentBuilderFactoryImpl done
Event: 35.000 loading class com/sun/org/apache/xerces/internal/utils/XMLSecurityManager
Event: 35.001 loading class com/sun/org/apache/xerces/internal/utils/XMLSecurityManager done
Event: 35.001 loading class com/sun/org/apache/xerces/internal/utils/XMLSecurityManager$Limit
Event: 35.001 loading class com/sun/org/apache/xerces/internal/utils/XMLSecurityManager$Limit done
Event: 35.001 loading class com/sun/org/apache/xerces/internal/utils/XMLSecurityManager$NameMap
Event: 35.001 loading class com/sun/org/apache/xerces/internal/utils/XMLSecurityManager$NameMap done
Event: 35.001 loading class com/sun/org/apache/xerces/internal/utils/XMLSecurityPropertyManager
Event: 35.002 loading class com/sun/org/apache/xerces/internal/utils/XMLSecurityPropertyManager done
Event: 35.002 loading class com/sun/org/apache/xerces/internal/utils/XMLSecurityPropertyManager$State
Event: 35.002 loading class com/sun/org/apache/xerces/internal/utils/XMLSecurityPropertyManager$State done
Event: 35.002 loading class com/sun/org/apache/xerces/internal/utils/XMLSecurityPropertyManager$Property
Event: 35.002 loading class com/sun/org/apache/xerces/internal/utils/XMLSecurityPropertyManager$Property done


Dynamic libraries:
0x00007ff6a5960000 - 0x00007ff6a596e000 	C:\Program Files\OpenLogic\jdk-17.0.10.7-hotspot\bin\java.exe
0x00007ffbe9cb0000 - 0x00007ffbe9ec7000 	C:\Windows\SYSTEM32\ntdll.dll
0x00007ffbe8100000 - 0x00007ffbe81c4000 	C:\Windows\System32\KERNEL32.DLL
0x00007ffbe71a0000 - 0x00007ffbe754c000 	C:\Windows\System32\KERNELBASE.dll
0x00007ffbe6cf0000 - 0x00007ffbe6e3c000 	C:\Windows\system32\hmpalert.dll
0x00007ffbe7610000 - 0x00007ffbe7721000 	C:\Windows\System32\ucrtbase.dll
0x00007ffbc3050000 - 0x00007ffbc3067000 	C:\Program Files\OpenLogic\jdk-17.0.10.7-hotspot\bin\jli.dll
0x00007ffbe79f0000 - 0x00007ffbe7b9e000 	C:\Windows\System32\USER32.dll
0x00007ffbe7100000 - 0x00007ffbe7126000 	C:\Windows\System32\win32u.dll
0x00007ffbe98c0000 - 0x00007ffbe98e9000 	C:\Windows\System32\GDI32.dll
0x00007ffbe6fe0000 - 0x00007ffbe70f9000 	C:\Windows\System32\gdi32full.dll
0x00007ffbe7730000 - 0x00007ffbe77ca000 	C:\Windows\System32\msvcp_win.dll
0x00007ffbe6160000 - 0x00007ffbe63f3000 	C:\Windows\WinSxS\amd64_microsoft.windows.common-controls_6595b64144ccf1df_6.0.22621.3672_none_2713b9d173822955\COMCTL32.dll
0x00007ffbe9180000 - 0x00007ffbe9227000 	C:\Windows\System32\msvcrt.dll
0x00007ffbc9660000 - 0x00007ffbc967b000 	C:\Program Files\OpenLogic\jdk-17.0.10.7-hotspot\bin\VCRUNTIME140.dll
0x00007ffbe9230000 - 0x00007ffbe9261000 	C:\Windows\System32\IMM32.DLL
0x00007ffbce520000 - 0x00007ffbce52c000 	C:\Program Files\OpenLogic\jdk-17.0.10.7-hotspot\bin\vcruntime140_1.dll
0x00007ffbc1d90000 - 0x00007ffbc1e1d000 	C:\Program Files\OpenLogic\jdk-17.0.10.7-hotspot\bin\msvcp140.dll
0x00007ffb72c20000 - 0x00007ffb73882000 	C:\Program Files\OpenLogic\jdk-17.0.10.7-hotspot\bin\server\jvm.dll
0x00007ffbe98f0000 - 0x00007ffbe99a2000 	C:\Windows\System32\ADVAPI32.dll
0x00007ffbe8f30000 - 0x00007ffbe8fda000 	C:\Windows\System32\sechost.dll
0x00007ffbe77d0000 - 0x00007ffbe77f8000 	C:\Windows\System32\bcrypt.dll
0x00007ffbe7ba0000 - 0x00007ffbe7cb5000 	C:\Windows\System32\RPCRT4.dll
0x00007ffbab120000 - 0x00007ffbab129000 	C:\Windows\SYSTEM32\WSOCK32.dll
0x00007ffbe9050000 - 0x00007ffbe90c1000 	C:\Windows\System32\WS2_32.dll
0x00007ffbe6ba0000 - 0x00007ffbe6bed000 	C:\Windows\SYSTEM32\POWRPROF.dll
0x00007ffbd8c20000 - 0x00007ffbd8c54000 	C:\Windows\SYSTEM32\WINMM.dll
0x00007ffbe0d90000 - 0x00007ffbe0d9a000 	C:\Windows\SYSTEM32\VERSION.dll
0x00007ffbe6b80000 - 0x00007ffbe6b93000 	C:\Windows\SYSTEM32\UMPDC.dll
0x00007ffbe57d0000 - 0x00007ffbe57e8000 	C:\Windows\SYSTEM32\kernel.appcore.dll
0x00007ffbc9ba0000 - 0x00007ffbc9baa000 	C:\Program Files\OpenLogic\jdk-17.0.10.7-hotspot\bin\jimage.dll
0x00007ffbe6620000 - 0x00007ffbe6852000 	C:\Windows\SYSTEM32\DBGHELP.DLL
0x00007ffbe8340000 - 0x00007ffbe86c8000 	C:\Windows\System32\combase.dll
0x00007ffbe8260000 - 0x00007ffbe8337000 	C:\Windows\System32\OLEAUT32.dll
0x00007ffbe65e0000 - 0x00007ffbe6612000 	C:\Windows\SYSTEM32\dbgcore.DLL
0x00007ffbe7970000 - 0x00007ffbe79eb000 	C:\Windows\System32\bcryptPrimitives.dll
0x00007ffbc2060000 - 0x00007ffbc206e000 	C:\Program Files\OpenLogic\jdk-17.0.10.7-hotspot\bin\instrument.dll
0x00007ffbc3020000 - 0x00007ffbc3045000 	C:\Program Files\OpenLogic\jdk-17.0.10.7-hotspot\bin\java.dll
0x00007ffba1140000 - 0x00007ffba1216000 	C:\Program Files\OpenLogic\jdk-17.0.10.7-hotspot\bin\jsvml.dll
0x00007ffbe86d0000 - 0x00007ffbe8f2c000 	C:\Windows\System32\SHELL32.dll
0x00007ffbe46f0000 - 0x00007ffbe4fe7000 	C:\Windows\SYSTEM32\windows.storage.dll
0x00007ffbe45b0000 - 0x00007ffbe46ef000 	C:\Windows\SYSTEM32\wintypes.dll
0x00007ffbe99b0000 - 0x00007ffbe9aa4000 	C:\Windows\System32\SHCORE.dll
0x00007ffbe92d0000 - 0x00007ffbe932e000 	C:\Windows\System32\shlwapi.dll
0x00007ffbe6f10000 - 0x00007ffbe6f31000 	C:\Windows\SYSTEM32\profapi.dll
0x00007ffbc20f0000 - 0x00007ffbc2108000 	C:\Program Files\OpenLogic\jdk-17.0.10.7-hotspot\bin\zip.dll
0x00007ffbc3000000 - 0x00007ffbc3019000 	C:\Program Files\OpenLogic\jdk-17.0.10.7-hotspot\bin\net.dll
0x00007ffbe2f90000 - 0x00007ffbe30c6000 	C:\Windows\SYSTEM32\WINHTTP.dll
0x00007ffbe5bf0000 - 0x00007ffbe5c59000 	C:\Windows\system32\mswsock.dll
0x00007ffbc2fe0000 - 0x00007ffbc2ff6000 	C:\Program Files\OpenLogic\jdk-17.0.10.7-hotspot\bin\nio.dll
0x00007ffbc9650000 - 0x00007ffbc9660000 	C:\Program Files\OpenLogic\jdk-17.0.10.7-hotspot\bin\verify.dll
0x00007ffbc2070000 - 0x00007ffbc2097000 	C:\Users\MAHE\.gradle\native\68d5fa5c4cc2d200863cafc0d521ce42e7d3e7ee720ec0a83991735586a16f82\windows-amd64\native-platform.dll
0x00007ffb9b3d0000 - 0x00007ffb9b514000 	C:\Users\MAHE\.gradle\native\e376f236ea51e6404a007f0833ffe2c6e607c4080706a723a18a27aeea778392\windows-amd64\native-platform-file-events.dll
0x00007ffbc2fd0000 - 0x00007ffbc2fd9000 	C:\Program Files\OpenLogic\jdk-17.0.10.7-hotspot\bin\management.dll
0x00007ffbc20e0000 - 0x00007ffbc20eb000 	C:\Program Files\OpenLogic\jdk-17.0.10.7-hotspot\bin\management_ext.dll
0x00007ffbe9330000 - 0x00007ffbe9338000 	C:\Windows\System32\PSAPI.DLL
0x00007ffbe6a20000 - 0x00007ffbe6a3b000 	C:\Windows\SYSTEM32\CRYPTSP.dll
0x00007ffbe5730000 - 0x00007ffbe5765000 	C:\Windows\system32\rsaenh.dll
0x00007ffbe5cf0000 - 0x00007ffbe5d18000 	C:\Windows\SYSTEM32\USERENV.dll
0x00007ffbe5e90000 - 0x00007ffbe5e9c000 	C:\Windows\SYSTEM32\CRYPTBASE.dll
0x00007ffbe5250000 - 0x00007ffbe527d000 	C:\Windows\SYSTEM32\IPHLPAPI.DLL
0x00007ffbe8250000 - 0x00007ffbe8259000 	C:\Windows\System32\NSI.dll
0x00007ffbe2b50000 - 0x00007ffbe2b69000 	C:\Windows\SYSTEM32\dhcpcsvc6.DLL
0x00007ffbe2b30000 - 0x00007ffbe2b4f000 	C:\Windows\SYSTEM32\dhcpcsvc.DLL
0x00007ffbe5280000 - 0x00007ffbe5378000 	C:\Windows\SYSTEM32\DNSAPI.dll
0x00007ffbc20d0000 - 0x00007ffbc20d8000 	C:\Program Files\OpenLogic\jdk-17.0.10.7-hotspot\bin\extnet.dll
0x00007ffbc1d80000 - 0x00007ffbc1d8e000 	C:\Program Files\OpenLogic\jdk-17.0.10.7-hotspot\bin\sunmscapi.dll
0x00007ffbe7800000 - 0x00007ffbe7967000 	C:\Windows\System32\CRYPT32.dll
0x00007ffbe6040000 - 0x00007ffbe606e000 	C:\Windows\SYSTEM32\ncrypt.dll
0x00007ffbe5f50000 - 0x00007ffbe5f87000 	C:\Windows\SYSTEM32\NTASN1.dll
0x00007ffba0c10000 - 0x00007ffba0c18000 	C:\Windows\system32\wshunix.dll

dbghelp: loaded successfully - version: 4.0.5 - missing functions: none
symbol engine: initialized successfully - sym options: 0x614 - pdb path: .;C:\Program Files\OpenLogic\jdk-17.0.10.7-hotspot\bin;C:\Windows\SYSTEM32;C:\Windows\WinSxS\amd64_microsoft.windows.common-controls_6595b64144ccf1df_6.0.22621.3672_none_2713b9d173822955;C:\Program Files\OpenLogic\jdk-17.0.10.7-hotspot\bin\server;C:\Users\MAHE\.gradle\native\68d5fa5c4cc2d200863cafc0d521ce42e7d3e7ee720ec0a83991735586a16f82\windows-amd64;C:\Users\MAHE\.gradle\native\e376f236ea51e6404a007f0833ffe2c6e607c4080706a723a18a27aeea778392\windows-amd64

VM Arguments:
jvm_args: -XX:MaxMetaspaceSize=512m --add-opens=java.base/java.util=ALL-UNNAMED --add-opens=java.base/java.lang=ALL-UNNAMED --add-opens=java.base/java.lang.invoke=ALL-UNNAMED --add-opens=java.prefs/java.util.prefs=ALL-UNNAMED --add-opens=java.base/java.nio.charset=ALL-UNNAMED --add-opens=java.base/java.net=ALL-UNNAMED --add-opens=java.base/java.util.concurrent.atomic=ALL-UNNAMED -Xmx2048m -Dfile.encoding=windows-1252 -Duser.country=IN -Duser.language=en -Duser.variant -javaagent:C:\Users\MAHE\.gradle\wrapper\dists\gradle-8.3-all\6en3ugtfdg5xnpx44z4qbwgas\gradle-8.3\lib\agents\gradle-instrumentation-agent-8.3.jar 
java_command: org.gradle.launcher.daemon.bootstrap.GradleDaemon 8.3
java_class_path (initial): C:\Users\MAHE\.gradle\wrapper\dists\gradle-8.3-all\6en3ugtfdg5xnpx44z4qbwgas\gradle-8.3\lib\gradle-launcher-8.3.jar
Launcher Type: SUN_STANDARD

[Global flags]
     intx CICompilerCount                          = 3                                         {product} {ergonomic}
   size_t CompressedClassSpaceSize                 = 436207616                                 {product} {ergonomic}
     uint ConcGCThreads                            = 1                                         {product} {ergonomic}
     uint G1ConcRefinementThreads                  = 4                                         {product} {ergonomic}
   size_t G1HeapRegionSize                         = 1048576                                   {product} {ergonomic}
    uintx GCDrainStackTargetSize                   = 64                                        {product} {ergonomic}
   size_t InitialHeapSize                          = 268435456                                 {product} {ergonomic}
   size_t MarkStackSize                            = 4194304                                   {product} {ergonomic}
   size_t MaxHeapSize                              = 2147483648                                {product} {command line}
   size_t MaxMetaspaceSize                         = 536870912                                 {product} {command line}
   size_t MaxNewSize                               = 1287651328                                {product} {ergonomic}
   size_t MinHeapDeltaBytes                        = 1048576                                   {product} {ergonomic}
   size_t MinHeapSize                              = 8388608                                   {product} {ergonomic}
    uintx NonNMethodCodeHeapSize                   = 5832780                                {pd product} {ergonomic}
    uintx NonProfiledCodeHeapSize                  = 122912730                              {pd product} {ergonomic}
    uintx ProfiledCodeHeapSize                     = 122912730                              {pd product} {ergonomic}
    uintx ReservedCodeCacheSize                    = 251658240                              {pd product} {ergonomic}
     bool SegmentedCodeCache                       = true                                      {product} {ergonomic}
   size_t SoftMaxHeapSize                          = 2147483648                             {manageable} {ergonomic}
     bool UseCompressedClassPointers               = true                           {product lp64_product} {ergonomic}
     bool UseCompressedOops                        = true                           {product lp64_product} {ergonomic}
     bool UseG1GC                                  = true                                      {product} {ergonomic}
     bool UseLargePagesIndividualAllocation        = false                                  {pd product} {ergonomic}

Logging:
Log output configuration:
 #0: stdout all=warning uptime,level,tags
 #1: stderr all=off uptime,level,tags

Environment Variables:
JAVA_HOME=C:\Program Files\OpenLogic\jdk-17.0.10.7-hotspot\
CLASSPATH=C:\Users\MAHE\Documents\DOC APP BACKUP FILES\april30_\demo1_joyson1\android\\gradle\wrapper\gradle-wrapper.jar
PATH=C:\Users\MAHE\Documents\DOC APP BACKUP FILES\april30_\demo1_joyson1\node_modules\.bin;C:\Users\MAHE\Documents\DOC APP BACKUP FILES\april30_\demo1_joyson1\node_modules\.bin;C:\Users\MAHE\Documents\DOC APP BACKUP FILES\april30_\node_modules\.bin;C:\Users\MAHE\Documents\DOC APP BACKUP FILES\node_modules\.bin;C:\Users\MAHE\Documents\node_modules\.bin;C:\Users\MAHE\node_modules\.bin;C:\Users\node_modules\.bin;C:\node_modules\.bin;C:\Users\MAHE\AppData\Roaming\npm\node_modules\npm\node_modules\@npmcli\run-script\lib\node-gyp-bin;C:\Program Files\OpenLogic\jdk-17.0.10.7-hotspot\bin;C:\Python312\Scripts\;C:\Python312\;C:\Windows\system32;C:\Windows;C:\Windows\System32\Wbem;C:\Windows\System32\WindowsPowerShell\v1.0\;C:\Windows\System32\OpenSSH\;C:\Program Files\nodejs\;C:\ProgramData\chocolatey\bin;C:\Program Files\Git\cmd;C:\Program Files\Git\bin;C:\Program Files (x86)\Microsoft SQL Server\160\Tools\Binn\;C:\Program Files\Microsoft SQL Server\160\Tools\Binn\;C:\Program Files\Microsoft SQL Server\Client SDK\ODBC\170\Tools\Binn\;C:\Program Files\Microsoft SQL Server\160\DTS\Binn\;C:\Program Files (x86)\Microsoft SQL Server\160\DTS\Binn\;C:\Program Files\Azure Data Studio\bin;C:\Users\MAHE\AppData\Local\Microsoft\WindowsApps;C:\Users\MAHE\AppData\Local\Programs\Microsoft VS Code\bin;C:\Users\MAHE\AppData\Roaming\npm;C:\Users\MAHE\AppData\Local\Android\Sdk;C:\Users\MAHE\AppData\Local\Android\Sdk\platform-tools;C:\Users\MAHE\AppData\Local\Android\Sdk\emulator;C:\Program Files\Git\bin;C:\Program Files\Azure Data Studio\bin;
USERNAME=MAHE
LANG=en_US.UTF-8
OS=Windows_NT
PROCESSOR_IDENTIFIER=Intel64 Family 6 Model 60 Stepping 3, GenuineIntel
TMP=C:\Users\MAHE\AppData\Local\Temp
TEMP=C:\Users\MAHE\AppData\Local\Temp



Periodic native trim disabled


---------------  S Y S T E M  ---------------

OS:
 Windows 11 , 64 bit Build 22621 (10.0.22621.3672)
OS uptime: 0 days 0:31 hours

CPU: total 4 (initial active 4) (4 cores per cpu, 1 threads per core) family 6 model 60 stepping 3 microcode 0x28, cx8, cmov, fxsr, mmx, sse, sse2, sse3, ssse3, sse4.1, sse4.2, popcnt, lzcnt, tsc, tscinvbit, avx, avx2, aes, erms, clmul, bmi1, bmi2, fma, vzeroupper, clflush
Processor Information for all 4 processors :
  Max Mhz: 3001, Current Mhz: 3001, Mhz Limit: 3001

Memory: 4k page, system-wide physical 16309M (6105M free)
TotalPageFile size 32693M (AvailPageFile size 19312M)
current process WorkingSet (physical memory assigned to process): 256M, peak: 261M
current process commit charge ("private bytes"): 290M, peak: 409M

vm_info: OpenJDK 64-Bit Server VM (17.0.10+7-adhoc..jdk17u) for windows-amd64 JRE (17.0.10+7-adhoc..jdk17u), built on Jan 24 2024 08:51:31 by "" with MS VC++ 16.10 / 16.11 (VS2019)

END.
