#
# A fatal error has been detected by the Java Runtime Environment:
#
#  EXCEPTION_ACCESS_VIOLATION (0xc0000005) at pc=0x0000000000070000, pid=12348, tid=12408
#
# JRE version: OpenJDK Runtime Environment OpenLogic-OpenJDK (17.0.10+7) (build 17.0.10+7-adhoc..jdk17u)
# Java VM: OpenJDK 64-Bit Server VM OpenLogic-OpenJDK (17.0.10+7-adhoc..jdk17u, mixed mode, sharing, tiered, compressed oops, compressed class ptrs, g1 gc, windows-amd64)
# Problematic frame:
# V  [jvm.dll+0x676b3c]
#
# No core dump will be written. Minidumps are not enabled by default on client versions of Windows
#
# If you would like to submit a bug report, please visit:
#   https://techsupport.roguewave.com/
#

---------------  S U M M A R Y ------------

Command Line: -XX:MaxMetaspaceSize=512m --add-opens=java.base/java.util=ALL-UNNAMED --add-opens=java.base/java.lang=ALL-UNNAMED --add-opens=java.base/java.lang.invoke=ALL-UNNAMED --add-opens=java.prefs/java.util.prefs=ALL-UNNAMED --add-opens=java.base/java.nio.charset=ALL-UNNAMED --add-opens=java.base/java.net=ALL-UNNAMED --add-opens=java.base/java.util.concurrent.atomic=ALL-UNNAMED -Xmx2048m -Dfile.encoding=windows-1252 -Duser.country=IN -Duser.language=en -Duser.variant -javaagent:C:\Users\MAHE\.gradle\wrapper\dists\gradle-8.3-all\6en3ugtfdg5xnpx44z4qbwgas\gradle-8.3\lib\agents\gradle-instrumentation-agent-8.3.jar org.gradle.launcher.daemon.bootstrap.GradleDaemon 8.3

Host: Intel(R) Core(TM) i5-4590S CPU @ 3.00GHz, 4 cores, 15G,  Windows 11 , 64 bit Build 22621 (10.0.22621.3672)
Time: Fri Jun 21 10:05:04 2024 India Standard Time elapsed time: 27.495448 seconds (0d 0h 0m 27s)

---------------  T H R E A D  ---------------

Current thread (0x0000023e582755f0):  ConcurrentGCThread "G1 Conc#0" [stack: 0x0000005d4c500000,0x0000005d4c600000] [id=12408]

Stack: [0x0000005d4c500000,0x0000005d4c600000],  sp=0x0000005d4c5ff9a0,  free space=1022k
Native frames: (J=compiled Java code, j=interpreted, Vv=VM code, C=native code)
C  0x0000000000070000


siginfo: EXCEPTION_ACCESS_VIOLATION (0xc0000005), data execution prevention violation at address 0x0000000000070000


Registers:
RAX=0x0000005d4c5ff9f0, RBX=0x0000023e58278a30, RCX=0xfffffffffffffffe, RDX=0x0000005d4c5ff9d0
RSP=0x0000005d4c5ff998, RBP=0x0000023e58262b30, RSI=0x0000005d4c5ffae0, RDI=0x0000023e58278a30
R8 =0x0000005d4c5ffa08, R9 =0x0000005d4c5ff9f8, R10=0x0000000000000010, R11=0x0000000000000003
R12=0x0000000000000000, R13=0xaaaaaaaaaaaaaaab, R14=0x0000000000000001, R15=0x0000005d4c5ffae0
RIP=0x0000000000070000, EFLAGS=0x0000000000010206


Register to memory mapping:

RIP=0x0000000000070000 is an unknown value
RAX=0x0000005d4c5ff9f0 points into unknown readable memory: 0x0000000000000007 | 07 00 00 00 00 00 00 00
RBX=0x0000023e58278a30 points into unknown readable memory: 0x00007ffb75234b48 | 48 4b 23 75 fb 7f 00 00
RCX=0xfffffffffffffffe is an unknown value
RDX=0x0000005d4c5ff9d0 points into unknown readable memory: 0x0000005d4c5ffae0 | e0 fa 5f 4c 5d 00 00 00
RSP=0x0000005d4c5ff998 points into unknown readable memory: 0x00007ffb74f56b3c | 3c 6b f5 74 fb 7f 00 00
RBP=0x0000023e58262b30 points into unknown readable memory: 0x00007ffb75234b38 | 38 4b 23 75 fb 7f 00 00
RSI=0x0000005d4c5ffae0 points into unknown readable memory: 0x0000023e58262ae0 | e0 2a 26 58 3e 02 00 00
RDI=0x0000023e58278a30 points into unknown readable memory: 0x00007ffb75234b48 | 48 4b 23 75 fb 7f 00 00
R8 =0x0000005d4c5ffa08 points into unknown readable memory: 0x0000000000000040 | 40 00 00 00 00 00 00 00
R9 =0x0000005d4c5ff9f8 points into unknown readable memory: 0x00000000810c9bd0 | d0 9b 0c 81 00 00 00 00
R10=0x0000000000000010 is an unknown value
R11=0x0000000000000003 is an unknown value
R12=0x0 is NULL
R13=0xaaaaaaaaaaaaaaab is an unknown value
R14=0x0000000000000001 is an unknown value
R15=0x0000005d4c5ffae0 points into unknown readable memory: 0x0000023e58262ae0 | e0 2a 26 58 3e 02 00 00


Top of Stack: (sp=0x0000005d4c5ff998)
0x0000005d4c5ff998:   00007ffb74f56b3c 00000000810c9c08
0x0000005d4c5ff9a8:   00007ffb74bb6b2d 0000005d4c5ffb20
0x0000005d4c5ff9b8:   00007ffb74bb714d 0000005d4c5ff9f0
0x0000005d4c5ff9c8:   00007ffb74bb6771 0000005d4c5ffae0
0x0000005d4c5ff9d8:   0000000000000001 0000023e00001528
0x0000005d4c5ff9e8:   00007ffb74bcb5de 0000000000000007
0x0000005d4c5ff9f8:   00000000810c9bd0 0000005d4c5ffb20
0x0000005d4c5ffa08:   0000000000000040 00000000810c9bd0
0x0000005d4c5ffa18:   00007ffb74bcc350 00000000810c9bd0
0x0000005d4c5ffa28:   0000023e58262b30 0000005d4c5ffae0
0x0000005d4c5ffa38:   0000023e58262b30 00000000810c9bd0
0x0000005d4c5ffa48:   00007ffb74bc8a91 000000000021937a
0x0000005d4c5ffa58:   0000000000000000 0000000080a5cc00
0x0000005d4c5ffa68:   00007ffb74bc9ff4 0000000000220000
0x0000005d4c5ffa78:   00007ffb74bca3ec 00000000810c9bb8
0x0000005d4c5ffa88:   000000000021937a 000000000007270e
0x0000005d4c5ffa98:   0000000000000000 0000000000000000
0x0000005d4c5ffaa8:   0000000000000001 0000023e58278a30
0x0000005d4c5ffab8:   00007ffb74bc93c4 0000000000000555
0x0000005d4c5ffac8:   0000000000000000 0000005d4c4ff801
0x0000005d4c5ffad8:   0000000000000000 0000023e58262ae0
0x0000005d4c5ffae8:   0000023e58278a30 0000000081000000
0x0000005d4c5ffaf8:   0000000000020000 0000000081000000
0x0000005d4c5ffb08:   0000000000020000 0000000000000000
0x0000005d4c5ffb18:   000000000007270e 00007ffb75234b68
0x0000005d4c5ffb28:   0000023e5826bcf0 0000000000000003
0x0000005d4c5ffb38:   0000023e582197c0 0000023e58278a30
0x0000005d4c5ffb48:   00007ffb74f2de33 c215b08487ffcfdf
0x0000005d4c5ffb58:   0000000000000000 0000000000000000
0x0000005d4c5ffb68:   0000000000000000 0000000000000000
0x0000005d4c5ffb78:   0000023e582758c0 00000000000003d8
0x0000005d4c5ffb88:   0000023e58275c98 0000023e55f1c8c0 

Instructions: (pc=0x00007ffb74f56b3c)
0x00007ffb74f56a3c:   48 89 bc 24 68 01 00 00 ff 15 fe b9 21 00 4c 8b
0x00007ffb74f56a4c:   cb 4c 8d 44 24 30 48 8d 15 4f 34 33 00 89 44 24
0x00007ffb74f56a5c:   20 33 c9 8b f8 e8 7a 29 00 00 48 83 3d 32 2d 52
0x00007ffb74f56a6c:   00 00 74 17 44 8b cf 48 8d 54 24 30 4c 8b c3 48
0x00007ffb74f56a7c:   8d 0d 26 34 33 00 e8 49 80 ff ff 48 8b bc 24 68
0x00007ffb74f56a8c:   01 00 00 48 8b 8c 24 40 01 00 00 48 33 cc e8 91
0x00007ffb74f56a9c:   9a 21 00 48 81 c4 50 01 00 00 5b c3 cc cc cc cc
0x00007ffb74f56aac:   cc cc cc cc 0f b6 05 d2 c9 50 00 c3 cc cc cc cc
0x00007ffb74f56abc:   cc cc cc cc 48 83 ec 28 48 8d 4c 24 30 ff 15 c9
0x00007ffb74f56acc:   b6 21 00 48 63 4c 24 34 0f 57 c0 8b 44 24 30 0f
0x00007ffb74f56adc:   57 c9 f2 48 0f 2a 0d 41 2e 52 00 48 c1 e1 20 48
0x00007ffb74f56aec:   0b c8 48 2b 0d 2b 2e 52 00 f2 48 0f 2a c1 f2 0f
0x00007ffb74f56afc:   5e c1 48 83 c4 28 c3 cc cc cc cc cc cc cc cc cc
0x00007ffb74f56b0c:   cc cc cc cc 48 83 ec 48 ff 15 d6 b6 21 00 48 8b
0x00007ffb74f56b1c:   c8 4c 8d 4c 24 58 48 8d 44 24 50 4c 8d 44 24 68
0x00007ffb74f56b2c:   48 89 44 24 20 48 8d 54 24 30 ff 15 2c b9 21 00
0x00007ffb74f56b3c:   85 c0 74 7b 8b 44 24 50 49 bb 4b 59 86 38 d6 c5
0x00007ffb74f56b4c:   6d 34 48 63 4c 24 54 0f 57 c0 4c 63 44 24 5c 48
0x00007ffb74f56b5c:   c1 e1 20 48 0b c8 49 c1 e0 20 48 2b 0d 13 5a 4b
0x00007ffb74f56b6c:   00 49 8b c3 48 f7 e9 49 8b c3 4c 8b d2 49 c1 fa
0x00007ffb74f56b7c:   0b 49 8b ca 48 c1 e9 3f 4c 03 d1 8b 4c 24 58 4c
0x00007ffb74f56b8c:   0b c1 4c 2b 05 eb 59 4b 00 49 f7 e8 48 c1 fa 0b
0x00007ffb74f56b9c:   48 8b c2 49 03 d2 48 c1 e8 3f 48 03 c2 f2 48 0f
0x00007ffb74f56bac:   2a c0 f2 0f 5e 05 4a b8 29 00 48 83 c4 48 c3 48
0x00007ffb74f56bbc:   8d 4c 24 60 ff 15 d2 b5 21 00 48 63 4c 24 64 0f
0x00007ffb74f56bcc:   57 c0 8b 44 24 60 0f 57 c9 f2 48 0f 2a 0d 4a 2d
0x00007ffb74f56bdc:   52 00 48 c1 e1 20 48 0b c8 48 2b 0d 34 2d 52 00
0x00007ffb74f56bec:   f2 48 0f 2a c1 f2 0f 5e c1 48 83 c4 48 c3 cc cc
0x00007ffb74f56bfc:   cc cc cc cc 48 83 ec 28 48 8d 4c 24 30 ff 15 89
0x00007ffb74f56c0c:   b5 21 00 48 63 44 24 34 8b 4c 24 30 48 c1 e0 20
0x00007ffb74f56c1c:   48 0b c1 48 2b 05 fa 2c 52 00 48 83 c4 28 c3 cc
0x00007ffb74f56c2c:   cc cc cc cc 48 8b 05 f1 2c 52 00 c3 cc cc cc cc 


Stack slot to memory mapping:
stack at sp + 0 slots: 0x00000000810c9c08 is an oop: java.lang.String 
{0x00000000810c9c08} - klass: 'java/lang/String'
 - string: "org.gradle.api.artifacts.component.ComponentIdentifier"
stack at sp + 1 slots: 0x00007ffb74bb6b2d jvm.dll
stack at sp + 2 slots: 0x0000005d4c5ffb20 points into unknown readable memory: 0x00007ffb75234b68 | 68 4b 23 75 fb 7f 00 00
stack at sp + 3 slots: 0x00007ffb74bb714d jvm.dll
stack at sp + 4 slots: 0x0000005d4c5ff9f0 points into unknown readable memory: 0x0000000000000007 | 07 00 00 00 00 00 00 00
stack at sp + 5 slots: 0x00007ffb74bb6771 jvm.dll
stack at sp + 6 slots: 0x0000005d4c5ffae0 points into unknown readable memory: 0x0000023e58262ae0 | e0 2a 26 58 3e 02 00 00
stack at sp + 7 slots: 0x0000000000000001 is an unknown value


---------------  P R O C E S S  ---------------

Threads class SMR info:
_java_thread_list=0x0000023e7f0d3ab0, length=39, elements={
0x0000023e58208010, 0x0000023e7719cca0, 0x0000023e7719f2d0, 0x0000023e771afc50,
0x0000023e771b37a0, 0x0000023e771b4160, 0x0000023e771b4b20, 0x0000023e771b78d0,
0x0000023e771baf30, 0x0000023e772c6850, 0x0000023e77186940, 0x0000023e7756ab40,
0x0000023e7d075770, 0x0000023e7d884af0, 0x0000023e7df4fc80, 0x0000023e7da5cce0,
0x0000023e7df63780, 0x0000023e7ceb3580, 0x0000023e7d5a72e0, 0x0000023e7756a330,
0x0000023e775689e0, 0x0000023e77566b80, 0x0000023e77567ab0, 0x0000023e775684d0,
0x0000023e77569400, 0x0000023e77569910, 0x0000023e7d86ac90, 0x0000023e7d86a780,
0x0000023e7d86caf0, 0x0000023e7d869d60, 0x0000023e7d867f00, 0x0000023e7d8679f0,
0x0000023e7d866ac0, 0x0000023e7d866fd0, 0x0000023e7d868920, 0x0000023e7d86bbc0,
0x0000023e7d86c0d0, 0x0000023e7d86c5e0, 0x0000023e7d7152d0
}

Java Threads: ( => current thread )
  0x0000023e58208010 JavaThread "main" [_thread_blocked, id=12392, stack(0x0000005d4c200000,0x0000005d4c300000)]
  0x0000023e7719cca0 JavaThread "Reference Handler" daemon [_thread_blocked, id=12424, stack(0x0000005d4c900000,0x0000005d4ca00000)]
  0x0000023e7719f2d0 JavaThread "Finalizer" daemon [_thread_blocked, id=12428, stack(0x0000005d4ca00000,0x0000005d4cb00000)]
  0x0000023e771afc50 JavaThread "Signal Dispatcher" daemon [_thread_blocked, id=12432, stack(0x0000005d4cb00000,0x0000005d4cc00000)]
  0x0000023e771b37a0 JavaThread "Attach Listener" daemon [_thread_blocked, id=12436, stack(0x0000005d4cc00000,0x0000005d4cd00000)]
  0x0000023e771b4160 JavaThread "Service Thread" daemon [_thread_blocked, id=12440, stack(0x0000005d4cd00000,0x0000005d4ce00000)]
  0x0000023e771b4b20 JavaThread "Monitor Deflation Thread" daemon [_thread_blocked, id=12444, stack(0x0000005d4ce00000,0x0000005d4cf00000)]
  0x0000023e771b78d0 JavaThread "C2 CompilerThread0" daemon [_thread_in_native, id=12448, stack(0x0000005d4cf00000,0x0000005d4d000000)]
  0x0000023e771baf30 JavaThread "C1 CompilerThread0" daemon [_thread_blocked, id=12452, stack(0x0000005d4d000000,0x0000005d4d100000)]
  0x0000023e772c6850 JavaThread "Sweeper thread" daemon [_thread_blocked, id=12456, stack(0x0000005d4d100000,0x0000005d4d200000)]
  0x0000023e77186940 JavaThread "Common-Cleaner" daemon [_thread_blocked, id=12460, stack(0x0000005d4d200000,0x0000005d4d300000)]
  0x0000023e7756ab40 JavaThread "Notification Thread" daemon [_thread_blocked, id=12468, stack(0x0000005d4d400000,0x0000005d4d500000)]
  0x0000023e7d075770 JavaThread "Daemon health stats" [_thread_blocked, id=12668, stack(0x0000005d4d900000,0x0000005d4da00000)]
  0x0000023e7d884af0 JavaThread "Incoming local TCP Connector on port 49974" [_thread_in_native, id=12692, stack(0x0000005d4da00000,0x0000005d4db00000)]
  0x0000023e7df4fc80 JavaThread "Daemon periodic checks" [_thread_blocked, id=12696, stack(0x0000005d4db00000,0x0000005d4dc00000)]
  0x0000023e7da5cce0 JavaThread "Daemon" [_thread_blocked, id=12712, stack(0x0000005d4d300000,0x0000005d4d400000)]
  0x0000023e7df63780 JavaThread "Handler for socket connection from /127.0.0.1:49974 to /127.0.0.1:49975" [_thread_in_native, id=12716, stack(0x0000005d4dc00000,0x0000005d4dd00000)]
  0x0000023e7ceb3580 JavaThread "Cancel handler" [_thread_blocked, id=12728, stack(0x0000005d4dd00000,0x0000005d4de00000)]
  0x0000023e7d5a72e0 JavaThread "Daemon worker" [_thread_in_native, id=12736, stack(0x0000005d4de00000,0x0000005d4df00000)]
  0x0000023e7756a330 JavaThread "Asynchronous log dispatcher for DefaultDaemonConnection: socket connection from /127.0.0.1:49974 to /127.0.0.1:49975" [_thread_blocked, id=12748, stack(0x0000005d4df00000,0x0000005d4e000000)]
  0x0000023e775689e0 JavaThread "Stdin handler" [_thread_blocked, id=12752, stack(0x0000005d4e000000,0x0000005d4e100000)]
  0x0000023e77566b80 JavaThread "Daemon client event forwarder" [_thread_blocked, id=12756, stack(0x0000005d4e100000,0x0000005d4e200000)]
  0x0000023e77567ab0 JavaThread "Cache worker for journal cache (C:\Users\MAHE\.gradle\caches\journal-1)" [_thread_blocked, id=12836, stack(0x0000005d4e200000,0x0000005d4e300000)]
  0x0000023e775684d0 JavaThread "File lock request listener" [_thread_in_native, id=12848, stack(0x0000005d4e300000,0x0000005d4e400000)]
  0x0000023e77569400 JavaThread "Cache worker for file hash cache (C:\Users\MAHE\.gradle\caches\8.3\fileHashes)" [_thread_blocked, id=12860, stack(0x0000005d4e400000,0x0000005d4e500000)]
  0x0000023e77569910 JavaThread "File watcher server" daemon [_thread_in_native, id=12896, stack(0x0000005d4e600000,0x0000005d4e700000)]
  0x0000023e7d86ac90 JavaThread "File watcher consumer" daemon [_thread_blocked, id=12900, stack(0x0000005d4e700000,0x0000005d4e800000)]
  0x0000023e7d86a780 JavaThread "Cache worker for checksums cache (C:\Users\MAHE\Documents\DOC APP BACKUP FILES\april30_\demo1_joyson1\android\.gradle\8.3\checksums)" [_thread_blocked, id=12912, stack(0x0000005d4e800000,0x0000005d4e900000)]
  0x0000023e7d86caf0 JavaThread "Cache worker for file hash cache (C:\Users\MAHE\Documents\DOC APP BACKUP FILES\april30_\demo1_joyson1\android\.gradle\8.3\fileHashes)" [_thread_blocked, id=12916, stack(0x0000005d4e900000,0x0000005d4ea00000)]
  0x0000023e7d869d60 JavaThread "Cache worker for cache directory md-supplier (C:\Users\MAHE\.gradle\caches\8.3\md-supplier)" [_thread_blocked, id=12920, stack(0x0000005d4ea00000,0x0000005d4eb00000)]
  0x0000023e7d867f00 JavaThread "Cache worker for file content cache (C:\Users\MAHE\.gradle\caches\8.3\fileContent)" [_thread_blocked, id=12924, stack(0x0000005d4eb00000,0x0000005d4ec00000)]
  0x0000023e7d8679f0 JavaThread "Cache worker for cache directory md-rule (C:\Users\MAHE\.gradle\caches\8.3\md-rule)" [_thread_blocked, id=12928, stack(0x0000005d4ec00000,0x0000005d4ed00000)]
  0x0000023e7d866ac0 JavaThread "Cache worker for execution history cache (C:\Users\MAHE\.gradle\caches\8.3\executionHistory)" [_thread_blocked, id=12932, stack(0x0000005d4e500000,0x0000005d4e600000)]
  0x0000023e7d866fd0 JavaThread "jar transforms" [_thread_blocked, id=12976, stack(0x0000005d4ee00000,0x0000005d4ef00000)]
  0x0000023e7d868920 JavaThread "jar transforms Thread 2" [_thread_blocked, id=12984, stack(0x0000005d4ef00000,0x0000005d4f000000)]
  0x0000023e7d86bbc0 JavaThread "jar transforms Thread 3" [_thread_blocked, id=12996, stack(0x0000005d4f000000,0x0000005d4f100000)]
  0x0000023e7d86c0d0 JavaThread "jar transforms Thread 4" [_thread_blocked, id=13000, stack(0x0000005d4f100000,0x0000005d4f200000)]
  0x0000023e7d86c5e0 JavaThread "Cache worker for kotlin-dsl (C:\Users\MAHE\.gradle\caches\8.3\kotlin-dsl)" [_thread_blocked, id=13284, stack(0x0000005d4f200000,0x0000005d4f300000)]
  0x0000023e7d7152d0 JavaThread "C2 CompilerThread1" daemon [_thread_blocked, id=13296, stack(0x0000005d4ed00000,0x0000005d4ee00000)]

Other Threads:
  0x0000023e77198940 VMThread "VM Thread" [stack: 0x0000005d4c800000,0x0000005d4c900000] [id=12420]
  0x0000023e58208e90 WatcherThread [stack: 0x0000005d4d500000,0x0000005d4d600000] [id=12472]
  0x0000023e582624d0 GCTaskThread "GC Thread#0" [stack: 0x0000005d4c300000,0x0000005d4c400000] [id=12400]
  0x0000023e775a8650 GCTaskThread "GC Thread#1" [stack: 0x0000005d4d600000,0x0000005d4d700000] [id=12484]
  0x0000023e775a8910 GCTaskThread "GC Thread#2" [stack: 0x0000005d4d700000,0x0000005d4d800000] [id=12488]
  0x0000023e777ca1a0 GCTaskThread "GC Thread#3" [stack: 0x0000005d4d800000,0x0000005d4d900000] [id=12492]
  0x0000023e58274430 ConcurrentGCThread "G1 Main Marker" [stack: 0x0000005d4c400000,0x0000005d4c500000] [id=12404]
=>0x0000023e582755f0 ConcurrentGCThread "G1 Conc#0" [stack: 0x0000005d4c500000,0x0000005d4c600000] [id=12408]
  0x0000023e582ada60 ConcurrentGCThread "G1 Refine#0" [stack: 0x0000005d4c600000,0x0000005d4c700000] [id=12412]
  0x0000023e582ae490 ConcurrentGCThread "G1 Service" [stack: 0x0000005d4c700000,0x0000005d4c800000] [id=12416]

Threads with active compile tasks:
C2 CompilerThread0    27663 4524       4       java.net.URLClassLoader$1::run (5 bytes)

VM state: not at safepoint (normal execution)

VM Mutex/Monitor currently owned by a thread: None

Heap address: 0x0000000080000000, size: 2048 MB, Compressed Oops mode: 32-bit

CDS archive(s) mapped at: [0x0000023e00000000-0x0000023e00bc0000-0x0000023e00bc0000), size 12320768, SharedBaseAddress: 0x0000023e00000000, ArchiveRelocationMode: 1.
Compressed class space mapped at: 0x0000023e01000000-0x0000023e1b000000, reserved size: 436207616
Narrow klass base: 0x0000023e00000000, Narrow klass shift: 0, Narrow klass range: 0x100000000

GC Precious Log:
 CPUs: 4 total, 4 available
 Memory: 16309M
 Large Page Support: Disabled
 NUMA Support: Disabled
 Compressed Oops: Enabled (32-bit)
 Heap Region Size: 1M
 Heap Min Capacity: 8M
 Heap Initial Capacity: 256M
 Heap Max Capacity: 2G
 Pre-touch: Disabled
 Parallel Workers: 4
 Concurrent Workers: 1
 Concurrent Refinement Workers: 4
 Periodic GC: Disabled

Heap:
 garbage-first heap   total 81920K, used 38529K [0x0000000080000000, 0x0000000100000000)
  region size 1024K, 9 young (9216K), 4 survivors (4096K)
 Metaspace       used 39418K, committed 39872K, reserved 491520K
  class space    used 5450K, committed 5632K, reserved 425984K

Heap Regions: E=young(eden), S=young(survivor), O=old, HS=humongous(starts), HC=humongous(continues), CS=collection set, F=free, OA=open archive, CA=closed archive, TAMS=top-at-mark-start (previous, next)
|   0|0x0000000080000000, 0x0000000080100000, 0x0000000080100000|100%| O|  |TAMS 0x0000000080100000, 0x0000000080100000| Untracked 
|   1|0x0000000080100000, 0x0000000080200000, 0x0000000080200000|100%| O|  |TAMS 0x0000000080200000, 0x0000000080200000| Untracked 
|   2|0x0000000080200000, 0x0000000080300000, 0x0000000080300000|100%|HS|  |TAMS 0x0000000080300000, 0x0000000080300000| Complete 
|   3|0x0000000080300000, 0x0000000080400000, 0x0000000080400000|100%|HC|  |TAMS 0x0000000080400000, 0x0000000080400000| Complete 
|   4|0x0000000080400000, 0x0000000080500000, 0x0000000080500000|100%|HC|  |TAMS 0x0000000080500000, 0x0000000080500000| Complete 
|   5|0x0000000080500000, 0x0000000080600000, 0x0000000080600000|100%|HC|  |TAMS 0x0000000080600000, 0x0000000080600000| Complete 
|   6|0x0000000080600000, 0x0000000080700000, 0x0000000080700000|100%| O|  |TAMS 0x0000000080700000, 0x0000000080700000| Untracked 
|   7|0x0000000080700000, 0x0000000080800000, 0x0000000080800000|100%| O|  |TAMS 0x0000000080800000, 0x0000000080800000| Untracked 
|   8|0x0000000080800000, 0x0000000080900000, 0x0000000080900000|100%| O|  |TAMS 0x0000000080900000, 0x0000000080900000| Untracked 
|   9|0x0000000080900000, 0x0000000080a00000, 0x0000000080a00000|100%| O|  |TAMS 0x0000000080a00000, 0x0000000080a00000| Untracked 
|  10|0x0000000080a00000, 0x0000000080b00000, 0x0000000080b00000|100%| O|  |TAMS 0x0000000080b00000, 0x0000000080b00000| Untracked 
|  11|0x0000000080b00000, 0x0000000080bc3800, 0x0000000080c00000| 76%| O|  |TAMS 0x0000000080bc3800, 0x0000000080bc3800| Untracked 
|  12|0x0000000080c00000, 0x0000000080d00000, 0x0000000080d00000|100%| O|  |TAMS 0x0000000080d00000, 0x0000000080d00000| Untracked 
|  13|0x0000000080d00000, 0x0000000080e00000, 0x0000000080e00000|100%| O|  |TAMS 0x0000000080e00000, 0x0000000080e00000| Untracked 
|  14|0x0000000080e00000, 0x0000000080f00000, 0x0000000080f00000|100%| O|  |TAMS 0x0000000080f00000, 0x0000000080f00000| Untracked 
|  15|0x0000000080f00000, 0x0000000081000000, 0x0000000081000000|100%| O|  |TAMS 0x0000000081000000, 0x0000000081000000| Untracked 
|  16|0x0000000081000000, 0x0000000081100000, 0x0000000081100000|100%| O|  |TAMS 0x0000000081100000, 0x0000000081100000| Untracked 
|  17|0x0000000081100000, 0x0000000081200000, 0x0000000081200000|100%| O|  |TAMS 0x0000000081200000, 0x0000000081200000| Untracked 
|  18|0x0000000081200000, 0x0000000081300000, 0x0000000081300000|100%| O|  |TAMS 0x0000000081300000, 0x0000000081300000| Untracked 
|  19|0x0000000081300000, 0x0000000081400000, 0x0000000081400000|100%| O|  |TAMS 0x0000000081400000, 0x0000000081400000| Untracked 
|  20|0x0000000081400000, 0x0000000081500000, 0x0000000081500000|100%| O|  |TAMS 0x0000000081500000, 0x0000000081500000| Untracked 
|  21|0x0000000081500000, 0x0000000081600000, 0x0000000081600000|100%| O|  |TAMS 0x0000000081600000, 0x0000000081600000| Untracked 
|  22|0x0000000081600000, 0x0000000081700000, 0x0000000081700000|100%| O|  |TAMS 0x0000000081700000, 0x0000000081700000| Untracked 
|  23|0x0000000081700000, 0x0000000081800000, 0x0000000081800000|100%| O|  |TAMS 0x0000000081800000, 0x0000000081800000| Untracked 
|  24|0x0000000081800000, 0x0000000081900000, 0x0000000081900000|100%| O|  |TAMS 0x0000000081900000, 0x0000000081900000| Untracked 
|  25|0x0000000081900000, 0x0000000081a00000, 0x0000000081a00000|100%| O|  |TAMS 0x0000000081a00000, 0x0000000081a00000| Untracked 
|  26|0x0000000081a00000, 0x0000000081b00000, 0x0000000081b00000|100%| O|  |TAMS 0x0000000081b00000, 0x0000000081b00000| Untracked 
|  27|0x0000000081b00000, 0x0000000081bc5200, 0x0000000081c00000| 77%| O|  |TAMS 0x0000000081bc5200, 0x0000000081bc5200| Untracked 
|  28|0x0000000081c00000, 0x0000000081c00000, 0x0000000081d00000|  0%| F|  |TAMS 0x0000000081c00000, 0x0000000081c00000| Untracked 
|  29|0x0000000081d00000, 0x0000000081d00000, 0x0000000081e00000|  0%| F|  |TAMS 0x0000000081d00000, 0x0000000081d00000| Untracked 
|  30|0x0000000081e00000, 0x0000000081f00000, 0x0000000081f00000|100%| O|  |TAMS 0x0000000081f00000, 0x0000000081f00000| Untracked 
|  31|0x0000000081f00000, 0x0000000082000000, 0x0000000082000000|100%| O|  |TAMS 0x0000000082000000, 0x0000000082000000| Untracked 
|  32|0x0000000082000000, 0x0000000082100000, 0x0000000082100000|100%| O|  |TAMS 0x0000000082100000, 0x0000000082100000| Untracked 
|  33|0x0000000082100000, 0x0000000082100000, 0x0000000082200000|  0%| F|  |TAMS 0x0000000082100000, 0x0000000082100000| Untracked 
|  34|0x0000000082200000, 0x0000000082200000, 0x0000000082300000|  0%| F|  |TAMS 0x0000000082200000, 0x0000000082200000| Untracked 
|  35|0x0000000082300000, 0x0000000082300000, 0x0000000082400000|  0%| F|  |TAMS 0x0000000082300000, 0x0000000082300000| Untracked 
|  36|0x0000000082400000, 0x0000000082400000, 0x0000000082500000|  0%| F|  |TAMS 0x0000000082400000, 0x0000000082400000| Untracked 
|  37|0x0000000082500000, 0x0000000082500000, 0x0000000082600000|  0%| F|  |TAMS 0x0000000082500000, 0x0000000082500000| Untracked 
|  38|0x0000000082600000, 0x0000000082600000, 0x0000000082700000|  0%| F|  |TAMS 0x0000000082600000, 0x0000000082600000| Untracked 
|  39|0x0000000082700000, 0x0000000082700000, 0x0000000082800000|  0%| F|  |TAMS 0x0000000082700000, 0x0000000082700000| Untracked 
|  40|0x0000000082800000, 0x0000000082800000, 0x0000000082900000|  0%| F|  |TAMS 0x0000000082800000, 0x0000000082800000| Untracked 
|  41|0x0000000082900000, 0x0000000082900000, 0x0000000082a00000|  0%| F|  |TAMS 0x0000000082900000, 0x0000000082900000| Untracked 
|  42|0x0000000082a00000, 0x0000000082a00000, 0x0000000082b00000|  0%| F|  |TAMS 0x0000000082a00000, 0x0000000082a00000| Untracked 
|  43|0x0000000082b00000, 0x0000000082b00000, 0x0000000082c00000|  0%| F|  |TAMS 0x0000000082b00000, 0x0000000082b00000| Untracked 
|  44|0x0000000082c00000, 0x0000000082c17d98, 0x0000000082d00000|  9%| S|CS|TAMS 0x0000000082c00000, 0x0000000082c00000| Complete 
|  45|0x0000000082d00000, 0x0000000082e00000, 0x0000000082e00000|100%| S|CS|TAMS 0x0000000082d00000, 0x0000000082d00000| Complete 
|  46|0x0000000082e00000, 0x0000000082f00000, 0x0000000082f00000|100%| S|CS|TAMS 0x0000000082e00000, 0x0000000082e00000| Complete 
|  47|0x0000000082f00000, 0x0000000083000000, 0x0000000083000000|100%| S|CS|TAMS 0x0000000082f00000, 0x0000000082f00000| Complete 
|  48|0x0000000083000000, 0x0000000083000000, 0x0000000083100000|  0%| F|  |TAMS 0x0000000083000000, 0x0000000083000000| Untracked 
|  49|0x0000000083100000, 0x0000000083100000, 0x0000000083200000|  0%| F|  |TAMS 0x0000000083100000, 0x0000000083100000| Untracked 
|  50|0x0000000083200000, 0x0000000083200000, 0x0000000083300000|  0%| F|  |TAMS 0x0000000083200000, 0x0000000083200000| Untracked 
|  51|0x0000000083300000, 0x0000000083300000, 0x0000000083400000|  0%| F|  |TAMS 0x0000000083300000, 0x0000000083300000| Untracked 
|  52|0x0000000083400000, 0x0000000083400000, 0x0000000083500000|  0%| F|  |TAMS 0x0000000083400000, 0x0000000083400000| Untracked 
|  53|0x0000000083500000, 0x0000000083500000, 0x0000000083600000|  0%| F|  |TAMS 0x0000000083500000, 0x0000000083500000| Untracked 
|  54|0x0000000083600000, 0x0000000083600000, 0x0000000083700000|  0%| F|  |TAMS 0x0000000083600000, 0x0000000083600000| Untracked 
|  55|0x0000000083700000, 0x0000000083700000, 0x0000000083800000|  0%| F|  |TAMS 0x0000000083700000, 0x0000000083700000| Untracked 
|  56|0x0000000083800000, 0x0000000083800000, 0x0000000083900000|  0%| F|  |TAMS 0x0000000083800000, 0x0000000083800000| Untracked 
|  57|0x0000000083900000, 0x0000000083900000, 0x0000000083a00000|  0%| F|  |TAMS 0x0000000083900000, 0x0000000083900000| Untracked 
|  58|0x0000000083a00000, 0x0000000083a00000, 0x0000000083b00000|  0%| F|  |TAMS 0x0000000083a00000, 0x0000000083a00000| Untracked 
|  59|0x0000000083b00000, 0x0000000083b00000, 0x0000000083c00000|  0%| F|  |TAMS 0x0000000083b00000, 0x0000000083b00000| Untracked 
|  60|0x0000000083c00000, 0x0000000083c00000, 0x0000000083d00000|  0%| F|  |TAMS 0x0000000083c00000, 0x0000000083c00000| Untracked 
|  61|0x0000000083d00000, 0x0000000083d00000, 0x0000000083e00000|  0%| F|  |TAMS 0x0000000083d00000, 0x0000000083d00000| Untracked 
|  62|0x0000000083e00000, 0x0000000083e00000, 0x0000000083f00000|  0%| F|  |TAMS 0x0000000083e00000, 0x0000000083e00000| Untracked 
|  63|0x0000000083f00000, 0x0000000083f00000, 0x0000000084000000|  0%| F|  |TAMS 0x0000000083f00000, 0x0000000083f00000| Untracked 
|  64|0x0000000084000000, 0x0000000084000000, 0x0000000084100000|  0%| F|  |TAMS 0x0000000084000000, 0x0000000084000000| Untracked 
|  65|0x0000000084100000, 0x0000000084100000, 0x0000000084200000|  0%| F|  |TAMS 0x0000000084100000, 0x0000000084100000| Untracked 
|  66|0x0000000084200000, 0x0000000084200000, 0x0000000084300000|  0%| F|  |TAMS 0x0000000084200000, 0x0000000084200000| Untracked 
| 129|0x0000000088100000, 0x0000000088100000, 0x0000000088200000|  0%| F|  |TAMS 0x0000000088100000, 0x0000000088100000| Untracked 
| 130|0x0000000088200000, 0x0000000088200000, 0x0000000088300000|  0%| F|  |TAMS 0x0000000088200000, 0x0000000088200000| Untracked 
| 131|0x0000000088300000, 0x0000000088300000, 0x0000000088400000|  0%| F|  |TAMS 0x0000000088300000, 0x0000000088300000| Untracked 
| 132|0x0000000088400000, 0x0000000088400000, 0x0000000088500000|  0%| F|  |TAMS 0x0000000088400000, 0x0000000088400000| Untracked 
| 133|0x0000000088500000, 0x0000000088500000, 0x0000000088600000|  0%| F|  |TAMS 0x0000000088500000, 0x0000000088500000| Untracked 
| 134|0x0000000088600000, 0x0000000088600000, 0x0000000088700000|  0%| F|  |TAMS 0x0000000088600000, 0x0000000088600000| Untracked 
| 135|0x0000000088700000, 0x0000000088700000, 0x0000000088800000|  0%| F|  |TAMS 0x0000000088700000, 0x0000000088700000| Untracked 
| 136|0x0000000088800000, 0x0000000088800000, 0x0000000088900000|  0%| F|  |TAMS 0x0000000088800000, 0x0000000088800000| Untracked 
| 137|0x0000000088900000, 0x0000000088980800, 0x0000000088a00000| 50%| E|  |TAMS 0x0000000088900000, 0x0000000088900000| Complete 
| 138|0x0000000088a00000, 0x0000000088b00000, 0x0000000088b00000|100%| E|CS|TAMS 0x0000000088a00000, 0x0000000088a00000| Complete 
| 139|0x0000000088b00000, 0x0000000088c00000, 0x0000000088c00000|100%| E|CS|TAMS 0x0000000088b00000, 0x0000000088b00000| Complete 
| 140|0x0000000088c00000, 0x0000000088d00000, 0x0000000088d00000|100%| E|CS|TAMS 0x0000000088c00000, 0x0000000088c00000| Complete 
| 255|0x000000008ff00000, 0x0000000090000000, 0x0000000090000000|100%| E|CS|TAMS 0x000000008ff00000, 0x000000008ff00000| Complete 

Card table byte_map: [0x0000023e70490000,0x0000023e70890000] _byte_map_base: 0x0000023e70090000

Marking Bits (Prev, Next): (CMBitMap*) 0x0000023e58262af0, (CMBitMap*) 0x0000023e58262b30
 Prev Bits: [0x0000023e70c90000, 0x0000023e72c90000)
 Next Bits: [0x0000023e72c90000, 0x0000023e74c90000)

Polling page: 0x0000023e55f70000

Metaspace:

Usage:
  Non-class:     33.17 MB used.
      Class:      5.32 MB used.
       Both:     38.50 MB used.

Virtual space:
  Non-class space:       64.00 MB reserved,      33.44 MB ( 52%) committed,  1 nodes.
      Class space:      416.00 MB reserved,       5.50 MB (  1%) committed,  1 nodes.
             Both:      480.00 MB reserved,      38.94 MB (  8%) committed. 

Chunk freelists:
   Non-Class:  14.55 MB
       Class:  10.38 MB
        Both:  24.92 MB

MaxMetaspaceSize: 512.00 MB
CompressedClassSpaceSize: 416.00 MB
Initial GC threshold: 21.00 MB
Current GC threshold: 59.38 MB
CDS: on
MetaspaceReclaimPolicy: balanced
 - commit_granule_bytes: 65536.
 - commit_granule_words: 8192.
 - virtual_space_node_default_size: 8388608.
 - enlarge_chunks_in_place: 1.
 - new_chunks_are_fully_committed: 0.
 - uncommit_free_chunks: 1.
 - use_allocation_guard: 0.
 - handle_deallocations: 1.


Internal statistics:

num_allocs_failed_limit: 9.
num_arena_births: 510.
num_arena_deaths: 0.
num_vsnodes_births: 2.
num_vsnodes_deaths: 0.
num_space_committed: 623.
num_space_uncommitted: 0.
num_chunks_returned_to_freelist: 9.
num_chunks_taken_from_freelist: 1959.
num_chunk_merges: 9.
num_chunk_splits: 1336.
num_chunks_enlarged: 935.
num_inconsistent_stats: 0.

CodeHeap 'non-profiled nmethods': size=120000Kb used=2839Kb max_used=2839Kb free=117160Kb
 bounds [0x0000023e68b60000, 0x0000023e68e30000, 0x0000023e70090000]
CodeHeap 'profiled nmethods': size=120000Kb used=9644Kb max_used=9644Kb free=110355Kb
 bounds [0x0000023e61090000, 0x0000023e61a00000, 0x0000023e685c0000]
CodeHeap 'non-nmethods': size=5760Kb used=2310Kb max_used=2351Kb free=3449Kb
 bounds [0x0000023e685c0000, 0x0000023e68830000, 0x0000023e68b60000]
 total_blobs=5385 nmethods=4564 adapters=732
 compilation: enabled
              stopped_count=0, restarted_count=0
 full_count=0

Compilation events (20 events):
Event: 27.309 Thread 0x0000023e771baf30 4554       3       org.objectweb.asm.SymbolTable$Entry::<init> (17 bytes)
Event: 27.309 Thread 0x0000023e771baf30 nmethod 4554 0x0000023e619f4110 code [0x0000023e619f42c0, 0x0000023e619f4448]
Event: 27.309 Thread 0x0000023e771baf30 4553       1       org.gradle.internal.instantiation.generator.AbstractClassGenerator$PropertyMetadata::field (6 bytes)
Event: 27.309 Thread 0x0000023e771baf30 nmethod 4553 0x0000023e68e10b10 code [0x0000023e68e10ca0, 0x0000023e68e10db8]
Event: 27.309 Thread 0x0000023e771baf30 4555       3       com.google.common.collect.AbstractMapBasedMultimap$WrappedCollection$WrappedIterator::validateIterator (30 bytes)
Event: 27.310 Thread 0x0000023e771baf30 nmethod 4555 0x0000023e619f4510 code [0x0000023e619f46c0, 0x0000023e619f49b8]
Event: 27.310 Thread 0x0000023e771baf30 4556       3       com.google.common.collect.LinkedHashMultimap$ValueSet$1::hasNext (21 bytes)
Event: 27.310 Thread 0x0000023e771baf30 nmethod 4556 0x0000023e619f4b10 code [0x0000023e619f4cc0, 0x0000023e619f4fc8]
Event: 27.332 Thread 0x0000023e771b78d0 nmethod 4499 0x0000023e68e11710 code [0x0000023e68e11a60, 0x0000023e68e14978]
Event: 27.333 Thread 0x0000023e771b78d0 4524       4       java.net.URLClassLoader$1::run (5 bytes)
Event: 27.363 Thread 0x0000023e771baf30 4560       3       sun.management.MemoryPoolImpl::getType (15 bytes)
Event: 27.364 Thread 0x0000023e771baf30 nmethod 4560 0x0000023e619f5110 code [0x0000023e619f52a0, 0x0000023e619f5438]
Event: 27.366 Thread 0x0000023e771baf30 4561       3       java.net.URI$Parser::scan (41 bytes)
Event: 27.366 Thread 0x0000023e771baf30 nmethod 4561 0x0000023e619f5510 code [0x0000023e619f5760, 0x0000023e619f6078]
Event: 27.366 Thread 0x0000023e771baf30 4562       3       java.net.URI::match (56 bytes)
Event: 27.366 Thread 0x0000023e771baf30 nmethod 4562 0x0000023e619f6490 code [0x0000023e619f6640, 0x0000023e619f6938]
Event: 27.392 Thread 0x0000023e771baf30 4563       3       java.net.URI$Parser::scan (76 bytes)
Event: 27.392 Thread 0x0000023e771baf30 nmethod 4563 0x0000023e619f6a10 code [0x0000023e619f6c40, 0x0000023e619f74d8]
Event: 27.448 Thread 0x0000023e771baf30 4565       3       java.lang.invoke.DelegatingMethodHandle::rebind (8 bytes)
Event: 27.448 Thread 0x0000023e771baf30 nmethod 4565 0x0000023e619f7890 code [0x0000023e619f7a40, 0x0000023e619f7cd8]

GC Heap History (20 events):
Event: 0.460 GC heap before
{Heap before GC invocations=0 (full 0):
 garbage-first heap   total 262144K, used 13312K [0x0000000080000000, 0x0000000100000000)
  region size 1024K, 13 young (13312K), 0 survivors (0K)
 Metaspace       used 1015K, committed 1152K, reserved 491520K
  class space    used 79K, committed 128K, reserved 425984K
}
Event: 0.462 GC heap after
{Heap after GC invocations=1 (full 0):
 garbage-first heap   total 262144K, used 3341K [0x0000000080000000, 0x0000000100000000)
  region size 1024K, 2 young (2048K), 2 survivors (2048K)
 Metaspace       used 1015K, committed 1152K, reserved 491520K
  class space    used 79K, committed 128K, reserved 425984K
}
Event: 1.145 GC heap before
{Heap before GC invocations=1 (full 0):
 garbage-first heap   total 262144K, used 22797K [0x0000000080000000, 0x0000000100000000)
  region size 1024K, 18 young (18432K), 2 survivors (2048K)
 Metaspace       used 3933K, committed 4096K, reserved 491520K
  class space    used 489K, committed 576K, reserved 425984K
}
Event: 1.148 GC heap after
{Heap after GC invocations=2 (full 0):
 garbage-first heap   total 262144K, used 10768K [0x0000000080000000, 0x0000000100000000)
  region size 1024K, 3 young (3072K), 3 survivors (3072K)
 Metaspace       used 3933K, committed 4096K, reserved 491520K
  class space    used 489K, committed 576K, reserved 425984K
}
Event: 2.260 GC heap before
{Heap before GC invocations=2 (full 0):
 garbage-first heap   total 262144K, used 34320K [0x0000000080000000, 0x0000000100000000)
  region size 1024K, 25 young (25600K), 3 survivors (3072K)
 Metaspace       used 4035K, committed 4224K, reserved 491520K
  class space    used 491K, committed 576K, reserved 425984K
}
Event: 2.262 GC heap after
{Heap after GC invocations=3 (full 0):
 garbage-first heap   total 262144K, used 13175K [0x0000000080000000, 0x0000000100000000)
  region size 1024K, 3 young (3072K), 3 survivors (3072K)
 Metaspace       used 4035K, committed 4224K, reserved 491520K
  class space    used 491K, committed 576K, reserved 425984K
}
Event: 6.403 GC heap before
{Heap before GC invocations=3 (full 0):
 garbage-first heap   total 262144K, used 126839K [0x0000000080000000, 0x0000000100000000)
  region size 1024K, 115 young (117760K), 3 survivors (3072K)
 Metaspace       used 21196K, committed 21504K, reserved 491520K
  class space    used 3129K, committed 3328K, reserved 425984K
}
Event: 6.415 GC heap after
{Heap after GC invocations=4 (full 0):
 garbage-first heap   total 262144K, used 22523K [0x0000000080000000, 0x0000000100000000)
  region size 1024K, 12 young (12288K), 12 survivors (12288K)
 Metaspace       used 21196K, committed 21504K, reserved 491520K
  class space    used 3129K, committed 3328K, reserved 425984K
}
Event: 7.866 GC heap before
{Heap before GC invocations=5 (full 0):
 garbage-first heap   total 81920K, used 59387K [0x0000000080000000, 0x0000000100000000)
  region size 1024K, 48 young (49152K), 12 survivors (12288K)
 Metaspace       used 27834K, committed 28160K, reserved 491520K
  class space    used 3958K, committed 4096K, reserved 425984K
}
Event: 7.877 GC heap after
{Heap after GC invocations=6 (full 0):
 garbage-first heap   total 81920K, used 25356K [0x0000000080000000, 0x0000000100000000)
  region size 1024K, 3 young (3072K), 3 survivors (3072K)
 Metaspace       used 27834K, committed 28160K, reserved 491520K
  class space    used 3958K, committed 4096K, reserved 425984K
}
Event: 8.669 GC heap before
{Heap before GC invocations=6 (full 0):
 garbage-first heap   total 81920K, used 59148K [0x0000000080000000, 0x0000000100000000)
  region size 1024K, 37 young (37888K), 3 survivors (3072K)
 Metaspace       used 31208K, committed 31616K, reserved 491520K
  class space    used 4396K, committed 4608K, reserved 425984K
}
Event: 8.675 GC heap after
{Heap after GC invocations=7 (full 0):
 garbage-first heap   total 81920K, used 28902K [0x0000000080000000, 0x0000000100000000)
  region size 1024K, 4 young (4096K), 4 survivors (4096K)
 Metaspace       used 31208K, committed 31616K, reserved 491520K
  class space    used 4396K, committed 4608K, reserved 425984K
}
Event: 26.185 GC heap before
{Heap before GC invocations=7 (full 0):
 garbage-first heap   total 81920K, used 65766K [0x0000000080000000, 0x0000000100000000)
  region size 1024K, 36 young (36864K), 4 survivors (4096K)
 Metaspace       used 33484K, committed 33920K, reserved 491520K
  class space    used 4604K, committed 4800K, reserved 425984K
}
Event: 26.192 GC heap after
{Heap after GC invocations=8 (full 0):
 garbage-first heap   total 81920K, used 31259K [0x0000000080000000, 0x0000000100000000)
  region size 1024K, 4 young (4096K), 4 survivors (4096K)
 Metaspace       used 33484K, committed 33920K, reserved 491520K
  class space    used 4604K, committed 4800K, reserved 425984K
}
Event: 26.788 GC heap before
{Heap before GC invocations=8 (full 0):
 garbage-first heap   total 81920K, used 60955K [0x0000000080000000, 0x0000000100000000)
  region size 1024K, 34 young (34816K), 4 survivors (4096K)
 Metaspace       used 35000K, committed 35520K, reserved 491520K
  class space    used 4845K, committed 5056K, reserved 425984K
}
Event: 26.800 GC heap after
{Heap after GC invocations=9 (full 0):
 garbage-first heap   total 81920K, used 33166K [0x0000000080000000, 0x0000000100000000)
  region size 1024K, 2 young (2048K), 2 survivors (2048K)
 Metaspace       used 35000K, committed 35520K, reserved 491520K
  class space    used 4845K, committed 5056K, reserved 425984K
}
Event: 26.821 GC heap before
{Heap before GC invocations=9 (full 0):
 garbage-first heap   total 81920K, used 36238K [0x0000000080000000, 0x0000000100000000)
  region size 1024K, 4 young (4096K), 2 survivors (2048K)
 Metaspace       used 35515K, committed 35968K, reserved 491520K
  class space    used 4852K, committed 5056K, reserved 425984K
}
Event: 26.823 GC heap after
{Heap after GC invocations=10 (full 0):
 garbage-first heap   total 81920K, used 33894K [0x0000000080000000, 0x0000000100000000)
  region size 1024K, 2 young (2048K), 2 survivors (2048K)
 Metaspace       used 35515K, committed 35968K, reserved 491520K
  class space    used 4852K, committed 5056K, reserved 425984K
}
Event: 27.453 GC heap before
{Heap before GC invocations=11 (full 0):
 garbage-first heap   total 81920K, used 64614K [0x0000000080000000, 0x0000000100000000)
  region size 1024K, 32 young (32768K), 2 survivors (2048K)
 Metaspace       used 38954K, committed 39360K, reserved 491520K
  class space    used 5384K, committed 5568K, reserved 425984K
}
Event: 27.459 GC heap after
{Heap after GC invocations=12 (full 0):
 garbage-first heap   total 81920K, used 34433K [0x0000000080000000, 0x0000000100000000)
  region size 1024K, 4 young (4096K), 4 survivors (4096K)
 Metaspace       used 38954K, committed 39360K, reserved 491520K
  class space    used 5384K, committed 5568K, reserved 425984K
}

Dll operation events (15 events):
Event: 0.031 Loaded shared library C:\Program Files\OpenLogic\jdk-17.0.10.7-hotspot\bin\java.dll
Event: 0.052 Loaded shared library C:\Program Files\OpenLogic\jdk-17.0.10.7-hotspot\bin\jsvml.dll
Event: 0.104 Loaded shared library C:\Program Files\OpenLogic\jdk-17.0.10.7-hotspot\bin\zip.dll
Event: 0.108 Loaded shared library C:\Program Files\OpenLogic\jdk-17.0.10.7-hotspot\bin\instrument.dll
Event: 0.115 Loaded shared library C:\Program Files\OpenLogic\jdk-17.0.10.7-hotspot\bin\net.dll
Event: 0.119 Loaded shared library C:\Program Files\OpenLogic\jdk-17.0.10.7-hotspot\bin\nio.dll
Event: 0.122 Loaded shared library C:\Program Files\OpenLogic\jdk-17.0.10.7-hotspot\bin\zip.dll
Event: 0.367 Loaded shared library C:\Program Files\OpenLogic\jdk-17.0.10.7-hotspot\bin\jimage.dll
Event: 0.467 Loaded shared library C:\Program Files\OpenLogic\jdk-17.0.10.7-hotspot\bin\verify.dll
Event: 0.765 Loaded shared library C:\Users\MAHE\.gradle\native\68d5fa5c4cc2d200863cafc0d521ce42e7d3e7ee720ec0a83991735586a16f82\windows-amd64\native-platform.dll
Event: 0.821 Loaded shared library C:\Users\MAHE\.gradle\native\e376f236ea51e6404a007f0833ffe2c6e607c4080706a723a18a27aeea778392\windows-amd64\native-platform-file-events.dll
Event: 3.294 Loaded shared library C:\Program Files\OpenLogic\jdk-17.0.10.7-hotspot\bin\management.dll
Event: 3.308 Loaded shared library C:\Program Files\OpenLogic\jdk-17.0.10.7-hotspot\bin\management_ext.dll
Event: 3.683 Loaded shared library C:\Program Files\OpenLogic\jdk-17.0.10.7-hotspot\bin\extnet.dll
Event: 4.009 Loaded shared library C:\Program Files\OpenLogic\jdk-17.0.10.7-hotspot\bin\sunmscapi.dll

Deoptimization events (20 events):
Event: 27.185 Thread 0x0000023e7d5a72e0 Uncommon trap: trap_request=0xffffffde fr.pc=0x0000023e68de4bf4 relative=0x0000000000005214
Event: 27.185 Thread 0x0000023e7d5a72e0 Uncommon trap: reason=class_check action=maybe_recompile pc=0x0000023e68de4bf4 method=java.net.URLClassLoader.defineClass(Ljava/lang/String;Ljdk/internal/loader/Resource;)Ljava/lang/Class; @ 13 c2
Event: 27.185 Thread 0x0000023e7d5a72e0 DEOPT PACKING pc=0x0000023e68de4bf4 sp=0x0000005d4def8720
Event: 27.185 Thread 0x0000023e7d5a72e0 DEOPT UNPACKING pc=0x0000023e686169a3 sp=0x0000005d4def86c8 mode 2
Event: 27.201 Thread 0x0000023e7d5a72e0 Uncommon trap: trap_request=0xffffff76 fr.pc=0x0000023e68c9f580 relative=0x0000000000000240
Event: 27.201 Thread 0x0000023e7d5a72e0 Uncommon trap: reason=predicate action=maybe_recompile pc=0x0000023e68c9f580 method=com.google.common.base.CharMatcher.indexIn(Ljava/lang/CharSequence;I)I @ 19 c2
Event: 27.201 Thread 0x0000023e7d5a72e0 DEOPT PACKING pc=0x0000023e68c9f580 sp=0x0000005d4def9160
Event: 27.201 Thread 0x0000023e7d5a72e0 DEOPT UNPACKING pc=0x0000023e686169a3 sp=0x0000005d4def9108 mode 2
Event: 27.245 Thread 0x0000023e7d5a72e0 Uncommon trap: trap_request=0xffffff45 fr.pc=0x0000023e68bc7bf4 relative=0x00000000000001d4
Event: 27.245 Thread 0x0000023e7d5a72e0 Uncommon trap: reason=unstable_if action=reinterpret pc=0x0000023e68bc7bf4 method=java.net.URI$Parser.scan(IILjava/lang/String;)I @ 26 c2
Event: 27.245 Thread 0x0000023e7d5a72e0 DEOPT PACKING pc=0x0000023e68bc7bf4 sp=0x0000005d4def7850
Event: 27.245 Thread 0x0000023e7d5a72e0 DEOPT UNPACKING pc=0x0000023e686169a3 sp=0x0000005d4def77e0 mode 2
Event: 27.245 Thread 0x0000023e7d5a72e0 Uncommon trap: trap_request=0xffffff45 fr.pc=0x0000023e68dfb0d8 relative=0x0000000000000118
Event: 27.245 Thread 0x0000023e7d5a72e0 Uncommon trap: reason=unstable_if action=reinterpret pc=0x0000023e68dfb0d8 method=java.net.URI.match(CJJ)Z @ 45 c2
Event: 27.245 Thread 0x0000023e7d5a72e0 DEOPT PACKING pc=0x0000023e68dfb0d8 sp=0x0000005d4def75b0
Event: 27.245 Thread 0x0000023e7d5a72e0 DEOPT UNPACKING pc=0x0000023e686169a3 sp=0x0000005d4def74e8 mode 2
Event: 27.249 Thread 0x0000023e7d5a72e0 Uncommon trap: trap_request=0xffffff45 fr.pc=0x0000023e68dfad28 relative=0x00000000000000a8
Event: 27.249 Thread 0x0000023e7d5a72e0 Uncommon trap: reason=unstable_if action=reinterpret pc=0x0000023e68dfad28 method=java.net.URI.match(CJJ)Z @ 45 c2
Event: 27.249 Thread 0x0000023e7d5a72e0 DEOPT PACKING pc=0x0000023e68dfad28 sp=0x0000005d4def7540
Event: 27.249 Thread 0x0000023e7d5a72e0 DEOPT UNPACKING pc=0x0000023e686169a3 sp=0x0000005d4def74f0 mode 2

Classes unloaded (0 events):
No events

Classes redefined (0 events):
No events

Internal exceptions (20 events):
Event: 26.413 Thread 0x0000023e7d5a72e0 Exception <a 'sun/nio/fs/WindowsException'{0x00000000881b8688}> (0x00000000881b8688) 
thrown [s\src\hotspot\share\prims\jni.cpp, line 516]
Event: 26.434 Thread 0x0000023e7d5a72e0 Exception <a 'java/lang/NoSuchMethodError'{0x00000000842e4e98}: 'java.lang.Object java.lang.invoke.Invokers$Holder.invoker(java.lang.Object, java.lang.Object, java.lang.Object, java.lang.Object, java.lang.Object, java.lang.Object, java.lang.Object, java.lang.Object, java.lang.Object)'> (0x00000000842e4e98) 
thrown [s\src\hotspot\share\interpreter\linkResolver.cpp, line 759]
Event: 26.451 Thread 0x0000023e7d5a72e0 Exception <a 'java/lang/NoSuchMethodError'{0x000000008419d878}: 'java.lang.Object java.lang.invoke.Invokers$Holder.invoker(java.lang.Object, java.lang.Object, java.lang.Object, java.lang.Object)'> (0x000000008419d878) 
thrown [s\src\hotspot\share\interpreter\linkResolver.cpp, line 759]
Event: 26.494 Thread 0x0000023e7d5a72e0 Exception <a 'java/lang/NoSuchMethodError'{0x000000008404e510}: 'java.lang.Object java.lang.invoke.DelegatingMethodHandle$Holder.reinvoke_L(java.lang.Object, java.lang.Object, java.lang.Object, java.lang.Object, java.lang.Object, java.lang.Object, java.lang.Object, java.lang.Object, java.lang.Object, java.lang.Object, java.lang.Object, java.lang.Object, java.lang.Object, java.lang.Object, java.lang.Object, java.lang.Object, java.lang.Object, java.lang.Object, java.lang.Object, java.lang.Object, java.lang.O
Event: 26.494 Thread 0x0000023e7d5a72e0 Exception <a 'java/lang/NoSuchMethodError'{0x0000000084059cd0}: 'java.lang.Object java.lang.invoke.Invokers$Holder.invoker(java.lang.Object, java.lang.Object, java.lang.Object, java.lang.Object, java.lang.Object, java.lang.Object, java.lang.Object, java.lang.Object, java.lang.Object, java.lang.Object, java.lang.Object, java.lang.Object, java.lang.Object, java.lang.Object, java.lang.Object, java.lang.Object, java.lang.Object, java.lang.Object, java.lang.Object, java.lang.Object, java.lang.Object, java.lang.
Event: 26.495 Thread 0x0000023e7d5a72e0 Exception <a 'java/lang/NoSuchMethodError'{0x0000000084060b80}: 'java.lang.Object java.lang.invoke.DelegatingMethodHandle$Holder.delegate(java.lang.Object, java.lang.Object, java.lang.Object, java.lang.Object, java.lang.Object, java.lang.Object, java.lang.Object, java.lang.Object, java.lang.Object, java.lang.Object, java.lang.Object, java.lang.Object, java.lang.Object, java.lang.Object, java.lang.Object, java.lang.Object, java.lang.Object, java.lang.Object, java.lang.Object, java.lang.Object, java.lang.Obj
Event: 26.505 Thread 0x0000023e7d5a72e0 Exception <a 'java/lang/NoSuchMethodError'{0x00000000840edce0}: 'java.lang.Object java.lang.invoke.DirectMethodHandle$Holder.invokeStatic(java.lang.Object, java.lang.Object, java.lang.Object, java.lang.Object, java.lang.Object, java.lang.Object, java.lang.Object, java.lang.Object, java.lang.Object, java.lang.Object, java.lang.Object, java.lang.Object, java.lang.Object, java.lang.Object, java.lang.Object, java.lang.Object, java.lang.Object)'> (0x00000000840edce0) 
thrown [s\src\hotspot\share\interpreter\lin
Event: 26.507 Thread 0x0000023e7d5a72e0 Exception <a 'java/lang/NoSuchMethodError'{0x0000000083f17520}: 'java.lang.Object java.lang.invoke.DirectMethodHandle$Holder.invokeStatic(java.lang.Object, java.lang.Object, java.lang.Object, java.lang.Object, java.lang.Object, java.lang.Object, java.lang.Object, java.lang.Object, java.lang.Object, java.lang.Object, java.lang.Object, java.lang.Object, java.lang.Object, java.lang.Object, java.lang.Object, java.lang.Object, java.lang.Object, java.lang.Object)'> (0x0000000083f17520) 
thrown [s\src\hotspot\sha
Event: 26.509 Thread 0x0000023e7d5a72e0 Exception <a 'java/lang/NoSuchMethodError'{0x0000000083f41a00}: 'java.lang.Object java.lang.invoke.DirectMethodHandle$Holder.invokeStatic(java.lang.Object, java.lang.Object, java.lang.Object, java.lang.Object, java.lang.Object, java.lang.Object, java.lang.Object, java.lang.Object, java.lang.Object, java.lang.Object, java.lang.Object, java.lang.Object, java.lang.Object, java.lang.Object, java.lang.Object, java.lang.Object, java.lang.Object, java.lang.Object, java.lang.Object)'> (0x0000000083f41a00) 
thrown 
Event: 26.516 Thread 0x0000023e7d5a72e0 Exception <a 'java/lang/NoSuchMethodError'{0x0000000083f6ccb0}: 'java.lang.Object java.lang.invoke.DirectMethodHandle$Holder.invokeStatic(java.lang.Object, java.lang.Object, java.lang.Object, java.lang.Object, java.lang.Object, java.lang.Object, java.lang.Object, java.lang.Object, java.lang.Object, java.lang.Object, java.lang.Object, java.lang.Object, java.lang.Object, java.lang.Object, java.lang.Object, java.lang.Object, java.lang.Object, java.lang.Object, java.lang.Object, java.lang.Object)'> (0x00000000
Event: 26.518 Thread 0x0000023e7d5a72e0 Exception <a 'java/lang/NoSuchMethodError'{0x0000000083f99218}: 'java.lang.Object java.lang.invoke.DirectMethodHandle$Holder.invokeStatic(java.lang.Object, java.lang.Object, java.lang.Object, java.lang.Object, java.lang.Object, java.lang.Object, java.lang.Object, java.lang.Object, java.lang.Object, java.lang.Object, java.lang.Object, java.lang.Object, java.lang.Object, java.lang.Object, java.lang.Object, java.lang.Object, java.lang.Object, java.lang.Object, java.lang.Object, java.lang.Object, java.lang.Obj
Event: 26.521 Thread 0x0000023e7d5a72e0 Exception <a 'java/lang/NoSuchMethodError'{0x0000000083fc5fd8}: 'java.lang.Object java.lang.invoke.DirectMethodHandle$Holder.invokeStatic(java.lang.Object, java.lang.Object, java.lang.Object, java.lang.Object, java.lang.Object, java.lang.Object, java.lang.Object, java.lang.Object, java.lang.Object, java.lang.Object, java.lang.Object, java.lang.Object, java.lang.Object, java.lang.Object, java.lang.Object, java.lang.Object, java.lang.Object, java.lang.Object, java.lang.Object, java.lang.Object, java.lang.Obj
Event: 26.523 Thread 0x0000023e7d5a72e0 Exception <a 'java/lang/NoSuchMethodError'{0x0000000083ff3eb8}: 'java.lang.Object java.lang.invoke.DirectMethodHandle$Holder.invokeStatic(java.lang.Object, java.lang.Object, java.lang.Object, java.lang.Object, java.lang.Object, java.lang.Object, java.lang.Object, java.lang.Object, java.lang.Object, java.lang.Object, java.lang.Object, java.lang.Object, java.lang.Object, java.lang.Object, java.lang.Object, java.lang.Object, java.lang.Object, java.lang.Object, java.lang.Object, java.lang.Object, java.lang.Obj
Event: 26.525 Thread 0x0000023e7d5a72e0 Exception <a 'java/lang/NoSuchMethodError'{0x0000000083e24110}: 'java.lang.Object java.lang.invoke.DirectMethodHandle$Holder.invokeStatic(java.lang.Object, java.lang.Object, java.lang.Object, java.lang.Object, java.lang.Object, java.lang.Object, java.lang.Object, java.lang.Object, java.lang.Object, java.lang.Object, java.lang.Object, java.lang.Object, java.lang.Object, java.lang.Object, java.lang.Object, java.lang.Object, java.lang.Object, java.lang.Object, java.lang.Object, java.lang.Object, java.lang.Obj
Event: 26.527 Thread 0x0000023e7d5a72e0 Exception <a 'java/lang/NoSuchMethodError'{0x0000000083e55770}: 'java.lang.Object java.lang.invoke.DirectMethodHandle$Holder.invokeStatic(java.lang.Object, java.lang.Object, java.lang.Object, java.lang.Object, java.lang.Object, java.lang.Object, java.lang.Object, java.lang.Object, java.lang.Object, java.lang.Object, java.lang.Object, java.lang.Object, java.lang.Object, java.lang.Object, java.lang.Object, java.lang.Object, java.lang.Object, java.lang.Object, java.lang.Object, java.lang.Object, java.lang.Obj
Event: 26.835 Thread 0x0000023e7d5a72e0 Exception <a 'java/lang/IncompatibleClassChangeError'{0x000000008ff9e198}: Found class java.lang.Object, but interface was expected> (0x000000008ff9e198) 
thrown [s\src\hotspot\share\interpreter\linkResolver.cpp, line 826]
Event: 26.939 Thread 0x0000023e7d5a72e0 Exception <a 'java/lang/IncompatibleClassChangeError'{0x00000000888b06d8}: Found class java.lang.Object, but interface was expected> (0x00000000888b06d8) 
thrown [s\src\hotspot\share\interpreter\linkResolver.cpp, line 826]
Event: 26.947 Thread 0x0000023e7d5a72e0 Exception <a 'java/lang/NoSuchMethodError'{0x000000008873de68}: 'void java.lang.invoke.DirectMethodHandle$Holder.invokeStatic(java.lang.Object, java.lang.Object, java.lang.Object, java.lang.Object, java.lang.Object, java.lang.Object)'> (0x000000008873de68) 
thrown [s\src\hotspot\share\interpreter\linkResolver.cpp, line 759]
Event: 26.963 Thread 0x0000023e7d5a72e0 Exception <a 'java/lang/NoSuchMethodError'{0x0000000088665fa0}: 'int java.lang.invoke.DirectMethodHandle$Holder.invokeStaticInit(java.lang.Object, java.lang.Object, java.lang.Object, java.lang.Object, java.lang.Object)'> (0x0000000088665fa0) 
thrown [s\src\hotspot\share\interpreter\linkResolver.cpp, line 759]
Event: 27.324 Thread 0x0000023e7d5a72e0 Exception <a 'java/lang/NoSuchMethodError'{0x0000000083516140}: 'java.lang.Object java.lang.invoke.DirectMethodHandle$Holder.newInvokeSpecial(java.lang.Object, int, java.lang.Object)'> (0x0000000083516140) 
thrown [s\src\hotspot\share\interpreter\linkResolver.cpp, line 759]

VM Operations (20 events):
Event: 25.094 Executing VM operation: Cleanup
Event: 25.094 Executing VM operation: Cleanup done
Event: 26.185 Executing VM operation: G1CollectForAllocation
Event: 26.198 Executing VM operation: G1CollectForAllocation done
Event: 26.788 Executing VM operation: G1CollectForAllocation
Event: 26.800 Executing VM operation: G1CollectForAllocation done
Event: 26.821 Executing VM operation: CollectForMetadataAllocation
Event: 26.823 Executing VM operation: CollectForMetadataAllocation done
Event: 26.831 Executing VM operation: CollectForMetadataAllocation
Event: 26.831 Executing VM operation: CollectForMetadataAllocation done
Event: 26.838 Executing VM operation: HandshakeAllThreads
Event: 26.838 Executing VM operation: HandshakeAllThreads done
Event: 26.867 Executing VM operation: G1PauseRemark
Event: 26.870 Executing VM operation: G1PauseRemark done
Event: 26.887 Executing VM operation: G1PauseCleanup
Event: 26.887 Executing VM operation: G1PauseCleanup done
Event: 27.053 Executing VM operation: HandshakeAllThreads
Event: 27.053 Executing VM operation: HandshakeAllThreads done
Event: 27.453 Executing VM operation: G1CollectForAllocation
Event: 27.459 Executing VM operation: G1CollectForAllocation done

Events (20 events):
Event: 26.927 loading class java/util/stream/ReferencePipeline$4$1
Event: 26.927 loading class java/util/stream/ReferencePipeline$4$1 done
Event: 26.979 loading class jdk/internal/loader/URLClassPath$FileLoader
Event: 26.979 loading class jdk/internal/loader/URLClassPath$FileLoader done
Event: 26.981 loading class jdk/internal/loader/URLClassPath$FileLoader$1
Event: 26.981 loading class jdk/internal/loader/URLClassPath$FileLoader$1 done
Event: 27.004 Thread 0x0000023e7ea2a5e0 Thread exited: 0x0000023e7ea2a5e0
Event: 27.121 loading class java/util/concurrent/atomic/AtomicReferenceFieldUpdater
Event: 27.121 loading class java/util/concurrent/atomic/AtomicReferenceFieldUpdater done
Event: 27.121 loading class java/util/concurrent/atomic/AtomicReferenceFieldUpdater$AtomicReferenceFieldUpdaterImpl
Event: 27.121 loading class java/util/concurrent/atomic/AtomicReferenceFieldUpdater$AtomicReferenceFieldUpdaterImpl done
Event: 27.121 loading class java/util/concurrent/atomic/AtomicReferenceFieldUpdater$AtomicReferenceFieldUpdaterImpl$1
Event: 27.121 loading class java/util/concurrent/atomic/AtomicReferenceFieldUpdater$AtomicReferenceFieldUpdaterImpl$1 done
Event: 27.200 loading class java/util/DualPivotQuicksort
Event: 27.201 loading class java/util/DualPivotQuicksort done
Event: 27.259 loading class java/io/DeleteOnExitHook
Event: 27.259 loading class java/io/DeleteOnExitHook done
Event: 27.259 loading class java/io/DeleteOnExitHook$1
Event: 27.259 loading class java/io/DeleteOnExitHook$1 done
Event: 27.291 Thread 0x0000023e7d7152d0 Thread added: 0x0000023e7d7152d0


Dynamic libraries:
0x00007ff6a5960000 - 0x00007ff6a596e000 	C:\Program Files\OpenLogic\jdk-17.0.10.7-hotspot\bin\java.exe
0x00007ffbe9cb0000 - 0x00007ffbe9ec7000 	C:\Windows\SYSTEM32\ntdll.dll
0x00007ffbe8100000 - 0x00007ffbe81c4000 	C:\Windows\System32\KERNEL32.DLL
0x00007ffbe71a0000 - 0x00007ffbe754c000 	C:\Windows\System32\KERNELBASE.dll
0x00007ffbe6cf0000 - 0x00007ffbe6e3c000 	C:\Windows\system32\hmpalert.dll
0x00007ffbe7610000 - 0x00007ffbe7721000 	C:\Windows\System32\ucrtbase.dll
0x00007ffba0b80000 - 0x00007ffba0b9b000 	C:\Program Files\OpenLogic\jdk-17.0.10.7-hotspot\bin\VCRUNTIME140.dll
0x00007ffbd6df0000 - 0x00007ffbd6e07000 	C:\Program Files\OpenLogic\jdk-17.0.10.7-hotspot\bin\jli.dll
0x00007ffbe79f0000 - 0x00007ffbe7b9e000 	C:\Windows\System32\USER32.dll
0x00007ffbe7100000 - 0x00007ffbe7126000 	C:\Windows\System32\win32u.dll
0x00007ffbe98c0000 - 0x00007ffbe98e9000 	C:\Windows\System32\GDI32.dll
0x00007ffbe6fe0000 - 0x00007ffbe70f9000 	C:\Windows\System32\gdi32full.dll
0x00007ffbe7730000 - 0x00007ffbe77ca000 	C:\Windows\System32\msvcp_win.dll
0x00007ffbe6160000 - 0x00007ffbe63f3000 	C:\Windows\WinSxS\amd64_microsoft.windows.common-controls_6595b64144ccf1df_6.0.22621.3672_none_2713b9d173822955\COMCTL32.dll
0x00007ffbe9180000 - 0x00007ffbe9227000 	C:\Windows\System32\msvcrt.dll
0x00007ffbe9230000 - 0x00007ffbe9261000 	C:\Windows\System32\IMM32.DLL
0x00007ffbd6de0000 - 0x00007ffbd6dec000 	C:\Program Files\OpenLogic\jdk-17.0.10.7-hotspot\bin\vcruntime140_1.dll
0x00007ffb9c690000 - 0x00007ffb9c71d000 	C:\Program Files\OpenLogic\jdk-17.0.10.7-hotspot\bin\msvcp140.dll
0x00007ffb748e0000 - 0x00007ffb75542000 	C:\Program Files\OpenLogic\jdk-17.0.10.7-hotspot\bin\server\jvm.dll
0x00007ffbe98f0000 - 0x00007ffbe99a2000 	C:\Windows\System32\ADVAPI32.dll
0x00007ffbe8f30000 - 0x00007ffbe8fda000 	C:\Windows\System32\sechost.dll
0x00007ffbe77d0000 - 0x00007ffbe77f8000 	C:\Windows\System32\bcrypt.dll
0x00007ffbe7ba0000 - 0x00007ffbe7cb5000 	C:\Windows\System32\RPCRT4.dll
0x00007ffbe6ba0000 - 0x00007ffbe6bed000 	C:\Windows\SYSTEM32\POWRPROF.dll
0x00007ffbd6d60000 - 0x00007ffbd6d69000 	C:\Windows\SYSTEM32\WSOCK32.dll
0x00007ffbe9050000 - 0x00007ffbe90c1000 	C:\Windows\System32\WS2_32.dll
0x00007ffbd8c20000 - 0x00007ffbd8c54000 	C:\Windows\SYSTEM32\WINMM.dll
0x00007ffbe0d90000 - 0x00007ffbe0d9a000 	C:\Windows\SYSTEM32\VERSION.dll
0x00007ffbe6b80000 - 0x00007ffbe6b93000 	C:\Windows\SYSTEM32\UMPDC.dll
0x00007ffbe57d0000 - 0x00007ffbe57e8000 	C:\Windows\SYSTEM32\kernel.appcore.dll
0x00007ffba1590000 - 0x00007ffba159a000 	C:\Program Files\OpenLogic\jdk-17.0.10.7-hotspot\bin\jimage.dll
0x00007ffbe6620000 - 0x00007ffbe6852000 	C:\Windows\SYSTEM32\DBGHELP.DLL
0x00007ffbe8340000 - 0x00007ffbe86c8000 	C:\Windows\System32\combase.dll
0x00007ffbe8260000 - 0x00007ffbe8337000 	C:\Windows\System32\OLEAUT32.dll
0x00007ffbe65e0000 - 0x00007ffbe6612000 	C:\Windows\SYSTEM32\dbgcore.DLL
0x00007ffbe7970000 - 0x00007ffbe79eb000 	C:\Windows\System32\bcryptPrimitives.dll
0x00007ffb9c120000 - 0x00007ffb9c12e000 	C:\Program Files\OpenLogic\jdk-17.0.10.7-hotspot\bin\instrument.dll
0x00007ffb9c660000 - 0x00007ffb9c685000 	C:\Program Files\OpenLogic\jdk-17.0.10.7-hotspot\bin\java.dll
0x00007ffb9c580000 - 0x00007ffb9c656000 	C:\Program Files\OpenLogic\jdk-17.0.10.7-hotspot\bin\jsvml.dll
0x00007ffbe86d0000 - 0x00007ffbe8f2c000 	C:\Windows\System32\SHELL32.dll
0x00007ffbe46f0000 - 0x00007ffbe4fe7000 	C:\Windows\SYSTEM32\windows.storage.dll
0x00007ffbe45b0000 - 0x00007ffbe46ef000 	C:\Windows\SYSTEM32\wintypes.dll
0x00007ffbe99b0000 - 0x00007ffbe9aa4000 	C:\Windows\System32\SHCORE.dll
0x00007ffbe92d0000 - 0x00007ffbe932e000 	C:\Windows\System32\shlwapi.dll
0x00007ffbe6f10000 - 0x00007ffbe6f31000 	C:\Windows\SYSTEM32\profapi.dll
0x00007ffb9c520000 - 0x00007ffb9c538000 	C:\Program Files\OpenLogic\jdk-17.0.10.7-hotspot\bin\zip.dll
0x00007ffb9c560000 - 0x00007ffb9c579000 	C:\Program Files\OpenLogic\jdk-17.0.10.7-hotspot\bin\net.dll
0x00007ffbe2f90000 - 0x00007ffbe30c6000 	C:\Windows\SYSTEM32\WINHTTP.dll
0x00007ffbe5bf0000 - 0x00007ffbe5c59000 	C:\Windows\system32\mswsock.dll
0x00007ffb9c540000 - 0x00007ffb9c556000 	C:\Program Files\OpenLogic\jdk-17.0.10.7-hotspot\bin\nio.dll
0x00007ffba10e0000 - 0x00007ffba10f0000 	C:\Program Files\OpenLogic\jdk-17.0.10.7-hotspot\bin\verify.dll
0x00007ffb9c150000 - 0x00007ffb9c177000 	C:\Users\MAHE\.gradle\native\68d5fa5c4cc2d200863cafc0d521ce42e7d3e7ee720ec0a83991735586a16f82\windows-amd64\native-platform.dll
0x00007ffb9ba00000 - 0x00007ffb9bb44000 	C:\Users\MAHE\.gradle\native\e376f236ea51e6404a007f0833ffe2c6e607c4080706a723a18a27aeea778392\windows-amd64\native-platform-file-events.dll
0x00007ffb9c500000 - 0x00007ffb9c509000 	C:\Program Files\OpenLogic\jdk-17.0.10.7-hotspot\bin\management.dll
0x00007ffb9c140000 - 0x00007ffb9c14b000 	C:\Program Files\OpenLogic\jdk-17.0.10.7-hotspot\bin\management_ext.dll
0x00007ffbe9330000 - 0x00007ffbe9338000 	C:\Windows\System32\PSAPI.DLL
0x00007ffbe6a20000 - 0x00007ffbe6a3b000 	C:\Windows\SYSTEM32\CRYPTSP.dll
0x00007ffbe5730000 - 0x00007ffbe5765000 	C:\Windows\system32\rsaenh.dll
0x00007ffbe5cf0000 - 0x00007ffbe5d18000 	C:\Windows\SYSTEM32\USERENV.dll
0x00007ffbe5e90000 - 0x00007ffbe5e9c000 	C:\Windows\SYSTEM32\CRYPTBASE.dll
0x00007ffbe5250000 - 0x00007ffbe527d000 	C:\Windows\SYSTEM32\IPHLPAPI.DLL
0x00007ffbe8250000 - 0x00007ffbe8259000 	C:\Windows\System32\NSI.dll
0x00007ffbe2b50000 - 0x00007ffbe2b69000 	C:\Windows\SYSTEM32\dhcpcsvc6.DLL
0x00007ffbe2b30000 - 0x00007ffbe2b4f000 	C:\Windows\SYSTEM32\dhcpcsvc.DLL
0x00007ffbe5280000 - 0x00007ffbe5378000 	C:\Windows\SYSTEM32\DNSAPI.dll
0x00007ffb9c130000 - 0x00007ffb9c138000 	C:\Program Files\OpenLogic\jdk-17.0.10.7-hotspot\bin\extnet.dll
0x00007ffb9c110000 - 0x00007ffb9c11e000 	C:\Program Files\OpenLogic\jdk-17.0.10.7-hotspot\bin\sunmscapi.dll
0x00007ffbe7800000 - 0x00007ffbe7967000 	C:\Windows\System32\CRYPT32.dll
0x00007ffbe6040000 - 0x00007ffbe606e000 	C:\Windows\SYSTEM32\ncrypt.dll
0x00007ffbe5f50000 - 0x00007ffbe5f87000 	C:\Windows\SYSTEM32\NTASN1.dll
0x00007ffb9c100000 - 0x00007ffb9c108000 	C:\Windows\system32\wshunix.dll

dbghelp: loaded successfully - version: 4.0.5 - missing functions: none
symbol engine: initialized successfully - sym options: 0x614 - pdb path: .;C:\Program Files\OpenLogic\jdk-17.0.10.7-hotspot\bin;C:\Windows\SYSTEM32;C:\Windows\WinSxS\amd64_microsoft.windows.common-controls_6595b64144ccf1df_6.0.22621.3672_none_2713b9d173822955;C:\Program Files\OpenLogic\jdk-17.0.10.7-hotspot\bin\server;C:\Users\MAHE\.gradle\native\68d5fa5c4cc2d200863cafc0d521ce42e7d3e7ee720ec0a83991735586a16f82\windows-amd64;C:\Users\MAHE\.gradle\native\e376f236ea51e6404a007f0833ffe2c6e607c4080706a723a18a27aeea778392\windows-amd64

VM Arguments:
jvm_args: -XX:MaxMetaspaceSize=512m --add-opens=java.base/java.util=ALL-UNNAMED --add-opens=java.base/java.lang=ALL-UNNAMED --add-opens=java.base/java.lang.invoke=ALL-UNNAMED --add-opens=java.prefs/java.util.prefs=ALL-UNNAMED --add-opens=java.base/java.nio.charset=ALL-UNNAMED --add-opens=java.base/java.net=ALL-UNNAMED --add-opens=java.base/java.util.concurrent.atomic=ALL-UNNAMED -Xmx2048m -Dfile.encoding=windows-1252 -Duser.country=IN -Duser.language=en -Duser.variant -javaagent:C:\Users\MAHE\.gradle\wrapper\dists\gradle-8.3-all\6en3ugtfdg5xnpx44z4qbwgas\gradle-8.3\lib\agents\gradle-instrumentation-agent-8.3.jar 
java_command: org.gradle.launcher.daemon.bootstrap.GradleDaemon 8.3
java_class_path (initial): C:\Users\MAHE\.gradle\wrapper\dists\gradle-8.3-all\6en3ugtfdg5xnpx44z4qbwgas\gradle-8.3\lib\gradle-launcher-8.3.jar
Launcher Type: SUN_STANDARD

[Global flags]
     intx CICompilerCount                          = 3                                         {product} {ergonomic}
   size_t CompressedClassSpaceSize                 = 436207616                                 {product} {ergonomic}
     uint ConcGCThreads                            = 1                                         {product} {ergonomic}
     uint G1ConcRefinementThreads                  = 4                                         {product} {ergonomic}
   size_t G1HeapRegionSize                         = 1048576                                   {product} {ergonomic}
    uintx GCDrainStackTargetSize                   = 64                                        {product} {ergonomic}
   size_t InitialHeapSize                          = 268435456                                 {product} {ergonomic}
   size_t MarkStackSize                            = 4194304                                   {product} {ergonomic}
   size_t MaxHeapSize                              = 2147483648                                {product} {command line}
   size_t MaxMetaspaceSize                         = 536870912                                 {product} {command line}
   size_t MaxNewSize                               = 1287651328                                {product} {ergonomic}
   size_t MinHeapDeltaBytes                        = 1048576                                   {product} {ergonomic}
   size_t MinHeapSize                              = 8388608                                   {product} {ergonomic}
    uintx NonNMethodCodeHeapSize                   = 5832780                                {pd product} {ergonomic}
    uintx NonProfiledCodeHeapSize                  = 122912730                              {pd product} {ergonomic}
    uintx ProfiledCodeHeapSize                     = 122912730                              {pd product} {ergonomic}
    uintx ReservedCodeCacheSize                    = 251658240                              {pd product} {ergonomic}
     bool SegmentedCodeCache                       = true                                      {product} {ergonomic}
   size_t SoftMaxHeapSize                          = 2147483648                             {manageable} {ergonomic}
     bool UseCompressedClassPointers               = true                           {product lp64_product} {ergonomic}
     bool UseCompressedOops                        = true                           {product lp64_product} {ergonomic}
     bool UseG1GC                                  = true                                      {product} {ergonomic}
     bool UseLargePagesIndividualAllocation        = false                                  {pd product} {ergonomic}

Logging:
Log output configuration:
 #0: stdout all=warning uptime,level,tags
 #1: stderr all=off uptime,level,tags

Environment Variables:
JAVA_HOME=C:\Program Files\OpenLogic\jdk-17.0.10.7-hotspot\
CLASSPATH=C:\Users\MAHE\Documents\DOC APP BACKUP FILES\april30_\demo1_joyson1\android\\gradle\wrapper\gradle-wrapper.jar
PATH=C:\Users\MAHE\Documents\DOC APP BACKUP FILES\april30_\demo1_joyson1\node_modules\.bin;C:\Users\MAHE\Documents\DOC APP BACKUP FILES\april30_\demo1_joyson1\node_modules\.bin;C:\Users\MAHE\Documents\DOC APP BACKUP FILES\april30_\node_modules\.bin;C:\Users\MAHE\Documents\DOC APP BACKUP FILES\node_modules\.bin;C:\Users\MAHE\Documents\node_modules\.bin;C:\Users\MAHE\node_modules\.bin;C:\Users\node_modules\.bin;C:\node_modules\.bin;C:\Users\MAHE\AppData\Roaming\npm\node_modules\npm\node_modules\@npmcli\run-script\lib\node-gyp-bin;C:\Program Files\OpenLogic\jdk-17.0.10.7-hotspot\bin;C:\Python312\Scripts\;C:\Python312\;C:\Windows\system32;C:\Windows;C:\Windows\System32\Wbem;C:\Windows\System32\WindowsPowerShell\v1.0\;C:\Windows\System32\OpenSSH\;C:\Program Files\nodejs\;C:\ProgramData\chocolatey\bin;C:\Program Files\Git\cmd;C:\Program Files\Git\bin;C:\Program Files (x86)\Microsoft SQL Server\160\Tools\Binn\;C:\Program Files\Microsoft SQL Server\160\Tools\Binn\;C:\Program Files\Microsoft SQL Server\Client SDK\ODBC\170\Tools\Binn\;C:\Program Files\Microsoft SQL Server\160\DTS\Binn\;C:\Program Files (x86)\Microsoft SQL Server\160\DTS\Binn\;C:\Program Files\Azure Data Studio\bin;C:\Users\MAHE\AppData\Local\Microsoft\WindowsApps;C:\Users\MAHE\AppData\Local\Programs\Microsoft VS Code\bin;C:\Users\MAHE\AppData\Roaming\npm;C:\Users\MAHE\AppData\Local\Android\Sdk;C:\Users\MAHE\AppData\Local\Android\Sdk\platform-tools;C:\Users\MAHE\AppData\Local\Android\Sdk\emulator;C:\Program Files\Git\bin;C:\Program Files\Azure Data Studio\bin;
USERNAME=MAHE
LANG=en_US.UTF-8
OS=Windows_NT
PROCESSOR_IDENTIFIER=Intel64 Family 6 Model 60 Stepping 3, GenuineIntel
TMP=C:\Users\MAHE\AppData\Local\Temp
TEMP=C:\Users\MAHE\AppData\Local\Temp



Periodic native trim disabled


---------------  S Y S T E M  ---------------

OS:
 Windows 11 , 64 bit Build 22621 (10.0.22621.3672)
OS uptime: 0 days 0:06 hours

CPU: total 4 (initial active 4) (4 cores per cpu, 1 threads per core) family 6 model 60 stepping 3 microcode 0x28, cx8, cmov, fxsr, mmx, sse, sse2, sse3, ssse3, sse4.1, sse4.2, popcnt, lzcnt, tsc, tscinvbit, avx, avx2, aes, erms, clmul, bmi1, bmi2, fma, vzeroupper, clflush
Processor Information for all 4 processors :
  Max Mhz: 3001, Current Mhz: 3001, Mhz Limit: 3001

Memory: 4k page, system-wide physical 16309M (8383M free)
TotalPageFile size 32693M (AvailPageFile size 22462M)
current process WorkingSet (physical memory assigned to process): 234M, peak: 247M
current process commit charge ("private bytes"): 269M, peak: 423M

vm_info: OpenJDK 64-Bit Server VM (17.0.10+7-adhoc..jdk17u) for windows-amd64 JRE (17.0.10+7-adhoc..jdk17u), built on Jan 24 2024 08:51:31 by "" with MS VC++ 16.10 / 16.11 (VS2019)

END.
