#
# A fatal error has been detected by the Java Runtime Environment:
#
#  EXCEPTION_ACCESS_VIOLATION (0xc0000005) at pc=0x00007ffc57403845, pid=10476, tid=12568
#
# JRE version: OpenJDK Runtime Environment OpenLogic-OpenJDK (17.0.10+7) (build 17.0.10+7-adhoc..jdk17u)
# Java VM: OpenJDK 64-Bit Server VM OpenLogic-OpenJDK (17.0.10+7-adhoc..jdk17u, mixed mode, sharing, tiered, compressed oops, compressed class ptrs, g1 gc, windows-amd64)
# Problematic frame:
# V  [jvm.dll+0x6a3845]
#
# No core dump will be written. Minidumps are not enabled by default on client versions of Windows
#
# If you would like to submit a bug report, please visit:
#   https://techsupport.roguewave.com/
#

---------------  S U M M A R Y ------------

Command Line: -XX:MaxMetaspaceSize=512m --add-opens=java.base/java.util=ALL-UNNAMED --add-opens=java.base/java.lang=ALL-UNNAMED --add-opens=java.base/java.lang.invoke=ALL-UNNAMED --add-opens=java.prefs/java.util.prefs=ALL-UNNAMED --add-opens=java.base/java.nio.charset=ALL-UNNAMED --add-opens=java.base/java.net=ALL-UNNAMED --add-opens=java.base/java.util.concurrent.atomic=ALL-UNNAMED -Xmx2048m -Dfile.encoding=windows-1252 -Duser.country=IN -Duser.language=en -Duser.variant -javaagent:C:\Users\MAHE\.gradle\wrapper\dists\gradle-8.3-all\6en3ugtfdg5xnpx44z4qbwgas\gradle-8.3\lib\agents\gradle-instrumentation-agent-8.3.jar org.gradle.launcher.daemon.bootstrap.GradleDaemon 8.3

Host: Intel(R) Core(TM) i5-4590S CPU @ 3.00GHz, 4 cores, 15G,  Windows 11 , 64 bit Build 22621 (10.0.22621.3527)
Time: Fri May 17 09:49:25 2024 India Standard Time elapsed time: 35.342564 seconds (0d 0h 0m 35s)

---------------  T H R E A D  ---------------

Current thread (0x0000019979608470):  JavaThread "C2 CompilerThread0" daemon [_thread_in_native, id=12568, stack(0x0000002456400000,0x0000002456500000)]


Current CompileTask:
C2:  35342 9465       4       java.beans.MethodRef::set (58 bytes)

Stack: [0x0000002456400000,0x0000002456500000],  sp=0x00000024564fb610,  free space=1005k
Native frames: (J=compiled Java code, j=interpreted, Vv=VM code, C=native code)
V  [jvm.dll+0x6a3845]
V  [jvm.dll+0x6a456b]
V  [jvm.dll+0x6a26aa]
V  [jvm.dll+0x21c008]
V  [jvm.dll+0x2195b1]
V  [jvm.dll+0x1a512d]
V  [jvm.dll+0x22949e]
V  [jvm.dll+0x22766c]
V  [jvm.dll+0x7e9ea7]
V  [jvm.dll+0x7e42aa]
V  [jvm.dll+0x67c5d5]
C  [ucrtbase.dll+0x29333]
C  [KERNEL32.DLL+0x1257d]
C  [ntdll.dll+0x5aa48]


siginfo: EXCEPTION_ACCESS_VIOLATION (0xc0000005), reading address 0x0000000000010028


Registers:
RAX=0x0000000000010000, RBX=0x00000024564fcd40, RCX=0x000000000000001c, RDX=0x000000000000018d
RSP=0x00000024564fb610, RBP=0x00000024564fb689, RSI=0x0000000000000001, RDI=0x00000024564fb670
R8 =0x00000000000247d0, R9 =0x000001991ef009c0, R10=0x0000000000003706, R11=0x000001991b7ee030
R12=0x00000024564fcd40, R13=0x0000000000000000, R14=0x0000000000000002, R15=0x00000199794e7b10
RIP=0x00007ffc57403845, EFLAGS=0x0000000000010283


Register to memory mapping:

RIP=0x00007ffc57403845 jvm.dll
RAX=0x0000000000010000 is an unknown value
RBX=0x00000024564fcd40 is pointing into the stack for thread: 0x0000019979608470
RCX=0x000000000000001c is an unknown value
RDX=0x000000000000018d is an unknown value
RSP=0x00000024564fb610 is pointing into the stack for thread: 0x0000019979608470
RBP=0x00000024564fb689 is pointing into the stack for thread: 0x0000019979608470
RSI=0x0000000000000001 is an unknown value
RDI=0x00000024564fb670 is pointing into the stack for thread: 0x0000019979608470
R8 =0x00000000000247d0 is an unknown value
R9 =0x000001991ef009c0 points into unknown readable memory: 0x0000000000000000 | 00 00 00 00 00 00 00 00
R10=0x0000000000003706 is an unknown value
R11=0x000001991b7ee030 points into unknown readable memory: 0x00007ffc57611770 | 70 17 61 57 fc 7f 00 00
R12=0x00000024564fcd40 is pointing into the stack for thread: 0x0000019979608470
R13=0x0 is NULL
R14=0x0000000000000002 is an unknown value
R15=0x00000199794e7b10 points into unknown readable memory: 0x0000000000000000 | 00 00 00 00 00 00 00 00


Top of Stack: (sp=0x00000024564fb610)
0x00000024564fb610:   000001991d5f80e8 00007ffc5740456b
0x00000024564fb620:   0000000000000000 00000024564fb689
0x00000024564fb630:   000001991d5f80e8 0000000000000001
0x00000024564fb640:   0000000000000008 0000000000000000
0x00000024564fb650:   00000199794f5970 0000019900004000
0x00000024564fb660:   000001997e659ca0 00007ffc00002ceb
0x00000024564fb670:   0000019900000200 000001991b497a90
0x00000024564fb680:   0000019900000200 00000199794f5970
0x00000024564fb690:   0000002400000000 00007ffc56f83ab1
0x00000024564fb6a0:   0000019900000000 00000199794e7b10
0x00000024564fb6b0:   0000000000000000 000001995a5601c0
0x00000024564fb6c0:   00007ffc5769fcc8 0000000000000000
0x00000024564fb6d0:   00000024564fcd40 0000000000000050
0x00000024564fb6e0:   00000024564fb820 00007ffc574026aa
0x00000024564fb6f0:   00000024564fcd40 000001991d5f8060
0x00000024564fb700:   000001991fbfabd0 00000024564fcd60
0x00000024564fb710:   00000024564fe8a0 00007ffc56f7c008
0x00000024564fb720:   00000024564fe8a0 0000000000000000
0x00000024564fb730:   0000000000000000 00000024564fb820
0x00000024564fb740:   0000019900000000 00007ffc56f17775
0x00000024564fb750:   00000024564f0000 0000000000000000
0x00000024564fb760:   000001991e6bf1b0 00007ffc00000000
0x00000024564fb770:   0000002400000002 00007ffc5769fc90
0x00000024564fb780:   0000000000000000 00000024564fe8a0
0x00000024564fb790:   0000000000000000 00007ffc5769fc90
0x00000024564fb7a0:   00007ffc56d60000 00007ffc00000000
0x00000024564fb7b0:   00000024564feb10 00007ffc56e0c635
0x00000024564fb7c0:   0000019900000000 0000000000000000
0x00000024564fb7d0:   00000024564fb8e0 00000199204ab200
0x00000024564fb7e0:   00000199204ab490 00007ffc5769fcc8
0x00000024564fb7f0:   0000000000000000 0000000000000000
0x00000024564fb800:   0000000000000000 00007ffc5769fcc8 

Instructions: (pc=0x00007ffc57403845)
0x00007ffc57403745:   48 3b 4f 20 76 11 45 33 c0 48 8b cf 41 8d 50 10
0x00007ffc57403755:   e8 c6 93 a0 ff eb 04 48 89 4f 18 48 89 43 50 4c
0x00007ffc57403765:   89 20 8b 6b 48 8d 56 01 85 d2 74 04 85 d6 74 0c
0x00007ffc57403775:   0f bd ca ba 01 00 00 00 ff c1 d3 e2 48 8b 4b 40
0x00007ffc57403785:   48 8d 3c ed 00 00 00 00 44 8b ca 4c 8b c7 89 53
0x00007ffc57403795:   48 48 8b 53 50 49 c1 e1 03 44 89 64 24 20 e8 d8
0x00007ffc574037a5:   8d a0 ff 44 8b 43 48 33 d2 44 2b c5 48 89 43 50
0x00007ffc574037b5:   49 c1 e0 03 48 8d 0c 07 e8 90 de 1e 00 48 8b 43
0x00007ffc574037c5:   50 4d 89 3c 06 ff c6 3b 73 48 0f 82 0b ff ff ff
0x00007ffc574037d5:   4c 8b 7c 24 68 4c 8b 74 24 60 48 8b 7c 24 58 48
0x00007ffc574037e5:   8b 6c 24 50 48 83 c4 30 41 5c 5e 5b c3 cc cc cc
0x00007ffc574037f5:   cc cc cc cc cc cc cc cc cc cc cc 48 89 5c 24 08
0x00007ffc57403805:   57 8b 81 90 09 00 00 48 8b fa 4c 8b 99 a8 09 00
0x00007ffc57403815:   00 48 8b d9 85 c0 74 53 45 33 c0 44 8b d0 0f 1f
0x00007ffc57403825:   40 00 66 0f 1f 84 00 00 00 00 00 4c 8b 8b a0 09
0x00007ffc57403835:   00 00 4b 8b 04 01 48 85 c0 74 26 49 3b c3 74 21
0x00007ffc57403845:   8b 48 28 8b c1 c1 e8 05 3b 07 73 11 8b d0 83 e1
0x00007ffc57403855:   1f 48 8b 47 08 8b 04 90 0f a3 c8 72 04 4f 89 1c
0x00007ffc57403865:   01 49 83 c0 08 49 83 ea 01 75 c0 48 8d 4b 58 33
0x00007ffc57403875:   d2 41 b8 30 09 00 00 48 8b 5c 24 10 5f e9 cb dd
0x00007ffc57403885:   1e 00 cc cc cc cc cc cc cc cc cc 40 53 41 55 41
0x00007ffc57403895:   57 48 83 ec 40 4c 8b e9 48 8b da 48 8b 49 10 48
0x00007ffc574038a5:   89 4c 24 70 45 8b 7d 20 49 ff cf 4e 8d 3c f9 4c
0x00007ffc574038b5:   89 7c 24 60 4c 3b f9 0f 82 e3 01 00 00 44 8b 05
0x00007ffc574038c5:   2f f6 51 00 65 48 8b 04 25 58 00 00 00 48 89 6c
0x00007ffc574038d5:   24 68 48 89 74 24 38 48 89 7c 24 30 4c 89 64 24
0x00007ffc574038e5:   28 4e 8d 24 c0 4c 89 74 24 20 90 49 8b 3f 45 33
0x00007ffc574038f5:   f6 33 ed 44 8b 47 1c 45 85 c0 0f 84 6f 01 00 00
0x00007ffc57403905:   41 bf 50 00 00 00 0f 1f 44 00 00 4c 8b 4f 08 48
0x00007ffc57403915:   8d 34 ed 00 00 00 00 4e 8b 14 0e 4e 8d 1c 0e 4d
0x00007ffc57403925:   3b d5 0f 85 2e 01 00 00 8b 47 18 3b e8 73 7d 4d
0x00007ffc57403935:   85 d2 74 2e 49 8b 4a 10 48 85 c9 74 25 41 8b 42 


Stack slot to memory mapping:
stack at sp + 0 slots: 0x000001991d5f80e8 points into unknown readable memory: 0x00007ffc5768db08 | 08 db 68 57 fc 7f 00 00
stack at sp + 1 slots: 0x00007ffc5740456b jvm.dll
stack at sp + 2 slots: 0x0 is NULL
stack at sp + 3 slots: 0x00000024564fb689 is pointing into the stack for thread: 0x0000019979608470
stack at sp + 4 slots: 0x000001991d5f80e8 points into unknown readable memory: 0x00007ffc5768db08 | 08 db 68 57 fc 7f 00 00
stack at sp + 5 slots: 0x0000000000000001 is an unknown value
stack at sp + 6 slots: 0x0000000000000008 is an unknown value
stack at sp + 7 slots: 0x0 is NULL


---------------  P R O C E S S  ---------------

Threads class SMR info:
_java_thread_list=0x000001991be15f00, length=64, elements={
0x000001995a549730, 0x00000199794df7c0, 0x00000199794e0440, 0x00000199794f1180,
0x00000199794f2b50, 0x00000199794f3cb0, 0x00000199794f4e10, 0x0000019979608470,
0x00000199796296d0, 0x0000019979633fe0, 0x00000199794c8d80, 0x0000019979808cc0,
0x000001997f4099a0, 0x000001991bfc9a00, 0x000001991bfc94b0, 0x000001997f7c7550,
0x000001997ea91150, 0x000001991b961550, 0x000001991b961a30, 0x000001991b11f4d0,
0x000001991b11fef0, 0x000001991b11eab0, 0x000001991b11f9e0, 0x000001991b11efc0,
0x000001991b120910, 0x000001991b11d160, 0x000001991b11e5a0, 0x000001991b11d670,
0x000001991b11db80, 0x000001991b11e090, 0x000001991c85be50, 0x000001991c85d290,
0x000001991c857770, 0x000001991c85ebe0, 0x000001991c8590c0, 0x000001991c85aa10,
0x000001991c857c80, 0x000001991c858190, 0x000001991c85c870, 0x000001991c85f0f0,
0x000001991c85b430, 0x000001991c85c360, 0x000001991c859ae0, 0x000001991c859ff0,
0x000001991c8586a0, 0x000001991c85b940, 0x000001991c858bb0, 0x000001991c85cd80,
0x000001991c8595d0, 0x000001991c85dcb0, 0x000001991c85e1c0, 0x000001997ee7fab0,
0x000001997ee7c300, 0x000001997ee7bdf0, 0x000001997ee79a80, 0x000001997ee7f090,
0x000001997ee79f90, 0x000001997ee7c810, 0x000001997ee7a4a0, 0x000001997ee7e160,
0x000001997ee7aec0, 0x000001997ee7a9b0, 0x000001997ee7d230, 0x000001991c3c8070
}

Java Threads: ( => current thread )
  0x000001995a549730 JavaThread "main" [_thread_blocked, id=17232, stack(0x0000002455700000,0x0000002455800000)]
  0x00000199794df7c0 JavaThread "Reference Handler" daemon [_thread_blocked, id=3760, stack(0x0000002455e00000,0x0000002455f00000)]
  0x00000199794e0440 JavaThread "Finalizer" daemon [_thread_blocked, id=14692, stack(0x0000002455f00000,0x0000002456000000)]
  0x00000199794f1180 JavaThread "Signal Dispatcher" daemon [_thread_blocked, id=15944, stack(0x0000002456000000,0x0000002456100000)]
  0x00000199794f2b50 JavaThread "Attach Listener" daemon [_thread_blocked, id=16000, stack(0x0000002456100000,0x0000002456200000)]
  0x00000199794f3cb0 JavaThread "Service Thread" daemon [_thread_blocked, id=8940, stack(0x0000002456200000,0x0000002456300000)]
  0x00000199794f4e10 JavaThread "Monitor Deflation Thread" daemon [_thread_blocked, id=8920, stack(0x0000002456300000,0x0000002456400000)]
=>0x0000019979608470 JavaThread "C2 CompilerThread0" daemon [_thread_in_native, id=12568, stack(0x0000002456400000,0x0000002456500000)]
  0x00000199796296d0 JavaThread "C1 CompilerThread0" daemon [_thread_blocked, id=15200, stack(0x0000002456500000,0x0000002456600000)]
  0x0000019979633fe0 JavaThread "Sweeper thread" daemon [_thread_blocked, id=15252, stack(0x0000002456600000,0x0000002456700000)]
  0x00000199794c8d80 JavaThread "Common-Cleaner" daemon [_thread_blocked, id=15680, stack(0x0000002456700000,0x0000002456800000)]
  0x0000019979808cc0 JavaThread "Notification Thread" daemon [_thread_blocked, id=15256, stack(0x0000002456800000,0x0000002456900000)]
  0x000001997f4099a0 JavaThread "Daemon health stats" [_thread_blocked, id=15064, stack(0x0000002456e00000,0x0000002456f00000)]
  0x000001991bfc9a00 JavaThread "Incoming local TCP Connector on port 59731" [_thread_in_native, id=13624, stack(0x0000002456f00000,0x0000002457000000)]
  0x000001991bfc94b0 JavaThread "Daemon periodic checks" [_thread_blocked, id=2168, stack(0x0000002457000000,0x0000002457100000)]
  0x000001997f7c7550 JavaThread "Daemon" [_thread_blocked, id=14532, stack(0x0000002457100000,0x0000002457200000)]
  0x000001997ea91150 JavaThread "Handler for socket connection from /127.0.0.1:59731 to /127.0.0.1:59732" [_thread_in_native, id=14892, stack(0x0000002457200000,0x0000002457300000)]
  0x000001991b961550 JavaThread "Cancel handler" [_thread_blocked, id=17028, stack(0x0000002457300000,0x0000002457400000)]
  0x000001991b961a30 JavaThread "Daemon worker" [_thread_in_vm, id=14620, stack(0x0000002457400000,0x0000002457500000)]
  0x000001991b11f4d0 JavaThread "Asynchronous log dispatcher for DefaultDaemonConnection: socket connection from /127.0.0.1:59731 to /127.0.0.1:59732" [_thread_blocked, id=13268, stack(0x0000002457500000,0x0000002457600000)]
  0x000001991b11fef0 JavaThread "Stdin handler" [_thread_blocked, id=16488, stack(0x0000002457600000,0x0000002457700000)]
  0x000001991b11eab0 JavaThread "Daemon client event forwarder" [_thread_blocked, id=13452, stack(0x0000002457700000,0x0000002457800000)]
  0x000001991b11f9e0 JavaThread "Cache worker for journal cache (C:\Users\MAHE\.gradle\caches\journal-1)" [_thread_blocked, id=13608, stack(0x0000002457800000,0x0000002457900000)]
  0x000001991b11efc0 JavaThread "File lock request listener" [_thread_in_native, id=15832, stack(0x0000002457900000,0x0000002457a00000)]
  0x000001991b120910 JavaThread "Cache worker for file hash cache (C:\Users\MAHE\.gradle\caches\8.3\fileHashes)" [_thread_blocked, id=17328, stack(0x0000002457a00000,0x0000002457b00000)]
  0x000001991b11d160 JavaThread "File watcher server" daemon [_thread_in_native, id=17392, stack(0x0000002457b00000,0x0000002457c00000)]
  0x000001991b11e5a0 JavaThread "File watcher consumer" daemon [_thread_blocked, id=10140, stack(0x0000002457c00000,0x0000002457d00000)]
  0x000001991b11d670 JavaThread "Cache worker for checksums cache (C:\Users\MAHE\Documents\DOC APP BACKUP FILES\april30_\demo1_joyson1\android\.gradle\8.3\checksums)" [_thread_blocked, id=6864, stack(0x0000002457d00000,0x0000002457e00000)]
  0x000001991b11db80 JavaThread "Cache worker for file hash cache (C:\Users\MAHE\Documents\DOC APP BACKUP FILES\april30_\demo1_joyson1\android\.gradle\8.3\fileHashes)" [_thread_blocked, id=15020, stack(0x0000002457e00000,0x0000002457f00000)]
  0x000001991b11e090 JavaThread "Cache worker for cache directory md-supplier (C:\Users\MAHE\.gradle\caches\8.3\md-supplier)" [_thread_blocked, id=6504, stack(0x0000002457f00000,0x0000002458000000)]
  0x000001991c85be50 JavaThread "Cache worker for file content cache (C:\Users\MAHE\.gradle\caches\8.3\fileContent)" [_thread_blocked, id=14956, stack(0x0000002458000000,0x0000002458100000)]
  0x000001991c85d290 JavaThread "Cache worker for cache directory md-rule (C:\Users\MAHE\.gradle\caches\8.3\md-rule)" [_thread_blocked, id=8728, stack(0x0000002458100000,0x0000002458200000)]
  0x000001991c857770 JavaThread "Cache worker for execution history cache (C:\Users\MAHE\.gradle\caches\8.3\executionHistory)" [_thread_blocked, id=9440, stack(0x0000002458200000,0x0000002458300000)]
  0x000001991c85ebe0 JavaThread "jar transforms" [_thread_blocked, id=15760, stack(0x0000002458400000,0x0000002458500000)]
  0x000001991c8590c0 JavaThread "jar transforms Thread 2" [_thread_blocked, id=16140, stack(0x0000002458500000,0x0000002458600000)]
  0x000001991c85aa10 JavaThread "jar transforms Thread 3" [_thread_blocked, id=17096, stack(0x0000002458600000,0x0000002458700000)]
  0x000001991c857c80 JavaThread "jar transforms Thread 4" [_thread_blocked, id=12548, stack(0x0000002458700000,0x0000002458800000)]
  0x000001991c858190 JavaThread "Cache worker for kotlin-dsl (C:\Users\MAHE\.gradle\caches\8.3\kotlin-dsl)" [_thread_blocked, id=15148, stack(0x0000002458800000,0x0000002458900000)]
  0x000001991c85c870 JavaThread "Unconstrained build operations" [_thread_blocked, id=16416, stack(0x0000002458900000,0x0000002458a00000)]
  0x000001991c85f0f0 JavaThread "Unconstrained build operations Thread 2" [_thread_blocked, id=15592, stack(0x0000002458a00000,0x0000002458b00000)]
  0x000001991c85b430 JavaThread "Cache worker for dependencies-accessors (C:\Users\MAHE\Documents\DOC APP BACKUP FILES\april30_\demo1_joyson1\android\.gradle\8.3\dependencies-accessors)" [_thread_blocked, id=14192, stack(0x0000002458b00000,0x0000002458c00000)]
  0x000001991c85c360 JavaThread "Cache worker for Build Output Cleanup Cache (C:\Users\MAHE\Documents\DOC APP BACKUP FILES\april30_\demo1_joyson1\node_modules\@react-native\gradle-plugin\.gradle\buildOutputCleanup)" [_thread_blocked, id=13492, stack(0x0000002458c00000,0x0000002458d00000)]
  0x000001991c859ae0 JavaThread "Unconstrained build operations Thread 3" [_thread_blocked, id=15596, stack(0x0000002458d00000,0x0000002458e00000)]
  0x000001991c859ff0 JavaThread "Unconstrained build operations Thread 4" [_thread_blocked, id=11744, stack(0x0000002458e00000,0x0000002458f00000)]
  0x000001991c8586a0 JavaThread "Unconstrained build operations Thread 5" [_thread_blocked, id=17008, stack(0x0000002458f00000,0x0000002459000000)]
  0x000001991c85b940 JavaThread "Memory manager" [_thread_blocked, id=13960, stack(0x0000002459000000,0x0000002459100000)]
  0x000001991c858bb0 JavaThread "Cache worker for Build Output Cleanup Cache (C:\Users\MAHE\Documents\DOC APP BACKUP FILES\april30_\demo1_joyson1\android\.gradle\buildOutputCleanup)" [_thread_blocked, id=12216, stack(0x0000002459100000,0x0000002459200000)]
  0x000001991c85cd80 JavaThread "ForkJoinPool.commonPool-worker-1" daemon [_thread_blocked, id=17168, stack(0x0000002459200000,0x0000002459300000)]
  0x000001991c8595d0 JavaThread "ForkJoinPool.commonPool-worker-2" daemon [_thread_blocked, id=1412, stack(0x0000002459300000,0x0000002459400000)]
  0x000001991c85dcb0 JavaThread "ForkJoinPool.commonPool-worker-3" daemon [_thread_blocked, id=15156, stack(0x0000002459400000,0x0000002459500000)]
  0x000001991c85e1c0 JavaThread "included builds" [_thread_blocked, id=16976, stack(0x0000002459500000,0x0000002459600000)]
  0x000001997ee7fab0 JavaThread "Execution worker" [_thread_blocked, id=13564, stack(0x0000002459600000,0x0000002459700000)]
  0x000001997ee7c300 JavaThread "Execution worker Thread 2" [_thread_blocked, id=16156, stack(0x0000002459700000,0x0000002459800000)]
  0x000001997ee7bdf0 JavaThread "Execution worker Thread 3" [_thread_blocked, id=16564, stack(0x0000002459800000,0x0000002459900000)]
  0x000001997ee79a80 JavaThread "Cache worker for execution history cache (C:\Users\MAHE\Documents\DOC APP BACKUP FILES\april30_\demo1_joyson1\node_modules\@react-native\gradle-plugin\.gradle\8.3\executionHistory)" [_thread_blocked, id=11452, stack(0x0000002459900000,0x0000002459a00000)]
  0x000001997ee7f090 JavaThread "Unconstrained build operations Thread 6" [_thread_blocked, id=6568, stack(0x0000002459a00000,0x0000002459b00000)]
  0x000001997ee79f90 JavaThread "Unconstrained build operations Thread 7" [_thread_blocked, id=9980, stack(0x0000002459b00000,0x0000002459c00000)]
  0x000001997ee7c810 JavaThread "Unconstrained build operations Thread 8" [_thread_blocked, id=15416, stack(0x0000002459c00000,0x0000002459d00000)]
  0x000001997ee7a4a0 JavaThread "Unconstrained build operations Thread 9" [_thread_blocked, id=14744, stack(0x0000002459d00000,0x0000002459e00000)]
  0x000001997ee7e160 JavaThread "Unconstrained build operations Thread 10" [_thread_blocked, id=11888, stack(0x0000002459e00000,0x0000002459f00000)]
  0x000001997ee7aec0 JavaThread "Unconstrained build operations Thread 11" [_thread_blocked, id=11536, stack(0x0000002459f00000,0x000000245a000000)]
  0x000001997ee7a9b0 JavaThread "Unconstrained build operations Thread 12" [_thread_blocked, id=16408, stack(0x000000245a000000,0x000000245a100000)]
  0x000001997ee7d230 JavaThread "Unconstrained build operations Thread 13" [_thread_blocked, id=6120, stack(0x000000245a100000,0x000000245a200000)]
  0x000001991c3c8070 JavaThread "C2 CompilerThread1" daemon [_thread_blocked, id=17020, stack(0x000000245a300000,0x000000245a400000)]

Other Threads:
  0x00000199794dace0 VMThread "VM Thread" [stack: 0x0000002455d00000,0x0000002455e00000] [id=14500]
  0x000001995a54a3b0 WatcherThread [stack: 0x0000002456900000,0x0000002456a00000] [id=13244]
  0x000001995a5a32d0 GCTaskThread "GC Thread#0" [stack: 0x0000002455800000,0x0000002455900000] [id=15584]
  0x000001997e038aa0 GCTaskThread "GC Thread#1" [stack: 0x0000002456b00000,0x0000002456c00000] [id=12192]
  0x000001997e0d3c80 GCTaskThread "GC Thread#2" [stack: 0x0000002456c00000,0x0000002456d00000] [id=13116]
  0x000001997e0d3f40 GCTaskThread "GC Thread#3" [stack: 0x0000002456d00000,0x0000002456e00000] [id=17084]
  0x000001995a5b5130 ConcurrentGCThread "G1 Main Marker" [stack: 0x0000002455900000,0x0000002455a00000] [id=6936]
  0x000001995a5b61f0 ConcurrentGCThread "G1 Conc#0" [stack: 0x0000002455a00000,0x0000002455b00000] [id=15564]
  0x000001995a5eeca0 ConcurrentGCThread "G1 Refine#0" [stack: 0x0000002455b00000,0x0000002455c00000] [id=15444]
  0x000001991ccfd310 ConcurrentGCThread "G1 Refine#1" [stack: 0x0000002458300000,0x0000002458400000] [id=16396]
  0x00000199793907b0 ConcurrentGCThread "G1 Service" [stack: 0x0000002455c00000,0x0000002455d00000] [id=14304]

Threads with active compile tasks:
C2 CompilerThread0    35502 9465       4       java.beans.MethodRef::set (58 bytes)

VM state: not at safepoint (normal execution)

VM Mutex/Monitor currently owned by a thread:  ([mutex/lock_event])
[0x000001995a545b20] Metaspace_lock - owner thread: 0x0000000000000000

Heap address: 0x0000000080000000, size: 2048 MB, Compressed Oops mode: 32-bit

CDS archive(s) mapped at: [0x0000019900000000-0x0000019900bc0000-0x0000019900bc0000), size 12320768, SharedBaseAddress: 0x0000019900000000, ArchiveRelocationMode: 1.
Compressed class space mapped at: 0x0000019901000000-0x000001991b000000, reserved size: 436207616
Narrow klass base: 0x0000019900000000, Narrow klass shift: 0, Narrow klass range: 0x100000000

GC Precious Log:
 CPUs: 4 total, 4 available
 Memory: 16309M
 Large Page Support: Disabled
 NUMA Support: Disabled
 Compressed Oops: Enabled (32-bit)
 Heap Region Size: 1M
 Heap Min Capacity: 8M
 Heap Initial Capacity: 256M
 Heap Max Capacity: 2G
 Pre-touch: Disabled
 Parallel Workers: 4
 Concurrent Workers: 1
 Concurrent Refinement Workers: 4
 Periodic GC: Disabled

Heap:
 garbage-first heap   total 198656K, used 96153K [0x0000000080000000, 0x0000000100000000)
  region size 1024K, 13 young (13312K), 8 survivors (8192K)
 Metaspace       used 81261K, committed 81984K, reserved 557056K
  class space    used 11253K, committed 11584K, reserved 425984K

Heap Regions: E=young(eden), S=young(survivor), O=old, HS=humongous(starts), HC=humongous(continues), CS=collection set, F=free, OA=open archive, CA=closed archive, TAMS=top-at-mark-start (previous, next)
|   0|0x0000000080000000, 0x0000000080100000, 0x0000000080100000|100%| O|  |TAMS 0x0000000080100000, 0x0000000080000000| Untracked 
|   1|0x0000000080100000, 0x0000000080200000, 0x0000000080200000|100%| O|  |TAMS 0x0000000080200000, 0x0000000080100000| Untracked 
|   2|0x0000000080200000, 0x0000000080300000, 0x0000000080300000|100%|HS|  |TAMS 0x0000000080300000, 0x0000000080200000| Complete 
|   3|0x0000000080300000, 0x0000000080400000, 0x0000000080400000|100%|HC|  |TAMS 0x0000000080400000, 0x0000000080300000| Complete 
|   4|0x0000000080400000, 0x0000000080500000, 0x0000000080500000|100%|HC|  |TAMS 0x0000000080500000, 0x0000000080400000| Complete 
|   5|0x0000000080500000, 0x0000000080600000, 0x0000000080600000|100%|HC|  |TAMS 0x0000000080600000, 0x0000000080500000| Complete 
|   6|0x0000000080600000, 0x0000000080700000, 0x0000000080700000|100%| O|  |TAMS 0x0000000080700000, 0x0000000080600000| Untracked 
|   7|0x0000000080700000, 0x0000000080800000, 0x0000000080800000|100%| O|  |TAMS 0x0000000080800000, 0x0000000080700000| Untracked 
|   8|0x0000000080800000, 0x0000000080900000, 0x0000000080900000|100%| O|  |TAMS 0x0000000080900000, 0x0000000080800000| Untracked 
|   9|0x0000000080900000, 0x0000000080a00000, 0x0000000080a00000|100%| O|  |TAMS 0x0000000080a00000, 0x0000000080900000| Untracked 
|  10|0x0000000080a00000, 0x0000000080b00000, 0x0000000080b00000|100%| O|  |TAMS 0x0000000080b00000, 0x0000000080a00000| Untracked 
|  11|0x0000000080b00000, 0x0000000080bb3800, 0x0000000080c00000| 70%| O|  |TAMS 0x0000000080bb3800, 0x0000000080b00000| Untracked 
|  12|0x0000000080c00000, 0x0000000080d00000, 0x0000000080d00000|100%| O|  |TAMS 0x0000000080d00000, 0x0000000080c00000| Untracked 
|  13|0x0000000080d00000, 0x0000000080e00000, 0x0000000080e00000|100%| O|  |TAMS 0x0000000080e00000, 0x0000000080d00000| Untracked 
|  14|0x0000000080e00000, 0x0000000080f00000, 0x0000000080f00000|100%| O|  |TAMS 0x0000000080f00000, 0x0000000080e00000| Untracked 
|  15|0x0000000080f00000, 0x0000000081000000, 0x0000000081000000|100%| O|  |TAMS 0x0000000081000000, 0x0000000080f00000| Untracked 
|  16|0x0000000081000000, 0x0000000081100000, 0x0000000081100000|100%| O|  |TAMS 0x0000000081100000, 0x0000000081000000| Untracked 
|  17|0x0000000081100000, 0x0000000081200000, 0x0000000081200000|100%| O|  |TAMS 0x0000000081200000, 0x0000000081100000| Untracked 
|  18|0x0000000081200000, 0x0000000081300000, 0x0000000081300000|100%| O|  |TAMS 0x0000000081300000, 0x0000000081200000| Untracked 
|  19|0x0000000081300000, 0x0000000081400000, 0x0000000081400000|100%| O|  |TAMS 0x0000000081400000, 0x0000000081300000| Untracked 
|  20|0x0000000081400000, 0x0000000081500000, 0x0000000081500000|100%| O|  |TAMS 0x0000000081500000, 0x0000000081400000| Untracked 
|  21|0x0000000081500000, 0x0000000081600000, 0x0000000081600000|100%| O|  |TAMS 0x0000000081600000, 0x0000000081500000| Untracked 
|  22|0x0000000081600000, 0x0000000081700000, 0x0000000081700000|100%| O|  |TAMS 0x0000000081700000, 0x0000000081600000| Untracked 
|  23|0x0000000081700000, 0x0000000081800000, 0x0000000081800000|100%| O|  |TAMS 0x0000000081800000, 0x0000000081700000| Untracked 
|  24|0x0000000081800000, 0x0000000081900000, 0x0000000081900000|100%| O|  |TAMS 0x0000000081900000, 0x0000000081800000| Untracked 
|  25|0x0000000081900000, 0x0000000081a00000, 0x0000000081a00000|100%| O|  |TAMS 0x0000000081900000, 0x0000000081900000| Untracked 
|  26|0x0000000081a00000, 0x0000000081b00000, 0x0000000081b00000|100%| O|  |TAMS 0x0000000081b00000, 0x0000000081a00000| Untracked 
|  27|0x0000000081b00000, 0x0000000081c00000, 0x0000000081c00000|100%| O|  |TAMS 0x0000000081c00000, 0x0000000081b00000| Untracked 
|  28|0x0000000081c00000, 0x0000000081d00000, 0x0000000081d00000|100%| O|  |TAMS 0x0000000081d00000, 0x0000000081c00000| Untracked 
|  29|0x0000000081d00000, 0x0000000081e00000, 0x0000000081e00000|100%| O|  |TAMS 0x0000000081e00000, 0x0000000081d00000| Untracked 
|  30|0x0000000081e00000, 0x0000000081f00000, 0x0000000081f00000|100%| O|  |TAMS 0x0000000081f00000, 0x0000000081e00000| Untracked 
|  31|0x0000000081f00000, 0x0000000082000000, 0x0000000082000000|100%| O|  |TAMS 0x0000000082000000, 0x0000000081f00000| Untracked 
|  32|0x0000000082000000, 0x0000000082100000, 0x0000000082100000|100%| O|  |TAMS 0x0000000082100000, 0x0000000082000000| Untracked 
|  33|0x0000000082100000, 0x0000000082200000, 0x0000000082200000|100%| O|  |TAMS 0x0000000082200000, 0x0000000082100000| Untracked 
|  34|0x0000000082200000, 0x0000000082300000, 0x0000000082300000|100%| O|  |TAMS 0x0000000082300000, 0x0000000082200000| Untracked 
|  35|0x0000000082300000, 0x0000000082400000, 0x0000000082400000|100%|HS|  |TAMS 0x0000000082400000, 0x0000000082300000| Complete 
|  36|0x0000000082400000, 0x0000000082500000, 0x0000000082500000|100%|HC|  |TAMS 0x0000000082500000, 0x0000000082400000| Complete 
|  37|0x0000000082500000, 0x0000000082600000, 0x0000000082600000|100%| O|  |TAMS 0x0000000082600000, 0x0000000082500000| Untracked 
|  38|0x0000000082600000, 0x0000000082700000, 0x0000000082700000|100%| O|  |TAMS 0x0000000082700000, 0x0000000082600000| Untracked 
|  39|0x0000000082700000, 0x0000000082800000, 0x0000000082800000|100%|HS|  |TAMS 0x0000000082800000, 0x0000000082700000| Complete 
|  40|0x0000000082800000, 0x0000000082900000, 0x0000000082900000|100%|HC|  |TAMS 0x0000000082900000, 0x0000000082800000| Complete 
|  41|0x0000000082900000, 0x0000000082a00000, 0x0000000082a00000|100%| O|  |TAMS 0x0000000082a00000, 0x0000000082900000| Untracked 
|  42|0x0000000082a00000, 0x0000000082b00000, 0x0000000082b00000|100%| O|  |TAMS 0x0000000082b00000, 0x0000000082a00000| Untracked 
|  43|0x0000000082b00000, 0x0000000082c00000, 0x0000000082c00000|100%|HS|  |TAMS 0x0000000082c00000, 0x0000000082b00000| Complete 
|  44|0x0000000082c00000, 0x0000000082d00000, 0x0000000082d00000|100%|HC|  |TAMS 0x0000000082d00000, 0x0000000082c00000| Complete 
|  45|0x0000000082d00000, 0x0000000082e00000, 0x0000000082e00000|100%|HC|  |TAMS 0x0000000082e00000, 0x0000000082d00000| Complete 
|  46|0x0000000082e00000, 0x0000000082f00000, 0x0000000082f00000|100%|HC|  |TAMS 0x0000000082f00000, 0x0000000082e00000| Complete 
|  47|0x0000000082f00000, 0x0000000083000000, 0x0000000083000000|100%| O|  |TAMS 0x0000000083000000, 0x0000000082f00000| Untracked 
|  48|0x0000000083000000, 0x0000000083100000, 0x0000000083100000|100%| O|  |TAMS 0x0000000083100000, 0x0000000083000000| Untracked 
|  49|0x0000000083100000, 0x0000000083200000, 0x0000000083200000|100%| O|  |TAMS 0x0000000083200000, 0x0000000083100000| Untracked 
|  50|0x0000000083200000, 0x0000000083300000, 0x0000000083300000|100%|HS|  |TAMS 0x0000000083300000, 0x0000000083200000| Complete 
|  51|0x0000000083300000, 0x0000000083400000, 0x0000000083400000|100%|HC|  |TAMS 0x0000000083400000, 0x0000000083300000| Complete 
|  52|0x0000000083400000, 0x0000000083500000, 0x0000000083500000|100%|HC|  |TAMS 0x0000000083500000, 0x0000000083400000| Complete 
|  53|0x0000000083500000, 0x0000000083600000, 0x0000000083600000|100%|HC|  |TAMS 0x0000000083600000, 0x0000000083500000| Complete 
|  54|0x0000000083600000, 0x0000000083700000, 0x0000000083700000|100%| O|  |TAMS 0x0000000083700000, 0x0000000083600000| Untracked 
|  55|0x0000000083700000, 0x0000000083800000, 0x0000000083800000|100%| O|  |TAMS 0x0000000083800000, 0x0000000083700000| Untracked 
|  56|0x0000000083800000, 0x0000000083900000, 0x0000000083900000|100%| O|  |TAMS 0x0000000083900000, 0x0000000083800000| Untracked 
|  57|0x0000000083900000, 0x0000000083a00000, 0x0000000083a00000|100%| O|  |TAMS 0x0000000083a00000, 0x0000000083900000| Untracked 
|  58|0x0000000083a00000, 0x0000000083b00000, 0x0000000083b00000|100%| O|  |TAMS 0x0000000083b00000, 0x0000000083a00000| Untracked 
|  59|0x0000000083b00000, 0x0000000083c00000, 0x0000000083c00000|100%| O|  |TAMS 0x0000000083c00000, 0x0000000083b00000| Untracked 
|  60|0x0000000083c00000, 0x0000000083d00000, 0x0000000083d00000|100%| O|  |TAMS 0x0000000083d00000, 0x0000000083c00000| Untracked 
|  61|0x0000000083d00000, 0x0000000083e00000, 0x0000000083e00000|100%| O|  |TAMS 0x0000000083e00000, 0x0000000083d00000| Untracked 
|  62|0x0000000083e00000, 0x0000000083f00000, 0x0000000083f00000|100%| O|  |TAMS 0x0000000083f00000, 0x0000000083e00000| Untracked 
|  63|0x0000000083f00000, 0x0000000084000000, 0x0000000084000000|100%| O|  |TAMS 0x0000000084000000, 0x0000000083f00000| Untracked 
|  64|0x0000000084000000, 0x0000000084100000, 0x0000000084100000|100%| O|  |TAMS 0x0000000084100000, 0x0000000084000000| Untracked 
|  65|0x0000000084100000, 0x0000000084200000, 0x0000000084200000|100%| O|  |TAMS 0x0000000084200000, 0x0000000084100000| Untracked 
|  66|0x0000000084200000, 0x0000000084300000, 0x0000000084300000|100%| O|  |TAMS 0x0000000084200000, 0x0000000084200000| Untracked 
|  67|0x0000000084300000, 0x0000000084400000, 0x0000000084400000|100%|HS|  |TAMS 0x0000000084400000, 0x0000000084300000| Complete 
|  68|0x0000000084400000, 0x0000000084500000, 0x0000000084500000|100%|HS|  |TAMS 0x0000000084500000, 0x0000000084400000| Complete 
|  69|0x0000000084500000, 0x0000000084600000, 0x0000000084600000|100%|HS|  |TAMS 0x0000000084600000, 0x0000000084500000| Complete 
|  70|0x0000000084600000, 0x0000000084700000, 0x0000000084700000|100%| O|  |TAMS 0x0000000084700000, 0x0000000084600000| Untracked 
|  71|0x0000000084700000, 0x0000000084800000, 0x0000000084800000|100%|HS|  |TAMS 0x0000000084800000, 0x0000000084700000| Complete 
|  72|0x0000000084800000, 0x0000000084900000, 0x0000000084900000|100%| O|  |TAMS 0x0000000084900000, 0x0000000084800000| Untracked 
|  73|0x0000000084900000, 0x0000000084a00000, 0x0000000084a00000|100%| O|  |TAMS 0x0000000084a00000, 0x0000000084900000| Untracked 
|  74|0x0000000084a00000, 0x0000000084b00000, 0x0000000084b00000|100%| O|  |TAMS 0x0000000084b00000, 0x0000000084a00000| Untracked 
|  75|0x0000000084b00000, 0x0000000084c00000, 0x0000000084c00000|100%| O|  |TAMS 0x0000000084c00000, 0x0000000084b00000| Untracked 
|  76|0x0000000084c00000, 0x0000000084d00000, 0x0000000084d00000|100%| O|  |TAMS 0x0000000084d00000, 0x0000000084c00000| Untracked 
|  77|0x0000000084d00000, 0x0000000084e00000, 0x0000000084e00000|100%| O|  |TAMS 0x0000000084d99400, 0x0000000084d00000| Untracked 
|  78|0x0000000084e00000, 0x0000000084f00000, 0x0000000084f00000|100%| O|  |TAMS 0x0000000084e00000, 0x0000000084e00000| Untracked 
|  79|0x0000000084f00000, 0x0000000085000000, 0x0000000085000000|100%| O|  |TAMS 0x0000000084f00000, 0x0000000084f00000| Untracked 
|  80|0x0000000085000000, 0x0000000085100000, 0x0000000085100000|100%| O|  |TAMS 0x0000000085000000, 0x0000000085000000| Untracked 
|  81|0x0000000085100000, 0x0000000085200000, 0x0000000085200000|100%| O|  |TAMS 0x0000000085100000, 0x0000000085100000| Untracked 
|  82|0x0000000085200000, 0x00000000852d6600, 0x0000000085300000| 83%| O|  |TAMS 0x0000000085200000, 0x0000000085200000| Untracked 
|  83|0x0000000085300000, 0x0000000085400000, 0x0000000085400000|100%|HS|  |TAMS 0x0000000085300000, 0x0000000085300000| Complete 
|  84|0x0000000085400000, 0x0000000085400000, 0x0000000085500000|  0%| F|  |TAMS 0x0000000085400000, 0x0000000085400000| Untracked 
|  85|0x0000000085500000, 0x0000000085500000, 0x0000000085600000|  0%| F|  |TAMS 0x0000000085500000, 0x0000000085500000| Untracked 
|  86|0x0000000085600000, 0x0000000085600000, 0x0000000085700000|  0%| F|  |TAMS 0x0000000085600000, 0x0000000085600000| Untracked 
|  87|0x0000000085700000, 0x0000000085700000, 0x0000000085800000|  0%| F|  |TAMS 0x0000000085700000, 0x0000000085700000| Untracked 
|  88|0x0000000085800000, 0x0000000085800000, 0x0000000085900000|  0%| F|  |TAMS 0x0000000085800000, 0x0000000085800000| Untracked 
|  89|0x0000000085900000, 0x0000000085900000, 0x0000000085a00000|  0%| F|  |TAMS 0x0000000085900000, 0x0000000085900000| Untracked 
|  90|0x0000000085a00000, 0x0000000085a00000, 0x0000000085b00000|  0%| F|  |TAMS 0x0000000085a00000, 0x0000000085a00000| Untracked 
|  91|0x0000000085b00000, 0x0000000085b00000, 0x0000000085c00000|  0%| F|  |TAMS 0x0000000085b00000, 0x0000000085b00000| Untracked 
|  92|0x0000000085c00000, 0x0000000085c00000, 0x0000000085d00000|  0%| F|  |TAMS 0x0000000085c00000, 0x0000000085c00000| Untracked 
|  93|0x0000000085d00000, 0x0000000085d00000, 0x0000000085e00000|  0%| F|  |TAMS 0x0000000085d00000, 0x0000000085d00000| Untracked 
|  94|0x0000000085e00000, 0x0000000085e00000, 0x0000000085f00000|  0%| F|  |TAMS 0x0000000085e00000, 0x0000000085e00000| Untracked 
|  95|0x0000000085f00000, 0x0000000085f00000, 0x0000000086000000|  0%| F|  |TAMS 0x0000000085f00000, 0x0000000085f00000| Untracked 
|  96|0x0000000086000000, 0x0000000086000000, 0x0000000086100000|  0%| F|  |TAMS 0x0000000086000000, 0x0000000086000000| Untracked 
|  97|0x0000000086100000, 0x0000000086100000, 0x0000000086200000|  0%| F|  |TAMS 0x0000000086100000, 0x0000000086100000| Untracked 
|  98|0x0000000086200000, 0x0000000086200000, 0x0000000086300000|  0%| F|  |TAMS 0x0000000086200000, 0x0000000086200000| Untracked 
|  99|0x0000000086300000, 0x0000000086300000, 0x0000000086400000|  0%| F|  |TAMS 0x0000000086300000, 0x0000000086300000| Untracked 
| 100|0x0000000086400000, 0x0000000086400000, 0x0000000086500000|  0%| F|  |TAMS 0x0000000086400000, 0x0000000086400000| Untracked 
| 101|0x0000000086500000, 0x0000000086500000, 0x0000000086600000|  0%| F|  |TAMS 0x0000000086500000, 0x0000000086500000| Untracked 
| 102|0x0000000086600000, 0x0000000086600000, 0x0000000086700000|  0%| F|  |TAMS 0x0000000086600000, 0x0000000086600000| Untracked 
| 103|0x0000000086700000, 0x0000000086700000, 0x0000000086800000|  0%| F|  |TAMS 0x0000000086700000, 0x0000000086700000| Untracked 
| 104|0x0000000086800000, 0x0000000086800000, 0x0000000086900000|  0%| F|  |TAMS 0x0000000086800000, 0x0000000086800000| Untracked 
| 105|0x0000000086900000, 0x0000000086900000, 0x0000000086a00000|  0%| F|  |TAMS 0x0000000086900000, 0x0000000086900000| Untracked 
| 106|0x0000000086a00000, 0x0000000086a00000, 0x0000000086b00000|  0%| F|  |TAMS 0x0000000086a00000, 0x0000000086a00000| Untracked 
| 107|0x0000000086b00000, 0x0000000086b00000, 0x0000000086c00000|  0%| F|  |TAMS 0x0000000086b00000, 0x0000000086b00000| Untracked 
| 108|0x0000000086c00000, 0x0000000086c00000, 0x0000000086d00000|  0%| F|  |TAMS 0x0000000086c00000, 0x0000000086c00000| Untracked 
| 109|0x0000000086d00000, 0x0000000086d00000, 0x0000000086e00000|  0%| F|  |TAMS 0x0000000086d00000, 0x0000000086d00000| Untracked 
| 110|0x0000000086e00000, 0x0000000086e00000, 0x0000000086f00000|  0%| F|  |TAMS 0x0000000086e00000, 0x0000000086e00000| Untracked 
| 111|0x0000000086f00000, 0x0000000086f00000, 0x0000000087000000|  0%| F|  |TAMS 0x0000000086f00000, 0x0000000086f00000| Untracked 
| 112|0x0000000087000000, 0x0000000087000000, 0x0000000087100000|  0%| F|  |TAMS 0x0000000087000000, 0x0000000087000000| Untracked 
| 113|0x0000000087100000, 0x0000000087100000, 0x0000000087200000|  0%| F|  |TAMS 0x0000000087100000, 0x0000000087100000| Untracked 
| 114|0x0000000087200000, 0x0000000087200000, 0x0000000087300000|  0%| F|  |TAMS 0x0000000087200000, 0x0000000087200000| Untracked 
| 115|0x0000000087300000, 0x0000000087300000, 0x0000000087400000|  0%| F|  |TAMS 0x0000000087300000, 0x0000000087300000| Untracked 
| 116|0x0000000087400000, 0x0000000087400000, 0x0000000087500000|  0%| F|  |TAMS 0x0000000087400000, 0x0000000087400000| Untracked 
| 117|0x0000000087500000, 0x0000000087500000, 0x0000000087600000|  0%| F|  |TAMS 0x0000000087500000, 0x0000000087500000| Untracked 
| 118|0x0000000087600000, 0x0000000087600000, 0x0000000087700000|  0%| F|  |TAMS 0x0000000087600000, 0x0000000087600000| Untracked 
| 119|0x0000000087700000, 0x0000000087700000, 0x0000000087800000|  0%| F|  |TAMS 0x0000000087700000, 0x0000000087700000| Untracked 
| 120|0x0000000087800000, 0x000000008785c7e0, 0x0000000087900000| 36%| S|CS|TAMS 0x0000000087800000, 0x0000000087800000| Complete 
| 121|0x0000000087900000, 0x0000000087a00000, 0x0000000087a00000|100%| S|CS|TAMS 0x0000000087900000, 0x0000000087900000| Complete 
| 122|0x0000000087a00000, 0x0000000087a00000, 0x0000000087b00000|  0%| F|  |TAMS 0x0000000087a00000, 0x0000000087a00000| Untracked 
| 123|0x0000000087b00000, 0x0000000087b00000, 0x0000000087c00000|  0%| F|  |TAMS 0x0000000087b00000, 0x0000000087b00000| Untracked 
| 124|0x0000000087c00000, 0x0000000087d00000, 0x0000000087d00000|100%| S|CS|TAMS 0x0000000087c00000, 0x0000000087c00000| Complete 
| 125|0x0000000087d00000, 0x0000000087e00000, 0x0000000087e00000|100%| S|CS|TAMS 0x0000000087d00000, 0x0000000087d00000| Complete 
| 126|0x0000000087e00000, 0x0000000087f00000, 0x0000000087f00000|100%| S|CS|TAMS 0x0000000087e00000, 0x0000000087e00000| Complete 
| 127|0x0000000087f00000, 0x0000000088000000, 0x0000000088000000|100%| S|CS|TAMS 0x0000000087f00000, 0x0000000087f00000| Complete 
| 128|0x0000000088000000, 0x0000000088100000, 0x0000000088100000|100%| S|CS|TAMS 0x0000000088000000, 0x0000000088000000| Complete 
| 129|0x0000000088100000, 0x0000000088200000, 0x0000000088200000|100%| S|CS|TAMS 0x0000000088100000, 0x0000000088100000| Complete 
| 130|0x0000000088200000, 0x0000000088200000, 0x0000000088300000|  0%| F|  |TAMS 0x0000000088200000, 0x0000000088200000| Untracked 
| 131|0x0000000088300000, 0x0000000088300000, 0x0000000088400000|  0%| F|  |TAMS 0x0000000088300000, 0x0000000088300000| Untracked 
| 132|0x0000000088400000, 0x0000000088400000, 0x0000000088500000|  0%| F|  |TAMS 0x0000000088400000, 0x0000000088400000| Untracked 
| 133|0x0000000088500000, 0x0000000088500000, 0x0000000088600000|  0%| F|  |TAMS 0x0000000088500000, 0x0000000088500000| Untracked 
| 134|0x0000000088600000, 0x0000000088600000, 0x0000000088700000|  0%| F|  |TAMS 0x0000000088600000, 0x0000000088600000| Untracked 
| 135|0x0000000088700000, 0x0000000088700000, 0x0000000088800000|  0%| F|  |TAMS 0x0000000088700000, 0x0000000088700000| Untracked 
| 136|0x0000000088800000, 0x0000000088800000, 0x0000000088900000|  0%| F|  |TAMS 0x0000000088800000, 0x0000000088800000| Untracked 
| 137|0x0000000088900000, 0x0000000088900000, 0x0000000088a00000|  0%| F|  |TAMS 0x0000000088900000, 0x0000000088900000| Untracked 
| 138|0x0000000088a00000, 0x0000000088a00000, 0x0000000088b00000|  0%| F|  |TAMS 0x0000000088a00000, 0x0000000088a00000| Untracked 
| 139|0x0000000088b00000, 0x0000000088b00000, 0x0000000088c00000|  0%| F|  |TAMS 0x0000000088b00000, 0x0000000088b00000| Untracked 
| 140|0x0000000088c00000, 0x0000000088c00000, 0x0000000088d00000|  0%| F|  |TAMS 0x0000000088c00000, 0x0000000088c00000| Untracked 
| 141|0x0000000088d00000, 0x0000000088d00000, 0x0000000088e00000|  0%| F|  |TAMS 0x0000000088d00000, 0x0000000088d00000| Untracked 
| 142|0x0000000088e00000, 0x0000000088e00000, 0x0000000088f00000|  0%| F|  |TAMS 0x0000000088e00000, 0x0000000088e00000| Untracked 
| 143|0x0000000088f00000, 0x0000000088f00000, 0x0000000089000000|  0%| F|  |TAMS 0x0000000088f00000, 0x0000000088f00000| Untracked 
| 144|0x0000000089000000, 0x0000000089000000, 0x0000000089100000|  0%| F|  |TAMS 0x0000000089000000, 0x0000000089000000| Untracked 
| 145|0x0000000089100000, 0x0000000089100000, 0x0000000089200000|  0%| F|  |TAMS 0x0000000089100000, 0x0000000089100000| Untracked 
| 146|0x0000000089200000, 0x0000000089200000, 0x0000000089300000|  0%| F|  |TAMS 0x0000000089200000, 0x0000000089200000| Untracked 
| 147|0x0000000089300000, 0x0000000089300000, 0x0000000089400000|  0%| F|  |TAMS 0x0000000089300000, 0x0000000089300000| Untracked 
| 148|0x0000000089400000, 0x0000000089400000, 0x0000000089500000|  0%| F|  |TAMS 0x0000000089400000, 0x0000000089400000| Untracked 
| 149|0x0000000089500000, 0x0000000089500000, 0x0000000089600000|  0%| F|  |TAMS 0x0000000089500000, 0x0000000089500000| Untracked 
| 150|0x0000000089600000, 0x0000000089600000, 0x0000000089700000|  0%| F|  |TAMS 0x0000000089600000, 0x0000000089600000| Untracked 
| 151|0x0000000089700000, 0x0000000089700000, 0x0000000089800000|  0%| F|  |TAMS 0x0000000089700000, 0x0000000089700000| Untracked 
| 152|0x0000000089800000, 0x0000000089800000, 0x0000000089900000|  0%| F|  |TAMS 0x0000000089800000, 0x0000000089800000| Untracked 
| 153|0x0000000089900000, 0x0000000089900000, 0x0000000089a00000|  0%| F|  |TAMS 0x0000000089900000, 0x0000000089900000| Untracked 
| 154|0x0000000089a00000, 0x0000000089a00000, 0x0000000089b00000|  0%| F|  |TAMS 0x0000000089a00000, 0x0000000089a00000| Untracked 
| 155|0x0000000089b00000, 0x0000000089b00000, 0x0000000089c00000|  0%| F|  |TAMS 0x0000000089b00000, 0x0000000089b00000| Untracked 
| 156|0x0000000089c00000, 0x0000000089c00000, 0x0000000089d00000|  0%| F|  |TAMS 0x0000000089c00000, 0x0000000089c00000| Untracked 
| 157|0x0000000089d00000, 0x0000000089d00000, 0x0000000089e00000|  0%| F|  |TAMS 0x0000000089d00000, 0x0000000089d00000| Untracked 
| 158|0x0000000089e00000, 0x0000000089e00000, 0x0000000089f00000|  0%| F|  |TAMS 0x0000000089e00000, 0x0000000089e00000| Untracked 
| 159|0x0000000089f00000, 0x0000000089f00000, 0x000000008a000000|  0%| F|  |TAMS 0x0000000089f00000, 0x0000000089f00000| Untracked 
| 160|0x000000008a000000, 0x000000008a000000, 0x000000008a100000|  0%| F|  |TAMS 0x000000008a000000, 0x000000008a000000| Untracked 
| 161|0x000000008a100000, 0x000000008a100000, 0x000000008a200000|  0%| F|  |TAMS 0x000000008a100000, 0x000000008a100000| Untracked 
| 162|0x000000008a200000, 0x000000008a200000, 0x000000008a300000|  0%| F|  |TAMS 0x000000008a200000, 0x000000008a200000| Untracked 
| 163|0x000000008a300000, 0x000000008a300000, 0x000000008a400000|  0%| F|  |TAMS 0x000000008a300000, 0x000000008a300000| Untracked 
| 164|0x000000008a400000, 0x000000008a400000, 0x000000008a500000|  0%| F|  |TAMS 0x000000008a400000, 0x000000008a400000| Untracked 
| 165|0x000000008a500000, 0x000000008a500000, 0x000000008a600000|  0%| F|  |TAMS 0x000000008a500000, 0x000000008a500000| Untracked 
| 166|0x000000008a600000, 0x000000008a600000, 0x000000008a700000|  0%| F|  |TAMS 0x000000008a600000, 0x000000008a600000| Untracked 
| 167|0x000000008a700000, 0x000000008a700000, 0x000000008a800000|  0%| F|  |TAMS 0x000000008a700000, 0x000000008a700000| Untracked 
| 168|0x000000008a800000, 0x000000008a800000, 0x000000008a900000|  0%| F|  |TAMS 0x000000008a800000, 0x000000008a800000| Untracked 
| 169|0x000000008a900000, 0x000000008a900000, 0x000000008aa00000|  0%| F|  |TAMS 0x000000008a900000, 0x000000008a900000| Untracked 
| 170|0x000000008aa00000, 0x000000008aa00000, 0x000000008ab00000|  0%| F|  |TAMS 0x000000008aa00000, 0x000000008aa00000| Untracked 
| 171|0x000000008ab00000, 0x000000008ab00000, 0x000000008ac00000|  0%| F|  |TAMS 0x000000008ab00000, 0x000000008ab00000| Untracked 
| 172|0x000000008ac00000, 0x000000008ac00000, 0x000000008ad00000|  0%| F|  |TAMS 0x000000008ac00000, 0x000000008ac00000| Untracked 
| 173|0x000000008ad00000, 0x000000008ad00000, 0x000000008ae00000|  0%| F|  |TAMS 0x000000008ad00000, 0x000000008ad00000| Untracked 
| 174|0x000000008ae00000, 0x000000008ae00000, 0x000000008af00000|  0%| F|  |TAMS 0x000000008ae00000, 0x000000008ae00000| Untracked 
| 175|0x000000008af00000, 0x000000008af00000, 0x000000008b000000|  0%| F|  |TAMS 0x000000008af00000, 0x000000008af00000| Untracked 
| 176|0x000000008b000000, 0x000000008b000000, 0x000000008b100000|  0%| F|  |TAMS 0x000000008b000000, 0x000000008b000000| Untracked 
| 177|0x000000008b100000, 0x000000008b100000, 0x000000008b200000|  0%| F|  |TAMS 0x000000008b100000, 0x000000008b100000| Untracked 
| 178|0x000000008b200000, 0x000000008b200000, 0x000000008b300000|  0%| F|  |TAMS 0x000000008b200000, 0x000000008b200000| Untracked 
| 179|0x000000008b300000, 0x000000008b300000, 0x000000008b400000|  0%| F|  |TAMS 0x000000008b300000, 0x000000008b300000| Untracked 
| 180|0x000000008b400000, 0x000000008b400000, 0x000000008b500000|  0%| F|  |TAMS 0x000000008b400000, 0x000000008b400000| Untracked 
| 181|0x000000008b500000, 0x000000008b500000, 0x000000008b600000|  0%| F|  |TAMS 0x000000008b500000, 0x000000008b500000| Untracked 
| 182|0x000000008b600000, 0x000000008b600000, 0x000000008b700000|  0%| F|  |TAMS 0x000000008b600000, 0x000000008b600000| Untracked 
| 183|0x000000008b700000, 0x000000008b700000, 0x000000008b800000|  0%| F|  |TAMS 0x000000008b700000, 0x000000008b700000| Untracked 
| 184|0x000000008b800000, 0x000000008b800000, 0x000000008b900000|  0%| F|  |TAMS 0x000000008b800000, 0x000000008b800000| Untracked 
| 185|0x000000008b900000, 0x000000008b900000, 0x000000008ba00000|  0%| F|  |TAMS 0x000000008b900000, 0x000000008b900000| Untracked 
| 186|0x000000008ba00000, 0x000000008ba00000, 0x000000008bb00000|  0%| F|  |TAMS 0x000000008ba00000, 0x000000008ba00000| Untracked 
| 187|0x000000008bb00000, 0x000000008bb00000, 0x000000008bc00000|  0%| F|  |TAMS 0x000000008bb00000, 0x000000008bb00000| Untracked 
| 188|0x000000008bc00000, 0x000000008bc80800, 0x000000008bd00000| 50%| E|  |TAMS 0x000000008bc00000, 0x000000008bc00000| Complete 
| 189|0x000000008bd00000, 0x000000008be00000, 0x000000008be00000|100%| E|CS|TAMS 0x000000008bd00000, 0x000000008bd00000| Complete 
| 190|0x000000008be00000, 0x000000008bf00000, 0x000000008bf00000|100%| E|  |TAMS 0x000000008be00000, 0x000000008be00000| Complete 
| 191|0x000000008bf00000, 0x000000008c000000, 0x000000008c000000|100%| E|CS|TAMS 0x000000008bf00000, 0x000000008bf00000| Complete 
| 254|0x000000008fe00000, 0x000000008ff00000, 0x000000008ff00000|100%| E|CS|TAMS 0x000000008fe00000, 0x000000008fe00000| Complete 
| 255|0x000000008ff00000, 0x0000000090000000, 0x0000000090000000|100%| E|CS|TAMS 0x000000008ff00000, 0x000000008ff00000| Complete 

Card table byte_map: [0x00000199727d0000,0x0000019972bd0000] _byte_map_base: 0x00000199723d0000

Marking Bits (Prev, Next): (CMBitMap*) 0x000001995a5a3830, (CMBitMap*) 0x000001995a5a37f0
 Prev Bits: [0x0000019974fd0000, 0x0000019976fd0000)
 Next Bits: [0x0000019972fd0000, 0x0000019974fd0000)

Polling page: 0x0000019958220000

Metaspace:

Usage:
  Non-class:     68.43 MB used.
      Class:     11.00 MB used.
       Both:     79.42 MB used.

Virtual space:
  Non-class space:      128.00 MB reserved,      68.75 MB ( 54%) committed,  2 nodes.
      Class space:      416.00 MB reserved,      11.31 MB (  3%) committed,  1 nodes.
             Both:      544.00 MB reserved,      80.06 MB ( 15%) committed. 

Chunk freelists:
   Non-Class:  10.94 MB
       Class:  4.72 MB
        Both:  15.66 MB

MaxMetaspaceSize: 512.00 MB
CompressedClassSpaceSize: 416.00 MB
Initial GC threshold: 21.00 MB
Current GC threshold: 112.75 MB
CDS: on
MetaspaceReclaimPolicy: balanced
 - commit_granule_bytes: 65536.
 - commit_granule_words: 8192.
 - virtual_space_node_default_size: 8388608.
 - enlarge_chunks_in_place: 1.
 - new_chunks_are_fully_committed: 0.
 - uncommit_free_chunks: 1.
 - use_allocation_guard: 0.
 - handle_deallocations: 1.


Internal statistics:

num_allocs_failed_limit: 6.
num_arena_births: 902.
num_arena_deaths: 0.
num_vsnodes_births: 3.
num_vsnodes_deaths: 0.
num_space_committed: 1281.
num_space_uncommitted: 0.
num_chunks_returned_to_freelist: 6.
num_chunks_taken_from_freelist: 4241.
num_chunk_merges: 6.
num_chunk_splits: 2846.
num_chunks_enlarged: 1920.
num_inconsistent_stats: 0.

CodeHeap 'non-profiled nmethods': size=120000Kb used=4729Kb max_used=5344Kb free=115270Kb
 bounds [0x000001996aea0000, 0x000001996b3f0000, 0x00000199723d0000]
CodeHeap 'profiled nmethods': size=120000Kb used=15737Kb max_used=17560Kb free=104262Kb
 bounds [0x00000199633d0000, 0x0000019964500000, 0x000001996a900000]
CodeHeap 'non-nmethods': size=5760Kb used=2381Kb max_used=2451Kb free=3379Kb
 bounds [0x000001996a900000, 0x000001996ab70000, 0x000001996aea0000]
 total_blobs=9041 nmethods=8129 adapters=824
 compilation: enabled
              stopped_count=0, restarted_count=0
 full_count=0

Compilation events (20 events):
Event: 35.293 Thread 0x000001991c3c8070 9511       4       java.util.HashMap::isEmpty (13 bytes)
Event: 35.293 Thread 0x000001991c3c8070 nmethod 9511 0x000001996afc4010 code [0x000001996afc4180, 0x000001996afc4218]
Event: 35.293 Thread 0x000001991c3c8070 9512       4       org.gradle.internal.reflect.MutableClassDetails::property (41 bytes)
Event: 35.300 Thread 0x000001991c3c8070 nmethod 9512 0x000001996aeddc90 code [0x000001996aedde60, 0x000001996aede5d8]
Event: 35.300 Thread 0x000001991c3c8070 9463       4       java.lang.reflect.Method::getTypeParameters (20 bytes)
Event: 35.304 Thread 0x00000199796296d0 9516       3       org.gradle.api.internal.artifacts.configurations.DefaultConfiguration::maybeWarnOnChangingUsage (107 bytes)
Event: 35.305 Thread 0x00000199796296d0 nmethod 9516 0x00000199634aaa90 code [0x00000199634aae40, 0x00000199634ac618]
Event: 35.305 Thread 0x00000199796296d0 9517       3       org.gradle.api.internal.artifacts.configurations.DefaultConfiguration::isSpecialCaseOfChangingUsage (36 bytes)
Event: 35.306 Thread 0x00000199796296d0 nmethod 9517 0x00000199633dea10 code [0x00000199633debe0, 0x00000199633df108]
Event: 35.306 Thread 0x00000199796296d0 9518       3       org.gradle.internal.typeconversion.TypeInfo::<init> (34 bytes)
Event: 35.306 Thread 0x00000199796296d0 nmethod 9518 0x0000019963472290 code [0x0000019963472440, 0x0000019963472678]
Event: 35.308 Thread 0x000001991c3c8070 nmethod 9463 0x000001996aefaf10 code [0x000001996aefb0e0, 0x000001996aefb7b8]
Event: 35.308 Thread 0x000001991c3c8070 9519       4       org.gradle.internal.reflect.PropertyAccessorType::of (101 bytes)
Event: 35.314 Thread 0x000001991c3c8070 nmethod 9519 0x000001996af80410 code [0x000001996af805e0, 0x000001996af80a28]
Event: 35.314 Thread 0x000001991c3c8070 9462       4       java.util.regex.Pattern::next (33 bytes)
Event: 35.315 Thread 0x000001991c3c8070 nmethod 9462 0x000001996afa1d90 code [0x000001996afa1f00, 0x000001996afa1ff8]
Event: 35.315 Thread 0x000001991c3c8070 9520       4       sun.reflect.annotation.AnnotationType::getInstance (65 bytes)
Event: 35.317 Thread 0x000001991c3c8070 nmethod 9520 0x000001996b114410 code [0x000001996b1145c0, 0x000001996b114758]
Event: 35.317 Thread 0x000001991c3c8070 9521       4       org.gradle.internal.instantiation.generator.AbstractClassGenerator::isNameProperty (44 bytes)
Event: 35.320 Thread 0x000001991c3c8070 nmethod 9521 0x000001996af03090 code [0x000001996af03220, 0x000001996af03498]

GC Heap History (20 events):
Event: 23.452 GC heap before
{Heap before GC invocations=28 (full 0):
 garbage-first heap   total 114688K, used 90043K [0x0000000080000000, 0x0000000100000000)
  region size 1024K, 31 young (31744K), 4 survivors (4096K)
 Metaspace       used 63074K, committed 63744K, reserved 491520K
  class space    used 8931K, committed 9280K, reserved 425984K
}
Event: 23.462 GC heap after
{Heap after GC invocations=29 (full 0):
 garbage-first heap   total 114688K, used 65149K [0x0000000080000000, 0x0000000100000000)
  region size 1024K, 4 young (4096K), 4 survivors (4096K)
 Metaspace       used 63074K, committed 63744K, reserved 491520K
  class space    used 8931K, committed 9280K, reserved 425984K
}
Event: 23.978 GC heap before
{Heap before GC invocations=29 (full 0):
 garbage-first heap   total 114688K, used 92797K [0x0000000080000000, 0x0000000100000000)
  region size 1024K, 32 young (32768K), 4 survivors (4096K)
 Metaspace       used 64534K, committed 65280K, reserved 491520K
  class space    used 9165K, committed 9536K, reserved 425984K
}
Event: 23.986 GC heap after
{Heap after GC invocations=30 (full 0):
 garbage-first heap   total 114688K, used 67631K [0x0000000080000000, 0x0000000100000000)
  region size 1024K, 3 young (3072K), 3 survivors (3072K)
 Metaspace       used 64534K, committed 65280K, reserved 491520K
  class space    used 9165K, committed 9536K, reserved 425984K
}
Event: 24.105 GC heap before
{Heap before GC invocations=31 (full 0):
 garbage-first heap   total 116736K, used 67631K [0x0000000080000000, 0x0000000100000000)
  region size 1024K, 4 young (4096K), 3 survivors (3072K)
 Metaspace       used 64558K, committed 65280K, reserved 491520K
  class space    used 9168K, committed 9536K, reserved 425984K
}
Event: 24.108 GC heap after
{Heap after GC invocations=32 (full 0):
 garbage-first heap   total 116736K, used 68327K [0x0000000080000000, 0x0000000100000000)
  region size 1024K, 1 young (1024K), 1 survivors (1024K)
 Metaspace       used 64558K, committed 65280K, reserved 491520K
  class space    used 9168K, committed 9536K, reserved 425984K
}
Event: 25.471 GC heap before
{Heap before GC invocations=33 (full 0):
 garbage-first heap   total 121856K, used 99047K [0x0000000080000000, 0x0000000100000000)
  region size 1024K, 27 young (27648K), 1 survivors (1024K)
 Metaspace       used 65836K, committed 66560K, reserved 491520K
  class space    used 9326K, committed 9664K, reserved 425984K
}
Event: 25.474 GC heap after
{Heap after GC invocations=34 (full 0):
 garbage-first heap   total 121856K, used 79416K [0x0000000080000000, 0x0000000100000000)
  region size 1024K, 4 young (4096K), 4 survivors (4096K)
 Metaspace       used 65836K, committed 66560K, reserved 491520K
  class space    used 9326K, committed 9664K, reserved 425984K
}
Event: 25.497 GC heap before
{Heap before GC invocations=34 (full 0):
 garbage-first heap   total 121856K, used 80440K [0x0000000080000000, 0x0000000100000000)
  region size 1024K, 5 young (5120K), 4 survivors (4096K)
 Metaspace       used 65928K, committed 66688K, reserved 491520K
  class space    used 9339K, committed 9664K, reserved 425984K
}
Event: 25.500 GC heap after
{Heap after GC invocations=35 (full 0):
 garbage-first heap   total 121856K, used 78234K [0x0000000080000000, 0x0000000100000000)
  region size 1024K, 1 young (1024K), 1 survivors (1024K)
 Metaspace       used 65928K, committed 66688K, reserved 491520K
  class space    used 9339K, committed 9664K, reserved 425984K
}
Event: 25.711 GC heap before
{Heap before GC invocations=35 (full 0):
 garbage-first heap   total 121856K, used 98714K [0x0000000080000000, 0x0000000100000000)
  region size 1024K, 22 young (22528K), 1 survivors (1024K)
 Metaspace       used 67836K, committed 68544K, reserved 491520K
  class space    used 9539K, committed 9856K, reserved 425984K
}
Event: 25.712 GC heap after
{Heap after GC invocations=36 (full 0):
 garbage-first heap   total 121856K, used 78794K [0x0000000080000000, 0x0000000100000000)
  region size 1024K, 1 young (1024K), 1 survivors (1024K)
 Metaspace       used 67836K, committed 68544K, reserved 491520K
  class space    used 9539K, committed 9856K, reserved 425984K
}
Event: 25.960 GC heap before
{Heap before GC invocations=37 (full 0):
 garbage-first heap   total 147456K, used 99274K [0x0000000080000000, 0x0000000100000000)
  region size 1024K, 22 young (22528K), 1 survivors (1024K)
 Metaspace       used 69688K, committed 70400K, reserved 491520K
  class space    used 9732K, committed 10048K, reserved 425984K
}
Event: 25.963 GC heap after
{Heap after GC invocations=38 (full 0):
 garbage-first heap   total 147456K, used 79360K [0x0000000080000000, 0x0000000100000000)
  region size 1024K, 2 young (2048K), 2 survivors (2048K)
 Metaspace       used 69688K, committed 70400K, reserved 491520K
  class space    used 9732K, committed 10048K, reserved 425984K
}
Event: 26.058 GC heap before
{Heap before GC invocations=38 (full 0):
 garbage-first heap   total 147456K, used 84480K [0x0000000080000000, 0x0000000100000000)
  region size 1024K, 7 young (7168K), 2 survivors (2048K)
 Metaspace       used 70075K, committed 70784K, reserved 491520K
  class space    used 9782K, committed 10112K, reserved 425984K
}
Event: 26.061 GC heap after
{Heap after GC invocations=39 (full 0):
 garbage-first heap   total 198656K, used 79179K [0x0000000080000000, 0x0000000100000000)
  region size 1024K, 1 young (1024K), 1 survivors (1024K)
 Metaspace       used 70075K, committed 70784K, reserved 491520K
  class space    used 9782K, committed 10112K, reserved 425984K
}
Event: 27.040 GC heap before
{Heap before GC invocations=39 (full 0):
 garbage-first heap   total 198656K, used 149835K [0x0000000080000000, 0x0000000100000000)
  region size 1024K, 64 young (65536K), 1 survivors (1024K)
 Metaspace       used 74690K, committed 75392K, reserved 491520K
  class space    used 10357K, committed 10688K, reserved 425984K
}
Event: 27.045 GC heap after
{Heap after GC invocations=40 (full 0):
 garbage-first heap   total 198656K, used 84637K [0x0000000080000000, 0x0000000100000000)
  region size 1024K, 6 young (6144K), 6 survivors (6144K)
 Metaspace       used 74690K, committed 75392K, reserved 491520K
  class space    used 10357K, committed 10688K, reserved 425984K
}
Event: 27.624 GC heap before
{Heap before GC invocations=40 (full 0):
 garbage-first heap   total 198656K, used 147101K [0x0000000080000000, 0x0000000100000000)
  region size 1024K, 68 young (69632K), 6 survivors (6144K)
 Metaspace       used 77829K, committed 78528K, reserved 557056K
  class space    used 10781K, committed 11072K, reserved 425984K
}
Event: 27.630 GC heap after
{Heap after GC invocations=41 (full 0):
 garbage-first heap   total 198656K, used 88615K [0x0000000080000000, 0x0000000100000000)
  region size 1024K, 4 young (4096K), 4 survivors (4096K)
 Metaspace       used 77829K, committed 78528K, reserved 557056K
  class space    used 10781K, committed 11072K, reserved 425984K
}

Dll operation events (15 events):
Event: 0.031 Loaded shared library C:\Program Files\OpenLogic\jdk-17.0.10.7-hotspot\bin\java.dll
Event: 0.052 Loaded shared library C:\Program Files\OpenLogic\jdk-17.0.10.7-hotspot\bin\jsvml.dll
Event: 0.100 Loaded shared library C:\Program Files\OpenLogic\jdk-17.0.10.7-hotspot\bin\zip.dll
Event: 0.104 Loaded shared library C:\Program Files\OpenLogic\jdk-17.0.10.7-hotspot\bin\instrument.dll
Event: 0.110 Loaded shared library C:\Program Files\OpenLogic\jdk-17.0.10.7-hotspot\bin\net.dll
Event: 0.114 Loaded shared library C:\Program Files\OpenLogic\jdk-17.0.10.7-hotspot\bin\nio.dll
Event: 0.118 Loaded shared library C:\Program Files\OpenLogic\jdk-17.0.10.7-hotspot\bin\zip.dll
Event: 0.323 Loaded shared library C:\Program Files\OpenLogic\jdk-17.0.10.7-hotspot\bin\jimage.dll
Event: 0.407 Loaded shared library C:\Program Files\OpenLogic\jdk-17.0.10.7-hotspot\bin\verify.dll
Event: 0.601 Loaded shared library C:\Users\MAHE\.gradle\native\68d5fa5c4cc2d200863cafc0d521ce42e7d3e7ee720ec0a83991735586a16f82\windows-amd64\native-platform.dll
Event: 0.636 Loaded shared library C:\Users\MAHE\.gradle\native\e376f236ea51e6404a007f0833ffe2c6e607c4080706a723a18a27aeea778392\windows-amd64\native-platform-file-events.dll
Event: 2.182 Loaded shared library C:\Program Files\OpenLogic\jdk-17.0.10.7-hotspot\bin\management.dll
Event: 2.190 Loaded shared library C:\Program Files\OpenLogic\jdk-17.0.10.7-hotspot\bin\management_ext.dll
Event: 2.433 Loaded shared library C:\Program Files\OpenLogic\jdk-17.0.10.7-hotspot\bin\extnet.dll
Event: 2.654 Loaded shared library C:\Program Files\OpenLogic\jdk-17.0.10.7-hotspot\bin\sunmscapi.dll

Deoptimization events (20 events):
Event: 34.948 Thread 0x000001991b961a30 DEOPT PACKING pc=0x000001996b2e3f24 sp=0x00000024574f3a10
Event: 34.948 Thread 0x000001991b961a30 DEOPT UNPACKING pc=0x000001996a9569a3 sp=0x00000024574f3a08 mode 2
Event: 35.071 Thread 0x000001991b961a30 DEOPT PACKING pc=0x000001996447e3f5 sp=0x00000024574f3f50
Event: 35.071 Thread 0x000001991b961a30 DEOPT UNPACKING pc=0x000001996a957143 sp=0x00000024574f3490 mode 0
Event: 35.072 Thread 0x000001991b961a30 DEOPT PACKING pc=0x000001996447e335 sp=0x00000024574f4960
Event: 35.072 Thread 0x000001991b961a30 DEOPT UNPACKING pc=0x000001996a957143 sp=0x00000024574f3e88 mode 0
Event: 35.073 Thread 0x000001991b961a30 DEOPT PACKING pc=0x000001996447e335 sp=0x00000024574f47d0
Event: 35.073 Thread 0x000001991b961a30 DEOPT UNPACKING pc=0x000001996a957143 sp=0x00000024574f3cf8 mode 0
Event: 35.075 Thread 0x000001991b961a30 DEOPT PACKING pc=0x000001996447e39d sp=0x00000024574f46d0
Event: 35.075 Thread 0x000001991b961a30 DEOPT UNPACKING pc=0x000001996a957143 sp=0x00000024574f3bf8 mode 0
Event: 35.076 Thread 0x000001991b961a30 DEOPT PACKING pc=0x000001996447e49d sp=0x00000024574f47a0
Event: 35.076 Thread 0x000001991b961a30 DEOPT UNPACKING pc=0x000001996a957143 sp=0x00000024574f3cc8 mode 0
Event: 35.275 Thread 0x000001991b961a30 Uncommon trap: trap_request=0xffffffde fr.pc=0x000001996b2f90b8 relative=0x0000000000000378
Event: 35.275 Thread 0x000001991b961a30 Uncommon trap: reason=class_check action=maybe_recompile pc=0x000001996b2f90b8 method=java.lang.StringConcatHelper.stringOf(Ljava/lang/Object;)Ljava/lang/String; @ 5 c2
Event: 35.275 Thread 0x000001991b961a30 DEOPT PACKING pc=0x000001996b2f90b8 sp=0x00000024574f5370
Event: 35.275 Thread 0x000001991b961a30 DEOPT UNPACKING pc=0x000001996a9569a3 sp=0x00000024574f52b0 mode 2
Event: 35.275 Thread 0x000001991b961a30 Uncommon trap: trap_request=0xffffffde fr.pc=0x000001996b0cfb3c relative=0x000000000000003c
Event: 35.275 Thread 0x000001991b961a30 Uncommon trap: reason=class_check action=maybe_recompile pc=0x000001996b0cfb3c method=java.lang.StringConcatHelper.stringOf(Ljava/lang/Object;)Ljava/lang/String; @ 5 c2
Event: 35.275 Thread 0x000001991b961a30 DEOPT PACKING pc=0x000001996b0cfb3c sp=0x00000024574f52d0
Event: 35.275 Thread 0x000001991b961a30 DEOPT UNPACKING pc=0x000001996a9569a3 sp=0x00000024574f5268 mode 2

Classes unloaded (0 events):
No events

Classes redefined (0 events):
No events

Internal exceptions (20 events):
Event: 34.931 Thread 0x000001991b961a30 Exception <a 'java/lang/ClassNotFoundException'{0x000000008b051660}: org/gradle/api/DefaultTask_DecoratedBeanInfo> (0x000000008b051660) 
thrown [s\src\hotspot\share\classfile\systemDictionary.cpp, line 256]
Event: 34.931 Thread 0x000001991b961a30 Exception <a 'java/lang/ClassNotFoundException'{0x000000008b06d150}: org/gradle/api/DefaultTaskBeanInfo> (0x000000008b06d150) 
thrown [s\src\hotspot\share\classfile\systemDictionary.cpp, line 256]
Event: 34.932 Thread 0x000001991b961a30 Exception <a 'java/lang/ClassNotFoundException'{0x000000008b0892e8}: org/gradle/api/internal/AbstractTaskBeanInfo> (0x000000008b0892e8) 
thrown [s\src\hotspot\share\classfile\systemDictionary.cpp, line 256]
Event: 34.933 Thread 0x000001991b961a30 Exception <a 'java/lang/ClassNotFoundException'{0x000000008b0a5228}: org/gradle/api/internal/AbstractTaskCustomizer> (0x000000008b0a5228) 
thrown [s\src\hotspot\share\classfile\systemDictionary.cpp, line 256]
Event: 34.936 Thread 0x000001991b961a30 Exception <a 'java/lang/ClassNotFoundException'{0x000000008af121c0}: org/gradle/api/DefaultTaskCustomizer> (0x000000008af121c0) 
thrown [s\src\hotspot\share\classfile\systemDictionary.cpp, line 256]
Event: 34.938 Thread 0x000001991b961a30 Exception <a 'java/lang/ClassNotFoundException'{0x000000008af8a510}: org/gradle/api/DefaultTask_DecoratedCustomizer> (0x000000008af8a510) 
thrown [s\src\hotspot\share\classfile\systemDictionary.cpp, line 256]
Event: 34.947 Thread 0x000001991b961a30 Exception <a 'java/lang/ClassNotFoundException'{0x000000008ae0bb38}: java/util/regex/MatcherBeanInfo> (0x000000008ae0bb38) 
thrown [s\src\hotspot\share\classfile\systemDictionary.cpp, line 256]
Event: 34.947 Thread 0x000001991b961a30 Exception <a 'java/lang/ClassNotFoundException'{0x000000008ae15bc0}: java/util/regex/MatcherCustomizer> (0x000000008ae15bc0) 
thrown [s\src\hotspot\share\classfile\systemDictionary.cpp, line 256]
Event: 34.955 Thread 0x000001991b961a30 Exception <a 'java/lang/ClassNotFoundException'{0x000000008aec7788}: com/android/build/gradle/internal/api/DefaultAndroidSourceSet_DecoratedBeanInfo> (0x000000008aec7788) 
thrown [s\src\hotspot\share\classfile\systemDictionary.cpp, line 256]
Event: 34.955 Thread 0x000001991b961a30 Exception <a 'java/lang/ClassNotFoundException'{0x000000008aed9ba0}: com/android/build/gradle/internal/api/DefaultAndroidSourceSetBeanInfo> (0x000000008aed9ba0) 
thrown [s\src\hotspot\share\classfile\systemDictionary.cpp, line 256]
Event: 34.956 Thread 0x000001991b961a30 Exception <a 'java/lang/ClassNotFoundException'{0x000000008aeec010}: com/android/build/gradle/internal/api/DefaultAndroidSourceSetCustomizer> (0x000000008aeec010) 
thrown [s\src\hotspot\share\classfile\systemDictionary.cpp, line 256]
Event: 34.959 Thread 0x000001991b961a30 Exception <a 'java/lang/ClassNotFoundException'{0x000000008ad592a8}: com/android/build/gradle/internal/api/DefaultAndroidSourceSet_DecoratedCustomizer> (0x000000008ad592a8) 
thrown [s\src\hotspot\share\classfile\systemDictionary.cpp, line 256]
Event: 34.966 Thread 0x000001991b961a30 Exception <a 'java/lang/ClassNotFoundException'{0x000000008ac02f68}: com/android/build/gradle/internal/api/DefaultAndroidSourceDirectorySetBeanInfo> (0x000000008ac02f68) 
thrown [s\src\hotspot\share\classfile\systemDictionary.cpp, line 256]
Event: 34.966 Thread 0x000001991b961a30 Exception <a 'java/lang/ClassNotFoundException'{0x000000008ac16780}: com/android/build/gradle/internal/api/DefaultAndroidSourceDirectorySetCustomizer> (0x000000008ac16780) 
thrown [s\src\hotspot\share\classfile\systemDictionary.cpp, line 256]
Event: 34.972 Thread 0x000001991b961a30 Exception <a 'java/lang/ClassNotFoundException'{0x000000008ab3a648}: com/google/common/collect/SingletonImmutableSetBeanInfo> (0x000000008ab3a648) 
thrown [s\src\hotspot\share\classfile\systemDictionary.cpp, line 256]
Event: 34.973 Thread 0x000001991b961a30 Exception <a 'java/lang/ClassNotFoundException'{0x000000008ab4d958}: com/google/common/collect/ImmutableSetBeanInfo> (0x000000008ab4d958) 
thrown [s\src\hotspot\share\classfile\systemDictionary.cpp, line 256]
Event: 34.973 Thread 0x000001991b961a30 Exception <a 'java/lang/ClassNotFoundException'{0x000000008ab60d38}: com/google/common/collect/ImmutableCollectionBeanInfo> (0x000000008ab60d38) 
thrown [s\src\hotspot\share\classfile\systemDictionary.cpp, line 256]
Event: 34.974 Thread 0x000001991b961a30 Exception <a 'java/lang/ClassNotFoundException'{0x000000008ab74188}: com/google/common/collect/ImmutableCollectionCustomizer> (0x000000008ab74188) 
thrown [s\src\hotspot\share\classfile\systemDictionary.cpp, line 256]
Event: 34.984 Thread 0x000001991b961a30 Exception <a 'java/lang/ClassNotFoundException'{0x000000008abd5dc8}: com/google/common/collect/ImmutableSetCustomizer> (0x000000008abd5dc8) 
thrown [s\src\hotspot\share\classfile\systemDictionary.cpp, line 256]
Event: 34.987 Thread 0x000001991b961a30 Exception <a 'java/lang/ClassNotFoundException'{0x000000008aa01ed8}: com/google/common/collect/SingletonImmutableSetCustomizer> (0x000000008aa01ed8) 
thrown [s\src\hotspot\share\classfile\systemDictionary.cpp, line 256]

VM Operations (20 events):
Event: 27.040 Executing VM operation: G1CollectForAllocation
Event: 27.045 Executing VM operation: G1CollectForAllocation done
Event: 27.624 Executing VM operation: G1CollectForAllocation
Event: 27.630 Executing VM operation: G1CollectForAllocation done
Event: 28.633 Executing VM operation: Cleanup
Event: 28.633 Executing VM operation: Cleanup done
Event: 32.653 Executing VM operation: Cleanup
Event: 32.653 Executing VM operation: Cleanup done
Event: 34.658 Executing VM operation: Cleanup
Event: 34.658 Executing VM operation: Cleanup done
Event: 34.919 Executing VM operation: HandshakeAllThreads
Event: 34.920 Executing VM operation: HandshakeAllThreads done
Event: 34.933 Executing VM operation: HandshakeAllThreads
Event: 34.933 Executing VM operation: HandshakeAllThreads done
Event: 35.091 Executing VM operation: HandshakeAllThreads
Event: 35.091 Executing VM operation: HandshakeAllThreads done
Event: 35.091 Executing VM operation: HandshakeAllThreads
Event: 35.091 Executing VM operation: HandshakeAllThreads done
Event: 35.185 Executing VM operation: HandshakeAllThreads
Event: 35.185 Executing VM operation: HandshakeAllThreads done

Events (20 events):
Event: 35.102 Thread 0x0000019979633fe0 flushing nmethod 0x00000199642f3510
Event: 35.102 Thread 0x0000019979633fe0 flushing nmethod 0x00000199642f4110
Event: 35.102 Thread 0x0000019979633fe0 flushing nmethod 0x00000199642f4910
Event: 35.102 Thread 0x0000019979633fe0 flushing nmethod 0x0000019964300110
Event: 35.102 Thread 0x0000019979633fe0 flushing nmethod 0x0000019964300690
Event: 35.102 Thread 0x0000019979633fe0 flushing nmethod 0x0000019964300a90
Event: 35.102 Thread 0x0000019979633fe0 flushing nmethod 0x0000019964301110
Event: 35.102 Thread 0x0000019979633fe0 flushing nmethod 0x0000019964304190
Event: 35.102 Thread 0x0000019979633fe0 flushing nmethod 0x0000019964305c10
Event: 35.102 Thread 0x0000019979633fe0 flushing nmethod 0x0000019964306510
Event: 35.102 Thread 0x0000019979633fe0 flushing nmethod 0x0000019964306a90
Event: 35.102 Thread 0x0000019979633fe0 flushing nmethod 0x0000019964309b10
Event: 35.102 Thread 0x0000019979633fe0 flushing nmethod 0x000001996430ad10
Event: 35.102 Thread 0x0000019979633fe0 flushing nmethod 0x000001996430be10
Event: 35.102 Thread 0x0000019979633fe0 flushing nmethod 0x000001996430cd10
Event: 35.102 Thread 0x0000019979633fe0 flushing nmethod 0x0000019964328490
Event: 35.102 Thread 0x0000019979633fe0 flushing nmethod 0x0000019964337090
Event: 35.102 Thread 0x0000019979633fe0 flushing nmethod 0x0000019964340810
Event: 35.102 Thread 0x0000019979633fe0 flushing nmethod 0x0000019964340f90
Event: 35.102 Thread 0x0000019979633fe0 flushing nmethod 0x000001996434c510


Dynamic libraries:
0x00007ff6ec840000 - 0x00007ff6ec84e000 	C:\Program Files\OpenLogic\jdk-17.0.10.7-hotspot\bin\java.exe
0x00007ffcdecb0000 - 0x00007ffcdeec7000 	C:\Windows\SYSTEM32\ntdll.dll
0x00007ffcdda10000 - 0x00007ffcddad4000 	C:\Windows\System32\KERNEL32.DLL
0x00007ffcdbfd0000 - 0x00007ffcdc377000 	C:\Windows\System32\KERNELBASE.dll
0x00007ffcdbce0000 - 0x00007ffcdbe2c000 	C:\Windows\system32\hmpalert.dll
0x00007ffcdc5e0000 - 0x00007ffcdc6f1000 	C:\Windows\System32\ucrtbase.dll
0x00007ffcd8220000 - 0x00007ffcd823b000 	C:\Program Files\OpenLogic\jdk-17.0.10.7-hotspot\bin\VCRUNTIME140.dll
0x00007ffcd81c0000 - 0x00007ffcd81d7000 	C:\Program Files\OpenLogic\jdk-17.0.10.7-hotspot\bin\jli.dll
0x00007ffcdcc60000 - 0x00007ffcdce0e000 	C:\Windows\System32\USER32.dll
0x00007ffcdc910000 - 0x00007ffcdc936000 	C:\Windows\System32\win32u.dll
0x00007ffcdcbe0000 - 0x00007ffcdcc09000 	C:\Windows\System32\GDI32.dll
0x00007ffcdc700000 - 0x00007ffcdc819000 	C:\Windows\System32\gdi32full.dll
0x00007ffcdc940000 - 0x00007ffcdc9da000 	C:\Windows\System32\msvcp_win.dll
0x00007ffcdb160000 - 0x00007ffcdb3f3000 	C:\Windows\WinSxS\amd64_microsoft.windows.common-controls_6595b64144ccf1df_6.0.22621.3527_none_270e469b73872a76\COMCTL32.dll
0x00007ffcde770000 - 0x00007ffcde817000 	C:\Windows\System32\msvcrt.dll
0x00007ffcdcf10000 - 0x00007ffcdcf41000 	C:\Windows\System32\IMM32.DLL
0x00007ffcd8210000 - 0x00007ffcd821c000 	C:\Program Files\OpenLogic\jdk-17.0.10.7-hotspot\bin\vcruntime140_1.dll
0x00007ffcc3d00000 - 0x00007ffcc3d8d000 	C:\Program Files\OpenLogic\jdk-17.0.10.7-hotspot\bin\msvcp140.dll
0x00007ffc56d60000 - 0x00007ffc579c2000 	C:\Program Files\OpenLogic\jdk-17.0.10.7-hotspot\bin\server\jvm.dll
0x00007ffcde820000 - 0x00007ffcde8d2000 	C:\Windows\System32\ADVAPI32.dll
0x00007ffcdd7b0000 - 0x00007ffcdd858000 	C:\Windows\System32\sechost.dll
0x00007ffcdc440000 - 0x00007ffcdc468000 	C:\Windows\System32\bcrypt.dll
0x00007ffcde650000 - 0x00007ffcde765000 	C:\Windows\System32\RPCRT4.dll
0x00007ffcdbb90000 - 0x00007ffcdbbdd000 	C:\Windows\SYSTEM32\POWRPROF.dll
0x00007ffcd8130000 - 0x00007ffcd8139000 	C:\Windows\SYSTEM32\WSOCK32.dll
0x00007ffcde240000 - 0x00007ffcde2b1000 	C:\Windows\System32\WS2_32.dll
0x00007ffcd6870000 - 0x00007ffcd687a000 	C:\Windows\SYSTEM32\VERSION.dll
0x00007ffccc380000 - 0x00007ffccc3b4000 	C:\Windows\SYSTEM32\WINMM.dll
0x00007ffcdbb70000 - 0x00007ffcdbb83000 	C:\Windows\SYSTEM32\UMPDC.dll
0x00007ffcda7c0000 - 0x00007ffcda7d8000 	C:\Windows\SYSTEM32\kernel.appcore.dll
0x00007ffcd8120000 - 0x00007ffcd812a000 	C:\Program Files\OpenLogic\jdk-17.0.10.7-hotspot\bin\jimage.dll
0x00007ffcdb620000 - 0x00007ffcdb852000 	C:\Windows\SYSTEM32\DBGHELP.DLL
0x00007ffcde8e0000 - 0x00007ffcdec68000 	C:\Windows\System32\combase.dll
0x00007ffcdcb00000 - 0x00007ffcdcbd7000 	C:\Windows\System32\OLEAUT32.dll
0x00007ffcdb5e0000 - 0x00007ffcdb612000 	C:\Windows\SYSTEM32\dbgcore.DLL
0x00007ffcdc890000 - 0x00007ffcdc909000 	C:\Windows\System32\bcryptPrimitives.dll
0x00007ffcc9bf0000 - 0x00007ffcc9bfe000 	C:\Program Files\OpenLogic\jdk-17.0.10.7-hotspot\bin\instrument.dll
0x00007ffcd7950000 - 0x00007ffcd7975000 	C:\Program Files\OpenLogic\jdk-17.0.10.7-hotspot\bin\java.dll
0x00007ffc7b890000 - 0x00007ffc7b966000 	C:\Program Files\OpenLogic\jdk-17.0.10.7-hotspot\bin\jsvml.dll
0x00007ffcdcf50000 - 0x00007ffcdd7ac000 	C:\Windows\System32\SHELL32.dll
0x00007ffcd96e0000 - 0x00007ffcd9fd6000 	C:\Windows\SYSTEM32\windows.storage.dll
0x00007ffcd95a0000 - 0x00007ffcd96de000 	C:\Windows\SYSTEM32\wintypes.dll
0x00007ffcdc9e0000 - 0x00007ffcdcad5000 	C:\Windows\System32\SHCORE.dll
0x00007ffcddfc0000 - 0x00007ffcde01e000 	C:\Windows\System32\shlwapi.dll
0x00007ffcdbf00000 - 0x00007ffcdbf21000 	C:\Windows\SYSTEM32\profapi.dll
0x00007ffcc9c50000 - 0x00007ffcc9c68000 	C:\Program Files\OpenLogic\jdk-17.0.10.7-hotspot\bin\zip.dll
0x00007ffccc040000 - 0x00007ffccc059000 	C:\Program Files\OpenLogic\jdk-17.0.10.7-hotspot\bin\net.dll
0x00007ffcd6560000 - 0x00007ffcd6696000 	C:\Windows\SYSTEM32\WINHTTP.dll
0x00007ffcdabf0000 - 0x00007ffcdac59000 	C:\Windows\system32\mswsock.dll
0x00007ffccc020000 - 0x00007ffccc036000 	C:\Program Files\OpenLogic\jdk-17.0.10.7-hotspot\bin\nio.dll
0x00007ffcd8110000 - 0x00007ffcd8120000 	C:\Program Files\OpenLogic\jdk-17.0.10.7-hotspot\bin\verify.dll
0x00007ffcc4570000 - 0x00007ffcc4597000 	C:\Users\MAHE\.gradle\native\68d5fa5c4cc2d200863cafc0d521ce42e7d3e7ee720ec0a83991735586a16f82\windows-amd64\native-platform.dll
0x00007ffc68620000 - 0x00007ffc68764000 	C:\Users\MAHE\.gradle\native\e376f236ea51e6404a007f0833ffe2c6e607c4080706a723a18a27aeea778392\windows-amd64\native-platform-file-events.dll
0x00007ffcc9d00000 - 0x00007ffcc9d09000 	C:\Program Files\OpenLogic\jdk-17.0.10.7-hotspot\bin\management.dll
0x00007ffcc9c40000 - 0x00007ffcc9c4b000 	C:\Program Files\OpenLogic\jdk-17.0.10.7-hotspot\bin\management_ext.dll
0x00007ffcdcc10000 - 0x00007ffcdcc18000 	C:\Windows\System32\PSAPI.DLL
0x00007ffcdba20000 - 0x00007ffcdba3b000 	C:\Windows\SYSTEM32\CRYPTSP.dll
0x00007ffcda720000 - 0x00007ffcda755000 	C:\Windows\system32\rsaenh.dll
0x00007ffcdae70000 - 0x00007ffcdae98000 	C:\Windows\SYSTEM32\USERENV.dll
0x00007ffcdaea0000 - 0x00007ffcdaeac000 	C:\Windows\SYSTEM32\CRYPTBASE.dll
0x00007ffcda240000 - 0x00007ffcda26d000 	C:\Windows\SYSTEM32\IPHLPAPI.DLL
0x00007ffcde230000 - 0x00007ffcde239000 	C:\Windows\System32\NSI.dll
0x00007ffcd6880000 - 0x00007ffcd6899000 	C:\Windows\SYSTEM32\dhcpcsvc6.DLL
0x00007ffcd6450000 - 0x00007ffcd646f000 	C:\Windows\SYSTEM32\dhcpcsvc.DLL
0x00007ffcda2b0000 - 0x00007ffcda3a8000 	C:\Windows\SYSTEM32\DNSAPI.dll
0x00007ffcc9c30000 - 0x00007ffcc9c38000 	C:\Program Files\OpenLogic\jdk-17.0.10.7-hotspot\bin\extnet.dll
0x00007ffcc9be0000 - 0x00007ffcc9bee000 	C:\Program Files\OpenLogic\jdk-17.0.10.7-hotspot\bin\sunmscapi.dll
0x00007ffcdc470000 - 0x00007ffcdc5d8000 	C:\Windows\System32\CRYPT32.dll
0x00007ffcdb030000 - 0x00007ffcdb05e000 	C:\Windows\SYSTEM32\ncrypt.dll
0x00007ffcdaff0000 - 0x00007ffcdb027000 	C:\Windows\SYSTEM32\NTASN1.dll
0x00007ffcc4560000 - 0x00007ffcc4568000 	C:\Windows\system32\wshunix.dll
0x00007ffcc44b0000 - 0x00007ffcc44c7000 	C:\Windows\system32\napinsp.dll
0x00007ffcc4490000 - 0x00007ffcc44ab000 	C:\Windows\system32\pnrpnsp.dll
0x00007ffcc4470000 - 0x00007ffcc4481000 	C:\Windows\System32\winrnr.dll
0x00007ffcc4450000 - 0x00007ffcc4465000 	C:\Windows\system32\wshbth.dll
0x00007ffcc4420000 - 0x00007ffcc4447000 	C:\Windows\system32\nlansp_c.dll
0x00007ffcd2c10000 - 0x00007ffcd2c1a000 	C:\Windows\System32\rasadhlp.dll
0x00007ffcd56d0000 - 0x00007ffcd5753000 	C:\Windows\System32\fwpuclnt.dll

dbghelp: loaded successfully - version: 4.0.5 - missing functions: none
symbol engine: initialized successfully - sym options: 0x614 - pdb path: .;C:\Program Files\OpenLogic\jdk-17.0.10.7-hotspot\bin;C:\Windows\SYSTEM32;C:\Windows\WinSxS\amd64_microsoft.windows.common-controls_6595b64144ccf1df_6.0.22621.3527_none_270e469b73872a76;C:\Program Files\OpenLogic\jdk-17.0.10.7-hotspot\bin\server;C:\Users\MAHE\.gradle\native\68d5fa5c4cc2d200863cafc0d521ce42e7d3e7ee720ec0a83991735586a16f82\windows-amd64;C:\Users\MAHE\.gradle\native\e376f236ea51e6404a007f0833ffe2c6e607c4080706a723a18a27aeea778392\windows-amd64

VM Arguments:
jvm_args: -XX:MaxMetaspaceSize=512m --add-opens=java.base/java.util=ALL-UNNAMED --add-opens=java.base/java.lang=ALL-UNNAMED --add-opens=java.base/java.lang.invoke=ALL-UNNAMED --add-opens=java.prefs/java.util.prefs=ALL-UNNAMED --add-opens=java.base/java.nio.charset=ALL-UNNAMED --add-opens=java.base/java.net=ALL-UNNAMED --add-opens=java.base/java.util.concurrent.atomic=ALL-UNNAMED -Xmx2048m -Dfile.encoding=windows-1252 -Duser.country=IN -Duser.language=en -Duser.variant -javaagent:C:\Users\MAHE\.gradle\wrapper\dists\gradle-8.3-all\6en3ugtfdg5xnpx44z4qbwgas\gradle-8.3\lib\agents\gradle-instrumentation-agent-8.3.jar 
java_command: org.gradle.launcher.daemon.bootstrap.GradleDaemon 8.3
java_class_path (initial): C:\Users\MAHE\.gradle\wrapper\dists\gradle-8.3-all\6en3ugtfdg5xnpx44z4qbwgas\gradle-8.3\lib\gradle-launcher-8.3.jar
Launcher Type: SUN_STANDARD

[Global flags]
     intx CICompilerCount                          = 3                                         {product} {ergonomic}
   size_t CompressedClassSpaceSize                 = 436207616                                 {product} {ergonomic}
     uint ConcGCThreads                            = 1                                         {product} {ergonomic}
     uint G1ConcRefinementThreads                  = 4                                         {product} {ergonomic}
   size_t G1HeapRegionSize                         = 1048576                                   {product} {ergonomic}
    uintx GCDrainStackTargetSize                   = 64                                        {product} {ergonomic}
   size_t InitialHeapSize                          = 268435456                                 {product} {ergonomic}
   size_t MarkStackSize                            = 4194304                                   {product} {ergonomic}
   size_t MaxHeapSize                              = 2147483648                                {product} {command line}
   size_t MaxMetaspaceSize                         = 536870912                                 {product} {command line}
   size_t MaxNewSize                               = 1287651328                                {product} {ergonomic}
   size_t MinHeapDeltaBytes                        = 1048576                                   {product} {ergonomic}
   size_t MinHeapSize                              = 8388608                                   {product} {ergonomic}
    uintx NonNMethodCodeHeapSize                   = 5832780                                {pd product} {ergonomic}
    uintx NonProfiledCodeHeapSize                  = 122912730                              {pd product} {ergonomic}
    uintx ProfiledCodeHeapSize                     = 122912730                              {pd product} {ergonomic}
    uintx ReservedCodeCacheSize                    = 251658240                              {pd product} {ergonomic}
     bool SegmentedCodeCache                       = true                                      {product} {ergonomic}
   size_t SoftMaxHeapSize                          = 2147483648                             {manageable} {ergonomic}
     bool UseCompressedClassPointers               = true                           {product lp64_product} {ergonomic}
     bool UseCompressedOops                        = true                           {product lp64_product} {ergonomic}
     bool UseG1GC                                  = true                                      {product} {ergonomic}
     bool UseLargePagesIndividualAllocation        = false                                  {pd product} {ergonomic}

Logging:
Log output configuration:
 #0: stdout all=warning uptime,level,tags
 #1: stderr all=off uptime,level,tags

Environment Variables:
JAVA_HOME=C:\Program Files\OpenLogic\jdk-17.0.10.7-hotspot\
CLASSPATH=C:\Users\MAHE\Documents\DOC APP BACKUP FILES\april30_\demo1_joyson1\android\\gradle\wrapper\gradle-wrapper.jar
PATH=C:\Users\MAHE\Documents\DOC APP BACKUP FILES\april30_\demo1_joyson1\node_modules\.bin;C:\Users\MAHE\Documents\DOC APP BACKUP FILES\april30_\demo1_joyson1\node_modules\.bin;C:\Users\MAHE\Documents\DOC APP BACKUP FILES\april30_\node_modules\.bin;C:\Users\MAHE\Documents\DOC APP BACKUP FILES\node_modules\.bin;C:\Users\MAHE\Documents\node_modules\.bin;C:\Users\MAHE\node_modules\.bin;C:\Users\node_modules\.bin;C:\node_modules\.bin;C:\Users\MAHE\AppData\Roaming\npm\node_modules\npm\node_modules\@npmcli\run-script\lib\node-gyp-bin;C:\Program Files\OpenLogic\jdk-17.0.10.7-hotspot\bin;C:\Python312\Scripts\;C:\Python312\;C:\Windows\system32;C:\Windows;C:\Windows\System32\Wbem;C:\Windows\System32\WindowsPowerShell\v1.0\;C:\Windows\System32\OpenSSH\;C:\Program Files\nodejs\;C:\ProgramData\chocolatey\bin;C:\Program Files\Git\cmd;C:\Program Files\Git\bin;C:\Program Files (x86)\Microsoft SQL Server\160\Tools\Binn\;C:\Program Files\Microsoft SQL Server\160\Tools\Binn\;C:\Program Files\Microsoft SQL Server\Client SDK\ODBC\170\Tools\Binn\;C:\Program Files\Microsoft SQL Server\160\DTS\Binn\;C:\Program Files (x86)\Microsoft SQL Server\160\DTS\Binn\;C:\Program Files\Azure Data Studio\bin;C:\Users\MAHE\AppData\Local\Microsoft\WindowsApps;C:\Users\MAHE\AppData\Local\Programs\Microsoft VS Code\bin;C:\Users\MAHE\AppData\Roaming\npm;C:\Users\MAHE\AppData\Local\Android\Sdk;C:\Users\MAHE\AppData\Local\Android\Sdk\platform-tools;C:\Users\MAHE\AppData\Local\Android\Sdk\emulator;C:\Program Files\Git\bin;;C:\Program Files\Azure Data Studio\bin
USERNAME=MAHE
LANG=en_US.UTF-8
OS=Windows_NT
PROCESSOR_IDENTIFIER=Intel64 Family 6 Model 60 Stepping 3, GenuineIntel
TMP=C:\Users\MAHE\AppData\Local\Temp
TEMP=C:\Users\MAHE\AppData\Local\Temp



Periodic native trim disabled


---------------  S Y S T E M  ---------------

OS:
 Windows 11 , 64 bit Build 22621 (10.0.22621.3527)
OS uptime: 0 days 17:45 hours

CPU: total 4 (initial active 4) (4 cores per cpu, 1 threads per core) family 6 model 60 stepping 3 microcode 0x28, cx8, cmov, fxsr, mmx, sse, sse2, sse3, ssse3, sse4.1, sse4.2, popcnt, lzcnt, tsc, tscinvbit, avx, avx2, aes, erms, clmul, bmi1, bmi2, fma, vzeroupper, clflush
Processor Information for all 4 processors :
  Max Mhz: 3001, Current Mhz: 3001, Mhz Limit: 3001

Memory: 4k page, system-wide physical 16309M (6287M free)
TotalPageFile size 32693M (AvailPageFile size 18611M)
current process WorkingSet (physical memory assigned to process): 424M, peak: 425M
current process commit charge ("private bytes"): 477M, peak: 481M

vm_info: OpenJDK 64-Bit Server VM (17.0.10+7-adhoc..jdk17u) for windows-amd64 JRE (17.0.10+7-adhoc..jdk17u), built on Jan 24 2024 08:51:31 by "" with MS VC++ 16.10 / 16.11 (VS2019)

END.
