#
# A fatal error has been detected by the Java Runtime Environment:
#
#  EXCEPTION_ACCESS_VIOLATION (0xc0000005) at pc=0x00007ffe1fef2c7d, pid=13828, tid=14128
#
# JRE version: OpenJDK Runtime Environment OpenLogic-OpenJDK (17.0.10+7) (build 17.0.10+7-adhoc..jdk17u)
# Java VM: OpenJDK 64-Bit Server VM OpenLogic-OpenJDK (17.0.10+7-adhoc..jdk17u, mixed mode, sharing, tiered, compressed oops, compressed class ptrs, g1 gc, windows-amd64)
# Problematic frame:
# V  [jvm.dll+0x572c7d]
#
# No core dump will be written. Minidumps are not enabled by default on client versions of Windows
#
# If you would like to submit a bug report, please visit:
#   https://techsupport.roguewave.com/
#

---------------  S U M M A R Y ------------

Command Line: -XX:MaxMetaspaceSize=512m --add-opens=java.base/java.util=ALL-UNNAMED --add-opens=java.base/java.lang=ALL-UNNAMED --add-opens=java.base/java.lang.invoke=ALL-UNNAMED --add-opens=java.prefs/java.util.prefs=ALL-UNNAMED --add-opens=java.base/java.nio.charset=ALL-UNNAMED --add-opens=java.base/java.net=ALL-UNNAMED --add-opens=java.base/java.util.concurrent.atomic=ALL-UNNAMED -Xmx2048m -Dfile.encoding=windows-1252 -Duser.country=IN -Duser.language=en -Duser.variant -javaagent:C:\Users\MAHE\.gradle\wrapper\dists\gradle-8.3-all\6en3ugtfdg5xnpx44z4qbwgas\gradle-8.3\lib\agents\gradle-instrumentation-agent-8.3.jar org.gradle.launcher.daemon.bootstrap.GradleDaemon 8.3

Host: Intel(R) Core(TM) i5-4590S CPU @ 3.00GHz, 4 cores, 15G,  Windows 11 , 64 bit Build 22621 (10.0.22621.3672)
Time: Mon Jun 17 11:38:14 2024 India Standard Time elapsed time: 6.230407 seconds (0d 0h 0m 6s)

---------------  T H R E A D  ---------------

Current thread (0x0000017b478005a0):  JavaThread "C2 CompilerThread1" daemon [_thread_in_native, id=14128, stack(0x0000006fa2400000,0x0000006fa2500000)]


Current CompileTask:
C2:   6230 3468       4       java.util.regex.Pattern::compile (500 bytes)

Stack: [0x0000006fa2400000,0x0000006fa2500000],  sp=0x0000006fa24fa590,  free space=1001k
Native frames: (J=compiled Java code, j=interpreted, Vv=VM code, C=native code)
V  [jvm.dll+0x572c7d]
V  [jvm.dll+0x597898]
V  [jvm.dll+0x599a03]
V  [jvm.dll+0x599024]
V  [jvm.dll+0x58575a]
V  [jvm.dll+0x222c52]
V  [jvm.dll+0x22303f]
V  [jvm.dll+0x21c166]
V  [jvm.dll+0x2195b1]
V  [jvm.dll+0x1a512d]
V  [jvm.dll+0x22949e]
V  [jvm.dll+0x22766c]
V  [jvm.dll+0x7e9ea7]
V  [jvm.dll+0x7e42aa]
V  [jvm.dll+0x67c5d5]
C  [ucrtbase.dll+0x29333]
C  [KERNEL32.DLL+0x1257d]
C  [ntdll.dll+0x5af28]


siginfo: EXCEPTION_ACCESS_VIOLATION (0xc0000005), reading address 0x0000000000000000


Registers:
RAX=0x0000000000000000, RBX=0x0000017b47629a50, RCX=0x0000006fa24faa50, RDX=0x0000000000004000
RSP=0x0000006fa24fa590, RBP=0x0000000000000000, RSI=0x0000017b470233b0, RDI=0x0000000000000000
R8 =0x000000000000134e, R9 =0x0000000000004000, R10=0x0000017b468c44c0, R11=0x0000006fa24fa608
R12=0x000000000000000e, R13=0x0000006fa24faa50, R14=0x0000017b468c4fd0, R15=0x0000017b468c3ec0
RIP=0x00007ffe1fef2c7d, EFLAGS=0x0000000000010206


Register to memory mapping:

RIP=0x00007ffe1fef2c7d jvm.dll
RAX=0x0 is NULL
RBX=0x0000017b47629a50 points into unknown readable memory: 0x0000000000000000 | 00 00 00 00 00 00 00 00
RCX=0x0000006fa24faa50 is pointing into the stack for thread: 0x0000017b478005a0
RDX=0x0000000000004000 is an unknown value
RSP=0x0000006fa24fa590 is pointing into the stack for thread: 0x0000017b478005a0
RBP=0x0 is NULL
RSI=0x0000017b470233b0 points into unknown readable memory: 0x0000017b47629a50 | 50 9a 62 47 7b 01 00 00
RDI=0x0 is NULL
R8 =0x000000000000134e is an unknown value
R9 =0x0000000000004000 is an unknown value
R10=0x0000017b468c44c0 points into unknown readable memory: 0x0000017b468c3ec0 | c0 3e 8c 46 7b 01 00 00
R11=0x0000006fa24fa608 is pointing into the stack for thread: 0x0000017b478005a0
R12=0x000000000000000e is an unknown value
R13=0x0000006fa24faa50 is pointing into the stack for thread: 0x0000017b478005a0
R14=0x0000017b468c4fd0 points into unknown readable memory: 0x00007ffe2031aa30 | 30 aa 31 20 fe 7f 00 00
R15=0x0000017b468c3ec0 points into unknown readable memory: 0x00007ffe20297870 | 70 78 29 20 fe 7f 00 00


Top of Stack: (sp=0x0000006fa24fa590)
0x0000006fa24fa590:   0000006fa24faa50 0000000000000001
0x0000006fa24fa5a0:   0000006fa24faa50 0000017b45e29930
0x0000006fa24fa5b0:   0000006fa24faa50 00007ffe1ff17898
0x0000006fa24fa5c0:   0000017b468c4d20 0000017b470233b0
0x0000006fa24fa5d0:   0000017b468c4400 00000000000000bb
0x0000006fa24fa5e0:   0000006fa24faa50 0000000000000001
0x0000006fa24fa5f0:   0000006fa24faa50 00000000000000bb
0x0000006fa24fa600:   000000000000009a 0000017b468c4fd0
0x0000006fa24fa610:   0000006fa24faa50 000000000000000e
0x0000006fa24fa620:   0000017b468c4fd0 00000000000000af
0x0000006fa24fa630:   0000006fa24faa50 0000017b468c3f38
0x0000006fa24fa640:   000000000000009a 00007ffe1ff19a03
0x0000006fa24fa650:   0000017b468c4d20 0000017b468c4fd0
0x0000006fa24fa660:   0000006fa24faa50 0000006fa24faa50
0x0000006fa24fa670:   0000000000000007 00007ffe1ff19024
0x0000006fa24fa680:   0000006fa24fa740 000000000000009a
0x0000006fa24fa690:   0000000000000007 0000017b468c3f38
0x0000006fa24fa6a0:   0000000000000000 0000000000060200
0x0000006fa24fa6b0:   0000017b47629a50 0000017b47629a50
0x0000006fa24fa6c0:   0000006fa24fa7d0 00007ffe1ff0575a
0x0000006fa24fa6d0:   0000017b06baf000 0000006fa24fa720
0x0000006fa24fa6e0:   0000000000000000 0000006fa24faa50
0x0000006fa24fa6f0:   0000006fa24fa740 0000006fa24fa700
0x0000006fa24fa700:   0000017b47f8fc70 0000000000000800
0x0000006fa24fa710:   0000017b46e7b780 0000000000000000
0x0000006fa24fa720:   0000000000000200 0000017b47417fc0
0x0000006fa24fa730:   0000000000000200 0000017b47f8fc70
0x0000006fa24fa740:   0000017b45206a60 0000017b452103f0
0x0000006fa24fa750:   0000017b452048e0 0000017b47f8fc70
0x0000006fa24fa760:   0000017b47f8fc70 0000000000000004
0x0000006fa24fa770:   0000017b456fc200 0000006f00000000
0x0000006fa24fa780:   0000017b00000003 00007ffe201782c0 

Instructions: (pc=0x00007ffe1fef2c7d)
0x00007ffe1fef2b7d:   cc cc cc 40 53 48 83 ec 20 48 8b d9 48 85 c9 74
0x00007ffe1fef2b8d:   18 8b 41 2c 24 0f 3c 08 75 0f ba 12 00 00 00 e8
0x00007ffe1fef2b9d:   7f 82 0d 00 48 85 c0 75 52 80 3d 9b 5d 5a 00 00
0x00007ffe1fef2bad:   74 20 48 85 db 74 1b 8b 43 2c 24 0f 3c 08 75 12
0x00007ffe1fef2bbd:   ba 11 00 00 00 48 8b cb e8 56 82 0d 00 48 85 c0
0x00007ffe1fef2bcd:   75 29 80 3d 60 5e 5a 00 00 74 29 48 85 db 74 24
0x00007ffe1fef2bdd:   8b 43 2c 24 0f 3c 08 75 1b ba 08 00 00 00 48 8b
0x00007ffe1fef2bed:   cb e8 2d 82 0d 00 48 85 c0 74 09 48 8b c3 48 83
0x00007ffe1fef2bfd:   c4 20 5b c3 33 c0 48 83 c4 20 5b c3 cc cc cc cc
0x00007ffe1fef2c0d:   cc cc cc 40 53 48 83 ec 20 48 8b d9 48 85 c9 74
0x00007ffe1fef2c1d:   1c 8b 41 2c 24 0f 3c 08 75 13 e8 f4 81 0d 00 48
0x00007ffe1fef2c2d:   85 c0 74 09 48 8b c3 48 83 c4 20 5b c3 33 c0 48
0x00007ffe1fef2c3d:   83 c4 20 5b c3 cc cc cc cc cc cc cc cc cc cc cc
0x00007ffe1fef2c4d:   cc cc cc 48 89 5c 24 08 48 89 74 24 10 57 48 83
0x00007ffe1fef2c5d:   ec 20 8b 7a 28 8b 51 28 3b fa 73 0a 48 8b 59 30
0x00007ffe1fef2c6d:   48 8b 1c fb eb 02 33 db 48 83 e3 fe 48 8b 43 08
0x00007ffe1fef2c7d:   48 83 38 00 75 35 8b 43 28 3b c2 73 0a 48 8b 59
0x00007ffe1fef2c8d:   30 48 8b 1c c3 eb 02 33 db 48 83 e3 fe 4c 8b cb
0x00007ffe1fef2c9d:   48 8b 43 08 4c 8b 00 4d 85 c0 74 da 8b 43 2c 49
0x00007ffe1fef2cad:   8b d8 83 e0 07 3c 05 49 0f 45 d9 48 8d 71 20 3b
0x00007ffe1fef2cbd:   fa 72 0a 8b d7 48 8b ce e8 26 82 0e 00 48 8b 46
0x00007ffe1fef2ccd:   10 48 8d 53 01 48 8b 74 24 38 48 89 14 f8 48 8b
0x00007ffe1fef2cdd:   c3 48 8b 5c 24 30 48 83 c4 20 5f c3 cc cc cc cc
0x00007ffe1fef2ced:   cc cc cc 40 53 57 41 54 41 55 48 83 ec 28 48 8b
0x00007ffe1fef2cfd:   41 08 48 8b da ba 01 00 00 00 45 0f b6 e0 2b 51
0x00007ffe1fef2d0d:   38 48 8b 38 48 8b cf e8 37 83 0d 00 48 8b c8 e8
0x00007ffe1fef2d1d:   3f 9a 0e 00 48 8b 4f 08 4c 8b e8 48 8b 39 48 85
0x00007ffe1fef2d2d:   ff 0f 84 89 01 00 00 48 89 6c 24 50 48 89 74 24
0x00007ffe1fef2d3d:   58 4c 89 74 24 60 4c 89 7c 24 20 0f 1f 84 00 00
0x00007ffe1fef2d4d:   00 00 00 8b 4f 2c 80 e1 0f 80 f9 08 0f 85 4a 01
0x00007ffe1fef2d5d:   00 00 48 8b 47 08 48 8b 28 8b 45 2c 83 e0 1f 3c
0x00007ffe1fef2d6d:   15 0f 85 35 01 00 00 ba 01 00 00 00 48 8b cd 2b 


Stack slot to memory mapping:
stack at sp + 0 slots: 0x0000006fa24faa50 is pointing into the stack for thread: 0x0000017b478005a0
stack at sp + 1 slots: 0x0000000000000001 is an unknown value
stack at sp + 2 slots: 0x0000006fa24faa50 is pointing into the stack for thread: 0x0000017b478005a0
stack at sp + 3 slots: 0x0000017b45e29930 points into unknown readable memory: 0x0000000000000000 | 00 00 00 00 00 00 00 00
stack at sp + 4 slots: 0x0000006fa24faa50 is pointing into the stack for thread: 0x0000017b478005a0
stack at sp + 5 slots: 0x00007ffe1ff17898 jvm.dll
stack at sp + 6 slots: 0x0000017b468c4d20 points into unknown readable memory: 0x00007ffe20297d48 | 48 7d 29 20 fe 7f 00 00
stack at sp + 7 slots: 0x0000017b470233b0 points into unknown readable memory: 0x0000017b47629a50 | 50 9a 62 47 7b 01 00 00


---------------  P R O C E S S  ---------------

Threads class SMR info:
_java_thread_list=0x0000017b47fc39a0, length=34, elements={
0x0000017b06b97fa0, 0x0000017b25b2cb50, 0x0000017b25b2f180, 0x0000017b25b3fc50,
0x0000017b25b437a0, 0x0000017b25b44900, 0x0000017b25b487e0, 0x0000017b45008470,
0x0000017b450096c0, 0x0000017b4501c790, 0x0000017b45102830, 0x0000017b451a4de0,
0x0000017b471d9860, 0x0000017b45e48330, 0x0000017b46f42490, 0x0000017b46d8e770,
0x0000017b47277b10, 0x0000017b47950030, 0x0000017b468cccb0, 0x0000017b477c9020,
0x0000017b477c5870, 0x0000017b477c6290, 0x0000017b477c67a0, 0x0000017b477c6cb0,
0x0000017b477c5d80, 0x0000017b477c71c0, 0x0000017b477c76d0, 0x0000017b477c80f0,
0x0000017b477c8600, 0x0000017b477c8b10, 0x0000017b4862f070, 0x0000017b478005a0,
0x0000017b486318f0, 0x0000017b4862d210
}

Java Threads: ( => current thread )
  0x0000017b06b97fa0 JavaThread "main" [_thread_blocked, id=13872, stack(0x0000006f9fb00000,0x0000006f9fc00000)]
  0x0000017b25b2cb50 JavaThread "Reference Handler" daemon [_thread_blocked, id=13904, stack(0x0000006fa0200000,0x0000006fa0300000)]
  0x0000017b25b2f180 JavaThread "Finalizer" daemon [_thread_blocked, id=13908, stack(0x0000006fa0300000,0x0000006fa0400000)]
  0x0000017b25b3fc50 JavaThread "Signal Dispatcher" daemon [_thread_blocked, id=13912, stack(0x0000006fa0400000,0x0000006fa0500000)]
  0x0000017b25b437a0 JavaThread "Attach Listener" daemon [_thread_blocked, id=13916, stack(0x0000006fa0500000,0x0000006fa0600000)]
  0x0000017b25b44900 JavaThread "Service Thread" daemon [_thread_blocked, id=13920, stack(0x0000006fa0600000,0x0000006fa0700000)]
  0x0000017b25b487e0 JavaThread "Monitor Deflation Thread" daemon [_thread_blocked, id=13924, stack(0x0000006fa0700000,0x0000006fa0800000)]
  0x0000017b45008470 JavaThread "C2 CompilerThread0" daemon [_thread_blocked, id=13928, stack(0x0000006fa0800000,0x0000006fa0900000)]
  0x0000017b450096c0 JavaThread "C1 CompilerThread0" daemon [_thread_blocked, id=13932, stack(0x0000006fa0900000,0x0000006fa0a00000)]
  0x0000017b4501c790 JavaThread "Sweeper thread" daemon [_thread_blocked, id=13936, stack(0x0000006fa0a00000,0x0000006fa0b00000)]
  0x0000017b45102830 JavaThread "Common-Cleaner" daemon [_thread_blocked, id=13940, stack(0x0000006fa0b00000,0x0000006fa0c00000)]
  0x0000017b451a4de0 JavaThread "Notification Thread" daemon [_thread_blocked, id=13944, stack(0x0000006fa0c00000,0x0000006fa0d00000)]
  0x0000017b471d9860 JavaThread "Daemon health stats" [_thread_blocked, id=14016, stack(0x0000006fa1200000,0x0000006fa1300000)]
  0x0000017b45e48330 JavaThread "Incoming local TCP Connector on port 49932" [_thread_in_native, id=14020, stack(0x0000006fa0e00000,0x0000006fa0f00000)]
  0x0000017b46f42490 JavaThread "Daemon periodic checks" [_thread_blocked, id=14024, stack(0x0000006fa1300000,0x0000006fa1400000)]
  0x0000017b46d8e770 JavaThread "Daemon" [_thread_blocked, id=14036, stack(0x0000006fa1400000,0x0000006fa1500000)]
  0x0000017b47277b10 JavaThread "Handler for socket connection from /127.0.0.1:49932 to /127.0.0.1:49933" [_thread_in_native, id=14040, stack(0x0000006fa1500000,0x0000006fa1600000)]
  0x0000017b47950030 JavaThread "Cancel handler" [_thread_blocked, id=14044, stack(0x0000006fa1600000,0x0000006fa1700000)]
  0x0000017b468cccb0 JavaThread "Daemon worker" [_thread_in_native, id=14048, stack(0x0000006fa1700000,0x0000006fa1800000)]
  0x0000017b477c9020 JavaThread "Asynchronous log dispatcher for DefaultDaemonConnection: socket connection from /127.0.0.1:49932 to /127.0.0.1:49933" [_thread_blocked, id=14060, stack(0x0000006fa1800000,0x0000006fa1900000)]
  0x0000017b477c5870 JavaThread "Stdin handler" [_thread_blocked, id=14064, stack(0x0000006fa1900000,0x0000006fa1a00000)]
  0x0000017b477c6290 JavaThread "Daemon client event forwarder" [_thread_blocked, id=14068, stack(0x0000006fa1a00000,0x0000006fa1b00000)]
  0x0000017b477c67a0 JavaThread "Cache worker for journal cache (C:\Users\MAHE\.gradle\caches\journal-1)" [_thread_blocked, id=14072, stack(0x0000006fa1b00000,0x0000006fa1c00000)]
  0x0000017b477c6cb0 JavaThread "File lock request listener" [_thread_in_native, id=14076, stack(0x0000006fa1c00000,0x0000006fa1d00000)]
  0x0000017b477c5d80 JavaThread "Cache worker for file hash cache (C:\Users\MAHE\.gradle\caches\8.3\fileHashes)" [_thread_blocked, id=14088, stack(0x0000006fa1e00000,0x0000006fa1f00000)]
  0x0000017b477c71c0 JavaThread "File watcher server" daemon [_thread_in_native, id=14104, stack(0x0000006fa1f00000,0x0000006fa2000000)]
  0x0000017b477c76d0 JavaThread "File watcher consumer" daemon [_thread_blocked, id=14108, stack(0x0000006fa2000000,0x0000006fa2100000)]
  0x0000017b477c80f0 JavaThread "Cache worker for checksums cache (C:\Users\MAHE\Documents\DOC APP BACKUP FILES\april30_\demo1_joyson1\android\.gradle\8.3\checksums)" [_thread_blocked, id=14112, stack(0x0000006fa1d00000,0x0000006fa1e00000)]
  0x0000017b477c8600 JavaThread "Cache worker for file hash cache (C:\Users\MAHE\Documents\DOC APP BACKUP FILES\april30_\demo1_joyson1\android\.gradle\8.3\fileHashes)" [_thread_blocked, id=14116, stack(0x0000006fa2100000,0x0000006fa2200000)]
  0x0000017b477c8b10 JavaThread "Cache worker for cache directory md-supplier (C:\Users\MAHE\.gradle\caches\8.3\md-supplier)" [_thread_blocked, id=14120, stack(0x0000006fa2200000,0x0000006fa2300000)]
  0x0000017b4862f070 JavaThread "Cache worker for file content cache (C:\Users\MAHE\.gradle\caches\8.3\fileContent)" [_thread_blocked, id=14124, stack(0x0000006fa2300000,0x0000006fa2400000)]
=>0x0000017b478005a0 JavaThread "C2 CompilerThread1" daemon [_thread_in_native, id=14128, stack(0x0000006fa2400000,0x0000006fa2500000)]
  0x0000017b486318f0 JavaThread "Cache worker for cache directory md-rule (C:\Users\MAHE\.gradle\caches\8.3\md-rule)" [_thread_blocked, id=14132, stack(0x0000006fa2500000,0x0000006fa2600000)]
  0x0000017b4862d210 JavaThread "Cache worker for execution history cache (C:\Users\MAHE\.gradle\caches\8.3\executionHistory)" [_thread_blocked, id=14140, stack(0x0000006fa2600000,0x0000006fa2700000)]

Other Threads:
  0x0000017b25b288f0 VMThread "VM Thread" [stack: 0x0000006fa0100000,0x0000006fa0200000] [id=13900]
  0x0000017b451dbc10 WatcherThread [stack: 0x0000006fa0d00000,0x0000006fa0e00000] [id=13948]
  0x0000017b06bf2460 GCTaskThread "GC Thread#0" [stack: 0x0000006f9fc00000,0x0000006f9fd00000] [id=13880]
  0x0000017b455959b0 GCTaskThread "GC Thread#1" [stack: 0x0000006fa0f00000,0x0000006fa1000000] [id=13956]
  0x0000017b45595c70 GCTaskThread "GC Thread#2" [stack: 0x0000006fa1000000,0x0000006fa1100000] [id=13960]
  0x0000017b45595f30 GCTaskThread "GC Thread#3" [stack: 0x0000006fa1100000,0x0000006fa1200000] [id=13964]
  0x0000017b06c043c0 ConcurrentGCThread "G1 Main Marker" [stack: 0x0000006f9fd00000,0x0000006f9fe00000] [id=13884]
  0x0000017b06c04de0 ConcurrentGCThread "G1 Conc#0" [stack: 0x0000006f9fe00000,0x0000006f9ff00000] [id=13888]
  0x0000017b06c3e2b0 ConcurrentGCThread "G1 Refine#0" [stack: 0x0000006f9ff00000,0x0000006fa0000000] [id=13892]
  0x0000017b259e01e0 ConcurrentGCThread "G1 Service" [stack: 0x0000006fa0000000,0x0000006fa0100000] [id=13896]

Threads with active compile tasks:
C2 CompilerThread1     6357 3468       4       java.util.regex.Pattern::compile (500 bytes)

VM state: not at safepoint (normal execution)

VM Mutex/Monitor currently owned by a thread: None

Heap address: 0x0000000080000000, size: 2048 MB, Compressed Oops mode: 32-bit

CDS archive(s) mapped at: [0x0000017b26000000-0x0000017b26bc0000-0x0000017b26bc0000), size 12320768, SharedBaseAddress: 0x0000017b26000000, ArchiveRelocationMode: 1.
Compressed class space mapped at: 0x0000017b27000000-0x0000017b41000000, reserved size: 436207616
Narrow klass base: 0x0000017b26000000, Narrow klass shift: 0, Narrow klass range: 0x100000000

GC Precious Log:
 CPUs: 4 total, 4 available
 Memory: 16309M
 Large Page Support: Disabled
 NUMA Support: Disabled
 Compressed Oops: Enabled (32-bit)
 Heap Region Size: 1M
 Heap Min Capacity: 8M
 Heap Initial Capacity: 256M
 Heap Max Capacity: 2G
 Pre-touch: Disabled
 Parallel Workers: 4
 Concurrent Workers: 1
 Concurrent Refinement Workers: 4
 Periodic GC: Disabled

Heap:
 garbage-first heap   total 86016K, used 48518K [0x0000000080000000, 0x0000000100000000)
  region size 1024K, 27 young (27648K), 4 survivors (4096K)
 Metaspace       used 29725K, committed 30144K, reserved 491520K
  class space    used 4166K, committed 4352K, reserved 425984K

Heap Regions: E=young(eden), S=young(survivor), O=old, HS=humongous(starts), HC=humongous(continues), CS=collection set, F=free, OA=open archive, CA=closed archive, TAMS=top-at-mark-start (previous, next)
|   0|0x0000000080000000, 0x0000000080100000, 0x0000000080100000|100%| O|  |TAMS 0x0000000080100000, 0x0000000080000000| Untracked 
|   1|0x0000000080100000, 0x0000000080200000, 0x0000000080200000|100%| O|  |TAMS 0x0000000080200000, 0x0000000080100000| Untracked 
|   2|0x0000000080200000, 0x0000000080300000, 0x0000000080300000|100%|HS|  |TAMS 0x0000000080300000, 0x0000000080200000| Complete 
|   3|0x0000000080300000, 0x0000000080400000, 0x0000000080400000|100%|HC|  |TAMS 0x0000000080400000, 0x0000000080300000| Complete 
|   4|0x0000000080400000, 0x0000000080500000, 0x0000000080500000|100%|HC|  |TAMS 0x0000000080500000, 0x0000000080400000| Complete 
|   5|0x0000000080500000, 0x0000000080600000, 0x0000000080600000|100%|HC|  |TAMS 0x0000000080600000, 0x0000000080500000| Complete 
|   6|0x0000000080600000, 0x0000000080700000, 0x0000000080700000|100%| O|  |TAMS 0x0000000080700000, 0x0000000080600000| Untracked 
|   7|0x0000000080700000, 0x0000000080800000, 0x0000000080800000|100%| O|  |TAMS 0x0000000080800000, 0x0000000080700000| Untracked 
|   8|0x0000000080800000, 0x0000000080900000, 0x0000000080900000|100%| O|  |TAMS 0x0000000080800000, 0x0000000080800000| Untracked 
|   9|0x0000000080900000, 0x0000000080a00000, 0x0000000080a00000|100%| O|  |TAMS 0x0000000080a00000, 0x0000000080900000| Untracked 
|  10|0x0000000080a00000, 0x0000000080b00000, 0x0000000080b00000|100%| O|  |TAMS 0x0000000080b00000, 0x0000000080a00000| Untracked 
|  11|0x0000000080b00000, 0x0000000080bb7a00, 0x0000000080c00000| 71%| O|  |TAMS 0x0000000080bb7a00, 0x0000000080b00000| Untracked 
|  12|0x0000000080c00000, 0x0000000080d00000, 0x0000000080d00000|100%| O|  |TAMS 0x0000000080c00000, 0x0000000080c00000| Untracked 
|  13|0x0000000080d00000, 0x0000000080e00000, 0x0000000080e00000|100%| O|  |TAMS 0x0000000080d00000, 0x0000000080d00000| Untracked 
|  14|0x0000000080e00000, 0x0000000080f00000, 0x0000000080f00000|100%| O|  |TAMS 0x0000000080e00000, 0x0000000080e00000| Untracked 
|  15|0x0000000080f00000, 0x0000000081000000, 0x0000000081000000|100%| O|  |TAMS 0x0000000080f00000, 0x0000000080f00000| Untracked 
|  16|0x0000000081000000, 0x0000000081100000, 0x0000000081100000|100%| O|  |TAMS 0x0000000081000000, 0x0000000081000000| Untracked 
|  17|0x0000000081100000, 0x0000000081200000, 0x0000000081200000|100%| O|  |TAMS 0x0000000081100000, 0x0000000081100000| Untracked 
|  18|0x0000000081200000, 0x0000000081300000, 0x0000000081300000|100%| O|  |TAMS 0x0000000081200000, 0x0000000081200000| Untracked 
|  19|0x0000000081300000, 0x0000000081400000, 0x0000000081400000|100%| O|  |TAMS 0x0000000081300000, 0x0000000081300000| Untracked 
|  20|0x0000000081400000, 0x0000000081500000, 0x0000000081500000|100%| O|  |TAMS 0x0000000081400000, 0x0000000081400000| Untracked 
|  21|0x0000000081500000, 0x0000000081600000, 0x0000000081600000|100%| O|  |TAMS 0x0000000081500000, 0x0000000081500000| Untracked 
|  22|0x0000000081600000, 0x00000000816bba00, 0x0000000081700000| 73%| O|  |TAMS 0x0000000081600000, 0x0000000081600000| Untracked 
|  23|0x0000000081700000, 0x0000000081700000, 0x0000000081800000|  0%| F|  |TAMS 0x0000000081700000, 0x0000000081700000| Untracked 
|  24|0x0000000081800000, 0x0000000081800000, 0x0000000081900000|  0%| F|  |TAMS 0x0000000081800000, 0x0000000081800000| Untracked 
|  25|0x0000000081900000, 0x0000000081900000, 0x0000000081a00000|  0%| F|  |TAMS 0x0000000081900000, 0x0000000081900000| Untracked 
|  26|0x0000000081a00000, 0x0000000081a00000, 0x0000000081b00000|  0%| F|  |TAMS 0x0000000081a00000, 0x0000000081a00000| Untracked 
|  27|0x0000000081b00000, 0x0000000081b00000, 0x0000000081c00000|  0%| F|  |TAMS 0x0000000081b00000, 0x0000000081b00000| Untracked 
|  28|0x0000000081c00000, 0x0000000081c00000, 0x0000000081d00000|  0%| F|  |TAMS 0x0000000081c00000, 0x0000000081c00000| Untracked 
|  29|0x0000000081d00000, 0x0000000081d00000, 0x0000000081e00000|  0%| F|  |TAMS 0x0000000081d00000, 0x0000000081d00000| Untracked 
|  30|0x0000000081e00000, 0x0000000081eee698, 0x0000000081f00000| 93%| S|CS|TAMS 0x0000000081e00000, 0x0000000081e00000| Complete 
|  31|0x0000000081f00000, 0x0000000082000000, 0x0000000082000000|100%| S|CS|TAMS 0x0000000081f00000, 0x0000000081f00000| Complete 
|  32|0x0000000082000000, 0x0000000082100000, 0x0000000082100000|100%| S|CS|TAMS 0x0000000082000000, 0x0000000082000000| Complete 
|  33|0x0000000082100000, 0x0000000082200000, 0x0000000082200000|100%| S|CS|TAMS 0x0000000082100000, 0x0000000082100000| Complete 
|  34|0x0000000082200000, 0x0000000082200000, 0x0000000082300000|  0%| F|  |TAMS 0x0000000082200000, 0x0000000082200000| Untracked 
|  35|0x0000000082300000, 0x0000000082300000, 0x0000000082400000|  0%| F|  |TAMS 0x0000000082300000, 0x0000000082300000| Untracked 
|  36|0x0000000082400000, 0x0000000082400000, 0x0000000082500000|  0%| F|  |TAMS 0x0000000082400000, 0x0000000082400000| Untracked 
|  37|0x0000000082500000, 0x0000000082500000, 0x0000000082600000|  0%| F|  |TAMS 0x0000000082500000, 0x0000000082500000| Untracked 
|  38|0x0000000082600000, 0x0000000082600000, 0x0000000082700000|  0%| F|  |TAMS 0x0000000082600000, 0x0000000082600000| Untracked 
|  39|0x0000000082700000, 0x0000000082700000, 0x0000000082800000|  0%| F|  |TAMS 0x0000000082700000, 0x0000000082700000| Untracked 
|  40|0x0000000082800000, 0x0000000082800000, 0x0000000082900000|  0%| F|  |TAMS 0x0000000082800000, 0x0000000082800000| Untracked 
|  41|0x0000000082900000, 0x0000000082900000, 0x0000000082a00000|  0%| F|  |TAMS 0x0000000082900000, 0x0000000082900000| Untracked 
|  42|0x0000000082a00000, 0x0000000082a00000, 0x0000000082b00000|  0%| F|  |TAMS 0x0000000082a00000, 0x0000000082a00000| Untracked 
|  43|0x0000000082b00000, 0x0000000082b00000, 0x0000000082c00000|  0%| F|  |TAMS 0x0000000082b00000, 0x0000000082b00000| Untracked 
|  44|0x0000000082c00000, 0x0000000082c00000, 0x0000000082d00000|  0%| F|  |TAMS 0x0000000082c00000, 0x0000000082c00000| Untracked 
|  45|0x0000000082d00000, 0x0000000082d00000, 0x0000000082e00000|  0%| F|  |TAMS 0x0000000082d00000, 0x0000000082d00000| Untracked 
|  46|0x0000000082e00000, 0x0000000082e00000, 0x0000000082f00000|  0%| F|  |TAMS 0x0000000082e00000, 0x0000000082e00000| Untracked 
|  47|0x0000000082f00000, 0x0000000082f00000, 0x0000000083000000|  0%| F|  |TAMS 0x0000000082f00000, 0x0000000082f00000| Untracked 
|  48|0x0000000083000000, 0x0000000083000000, 0x0000000083100000|  0%| F|  |TAMS 0x0000000083000000, 0x0000000083000000| Untracked 
|  49|0x0000000083100000, 0x0000000083100000, 0x0000000083200000|  0%| F|  |TAMS 0x0000000083100000, 0x0000000083100000| Untracked 
|  50|0x0000000083200000, 0x0000000083200000, 0x0000000083300000|  0%| F|  |TAMS 0x0000000083200000, 0x0000000083200000| Untracked 
|  51|0x0000000083300000, 0x0000000083300000, 0x0000000083400000|  0%| F|  |TAMS 0x0000000083300000, 0x0000000083300000| Untracked 
|  52|0x0000000083400000, 0x0000000083400000, 0x0000000083500000|  0%| F|  |TAMS 0x0000000083400000, 0x0000000083400000| Untracked 
|  53|0x0000000083500000, 0x0000000083500000, 0x0000000083600000|  0%| F|  |TAMS 0x0000000083500000, 0x0000000083500000| Untracked 
|  54|0x0000000083600000, 0x0000000083600000, 0x0000000083700000|  0%| F|  |TAMS 0x0000000083600000, 0x0000000083600000| Untracked 
|  55|0x0000000083700000, 0x0000000083700000, 0x0000000083800000|  0%| F|  |TAMS 0x0000000083700000, 0x0000000083700000| Untracked 
|  56|0x0000000083800000, 0x0000000083800000, 0x0000000083900000|  0%| F|  |TAMS 0x0000000083800000, 0x0000000083800000| Untracked 
|  57|0x0000000083900000, 0x0000000083900000, 0x0000000083a00000|  0%| F|  |TAMS 0x0000000083900000, 0x0000000083900000| Untracked 
|  58|0x0000000083a00000, 0x0000000083a00000, 0x0000000083b00000|  0%| F|  |TAMS 0x0000000083a00000, 0x0000000083a00000| Untracked 
|  59|0x0000000083b00000, 0x0000000083b00000, 0x0000000083c00000|  0%| F|  |TAMS 0x0000000083b00000, 0x0000000083b00000| Untracked 
|  60|0x0000000083c00000, 0x0000000083c00000, 0x0000000083d00000|  0%| F|  |TAMS 0x0000000083c00000, 0x0000000083c00000| Untracked 
|  61|0x0000000083d00000, 0x0000000083e00000, 0x0000000083e00000|100%| E|  |TAMS 0x0000000083d00000, 0x0000000083d00000| Complete 
|  62|0x0000000083e00000, 0x0000000083f00000, 0x0000000083f00000|100%| E|CS|TAMS 0x0000000083e00000, 0x0000000083e00000| Complete 
|  63|0x0000000083f00000, 0x0000000084000000, 0x0000000084000000|100%| E|CS|TAMS 0x0000000083f00000, 0x0000000083f00000| Complete 
|  64|0x0000000084000000, 0x0000000084100000, 0x0000000084100000|100%| E|CS|TAMS 0x0000000084000000, 0x0000000084000000| Complete 
|  65|0x0000000084100000, 0x0000000084200000, 0x0000000084200000|100%| E|CS|TAMS 0x0000000084100000, 0x0000000084100000| Complete 
|  66|0x0000000084200000, 0x0000000084300000, 0x0000000084300000|100%| E|CS|TAMS 0x0000000084200000, 0x0000000084200000| Complete 
|  67|0x0000000084300000, 0x0000000084400000, 0x0000000084400000|100%| E|CS|TAMS 0x0000000084300000, 0x0000000084300000| Complete 
|  68|0x0000000084400000, 0x0000000084500000, 0x0000000084500000|100%| E|CS|TAMS 0x0000000084400000, 0x0000000084400000| Complete 
|  69|0x0000000084500000, 0x0000000084600000, 0x0000000084600000|100%| E|CS|TAMS 0x0000000084500000, 0x0000000084500000| Complete 
| 127|0x0000000087f00000, 0x0000000088000000, 0x0000000088000000|100%| E|CS|TAMS 0x0000000087f00000, 0x0000000087f00000| Complete 
| 128|0x0000000088000000, 0x0000000088100000, 0x0000000088100000|100%| E|CS|TAMS 0x0000000088000000, 0x0000000088000000| Complete 
| 129|0x0000000088100000, 0x0000000088200000, 0x0000000088200000|100%| E|CS|TAMS 0x0000000088100000, 0x0000000088100000| Complete 
| 130|0x0000000088200000, 0x0000000088300000, 0x0000000088300000|100%| E|CS|TAMS 0x0000000088200000, 0x0000000088200000| Complete 
| 131|0x0000000088300000, 0x0000000088400000, 0x0000000088400000|100%| E|CS|TAMS 0x0000000088300000, 0x0000000088300000| Complete 
| 132|0x0000000088400000, 0x0000000088500000, 0x0000000088500000|100%| E|CS|TAMS 0x0000000088400000, 0x0000000088400000| Complete 
| 133|0x0000000088500000, 0x0000000088600000, 0x0000000088600000|100%| E|CS|TAMS 0x0000000088500000, 0x0000000088500000| Complete 
| 134|0x0000000088600000, 0x0000000088700000, 0x0000000088700000|100%| E|CS|TAMS 0x0000000088600000, 0x0000000088600000| Complete 
| 135|0x0000000088700000, 0x0000000088800000, 0x0000000088800000|100%| E|CS|TAMS 0x0000000088700000, 0x0000000088700000| Complete 
| 136|0x0000000088800000, 0x0000000088900000, 0x0000000088900000|100%| E|CS|TAMS 0x0000000088800000, 0x0000000088800000| Complete 
| 137|0x0000000088900000, 0x0000000088a00000, 0x0000000088a00000|100%| E|  |TAMS 0x0000000088900000, 0x0000000088900000| Complete 
| 138|0x0000000088a00000, 0x0000000088b00000, 0x0000000088b00000|100%| E|CS|TAMS 0x0000000088a00000, 0x0000000088a00000| Complete 
| 254|0x000000008fe00000, 0x000000008ff00000, 0x000000008ff00000|100%| E|CS|TAMS 0x000000008fe00000, 0x000000008fe00000| Complete 
| 255|0x000000008ff00000, 0x0000000090000000, 0x0000000090000000|100%| E|CS|TAMS 0x000000008ff00000, 0x000000008ff00000| Complete 

Card table byte_map: [0x0000017b1ee20000,0x0000017b1f220000] _byte_map_base: 0x0000017b1ea20000

Marking Bits (Prev, Next): (CMBitMap*) 0x0000017b06bf2ac0, (CMBitMap*) 0x0000017b06bf2a80
 Prev Bits: [0x0000017b21620000, 0x0000017b23620000)
 Next Bits: [0x0000017b1f620000, 0x0000017b21620000)

Polling page: 0x0000017b04880000

Metaspace:

Usage:
  Non-class:     24.96 MB used.
      Class:      4.07 MB used.
       Both:     29.03 MB used.

Virtual space:
  Non-class space:       64.00 MB reserved,      25.19 MB ( 39%) committed,  1 nodes.
      Class space:      416.00 MB reserved,       4.25 MB (  1%) committed,  1 nodes.
             Both:      480.00 MB reserved,      29.44 MB (  6%) committed. 

Chunk freelists:
   Non-Class:  6.17 MB
       Class:  11.64 MB
        Both:  17.81 MB

MaxMetaspaceSize: 512.00 MB
CompressedClassSpaceSize: 416.00 MB
Initial GC threshold: 21.00 MB
Current GC threshold: 35.25 MB
CDS: on
MetaspaceReclaimPolicy: balanced
 - commit_granule_bytes: 65536.
 - commit_granule_words: 8192.
 - virtual_space_node_default_size: 8388608.
 - enlarge_chunks_in_place: 1.
 - new_chunks_are_fully_committed: 0.
 - uncommit_free_chunks: 1.
 - use_allocation_guard: 0.
 - handle_deallocations: 1.


Internal statistics:

num_allocs_failed_limit: 3.
num_arena_births: 290.
num_arena_deaths: 0.
num_vsnodes_births: 2.
num_vsnodes_deaths: 0.
num_space_committed: 471.
num_space_uncommitted: 0.
num_chunks_returned_to_freelist: 3.
num_chunks_taken_from_freelist: 1277.
num_chunk_merges: 3.
num_chunk_splits: 884.
num_chunks_enlarged: 654.
num_inconsistent_stats: 0.

CodeHeap 'non-profiled nmethods': size=120000Kb used=2020Kb max_used=2020Kb free=117979Kb
 bounds [0x0000017b174f0000, 0x0000017b17760000, 0x0000017b1ea20000]
CodeHeap 'profiled nmethods': size=120000Kb used=7344Kb max_used=7344Kb free=112655Kb
 bounds [0x0000017b0fa20000, 0x0000017b10150000, 0x0000017b16f50000]
CodeHeap 'non-nmethods': size=5760Kb used=1586Kb max_used=1620Kb free=4173Kb
 bounds [0x0000017b16f50000, 0x0000017b171c0000, 0x0000017b174f0000]
 total_blobs=4173 nmethods=3520 adapters=564
 compilation: enabled
              stopped_count=0, restarted_count=0
 full_count=0

Compilation events (20 events):
Event: 6.203 Thread 0x0000017b450096c0 3500       3       org.codehaus.groovy.vmplugin.v9.Java9::lambda$doFindClasses$3 (47 bytes)
Event: 6.203 Thread 0x0000017b450096c0 nmethod 3500 0x0000017b1013ac10 code [0x0000017b1013aea0, 0x0000017b1013bc88]
Event: 6.203 Thread 0x0000017b450096c0 3501       3       org.codehaus.groovy.vmplugin.v9.Java9$$Lambda$453/0x0000017b27451d10::<init> (10 bytes)
Event: 6.203 Thread 0x0000017b450096c0 nmethod 3501 0x0000017b1013c110 code [0x0000017b1013c2a0, 0x0000017b1013c458]
Event: 6.203 Thread 0x0000017b450096c0 3502       3       org.codehaus.groovy.vmplugin.v9.Java9$$Lambda$454/0x0000017b27451f60::apply (8 bytes)
Event: 6.204 Thread 0x0000017b450096c0 nmethod 3502 0x0000017b1013c510 code [0x0000017b1013c720, 0x0000017b1013cc48]
Event: 6.204 Thread 0x0000017b450096c0 3503       3       org.codehaus.groovy.vmplugin.v9.Java9::lambda$doFindClasses$2 (28 bytes)
Event: 6.204 Thread 0x0000017b450096c0 nmethod 3503 0x0000017b1013ce90 code [0x0000017b1013d0c0, 0x0000017b1013d658]
Event: 6.206 Thread 0x0000017b450096c0 3504       3       java.util.Iterator::forEachRemaining (30 bytes)
Event: 6.206 Thread 0x0000017b450096c0 nmethod 3504 0x0000017b1013d890 code [0x0000017b1013da80, 0x0000017b1013dff8]
Event: 6.213 Thread 0x0000017b450096c0 3507   !   2       jdk.internal.loader.URLClassPath$JarLoader::getResource (65 bytes)
Event: 6.214 Thread 0x0000017b450096c0 nmethod 3507 0x0000017b1013e190 code [0x0000017b1013e380, 0x0000017b1013e828]
Event: 6.215 Thread 0x0000017b450096c0 3508       3       groovy.lang.MetaClassImpl::addMetaMethodToIndex (65 bytes)
Event: 6.215 Thread 0x0000017b450096c0 nmethod 3508 0x0000017b1013ea10 code [0x0000017b1013ec20, 0x0000017b1013f138]
Event: 6.215 Thread 0x0000017b450096c0 3509       3       groovy.lang.MetaClassImpl::checkIfGroovyObjectMethod (57 bytes)
Event: 6.215 Thread 0x0000017b450096c0 nmethod 3509 0x0000017b1013f390 code [0x0000017b1013f620, 0x0000017b101403f8]
Event: 6.216 Thread 0x0000017b450096c0 3510       3       groovy.lang.MetaClassImpl::isGenericGetMethod (44 bytes)
Event: 6.216 Thread 0x0000017b450096c0 nmethod 3510 0x0000017b10140710 code [0x0000017b10140900, 0x0000017b10140da8]
Event: 6.216 Thread 0x0000017b450096c0 3511       3       org.codehaus.groovy.runtime.MetaClassHelper::isGenericSetMethod (28 bytes)
Event: 6.216 Thread 0x0000017b450096c0 nmethod 3511 0x0000017b10140f90 code [0x0000017b10141160, 0x0000017b10141568]

GC Heap History (10 events):
Event: 0.621 GC heap before
{Heap before GC invocations=0 (full 0):
 garbage-first heap   total 262144K, used 13312K [0x0000000080000000, 0x0000000100000000)
  region size 1024K, 13 young (13312K), 0 survivors (0K)
 Metaspace       used 1022K, committed 1152K, reserved 491520K
  class space    used 79K, committed 128K, reserved 425984K
}
Event: 0.632 GC heap after
{Heap after GC invocations=1 (full 0):
 garbage-first heap   total 262144K, used 3405K [0x0000000080000000, 0x0000000100000000)
  region size 1024K, 2 young (2048K), 2 survivors (2048K)
 Metaspace       used 1022K, committed 1152K, reserved 491520K
  class space    used 79K, committed 128K, reserved 425984K
}
Event: 1.201 GC heap before
{Heap before GC invocations=1 (full 0):
 garbage-first heap   total 262144K, used 21837K [0x0000000080000000, 0x0000000100000000)
  region size 1024K, 17 young (17408K), 2 survivors (2048K)
 Metaspace       used 3799K, committed 3968K, reserved 491520K
  class space    used 478K, committed 576K, reserved 425984K
}
Event: 1.203 GC heap after
{Heap after GC invocations=2 (full 0):
 garbage-first heap   total 262144K, used 10932K [0x0000000080000000, 0x0000000100000000)
  region size 1024K, 3 young (3072K), 3 survivors (3072K)
 Metaspace       used 3799K, committed 3968K, reserved 491520K
  class space    used 478K, committed 576K, reserved 425984K
}
Event: 1.949 GC heap before
{Heap before GC invocations=2 (full 0):
 garbage-first heap   total 262144K, used 33460K [0x0000000080000000, 0x0000000100000000)
  region size 1024K, 25 young (25600K), 3 survivors (3072K)
 Metaspace       used 4018K, committed 4160K, reserved 491520K
  class space    used 491K, committed 576K, reserved 425984K
}
Event: 1.951 GC heap after
{Heap after GC invocations=3 (full 0):
 garbage-first heap   total 262144K, used 12141K [0x0000000080000000, 0x0000000100000000)
  region size 1024K, 2 young (2048K), 2 survivors (2048K)
 Metaspace       used 4018K, committed 4160K, reserved 491520K
  class space    used 491K, committed 576K, reserved 425984K
}
Event: 4.881 GC heap before
{Heap before GC invocations=3 (full 0):
 garbage-first heap   total 262144K, used 128877K [0x0000000080000000, 0x0000000100000000)
  region size 1024K, 117 young (119808K), 2 survivors (2048K)
 Metaspace       used 21180K, committed 21504K, reserved 491520K
  class space    used 3129K, committed 3328K, reserved 425984K
}
Event: 4.891 GC heap after
{Heap after GC invocations=4 (full 0):
 garbage-first heap   total 262144K, used 22758K [0x0000000080000000, 0x0000000100000000)
  region size 1024K, 12 young (12288K), 12 survivors (12288K)
 Metaspace       used 21180K, committed 21504K, reserved 491520K
  class space    used 3129K, committed 3328K, reserved 425984K
}
Event: 5.910 GC heap before
{Heap before GC invocations=5 (full 0):
 garbage-first heap   total 86016K, used 61670K [0x0000000080000000, 0x0000000100000000)
  region size 1024K, 50 young (51200K), 12 survivors (12288K)
 Metaspace       used 28192K, committed 28544K, reserved 491520K
  class space    used 4008K, committed 4160K, reserved 425984K
}
Event: 5.920 GC heap after
{Heap after GC invocations=6 (full 0):
 garbage-first heap   total 86016K, used 27014K [0x0000000080000000, 0x0000000100000000)
  region size 1024K, 4 young (4096K), 4 survivors (4096K)
 Metaspace       used 28192K, committed 28544K, reserved 491520K
  class space    used 4008K, committed 4160K, reserved 425984K
}

Dll operation events (15 events):
Event: 0.034 Loaded shared library C:\Program Files\OpenLogic\jdk-17.0.10.7-hotspot\bin\java.dll
Event: 0.054 Loaded shared library C:\Program Files\OpenLogic\jdk-17.0.10.7-hotspot\bin\jsvml.dll
Event: 0.119 Loaded shared library C:\Program Files\OpenLogic\jdk-17.0.10.7-hotspot\bin\zip.dll
Event: 0.124 Loaded shared library C:\Program Files\OpenLogic\jdk-17.0.10.7-hotspot\bin\instrument.dll
Event: 0.131 Loaded shared library C:\Program Files\OpenLogic\jdk-17.0.10.7-hotspot\bin\net.dll
Event: 0.136 Loaded shared library C:\Program Files\OpenLogic\jdk-17.0.10.7-hotspot\bin\nio.dll
Event: 0.141 Loaded shared library C:\Program Files\OpenLogic\jdk-17.0.10.7-hotspot\bin\zip.dll
Event: 0.480 Loaded shared library C:\Program Files\OpenLogic\jdk-17.0.10.7-hotspot\bin\jimage.dll
Event: 0.637 Loaded shared library C:\Program Files\OpenLogic\jdk-17.0.10.7-hotspot\bin\verify.dll
Event: 0.912 Loaded shared library C:\Users\MAHE\.gradle\native\68d5fa5c4cc2d200863cafc0d521ce42e7d3e7ee720ec0a83991735586a16f82\windows-amd64\native-platform.dll
Event: 0.969 Loaded shared library C:\Users\MAHE\.gradle\native\e376f236ea51e6404a007f0833ffe2c6e607c4080706a723a18a27aeea778392\windows-amd64\native-platform-file-events.dll
Event: 2.768 Loaded shared library C:\Program Files\OpenLogic\jdk-17.0.10.7-hotspot\bin\management.dll
Event: 2.773 Loaded shared library C:\Program Files\OpenLogic\jdk-17.0.10.7-hotspot\bin\management_ext.dll
Event: 3.082 Loaded shared library C:\Program Files\OpenLogic\jdk-17.0.10.7-hotspot\bin\extnet.dll
Event: 3.319 Loaded shared library C:\Program Files\OpenLogic\jdk-17.0.10.7-hotspot\bin\sunmscapi.dll

Deoptimization events (20 events):
Event: 5.988 Thread 0x0000017b468cccb0 Uncommon trap: trap_request=0xffffffc6 fr.pc=0x0000017b1764146c relative=0x00000000000043cc
Event: 5.988 Thread 0x0000017b468cccb0 Uncommon trap: reason=bimorphic_or_optimized_type_check action=maybe_recompile pc=0x0000017b1764146c method=java.net.URL.<init>(Ljava/net/URL;Ljava/lang/String;Ljava/net/URLStreamHandler;)V @ 504 c2
Event: 5.988 Thread 0x0000017b468cccb0 DEOPT PACKING pc=0x0000017b1764146c sp=0x0000006fa17f8520
Event: 5.988 Thread 0x0000017b468cccb0 DEOPT UNPACKING pc=0x0000017b16fa69a3 sp=0x0000006fa17f84c0 mode 2
Event: 6.069 Thread 0x0000017b468cccb0 Uncommon trap: trap_request=0xffffff45 fr.pc=0x0000017b175e0100 relative=0x00000000000000e0
Event: 6.069 Thread 0x0000017b468cccb0 Uncommon trap: reason=unstable_if action=reinterpret pc=0x0000017b175e0100 method=java.lang.ClassLoader.getClassLoadingLock(Ljava/lang/String;)Ljava/lang/Object; @ 6 c2
Event: 6.069 Thread 0x0000017b468cccb0 DEOPT PACKING pc=0x0000017b175e0100 sp=0x0000006fa17f8e30
Event: 6.069 Thread 0x0000017b468cccb0 DEOPT UNPACKING pc=0x0000017b16fa69a3 sp=0x0000006fa17f8dd0 mode 2
Event: 6.071 Thread 0x0000017b468cccb0 Uncommon trap: trap_request=0xffffff6e fr.pc=0x0000017b176cd06c relative=0x000000000000048c
Event: 6.071 Thread 0x0000017b468cccb0 Uncommon trap: reason=loop_limit_check action=maybe_recompile pc=0x0000017b176cd06c method=java.util.regex.Pattern$Start.match(Ljava/util/regex/Matcher;ILjava/lang/CharSequence;)Z @ 34 c2
Event: 6.071 Thread 0x0000017b468cccb0 DEOPT PACKING pc=0x0000017b176cd06c sp=0x0000006fa17f8b70
Event: 6.071 Thread 0x0000017b468cccb0 DEOPT UNPACKING pc=0x0000017b16fa69a3 sp=0x0000006fa17f8ab0 mode 2
Event: 6.149 Thread 0x0000017b468cccb0 DEOPT PACKING pc=0x0000017b10109c20 sp=0x0000006fa17f8900
Event: 6.149 Thread 0x0000017b468cccb0 DEOPT UNPACKING pc=0x0000017b16fa7143 sp=0x0000006fa17f7e10 mode 0
Event: 6.150 Thread 0x0000017b468cccb0 DEOPT PACKING pc=0x0000017b10109c20 sp=0x0000006fa17f8900
Event: 6.150 Thread 0x0000017b468cccb0 DEOPT UNPACKING pc=0x0000017b16fa7143 sp=0x0000006fa17f7e10 mode 0
Event: 6.170 Thread 0x0000017b468cccb0 Uncommon trap: trap_request=0xffffffcc fr.pc=0x0000017b176de870 relative=0x0000000000000150
Event: 6.170 Thread 0x0000017b468cccb0 Uncommon trap: reason=intrinsic_or_type_checked_inlining action=make_not_entrant pc=0x0000017b176de870 method=java.util.ArrayList$SubList.toArray([Ljava/lang/Object;)[Ljava/lang/Object; @ 58 c2
Event: 6.170 Thread 0x0000017b468cccb0 DEOPT PACKING pc=0x0000017b176de870 sp=0x0000006fa17f89f0
Event: 6.170 Thread 0x0000017b468cccb0 DEOPT UNPACKING pc=0x0000017b16fa69a3 sp=0x0000006fa17f8990 mode 2

Classes unloaded (0 events):
No events

Classes redefined (0 events):
No events

Internal exceptions (20 events):
Event: 4.806 Thread 0x0000017b468cccb0 Exception <a 'java/lang/NoSuchMethodError'{0x00000000892e2a40}: 'java.lang.Object java.lang.invoke.DirectMethodHandle$Holder.invokeSpecial(java.lang.Object, java.lang.Object, java.lang.Object, java.lang.Object, java.lang.Object, java.lang.Object, java.lang.Object, java.lang.Object, java.lang.Object, java.lang.Object, java.lang.Object, java.lang.Object)'> (0x00000000892e2a40) 
thrown [s\src\hotspot\share\interpreter\linkResolver.cpp, line 759]
Event: 4.806 Thread 0x0000017b468cccb0 Exception <a 'java/lang/NoSuchMethodError'{0x00000000892e80d8}: 'java.lang.Object java.lang.invoke.Invokers$Holder.linkToTargetMethod(java.lang.Object, java.lang.Object, java.lang.Object, java.lang.Object, java.lang.Object, java.lang.Object, java.lang.Object, java.lang.Object, java.lang.Object, java.lang.Object, java.lang.Object)'> (0x00000000892e80d8) 
thrown [s\src\hotspot\share\interpreter\linkResolver.cpp, line 759]
Event: 4.820 Thread 0x0000017b468cccb0 Exception <a 'java/lang/NoSuchMethodError'{0x0000000089175468}: 'java.lang.Object java.lang.invoke.DirectMethodHandle$Holder.invokeStaticInit(java.lang.Object, java.lang.Object, java.lang.Object, java.lang.Object)'> (0x0000000089175468) 
thrown [s\src\hotspot\share\interpreter\linkResolver.cpp, line 759]
Event: 4.919 Thread 0x0000017b468cccb0 Implicit null exception at 0x0000017b1753170f to 0x0000017b17531c6c
Event: 5.221 Thread 0x0000017b468cccb0 Exception <a 'java/lang/NoSuchMethodError'{0x0000000083ab5488}: 'java.lang.Object java.lang.invoke.DirectMethodHandle$Holder.newInvokeSpecial(java.lang.Object, java.lang.Object, java.lang.Object, java.lang.Object, java.lang.Object, java.lang.Object, java.lang.Object, java.lang.Object)'> (0x0000000083ab5488) 
thrown [s\src\hotspot\share\interpreter\linkResolver.cpp, line 759]
Event: 5.221 Thread 0x0000017b468cccb0 Exception <a 'java/lang/NoSuchMethodError'{0x0000000083abaf00}: 'java.lang.Object java.lang.invoke.Invokers$Holder.linkToTargetMethod(java.lang.Object, java.lang.Object, java.lang.Object, java.lang.Object, java.lang.Object, java.lang.Object, java.lang.Object, java.lang.Object)'> (0x0000000083abaf00) 
thrown [s\src\hotspot\share\interpreter\linkResolver.cpp, line 759]
Event: 5.228 Thread 0x0000017b468cccb0 Exception <a 'java/lang/IncompatibleClassChangeError'{0x0000000083928fe0}: Found class java.lang.Object, but interface was expected> (0x0000000083928fe0) 
thrown [s\src\hotspot\share\interpreter\linkResolver.cpp, line 826]
Event: 5.347 Thread 0x0000017b468cccb0 Exception <a 'java/lang/NoSuchMethodError'{0x00000000833e21a8}: 'java.lang.Object java.lang.invoke.DirectMethodHandle$Holder.newInvokeSpecial(java.lang.Object, java.lang.Object, int, int)'> (0x00000000833e21a8) 
thrown [s\src\hotspot\share\interpreter\linkResolver.cpp, line 759]
Event: 5.509 Thread 0x0000017b468cccb0 Exception <a 'java/lang/NoSuchMethodError'{0x0000000082c4ed58}: 'void java.lang.invoke.DirectMethodHandle$Holder.invokeStaticInit(java.lang.Object, java.lang.Object, java.lang.Object)'> (0x0000000082c4ed58) 
thrown [s\src\hotspot\share\interpreter\linkResolver.cpp, line 759]
Event: 5.510 Thread 0x0000017b468cccb0 Exception <a 'java/lang/NoSuchMethodError'{0x0000000082c561f8}: 'void java.lang.invoke.DirectMethodHandle$Holder.invokeStaticInit(java.lang.Object, java.lang.Object, java.lang.Object, java.lang.Object)'> (0x0000000082c561f8) 
thrown [s\src\hotspot\share\interpreter\linkResolver.cpp, line 759]
Event: 5.512 Thread 0x0000017b468cccb0 Exception <a 'java/lang/NoSuchMethodError'{0x0000000082c773d0}: 'void java.lang.invoke.DirectMethodHandle$Holder.invokeStaticInit(java.lang.Object, java.lang.Object, java.lang.Object, java.lang.Object, java.lang.Object)'> (0x0000000082c773d0) 
thrown [s\src\hotspot\share\interpreter\linkResolver.cpp, line 759]
Event: 5.512 Thread 0x0000017b468cccb0 Exception <a 'java/lang/NoSuchMethodError'{0x0000000082c7f198}: 'int java.lang.invoke.DirectMethodHandle$Holder.invokeStaticInit(java.lang.Object, java.lang.Object, java.lang.Object)'> (0x0000000082c7f198) 
thrown [s\src\hotspot\share\interpreter\linkResolver.cpp, line 759]
Event: 5.525 Thread 0x0000017b468cccb0 Exception <a 'java/lang/NoSuchMethodError'{0x0000000082ce93e8}: 'int java.lang.invoke.DirectMethodHandle$Holder.invokeStaticInit(java.lang.Object, java.lang.Object, java.lang.Object, java.lang.Object)'> (0x0000000082ce93e8) 
thrown [s\src\hotspot\share\interpreter\linkResolver.cpp, line 759]
Event: 5.896 Thread 0x0000017b468cccb0 Exception <a 'java/lang/ClassNotFoundException'{0x000000008224d1a0}: groovy/lang/ExpandoMetaClassBeanInfo> (0x000000008224d1a0) 
thrown [s\src\hotspot\share\classfile\systemDictionary.cpp, line 256]
Event: 5.897 Thread 0x0000017b468cccb0 Exception <a 'java/lang/ClassNotFoundException'{0x0000000082263da8}: groovy/lang/MetaClassImplBeanInfo> (0x0000000082263da8) 
thrown [s\src\hotspot\share\classfile\systemDictionary.cpp, line 256]
Event: 5.897 Thread 0x0000017b468cccb0 Exception <a 'java/lang/ClassNotFoundException'{0x0000000082268ef8}: java/lang/ObjectBeanInfo> (0x0000000082268ef8) 
thrown [s\src\hotspot\share\classfile\systemDictionary.cpp, line 256]
Event: 5.898 Thread 0x0000017b468cccb0 Exception <a 'java/lang/ClassNotFoundException'{0x000000008226f280}: java/lang/ObjectCustomizer> (0x000000008226f280) 
thrown [s\src\hotspot\share\classfile\systemDictionary.cpp, line 256]
Event: 5.903 Thread 0x0000017b468cccb0 Exception <a 'java/lang/IncompatibleClassChangeError'{0x000000008227ecb0}: Found class java.lang.Object, but interface was expected> (0x000000008227ecb0) 
thrown [s\src\hotspot\share\interpreter\linkResolver.cpp, line 826]
Event: 5.906 Thread 0x0000017b468cccb0 Exception <a 'java/lang/ClassNotFoundException'{0x00000000822a48a8}: groovy/lang/MetaClassImplCustomizer> (0x00000000822a48a8) 
thrown [s\src\hotspot\share\classfile\systemDictionary.cpp, line 256]
Event: 5.908 Thread 0x0000017b468cccb0 Exception <a 'java/lang/ClassNotFoundException'{0x00000000822dab10}: groovy/lang/ExpandoMetaClassCustomizer> (0x00000000822dab10) 
thrown [s\src\hotspot\share\classfile\systemDictionary.cpp, line 256]

VM Operations (20 events):
Event: 5.687 Executing VM operation: HandshakeAllThreads
Event: 5.688 Executing VM operation: HandshakeAllThreads done
Event: 5.774 Executing VM operation: HandshakeAllThreads
Event: 5.774 Executing VM operation: HandshakeAllThreads done
Event: 5.851 Executing VM operation: ICBufferFull
Event: 5.851 Executing VM operation: ICBufferFull done
Event: 5.910 Executing VM operation: G1CollectForAllocation
Event: 5.920 Executing VM operation: G1CollectForAllocation done
Event: 5.988 Executing VM operation: HandshakeAllThreads
Event: 5.988 Executing VM operation: HandshakeAllThreads done
Event: 5.988 Executing VM operation: HandshakeAllThreads
Event: 5.988 Executing VM operation: HandshakeAllThreads done
Event: 5.994 Executing VM operation: HandshakeAllThreads
Event: 5.994 Executing VM operation: HandshakeAllThreads done
Event: 5.996 Executing VM operation: HandshakeAllThreads
Event: 5.996 Executing VM operation: HandshakeAllThreads done
Event: 6.009 Executing VM operation: HandshakeAllThreads
Event: 6.009 Executing VM operation: HandshakeAllThreads done
Event: 6.079 Executing VM operation: HandshakeAllThreads
Event: 6.079 Executing VM operation: HandshakeAllThreads done

Events (20 events):
Event: 6.076 loading class jdk/internal/jrtfs/SystemImage$1
Event: 6.076 loading class jdk/internal/jrtfs/SystemImage$1 done
Event: 6.077 loading class jdk/internal/jimage/ImageReader$SharedImageReader$LocationVisitor
Event: 6.077 loading class jdk/internal/jimage/ImageReader$SharedImageReader$LocationVisitor done
Event: 6.078 loading class java/nio/ByteBufferAsIntBufferL
Event: 6.078 loading class java/nio/ByteBufferAsIntBufferL done
Event: 6.081 loading class jdk/internal/jrtfs/JrtFileAttributes
Event: 6.081 loading class jdk/internal/jrtfs/JrtFileAttributes done
Event: 6.081 loading class jdk/internal/jrtfs/JrtDirectoryStream
Event: 6.082 loading class jdk/internal/jrtfs/JrtDirectoryStream done
Event: 6.083 loading class jdk/internal/jrtfs/JrtDirectoryStream$1
Event: 6.083 loading class jdk/internal/jrtfs/JrtDirectoryStream$1 done
Event: 6.083 loading class java/util/function/BooleanSupplier
Event: 6.083 loading class java/util/function/BooleanSupplier done
Event: 6.083 loading class jdk/internal/jimage/ImageReader$Resource
Event: 6.084 loading class jdk/internal/jimage/ImageReader$Resource done
Event: 6.209 loading class java/util/WeakHashMap$KeyIterator
Event: 6.210 loading class java/util/WeakHashMap$HashIterator
Event: 6.210 loading class java/util/WeakHashMap$HashIterator done
Event: 6.210 loading class java/util/WeakHashMap$KeyIterator done


Dynamic libraries:
0x00007ff79e050000 - 0x00007ff79e05e000 	C:\Program Files\OpenLogic\jdk-17.0.10.7-hotspot\bin\java.exe
0x00007ffe9a0f0000 - 0x00007ffe9a307000 	C:\Windows\SYSTEM32\ntdll.dll
0x00007ffe99320000 - 0x00007ffe993e4000 	C:\Windows\System32\KERNEL32.DLL
0x00007ffe976e0000 - 0x00007ffe97a8c000 	C:\Windows\System32\KERNELBASE.dll
0x00007ffe97130000 - 0x00007ffe9727c000 	C:\Windows\system32\hmpalert.dll
0x00007ffe974a0000 - 0x00007ffe975b1000 	C:\Windows\System32\ucrtbase.dll
0x00007ffe2d200000 - 0x00007ffe2d21b000 	C:\Program Files\OpenLogic\jdk-17.0.10.7-hotspot\bin\VCRUNTIME140.dll
0x00007ffe2d1e0000 - 0x00007ffe2d1f7000 	C:\Program Files\OpenLogic\jdk-17.0.10.7-hotspot\bin\jli.dll
0x00007ffe99630000 - 0x00007ffe997de000 	C:\Windows\System32\USER32.dll
0x00007ffe97c00000 - 0x00007ffe97c26000 	C:\Windows\System32\win32u.dll
0x00007ffe99840000 - 0x00007ffe99869000 	C:\Windows\System32\GDI32.dll
0x00007ffe975c0000 - 0x00007ffe976d9000 	C:\Windows\System32\gdi32full.dll
0x00007ffe97d60000 - 0x00007ffe97dfa000 	C:\Windows\System32\msvcp_win.dll
0x00007ffe964b0000 - 0x00007ffe96743000 	C:\Windows\WinSxS\amd64_microsoft.windows.common-controls_6595b64144ccf1df_6.0.22621.3672_none_2713b9d173822955\COMCTL32.dll
0x00007ffe990e0000 - 0x00007ffe99187000 	C:\Windows\System32\msvcrt.dll
0x00007ffe98de0000 - 0x00007ffe98e11000 	C:\Windows\System32\IMM32.DLL
0x00007ffe2d1d0000 - 0x00007ffe2d1dc000 	C:\Program Files\OpenLogic\jdk-17.0.10.7-hotspot\bin\vcruntime140_1.dll
0x00007ffe27c90000 - 0x00007ffe27d1d000 	C:\Program Files\OpenLogic\jdk-17.0.10.7-hotspot\bin\msvcp140.dll
0x00007ffe1f980000 - 0x00007ffe205e2000 	C:\Program Files\OpenLogic\jdk-17.0.10.7-hotspot\bin\server\jvm.dll
0x00007ffe981c0000 - 0x00007ffe98272000 	C:\Windows\System32\ADVAPI32.dll
0x00007ffe99e10000 - 0x00007ffe99eba000 	C:\Windows\System32\sechost.dll
0x00007ffe97e00000 - 0x00007ffe97e28000 	C:\Windows\System32\bcrypt.dll
0x00007ffe98bb0000 - 0x00007ffe98cc5000 	C:\Windows\System32\RPCRT4.dll
0x00007ffe2d1c0000 - 0x00007ffe2d1c9000 	C:\Windows\SYSTEM32\WSOCK32.dll
0x00007ffe98b30000 - 0x00007ffe98ba1000 	C:\Windows\System32\WS2_32.dll
0x00007ffe91be0000 - 0x00007ffe91bea000 	C:\Windows\SYSTEM32\VERSION.dll
0x00007ffe96fe0000 - 0x00007ffe9702d000 	C:\Windows\SYSTEM32\POWRPROF.dll
0x00007ffe879c0000 - 0x00007ffe879f4000 	C:\Windows\SYSTEM32\WINMM.dll
0x00007ffe96fc0000 - 0x00007ffe96fd3000 	C:\Windows\SYSTEM32\UMPDC.dll
0x00007ffe95c10000 - 0x00007ffe95c28000 	C:\Windows\SYSTEM32\kernel.appcore.dll
0x00007ffe2d1b0000 - 0x00007ffe2d1ba000 	C:\Program Files\OpenLogic\jdk-17.0.10.7-hotspot\bin\jimage.dll
0x00007ffe96a60000 - 0x00007ffe96c92000 	C:\Windows\SYSTEM32\DBGHELP.DLL
0x00007ffe97e30000 - 0x00007ffe981b8000 	C:\Windows\System32\combase.dll
0x00007ffe99f70000 - 0x00007ffe9a047000 	C:\Windows\System32\OLEAUT32.dll
0x00007ffe96a20000 - 0x00007ffe96a52000 	C:\Windows\SYSTEM32\dbgcore.DLL
0x00007ffe97420000 - 0x00007ffe9749b000 	C:\Windows\System32\bcryptPrimitives.dll
0x00007ffe1f820000 - 0x00007ffe1f82e000 	C:\Program Files\OpenLogic\jdk-17.0.10.7-hotspot\bin\instrument.dll
0x00007ffe2cd70000 - 0x00007ffe2cd95000 	C:\Program Files\OpenLogic\jdk-17.0.10.7-hotspot\bin\java.dll
0x00007ffe1f8a0000 - 0x00007ffe1f976000 	C:\Program Files\OpenLogic\jdk-17.0.10.7-hotspot\bin\jsvml.dll
0x00007ffe98280000 - 0x00007ffe98adc000 	C:\Windows\System32\SHELL32.dll
0x00007ffe94b30000 - 0x00007ffe95427000 	C:\Windows\SYSTEM32\windows.storage.dll
0x00007ffe949f0000 - 0x00007ffe94b2f000 	C:\Windows\SYSTEM32\wintypes.dll
0x00007ffe99870000 - 0x00007ffe99964000 	C:\Windows\System32\SHCORE.dll
0x00007ffe995b0000 - 0x00007ffe9960e000 	C:\Windows\System32\shlwapi.dll
0x00007ffe97350000 - 0x00007ffe97371000 	C:\Windows\SYSTEM32\profapi.dll
0x00007ffe27c70000 - 0x00007ffe27c88000 	C:\Program Files\OpenLogic\jdk-17.0.10.7-hotspot\bin\zip.dll
0x00007ffe2d190000 - 0x00007ffe2d1a9000 	C:\Program Files\OpenLogic\jdk-17.0.10.7-hotspot\bin\net.dll
0x00007ffe92640000 - 0x00007ffe92776000 	C:\Windows\SYSTEM32\WINHTTP.dll
0x00007ffe96040000 - 0x00007ffe960a9000 	C:\Windows\system32\mswsock.dll
0x00007ffe2cc70000 - 0x00007ffe2cc86000 	C:\Program Files\OpenLogic\jdk-17.0.10.7-hotspot\bin\nio.dll
0x00007ffe2cb20000 - 0x00007ffe2cb30000 	C:\Program Files\OpenLogic\jdk-17.0.10.7-hotspot\bin\verify.dll
0x00007ffe1f870000 - 0x00007ffe1f897000 	C:\Users\MAHE\.gradle\native\68d5fa5c4cc2d200863cafc0d521ce42e7d3e7ee720ec0a83991735586a16f82\windows-amd64\native-platform.dll
0x00007ffe1f6d0000 - 0x00007ffe1f814000 	C:\Users\MAHE\.gradle\native\e376f236ea51e6404a007f0833ffe2c6e607c4080706a723a18a27aeea778392\windows-amd64\native-platform-file-events.dll
0x00007ffe1f850000 - 0x00007ffe1f859000 	C:\Program Files\OpenLogic\jdk-17.0.10.7-hotspot\bin\management.dll
0x00007ffe1f840000 - 0x00007ffe1f84b000 	C:\Program Files\OpenLogic\jdk-17.0.10.7-hotspot\bin\management_ext.dll
0x00007ffe99190000 - 0x00007ffe99198000 	C:\Windows\System32\PSAPI.DLL
0x00007ffe96ee0000 - 0x00007ffe96efb000 	C:\Windows\SYSTEM32\CRYPTSP.dll
0x00007ffe95b70000 - 0x00007ffe95ba5000 	C:\Windows\system32\rsaenh.dll
0x00007ffe96140000 - 0x00007ffe96168000 	C:\Windows\SYSTEM32\USERENV.dll
0x00007ffe962a0000 - 0x00007ffe962ac000 	C:\Windows\SYSTEM32\CRYPTBASE.dll
0x00007ffe95690000 - 0x00007ffe956bd000 	C:\Windows\SYSTEM32\IPHLPAPI.DLL
0x00007ffe99df0000 - 0x00007ffe99df9000 	C:\Windows\System32\NSI.dll
0x00007ffe92010000 - 0x00007ffe92029000 	C:\Windows\SYSTEM32\dhcpcsvc6.DLL
0x00007ffe91f90000 - 0x00007ffe91faf000 	C:\Windows\SYSTEM32\dhcpcsvc.DLL
0x00007ffe956c0000 - 0x00007ffe957b8000 	C:\Windows\SYSTEM32\DNSAPI.dll
0x00007ffe1f830000 - 0x00007ffe1f838000 	C:\Program Files\OpenLogic\jdk-17.0.10.7-hotspot\bin\extnet.dll
0x00007ffe1f6c0000 - 0x00007ffe1f6ce000 	C:\Program Files\OpenLogic\jdk-17.0.10.7-hotspot\bin\sunmscapi.dll
0x00007ffe97a90000 - 0x00007ffe97bf7000 	C:\Windows\System32\CRYPT32.dll
0x00007ffe96480000 - 0x00007ffe964ae000 	C:\Windows\SYSTEM32\ncrypt.dll
0x00007ffe96440000 - 0x00007ffe96477000 	C:\Windows\SYSTEM32\NTASN1.dll
0x00007ffe1f6a0000 - 0x00007ffe1f6a8000 	C:\Windows\system32\wshunix.dll

dbghelp: loaded successfully - version: 4.0.5 - missing functions: none
symbol engine: initialized successfully - sym options: 0x614 - pdb path: .;C:\Program Files\OpenLogic\jdk-17.0.10.7-hotspot\bin;C:\Windows\SYSTEM32;C:\Windows\WinSxS\amd64_microsoft.windows.common-controls_6595b64144ccf1df_6.0.22621.3672_none_2713b9d173822955;C:\Program Files\OpenLogic\jdk-17.0.10.7-hotspot\bin\server;C:\Users\MAHE\.gradle\native\68d5fa5c4cc2d200863cafc0d521ce42e7d3e7ee720ec0a83991735586a16f82\windows-amd64;C:\Users\MAHE\.gradle\native\e376f236ea51e6404a007f0833ffe2c6e607c4080706a723a18a27aeea778392\windows-amd64

VM Arguments:
jvm_args: -XX:MaxMetaspaceSize=512m --add-opens=java.base/java.util=ALL-UNNAMED --add-opens=java.base/java.lang=ALL-UNNAMED --add-opens=java.base/java.lang.invoke=ALL-UNNAMED --add-opens=java.prefs/java.util.prefs=ALL-UNNAMED --add-opens=java.base/java.nio.charset=ALL-UNNAMED --add-opens=java.base/java.net=ALL-UNNAMED --add-opens=java.base/java.util.concurrent.atomic=ALL-UNNAMED -Xmx2048m -Dfile.encoding=windows-1252 -Duser.country=IN -Duser.language=en -Duser.variant -javaagent:C:\Users\MAHE\.gradle\wrapper\dists\gradle-8.3-all\6en3ugtfdg5xnpx44z4qbwgas\gradle-8.3\lib\agents\gradle-instrumentation-agent-8.3.jar 
java_command: org.gradle.launcher.daemon.bootstrap.GradleDaemon 8.3
java_class_path (initial): C:\Users\MAHE\.gradle\wrapper\dists\gradle-8.3-all\6en3ugtfdg5xnpx44z4qbwgas\gradle-8.3\lib\gradle-launcher-8.3.jar
Launcher Type: SUN_STANDARD

[Global flags]
     intx CICompilerCount                          = 3                                         {product} {ergonomic}
   size_t CompressedClassSpaceSize                 = 436207616                                 {product} {ergonomic}
     uint ConcGCThreads                            = 1                                         {product} {ergonomic}
     uint G1ConcRefinementThreads                  = 4                                         {product} {ergonomic}
   size_t G1HeapRegionSize                         = 1048576                                   {product} {ergonomic}
    uintx GCDrainStackTargetSize                   = 64                                        {product} {ergonomic}
   size_t InitialHeapSize                          = 268435456                                 {product} {ergonomic}
   size_t MarkStackSize                            = 4194304                                   {product} {ergonomic}
   size_t MaxHeapSize                              = 2147483648                                {product} {command line}
   size_t MaxMetaspaceSize                         = 536870912                                 {product} {command line}
   size_t MaxNewSize                               = 1287651328                                {product} {ergonomic}
   size_t MinHeapDeltaBytes                        = 1048576                                   {product} {ergonomic}
   size_t MinHeapSize                              = 8388608                                   {product} {ergonomic}
    uintx NonNMethodCodeHeapSize                   = 5832780                                {pd product} {ergonomic}
    uintx NonProfiledCodeHeapSize                  = 122912730                              {pd product} {ergonomic}
    uintx ProfiledCodeHeapSize                     = 122912730                              {pd product} {ergonomic}
    uintx ReservedCodeCacheSize                    = 251658240                              {pd product} {ergonomic}
     bool SegmentedCodeCache                       = true                                      {product} {ergonomic}
   size_t SoftMaxHeapSize                          = 2147483648                             {manageable} {ergonomic}
     bool UseCompressedClassPointers               = true                           {product lp64_product} {ergonomic}
     bool UseCompressedOops                        = true                           {product lp64_product} {ergonomic}
     bool UseG1GC                                  = true                                      {product} {ergonomic}
     bool UseLargePagesIndividualAllocation        = false                                  {pd product} {ergonomic}

Logging:
Log output configuration:
 #0: stdout all=warning uptime,level,tags
 #1: stderr all=off uptime,level,tags

Environment Variables:
JAVA_HOME=C:\Program Files\OpenLogic\jdk-17.0.10.7-hotspot\
CLASSPATH=C:\Users\MAHE\Documents\DOC APP BACKUP FILES\april30_\demo1_joyson1\android\\gradle\wrapper\gradle-wrapper.jar
PATH=C:\Users\MAHE\Documents\DOC APP BACKUP FILES\april30_\demo1_joyson1\node_modules\.bin;C:\Users\MAHE\Documents\DOC APP BACKUP FILES\april30_\demo1_joyson1\node_modules\.bin;C:\Users\MAHE\Documents\DOC APP BACKUP FILES\april30_\node_modules\.bin;C:\Users\MAHE\Documents\DOC APP BACKUP FILES\node_modules\.bin;C:\Users\MAHE\Documents\node_modules\.bin;C:\Users\MAHE\node_modules\.bin;C:\Users\node_modules\.bin;C:\node_modules\.bin;C:\Users\MAHE\AppData\Roaming\npm\node_modules\npm\node_modules\@npmcli\run-script\lib\node-gyp-bin;C:\Program Files\OpenLogic\jdk-17.0.10.7-hotspot\bin;C:\Python312\Scripts\;C:\Python312\;C:\Windows\system32;C:\Windows;C:\Windows\System32\Wbem;C:\Windows\System32\WindowsPowerShell\v1.0\;C:\Windows\System32\OpenSSH\;C:\Program Files\nodejs\;C:\ProgramData\chocolatey\bin;C:\Program Files\Git\cmd;C:\Program Files\Git\bin;C:\Program Files (x86)\Microsoft SQL Server\160\Tools\Binn\;C:\Program Files\Microsoft SQL Server\160\Tools\Binn\;C:\Program Files\Microsoft SQL Server\Client SDK\ODBC\170\Tools\Binn\;C:\Program Files\Microsoft SQL Server\160\DTS\Binn\;C:\Program Files (x86)\Microsoft SQL Server\160\DTS\Binn\;C:\Program Files\Azure Data Studio\bin;C:\Users\MAHE\AppData\Local\Microsoft\WindowsApps;C:\Users\MAHE\AppData\Local\Programs\Microsoft VS Code\bin;C:\Users\MAHE\AppData\Roaming\npm;C:\Users\MAHE\AppData\Local\Android\Sdk;C:\Users\MAHE\AppData\Local\Android\Sdk\platform-tools;C:\Users\MAHE\AppData\Local\Android\Sdk\emulator;C:\Program Files\Git\bin;C:\Program Files\Azure Data Studio\bin;
USERNAME=MAHE
LANG=en_US.UTF-8
OS=Windows_NT
PROCESSOR_IDENTIFIER=Intel64 Family 6 Model 60 Stepping 3, GenuineIntel
TMP=C:\Users\MAHE\AppData\Local\Temp
TEMP=C:\Users\MAHE\AppData\Local\Temp



Periodic native trim disabled


---------------  S Y S T E M  ---------------

OS:
 Windows 11 , 64 bit Build 22621 (10.0.22621.3672)
OS uptime: 0 days 0:04 hours

CPU: total 4 (initial active 4) (4 cores per cpu, 1 threads per core) family 6 model 60 stepping 3 microcode 0x28, cx8, cmov, fxsr, mmx, sse, sse2, sse3, ssse3, sse4.1, sse4.2, popcnt, lzcnt, tsc, tscinvbit, avx, avx2, aes, erms, clmul, bmi1, bmi2, fma, vzeroupper, clflush
Processor Information for all 4 processors :
  Max Mhz: 3001, Current Mhz: 3001, Mhz Limit: 3001

Memory: 4k page, system-wide physical 16309M (8539M free)
TotalPageFile size 32693M (AvailPageFile size 23186M)
current process WorkingSet (physical memory assigned to process): 203M, peak: 244M
current process commit charge ("private bytes"): 247M, peak: 415M

vm_info: OpenJDK 64-Bit Server VM (17.0.10+7-adhoc..jdk17u) for windows-amd64 JRE (17.0.10+7-adhoc..jdk17u), built on Jan 24 2024 08:51:31 by "" with MS VC++ 16.10 / 16.11 (VS2019)

END.
