#
# A fatal error has been detected by the Java Runtime Environment:
#
#  EXCEPTION_ACCESS_VIOLATION (0xc0000005) at pc=0x00007ffec8df2388, pid=10804, tid=11956
#
# JRE version: OpenJDK Runtime Environment OpenLogic-OpenJDK (17.0.10+7) (build 17.0.10+7-adhoc..jdk17u)
# Java VM: OpenJDK 64-Bit Server VM OpenLogic-OpenJDK (17.0.10+7-adhoc..jdk17u, mixed mode, sharing, tiered, compressed oops, compressed class ptrs, g1 gc, windows-amd64)
# Problematic frame:
# V  [jvm.dll+0x332388]
#
# No core dump will be written. Minidumps are not enabled by default on client versions of Windows
#
# If you would like to submit a bug report, please visit:
#   https://techsupport.roguewave.com/
#

---------------  S U M M A R Y ------------

Command Line: -XX:MaxMetaspaceSize=512m --add-opens=java.base/java.util=ALL-UNNAMED --add-opens=java.base/java.lang=ALL-UNNAMED --add-opens=java.base/java.lang.invoke=ALL-UNNAMED --add-opens=java.prefs/java.util.prefs=ALL-UNNAMED --add-opens=java.base/java.nio.charset=ALL-UNNAMED --add-opens=java.base/java.net=ALL-UNNAMED --add-opens=java.base/java.util.concurrent.atomic=ALL-UNNAMED -Xmx2048m -Dfile.encoding=windows-1252 -Duser.country=IN -Duser.language=en -Duser.variant -javaagent:C:\Users\MAHE\.gradle\wrapper\dists\gradle-8.3-all\6en3ugtfdg5xnpx44z4qbwgas\gradle-8.3\lib\agents\gradle-instrumentation-agent-8.3.jar org.gradle.launcher.daemon.bootstrap.GradleDaemon 8.3

Host: Intel(R) Core(TM) i5-4590S CPU @ 3.00GHz, 4 cores, 15G,  Windows 11 , 64 bit Build 22621 (10.0.22621.3374)
Time: Thu Mar 28 09:59:40 2024 India Standard Time elapsed time: 42.900447 seconds (0d 0h 0m 42s)

---------------  T H R E A D  ---------------

Current thread (0x000001c2c4ed9e70):  JavaThread "C2 CompilerThread0" daemon [_thread_in_native, id=11956, stack(0x000000794d900000,0x000000794da00000)]


Current CompileTask:
C2:  42900 8937       4       java.lang.reflect.Constructor::newInstanceWithCaller (75 bytes)

Stack: [0x000000794d900000,0x000000794da00000],  sp=0x000000794d9fb930,  free space=1006k
Native frames: (J=compiled Java code, j=interpreted, Vv=VM code, C=native code)
V  [jvm.dll+0x332388]
V  [jvm.dll+0x333506]
V  [jvm.dll+0x330dea]
V  [jvm.dll+0x33049a]
V  [jvm.dll+0x21a2a1]
V  [jvm.dll+0x2196c1]
V  [jvm.dll+0x1a512d]
V  [jvm.dll+0x22949e]
V  [jvm.dll+0x22766c]
V  [jvm.dll+0x7e9ea7]
V  [jvm.dll+0x7e42aa]
V  [jvm.dll+0x67c5d5]
C  [ucrtbase.dll+0x29333]
C  [KERNEL32.DLL+0x1257d]
C  [ntdll.dll+0x5aa48]


siginfo: EXCEPTION_ACCESS_VIOLATION (0xc0000005), reading address 0xffffffffffffffff


Registers:
RAX=0x6f7365722f6c616e, RBX=0x000001c2e5249460, RCX=0x0000000065746e6f, RDX=0x000000000000024e
RSP=0x000000794d9fb930, RBP=0x0000000000000038, RSI=0x0000000000000000, RDI=0x0000000000000000
R8 =0x000000794d9fba78, R9 =0x0000000000000000, R10=0x000001c2e7185160, R11=0x000001c2e71851a0
R12=0x000001c2e5259300, R13=0x000001c2e5259330, R14=0x000001c2e52593c0, R15=0x000000794d9fb990
RIP=0x00007ffec8df2388, EFLAGS=0x0000000000010246


Register to memory mapping:

RIP=0x00007ffec8df2388 jvm.dll
RAX=0x6f7365722f6c616e is an unknown value
RBX=0x000001c2e5249460 points into unknown readable memory: 0x7265746e692f656c | 6c 65 2f 69 6e 74 65 72
RCX=0x0000000065746e6f is an unknown value
RDX=0x000000000000024e is an unknown value
RSP=0x000000794d9fb930 is pointing into the stack for thread: 0x000001c2c4ed9e70
RBP=0x0000000000000038 is an unknown value
RSI=0x0 is NULL
RDI=0x0 is NULL
R8 =0x000000794d9fba78 is pointing into the stack for thread: 0x000001c2c4ed9e70
R9 =0x0 is NULL
R10=0x000001c2e7185160 points into unknown readable memory: 0x000001c2e664db90 | 90 db 64 e6 c2 01 00 00
R11=0x000001c2e71851a0 points into unknown readable memory: 0x000001c2e95f0750 | 50 07 5f e9 c2 01 00 00
R12=0x000001c2e5259300 points into unknown readable memory: 0x000001c2e4d39c68 | 68 9c d3 e4 c2 01 00 00
R13=0x000001c2e5259330 points into unknown readable memory: 0x00007ffec938eca0 | a0 ec 38 c9 fe 7f 00 00
R14=0x000001c2e52593c0 points into unknown readable memory: 0x00007ffec9384470 | 70 44 38 c9 fe 7f 00 00
R15=0x000000794d9fb990 is pointing into the stack for thread: 0x000001c2c4ed9e70


Top of Stack: (sp=0x000000794d9fb930)
0x000000794d9fb930:   000001c2e5259330 000001c2e5259330
0x000000794d9fb940:   000000794d9fbeb0 000001c2e5259330
0x000000794d9fb950:   000001c2e5259330 000001c2e9247970
0x000000794d9fb960:   000000794d9fbeb0 00007ffec8df3506
0x000000794d9fb970:   000001c2e664dc00 000001c2e5259600
0x000000794d9fb980:   000001c2e95f15c0 000001c2e5259601
0x000000794d9fb990:   000000794d9fba78 000000794d9fba58
0x000000794d9fb9a0:   000000794d9fbeb0 000001c2c4ed87f0
0x000000794d9fb9b0:   000001c2c4ed87f0 0000000000000000
0x000000794d9fb9c0:   000000794d9fbeb0 0000000000001620
0x000000794d9fb9d0:   000000794d9fbae0 00007ffec8df0dea
0x000000794d9fb9e0:   000001c2e8e85ff0 000001c2e8e87d48
0x000000794d9fb9f0:   000001c2e96fd220 0000000000000000
0x000000794d9fba00:   000001c2a39b0000 000001c2e91f9010
0x000000794d9fba10:   0000000000000401 0000000000000001
0x000000794d9fba20:   000001c2e940a500 0000000000003004
0x000000794d9fba30:   00000001a39b0000 000001c2a39b0000
0x000000794d9fba40:   000000000000164d 0000000000000400
0x000000794d9fba50:   0000000000000000 000001c2e96f6030
0x000000794d9fba60:   000001c2e96fd020 000001c2e96f5f40
0x000000794d9fba70:   000001c2c4ed87f0 000001c200000100
0x000000794d9fba80:   000001c2e96f5b40 0000000000000100
0x000000794d9fba90:   000001c2c4ed87f0 000001c2e8e7fd60
0x000000794d9fbaa0:   000000000016ed00 00007fff3c70421e
0x000000794d9fbab0:   0000000000000000 000001c200000002
0x000000794d9fbac0:   0000000000016900 0000000000000000
0x000000794d9fbad0:   0000000000000000 000000006a001973
0x000000794d9fbae0:   0000000000000048 0000000000000001
0x000000794d9fbaf0:   0000000000000000 0000000000000000
0x000000794d9fbb00:   0000000000000000 0000000000000000
0x000000794d9fbb10:   0000000000000000 0000000000000000
0x000000794d9fbb20:   0000000000000000 000001c2e87d0080 

Instructions: (pc=0x00007ffec8df2388)
0x00007ffec8df2288:   51 08 4c 8b f9 4c 8b 02 49 8b c0 48 2b 42 10 48
0x00007ffec8df2298:   83 c0 10 48 c1 e8 04 85 c0 75 09 33 c0 48 83 c4
0x00007ffec8df22a8:   30 41 5f c3 48 89 5c 24 40 49 8d 40 f0 48 89 6c
0x00007ffec8df22b8:   24 48 48 89 74 24 50 48 89 7c 24 58 4c 89 64 24
0x00007ffec8df22c8:   28 4d 8b 20 4c 89 74 24 20 4d 8b f4 49 83 e6 fe
0x00007ffec8df22d8:   41 80 e4 01 41 8b 7e 20 41 39 78 08 41 0f 42 78
0x00007ffec8df22e8:   08 48 89 02 0f 1f 40 00 41 8b 76 28 8b de 49 8b
0x00007ffec8df22f8:   2f c1 eb 05 3b 5d 00 72 0a 8b d3 48 8b cd e8 85
0x00007ffec8df2308:   c0 4e 00 48 8b 45 08 83 e6 1f 48 8d 14 98 8b 04
0x00007ffec8df2318:   98 0f ab f0 89 02 41 8b 46 2c 24 0f 3c 08 75 09
0x00007ffec8df2328:   49 8b 46 08 48 8b 08 eb 03 49 8b ce 49 8b 47 10
0x00007ffec8df2338:   33 f6 8b 51 28 48 8b 48 78 48 8b 04 d1 8b 68 68
0x00007ffec8df2348:   85 ff 0f 84 b2 00 00 00 49 8b 5e 10 ff cf 4d 8b
0x00007ffec8df2358:   07 48 8b 1c fb 8b 4b 28 8b c1 c1 e8 05 41 3b 00
0x00007ffec8df2368:   73 11 8b d0 83 e1 1f 49 8b 40 08 8b 04 90 0f a3
0x00007ffec8df2378:   c8 72 47 8b 43 2c 24 0f 3c 08 75 09 48 8b 43 08
0x00007ffec8df2388:   4c 8b 00 eb 03 4c 8b c3 49 8b 47 10 41 8b 50 28
0x00007ffec8df2398:   48 8b 48 78 48 8b 04 d1 39 68 68 72 1d 75 0b 41
0x00007ffec8df23a8:   8b 40 2c 83 e0 0f 3c 0c 74 10 48 8b cb 48 8b f3
0x00007ffec8df23b8:   e8 73 9b 32 00 41 3a c4 74 04 85 ff 75 8a 48 85
0x00007ffec8df23c8:   f6 74 37 49 8b 5f 08 48 83 03 10 48 8b 0b 48 3b
0x00007ffec8df23d8:   4b 08 72 0b 48 8b cb e8 9c 8b 32 00 48 8b 0b 41
0x00007ffec8df23e8:   0f b6 c4 49 0b c6 89 79 08 48 89 01 4c 8b f6 8b
0x00007ffec8df23f8:   7e 20 45 32 e4 e9 ee fe ff ff 45 84 e4 75 0c 41
0x00007ffec8df2408:   8b 7e 20 41 b4 01 e9 dd fe ff ff 4c 8b 64 24 28
0x00007ffec8df2418:   49 8b c6 4c 8b 74 24 20 48 8b 7c 24 58 48 8b 74
0x00007ffec8df2428:   24 50 48 8b 6c 24 48 48 8b 5c 24 40 48 83 c4 30
0x00007ffec8df2438:   41 5f c3 cc cc cc cc cc 48 89 5c 24 08 48 89 74
0x00007ffec8df2448:   24 10 57 48 83 ec 20 8b 59 28 48 8b f9 ff cb 3b
0x00007ffec8df2458:   59 18 73 0a 48 8b 41 20 48 8b 34 d8 eb 02 33 f6
0x00007ffec8df2468:   48 8b 06 48 8b ce ff 50 20 48 3b c6 74 03 2b 5f
0x00007ffec8df2478:   48 3b 5f 18 73 0a 48 8b 47 20 48 8b 34 d8 eb 02 


Stack slot to memory mapping:
stack at sp + 0 slots: 0x000001c2e5259330 points into unknown readable memory: 0x00007ffec938eca0 | a0 ec 38 c9 fe 7f 00 00
stack at sp + 1 slots: 0x000001c2e5259330 points into unknown readable memory: 0x00007ffec938eca0 | a0 ec 38 c9 fe 7f 00 00
stack at sp + 2 slots: 0x000000794d9fbeb0 is pointing into the stack for thread: 0x000001c2c4ed9e70
stack at sp + 3 slots: 0x000001c2e5259330 points into unknown readable memory: 0x00007ffec938eca0 | a0 ec 38 c9 fe 7f 00 00
stack at sp + 4 slots: 0x000001c2e5259330 points into unknown readable memory: 0x00007ffec938eca0 | a0 ec 38 c9 fe 7f 00 00
stack at sp + 5 slots: 0x000001c2e9247970 points into unknown readable memory: 0x000001c2e4ce3270 | 70 32 ce e4 c2 01 00 00
stack at sp + 6 slots: 0x000000794d9fbeb0 is pointing into the stack for thread: 0x000001c2c4ed9e70
stack at sp + 7 slots: 0x00007ffec8df3506 jvm.dll


---------------  P R O C E S S  ---------------

Threads class SMR info:
_java_thread_list=0x000001c2e98e51b0, length=64, elements={
0x000001c2a5f26de0, 0x000001c2c4ebbd80, 0x000001c2c4ebd3a0, 0x000001c2c4ed1850,
0x000001c2c4ed3490, 0x000001c2c4ed5f60, 0x000001c2c4ed70c0, 0x000001c2c4ed9e70,
0x000001c2c4edea30, 0x000001c2e4014800, 0x000001c2e40fed60, 0x000001c2e422dd60,
0x000001c2e5c20260, 0x000001c2e5232580, 0x000001c2e5d56020, 0x000001c2e5444300,
0x000001c2e5caf750, 0x000001c2e5cd7490, 0x000001c2e5b5d750, 0x000001c2e5e70480,
0x000001c2e5e73210, 0x000001c2e5e722e0, 0x000001c2e5e713b0, 0x000001c2e5e727f0,
0x000001c2e5e718c0, 0x000001c2e5e70ea0, 0x000001c2e5e72d00, 0x000001c2e5e71dd0,
0x000001c2e5e73720, 0x000001c2e5e73c30, 0x000001c2e761c900, 0x000001c2e7621a00,
0x000001c2e761d830, 0x000001c2e761ec70, 0x000001c2e761ce10, 0x000001c2e7621f10,
0x000001c2e761e760, 0x000001c2e7620ad0, 0x000001c2e761f690, 0x000001c2e7622420,
0x000001c2e7622930, 0x000001c2e761c3f0, 0x000001c2e761dd40, 0x000001c2e76200b0,
0x000001c2e761d320, 0x000001c2e761bee0, 0x000001c2e761b9d0, 0x000001c2e9706580,
0x000001c2e97088f0, 0x000001c2e9707ed0, 0x000001c2e97074b0, 0x000001c2e9708e00,
0x000001c2e9706fa0, 0x000001c2e970c5b0, 0x000001c2e9706a90, 0x000001c2e9709310,
0x000001c2e970cac0, 0x000001c2e970b680, 0x000001c2e970c0a0, 0x000001c2e970cfd0,
0x000001c2e970a240, 0x000001c2e97079c0, 0x000001c2e97083e0, 0x000001c2e6240510
}

Java Threads: ( => current thread )
  0x000001c2a5f26de0 JavaThread "main" [_thread_blocked, id=11852, stack(0x000000794cc00000,0x000000794cd00000)]
  0x000001c2c4ebbd80 JavaThread "Reference Handler" daemon [_thread_blocked, id=11512, stack(0x000000794d300000,0x000000794d400000)]
  0x000001c2c4ebd3a0 JavaThread "Finalizer" daemon [_thread_blocked, id=11504, stack(0x000000794d400000,0x000000794d500000)]
  0x000001c2c4ed1850 JavaThread "Signal Dispatcher" daemon [_thread_blocked, id=11964, stack(0x000000794d500000,0x000000794d600000)]
  0x000001c2c4ed3490 JavaThread "Attach Listener" daemon [_thread_blocked, id=5932, stack(0x000000794d600000,0x000000794d700000)]
  0x000001c2c4ed5f60 JavaThread "Service Thread" daemon [_thread_blocked, id=11420, stack(0x000000794d700000,0x000000794d800000)]
  0x000001c2c4ed70c0 JavaThread "Monitor Deflation Thread" daemon [_thread_blocked, id=11432, stack(0x000000794d800000,0x000000794d900000)]
=>0x000001c2c4ed9e70 JavaThread "C2 CompilerThread0" daemon [_thread_in_native, id=11956, stack(0x000000794d900000,0x000000794da00000)]
  0x000001c2c4edea30 JavaThread "C1 CompilerThread0" daemon [_thread_blocked, id=3048, stack(0x000000794da00000,0x000000794db00000)]
  0x000001c2e4014800 JavaThread "Sweeper thread" daemon [_thread_blocked, id=11900, stack(0x000000794db00000,0x000000794dc00000)]
  0x000001c2e40fed60 JavaThread "Common-Cleaner" daemon [_thread_blocked, id=6528, stack(0x000000794dc00000,0x000000794dd00000)]
  0x000001c2e422dd60 JavaThread "Notification Thread" daemon [_thread_blocked, id=10372, stack(0x000000794dd00000,0x000000794de00000)]
  0x000001c2e5c20260 JavaThread "Daemon health stats" [_thread_blocked, id=9736, stack(0x000000794e300000,0x000000794e400000)]
  0x000001c2e5232580 JavaThread "Incoming local TCP Connector on port 49965" [_thread_in_native, id=2336, stack(0x000000794df00000,0x000000794e000000)]
  0x000001c2e5d56020 JavaThread "Daemon periodic checks" [_thread_blocked, id=10632, stack(0x000000794e400000,0x000000794e500000)]
  0x000001c2e5444300 JavaThread "Daemon" [_thread_blocked, id=992, stack(0x000000794e500000,0x000000794e600000)]
  0x000001c2e5caf750 JavaThread "Handler for socket connection from /127.0.0.1:49965 to /127.0.0.1:49966" [_thread_in_native, id=4968, stack(0x000000794e600000,0x000000794e700000)]
  0x000001c2e5cd7490 JavaThread "Cancel handler" [_thread_blocked, id=11308, stack(0x000000794e700000,0x000000794e800000)]
  0x000001c2e5b5d750 JavaThread "Daemon worker" [_thread_in_native, id=12096, stack(0x000000794e800000,0x000000794e900000)]
  0x000001c2e5e70480 JavaThread "Asynchronous log dispatcher for DefaultDaemonConnection: socket connection from /127.0.0.1:49965 to /127.0.0.1:49966" [_thread_blocked, id=12100, stack(0x000000794e900000,0x000000794ea00000)]
  0x000001c2e5e73210 JavaThread "Stdin handler" [_thread_blocked, id=12112, stack(0x000000794ea00000,0x000000794eb00000)]
  0x000001c2e5e722e0 JavaThread "Daemon client event forwarder" [_thread_blocked, id=12104, stack(0x000000794eb00000,0x000000794ec00000)]
  0x000001c2e5e713b0 JavaThread "Cache worker for journal cache (C:\Users\MAHE\.gradle\caches\journal-1)" [_thread_blocked, id=5940, stack(0x000000794ec00000,0x000000794ed00000)]
  0x000001c2e5e727f0 JavaThread "File lock request listener" [_thread_in_native, id=3740, stack(0x000000794ed00000,0x000000794ee00000)]
  0x000001c2e5e718c0 JavaThread "Cache worker for file hash cache (C:\Users\MAHE\.gradle\caches\8.3\fileHashes)" [_thread_blocked, id=12260, stack(0x000000794ee00000,0x000000794ef00000)]
  0x000001c2e5e70ea0 JavaThread "File watcher server" daemon [_thread_in_native, id=988, stack(0x000000794ef00000,0x000000794f000000)]
  0x000001c2e5e72d00 JavaThread "File watcher consumer" daemon [_thread_blocked, id=10924, stack(0x000000794f000000,0x000000794f100000)]
  0x000001c2e5e71dd0 JavaThread "Cache worker for checksums cache (C:\Users\MAHE\Documents\demo1_joyson1\android\.gradle\8.3\checksums)" [_thread_blocked, id=5056, stack(0x000000794f100000,0x000000794f200000)]
  0x000001c2e5e73720 JavaThread "Cache worker for file hash cache (C:\Users\MAHE\Documents\demo1_joyson1\android\.gradle\8.3\fileHashes)" [_thread_blocked, id=11340, stack(0x000000794f200000,0x000000794f300000)]
  0x000001c2e5e73c30 JavaThread "Cache worker for cache directory md-supplier (C:\Users\MAHE\.gradle\caches\8.3\md-supplier)" [_thread_blocked, id=9204, stack(0x000000794f300000,0x000000794f400000)]
  0x000001c2e761c900 JavaThread "Cache worker for file content cache (C:\Users\MAHE\.gradle\caches\8.3\fileContent)" [_thread_blocked, id=4544, stack(0x000000794f400000,0x000000794f500000)]
  0x000001c2e7621a00 JavaThread "Cache worker for cache directory md-rule (C:\Users\MAHE\.gradle\caches\8.3\md-rule)" [_thread_blocked, id=9772, stack(0x000000794f500000,0x000000794f600000)]
  0x000001c2e761d830 JavaThread "Cache worker for execution history cache (C:\Users\MAHE\.gradle\caches\8.3\executionHistory)" [_thread_blocked, id=12292, stack(0x000000794f600000,0x000000794f700000)]
  0x000001c2e761ec70 JavaThread "jar transforms" [_thread_blocked, id=12304, stack(0x000000794f800000,0x000000794f900000)]
  0x000001c2e761ce10 JavaThread "jar transforms Thread 2" [_thread_blocked, id=12308, stack(0x000000794f900000,0x000000794fa00000)]
  0x000001c2e7621f10 JavaThread "jar transforms Thread 3" [_thread_blocked, id=12312, stack(0x000000794fa00000,0x000000794fb00000)]
  0x000001c2e761e760 JavaThread "jar transforms Thread 4" [_thread_blocked, id=12316, stack(0x000000794fb00000,0x000000794fc00000)]
  0x000001c2e7620ad0 JavaThread "Cache worker for kotlin-dsl (C:\Users\MAHE\.gradle\caches\8.3\kotlin-dsl)" [_thread_blocked, id=12500, stack(0x000000794f700000,0x000000794f800000)]
  0x000001c2e761f690 JavaThread "Unconstrained build operations" [_thread_blocked, id=12524, stack(0x000000794fc00000,0x000000794fd00000)]
  0x000001c2e7622420 JavaThread "Unconstrained build operations Thread 2" [_thread_blocked, id=12528, stack(0x000000794fe00000,0x000000794ff00000)]
  0x000001c2e7622930 JavaThread "Cache worker for dependencies-accessors (C:\Users\MAHE\Documents\demo1_joyson1\android\.gradle\8.3\dependencies-accessors)" [_thread_blocked, id=12540, stack(0x0000007950000000,0x0000007950100000)]
  0x000001c2e761c3f0 JavaThread "Cache worker for Build Output Cleanup Cache (C:\Users\MAHE\Documents\demo1_joyson1\node_modules\@react-native\gradle-plugin\.gradle\buildOutputCleanup)" [_thread_blocked, id=12588, stack(0x0000007950100000,0x0000007950200000)]
  0x000001c2e761dd40 JavaThread "Unconstrained build operations Thread 3" [_thread_blocked, id=12632, stack(0x000000794ff00000,0x0000007950000000)]
  0x000001c2e76200b0 JavaThread "Unconstrained build operations Thread 4" [_thread_blocked, id=12636, stack(0x0000007950200000,0x0000007950300000)]
  0x000001c2e761d320 JavaThread "Unconstrained build operations Thread 5" [_thread_blocked, id=12640, stack(0x0000007950300000,0x0000007950400000)]
  0x000001c2e761bee0 JavaThread "Memory manager" [_thread_blocked, id=12700, stack(0x0000007950600000,0x0000007950700000)]
  0x000001c2e761b9d0 JavaThread "Cache worker for Build Output Cleanup Cache (C:\Users\MAHE\Documents\demo1_joyson1\android\.gradle\buildOutputCleanup)" [_thread_blocked, id=12776, stack(0x0000007950700000,0x0000007950800000)]
  0x000001c2e9706580 JavaThread "ForkJoinPool.commonPool-worker-1" daemon [_thread_blocked, id=12876, stack(0x0000007950800000,0x0000007950900000)]
  0x000001c2e97088f0 JavaThread "ForkJoinPool.commonPool-worker-2" daemon [_thread_blocked, id=12880, stack(0x0000007950900000,0x0000007950a00000)]
  0x000001c2e9707ed0 JavaThread "ForkJoinPool.commonPool-worker-3" daemon [_thread_blocked, id=12884, stack(0x0000007950a00000,0x0000007950b00000)]
  0x000001c2e97074b0 JavaThread "included builds" [_thread_blocked, id=12892, stack(0x0000007950b00000,0x0000007950c00000)]
  0x000001c2e9708e00 JavaThread "Execution worker" [_thread_blocked, id=12896, stack(0x0000007950c00000,0x0000007950d00000)]
  0x000001c2e9706fa0 JavaThread "Execution worker Thread 2" [_thread_blocked, id=12900, stack(0x0000007950d00000,0x0000007950e00000)]
  0x000001c2e970c5b0 JavaThread "Execution worker Thread 3" [_thread_blocked, id=12904, stack(0x0000007950e00000,0x0000007950f00000)]
  0x000001c2e9706a90 JavaThread "Cache worker for execution history cache (C:\Users\MAHE\Documents\demo1_joyson1\node_modules\@react-native\gradle-plugin\.gradle\8.3\executionHistory)" [_thread_blocked, id=12908, stack(0x0000007950f00000,0x0000007951000000)]
  0x000001c2e9709310 JavaThread "Unconstrained build operations Thread 6" [_thread_blocked, id=12936, stack(0x0000007951100000,0x0000007951200000)]
  0x000001c2e970cac0 JavaThread "Unconstrained build operations Thread 7" [_thread_blocked, id=12940, stack(0x0000007951200000,0x0000007951300000)]
  0x000001c2e970b680 JavaThread "Unconstrained build operations Thread 8" [_thread_blocked, id=12944, stack(0x0000007951300000,0x0000007951400000)]
  0x000001c2e970c0a0 JavaThread "Unconstrained build operations Thread 9" [_thread_blocked, id=12948, stack(0x0000007951400000,0x0000007951500000)]
  0x000001c2e970cfd0 JavaThread "Unconstrained build operations Thread 10" [_thread_blocked, id=12952, stack(0x0000007951500000,0x0000007951600000)]
  0x000001c2e970a240 JavaThread "Unconstrained build operations Thread 11" [_thread_blocked, id=12960, stack(0x0000007951600000,0x0000007951700000)]
  0x000001c2e97079c0 JavaThread "Unconstrained build operations Thread 12" [_thread_blocked, id=12964, stack(0x0000007951700000,0x0000007951800000)]
  0x000001c2e97083e0 JavaThread "Unconstrained build operations Thread 13" [_thread_blocked, id=12968, stack(0x0000007951800000,0x0000007951900000)]
  0x000001c2e6240510 JavaThread "C2 CompilerThread1" daemon [_thread_blocked, id=13024, stack(0x0000007951000000,0x0000007951100000)]

Other Threads:
  0x000001c2c4eb7e20 VMThread "VM Thread" [stack: 0x000000794d200000,0x000000794d300000] [id=11608]
  0x000001c2e418cd70 WatcherThread [stack: 0x000000794de00000,0x000000794df00000] [id=10052]
  0x000001c2a5f822d0 GCTaskThread "GC Thread#0" [stack: 0x000000794cd00000,0x000000794ce00000] [id=11024]
  0x000001c2e42fea70 GCTaskThread "GC Thread#1" [stack: 0x000000794e000000,0x000000794e100000] [id=4752]
  0x000001c2e42fed30 GCTaskThread "GC Thread#2" [stack: 0x000000794e100000,0x000000794e200000] [id=8208]
  0x000001c2e43be4d0 GCTaskThread "GC Thread#3" [stack: 0x000000794e200000,0x000000794e300000] [id=2480]
  0x000001c2a5f93220 ConcurrentGCThread "G1 Main Marker" [stack: 0x000000794ce00000,0x000000794cf00000] [id=10568]
  0x000001c2a5f943e0 ConcurrentGCThread "G1 Conc#0" [stack: 0x000000794cf00000,0x000000794d000000] [id=9696]
  0x000001c2a5fcd460 ConcurrentGCThread "G1 Refine#0" [stack: 0x000000794d000000,0x000000794d100000] [id=10788]
  0x000001c2a5fcde90 ConcurrentGCThread "G1 Service" [stack: 0x000000794d100000,0x000000794d200000] [id=2164]

Threads with active compile tasks:
C2 CompilerThread0    43081 8937       4       java.lang.reflect.Constructor::newInstanceWithCaller (75 bytes)

VM state: not at safepoint (normal execution)

VM Mutex/Monitor currently owned by a thread: None

Heap address: 0x0000000080000000, size: 2048 MB, Compressed Oops mode: 32-bit

CDS archive(s) mapped at: [0x000001c2c5000000-0x000001c2c5bc0000-0x000001c2c5bc0000), size 12320768, SharedBaseAddress: 0x000001c2c5000000, ArchiveRelocationMode: 1.
Compressed class space mapped at: 0x000001c2c6000000-0x000001c2e0000000, reserved size: 436207616
Narrow klass base: 0x000001c2c5000000, Narrow klass shift: 0, Narrow klass range: 0x100000000

GC Precious Log:
 CPUs: 4 total, 4 available
 Memory: 16309M
 Large Page Support: Disabled
 NUMA Support: Disabled
 Compressed Oops: Enabled (32-bit)
 Heap Region Size: 1M
 Heap Min Capacity: 8M
 Heap Initial Capacity: 256M
 Heap Max Capacity: 2G
 Pre-touch: Disabled
 Parallel Workers: 4
 Concurrent Workers: 1
 Concurrent Refinement Workers: 4
 Periodic GC: Disabled

Heap:
 garbage-first heap   total 140288K, used 114519K [0x0000000080000000, 0x0000000100000000)
  region size 1024K, 41 young (41984K), 1 survivors (1024K)
 Metaspace       used 73463K, committed 74176K, reserved 491520K
  class space    used 10220K, committed 10560K, reserved 425984K

Heap Regions: E=young(eden), S=young(survivor), O=old, HS=humongous(starts), HC=humongous(continues), CS=collection set, F=free, OA=open archive, CA=closed archive, TAMS=top-at-mark-start (previous, next)
|   0|0x0000000080000000, 0x0000000080100000, 0x0000000080100000|100%| O|  |TAMS 0x0000000080100000, 0x0000000080000000| Untracked 
|   1|0x0000000080100000, 0x0000000080200000, 0x0000000080200000|100%| O|  |TAMS 0x0000000080200000, 0x0000000080100000| Untracked 
|   2|0x0000000080200000, 0x0000000080300000, 0x0000000080300000|100%|HS|  |TAMS 0x0000000080300000, 0x0000000080200000| Complete 
|   3|0x0000000080300000, 0x0000000080400000, 0x0000000080400000|100%|HC|  |TAMS 0x0000000080400000, 0x0000000080300000| Complete 
|   4|0x0000000080400000, 0x0000000080500000, 0x0000000080500000|100%|HC|  |TAMS 0x0000000080500000, 0x0000000080400000| Complete 
|   5|0x0000000080500000, 0x0000000080600000, 0x0000000080600000|100%|HC|  |TAMS 0x0000000080600000, 0x0000000080500000| Complete 
|   6|0x0000000080600000, 0x0000000080700000, 0x0000000080700000|100%| O|  |TAMS 0x0000000080700000, 0x0000000080600000| Untracked 
|   7|0x0000000080700000, 0x0000000080800000, 0x0000000080800000|100%| O|  |TAMS 0x0000000080800000, 0x0000000080700000| Untracked 
|   8|0x0000000080800000, 0x0000000080900000, 0x0000000080900000|100%| O|  |TAMS 0x0000000080900000, 0x0000000080800000| Untracked 
|   9|0x0000000080900000, 0x0000000080a00000, 0x0000000080a00000|100%| O|  |TAMS 0x0000000080a00000, 0x0000000080900000| Untracked 
|  10|0x0000000080a00000, 0x0000000080b00000, 0x0000000080b00000|100%| O|  |TAMS 0x0000000080b00000, 0x0000000080a00000| Untracked 
|  11|0x0000000080b00000, 0x0000000080c00000, 0x0000000080c00000|100%| O|  |TAMS 0x0000000080c00000, 0x0000000080b00000| Untracked 
|  12|0x0000000080c00000, 0x0000000080d00000, 0x0000000080d00000|100%|HS|  |TAMS 0x0000000080c00000, 0x0000000080c00000| Complete 
|  13|0x0000000080d00000, 0x0000000080e00000, 0x0000000080e00000|100%| O|  |TAMS 0x0000000080e00000, 0x0000000080d00000| Untracked 
|  14|0x0000000080e00000, 0x0000000080f00000, 0x0000000080f00000|100%| O|  |TAMS 0x0000000080f00000, 0x0000000080e00000| Untracked 
|  15|0x0000000080f00000, 0x0000000081000000, 0x0000000081000000|100%| O|  |TAMS 0x0000000081000000, 0x0000000080f00000| Untracked 
|  16|0x0000000081000000, 0x0000000081100000, 0x0000000081100000|100%| O|  |TAMS 0x0000000081100000, 0x0000000081000000| Untracked 
|  17|0x0000000081100000, 0x0000000081200000, 0x0000000081200000|100%| O|  |TAMS 0x0000000081200000, 0x0000000081100000| Untracked 
|  18|0x0000000081200000, 0x0000000081300000, 0x0000000081300000|100%| O|  |TAMS 0x0000000081300000, 0x0000000081200000| Untracked 
|  19|0x0000000081300000, 0x0000000081400000, 0x0000000081400000|100%| O|  |TAMS 0x0000000081400000, 0x0000000081300000| Untracked 
|  20|0x0000000081400000, 0x0000000081500000, 0x0000000081500000|100%| O|  |TAMS 0x0000000081500000, 0x0000000081400000| Untracked 
|  21|0x0000000081500000, 0x0000000081600000, 0x0000000081600000|100%| O|  |TAMS 0x0000000081600000, 0x0000000081500000| Untracked 
|  22|0x0000000081600000, 0x0000000081700000, 0x0000000081700000|100%| O|  |TAMS 0x0000000081700000, 0x0000000081600000| Untracked 
|  23|0x0000000081700000, 0x0000000081800000, 0x0000000081800000|100%| O|  |TAMS 0x0000000081800000, 0x0000000081700000| Untracked 
|  24|0x0000000081800000, 0x0000000081900000, 0x0000000081900000|100%| O|  |TAMS 0x0000000081900000, 0x0000000081800000| Untracked 
|  25|0x0000000081900000, 0x0000000081a00000, 0x0000000081a00000|100%| O|  |TAMS 0x0000000081a00000, 0x0000000081900000| Untracked 
|  26|0x0000000081a00000, 0x0000000081b00000, 0x0000000081b00000|100%| O|  |TAMS 0x0000000081b00000, 0x0000000081a00000| Complete 
|  27|0x0000000081b00000, 0x0000000081c00000, 0x0000000081c00000|100%| O|  |TAMS 0x0000000081c00000, 0x0000000081b00000| Untracked 
|  28|0x0000000081c00000, 0x0000000081d00000, 0x0000000081d00000|100%| O|  |TAMS 0x0000000081d00000, 0x0000000081c00000| Untracked 
|  29|0x0000000081d00000, 0x0000000081e00000, 0x0000000081e00000|100%| O|  |TAMS 0x0000000081e00000, 0x0000000081d00000| Untracked 
|  30|0x0000000081e00000, 0x0000000081f00000, 0x0000000081f00000|100%| O|  |TAMS 0x0000000081f00000, 0x0000000081e00000| Untracked 
|  31|0x0000000081f00000, 0x0000000082000000, 0x0000000082000000|100%| O|  |TAMS 0x0000000082000000, 0x0000000081f00000| Untracked 
|  32|0x0000000082000000, 0x0000000082100000, 0x0000000082100000|100%| O|  |TAMS 0x0000000082100000, 0x0000000082000000| Untracked 
|  33|0x0000000082100000, 0x0000000082200000, 0x0000000082200000|100%| O|  |TAMS 0x0000000082200000, 0x0000000082100000| Untracked 
|  34|0x0000000082200000, 0x0000000082300000, 0x0000000082300000|100%| O|  |TAMS 0x0000000082300000, 0x0000000082200000| Untracked 
|  35|0x0000000082300000, 0x0000000082400000, 0x0000000082400000|100%| O|  |TAMS 0x0000000082400000, 0x0000000082300000| Untracked 
|  36|0x0000000082400000, 0x0000000082500000, 0x0000000082500000|100%| O|  |TAMS 0x0000000082500000, 0x0000000082400000| Untracked 
|  37|0x0000000082500000, 0x0000000082600000, 0x0000000082600000|100%| O|  |TAMS 0x0000000082600000, 0x0000000082500000| Untracked 
|  38|0x0000000082600000, 0x0000000082700000, 0x0000000082700000|100%| O|  |TAMS 0x0000000082700000, 0x0000000082600000| Untracked 
|  39|0x0000000082700000, 0x0000000082800000, 0x0000000082800000|100%| O|  |TAMS 0x0000000082800000, 0x0000000082700000| Untracked 
|  40|0x0000000082800000, 0x0000000082900000, 0x0000000082900000|100%|HS|  |TAMS 0x0000000082900000, 0x0000000082800000| Complete 
|  41|0x0000000082900000, 0x0000000082a00000, 0x0000000082a00000|100%|HC|  |TAMS 0x0000000082a00000, 0x0000000082900000| Complete 
|  42|0x0000000082a00000, 0x0000000082b00000, 0x0000000082b00000|100%|HS|  |TAMS 0x0000000082b00000, 0x0000000082a00000| Complete 
|  43|0x0000000082b00000, 0x0000000082c00000, 0x0000000082c00000|100%|HC|  |TAMS 0x0000000082c00000, 0x0000000082b00000| Complete 
|  44|0x0000000082c00000, 0x0000000082d00000, 0x0000000082d00000|100%| O|  |TAMS 0x0000000082d00000, 0x0000000082c00000| Untracked 
|  45|0x0000000082d00000, 0x0000000082e00000, 0x0000000082e00000|100%| O|  |TAMS 0x0000000082e00000, 0x0000000082d00000| Untracked 
|  46|0x0000000082e00000, 0x0000000082f00000, 0x0000000082f00000|100%|HS|  |TAMS 0x0000000082f00000, 0x0000000082e00000| Complete 
|  47|0x0000000082f00000, 0x0000000083000000, 0x0000000083000000|100%|HC|  |TAMS 0x0000000083000000, 0x0000000082f00000| Complete 
|  48|0x0000000083000000, 0x0000000083100000, 0x0000000083100000|100%|HC|  |TAMS 0x0000000083100000, 0x0000000083000000| Complete 
|  49|0x0000000083100000, 0x0000000083200000, 0x0000000083200000|100%|HC|  |TAMS 0x0000000083200000, 0x0000000083100000| Complete 
|  50|0x0000000083200000, 0x0000000083300000, 0x0000000083300000|100%| O|  |TAMS 0x0000000083300000, 0x0000000083200000| Untracked 
|  51|0x0000000083300000, 0x0000000083400000, 0x0000000083400000|100%| O|  |TAMS 0x0000000083400000, 0x0000000083300000| Untracked 
|  52|0x0000000083400000, 0x0000000083500000, 0x0000000083500000|100%| O|  |TAMS 0x0000000083500000, 0x0000000083400000| Untracked 
|  53|0x0000000083500000, 0x0000000083600000, 0x0000000083600000|100%| O|  |TAMS 0x0000000083600000, 0x0000000083500000| Untracked 
|  54|0x0000000083600000, 0x0000000083700000, 0x0000000083700000|100%|HS|  |TAMS 0x0000000083700000, 0x0000000083600000| Complete 
|  55|0x0000000083700000, 0x0000000083800000, 0x0000000083800000|100%|HC|  |TAMS 0x0000000083800000, 0x0000000083700000| Complete 
|  56|0x0000000083800000, 0x0000000083900000, 0x0000000083900000|100%|HC|  |TAMS 0x0000000083900000, 0x0000000083800000| Complete 
|  57|0x0000000083900000, 0x0000000083a00000, 0x0000000083a00000|100%|HC|  |TAMS 0x0000000083a00000, 0x0000000083900000| Complete 
|  58|0x0000000083a00000, 0x0000000083b00000, 0x0000000083b00000|100%| O|  |TAMS 0x0000000083b00000, 0x0000000083a00000| Untracked 
|  59|0x0000000083b00000, 0x0000000083c00000, 0x0000000083c00000|100%| O|  |TAMS 0x0000000083c00000, 0x0000000083b00000| Untracked 
|  60|0x0000000083c00000, 0x0000000083d00000, 0x0000000083d00000|100%| O|  |TAMS 0x0000000083d00000, 0x0000000083c00000| Untracked 
|  61|0x0000000083d00000, 0x0000000083e00000, 0x0000000083e00000|100%| O|  |TAMS 0x0000000083e00000, 0x0000000083d00000| Untracked 
|  62|0x0000000083e00000, 0x0000000083f00000, 0x0000000083f00000|100%| O|  |TAMS 0x0000000083f00000, 0x0000000083e00000| Untracked 
|  63|0x0000000083f00000, 0x0000000084000000, 0x0000000084000000|100%| O|  |TAMS 0x0000000084000000, 0x0000000083f00000| Untracked 
|  64|0x0000000084000000, 0x0000000084100000, 0x0000000084100000|100%| O|  |TAMS 0x0000000084100000, 0x0000000084000000| Untracked 
|  65|0x0000000084100000, 0x0000000084200000, 0x0000000084200000|100%| O|  |TAMS 0x0000000084200000, 0x0000000084100000| Untracked 
|  66|0x0000000084200000, 0x0000000084300000, 0x0000000084300000|100%| O|  |TAMS 0x0000000084300000, 0x0000000084200000| Untracked 
|  67|0x0000000084300000, 0x0000000084400000, 0x0000000084400000|100%| O|  |TAMS 0x0000000084400000, 0x0000000084300000| Untracked 
|  68|0x0000000084400000, 0x0000000084500000, 0x0000000084500000|100%| O|  |TAMS 0x0000000084500000, 0x0000000084400000| Untracked 
|  69|0x0000000084500000, 0x0000000084600000, 0x0000000084600000|100%|HS|  |TAMS 0x0000000084500000, 0x0000000084500000| Complete 
|  70|0x0000000084600000, 0x0000000084700000, 0x0000000084700000|100%|HS|  |TAMS 0x0000000084600000, 0x0000000084600000| Complete 
|  71|0x0000000084700000, 0x0000000084800000, 0x0000000084800000|100%|HS|  |TAMS 0x0000000084700000, 0x0000000084700000| Complete 
|  72|0x0000000084800000, 0x0000000084900000, 0x0000000084900000|100%|HS|  |TAMS 0x0000000084800000, 0x0000000084800000| Complete 
|  73|0x0000000084900000, 0x0000000084900000, 0x0000000084a00000|  0%| F|  |TAMS 0x0000000084900000, 0x0000000084900000| Untracked 
|  74|0x0000000084a00000, 0x0000000084a00000, 0x0000000084b00000|  0%| F|  |TAMS 0x0000000084a00000, 0x0000000084a00000| Untracked 
|  75|0x0000000084b00000, 0x0000000084b00000, 0x0000000084c00000|  0%| F|  |TAMS 0x0000000084b00000, 0x0000000084b00000| Untracked 
|  76|0x0000000084c00000, 0x0000000084c00000, 0x0000000084d00000|  0%| F|  |TAMS 0x0000000084c00000, 0x0000000084c00000| Untracked 
|  77|0x0000000084d00000, 0x0000000084d00000, 0x0000000084e00000|  0%| F|  |TAMS 0x0000000084d00000, 0x0000000084d00000| Untracked 
|  78|0x0000000084e00000, 0x0000000084e00000, 0x0000000084f00000|  0%| F|  |TAMS 0x0000000084e00000, 0x0000000084e00000| Untracked 
|  79|0x0000000084f00000, 0x0000000084f00000, 0x0000000085000000|  0%| F|  |TAMS 0x0000000084f00000, 0x0000000084f00000| Untracked 
|  80|0x0000000085000000, 0x0000000085000000, 0x0000000085100000|  0%| F|  |TAMS 0x0000000085000000, 0x0000000085000000| Untracked 
|  81|0x0000000085100000, 0x0000000085100000, 0x0000000085200000|  0%| F|  |TAMS 0x0000000085100000, 0x0000000085100000| Untracked 
|  82|0x0000000085200000, 0x0000000085200000, 0x0000000085300000|  0%| F|  |TAMS 0x0000000085200000, 0x0000000085200000| Untracked 
|  83|0x0000000085300000, 0x0000000085300000, 0x0000000085400000|  0%| F|  |TAMS 0x0000000085300000, 0x0000000085300000| Untracked 
|  84|0x0000000085400000, 0x0000000085400000, 0x0000000085500000|  0%| F|  |TAMS 0x0000000085400000, 0x0000000085400000| Untracked 
|  85|0x0000000085500000, 0x0000000085500000, 0x0000000085600000|  0%| F|  |TAMS 0x0000000085500000, 0x0000000085500000| Untracked 
|  86|0x0000000085600000, 0x0000000085600000, 0x0000000085700000|  0%| F|  |TAMS 0x0000000085600000, 0x0000000085600000| Untracked 
|  87|0x0000000085700000, 0x0000000085700000, 0x0000000085800000|  0%| F|  |TAMS 0x0000000085700000, 0x0000000085700000| Untracked 
|  88|0x0000000085800000, 0x0000000085800000, 0x0000000085900000|  0%| F|  |TAMS 0x0000000085800000, 0x0000000085800000| Untracked 
|  89|0x0000000085900000, 0x0000000085900000, 0x0000000085a00000|  0%| F|  |TAMS 0x0000000085900000, 0x0000000085900000| Untracked 
|  90|0x0000000085a00000, 0x0000000085a00000, 0x0000000085b00000|  0%| F|  |TAMS 0x0000000085a00000, 0x0000000085a00000| Untracked 
|  91|0x0000000085b00000, 0x0000000085b00000, 0x0000000085c00000|  0%| F|  |TAMS 0x0000000085b00000, 0x0000000085b00000| Untracked 
|  92|0x0000000085c00000, 0x0000000085c00000, 0x0000000085d00000|  0%| F|  |TAMS 0x0000000085c00000, 0x0000000085c00000| Untracked 
|  93|0x0000000085d00000, 0x0000000085d00000, 0x0000000085e00000|  0%| F|  |TAMS 0x0000000085d00000, 0x0000000085d00000| Untracked 
|  94|0x0000000085e00000, 0x0000000085e00000, 0x0000000085f00000|  0%| F|  |TAMS 0x0000000085e00000, 0x0000000085e00000| Untracked 
|  95|0x0000000085f00000, 0x0000000085f00000, 0x0000000086000000|  0%| F|  |TAMS 0x0000000085f00000, 0x0000000085f00000| Untracked 
|  96|0x0000000086000000, 0x0000000086100000, 0x0000000086100000|100%| E|  |TAMS 0x0000000086000000, 0x0000000086000000| Complete 
|  97|0x0000000086100000, 0x0000000086200000, 0x0000000086200000|100%| E|CS|TAMS 0x0000000086100000, 0x0000000086100000| Complete 
|  98|0x0000000086200000, 0x0000000086300000, 0x0000000086300000|100%| E|CS|TAMS 0x0000000086200000, 0x0000000086200000| Complete 
|  99|0x0000000086300000, 0x0000000086400000, 0x0000000086400000|100%| E|CS|TAMS 0x0000000086300000, 0x0000000086300000| Complete 
| 100|0x0000000086400000, 0x00000000864d5d00, 0x0000000086500000| 83%| S|CS|TAMS 0x0000000086400000, 0x0000000086400000| Complete 
| 101|0x0000000086500000, 0x0000000086600000, 0x0000000086600000|100%| E|CS|TAMS 0x0000000086500000, 0x0000000086500000| Complete 
| 102|0x0000000086600000, 0x0000000086700000, 0x0000000086700000|100%| E|CS|TAMS 0x0000000086600000, 0x0000000086600000| Complete 
| 103|0x0000000086700000, 0x0000000086800000, 0x0000000086800000|100%| E|CS|TAMS 0x0000000086700000, 0x0000000086700000| Complete 
| 104|0x0000000086800000, 0x0000000086900000, 0x0000000086900000|100%| E|CS|TAMS 0x0000000086800000, 0x0000000086800000| Complete 
| 105|0x0000000086900000, 0x0000000086a00000, 0x0000000086a00000|100%| E|CS|TAMS 0x0000000086900000, 0x0000000086900000| Complete 
| 106|0x0000000086a00000, 0x0000000086b00000, 0x0000000086b00000|100%| E|CS|TAMS 0x0000000086a00000, 0x0000000086a00000| Complete 
| 107|0x0000000086b00000, 0x0000000086c00000, 0x0000000086c00000|100%| E|CS|TAMS 0x0000000086b00000, 0x0000000086b00000| Complete 
| 108|0x0000000086c00000, 0x0000000086d00000, 0x0000000086d00000|100%| E|CS|TAMS 0x0000000086c00000, 0x0000000086c00000| Complete 
| 109|0x0000000086d00000, 0x0000000086e00000, 0x0000000086e00000|100%| E|CS|TAMS 0x0000000086d00000, 0x0000000086d00000| Complete 
| 110|0x0000000086e00000, 0x0000000086f00000, 0x0000000086f00000|100%| E|CS|TAMS 0x0000000086e00000, 0x0000000086e00000| Complete 
| 111|0x0000000086f00000, 0x0000000087000000, 0x0000000087000000|100%| E|CS|TAMS 0x0000000086f00000, 0x0000000086f00000| Complete 
| 112|0x0000000087000000, 0x0000000087100000, 0x0000000087100000|100%| E|CS|TAMS 0x0000000087000000, 0x0000000087000000| Complete 
| 113|0x0000000087100000, 0x0000000087200000, 0x0000000087200000|100%| E|CS|TAMS 0x0000000087100000, 0x0000000087100000| Complete 
| 114|0x0000000087200000, 0x0000000087300000, 0x0000000087300000|100%| E|CS|TAMS 0x0000000087200000, 0x0000000087200000| Complete 
| 115|0x0000000087300000, 0x0000000087400000, 0x0000000087400000|100%| E|CS|TAMS 0x0000000087300000, 0x0000000087300000| Complete 
| 116|0x0000000087400000, 0x0000000087500000, 0x0000000087500000|100%| E|CS|TAMS 0x0000000087400000, 0x0000000087400000| Complete 
| 117|0x0000000087500000, 0x0000000087600000, 0x0000000087600000|100%| E|  |TAMS 0x0000000087500000, 0x0000000087500000| Complete 
| 118|0x0000000087600000, 0x0000000087700000, 0x0000000087700000|100%| E|CS|TAMS 0x0000000087600000, 0x0000000087600000| Complete 
| 119|0x0000000087700000, 0x0000000087800000, 0x0000000087800000|100%| E|CS|TAMS 0x0000000087700000, 0x0000000087700000| Complete 
| 120|0x0000000087800000, 0x0000000087900000, 0x0000000087900000|100%| E|CS|TAMS 0x0000000087800000, 0x0000000087800000| Complete 
| 121|0x0000000087900000, 0x0000000087a00000, 0x0000000087a00000|100%| E|CS|TAMS 0x0000000087900000, 0x0000000087900000| Complete 
| 122|0x0000000087a00000, 0x0000000087b00000, 0x0000000087b00000|100%| E|CS|TAMS 0x0000000087a00000, 0x0000000087a00000| Complete 
| 123|0x0000000087b00000, 0x0000000087c00000, 0x0000000087c00000|100%| E|CS|TAMS 0x0000000087b00000, 0x0000000087b00000| Complete 
| 128|0x0000000088000000, 0x0000000088100000, 0x0000000088100000|100%| E|CS|TAMS 0x0000000088000000, 0x0000000088000000| Complete 
| 129|0x0000000088100000, 0x0000000088200000, 0x0000000088200000|100%| E|CS|TAMS 0x0000000088100000, 0x0000000088100000| Complete 
| 130|0x0000000088200000, 0x0000000088300000, 0x0000000088300000|100%| E|CS|TAMS 0x0000000088200000, 0x0000000088200000| Complete 
| 131|0x0000000088300000, 0x0000000088400000, 0x0000000088400000|100%| E|CS|TAMS 0x0000000088300000, 0x0000000088300000| Complete 
| 132|0x0000000088400000, 0x0000000088500000, 0x0000000088500000|100%| E|CS|TAMS 0x0000000088400000, 0x0000000088400000| Complete 
| 133|0x0000000088500000, 0x0000000088600000, 0x0000000088600000|100%| E|CS|TAMS 0x0000000088500000, 0x0000000088500000| Complete 
| 134|0x0000000088600000, 0x0000000088700000, 0x0000000088700000|100%| E|CS|TAMS 0x0000000088600000, 0x0000000088600000| Complete 
| 135|0x0000000088700000, 0x0000000088800000, 0x0000000088800000|100%| E|CS|TAMS 0x0000000088700000, 0x0000000088700000| Complete 
| 136|0x0000000088800000, 0x0000000088900000, 0x0000000088900000|100%| E|CS|TAMS 0x0000000088800000, 0x0000000088800000| Complete 
| 137|0x0000000088900000, 0x0000000088a00000, 0x0000000088a00000|100%| E|CS|TAMS 0x0000000088900000, 0x0000000088900000| Complete 
| 138|0x0000000088a00000, 0x0000000088b00000, 0x0000000088b00000|100%| E|CS|TAMS 0x0000000088a00000, 0x0000000088a00000| Complete 
| 139|0x0000000088b00000, 0x0000000088c00000, 0x0000000088c00000|100%| E|CS|TAMS 0x0000000088b00000, 0x0000000088b00000| Complete 
| 255|0x000000008ff00000, 0x0000000090000000, 0x0000000090000000|100%| E|CS|TAMS 0x000000008ff00000, 0x000000008ff00000| Complete 

Card table byte_map: [0x000001c2be1b0000,0x000001c2be5b0000] _byte_map_base: 0x000001c2bddb0000

Marking Bits (Prev, Next): (CMBitMap*) 0x000001c2a5f828f0, (CMBitMap*) 0x000001c2a5f82930
 Prev Bits: [0x000001c2be9b0000, 0x000001c2c09b0000)
 Next Bits: [0x000001c2c09b0000, 0x000001c2c29b0000)

Polling page: 0x000001c2a3c00000

Metaspace:

Usage:
  Non-class:     61.82 MB used.
      Class:      9.99 MB used.
       Both:     71.81 MB used.

Virtual space:
  Non-class space:       64.00 MB reserved,      62.12 MB ( 97%) committed,  1 nodes.
      Class space:      416.00 MB reserved,      10.38 MB (  2%) committed,  1 nodes.
             Both:      480.00 MB reserved,      72.50 MB ( 15%) committed. 

Chunk freelists:
   Non-Class:  1.31 MB
       Class:  5.55 MB
        Both:  6.86 MB

MaxMetaspaceSize: 512.00 MB
CompressedClassSpaceSize: 416.00 MB
Initial GC threshold: 21.00 MB
Current GC threshold: 116.88 MB
CDS: on
MetaspaceReclaimPolicy: balanced
 - commit_granule_bytes: 65536.
 - commit_granule_words: 8192.
 - virtual_space_node_default_size: 8388608.
 - enlarge_chunks_in_place: 1.
 - new_chunks_are_fully_committed: 0.
 - uncommit_free_chunks: 1.
 - use_allocation_guard: 0.
 - handle_deallocations: 1.


Internal statistics:

num_allocs_failed_limit: 9.
num_arena_births: 838.
num_arena_deaths: 0.
num_vsnodes_births: 2.
num_vsnodes_deaths: 0.
num_space_committed: 1160.
num_space_uncommitted: 0.
num_chunks_returned_to_freelist: 9.
num_chunks_taken_from_freelist: 3673.
num_chunk_merges: 9.
num_chunk_splits: 2443.
num_chunks_enlarged: 1632.
num_inconsistent_stats: 0.

CodeHeap 'non-profiled nmethods': size=120000Kb used=5158Kb max_used=5158Kb free=114841Kb
 bounds [0x000001c2b6880000, 0x000001c2b6d90000, 0x000001c2bddb0000]
CodeHeap 'profiled nmethods': size=120000Kb used=16075Kb max_used=16075Kb free=103924Kb
 bounds [0x000001c2aedb0000, 0x000001c2afd70000, 0x000001c2b62e0000]
CodeHeap 'non-nmethods': size=5760Kb used=2406Kb max_used=2458Kb free=3353Kb
 bounds [0x000001c2b62e0000, 0x000001c2b6550000, 0x000001c2b6880000]
 total_blobs=9179 nmethods=8243 adapters=848
 compilation: enabled
              stopped_count=0, restarted_count=0
 full_count=0

Compilation events (20 events):
Event: 42.822 Thread 0x000001c2c4edea30 8948       1       com.google.common.collect.ImmutableMapEntry::isReusable (2 bytes)
Event: 42.822 Thread 0x000001c2c4edea30 nmethod 8948 0x000001c2b6d7fa10 code [0x000001c2b6d7fba0, 0x000001c2b6d7fc78]
Event: 42.825 Thread 0x000001c2c4edea30 8949       3       com.google.common.reflect.Types$JavaVersion$4::usedInGenericType (8 bytes)
Event: 42.826 Thread 0x000001c2c4edea30 nmethod 8949 0x000001c2afd53a90 code [0x000001c2afd53c60, 0x000001c2afd540a8]
Event: 42.826 Thread 0x000001c2c4edea30 8950       3       java.lang.invoke.Invokers::maybeCustomize (5 bytes)
Event: 42.826 Thread 0x000001c2c4edea30 nmethod 8950 0x000001c2afd54210 code [0x000001c2afd543a0, 0x000001c2afd54548]
Event: 42.828 Thread 0x000001c2c4edea30 8951       3       org.gradle.api.internal.provider.Providers$FixedValueProvider::<init> (10 bytes)
Event: 42.828 Thread 0x000001c2c4edea30 nmethod 8951 0x000001c2afd54610 code [0x000001c2afd547c0, 0x000001c2afd54a38]
Event: 42.833 Thread 0x000001c2c4edea30 8952       3       org.gradle.api.internal.provider.Providers$FixedValueProvider::getType (14 bytes)
Event: 42.833 Thread 0x000001c2c4edea30 nmethod 8952 0x000001c2afd54b90 code [0x000001c2afd54d40, 0x000001c2afd54fd8]
Event: 42.848 Thread 0x000001c2c4edea30 8955       3       java.util.concurrent.ConcurrentHashMap::values (25 bytes)
Event: 42.848 Thread 0x000001c2c4edea30 nmethod 8955 0x000001c2afd55110 code [0x000001c2afd552c0, 0x000001c2afd55658]
Event: 42.857 Thread 0x000001c2c4edea30 8956       3       java.lang.invoke.DirectMethodHandle$Holder::invokeStatic (20 bytes)
Event: 42.858 Thread 0x000001c2c4edea30 nmethod 8956 0x000001c2afd55790 code [0x000001c2afd55960, 0x000001c2afd55ed8]
Event: 42.858 Thread 0x000001c2c4edea30 8957       3       java.lang.invoke.BoundMethodHandle$Species_LL::make (12 bytes)
Event: 42.858 Thread 0x000001c2c4edea30 nmethod 8957 0x000001c2afd56010 code [0x000001c2afd561c0, 0x000001c2afd56488]
Event: 42.858 Thread 0x000001c2c4edea30 8958       3       java.lang.invoke.ClassSpecializer$SpeciesData::factory (14 bytes)
Event: 42.858 Thread 0x000001c2c4edea30 nmethod 8958 0x000001c2afd56590 code [0x000001c2afd56740, 0x000001c2afd56a08]
Event: 42.859 Thread 0x000001c2c4edea30 8960       3       java.lang.invoke.ClassSpecializer$SpeciesData::transformHelper (56 bytes)
Event: 42.859 Thread 0x000001c2c4edea30 nmethod 8960 0x000001c2afd56b10 code [0x000001c2afd56da0, 0x000001c2afd57de8]

GC Heap History (20 events):
Event: 35.074 GC heap before
{Heap before GC invocations=23 (full 0):
 garbage-first heap   total 96256K, used 66549K [0x0000000080000000, 0x0000000100000000)
  region size 1024K, 14 young (14336K), 1 survivors (1024K)
 Metaspace       used 58393K, committed 59008K, reserved 491520K
  class space    used 8137K, committed 8384K, reserved 425984K
}
Event: 35.080 GC heap after
{Heap after GC invocations=24 (full 0):
 garbage-first heap   total 96256K, used 54899K [0x0000000080000000, 0x0000000100000000)
  region size 1024K, 2 young (2048K), 2 survivors (2048K)
 Metaspace       used 58393K, committed 59008K, reserved 491520K
  class space    used 8137K, committed 8384K, reserved 425984K
}
Event: 35.655 GC heap before
{Heap before GC invocations=25 (full 0):
 garbage-first heap   total 106496K, used 78451K [0x0000000080000000, 0x0000000100000000)
  region size 1024K, 22 young (22528K), 2 survivors (2048K)
 Metaspace       used 59741K, committed 60352K, reserved 491520K
  class space    used 8290K, committed 8576K, reserved 425984K
}
Event: 35.658 GC heap after
{Heap after GC invocations=26 (full 0):
 garbage-first heap   total 106496K, used 59878K [0x0000000080000000, 0x0000000100000000)
  region size 1024K, 3 young (3072K), 3 survivors (3072K)
 Metaspace       used 59741K, committed 60352K, reserved 491520K
  class space    used 8290K, committed 8576K, reserved 425984K
}
Event: 36.126 GC heap before
{Heap before GC invocations=26 (full 0):
 garbage-first heap   total 106496K, used 83430K [0x0000000080000000, 0x0000000100000000)
  region size 1024K, 26 young (26624K), 3 survivors (3072K)
 Metaspace       used 61758K, committed 62400K, reserved 491520K
  class space    used 8599K, committed 8896K, reserved 425984K
}
Event: 36.135 GC heap after
{Heap after GC invocations=27 (full 0):
 garbage-first heap   total 106496K, used 60943K [0x0000000080000000, 0x0000000100000000)
  region size 1024K, 3 young (3072K), 3 survivors (3072K)
 Metaspace       used 61758K, committed 62400K, reserved 491520K
  class space    used 8599K, committed 8896K, reserved 425984K
}
Event: 36.530 GC heap before
{Heap before GC invocations=28 (full 0):
 garbage-first heap   total 106496K, used 84495K [0x0000000080000000, 0x0000000100000000)
  region size 1024K, 27 young (27648K), 3 survivors (3072K)
 Metaspace       used 64702K, committed 65344K, reserved 491520K
  class space    used 8979K, committed 9280K, reserved 425984K
}
Event: 36.536 GC heap after
{Heap after GC invocations=29 (full 0):
 garbage-first heap   total 106496K, used 61985K [0x0000000080000000, 0x0000000100000000)
  region size 1024K, 4 young (4096K), 4 survivors (4096K)
 Metaspace       used 64702K, committed 65344K, reserved 491520K
  class space    used 8979K, committed 9280K, reserved 425984K
}
Event: 37.086 GC heap before
{Heap before GC invocations=29 (full 0):
 garbage-first heap   total 106496K, used 84513K [0x0000000080000000, 0x0000000100000000)
  region size 1024K, 27 young (27648K), 4 survivors (4096K)
 Metaspace       used 66320K, committed 67008K, reserved 491520K
  class space    used 9216K, committed 9536K, reserved 425984K
}
Event: 37.092 GC heap after
{Heap after GC invocations=30 (full 0):
 garbage-first heap   total 106496K, used 63447K [0x0000000080000000, 0x0000000100000000)
  region size 1024K, 4 young (4096K), 4 survivors (4096K)
 Metaspace       used 66320K, committed 67008K, reserved 491520K
  class space    used 9216K, committed 9536K, reserved 425984K
}
Event: 37.607 GC heap before
{Heap before GC invocations=31 (full 0):
 garbage-first heap   total 111616K, used 86999K [0x0000000080000000, 0x0000000100000000)
  region size 1024K, 27 young (27648K), 4 survivors (4096K)
 Metaspace       used 67367K, committed 68032K, reserved 491520K
  class space    used 9376K, committed 9664K, reserved 425984K
}
Event: 37.620 GC heap after
{Heap after GC invocations=32 (full 0):
 garbage-first heap   total 111616K, used 65060K [0x0000000080000000, 0x0000000100000000)
  region size 1024K, 3 young (3072K), 3 survivors (3072K)
 Metaspace       used 67367K, committed 68032K, reserved 491520K
  class space    used 9376K, committed 9664K, reserved 425984K
}
Event: 39.396 GC heap before
{Heap before GC invocations=32 (full 0):
 garbage-first heap   total 111616K, used 90660K [0x0000000080000000, 0x0000000100000000)
  region size 1024K, 29 young (29696K), 3 survivors (3072K)
 Metaspace       used 69139K, committed 69824K, reserved 491520K
  class space    used 9621K, committed 9920K, reserved 425984K
}
Event: 39.405 GC heap after
{Heap after GC invocations=33 (full 0):
 garbage-first heap   total 111616K, used 67426K [0x0000000080000000, 0x0000000100000000)
  region size 1024K, 4 young (4096K), 4 survivors (4096K)
 Metaspace       used 69139K, committed 69824K, reserved 491520K
  class space    used 9621K, committed 9920K, reserved 425984K
}
Event: 40.233 GC heap before
{Heap before GC invocations=34 (full 0):
 garbage-first heap   total 116736K, used 89954K [0x0000000080000000, 0x0000000100000000)
  region size 1024K, 27 young (27648K), 4 survivors (4096K)
 Metaspace       used 70784K, committed 71424K, reserved 491520K
  class space    used 9910K, committed 10240K, reserved 425984K
}
Event: 40.242 GC heap after
{Heap after GC invocations=35 (full 0):
 garbage-first heap   total 116736K, used 69803K [0x0000000080000000, 0x0000000100000000)
  region size 1024K, 3 young (3072K), 3 survivors (3072K)
 Metaspace       used 70784K, committed 71424K, reserved 491520K
  class space    used 9910K, committed 10240K, reserved 425984K
}
Event: 40.365 GC heap before
{Heap before GC invocations=35 (full 0):
 garbage-first heap   total 116736K, used 71851K [0x0000000080000000, 0x0000000100000000)
  region size 1024K, 5 young (5120K), 3 survivors (3072K)
 Metaspace       used 70939K, committed 71744K, reserved 491520K
  class space    used 9929K, committed 10304K, reserved 425984K
}
Event: 40.369 GC heap after
{Heap after GC invocations=36 (full 0):
 garbage-first heap   total 116736K, used 70014K [0x0000000080000000, 0x0000000100000000)
  region size 1024K, 1 young (1024K), 1 survivors (1024K)
 Metaspace       used 70939K, committed 71744K, reserved 491520K
  class space    used 9929K, committed 10304K, reserved 425984K
}
Event: 41.175 GC heap before
{Heap before GC invocations=36 (full 0):
 garbage-first heap   total 116736K, used 80254K [0x0000000080000000, 0x0000000100000000)
  region size 1024K, 13 young (13312K), 1 survivors (1024K)
 Metaspace       used 71083K, committed 71808K, reserved 491520K
  class space    used 9936K, committed 10304K, reserved 425984K
}
Event: 41.178 GC heap after
{Heap after GC invocations=37 (full 0):
 garbage-first heap   total 140288K, used 70487K [0x0000000080000000, 0x0000000100000000)
  region size 1024K, 1 young (1024K), 1 survivors (1024K)
 Metaspace       used 71083K, committed 71808K, reserved 491520K
  class space    used 9936K, committed 10304K, reserved 425984K
}

Dll operation events (15 events):
Event: 0.042 Loaded shared library C:\Program Files\OpenLogic\jdk-17.0.10.7-hotspot\bin\java.dll
Event: 0.066 Loaded shared library C:\Program Files\OpenLogic\jdk-17.0.10.7-hotspot\bin\jsvml.dll
Event: 0.132 Loaded shared library C:\Program Files\OpenLogic\jdk-17.0.10.7-hotspot\bin\zip.dll
Event: 0.138 Loaded shared library C:\Program Files\OpenLogic\jdk-17.0.10.7-hotspot\bin\instrument.dll
Event: 0.145 Loaded shared library C:\Program Files\OpenLogic\jdk-17.0.10.7-hotspot\bin\net.dll
Event: 0.149 Loaded shared library C:\Program Files\OpenLogic\jdk-17.0.10.7-hotspot\bin\nio.dll
Event: 0.156 Loaded shared library C:\Program Files\OpenLogic\jdk-17.0.10.7-hotspot\bin\zip.dll
Event: 0.496 Loaded shared library C:\Program Files\OpenLogic\jdk-17.0.10.7-hotspot\bin\jimage.dll
Event: 0.648 Loaded shared library C:\Program Files\OpenLogic\jdk-17.0.10.7-hotspot\bin\verify.dll
Event: 1.062 Loaded shared library C:\Users\MAHE\.gradle\native\68d5fa5c4cc2d200863cafc0d521ce42e7d3e7ee720ec0a83991735586a16f82\windows-amd64\native-platform.dll
Event: 1.112 Loaded shared library C:\Users\MAHE\.gradle\native\e376f236ea51e6404a007f0833ffe2c6e607c4080706a723a18a27aeea778392\windows-amd64\native-platform-file-events.dll
Event: 3.418 Loaded shared library C:\Program Files\OpenLogic\jdk-17.0.10.7-hotspot\bin\management.dll
Event: 3.425 Loaded shared library C:\Program Files\OpenLogic\jdk-17.0.10.7-hotspot\bin\management_ext.dll
Event: 3.727 Loaded shared library C:\Program Files\OpenLogic\jdk-17.0.10.7-hotspot\bin\extnet.dll
Event: 3.991 Loaded shared library C:\Program Files\OpenLogic\jdk-17.0.10.7-hotspot\bin\sunmscapi.dll

Deoptimization events (20 events):
Event: 40.767 Thread 0x000001c2e5b5d750 DEOPT PACKING pc=0x000001c2aee9d089 sp=0x000000794e8f8d20
Event: 40.767 Thread 0x000001c2e5b5d750 DEOPT UNPACKING pc=0x000001c2b6337143 sp=0x000000794e8f8218 mode 0
Event: 41.194 Thread 0x000001c2e5b5d750 Uncommon trap: trap_request=0xffffff45 fr.pc=0x000001c2b6a2e414 relative=0x0000000000001834
Event: 41.194 Thread 0x000001c2e5b5d750 Uncommon trap: reason=unstable_if action=reinterpret pc=0x000001c2b6a2e414 method=java.util.zip.ZipFile.getInputStream(Ljava/util/zip/ZipEntry;)Ljava/io/InputStream; @ 101 c2
Event: 41.194 Thread 0x000001c2e5b5d750 DEOPT PACKING pc=0x000001c2b6a2e414 sp=0x000000794e8f3870
Event: 41.194 Thread 0x000001c2e5b5d750 DEOPT UNPACKING pc=0x000001c2b63369a3 sp=0x000000794e8f3828 mode 2
Event: 42.457 Thread 0x000001c2e5b5d750 Uncommon trap: trap_request=0xffffffde fr.pc=0x000001c2b6aef780 relative=0x0000000000002760
Event: 42.457 Thread 0x000001c2e5b5d750 Uncommon trap: reason=class_check action=maybe_recompile pc=0x000001c2b6aef780 method=java.util.jar.JarFile.getManifestFromReference()Ljava/util/jar/Manifest; @ 152 c2
Event: 42.457 Thread 0x000001c2e5b5d750 DEOPT PACKING pc=0x000001c2b6aef780 sp=0x000000794e8f30a0
Event: 42.457 Thread 0x000001c2e5b5d750 DEOPT UNPACKING pc=0x000001c2b63369a3 sp=0x000000794e8f3010 mode 2
Event: 42.527 Thread 0x000001c2e5b5d750 DEOPT PACKING pc=0x000001c2af445f66 sp=0x000000794e8f45d0
Event: 42.527 Thread 0x000001c2e5b5d750 DEOPT UNPACKING pc=0x000001c2b6337143 sp=0x000000794e8f3a98 mode 0
Event: 42.594 Thread 0x000001c2e5b5d750 Uncommon trap: trap_request=0xffffffde fr.pc=0x000001c2b6aef780 relative=0x0000000000002760
Event: 42.594 Thread 0x000001c2e5b5d750 Uncommon trap: reason=class_check action=maybe_recompile pc=0x000001c2b6aef780 method=java.util.jar.JarFile.getManifestFromReference()Ljava/util/jar/Manifest; @ 152 c2
Event: 42.594 Thread 0x000001c2e5b5d750 DEOPT PACKING pc=0x000001c2b6aef780 sp=0x000000794e8f3060
Event: 42.594 Thread 0x000001c2e5b5d750 DEOPT UNPACKING pc=0x000001c2b63369a3 sp=0x000000794e8f2fd0 mode 2
Event: 42.743 Thread 0x000001c2e5b5d750 Uncommon trap: trap_request=0xffffffde fr.pc=0x000001c2b6aef780 relative=0x0000000000002760
Event: 42.743 Thread 0x000001c2e5b5d750 Uncommon trap: reason=class_check action=maybe_recompile pc=0x000001c2b6aef780 method=java.util.jar.JarFile.getManifestFromReference()Ljava/util/jar/Manifest; @ 152 c2
Event: 42.743 Thread 0x000001c2e5b5d750 DEOPT PACKING pc=0x000001c2b6aef780 sp=0x000000794e8f2190
Event: 42.743 Thread 0x000001c2e5b5d750 DEOPT UNPACKING pc=0x000001c2b63369a3 sp=0x000000794e8f2100 mode 2

Classes unloaded (0 events):
No events

Classes redefined (0 events):
No events

Internal exceptions (20 events):
Event: 37.308 Thread 0x000001c2e5b5d750 Exception <a 'java/lang/ClassNotFoundException'{0x00000000885afe68}: org/gradle/api/internal/artifacts/dsl/dependencies/DefaultDependencyHandlerBeanInfo> (0x00000000885afe68) 
thrown [s\src\hotspot\share\classfile\systemDictionary.cpp, line 256]
Event: 37.309 Thread 0x000001c2e5b5d750 Exception <a 'java/lang/ClassNotFoundException'{0x00000000885c5fe0}: org/gradle/api/internal/artifacts/dsl/dependencies/DefaultDependencyHandlerCustomizer> (0x00000000885c5fe0) 
thrown [s\src\hotspot\share\classfile\systemDictionary.cpp, line 256]
Event: 37.312 Thread 0x000001c2e5b5d750 Exception <a 'java/lang/ClassNotFoundException'{0x00000000884035c8}: org/gradle/api/internal/artifacts/dsl/dependencies/DefaultDependencyHandler_DecoratedCustomizer> (0x00000000884035c8) 
thrown [s\src\hotspot\share\classfile\systemDictionary.cpp, line 256]
Event: 39.624 Thread 0x000001c2e5b5d750 Exception <a 'java/lang/NoSuchMethodError'{0x000000008896bf58}: 'java.lang.Object java.lang.invoke.DirectMethodHandle$Holder.newInvokeSpecial(java.lang.Object, java.lang.Object, java.lang.Object, java.lang.Object, java.lang.Object, java.lang.Object, int)'> (0x000000008896bf58) 
thrown [s\src\hotspot\share\interpreter\linkResolver.cpp, line 759]
Event: 39.625 Thread 0x000001c2e5b5d750 Exception <a 'java/lang/NoSuchMethodError'{0x0000000088971f40}: 'java.lang.Object java.lang.invoke.DirectMethodHandle$Holder.invokeSpecial(java.lang.Object, java.lang.Object, java.lang.Object, java.lang.Object, java.lang.Object, java.lang.Object, java.lang.Object, int)'> (0x0000000088971f40) 
thrown [s\src\hotspot\share\interpreter\linkResolver.cpp, line 759]
Event: 39.625 Thread 0x000001c2e5b5d750 Exception <a 'java/lang/NoSuchMethodError'{0x00000000889787b8}: 'java.lang.Object java.lang.invoke.Invokers$Holder.linkToTargetMethod(java.lang.Object, java.lang.Object, java.lang.Object, java.lang.Object, java.lang.Object, int, java.lang.Object)'> (0x00000000889787b8) 
thrown [s\src\hotspot\share\interpreter\linkResolver.cpp, line 759]
Event: 39.659 Thread 0x000001c2e9706580 Implicit null exception at 0x000001c2b69a98dd to 0x000001c2b69a9a48
Event: 39.677 Thread 0x000001c2e5b5d750 Implicit null exception at 0x000001c2b6a879cb to 0x000001c2b6a879f0
Event: 39.875 Thread 0x000001c2e97074b0 Exception <a 'java/lang/NoSuchMethodError'{0x00000000864c8de0}: 'java.lang.Object java.lang.invoke.DirectMethodHandle$Holder.newInvokeSpecial(java.lang.Object, java.lang.Object, java.lang.Object, java.lang.Object, int, java.lang.Object)'> (0x00000000864c8de0) 
thrown [s\src\hotspot\share\interpreter\linkResolver.cpp, line 759]
Event: 39.875 Thread 0x000001c2e97074b0 Exception <a 'java/lang/NoSuchMethodError'{0x00000000864cd3a8}: 'java.lang.Object java.lang.invoke.Invokers$Holder.linkToTargetMethod(java.lang.Object, java.lang.Object, java.lang.Object, int, java.lang.Object, java.lang.Object)'> (0x00000000864cd3a8) 
thrown [s\src\hotspot\share\interpreter\linkResolver.cpp, line 759]
Event: 39.898 Thread 0x000001c2e97074b0 Exception <a 'java/lang/NoSuchMethodError'{0x0000000086380660}: 'void java.lang.invoke.DirectMethodHandle$Holder.invokeInterface(java.lang.Object, java.lang.Object, java.lang.Object, java.lang.Object)'> (0x0000000086380660) 
thrown [s\src\hotspot\share\interpreter\linkResolver.cpp, line 759]
Event: 39.973 Thread 0x000001c2e97074b0 Exception <a 'java/lang/NoSuchMethodError'{0x0000000086183b38}: 'int java.lang.invoke.DirectMethodHandle$Holder.invokeSpecial(java.lang.Object, java.lang.Object, java.lang.Object, java.lang.Object, java.lang.Object)'> (0x0000000086183b38) 
thrown [s\src\hotspot\share\interpreter\linkResolver.cpp, line 759]
Event: 40.245 Thread 0x000001c2e97074b0 Exception <a 'sun/nio/fs/WindowsException'{0x000000008ff19140}> (0x000000008ff19140) 
thrown [s\src\hotspot\share\prims\jni.cpp, line 516]
Event: 40.246 Thread 0x000001c2e97074b0 Exception <a 'sun/nio/fs/WindowsException'{0x000000008ff2c708}> (0x000000008ff2c708) 
thrown [s\src\hotspot\share\prims\jni.cpp, line 516]
Event: 40.246 Thread 0x000001c2e97074b0 Exception <a 'sun/nio/fs/WindowsException'{0x000000008ff2f020}> (0x000000008ff2f020) 
thrown [s\src\hotspot\share\prims\jni.cpp, line 516]
Event: 40.246 Thread 0x000001c2e97074b0 Exception <a 'sun/nio/fs/WindowsException'{0x000000008ff31fb8}> (0x000000008ff31fb8) 
thrown [s\src\hotspot\share\prims\jni.cpp, line 516]
Event: 40.809 Thread 0x000001c2e5b5d750 Exception <a 'java/lang/ClassNotFoundException'{0x00000000881826d0}: build_96e8z1xysmmj881fe2h4ke81bBeanInfo> (0x00000000881826d0) 
thrown [s\src\hotspot\share\classfile\systemDictionary.cpp, line 256]
Event: 40.809 Thread 0x000001c2e5b5d750 Exception <a 'java/lang/ClassNotFoundException'{0x0000000088189068}: build_96e8z1xysmmj881fe2h4ke81bCustomizer> (0x0000000088189068) 
thrown [s\src\hotspot\share\classfile\systemDictionary.cpp, line 256]
Event: 42.402 Thread 0x000001c2e5b5d750 Exception <a 'java/lang/ClassNotFoundException'{0x000000008852d150}: build_787p9z93zwmvqs69zrp8wwa1eBeanInfo> (0x000000008852d150) 
thrown [s\src\hotspot\share\classfile\systemDictionary.cpp, line 256]
Event: 42.403 Thread 0x000001c2e5b5d750 Exception <a 'java/lang/ClassNotFoundException'{0x00000000885384e8}: build_787p9z93zwmvqs69zrp8wwa1eCustomizer> (0x00000000885384e8) 
thrown [s\src\hotspot\share\classfile\systemDictionary.cpp, line 256]

VM Operations (20 events):
Event: 39.886 Executing VM operation: HandshakeAllThreads
Event: 39.893 Executing VM operation: HandshakeAllThreads done
Event: 39.970 Executing VM operation: HandshakeAllThreads
Event: 39.970 Executing VM operation: HandshakeAllThreads done
Event: 40.170 Executing VM operation: ICBufferFull
Event: 40.171 Executing VM operation: ICBufferFull done
Event: 40.232 Executing VM operation: HandshakeAllThreads
Event: 40.232 Executing VM operation: HandshakeAllThreads done
Event: 40.233 Executing VM operation: G1CollectForAllocation
Event: 40.242 Executing VM operation: G1CollectForAllocation done
Event: 40.365 Executing VM operation: G1CollectForAllocation
Event: 40.369 Executing VM operation: G1CollectForAllocation done
Event: 41.175 Executing VM operation: G1TryInitiateConcMark
Event: 41.178 Executing VM operation: G1TryInitiateConcMark done
Event: 41.257 Executing VM operation: G1PauseRemark
Event: 41.261 Executing VM operation: G1PauseRemark done
Event: 41.298 Executing VM operation: G1PauseCleanup
Event: 41.298 Executing VM operation: G1PauseCleanup done
Event: 42.311 Executing VM operation: Cleanup
Event: 42.311 Executing VM operation: Cleanup done

Events (20 events):
Event: 39.839 Thread 0x000001c2e97074b0 Thread added: 0x000001c2e97074b0
Event: 39.845 Thread 0x000001c2e9708e00 Thread added: 0x000001c2e9708e00
Event: 39.845 Thread 0x000001c2e9706fa0 Thread added: 0x000001c2e9706fa0
Event: 39.852 Thread 0x000001c2e970c5b0 Thread added: 0x000001c2e970c5b0
Event: 39.903 Thread 0x000001c2e9706a90 Thread added: 0x000001c2e9706a90
Event: 40.024 Thread 0x000001c2e72af040 Thread added: 0x000001c2e72af040
Event: 40.096 Thread 0x000001c2e9709310 Thread added: 0x000001c2e9709310
Event: 40.097 Thread 0x000001c2e970cac0 Thread added: 0x000001c2e970cac0
Event: 40.097 Thread 0x000001c2e970b680 Thread added: 0x000001c2e970b680
Event: 40.187 Thread 0x000001c2e970c0a0 Thread added: 0x000001c2e970c0a0
Event: 40.187 Thread 0x000001c2e970cfd0 Thread added: 0x000001c2e970cfd0
Event: 40.345 loading class java/util/concurrent/ConcurrentLinkedQueue$Itr
Event: 40.345 loading class java/util/concurrent/ConcurrentLinkedQueue$Itr done
Event: 40.357 Thread 0x000001c2e970a240 Thread added: 0x000001c2e970a240
Event: 40.357 Thread 0x000001c2e97079c0 Thread added: 0x000001c2e97079c0
Event: 40.358 Thread 0x000001c2e97083e0 Thread added: 0x000001c2e97083e0
Event: 40.454 Thread 0x000001c2e72af040 Thread exited: 0x000001c2e72af040
Event: 40.744 Thread 0x000001c2e61f0740 Thread added: 0x000001c2e61f0740
Event: 41.106 Thread 0x000001c2e61f0740 Thread exited: 0x000001c2e61f0740
Event: 42.859 Thread 0x000001c2e6240510 Thread added: 0x000001c2e6240510


Dynamic libraries:
0x00007ff739e20000 - 0x00007ff739e2e000 	C:\Program Files\OpenLogic\jdk-17.0.10.7-hotspot\bin\java.exe
0x00007fff3ed50000 - 0x00007fff3ef66000 	C:\Windows\SYSTEM32\ntdll.dll
0x00007fff3e570000 - 0x00007fff3e634000 	C:\Windows\System32\KERNEL32.DLL
0x00007fff3c6d0000 - 0x00007fff3ca77000 	C:\Windows\System32\KERNELBASE.dll
0x00007fff3bcc0000 - 0x00007fff3bde0000 	C:\Windows\system32\hmpalert.dll
0x00007fff3c580000 - 0x00007fff3c691000 	C:\Windows\System32\ucrtbase.dll
0x00007ffec97f0000 - 0x00007ffec980b000 	C:\Program Files\OpenLogic\jdk-17.0.10.7-hotspot\bin\VCRUNTIME140.dll
0x00007ffec97d0000 - 0x00007ffec97e7000 	C:\Program Files\OpenLogic\jdk-17.0.10.7-hotspot\bin\jli.dll
0x00007fff3cdd0000 - 0x00007fff3cf7e000 	C:\Windows\System32\USER32.dll
0x00007fff3c550000 - 0x00007fff3c576000 	C:\Windows\System32\win32u.dll
0x00007fff3cbc0000 - 0x00007fff3cbe9000 	C:\Windows\System32\GDI32.dll
0x00007fff3c070000 - 0x00007fff3c189000 	C:\Windows\System32\gdi32full.dll
0x00007fff3c340000 - 0x00007fff3c3da000 	C:\Windows\System32\msvcp_win.dll
0x00007fff3b240000 - 0x00007fff3b4d3000 	C:\Windows\WinSxS\amd64_microsoft.windows.common-controls_6595b64144ccf1df_6.0.22621.3235_none_270f74e173860f98\COMCTL32.dll
0x00007fff3e310000 - 0x00007fff3e3b7000 	C:\Windows\System32\msvcrt.dll
0x00007fff3e530000 - 0x00007fff3e561000 	C:\Windows\System32\IMM32.DLL
0x00007ffec97c0000 - 0x00007ffec97cc000 	C:\Program Files\OpenLogic\jdk-17.0.10.7-hotspot\bin\vcruntime140_1.dll
0x00007ffec9730000 - 0x00007ffec97bd000 	C:\Program Files\OpenLogic\jdk-17.0.10.7-hotspot\bin\msvcp140.dll
0x00007ffec8ac0000 - 0x00007ffec9722000 	C:\Program Files\OpenLogic\jdk-17.0.10.7-hotspot\bin\server\jvm.dll
0x00007fff3ca90000 - 0x00007fff3cb42000 	C:\Windows\System32\ADVAPI32.dll
0x00007fff3d4a0000 - 0x00007fff3d548000 	C:\Windows\System32\sechost.dll
0x00007fff3c6a0000 - 0x00007fff3c6c8000 	C:\Windows\System32\bcrypt.dll
0x00007fff3e030000 - 0x00007fff3e145000 	C:\Windows\System32\RPCRT4.dll
0x00007fff3bc70000 - 0x00007fff3bcbd000 	C:\Windows\SYSTEM32\POWRPROF.dll
0x00007ffec8ab0000 - 0x00007ffec8ab9000 	C:\Windows\SYSTEM32\WSOCK32.dll
0x00007fff3cd50000 - 0x00007fff3cdc1000 	C:\Windows\System32\WS2_32.dll
0x00007fff2b780000 - 0x00007fff2b7b4000 	C:\Windows\SYSTEM32\WINMM.dll
0x00007fff35b10000 - 0x00007fff35b1a000 	C:\Windows\SYSTEM32\VERSION.dll
0x00007fff3bc50000 - 0x00007fff3bc63000 	C:\Windows\SYSTEM32\UMPDC.dll
0x00007fff3a8c0000 - 0x00007fff3a8d8000 	C:\Windows\SYSTEM32\kernel.appcore.dll
0x00007ffec8aa0000 - 0x00007ffec8aaa000 	C:\Program Files\OpenLogic\jdk-17.0.10.7-hotspot\bin\jimage.dll
0x00007fff3b700000 - 0x00007fff3b933000 	C:\Windows\SYSTEM32\DBGHELP.DLL
0x00007fff3e980000 - 0x00007fff3ed08000 	C:\Windows\System32\combase.dll
0x00007fff3e230000 - 0x00007fff3e307000 	C:\Windows\System32\OLEAUT32.dll
0x00007fff3b6c0000 - 0x00007fff3b6f2000 	C:\Windows\SYSTEM32\dbgcore.DLL
0x00007fff3c200000 - 0x00007fff3c279000 	C:\Windows\System32\bcryptPrimitives.dll
0x00007ffec88a0000 - 0x00007ffec88ae000 	C:\Program Files\OpenLogic\jdk-17.0.10.7-hotspot\bin\instrument.dll
0x00007ffec8a70000 - 0x00007ffec8a95000 	C:\Program Files\OpenLogic\jdk-17.0.10.7-hotspot\bin\java.dll
0x00007ffec8990000 - 0x00007ffec8a66000 	C:\Program Files\OpenLogic\jdk-17.0.10.7-hotspot\bin\jsvml.dll
0x00007fff3d7d0000 - 0x00007fff3e02c000 	C:\Windows\System32\SHELL32.dll
0x00007fff397f0000 - 0x00007fff3a0e9000 	C:\Windows\SYSTEM32\windows.storage.dll
0x00007fff396b0000 - 0x00007fff397ee000 	C:\Windows\SYSTEM32\wintypes.dll
0x00007fff3e3c0000 - 0x00007fff3e4b3000 	C:\Windows\System32\SHCORE.dll
0x00007fff3e8f0000 - 0x00007fff3e94e000 	C:\Windows\System32\shlwapi.dll
0x00007fff3bfa0000 - 0x00007fff3bfc1000 	C:\Windows\SYSTEM32\profapi.dll
0x00007ffec8930000 - 0x00007ffec8948000 	C:\Program Files\OpenLogic\jdk-17.0.10.7-hotspot\bin\zip.dll
0x00007ffec8970000 - 0x00007ffec8989000 	C:\Program Files\OpenLogic\jdk-17.0.10.7-hotspot\bin\net.dll
0x00007fff35ff0000 - 0x00007fff36126000 	C:\Windows\SYSTEM32\WINHTTP.dll
0x00007fff3acf0000 - 0x00007fff3ad59000 	C:\Windows\system32\mswsock.dll
0x00007ffec8950000 - 0x00007ffec8966000 	C:\Program Files\OpenLogic\jdk-17.0.10.7-hotspot\bin\nio.dll
0x00007ffec8920000 - 0x00007ffec8930000 	C:\Program Files\OpenLogic\jdk-17.0.10.7-hotspot\bin\verify.dll
0x00007ffec88f0000 - 0x00007ffec8917000 	C:\Users\MAHE\.gradle\native\68d5fa5c4cc2d200863cafc0d521ce42e7d3e7ee720ec0a83991735586a16f82\windows-amd64\native-platform.dll
0x00007ffec8750000 - 0x00007ffec8894000 	C:\Users\MAHE\.gradle\native\e376f236ea51e6404a007f0833ffe2c6e607c4080706a723a18a27aeea778392\windows-amd64\native-platform-file-events.dll
0x00007ffec88d0000 - 0x00007ffec88d9000 	C:\Program Files\OpenLogic\jdk-17.0.10.7-hotspot\bin\management.dll
0x00007ffec88c0000 - 0x00007ffec88cb000 	C:\Program Files\OpenLogic\jdk-17.0.10.7-hotspot\bin\management_ext.dll
0x00007fff3d490000 - 0x00007fff3d498000 	C:\Windows\System32\PSAPI.DLL
0x00007fff3bb60000 - 0x00007fff3bb7b000 	C:\Windows\SYSTEM32\CRYPTSP.dll
0x00007fff3a820000 - 0x00007fff3a855000 	C:\Windows\system32\rsaenh.dll
0x00007fff3ade0000 - 0x00007fff3ae08000 	C:\Windows\SYSTEM32\USERENV.dll
0x00007fff3af40000 - 0x00007fff3af4c000 	C:\Windows\SYSTEM32\CRYPTBASE.dll
0x00007fff3a350000 - 0x00007fff3a37d000 	C:\Windows\SYSTEM32\IPHLPAPI.DLL
0x00007fff3d550000 - 0x00007fff3d559000 	C:\Windows\System32\NSI.dll
0x00007fff35fd0000 - 0x00007fff35fe9000 	C:\Windows\SYSTEM32\dhcpcsvc6.DLL
0x00007fff35fb0000 - 0x00007fff35fcf000 	C:\Windows\SYSTEM32\dhcpcsvc.DLL
0x00007fff3a380000 - 0x00007fff3a479000 	C:\Windows\SYSTEM32\DNSAPI.dll
0x00007ffec88b0000 - 0x00007ffec88b8000 	C:\Program Files\OpenLogic\jdk-17.0.10.7-hotspot\bin\extnet.dll
0x00007ffec8740000 - 0x00007ffec874e000 	C:\Program Files\OpenLogic\jdk-17.0.10.7-hotspot\bin\sunmscapi.dll
0x00007fff3c3e0000 - 0x00007fff3c546000 	C:\Windows\System32\CRYPT32.dll
0x00007fff3b120000 - 0x00007fff3b14e000 	C:\Windows\SYSTEM32\ncrypt.dll
0x00007fff3b0e0000 - 0x00007fff3b117000 	C:\Windows\SYSTEM32\NTASN1.dll
0x00007ffec8730000 - 0x00007ffec8738000 	C:\Windows\system32\wshunix.dll
0x00007fff34a80000 - 0x00007fff34a8a000 	C:\Windows\System32\rasadhlp.dll
0x00007fff35280000 - 0x00007fff35303000 	C:\Windows\System32\fwpuclnt.dll
0x00007fff23bf0000 - 0x00007fff23c07000 	C:\Windows\system32\napinsp.dll
0x00007fff23bd0000 - 0x00007fff23beb000 	C:\Windows\system32\pnrpnsp.dll
0x00007fff23ba0000 - 0x00007fff23bb1000 	C:\Windows\System32\winrnr.dll
0x00007fff23b80000 - 0x00007fff23b95000 	C:\Windows\system32\wshbth.dll
0x00007fff23b50000 - 0x00007fff23b71000 	C:\Windows\system32\nlansp_c.dll

dbghelp: loaded successfully - version: 4.0.5 - missing functions: none
symbol engine: initialized successfully - sym options: 0x614 - pdb path: .;C:\Program Files\OpenLogic\jdk-17.0.10.7-hotspot\bin;C:\Windows\SYSTEM32;C:\Windows\WinSxS\amd64_microsoft.windows.common-controls_6595b64144ccf1df_6.0.22621.3235_none_270f74e173860f98;C:\Program Files\OpenLogic\jdk-17.0.10.7-hotspot\bin\server;C:\Users\MAHE\.gradle\native\68d5fa5c4cc2d200863cafc0d521ce42e7d3e7ee720ec0a83991735586a16f82\windows-amd64;C:\Users\MAHE\.gradle\native\e376f236ea51e6404a007f0833ffe2c6e607c4080706a723a18a27aeea778392\windows-amd64

VM Arguments:
jvm_args: -XX:MaxMetaspaceSize=512m --add-opens=java.base/java.util=ALL-UNNAMED --add-opens=java.base/java.lang=ALL-UNNAMED --add-opens=java.base/java.lang.invoke=ALL-UNNAMED --add-opens=java.prefs/java.util.prefs=ALL-UNNAMED --add-opens=java.base/java.nio.charset=ALL-UNNAMED --add-opens=java.base/java.net=ALL-UNNAMED --add-opens=java.base/java.util.concurrent.atomic=ALL-UNNAMED -Xmx2048m -Dfile.encoding=windows-1252 -Duser.country=IN -Duser.language=en -Duser.variant -javaagent:C:\Users\MAHE\.gradle\wrapper\dists\gradle-8.3-all\6en3ugtfdg5xnpx44z4qbwgas\gradle-8.3\lib\agents\gradle-instrumentation-agent-8.3.jar 
java_command: org.gradle.launcher.daemon.bootstrap.GradleDaemon 8.3
java_class_path (initial): C:\Users\MAHE\.gradle\wrapper\dists\gradle-8.3-all\6en3ugtfdg5xnpx44z4qbwgas\gradle-8.3\lib\gradle-launcher-8.3.jar
Launcher Type: SUN_STANDARD

[Global flags]
     intx CICompilerCount                          = 3                                         {product} {ergonomic}
   size_t CompressedClassSpaceSize                 = 436207616                                 {product} {ergonomic}
     uint ConcGCThreads                            = 1                                         {product} {ergonomic}
     uint G1ConcRefinementThreads                  = 4                                         {product} {ergonomic}
   size_t G1HeapRegionSize                         = 1048576                                   {product} {ergonomic}
    uintx GCDrainStackTargetSize                   = 64                                        {product} {ergonomic}
   size_t InitialHeapSize                          = 268435456                                 {product} {ergonomic}
   size_t MarkStackSize                            = 4194304                                   {product} {ergonomic}
   size_t MaxHeapSize                              = 2147483648                                {product} {command line}
   size_t MaxMetaspaceSize                         = 536870912                                 {product} {command line}
   size_t MaxNewSize                               = 1287651328                                {product} {ergonomic}
   size_t MinHeapDeltaBytes                        = 1048576                                   {product} {ergonomic}
   size_t MinHeapSize                              = 8388608                                   {product} {ergonomic}
    uintx NonNMethodCodeHeapSize                   = 5832780                                {pd product} {ergonomic}
    uintx NonProfiledCodeHeapSize                  = 122912730                              {pd product} {ergonomic}
    uintx ProfiledCodeHeapSize                     = 122912730                              {pd product} {ergonomic}
    uintx ReservedCodeCacheSize                    = 251658240                              {pd product} {ergonomic}
     bool SegmentedCodeCache                       = true                                      {product} {ergonomic}
   size_t SoftMaxHeapSize                          = 2147483648                             {manageable} {ergonomic}
     bool UseCompressedClassPointers               = true                           {product lp64_product} {ergonomic}
     bool UseCompressedOops                        = true                           {product lp64_product} {ergonomic}
     bool UseG1GC                                  = true                                      {product} {ergonomic}
     bool UseLargePagesIndividualAllocation        = false                                  {pd product} {ergonomic}

Logging:
Log output configuration:
 #0: stdout all=warning uptime,level,tags
 #1: stderr all=off uptime,level,tags

Environment Variables:
JAVA_HOME=C:\Program Files\OpenLogic\jdk-17.0.10.7-hotspot\
CLASSPATH=C:\Users\MAHE\Documents\demo1_joyson1\android\\gradle\wrapper\gradle-wrapper.jar
PATH=C:\Users\MAHE\Documents\demo1_joyson1\node_modules\.bin;C:\Users\MAHE\Documents\demo1_joyson1\node_modules\.bin;C:\Users\MAHE\Documents\node_modules\.bin;C:\Users\MAHE\node_modules\.bin;C:\Users\node_modules\.bin;C:\node_modules\.bin;C:\Users\MAHE\AppData\Roaming\npm\node_modules\npm\node_modules\@npmcli\run-script\lib\node-gyp-bin;C:\Program Files\OpenLogic\jdk-17.0.10.7-hotspot\bin;C:\Python312\Scripts\;C:\Python312\;C:\Windows\system32;C:\Windows;C:\Windows\System32\Wbem;C:\Windows\System32\WindowsPowerShell\v1.0\;C:\Windows\System32\OpenSSH\;C:\Program Files\nodejs\;C:\ProgramData\chocolatey\bin;C:\Program Files\Git\cmd;C:\Program Files\Git\bin;C:\Program Files (x86)\Microsoft SQL Server\160\Tools\Binn\;C:\Program Files\Microsoft SQL Server\160\Tools\Binn\;C:\Program Files\Microsoft SQL Server\Client SDK\ODBC\170\Tools\Binn\;C:\Program Files\Microsoft SQL Server\160\DTS\Binn\;C:\Program Files (x86)\Microsoft SQL Server\160\DTS\Binn\;C:\Program Files\Azure Data Studio\bin;C:\Users\MAHE\AppData\Local\Microsoft\WindowsApps;C:\Users\MAHE\AppData\Local\Programs\Microsoft VS Code\bin;C:\Users\MAHE\AppData\Roaming\npm;C:\Users\MAHE\AppData\Local\Android\Sdk;C:\Users\MAHE\AppData\Local\Android\Sdk\platform-tools;C:\Users\MAHE\AppData\Local\Android\Sdk\emulator;C:\Program Files\Git\bin;;C:\Program Files\Azure Data Studio\bin
USERNAME=MAHE
LANG=en_US.UTF-8
OS=Windows_NT
PROCESSOR_IDENTIFIER=Intel64 Family 6 Model 60 Stepping 3, GenuineIntel
TMP=C:\Users\MAHE\AppData\Local\Temp
TEMP=C:\Users\MAHE\AppData\Local\Temp



Periodic native trim disabled


---------------  S Y S T E M  ---------------

OS:
 Windows 11 , 64 bit Build 22621 (10.0.22621.3374)
OS uptime: 0 days 0:09 hours

CPU: total 4 (initial active 4) (4 cores per cpu, 1 threads per core) family 6 model 60 stepping 3 microcode 0x28, cx8, cmov, fxsr, mmx, sse, sse2, sse3, ssse3, sse4.1, sse4.2, popcnt, lzcnt, tsc, tscinvbit, avx, avx2, aes, erms, clmul, bmi1, bmi2, fma, vzeroupper, clflush
Processor Information for all 4 processors :
  Max Mhz: 3001, Current Mhz: 3001, Mhz Limit: 3001

Memory: 4k page, system-wide physical 16309M (7907M free)
TotalPageFile size 32693M (AvailPageFile size 22551M)
current process WorkingSet (physical memory assigned to process): 347M, peak: 347M
current process commit charge ("private bytes"): 384M, peak: 424M

vm_info: OpenJDK 64-Bit Server VM (17.0.10+7-adhoc..jdk17u) for windows-amd64 JRE (17.0.10+7-adhoc..jdk17u), built on Jan 24 2024 08:51:31 by "" with MS VC++ 16.10 / 16.11 (VS2019)

END.
