#
# A fatal error has been detected by the Java Runtime Environment:
#
#  EXCEPTION_ACCESS_VIOLATION (0xc0000005) at pc=0x000001bdd17e5d72, pid=14024, tid=12488
#
# JRE version: OpenJDK Runtime Environment OpenLogic-OpenJDK (17.0.10+7) (build 17.0.10+7-adhoc..jdk17u)
# Java VM: OpenJDK 64-Bit Server VM OpenLogic-OpenJDK (17.0.10+7-adhoc..jdk17u, mixed mode, sharing, tiered, compressed oops, compressed class ptrs, g1 gc, windows-amd64)
# Problematic frame:
# v  ~BufferBlob::I2C/C2I adapters
#
# No core dump will be written. Minidumps are not enabled by default on client versions of Windows
#
# If you would like to submit a bug report, please visit:
#   https://techsupport.roguewave.com/
#

---------------  S U M M A R Y ------------

Command Line: -XX:MaxMetaspaceSize=512m --add-opens=java.base/java.util=ALL-UNNAMED --add-opens=java.base/java.lang=ALL-UNNAMED --add-opens=java.base/java.lang.invoke=ALL-UNNAMED --add-opens=java.prefs/java.util.prefs=ALL-UNNAMED --add-opens=java.base/java.nio.charset=ALL-UNNAMED --add-opens=java.base/java.net=ALL-UNNAMED --add-opens=java.base/java.util.concurrent.atomic=ALL-UNNAMED -Xmx2048m -Dfile.encoding=windows-1252 -Duser.country=IN -Duser.language=en -Duser.variant -javaagent:C:\Users\MAHE\.gradle\wrapper\dists\gradle-8.3-all\6en3ugtfdg5xnpx44z4qbwgas\gradle-8.3\lib\agents\gradle-instrumentation-agent-8.3.jar org.gradle.launcher.daemon.bootstrap.GradleDaemon 8.3

Host: Intel(R) Core(TM) i5-4590S CPU @ 3.00GHz, 4 cores, 15G,  Windows 11 , 64 bit Build 22621 (10.0.22621.3672)
Time: Thu Jun  6 10:53:49 2024 India Standard Time elapsed time: 16.637353 seconds (0d 0h 0m 16s)

---------------  T H R E A D  ---------------

Current thread (0x000001bd822193f0):  JavaThread "Daemon worker" [_thread_in_Java, id=12488, stack(0x00000074f6100000,0x00000074f6200000)]

Stack: [0x00000074f6100000,0x00000074f6200000],  sp=0x00000074f61f4880,  free space=978k
Native frames: (J=compiled Java code, j=interpreted, Vv=VM code, C=native code)
C  0x000001bdd17e5d72

The last pc belongs to I2C/C2I adapters (printed below).

siginfo: EXCEPTION_ACCESS_VIOLATION (0xc0000005), reading address 0xffffffffffffffff


Registers:
RAX=0x0000000000000000, RBX=0x000001bde142d318, RCX=0x0000000083d95270, RDX=0x0000000010500001
RSP=0x00000074f61f4880, RBP=0x00000074f61f48d8, RSI=0x0000000000000000, RDI=0x0000000083b75990
R8 =0x0000000083b759f0, R9 =0x0000000000000002, R10=0xfa81d12b2a52b70f, R11=0x0000000000000003
R12=0x0000000000000000, R13=0x00000074f61f4888, R14=0x00000074f61f48f8, R15=0x000001bd822193f0
RIP=0x000001bdd17e5d72, EFLAGS=0x0000000000010202


Register to memory mapping:

RIP=0x000001bdd17e5d72 is at code_begin+114 in an AdapterHandler
Adapter for signature: 0x000001bdd17e5d72 is at code_begin+114 in 
[CodeBlob (0x000001bdd17e5c90)]
Framesize: 0
BufferBlob (0x000001bdd17e5c90) used for I2C/C2I adapters
RAX=0x0 is NULL
RBX=0x000001bde142d318 is pointing into metadata
RCX=0x0000000083d95270 is an oop: java.lang.Class 
{0x0000000083d95270} - klass: 'java/lang/Class'
 - ---- fields (total size 14 words):
 - private volatile transient 'classRedefinedCount' 'I' @12  0
 - private volatile transient 'cachedConstructor' 'Ljava/lang/reflect/Constructor;' @40  NULL (0)
 - private transient 'name' 'Ljava/lang/String;' @44  "org.gradle.jvm.toolchain.internal.DefaultJavaToolchainRepositoryHandler"{0x0000000083d952f0} (83d952f0)
 - private transient 'module' 'Ljava/lang/Module;' @48  a 'java/lang/Module'{0x0000000080ca11e0} (80ca11e0)
 - private final 'classLoader' 'Ljava/lang/ClassLoader;' @52  a 'org/gradle/initialization/MixInLegacyTypesClassLoader'{0x00000000807c4740} (807c4740)
 - private transient 'classData' 'Ljava/lang/Object;' @56  NULL (0)
 - private transient 'packageName' 'Ljava/lang/String;' @60  "org.gradle.jvm.toolchain.internal"{0x0000000080f33128} (80f33128)
 - private final 'componentType' 'Ljava/lang/Class;' @64  [I{0x0000000083d952e0} (83d952e0)
 - private volatile transient 'reflectionData' 'Ljava/lang/ref/SoftReference;' @68  NULL (0)
 - private volatile transient 'genericInfo' 'Lsun/reflect/generics/repository/ClassRepository;' @72  NULL (0)
 - private volatile transient 'enumConstants' '[Ljava/lang/Object;' @76  NULL (0)
 - private volatile transient 'enumConstantDirectory' 'Ljava/util/Map;' @80  NULL (0)
 - private volatile transient 'annotationData' 'Ljava/lang/Class$AnnotationData;' @84  NULL (0)
 - private volatile transient 'annotationType' 'Lsun/reflect/annotation/AnnotationType;' @88  NULL (0)
 - transient 'classValueMap' 'Ljava/lang/ClassValue$ClassValueMap;' @92  NULL (0)
 - signature: Lorg/gradle/jvm/toolchain/internal/DefaultJavaToolchainRepositoryHandler;
 - fake entry for mirror: 'org/gradle/jvm/toolchain/internal/DefaultJavaToolchainRepositoryHandler'
 - fake entry for array: NULL
 - fake entry for oop_size: 14
 - fake entry for static_oop_field_count: 0
RDX=0x0000000010500001 is an unknown value
RSP=0x00000074f61f4880 is pointing into the stack for thread: 0x000001bd822193f0
RBP=0x00000074f61f48d8 is pointing into the stack for thread: 0x000001bd822193f0
RSI=0x0 is NULL
RDI=0x0000000083b75990 is an oop: [Ljava.lang.Object; 
{0x0000000083b75990} - klass: 'java/lang/Object'[]
 - length: 4
R8 =0x0000000083b759f0 is an oop: org.gradle.internal.instantiation.generator.AbstractClassGenerator$InjectionAnnotationValidator 
{0x0000000083b759f0} - klass: 'org/gradle/internal/instantiation/generator/AbstractClassGenerator$InjectionAnnotationValidator'
 - ---- fields (total size 3 words):
 - private final 'annotationTypes' 'Ljava/util/Set;' @12  a 'com/google/common/collect/RegularImmutableSet'{0x00000000807d3180} (807d3180)
 - private final 'allowedTypesForAnnotation' 'Lcom/google/common/collect/ImmutableMultimap;' @16  a 'com/google/common/collect/EmptyImmutableListMultimap'{0x0000000080dd7ee8} (80dd7ee8)
R9 =0x0000000000000002 is an unknown value
R10=0xfa81d12b2a52b70f is an unknown value
R11=0x0000000000000003 is an unknown value
R12=0x0 is NULL
R13=0x00000074f61f4888 is pointing into the stack for thread: 0x000001bd822193f0
R14=0x00000074f61f48f8 is pointing into the stack for thread: 0x000001bd822193f0
R15=0x000001bd822193f0 is a thread


Top of Stack: (sp=0x00000074f61f4880)
0x00000074f61f4880:   000001bdd1799612 0000000083d95270
0x00000074f61f4890:   00000074f61f4890 000001bdfc89cf69
0x00000074f61f48a0:   00000074f61f48f8 000001bdfc8b23e0
0x00000074f61f48b0:   0000000000000000 0000000081361748
0x00000074f61f48c0:   000001bdfc89cfe8 00000074f61f4888
0x00000074f61f48d0:   00000074f61f48f0 00000074f61f4948
0x00000074f61f48e0:   000001bdd1799657 0000000000000000
0x00000074f61f48f0:   0000000083d95270 0000000080cfc4d8
0x00000074f61f4900:   00000074f61f4900 000001bdfc8a04de
0x00000074f61f4910:   00000074f61f49f0 000001bdfc8b0538
0x00000074f61f4920:   0000000000000000 00000000811a4b48
0x00000074f61f4930:   000001bdfc8a0820 00000074f61f48f0
0x00000074f61f4940:   00000074f61f49e8 00000074f61f4a40
0x00000074f61f4950:   000001bdd1799657 0000000000000000
0x00000074f61f4960:   0000000000000000 0000000000000000
0x00000074f61f4970:   0000000000000000 0000000000000000
0x00000074f61f4980:   0000000000000000 0000000080835650
0x00000074f61f4990:   0000000083b759b0 0000000083b75978
0x00000074f61f49a0:   0000000083b75920 0000000083b75808
0x00000074f61f49b0:   0000000083b757d0 0000000083b757c0
0x00000074f61f49c0:   0000000083b75738 0000000083b75710
0x00000074f61f49d0:   0000000083b756e0 0000000083b756d0
0x00000074f61f49e0:   0000000083b756b8 0000000083d95270
0x00000074f61f49f0:   0000000080cfc4d8 00000074f61f49f8
0x00000074f61f4a00:   000001bdfc8d8828 00000074f61f4a58
0x00000074f61f4a10:   000001bdfc8d88b0 0000000000000000
0x00000074f61f4a20:   0000000081358418 000001bdfc8d8830
0x00000074f61f4a30:   00000074f61f49e8 00000074f61f4a50
0x00000074f61f4a40:   00000074f61f4ab8 000001bdd1799abb
0x00000074f61f4a50:   0000000083d95270 0000000080dd7f18
0x00000074f61f4a60:   0000000000000009 0000000080cfc520
0x00000074f61f4a70:   00000074f61f4a60 000001bdfc8d68ea 

Instructions: (pc=0x000001bdd17e5d72)
0x000001bdd17e5c72:   00 00 00 00 00 00 00 00 00 00 00 00 00 00 06 00
0x000001bdd17e5c82:   00 00 00 00 00 00 01 00 00 00 00 00 00 00 60 8f
0x000001bdd17e5c92:   c9 70 f9 7f 00 00 00 00 00 00 20 02 00 00 68 00
0x000001bdd17e5ca2:   00 00 ff ff ff ff 20 02 00 00 00 00 00 00 00 5d
0x000001bdd17e5cb2:   7e d1 bd 01 00 00 b0 5e 7e d1 bd 01 00 00 00 5d
0x000001bdd17e5cc2:   7e d1 bd 01 00 00 b0 5e 7e d1 bd 01 00 00 f8 5c
0x000001bdd17e5cd2:   7e d1 bd 01 00 00 00 5d 7e d1 bd 01 00 00 00 00
0x000001bdd17e5ce2:   00 00 00 00 00 00 00 00 00 00 00 00 00 00 80 98
0x000001bdd17e5cf2:   c9 70 f9 7f 00 00 41 64 13 64 3d 64 8d 60 48 8b
0x000001bdd17e5d02:   04 24 4c 8b dc 48 83 e4 f0 50 49 8b c3 4c 8b 5b
0x000001bdd17e5d12:   40 48 8b 50 08 49 89 9f e8 02 00 00 48 8b c3 41
0x000001bdd17e5d22:   ff e3 8b 5a 08 49 ba 00 00 00 e1 bd 01 00 00 49
0x000001bdd17e5d32:   03 da 48 3b 58 08 48 8b 18 0f 84 05 00 00 00 e9
0x000001bdd17e5d42:   3a b3 ff ff 48 81 7b 48 00 00 00 00 0f 84 43 01
0x000001bdd17e5d52:   00 00 e9 27 b3 ff ff 44 8b 53 28 41 f7 c2 08 00
0x000001bdd17e5d62:   00 00 0f 84 2c 00 00 00 4c 8b 53 08 4d 8b 52 08
0x000001bdd17e5d72:   4d 8b 52 18 41 80 ba 33 01 00 00 04 0f 84 12 00
0x000001bdd17e5d82:   00 00 4d 3b ba 38 01 00 00 0f 84 05 00 00 00 e9
0x000001bdd17e5d92:   ea ac ff ff 48 81 7b 48 00 00 00 00 0f 84 f3 00
0x000001bdd17e5da2:   00 00 4c 8b ec 48 8b 04 24 48 83 e4 f0 9c 48 83
0x000001bdd17e5db2:   ec 08 48 81 ec 80 00 00 00 48 89 44 24 78 48 89
0x000001bdd17e5dc2:   4c 24 70 48 89 54 24 68 48 89 5c 24 60 48 89 6c
0x000001bdd17e5dd2:   24 50 48 89 74 24 48 48 89 7c 24 40 4c 89 44 24
0x000001bdd17e5de2:   38 4c 89 4c 24 30 4c 89 54 24 28 4c 89 5c 24 20
0x000001bdd17e5df2:   4c 89 64 24 18 4c 89 6c 24 10 4c 89 74 24 08 4c
0x000001bdd17e5e02:   89 3c 24 48 81 ec 80 0a 00 00 48 0f ae 04 24 c5
0x000001bdd17e5e12:   f8 77 48 83 ec 20 48 8b cb 48 8b d0 49 ba 30 3c
0x000001bdd17e5e22:   a4 70 f9 7f 00 00 41 ff d2 48 83 c4 20 c5 f8 77
0x000001bdd17e5e32:   48 0f ae 0c 24 48 81 c4 80 0a 00 00 4c 8b 3c 24
0x000001bdd17e5e42:   4c 8b 74 24 08 4c 8b 6c 24 10 4c 8b 64 24 18 4c
0x000001bdd17e5e52:   8b 5c 24 20 4c 8b 54 24 28 4c 8b 4c 24 30 4c 8b
0x000001bdd17e5e62:   44 24 38 48 8b 7c 24 40 48 8b 74 24 48 48 8b 6c 


Stack slot to memory mapping:
stack at sp + 0 slots: 0x000001bdd1799612 is at code_begin+1394 in an Interpreter codelet
return entry points  [0x000001bdd17990a0, 0x000001bdd1799ba0]  2816 bytes
stack at sp + 1 slots: 0x0000000083d95270 is an oop: java.lang.Class 
{0x0000000083d95270} - klass: 'java/lang/Class'
 - ---- fields (total size 14 words):
 - private volatile transient 'classRedefinedCount' 'I' @12  0
 - private volatile transient 'cachedConstructor' 'Ljava/lang/reflect/Constructor;' @40  NULL (0)
 - private transient 'name' 'Ljava/lang/String;' @44  "org.gradle.jvm.toolchain.internal.DefaultJavaToolchainRepositoryHandler"{0x0000000083d952f0} (83d952f0)
 - private transient 'module' 'Ljava/lang/Module;' @48  a 'java/lang/Module'{0x0000000080ca11e0} (80ca11e0)
 - private final 'classLoader' 'Ljava/lang/ClassLoader;' @52  a 'org/gradle/initialization/MixInLegacyTypesClassLoader'{0x00000000807c4740} (807c4740)
 - private transient 'classData' 'Ljava/lang/Object;' @56  NULL (0)
 - private transient 'packageName' 'Ljava/lang/String;' @60  "org.gradle.jvm.toolchain.internal"{0x0000000080f33128} (80f33128)
 - private final 'componentType' 'Ljava/lang/Class;' @64  [I{0x0000000083d952e0} (83d952e0)
 - private volatile transient 'reflectionData' 'Ljava/lang/ref/SoftReference;' @68  NULL (0)
 - private volatile transient 'genericInfo' 'Lsun/reflect/generics/repository/ClassRepository;' @72  NULL (0)
 - private volatile transient 'enumConstants' '[Ljava/lang/Object;' @76  NULL (0)
 - private volatile transient 'enumConstantDirectory' 'Ljava/util/Map;' @80  NULL (0)
 - private volatile transient 'annotationData' 'Ljava/lang/Class$AnnotationData;' @84  NULL (0)
 - private volatile transient 'annotationType' 'Lsun/reflect/annotation/AnnotationType;' @88  NULL (0)
 - transient 'classValueMap' 'Ljava/lang/ClassValue$ClassValueMap;' @92  NULL (0)
 - signature: Lorg/gradle/jvm/toolchain/internal/DefaultJavaToolchainRepositoryHandler;
 - fake entry for mirror: 'org/gradle/jvm/toolchain/internal/DefaultJavaToolchainRepositoryHandler'
 - fake entry for array: NULL
 - fake entry for oop_size: 14
 - fake entry for static_oop_field_count: 0
stack at sp + 2 slots: 0x00000074f61f4890 is pointing into the stack for thread: 0x000001bd822193f0
stack at sp + 3 slots: 0x000001bdfc89cf69 is pointing into metadata
stack at sp + 4 slots: 0x00000074f61f48f8 is pointing into the stack for thread: 0x000001bd822193f0
stack at sp + 5 slots: 0x000001bdfc8b23e0 is pointing into metadata
stack at sp + 6 slots: 0x0 is NULL
stack at sp + 7 slots: 0x0000000081361748 is an oop: java.lang.Class 
{0x0000000081361748} - klass: 'java/lang/Class'
 - ---- fields (total size 17 words):
 - private volatile transient 'classRedefinedCount' 'I' @12  0
 - private volatile transient 'cachedConstructor' 'Ljava/lang/reflect/Constructor;' @40  NULL (0)
 - private transient 'name' 'Ljava/lang/String;' @44  "org.gradle.internal.instantiation.generator.AsmBackedClassGenerator"{0x0000000081361820} (81361820)
 - private transient 'module' 'Ljava/lang/Module;' @48  a 'java/lang/Module'{0x000000008014add8} (8014add8)
 - private final 'classLoader' 'Ljava/lang/ClassLoader;' @52  a 'org/gradle/internal/classloader/VisitableURLClassLoader'{0x0000000080152f98} (80152f98)
 - private transient 'classData' 'Ljava/lang/Object;' @56  NULL (0)
 - private transient 'packageName' 'Ljava/lang/String;' @60  "org.gradle.internal.instantiation.generator"{0x00000000810a4cd8} (810a4cd8)
 - private final 'componentType' 'Ljava/lang/Class;' @64  NULL (0)
 - private volatile transient 'reflectionData' 'Ljava/lang/ref/SoftReference;' @68  NULL (0)
 - private volatile transient 'genericInfo' 'Lsun/reflect/generics/repository/ClassRepository;' @72  NULL (0)
 - private volatile transient 'enumConstants' '[Ljava/lang/Object;' @76  NULL (0)
 - private volatile transient 'enumConstantDirectory' 'Ljava/util/Map;' @80  NULL (0)
 - private volatile transient 'annotationData' 'Ljava/lang/Class$AnnotationData;' @84  NULL (0)
 - private volatile transient 'annotationType' 'Lsun/reflect/annotation/AnnotationType;' @88  NULL (0)
 - transient 'classValueMap' 'Ljava/lang/ClassValue$ClassValueMap;' @92  NULL (0)
 - signature: Lorg/gradle/internal/instantiation/generator/AsmBackedClassGenerator;
 - fake entry for mirror: 'org/gradle/internal/instantiation/generator/AsmBackedClassGenerator'
 - fake entry for array: NULL
 - fake entry for oop_size: 17
 - fake entry for static_oop_field_count: 5
 - private static final 'SERVICES_FOR_NEXT_OBJECT' 'Ljava/lang/ThreadLocal;' @112  a 'java/lang/ThreadLocal'{0x0000000081181450} (81181450)
 - private static final 'GENERATED_CLASSES_CACHES' 'Ljava/util/concurrent/atomic/AtomicReference;' @116  a 'java/util/concurrent/atomic/AtomicReference'{0x0000000081361810} (81361810)
 - private static final 'GET_DISPLAY_NAME_FOR_NEXT_METHOD_NAME' 'Ljava/lang/String;' @120  "getDisplayNameForNext"{0x000000008132cf98} (8132cf98)
 - private static final 'GET_SERVICES_FOR_NEXT_METHOD_NAME' 'Ljava/lang/String;' @124  "getServicesForNext"{0x0000000081331b08} (81331b08)
 - private static final 'GET_FACTORY_FOR_NEXT_METHOD_NAME' 'Ljava/lang/String;' @128  "getFactoryForNext"{0x00000000813617d0} (813617d0)
 - static final synthetic '$assertionsDisabled' 'Z' @132  true

--------------------------------------------------------------------------------
Decoding CodeBlob, name: I2C/C2I adapters, at  [0x000001bdd17e5d00, 0x000001bdd17e5eb0]  432 bytes
[MachCode]
  0x000001bdd17e5d00: 488b 0424 | 4c8b dc48 | 83e4 f050 | 498b c34c | 8b5b 4048 | 8b50 0849 | 899f e802 | 0000 488b 
  0x000001bdd17e5d20: c341 ffe3 | 8b5a 0849 | ba00 0000 | e1bd 0100 | 0049 03da | 483b 5808 | 488b 180f | 8405 0000 
  0x000001bdd17e5d40: 00e9 3ab3 | ffff 4881 | 7b48 0000 | 0000 0f84 | 4301 0000 | e927 b3ff | ff44 8b53 | 2841 f7c2 
  0x000001bdd17e5d60: 0800 0000 | 0f84 2c00 | 0000 4c8b | 5308 4d8b | 5208 4d8b | 5218 4180 | ba33 0100 | 0004 0f84 
  0x000001bdd17e5d80: 1200 0000 | 4d3b ba38 | 0100 000f | 8405 0000 | 00e9 eaac | ffff 4881 | 7b48 0000 | 0000 0f84 
  0x000001bdd17e5da0: f300 0000 | 4c8b ec48 | 8b04 2448 | 83e4 f09c | 4883 ec08 | 4881 ec80 | 0000 0048 | 8944 2478 
  0x000001bdd17e5dc0: 4889 4c24 | 7048 8954 | 2468 4889 | 5c24 6048 | 896c 2450 | 4889 7424 | 4848 897c | 2440 4c89 
  0x000001bdd17e5de0: 4424 384c | 894c 2430 | 4c89 5424 | 284c 895c | 2420 4c89 | 6424 184c | 896c 2410 | 4c89 7424 
  0x000001bdd17e5e00: 084c 893c | 2448 81ec | 800a 0000 | 480f ae04 | 24c5 f877 | 4883 ec20 | 488b cb48 | 8bd0 49ba 
  0x000001bdd17e5e20: 303c a470 | f97f 0000 | 41ff d248 | 83c4 20c5 | f877 480f | ae0c 2448 | 81c4 800a | 0000 4c8b 
  0x000001bdd17e5e40: 3c24 4c8b | 7424 084c | 8b6c 2410 | 4c8b 6424 | 184c 8b5c | 2420 4c8b | 5424 284c | 8b4c 2430 
  0x000001bdd17e5e60: 4c8b 4424 | 3848 8b7c | 2440 488b | 7424 4848 | 8b6c 2450 | 488b 5c24 | 6048 8b54 | 2468 488b 
  0x000001bdd17e5e80: 4c24 7048 | 8b44 2478 | 4881 c480 | 0000 0048 | 83c4 089d | 498b e558 | 4c8b ec48 | 83ec 1048 
  0x000001bdd17e5ea0: 8904 2448 | 8954 2408 | 488b 4b38 | ffe1 f4f4 
[/MachCode]
--------------------------------------------------------------------------------


---------------  P R O C E S S  ---------------

Threads class SMR info:
_java_thread_list=0x000001bd81918030, length=41, elements={
0x000001bdbfbca620, 0x000001bde0949bc0, 0x000001bde094b050, 0x000001bde095d040,
0x000001bde0960b90, 0x000001bde0961550, 0x000001bde0963f20, 0x000001bde0964cc0,
0x000001bde0972fb0, 0x000001bde09860c0, 0x000001bde0b40620, 0x000001bde0d5c6a0,
0x000001bd820a4290, 0x000001bd8136b0a0, 0x000001bd8184c0c0, 0x000001bd81d0dde0,
0x000001bd81f41de0, 0x000001bd81d22110, 0x000001bd822193f0, 0x000001bde0e1ea80,
0x000001bde0e1d130, 0x000001bde0e1db50, 0x000001bde0e1e060, 0x000001bd82521af0,
0x000001bd8251bfd0, 0x000001bd8251fc90, 0x000001bd82522510, 0x000001bd825210d0,
0x000001bd8251c9f0, 0x000001bd8251c4e0, 0x000001bd8251e850, 0x000001bd8251cf00,
0x000001bd8251d410, 0x000001bd8251d920, 0x000001bd825201a0, 0x000001bd825215e0,
0x000001bd8251de30, 0x000001bd8197eb30, 0x000001bd8251f270, 0x000001bd82522a20,
0x000001bd82522f30
}

Java Threads: ( => current thread )
  0x000001bdbfbca620 JavaThread "main" [_thread_blocked, id=14084, stack(0x00000074f4400000,0x00000074f4500000)]
  0x000001bde0949bc0 JavaThread "Reference Handler" daemon [_thread_blocked, id=13896, stack(0x00000074f4b00000,0x00000074f4c00000)]
  0x000001bde094b050 JavaThread "Finalizer" daemon [_thread_blocked, id=13908, stack(0x00000074f4c00000,0x00000074f4d00000)]
  0x000001bde095d040 JavaThread "Signal Dispatcher" daemon [_thread_blocked, id=12816, stack(0x00000074f4d00000,0x00000074f4e00000)]
  0x000001bde0960b90 JavaThread "Attach Listener" daemon [_thread_blocked, id=12776, stack(0x00000074f4e00000,0x00000074f4f00000)]
  0x000001bde0961550 JavaThread "Service Thread" daemon [_thread_blocked, id=764, stack(0x00000074f4f00000,0x00000074f5000000)]
  0x000001bde0963f20 JavaThread "Monitor Deflation Thread" daemon [_thread_blocked, id=12152, stack(0x00000074f5000000,0x00000074f5100000)]
  0x000001bde0964cc0 JavaThread "C2 CompilerThread0" daemon [_thread_blocked, id=12428, stack(0x00000074f5100000,0x00000074f5200000)]
  0x000001bde0972fb0 JavaThread "C1 CompilerThread0" daemon [_thread_blocked, id=264, stack(0x00000074f5200000,0x00000074f5300000)]
  0x000001bde09860c0 JavaThread "Sweeper thread" daemon [_thread_blocked, id=12908, stack(0x00000074f5300000,0x00000074f5400000)]
  0x000001bde0b40620 JavaThread "Common-Cleaner" daemon [_thread_blocked, id=12708, stack(0x00000074f5400000,0x00000074f5500000)]
  0x000001bde0d5c6a0 JavaThread "Notification Thread" daemon [_thread_blocked, id=12736, stack(0x00000074f5600000,0x00000074f5700000)]
  0x000001bd820a4290 JavaThread "Daemon health stats" [_thread_blocked, id=3432, stack(0x00000074f5b00000,0x00000074f5c00000)]
  0x000001bd8136b0a0 JavaThread "Incoming local TCP Connector on port 51594" [_thread_in_native, id=13260, stack(0x00000074f5c00000,0x00000074f5d00000)]
  0x000001bd8184c0c0 JavaThread "Daemon periodic checks" [_thread_blocked, id=12648, stack(0x00000074f5d00000,0x00000074f5e00000)]
  0x000001bd81d0dde0 JavaThread "Daemon" [_thread_blocked, id=12744, stack(0x00000074f5e00000,0x00000074f5f00000)]
  0x000001bd81f41de0 JavaThread "Handler for socket connection from /127.0.0.1:51594 to /127.0.0.1:51595" [_thread_in_native, id=2924, stack(0x00000074f5f00000,0x00000074f6000000)]
  0x000001bd81d22110 JavaThread "Cancel handler" [_thread_blocked, id=4308, stack(0x00000074f6000000,0x00000074f6100000)]
=>0x000001bd822193f0 JavaThread "Daemon worker" [_thread_in_Java, id=12488, stack(0x00000074f6100000,0x00000074f6200000)]
  0x000001bde0e1ea80 JavaThread "Asynchronous log dispatcher for DefaultDaemonConnection: socket connection from /127.0.0.1:51594 to /127.0.0.1:51595" [_thread_blocked, id=11032, stack(0x00000074f6200000,0x00000074f6300000)]
  0x000001bde0e1d130 JavaThread "Stdin handler" [_thread_blocked, id=11676, stack(0x00000074f6300000,0x00000074f6400000)]
  0x000001bde0e1db50 JavaThread "Daemon client event forwarder" [_thread_blocked, id=13048, stack(0x00000074f6400000,0x00000074f6500000)]
  0x000001bde0e1e060 JavaThread "Cache worker for journal cache (C:\Users\MAHE\.gradle\caches\journal-1)" [_thread_blocked, id=12688, stack(0x00000074f6500000,0x00000074f6600000)]
  0x000001bd82521af0 JavaThread "File lock request listener" [_thread_in_native, id=8456, stack(0x00000074f6600000,0x00000074f6700000)]
  0x000001bd8251bfd0 JavaThread "Cache worker for file hash cache (C:\Users\MAHE\.gradle\caches\8.3\fileHashes)" [_thread_blocked, id=11608, stack(0x00000074f6700000,0x00000074f6800000)]
  0x000001bd8251fc90 JavaThread "File watcher server" daemon [_thread_in_native, id=9276, stack(0x00000074f6800000,0x00000074f6900000)]
  0x000001bd82522510 JavaThread "File watcher consumer" daemon [_thread_blocked, id=9620, stack(0x00000074f6900000,0x00000074f6a00000)]
  0x000001bd825210d0 JavaThread "Cache worker for checksums cache (C:\Users\MAHE\Documents\DOC APP BACKUP FILES\april30_\demo1_joyson1\android\.gradle\8.3\checksums)" [_thread_blocked, id=9656, stack(0x00000074f6a00000,0x00000074f6b00000)]
  0x000001bd8251c9f0 JavaThread "Cache worker for file hash cache (C:\Users\MAHE\Documents\DOC APP BACKUP FILES\april30_\demo1_joyson1\android\.gradle\8.3\fileHashes)" [_thread_blocked, id=5016, stack(0x00000074f6b00000,0x00000074f6c00000)]
  0x000001bd8251c4e0 JavaThread "Cache worker for cache directory md-supplier (C:\Users\MAHE\.gradle\caches\8.3\md-supplier)" [_thread_blocked, id=13264, stack(0x00000074f6c00000,0x00000074f6d00000)]
  0x000001bd8251e850 JavaThread "Cache worker for file content cache (C:\Users\MAHE\.gradle\caches\8.3\fileContent)" [_thread_blocked, id=12720, stack(0x00000074f6d00000,0x00000074f6e00000)]
  0x000001bd8251cf00 JavaThread "Cache worker for cache directory md-rule (C:\Users\MAHE\.gradle\caches\8.3\md-rule)" [_thread_blocked, id=1956, stack(0x00000074f6e00000,0x00000074f6f00000)]
  0x000001bd8251d410 JavaThread "Cache worker for execution history cache (C:\Users\MAHE\.gradle\caches\8.3\executionHistory)" [_thread_blocked, id=8236, stack(0x00000074f6f00000,0x00000074f7000000)]
  0x000001bd8251d920 JavaThread "jar transforms" [_thread_blocked, id=3956, stack(0x00000074f7100000,0x00000074f7200000)]
  0x000001bd825201a0 JavaThread "jar transforms Thread 2" [_thread_blocked, id=13888, stack(0x00000074f7200000,0x00000074f7300000)]
  0x000001bd825215e0 JavaThread "jar transforms Thread 3" [_thread_blocked, id=12984, stack(0x00000074f7300000,0x00000074f7400000)]
  0x000001bd8251de30 JavaThread "jar transforms Thread 4" [_thread_blocked, id=10752, stack(0x00000074f7400000,0x00000074f7500000)]
  0x000001bd8197eb30 JavaThread "C2 CompilerThread1" daemon [_thread_blocked, id=8324, stack(0x00000074f5500000,0x00000074f5600000)]
  0x000001bd8251f270 JavaThread "Cache worker for kotlin-dsl (C:\Users\MAHE\.gradle\caches\8.3\kotlin-dsl)" [_thread_blocked, id=13676, stack(0x00000074f7500000,0x00000074f7600000)]
  0x000001bd82522a20 JavaThread "Unconstrained build operations" [_thread_blocked, id=13020, stack(0x00000074f7600000,0x00000074f7700000)]
  0x000001bd82522f30 JavaThread "Unconstrained build operations Thread 2" [_thread_blocked, id=13952, stack(0x00000074f7700000,0x00000074f7800000)]

Other Threads:
  0x000001bde0946500 VMThread "VM Thread" [stack: 0x00000074f4a00000,0x00000074f4b00000] [id=13596]
  0x000001bde0d5cb80 WatcherThread [stack: 0x00000074f5700000,0x00000074f5800000] [id=2064]
  0x000001bdbfc25af0 GCTaskThread "GC Thread#0" [stack: 0x00000074f4500000,0x00000074f4600000] [id=14088]
  0x000001bde0e42320 GCTaskThread "GC Thread#1" [stack: 0x00000074f5800000,0x00000074f5900000] [id=9044]
  0x000001bd802fd920 GCTaskThread "GC Thread#2" [stack: 0x00000074f5900000,0x00000074f5a00000] [id=12268]
  0x000001bd8000e030 GCTaskThread "GC Thread#3" [stack: 0x00000074f5a00000,0x00000074f5b00000] [id=8292]
  0x000001bdbfc36a40 ConcurrentGCThread "G1 Main Marker" [stack: 0x00000074f4600000,0x00000074f4700000] [id=14016]
  0x000001bdbfc37c00 ConcurrentGCThread "G1 Conc#0" [stack: 0x00000074f4700000,0x00000074f4800000] [id=8640]
  0x000001bdbfc6e310 ConcurrentGCThread "G1 Refine#0" [stack: 0x00000074f4800000,0x00000074f4900000] [id=13980]
  0x000001bd8396e070 ConcurrentGCThread "G1 Refine#1" [stack: 0x00000074f7000000,0x00000074f7100000] [id=6500]
  0x000001bde087fe60 ConcurrentGCThread "G1 Service" [stack: 0x00000074f4900000,0x00000074f4a00000] [id=14172]

Threads with active compile tasks:

VM state: not at safepoint (normal execution)

VM Mutex/Monitor currently owned by a thread: None

Heap address: 0x0000000080000000, size: 2048 MB, Compressed Oops mode: 32-bit

CDS archive(s) mapped at: [0x000001bde1000000-0x000001bde1bc0000-0x000001bde1bc0000), size 12320768, SharedBaseAddress: 0x000001bde1000000, ArchiveRelocationMode: 1.
Compressed class space mapped at: 0x000001bde2000000-0x000001bdfc000000, reserved size: 436207616
Narrow klass base: 0x000001bde1000000, Narrow klass shift: 0, Narrow klass range: 0x100000000

GC Precious Log:
 CPUs: 4 total, 4 available
 Memory: 16309M
 Large Page Support: Disabled
 NUMA Support: Disabled
 Compressed Oops: Enabled (32-bit)
 Heap Region Size: 1M
 Heap Min Capacity: 8M
 Heap Initial Capacity: 256M
 Heap Max Capacity: 2G
 Pre-touch: Disabled
 Parallel Workers: 4
 Concurrent Workers: 1
 Concurrent Refinement Workers: 4
 Periodic GC: Disabled

Heap:
 garbage-first heap   total 81920K, used 54921K [0x0000000080000000, 0x0000000100000000)
  region size 1024K, 24 young (24576K), 3 survivors (3072K)
 Metaspace       used 40916K, committed 41344K, reserved 491520K
  class space    used 5714K, committed 5888K, reserved 425984K

Heap Regions: E=young(eden), S=young(survivor), O=old, HS=humongous(starts), HC=humongous(continues), CS=collection set, F=free, OA=open archive, CA=closed archive, TAMS=top-at-mark-start (previous, next)
|   0|0x0000000080000000, 0x0000000080100000, 0x0000000080100000|100%| O|  |TAMS 0x0000000080100000, 0x0000000080000000| Untracked 
|   1|0x0000000080100000, 0x0000000080200000, 0x0000000080200000|100%| O|  |TAMS 0x0000000080200000, 0x0000000080100000| Untracked 
|   2|0x0000000080200000, 0x0000000080300000, 0x0000000080300000|100%|HS|  |TAMS 0x0000000080300000, 0x0000000080200000| Complete 
|   3|0x0000000080300000, 0x0000000080400000, 0x0000000080400000|100%|HC|  |TAMS 0x0000000080400000, 0x0000000080300000| Complete 
|   4|0x0000000080400000, 0x0000000080500000, 0x0000000080500000|100%|HC|  |TAMS 0x0000000080500000, 0x0000000080400000| Complete 
|   5|0x0000000080500000, 0x0000000080600000, 0x0000000080600000|100%|HC|  |TAMS 0x0000000080600000, 0x0000000080500000| Complete 
|   6|0x0000000080600000, 0x0000000080700000, 0x0000000080700000|100%| O|  |TAMS 0x0000000080700000, 0x0000000080600000| Untracked 
|   7|0x0000000080700000, 0x0000000080800000, 0x0000000080800000|100%| O|  |TAMS 0x0000000080800000, 0x0000000080700000| Untracked 
|   8|0x0000000080800000, 0x0000000080900000, 0x0000000080900000|100%| O|  |TAMS 0x0000000080900000, 0x0000000080800000| Untracked 
|   9|0x0000000080900000, 0x0000000080a00000, 0x0000000080a00000|100%| O|  |TAMS 0x0000000080a00000, 0x0000000080900000| Untracked 
|  10|0x0000000080a00000, 0x0000000080b00000, 0x0000000080b00000|100%| O|  |TAMS 0x0000000080b00000, 0x0000000080a00000| Untracked 
|  11|0x0000000080b00000, 0x0000000080bba800, 0x0000000080c00000| 72%| O|  |TAMS 0x0000000080bba800, 0x0000000080b00000| Untracked 
|  12|0x0000000080c00000, 0x0000000080d00000, 0x0000000080d00000|100%| O|  |TAMS 0x0000000080d00000, 0x0000000080c00000| Untracked 
|  13|0x0000000080d00000, 0x0000000080e00000, 0x0000000080e00000|100%| O|  |TAMS 0x0000000080e00000, 0x0000000080d00000| Untracked 
|  14|0x0000000080e00000, 0x0000000080f00000, 0x0000000080f00000|100%| O|  |TAMS 0x0000000080f00000, 0x0000000080e00000| Untracked 
|  15|0x0000000080f00000, 0x0000000081000000, 0x0000000081000000|100%| O|  |TAMS 0x0000000081000000, 0x0000000080f00000| Untracked 
|  16|0x0000000081000000, 0x0000000081100000, 0x0000000081100000|100%| O|  |TAMS 0x0000000081100000, 0x0000000081000000| Untracked 
|  17|0x0000000081100000, 0x0000000081200000, 0x0000000081200000|100%| O|  |TAMS 0x0000000081200000, 0x0000000081100000| Untracked 
|  18|0x0000000081200000, 0x0000000081300000, 0x0000000081300000|100%| O|  |TAMS 0x0000000081300000, 0x0000000081200000| Untracked 
|  19|0x0000000081300000, 0x0000000081400000, 0x0000000081400000|100%| O|  |TAMS 0x0000000081400000, 0x0000000081300000| Untracked 
|  20|0x0000000081400000, 0x0000000081500000, 0x0000000081500000|100%| O|  |TAMS 0x0000000081500000, 0x0000000081400000| Untracked 
|  21|0x0000000081500000, 0x0000000081600000, 0x0000000081600000|100%| O|  |TAMS 0x0000000081600000, 0x0000000081500000| Untracked 
|  22|0x0000000081600000, 0x0000000081700000, 0x0000000081700000|100%| O|  |TAMS 0x0000000081700000, 0x0000000081600000| Untracked 
|  23|0x0000000081700000, 0x0000000081800000, 0x0000000081800000|100%| O|  |TAMS 0x0000000081800000, 0x0000000081700000| Untracked 
|  24|0x0000000081800000, 0x0000000081900000, 0x0000000081900000|100%| O|  |TAMS 0x0000000081900000, 0x0000000081800000| Untracked 
|  25|0x0000000081900000, 0x0000000081a00000, 0x0000000081a00000|100%| O|  |TAMS 0x0000000081a00000, 0x0000000081900000| Untracked 
|  26|0x0000000081a00000, 0x0000000081b00000, 0x0000000081b00000|100%| O|  |TAMS 0x0000000081b00000, 0x0000000081a00000| Untracked 
|  27|0x0000000081b00000, 0x0000000081be7e00, 0x0000000081c00000| 90%| O|  |TAMS 0x0000000081be7e00, 0x0000000081b00000| Untracked 
|  28|0x0000000081c00000, 0x0000000081c00000, 0x0000000081d00000|  0%| F|  |TAMS 0x0000000081c00000, 0x0000000081c00000| Untracked 
|  29|0x0000000081d00000, 0x0000000081d00000, 0x0000000081e00000|  0%| F|  |TAMS 0x0000000081d00000, 0x0000000081d00000| Untracked 
|  30|0x0000000081e00000, 0x0000000081f00000, 0x0000000081f00000|100%| O|  |TAMS 0x0000000081f00000, 0x0000000081e00000| Untracked 
|  31|0x0000000081f00000, 0x0000000082000000, 0x0000000082000000|100%| O|  |TAMS 0x0000000082000000, 0x0000000081f00000| Untracked 
|  32|0x0000000082000000, 0x0000000082100000, 0x0000000082100000|100%| O|  |TAMS 0x0000000082100000, 0x0000000082000000| Untracked 
|  33|0x0000000082100000, 0x0000000082100000, 0x0000000082200000|  0%| F|  |TAMS 0x0000000082100000, 0x0000000082100000| Untracked 
|  34|0x0000000082200000, 0x0000000082200000, 0x0000000082300000|  0%| F|  |TAMS 0x0000000082200000, 0x0000000082200000| Untracked 
|  35|0x0000000082300000, 0x0000000082300000, 0x0000000082400000|  0%| F|  |TAMS 0x0000000082300000, 0x0000000082300000| Untracked 
|  36|0x0000000082400000, 0x0000000082400000, 0x0000000082500000|  0%| F|  |TAMS 0x0000000082400000, 0x0000000082400000| Untracked 
|  37|0x0000000082500000, 0x0000000082500000, 0x0000000082600000|  0%| F|  |TAMS 0x0000000082500000, 0x0000000082500000| Untracked 
|  38|0x0000000082600000, 0x0000000082600000, 0x0000000082700000|  0%| F|  |TAMS 0x0000000082600000, 0x0000000082600000| Untracked 
|  39|0x0000000082700000, 0x0000000082700000, 0x0000000082800000|  0%| F|  |TAMS 0x0000000082700000, 0x0000000082700000| Untracked 
|  40|0x0000000082800000, 0x0000000082800000, 0x0000000082900000|  0%| F|  |TAMS 0x0000000082800000, 0x0000000082800000| Untracked 
|  41|0x0000000082900000, 0x0000000082900000, 0x0000000082a00000|  0%| F|  |TAMS 0x0000000082900000, 0x0000000082900000| Untracked 
|  42|0x0000000082a00000, 0x0000000082a00000, 0x0000000082b00000|  0%| F|  |TAMS 0x0000000082a00000, 0x0000000082a00000| Untracked 
|  43|0x0000000082b00000, 0x0000000082b00000, 0x0000000082c00000|  0%| F|  |TAMS 0x0000000082b00000, 0x0000000082b00000| Untracked 
|  44|0x0000000082c00000, 0x0000000082c00000, 0x0000000082d00000|  0%| F|  |TAMS 0x0000000082c00000, 0x0000000082c00000| Untracked 
|  45|0x0000000082d00000, 0x0000000082d00000, 0x0000000082e00000|  0%| F|  |TAMS 0x0000000082d00000, 0x0000000082d00000| Untracked 
|  46|0x0000000082e00000, 0x0000000082f00000, 0x0000000082f00000|100%| S|CS|TAMS 0x0000000082e00000, 0x0000000082e00000| Complete 
|  47|0x0000000082f00000, 0x0000000083000000, 0x0000000083000000|100%| S|CS|TAMS 0x0000000082f00000, 0x0000000082f00000| Complete 
|  48|0x0000000083000000, 0x0000000083100000, 0x0000000083100000|100%| S|CS|TAMS 0x0000000083000000, 0x0000000083000000| Complete 
|  49|0x0000000083100000, 0x0000000083100000, 0x0000000083200000|  0%| F|  |TAMS 0x0000000083100000, 0x0000000083100000| Untracked 
|  50|0x0000000083200000, 0x0000000083200000, 0x0000000083300000|  0%| F|  |TAMS 0x0000000083200000, 0x0000000083200000| Untracked 
|  51|0x0000000083300000, 0x0000000083300000, 0x0000000083400000|  0%| F|  |TAMS 0x0000000083300000, 0x0000000083300000| Untracked 
|  52|0x0000000083400000, 0x0000000083400000, 0x0000000083500000|  0%| F|  |TAMS 0x0000000083400000, 0x0000000083400000| Untracked 
|  53|0x0000000083500000, 0x0000000083500000, 0x0000000083600000|  0%| F|  |TAMS 0x0000000083500000, 0x0000000083500000| Untracked 
|  54|0x0000000083600000, 0x0000000083600000, 0x0000000083700000|  0%| F|  |TAMS 0x0000000083600000, 0x0000000083600000| Untracked 
|  55|0x0000000083700000, 0x0000000083700000, 0x0000000083800000|  0%| F|  |TAMS 0x0000000083700000, 0x0000000083700000| Untracked 
|  56|0x0000000083800000, 0x0000000083800000, 0x0000000083900000|  0%| F|  |TAMS 0x0000000083800000, 0x0000000083800000| Untracked 
|  57|0x0000000083900000, 0x0000000083900000, 0x0000000083a00000|  0%| F|  |TAMS 0x0000000083900000, 0x0000000083900000| Untracked 
|  58|0x0000000083a00000, 0x0000000083a00000, 0x0000000083b00000|  0%| F|  |TAMS 0x0000000083a00000, 0x0000000083a00000| Untracked 
|  59|0x0000000083b00000, 0x0000000083b80800, 0x0000000083c00000| 50%| E|  |TAMS 0x0000000083b00000, 0x0000000083b00000| Complete 
|  60|0x0000000083c00000, 0x0000000083d00000, 0x0000000083d00000|100%| E|CS|TAMS 0x0000000083c00000, 0x0000000083c00000| Complete 
|  61|0x0000000083d00000, 0x0000000083e00000, 0x0000000083e00000|100%| E|CS|TAMS 0x0000000083d00000, 0x0000000083d00000| Complete 
|  62|0x0000000083e00000, 0x0000000083f00000, 0x0000000083f00000|100%| E|CS|TAMS 0x0000000083e00000, 0x0000000083e00000| Complete 
|  63|0x0000000083f00000, 0x0000000084000000, 0x0000000084000000|100%| E|CS|TAMS 0x0000000083f00000, 0x0000000083f00000| Complete 
|  64|0x0000000084000000, 0x0000000084100000, 0x0000000084100000|100%| E|CS|TAMS 0x0000000084000000, 0x0000000084000000| Complete 
|  65|0x0000000084100000, 0x0000000084200000, 0x0000000084200000|100%| E|CS|TAMS 0x0000000084100000, 0x0000000084100000| Complete 
|  66|0x0000000084200000, 0x0000000084300000, 0x0000000084300000|100%| E|CS|TAMS 0x0000000084200000, 0x0000000084200000| Complete 
| 130|0x0000000088200000, 0x0000000088300000, 0x0000000088300000|100%| E|CS|TAMS 0x0000000088200000, 0x0000000088200000| Complete 
| 131|0x0000000088300000, 0x0000000088400000, 0x0000000088400000|100%| E|CS|TAMS 0x0000000088300000, 0x0000000088300000| Complete 
| 132|0x0000000088400000, 0x0000000088500000, 0x0000000088500000|100%| E|CS|TAMS 0x0000000088400000, 0x0000000088400000| Complete 
| 133|0x0000000088500000, 0x0000000088600000, 0x0000000088600000|100%| E|CS|TAMS 0x0000000088500000, 0x0000000088500000| Complete 
| 134|0x0000000088600000, 0x0000000088700000, 0x0000000088700000|100%| E|CS|TAMS 0x0000000088600000, 0x0000000088600000| Complete 
| 135|0x0000000088700000, 0x0000000088800000, 0x0000000088800000|100%| E|CS|TAMS 0x0000000088700000, 0x0000000088700000| Complete 
| 136|0x0000000088800000, 0x0000000088900000, 0x0000000088900000|100%| E|CS|TAMS 0x0000000088800000, 0x0000000088800000| Complete 
| 137|0x0000000088900000, 0x0000000088a00000, 0x0000000088a00000|100%| E|CS|TAMS 0x0000000088900000, 0x0000000088900000| Complete 
| 138|0x0000000088a00000, 0x0000000088b00000, 0x0000000088b00000|100%| E|CS|TAMS 0x0000000088a00000, 0x0000000088a00000| Complete 
| 139|0x0000000088b00000, 0x0000000088c00000, 0x0000000088c00000|100%| E|CS|TAMS 0x0000000088b00000, 0x0000000088b00000| Complete 
| 140|0x0000000088c00000, 0x0000000088d00000, 0x0000000088d00000|100%| E|CS|TAMS 0x0000000088c00000, 0x0000000088c00000| Complete 
| 141|0x0000000088d00000, 0x0000000088e00000, 0x0000000088e00000|100%| E|CS|TAMS 0x0000000088d00000, 0x0000000088d00000| Complete 
| 255|0x000000008ff00000, 0x0000000090000000, 0x0000000090000000|100%| E|CS|TAMS 0x000000008ff00000, 0x000000008ff00000| Complete 

Card table byte_map: [0x000001bdd9c80000,0x000001bdda080000] _byte_map_base: 0x000001bdd9880000

Marking Bits (Prev, Next): (CMBitMap*) 0x000001bdbfc26110, (CMBitMap*) 0x000001bdbfc26150
 Prev Bits: [0x000001bdda480000, 0x000001bddc480000)
 Next Bits: [0x000001bddc480000, 0x000001bdde480000)

Polling page: 0x000001bdbf930000

Metaspace:

Usage:
  Non-class:     34.38 MB used.
      Class:      5.58 MB used.
       Both:     39.96 MB used.

Virtual space:
  Non-class space:       64.00 MB reserved,      34.62 MB ( 54%) committed,  1 nodes.
      Class space:      416.00 MB reserved,       5.75 MB (  1%) committed,  1 nodes.
             Both:      480.00 MB reserved,      40.38 MB (  8%) committed. 

Chunk freelists:
   Non-Class:  13.33 MB
       Class:  10.13 MB
        Both:  23.46 MB

MaxMetaspaceSize: 512.00 MB
CompressedClassSpaceSize: 416.00 MB
Initial GC threshold: 21.00 MB
Current GC threshold: 59.06 MB
CDS: on
MetaspaceReclaimPolicy: balanced
 - commit_granule_bytes: 65536.
 - commit_granule_words: 8192.
 - virtual_space_node_default_size: 8388608.
 - enlarge_chunks_in_place: 1.
 - new_chunks_are_fully_committed: 0.
 - uncommit_free_chunks: 1.
 - use_allocation_guard: 0.
 - handle_deallocations: 1.


Internal statistics:

num_allocs_failed_limit: 6.
num_arena_births: 528.
num_arena_deaths: 0.
num_vsnodes_births: 2.
num_vsnodes_deaths: 0.
num_space_committed: 646.
num_space_uncommitted: 0.
num_chunks_returned_to_freelist: 6.
num_chunks_taken_from_freelist: 2064.
num_chunk_merges: 6.
num_chunk_splits: 1386.
num_chunks_enlarged: 969.
num_inconsistent_stats: 0.

CodeHeap 'non-profiled nmethods': size=120000Kb used=2044Kb max_used=3020Kb free=117955Kb
 bounds [0x000001bdd1d30000, 0x000001bdd2030000, 0x000001bdd9260000]
CodeHeap 'profiled nmethods': size=120000Kb used=7542Kb max_used=9478Kb free=112457Kb
 bounds [0x000001bdca260000, 0x000001bdcabb0000, 0x000001bdd1790000]
CodeHeap 'non-nmethods': size=5760Kb used=2316Kb max_used=2356Kb free=3443Kb
 bounds [0x000001bdd1790000, 0x000001bdd1a00000, 0x000001bdd1d30000]
 total_blobs=4654 nmethods=3820 adapters=745
 compilation: enabled
              stopped_count=0, restarted_count=0
 full_count=0

Compilation events (20 events):
Event: 16.603 Thread 0x000001bd8197eb30 nmethod 4558 0x000001bdd1e22110 code [0x000001bdd1e222a0, 0x000001bdd1e223f8]
Event: 16.604 Thread 0x000001bde0972fb0 4559       3       org.gradle.internal.instantiation.generator.AbstractClassGenerator$ExtensibleTypePropertyHandler::unclaimed (64 bytes)
Event: 16.605 Thread 0x000001bde0972fb0 nmethod 4559 0x000001bdca26e510 code [0x000001bdca26e720, 0x000001bdca26ee08]
Event: 16.605 Thread 0x000001bde0972fb0 4562       3       com.google.common.collect.LinkedHashMultimap::access$200 (6 bytes)
Event: 16.605 Thread 0x000001bde0972fb0 nmethod 4562 0x000001bdca323010 code [0x000001bdca3231c0, 0x000001bdca3234b8]
Event: 16.605 Thread 0x000001bde0972fb0 4561       1       com.google.common.collect.LinkedHashMultimap$ValueEntry::setPredecessorInValueSet (6 bytes)
Event: 16.605 Thread 0x000001bde0972fb0 nmethod 4561 0x000001bdd1d87c10 code [0x000001bdd1d87da0, 0x000001bdd1d87eb8]
Event: 16.605 Thread 0x000001bde0972fb0 4563       1       com.google.common.collect.LinkedHashMultimap$ValueSet::setPredecessorInValueSet (6 bytes)
Event: 16.605 Thread 0x000001bde0972fb0 nmethod 4563 0x000001bdd1e17810 code [0x000001bdd1e179a0, 0x000001bdd1e17ab8]
Event: 16.605 Thread 0x000001bd8197eb30 4560       4       org.gradle.internal.instantiation.generator.AbstractClassGenerator$ClassGenerationHandler::visitProperty (1 bytes)
Event: 16.605 Thread 0x000001bd8197eb30 nmethod 4560 0x000001bdd1fcb610 code [0x000001bdd1fcb780, 0x000001bdd1fcb7f8]
Event: 16.605 Thread 0x000001bd8197eb30 4564       4       org.objectweb.asm.SymbolTable::addConstantUtf8Reference (101 bytes)
Event: 16.607 Thread 0x000001bde0972fb0 4567       3       sun.reflect.generics.scope.AbstractScope::lookup (66 bytes)
Event: 16.608 Thread 0x000001bde0972fb0 nmethod 4567 0x000001bdca53bb10 code [0x000001bdca53bd20, 0x000001bdca53c528]
Event: 16.608 Thread 0x000001bde0972fb0 4566       3       sun.reflect.generics.tree.TypeVariableSignature::make (9 bytes)
Event: 16.608 Thread 0x000001bde0972fb0 nmethod 4566 0x000001bdca2cc110 code [0x000001bdca2cc2c0, 0x000001bdca2cc518]
Event: 16.608 Thread 0x000001bde0972fb0 4565       3       org.gradle.model.internal.asm.MethodVisitorScope::_PUTFIELD (11 bytes)
Event: 16.608 Thread 0x000001bde0972fb0 nmethod 4565 0x000001bdca287f10 code [0x000001bdca2880c0, 0x000001bdca288358]
Event: 16.609 Thread 0x000001bde0972fb0 4568       3       java.util.concurrent.ConcurrentHashMap$Traverser::<init> (36 bytes)
Event: 16.609 Thread 0x000001bde0972fb0 nmethod 4568 0x000001bdca280a90 code [0x000001bdca280c20, 0x000001bdca280e18]

GC Heap History (20 events):
Event: 0.551 GC heap before
{Heap before GC invocations=0 (full 0):
 garbage-first heap   total 262144K, used 13312K [0x0000000080000000, 0x0000000100000000)
  region size 1024K, 13 young (13312K), 0 survivors (0K)
 Metaspace       used 1011K, committed 1152K, reserved 491520K
  class space    used 78K, committed 128K, reserved 425984K
}
Event: 0.561 GC heap after
{Heap after GC invocations=1 (full 0):
 garbage-first heap   total 262144K, used 3337K [0x0000000080000000, 0x0000000100000000)
  region size 1024K, 2 young (2048K), 2 survivors (2048K)
 Metaspace       used 1011K, committed 1152K, reserved 491520K
  class space    used 78K, committed 128K, reserved 425984K
}
Event: 1.159 GC heap before
{Heap before GC invocations=1 (full 0):
 garbage-first heap   total 262144K, used 21769K [0x0000000080000000, 0x0000000100000000)
  region size 1024K, 17 young (17408K), 2 survivors (2048K)
 Metaspace       used 3855K, committed 4032K, reserved 491520K
  class space    used 484K, committed 576K, reserved 425984K
}
Event: 1.163 GC heap after
{Heap after GC invocations=2 (full 0):
 garbage-first heap   total 262144K, used 11025K [0x0000000080000000, 0x0000000100000000)
  region size 1024K, 3 young (3072K), 3 survivors (3072K)
 Metaspace       used 3855K, committed 4032K, reserved 491520K
  class space    used 484K, committed 576K, reserved 425984K
}
Event: 1.701 GC heap before
{Heap before GC invocations=2 (full 0):
 garbage-first heap   total 262144K, used 33553K [0x0000000080000000, 0x0000000100000000)
  region size 1024K, 25 young (25600K), 3 survivors (3072K)
 Metaspace       used 4046K, committed 4224K, reserved 491520K
  class space    used 491K, committed 576K, reserved 425984K
}
Event: 1.704 GC heap after
{Heap after GC invocations=3 (full 0):
 garbage-first heap   total 262144K, used 12265K [0x0000000080000000, 0x0000000100000000)
  region size 1024K, 2 young (2048K), 2 survivors (2048K)
 Metaspace       used 4046K, committed 4224K, reserved 491520K
  class space    used 491K, committed 576K, reserved 425984K
}
Event: 4.398 GC heap before
{Heap before GC invocations=3 (full 0):
 garbage-first heap   total 262144K, used 125929K [0x0000000080000000, 0x0000000100000000)
  region size 1024K, 114 young (116736K), 2 survivors (2048K)
 Metaspace       used 21199K, committed 21504K, reserved 491520K
  class space    used 3129K, committed 3328K, reserved 425984K
}
Event: 4.409 GC heap after
{Heap after GC invocations=4 (full 0):
 garbage-first heap   total 262144K, used 22894K [0x0000000080000000, 0x0000000100000000)
  region size 1024K, 12 young (12288K), 12 survivors (12288K)
 Metaspace       used 21199K, committed 21504K, reserved 491520K
  class space    used 3129K, committed 3328K, reserved 425984K
}
Event: 5.223 GC heap before
{Heap before GC invocations=5 (full 0):
 garbage-first heap   total 81920K, used 59758K [0x0000000080000000, 0x0000000100000000)
  region size 1024K, 48 young (49152K), 12 survivors (12288K)
 Metaspace       used 27822K, committed 28160K, reserved 491520K
  class space    used 3960K, committed 4096K, reserved 425984K
}
Event: 5.232 GC heap after
{Heap after GC invocations=6 (full 0):
 garbage-first heap   total 81920K, used 25688K [0x0000000080000000, 0x0000000100000000)
  region size 1024K, 4 young (4096K), 4 survivors (4096K)
 Metaspace       used 27822K, committed 28160K, reserved 491520K
  class space    used 3960K, committed 4096K, reserved 425984K
}
Event: 5.790 GC heap before
{Heap before GC invocations=6 (full 0):
 garbage-first heap   total 81920K, used 59480K [0x0000000080000000, 0x0000000100000000)
  region size 1024K, 38 young (38912K), 4 survivors (4096K)
 Metaspace       used 31154K, committed 31552K, reserved 491520K
  class space    used 4396K, committed 4608K, reserved 425984K
}
Event: 5.798 GC heap after
{Heap after GC invocations=7 (full 0):
 garbage-first heap   total 81920K, used 28393K [0x0000000080000000, 0x0000000100000000)
  region size 1024K, 3 young (3072K), 3 survivors (3072K)
 Metaspace       used 31154K, committed 31552K, reserved 491520K
  class space    used 4396K, committed 4608K, reserved 425984K
}
Event: 15.026 GC heap before
{Heap before GC invocations=7 (full 0):
 garbage-first heap   total 81920K, used 67305K [0x0000000080000000, 0x0000000100000000)
  region size 1024K, 36 young (36864K), 3 survivors (3072K)
 Metaspace       used 33441K, committed 33856K, reserved 491520K
  class space    used 4610K, committed 4800K, reserved 425984K
}
Event: 15.032 GC heap after
{Heap after GC invocations=8 (full 0):
 garbage-first heap   total 81920K, used 31425K [0x0000000080000000, 0x0000000100000000)
  region size 1024K, 4 young (4096K), 4 survivors (4096K)
 Metaspace       used 33441K, committed 33856K, reserved 491520K
  class space    used 4610K, committed 4800K, reserved 425984K
}
Event: 15.632 GC heap before
{Heap before GC invocations=8 (full 0):
 garbage-first heap   total 81920K, used 61121K [0x0000000080000000, 0x0000000100000000)
  region size 1024K, 34 young (34816K), 4 survivors (4096K)
 Metaspace       used 35117K, committed 35584K, reserved 491520K
  class space    used 4852K, committed 5056K, reserved 425984K
}
Event: 15.637 GC heap after
{Heap after GC invocations=9 (full 0):
 garbage-first heap   total 81920K, used 33217K [0x0000000080000000, 0x0000000100000000)
  region size 1024K, 2 young (2048K), 2 survivors (2048K)
 Metaspace       used 35117K, committed 35584K, reserved 491520K
  class space    used 4852K, committed 5056K, reserved 425984K
}
Event: 15.652 GC heap before
{Heap before GC invocations=9 (full 0):
 garbage-first heap   total 81920K, used 36289K [0x0000000080000000, 0x0000000100000000)
  region size 1024K, 4 young (4096K), 2 survivors (2048K)
 Metaspace       used 35736K, committed 36160K, reserved 491520K
  class space    used 4852K, committed 5056K, reserved 425984K
}
Event: 15.655 GC heap after
{Heap after GC invocations=10 (full 0):
 garbage-first heap   total 81920K, used 33933K [0x0000000080000000, 0x0000000100000000)
  region size 1024K, 2 young (2048K), 2 survivors (2048K)
 Metaspace       used 35736K, committed 36160K, reserved 491520K
  class space    used 4852K, committed 5056K, reserved 425984K
}
Event: 16.211 GC heap before
{Heap before GC invocations=11 (full 0):
 garbage-first heap   total 81920K, used 62605K [0x0000000080000000, 0x0000000100000000)
  region size 1024K, 31 young (31744K), 2 survivors (2048K)
 Metaspace       used 38723K, committed 39232K, reserved 491520K
  class space    used 5370K, committed 5568K, reserved 425984K
}
Event: 16.214 GC heap after
{Heap after GC invocations=12 (full 0):
 garbage-first heap   total 81920K, used 34441K [0x0000000080000000, 0x0000000100000000)
  region size 1024K, 3 young (3072K), 3 survivors (3072K)
 Metaspace       used 38723K, committed 39232K, reserved 491520K
  class space    used 5370K, committed 5568K, reserved 425984K
}

Dll operation events (15 events):
Event: 0.018 Loaded shared library C:\Program Files\OpenLogic\jdk-17.0.10.7-hotspot\bin\java.dll
Event: 0.039 Loaded shared library C:\Program Files\OpenLogic\jdk-17.0.10.7-hotspot\bin\jsvml.dll
Event: 0.097 Loaded shared library C:\Program Files\OpenLogic\jdk-17.0.10.7-hotspot\bin\zip.dll
Event: 0.100 Loaded shared library C:\Program Files\OpenLogic\jdk-17.0.10.7-hotspot\bin\instrument.dll
Event: 0.108 Loaded shared library C:\Program Files\OpenLogic\jdk-17.0.10.7-hotspot\bin\net.dll
Event: 0.114 Loaded shared library C:\Program Files\OpenLogic\jdk-17.0.10.7-hotspot\bin\nio.dll
Event: 0.122 Loaded shared library C:\Program Files\OpenLogic\jdk-17.0.10.7-hotspot\bin\zip.dll
Event: 0.424 Loaded shared library C:\Program Files\OpenLogic\jdk-17.0.10.7-hotspot\bin\jimage.dll
Event: 0.566 Loaded shared library C:\Program Files\OpenLogic\jdk-17.0.10.7-hotspot\bin\verify.dll
Event: 0.885 Loaded shared library C:\Users\MAHE\.gradle\native\68d5fa5c4cc2d200863cafc0d521ce42e7d3e7ee720ec0a83991735586a16f82\windows-amd64\native-platform.dll
Event: 0.895 Loaded shared library C:\Users\MAHE\.gradle\native\e376f236ea51e6404a007f0833ffe2c6e607c4080706a723a18a27aeea778392\windows-amd64\native-platform-file-events.dll
Event: 2.167 Loaded shared library C:\Program Files\OpenLogic\jdk-17.0.10.7-hotspot\bin\management.dll
Event: 2.174 Loaded shared library C:\Program Files\OpenLogic\jdk-17.0.10.7-hotspot\bin\management_ext.dll
Event: 2.423 Loaded shared library C:\Program Files\OpenLogic\jdk-17.0.10.7-hotspot\bin\extnet.dll
Event: 2.627 Loaded shared library C:\Program Files\OpenLogic\jdk-17.0.10.7-hotspot\bin\sunmscapi.dll

Deoptimization events (20 events):
Event: 16.505 Thread 0x000001bd822193f0 Uncommon trap: trap_request=0xffffffde fr.pc=0x000001bdd1ea8b70 relative=0x0000000000000410
Event: 16.505 Thread 0x000001bd822193f0 Uncommon trap: reason=class_check action=maybe_recompile pc=0x000001bdd1ea8b70 method=java.util.Collections$SetFromMap.remove(Ljava/lang/Object;)Z @ 5 c2
Event: 16.505 Thread 0x000001bd822193f0 DEOPT PACKING pc=0x000001bdd1ea8b70 sp=0x00000074f61f8040
Event: 16.505 Thread 0x000001bd822193f0 DEOPT UNPACKING pc=0x000001bdd17e69a3 sp=0x00000074f61f8028 mode 2
Event: 16.511 Thread 0x000001bd82522a20 Uncommon trap: trap_request=0xffffff45 fr.pc=0x000001bdd1e41250 relative=0x0000000000000f30
Event: 16.511 Thread 0x000001bd82522a20 Uncommon trap: reason=unstable_if action=reinterpret pc=0x000001bdd1e41250 method=java.util.concurrent.ConcurrentHashMap.addCount(JI)V @ 34 c2
Event: 16.511 Thread 0x000001bd82522a20 DEOPT PACKING pc=0x000001bdd1e41250 sp=0x00000074f76fe840
Event: 16.511 Thread 0x000001bd82522a20 DEOPT UNPACKING pc=0x000001bdd17e69a3 sp=0x00000074f76fe700 mode 2
Event: 16.513 Thread 0x000001bd82522a20 Uncommon trap: trap_request=0xffffff45 fr.pc=0x000001bdd1de1698 relative=0x0000000000000158
Event: 16.513 Thread 0x000001bd82522a20 Uncommon trap: reason=unstable_if action=reinterpret pc=0x000001bdd1de1698 method=java.util.concurrent.ConcurrentHashMap.addCount(JI)V @ 7 c2
Event: 16.513 Thread 0x000001bd82522a20 DEOPT PACKING pc=0x000001bdd1de1698 sp=0x00000074f76fe7b0
Event: 16.513 Thread 0x000001bd82522a20 DEOPT UNPACKING pc=0x000001bdd17e69a3 sp=0x00000074f76fe6f0 mode 2
Event: 16.545 Thread 0x000001bd822193f0 Uncommon trap: trap_request=0xffffff3d fr.pc=0x000001bdd1f95bdc relative=0x0000000000000cbc
Event: 16.545 Thread 0x000001bd822193f0 Uncommon trap: reason=unstable_fused_if action=reinterpret pc=0x000001bdd1f95bdc method=org.objectweb.asm.ByteVector.putUTF8(Ljava/lang/String;)Lorg/objectweb/asm/ByteVector; @ 93 c2
Event: 16.545 Thread 0x000001bd822193f0 DEOPT PACKING pc=0x000001bdd1f95bdc sp=0x00000074f61f76b0
Event: 16.545 Thread 0x000001bd822193f0 DEOPT UNPACKING pc=0x000001bdd17e69a3 sp=0x00000074f61f7608 mode 2
Event: 16.556 Thread 0x000001bd822193f0 Uncommon trap: trap_request=0xffffff3d fr.pc=0x000001bdd1eb05d0 relative=0x0000000000000210
Event: 16.556 Thread 0x000001bd822193f0 Uncommon trap: reason=unstable_fused_if action=reinterpret pc=0x000001bdd1eb05d0 method=org.objectweb.asm.ByteVector.putUTF8(Ljava/lang/String;)Lorg/objectweb/asm/ByteVector; @ 93 c2
Event: 16.556 Thread 0x000001bd822193f0 DEOPT PACKING pc=0x000001bdd1eb05d0 sp=0x00000074f61f6c40
Event: 16.556 Thread 0x000001bd822193f0 DEOPT UNPACKING pc=0x000001bdd17e69a3 sp=0x00000074f61f6bc0 mode 2

Classes unloaded (0 events):
No events

Classes redefined (0 events):
No events

Internal exceptions (20 events):
Event: 15.411 Thread 0x000001bd822193f0 Exception <a 'java/lang/NoSuchMethodError'{0x00000000841c2a78}: 'java.lang.Object java.lang.invoke.DirectMethodHandle$Holder.invokeStatic(java.lang.Object, java.lang.Object, java.lang.Object, java.lang.Object, java.lang.Object, java.lang.Object, java.lang.Object, java.lang.Object, java.lang.Object, java.lang.Object, java.lang.Object, java.lang.Object, java.lang.Object, java.lang.Object, java.lang.Object, java.lang.Object, java.lang.Object, java.lang.Object)'> (0x00000000841c2a78) 
thrown [s\src\hotspot\sha
Event: 15.413 Thread 0x000001bd822193f0 Exception <a 'java/lang/NoSuchMethodError'{0x00000000841ecf90}: 'java.lang.Object java.lang.invoke.DirectMethodHandle$Holder.invokeStatic(java.lang.Object, java.lang.Object, java.lang.Object, java.lang.Object, java.lang.Object, java.lang.Object, java.lang.Object, java.lang.Object, java.lang.Object, java.lang.Object, java.lang.Object, java.lang.Object, java.lang.Object, java.lang.Object, java.lang.Object, java.lang.Object, java.lang.Object, java.lang.Object, java.lang.Object)'> (0x00000000841ecf90) 
thrown 
Event: 15.417 Thread 0x000001bd822193f0 Exception <a 'java/lang/NoSuchMethodError'{0x0000000084018920}: 'java.lang.Object java.lang.invoke.DirectMethodHandle$Holder.invokeStatic(java.lang.Object, java.lang.Object, java.lang.Object, java.lang.Object, java.lang.Object, java.lang.Object, java.lang.Object, java.lang.Object, java.lang.Object, java.lang.Object, java.lang.Object, java.lang.Object, java.lang.Object, java.lang.Object, java.lang.Object, java.lang.Object, java.lang.Object, java.lang.Object, java.lang.Object, java.lang.Object)'> (0x00000000
Event: 15.427 Thread 0x000001bd822193f0 Exception <a 'java/lang/NoSuchMethodError'{0x0000000084044c30}: 'java.lang.Object java.lang.invoke.DirectMethodHandle$Holder.invokeStatic(java.lang.Object, java.lang.Object, java.lang.Object, java.lang.Object, java.lang.Object, java.lang.Object, java.lang.Object, java.lang.Object, java.lang.Object, java.lang.Object, java.lang.Object, java.lang.Object, java.lang.Object, java.lang.Object, java.lang.Object, java.lang.Object, java.lang.Object, java.lang.Object, java.lang.Object, java.lang.Object, java.lang.Obj
Event: 15.430 Thread 0x000001bd822193f0 Exception <a 'java/lang/NoSuchMethodError'{0x00000000840719f0}: 'java.lang.Object java.lang.invoke.DirectMethodHandle$Holder.invokeStatic(java.lang.Object, java.lang.Object, java.lang.Object, java.lang.Object, java.lang.Object, java.lang.Object, java.lang.Object, java.lang.Object, java.lang.Object, java.lang.Object, java.lang.Object, java.lang.Object, java.lang.Object, java.lang.Object, java.lang.Object, java.lang.Object, java.lang.Object, java.lang.Object, java.lang.Object, java.lang.Object, java.lang.Obj
Event: 15.432 Thread 0x000001bd822193f0 Exception <a 'java/lang/NoSuchMethodError'{0x000000008409fb68}: 'java.lang.Object java.lang.invoke.DirectMethodHandle$Holder.invokeStatic(java.lang.Object, java.lang.Object, java.lang.Object, java.lang.Object, java.lang.Object, java.lang.Object, java.lang.Object, java.lang.Object, java.lang.Object, java.lang.Object, java.lang.Object, java.lang.Object, java.lang.Object, java.lang.Object, java.lang.Object, java.lang.Object, java.lang.Object, java.lang.Object, java.lang.Object, java.lang.Object, java.lang.Obj
Event: 15.436 Thread 0x000001bd822193f0 Exception <a 'java/lang/NoSuchMethodError'{0x00000000840cf6b0}: 'java.lang.Object java.lang.invoke.DirectMethodHandle$Holder.invokeStatic(java.lang.Object, java.lang.Object, java.lang.Object, java.lang.Object, java.lang.Object, java.lang.Object, java.lang.Object, java.lang.Object, java.lang.Object, java.lang.Object, java.lang.Object, java.lang.Object, java.lang.Object, java.lang.Object, java.lang.Object, java.lang.Object, java.lang.Object, java.lang.Object, java.lang.Object, java.lang.Object, java.lang.Obj
Event: 15.439 Thread 0x000001bd822193f0 Exception <a 'java/lang/NoSuchMethodError'{0x0000000083f02188}: 'java.lang.Object java.lang.invoke.DirectMethodHandle$Holder.invokeStatic(java.lang.Object, java.lang.Object, java.lang.Object, java.lang.Object, java.lang.Object, java.lang.Object, java.lang.Object, java.lang.Object, java.lang.Object, java.lang.Object, java.lang.Object, java.lang.Object, java.lang.Object, java.lang.Object, java.lang.Object, java.lang.Object, java.lang.Object, java.lang.Object, java.lang.Object, java.lang.Object, java.lang.Obj
Event: 15.669 Thread 0x000001bd822193f0 Exception <a 'java/lang/IncompatibleClassChangeError'{0x000000008ff507a8}: Found class java.lang.Object, but interface was expected> (0x000000008ff507a8) 
thrown [s\src\hotspot\share\interpreter\linkResolver.cpp, line 826]
Event: 15.775 Thread 0x000001bd822193f0 Exception <a 'java/lang/IncompatibleClassChangeError'{0x0000000088964cc0}: Found class java.lang.Object, but interface was expected> (0x0000000088964cc0) 
thrown [s\src\hotspot\share\interpreter\linkResolver.cpp, line 826]
Event: 15.781 Thread 0x000001bd822193f0 Exception <a 'java/lang/NoSuchMethodError'{0x00000000889f2a58}: 'void java.lang.invoke.DirectMethodHandle$Holder.invokeStatic(java.lang.Object, java.lang.Object, java.lang.Object, java.lang.Object, java.lang.Object, java.lang.Object)'> (0x00000000889f2a58) 
thrown [s\src\hotspot\share\interpreter\linkResolver.cpp, line 759]
Event: 15.794 Thread 0x000001bd822193f0 Exception <a 'java/lang/NoSuchMethodError'{0x000000008871b6d8}: 'int java.lang.invoke.DirectMethodHandle$Holder.invokeStaticInit(java.lang.Object, java.lang.Object, java.lang.Object, java.lang.Object, java.lang.Object)'> (0x000000008871b6d8) 
thrown [s\src\hotspot\share\interpreter\linkResolver.cpp, line 759]
Event: 16.160 Thread 0x000001bd822193f0 Exception <a 'java/lang/NoSuchMethodError'{0x000000008353ba28}: 'java.lang.Object java.lang.invoke.DirectMethodHandle$Holder.newInvokeSpecial(java.lang.Object, int, java.lang.Object)'> (0x000000008353ba28) 
thrown [s\src\hotspot\share\interpreter\linkResolver.cpp, line 759]
Event: 16.269 Thread 0x000001bd822193f0 Exception <a 'java/lang/NoSuchMethodError'{0x0000000088b61d30}: 'void java.lang.invoke.DirectMethodHandle$Holder.invokeSpecial(java.lang.Object, java.lang.Object, java.lang.Object, java.lang.Object, java.lang.Object, java.lang.Object, java.lang.Object, java.lang.Object, java.lang.Object)'> (0x0000000088b61d30) 
thrown [s\src\hotspot\share\interpreter\linkResolver.cpp, line 759]
Event: 16.314 Thread 0x000001bd822193f0 Exception <a 'java/lang/NoSuchMethodError'{0x00000000889d0430}: 'int java.lang.invoke.DirectMethodHandle$Holder.invokeSpecialIFC(java.lang.Object, java.lang.Object, java.lang.Object)'> (0x00000000889d0430) 
thrown [s\src\hotspot\share\interpreter\linkResolver.cpp, line 759]
Event: 16.374 Thread 0x000001bd822193f0 Exception <a 'java/lang/NoSuchMethodError'{0x0000000088572f10}: 'int java.lang.invoke.DirectMethodHandle$Holder.invokeStatic(java.lang.Object)'> (0x0000000088572f10) 
thrown [s\src\hotspot\share\interpreter\linkResolver.cpp, line 759]
Event: 16.374 Thread 0x000001bd822193f0 Exception <a 'java/lang/NoSuchMethodError'{0x0000000088577850}: 'int java.lang.invoke.DirectMethodHandle$Holder.invokeStaticInit(java.lang.Object)'> (0x0000000088577850) 
thrown [s\src\hotspot\share\interpreter\linkResolver.cpp, line 759]
Event: 16.383 Thread 0x000001bd822193f0 Exception <a 'java/lang/NoSuchMethodError'{0x000000008840a2a8}: 'java.lang.Object java.lang.invoke.DirectMethodHandle$Holder.newInvokeSpecial(java.lang.Object, java.lang.Object, java.lang.Object, java.lang.Object, java.lang.Object, int)'> (0x000000008840a2a8) 
thrown [s\src\hotspot\share\interpreter\linkResolver.cpp, line 759]
Event: 16.383 Thread 0x000001bd822193f0 Exception <a 'java/lang/NoSuchMethodError'{0x000000008840fba8}: 'java.lang.Object java.lang.invoke.DirectMethodHandle$Holder.invokeSpecial(java.lang.Object, java.lang.Object, java.lang.Object, java.lang.Object, java.lang.Object, java.lang.Object, int)'> (0x000000008840fba8) 
thrown [s\src\hotspot\share\interpreter\linkResolver.cpp, line 759]
Event: 16.412 Thread 0x000001bd822193f0 Exception <a 'java/lang/NoSuchMethodError'{0x00000000884eab18}: 'void java.lang.invoke.DirectMethodHandle$Holder.invokeStatic(java.lang.Object, java.lang.Object, java.lang.Object, int, java.lang.Object)'> (0x00000000884eab18) 
thrown [s\src\hotspot\share\interpreter\linkResolver.cpp, line 759]

VM Operations (20 events):
Event: 15.632 Executing VM operation: G1CollectForAllocation
Event: 15.637 Executing VM operation: G1CollectForAllocation done
Event: 15.652 Executing VM operation: CollectForMetadataAllocation
Event: 15.655 Executing VM operation: CollectForMetadataAllocation done
Event: 15.693 Executing VM operation: HandshakeAllThreads
Event: 15.694 Executing VM operation: HandshakeAllThreads done
Event: 15.696 Executing VM operation: G1PauseRemark
Event: 15.698 Executing VM operation: G1PauseRemark done
Event: 15.715 Executing VM operation: G1PauseCleanup
Event: 15.715 Executing VM operation: G1PauseCleanup done
Event: 15.896 Executing VM operation: HandshakeAllThreads
Event: 15.896 Executing VM operation: HandshakeAllThreads done
Event: 16.211 Executing VM operation: G1CollectForAllocation
Event: 16.214 Executing VM operation: G1CollectForAllocation done
Event: 16.545 Executing VM operation: HandshakeAllThreads
Event: 16.546 Executing VM operation: HandshakeAllThreads done
Event: 16.556 Executing VM operation: HandshakeAllThreads
Event: 16.556 Executing VM operation: HandshakeAllThreads done
Event: 16.586 Executing VM operation: HandshakeAllThreads
Event: 16.586 Executing VM operation: HandshakeAllThreads done

Events (20 events):
Event: 16.590 Thread 0x000001bde09860c0 flushing nmethod 0x000001bdca997190
Event: 16.590 Thread 0x000001bde09860c0 flushing nmethod 0x000001bdca997510
Event: 16.590 Thread 0x000001bde09860c0 flushing nmethod 0x000001bdca998510
Event: 16.590 Thread 0x000001bde09860c0 flushing nmethod 0x000001bdca999a90
Event: 16.590 Thread 0x000001bde09860c0 flushing nmethod 0x000001bdca999f10
Event: 16.590 Thread 0x000001bde09860c0 flushing nmethod 0x000001bdca99c310
Event: 16.590 Thread 0x000001bde09860c0 flushing nmethod 0x000001bdca9a2510
Event: 16.590 Thread 0x000001bde09860c0 flushing nmethod 0x000001bdca9a3b10
Event: 16.590 Thread 0x000001bde09860c0 flushing nmethod 0x000001bdca9a4910
Event: 16.590 Thread 0x000001bde09860c0 flushing nmethod 0x000001bdca9a5690
Event: 16.590 Thread 0x000001bde09860c0 flushing nmethod 0x000001bdca9a5d10
Event: 16.590 Thread 0x000001bde09860c0 flushing nmethod 0x000001bdca9a6210
Event: 16.590 Thread 0x000001bde09860c0 flushing nmethod 0x000001bdca9add10
Event: 16.590 Thread 0x000001bde09860c0 flushing nmethod 0x000001bdca9b3090
Event: 16.590 Thread 0x000001bde09860c0 flushing nmethod 0x000001bdca9ea990
Event: 16.590 Thread 0x000001bde09860c0 flushing nmethod 0x000001bdcaa0cf90
Event: 16.590 Thread 0x000001bde09860c0 flushing nmethod 0x000001bdcaa1f090
Event: 16.591 Thread 0x000001bde09860c0 flushing nmethod 0x000001bdcab0bf10
Event: 16.591 Thread 0x000001bde09860c0 flushing nmethod 0x000001bdcab0c290
Event: 16.591 Thread 0x000001bde09860c0 flushing nmethod 0x000001bdcab16910


Dynamic libraries:
0x00007ff683010000 - 0x00007ff68301e000 	C:\Program Files\OpenLogic\jdk-17.0.10.7-hotspot\bin\java.exe
0x00007ff9fc450000 - 0x00007ff9fc667000 	C:\Windows\SYSTEM32\ntdll.dll
0x00007ff9fb540000 - 0x00007ff9fb604000 	C:\Windows\System32\KERNEL32.DLL
0x00007ff9f9b90000 - 0x00007ff9f9f3c000 	C:\Windows\System32\KERNELBASE.dll
0x00007ff9f9490000 - 0x00007ff9f95dc000 	C:\Windows\system32\hmpalert.dll
0x00007ff9f9fb0000 - 0x00007ff9fa0c1000 	C:\Windows\System32\ucrtbase.dll
0x00007ff9992a0000 - 0x00007ff9992bb000 	C:\Program Files\OpenLogic\jdk-17.0.10.7-hotspot\bin\VCRUNTIME140.dll
0x00007ff999280000 - 0x00007ff999297000 	C:\Program Files\OpenLogic\jdk-17.0.10.7-hotspot\bin\jli.dll
0x00007ff9fa350000 - 0x00007ff9fa4fe000 	C:\Windows\System32\USER32.dll
0x00007ff9f9b60000 - 0x00007ff9f9b86000 	C:\Windows\System32\win32u.dll
0x00007ff9fb9b0000 - 0x00007ff9fb9d9000 	C:\Windows\System32\GDI32.dll
0x00007ff9f98d0000 - 0x00007ff9f99e9000 	C:\Windows\System32\gdi32full.dll
0x00007ff9f9780000 - 0x00007ff9f981a000 	C:\Windows\System32\msvcp_win.dll
0x00007ff9f8900000 - 0x00007ff9f8b93000 	C:\Windows\WinSxS\amd64_microsoft.windows.common-controls_6595b64144ccf1df_6.0.22621.3672_none_2713b9d173822955\COMCTL32.dll
0x00007ff9fc2b0000 - 0x00007ff9fc357000 	C:\Windows\System32\msvcrt.dll
0x00007ff9fc3d0000 - 0x00007ff9fc401000 	C:\Windows\System32\IMM32.DLL
0x00007ff9cb8e0000 - 0x00007ff9cb8ec000 	C:\Program Files\OpenLogic\jdk-17.0.10.7-hotspot\bin\vcruntime140_1.dll
0x00007ff97bba0000 - 0x00007ff97bc2d000 	C:\Program Files\OpenLogic\jdk-17.0.10.7-hotspot\bin\msvcp140.dll
0x00007ff970360000 - 0x00007ff970fc2000 	C:\Program Files\OpenLogic\jdk-17.0.10.7-hotspot\bin\server\jvm.dll
0x00007ff9fc110000 - 0x00007ff9fc1c2000 	C:\Windows\System32\ADVAPI32.dll
0x00007ff9fc1f0000 - 0x00007ff9fc298000 	C:\Windows\System32\sechost.dll
0x00007ff9f9820000 - 0x00007ff9f9848000 	C:\Windows\System32\bcrypt.dll
0x00007ff9fafa0000 - 0x00007ff9fb0b5000 	C:\Windows\System32\RPCRT4.dll
0x00007ff9f9340000 - 0x00007ff9f938d000 	C:\Windows\SYSTEM32\POWRPROF.dll
0x00007ff9cae20000 - 0x00007ff9cae29000 	C:\Windows\SYSTEM32\WSOCK32.dll
0x00007ff9fa190000 - 0x00007ff9fa201000 	C:\Windows\System32\WS2_32.dll
0x00007ff9e9e00000 - 0x00007ff9e9e34000 	C:\Windows\SYSTEM32\WINMM.dll
0x00007ff9f3430000 - 0x00007ff9f343a000 	C:\Windows\SYSTEM32\VERSION.dll
0x00007ff9f9320000 - 0x00007ff9f9333000 	C:\Windows\SYSTEM32\UMPDC.dll
0x00007ff9f7f70000 - 0x00007ff9f7f88000 	C:\Windows\SYSTEM32\kernel.appcore.dll
0x00007ff9c84f0000 - 0x00007ff9c84fa000 	C:\Program Files\OpenLogic\jdk-17.0.10.7-hotspot\bin\jimage.dll
0x00007ff9f8dc0000 - 0x00007ff9f8ff2000 	C:\Windows\SYSTEM32\DBGHELP.DLL
0x00007ff9fbb70000 - 0x00007ff9fbef8000 	C:\Windows\System32\combase.dll
0x00007ff9fadc0000 - 0x00007ff9fae97000 	C:\Windows\System32\OLEAUT32.dll
0x00007ff9f8d80000 - 0x00007ff9f8db2000 	C:\Windows\SYSTEM32\dbgcore.DLL
0x00007ff9f9850000 - 0x00007ff9f98cb000 	C:\Windows\System32\bcryptPrimitives.dll
0x00007ff9c32d0000 - 0x00007ff9c32de000 	C:\Program Files\OpenLogic\jdk-17.0.10.7-hotspot\bin\instrument.dll
0x00007ff9864c0000 - 0x00007ff9864e5000 	C:\Program Files\OpenLogic\jdk-17.0.10.7-hotspot\bin\java.dll
0x00007ff970280000 - 0x00007ff970356000 	C:\Program Files\OpenLogic\jdk-17.0.10.7-hotspot\bin\jsvml.dll
0x00007ff9fa560000 - 0x00007ff9fadbc000 	C:\Windows\System32\SHELL32.dll
0x00007ff9f6e90000 - 0x00007ff9f7787000 	C:\Windows\SYSTEM32\windows.storage.dll
0x00007ff9f6d50000 - 0x00007ff9f6e8f000 	C:\Windows\SYSTEM32\wintypes.dll
0x00007ff9faea0000 - 0x00007ff9faf94000 	C:\Windows\System32\SHCORE.dll
0x00007ff9fc360000 - 0x00007ff9fc3be000 	C:\Windows\System32\shlwapi.dll
0x00007ff9f96b0000 - 0x00007ff9f96d1000 	C:\Windows\SYSTEM32\profapi.dll
0x00007ff9822d0000 - 0x00007ff9822e8000 	C:\Program Files\OpenLogic\jdk-17.0.10.7-hotspot\bin\zip.dll
0x00007ff987e60000 - 0x00007ff987e79000 	C:\Program Files\OpenLogic\jdk-17.0.10.7-hotspot\bin\net.dll
0x00007ff9f3950000 - 0x00007ff9f3a86000 	C:\Windows\SYSTEM32\WINHTTP.dll
0x00007ff9f83a0000 - 0x00007ff9f8409000 	C:\Windows\system32\mswsock.dll
0x00007ff985fa0000 - 0x00007ff985fb6000 	C:\Program Files\OpenLogic\jdk-17.0.10.7-hotspot\bin\nio.dll
0x00007ff9c8490000 - 0x00007ff9c84a0000 	C:\Program Files\OpenLogic\jdk-17.0.10.7-hotspot\bin\verify.dll
0x00007ff9822a0000 - 0x00007ff9822c7000 	C:\Users\MAHE\.gradle\native\68d5fa5c4cc2d200863cafc0d521ce42e7d3e7ee720ec0a83991735586a16f82\windows-amd64\native-platform.dll
0x00007ff970130000 - 0x00007ff970274000 	C:\Users\MAHE\.gradle\native\e376f236ea51e6404a007f0833ffe2c6e607c4080706a723a18a27aeea778392\windows-amd64\native-platform-file-events.dll
0x00007ff9c83b0000 - 0x00007ff9c83b9000 	C:\Program Files\OpenLogic\jdk-17.0.10.7-hotspot\bin\management.dll
0x00007ff9c81a0000 - 0x00007ff9c81ab000 	C:\Program Files\OpenLogic\jdk-17.0.10.7-hotspot\bin\management_ext.dll
0x00007ff9fc2a0000 - 0x00007ff9fc2a8000 	C:\Windows\System32\PSAPI.DLL
0x00007ff9f91d0000 - 0x00007ff9f91eb000 	C:\Windows\SYSTEM32\CRYPTSP.dll
0x00007ff9f7ed0000 - 0x00007ff9f7f05000 	C:\Windows\system32\rsaenh.dll
0x00007ff9f84a0000 - 0x00007ff9f84c8000 	C:\Windows\SYSTEM32\USERENV.dll
0x00007ff9f8600000 - 0x00007ff9f860c000 	C:\Windows\SYSTEM32\CRYPTBASE.dll
0x00007ff9f79f0000 - 0x00007ff9f7a1d000 	C:\Windows\SYSTEM32\IPHLPAPI.DLL
0x00007ff9fb9e0000 - 0x00007ff9fb9e9000 	C:\Windows\System32\NSI.dll
0x00007ff9f38e0000 - 0x00007ff9f38f9000 	C:\Windows\SYSTEM32\dhcpcsvc6.DLL
0x00007ff9f3890000 - 0x00007ff9f38af000 	C:\Windows\SYSTEM32\dhcpcsvc.DLL
0x00007ff9f7a60000 - 0x00007ff9f7b58000 	C:\Windows\SYSTEM32\DNSAPI.dll
0x00007ff9c33f0000 - 0x00007ff9c33f8000 	C:\Program Files\OpenLogic\jdk-17.0.10.7-hotspot\bin\extnet.dll
0x00007ff9c3210000 - 0x00007ff9c321e000 	C:\Program Files\OpenLogic\jdk-17.0.10.7-hotspot\bin\sunmscapi.dll
0x00007ff9f99f0000 - 0x00007ff9f9b57000 	C:\Windows\System32\CRYPT32.dll
0x00007ff9f87e0000 - 0x00007ff9f880e000 	C:\Windows\SYSTEM32\ncrypt.dll
0x00007ff9f87a0000 - 0x00007ff9f87d7000 	C:\Windows\SYSTEM32\NTASN1.dll
0x00007ff9c1d60000 - 0x00007ff9c1d68000 	C:\Windows\system32\wshunix.dll

dbghelp: loaded successfully - version: 4.0.5 - missing functions: none
symbol engine: initialized successfully - sym options: 0x614 - pdb path: .;C:\Program Files\OpenLogic\jdk-17.0.10.7-hotspot\bin;C:\Windows\SYSTEM32;C:\Windows\WinSxS\amd64_microsoft.windows.common-controls_6595b64144ccf1df_6.0.22621.3672_none_2713b9d173822955;C:\Program Files\OpenLogic\jdk-17.0.10.7-hotspot\bin\server;C:\Users\MAHE\.gradle\native\68d5fa5c4cc2d200863cafc0d521ce42e7d3e7ee720ec0a83991735586a16f82\windows-amd64;C:\Users\MAHE\.gradle\native\e376f236ea51e6404a007f0833ffe2c6e607c4080706a723a18a27aeea778392\windows-amd64

VM Arguments:
jvm_args: -XX:MaxMetaspaceSize=512m --add-opens=java.base/java.util=ALL-UNNAMED --add-opens=java.base/java.lang=ALL-UNNAMED --add-opens=java.base/java.lang.invoke=ALL-UNNAMED --add-opens=java.prefs/java.util.prefs=ALL-UNNAMED --add-opens=java.base/java.nio.charset=ALL-UNNAMED --add-opens=java.base/java.net=ALL-UNNAMED --add-opens=java.base/java.util.concurrent.atomic=ALL-UNNAMED -Xmx2048m -Dfile.encoding=windows-1252 -Duser.country=IN -Duser.language=en -Duser.variant -javaagent:C:\Users\MAHE\.gradle\wrapper\dists\gradle-8.3-all\6en3ugtfdg5xnpx44z4qbwgas\gradle-8.3\lib\agents\gradle-instrumentation-agent-8.3.jar 
java_command: org.gradle.launcher.daemon.bootstrap.GradleDaemon 8.3
java_class_path (initial): C:\Users\MAHE\.gradle\wrapper\dists\gradle-8.3-all\6en3ugtfdg5xnpx44z4qbwgas\gradle-8.3\lib\gradle-launcher-8.3.jar
Launcher Type: SUN_STANDARD

[Global flags]
     intx CICompilerCount                          = 3                                         {product} {ergonomic}
   size_t CompressedClassSpaceSize                 = 436207616                                 {product} {ergonomic}
     uint ConcGCThreads                            = 1                                         {product} {ergonomic}
     uint G1ConcRefinementThreads                  = 4                                         {product} {ergonomic}
   size_t G1HeapRegionSize                         = 1048576                                   {product} {ergonomic}
    uintx GCDrainStackTargetSize                   = 64                                        {product} {ergonomic}
   size_t InitialHeapSize                          = 268435456                                 {product} {ergonomic}
   size_t MarkStackSize                            = 4194304                                   {product} {ergonomic}
   size_t MaxHeapSize                              = 2147483648                                {product} {command line}
   size_t MaxMetaspaceSize                         = 536870912                                 {product} {command line}
   size_t MaxNewSize                               = 1287651328                                {product} {ergonomic}
   size_t MinHeapDeltaBytes                        = 1048576                                   {product} {ergonomic}
   size_t MinHeapSize                              = 8388608                                   {product} {ergonomic}
    uintx NonNMethodCodeHeapSize                   = 5832780                                {pd product} {ergonomic}
    uintx NonProfiledCodeHeapSize                  = 122912730                              {pd product} {ergonomic}
    uintx ProfiledCodeHeapSize                     = 122912730                              {pd product} {ergonomic}
    uintx ReservedCodeCacheSize                    = 251658240                              {pd product} {ergonomic}
     bool SegmentedCodeCache                       = true                                      {product} {ergonomic}
   size_t SoftMaxHeapSize                          = 2147483648                             {manageable} {ergonomic}
     bool UseCompressedClassPointers               = true                           {product lp64_product} {ergonomic}
     bool UseCompressedOops                        = true                           {product lp64_product} {ergonomic}
     bool UseG1GC                                  = true                                      {product} {ergonomic}
     bool UseLargePagesIndividualAllocation        = false                                  {pd product} {ergonomic}

Logging:
Log output configuration:
 #0: stdout all=warning uptime,level,tags
 #1: stderr all=off uptime,level,tags

Environment Variables:
JAVA_HOME=C:\Program Files\OpenLogic\jdk-17.0.10.7-hotspot\
CLASSPATH=C:\Users\MAHE\Documents\DOC APP BACKUP FILES\april30_\demo1_joyson1\android\\gradle\wrapper\gradle-wrapper.jar
PATH=C:\Users\MAHE\Documents\DOC APP BACKUP FILES\april30_\demo1_joyson1\node_modules\.bin;C:\Users\MAHE\Documents\DOC APP BACKUP FILES\april30_\demo1_joyson1\node_modules\.bin;C:\Users\MAHE\Documents\DOC APP BACKUP FILES\april30_\node_modules\.bin;C:\Users\MAHE\Documents\DOC APP BACKUP FILES\node_modules\.bin;C:\Users\MAHE\Documents\node_modules\.bin;C:\Users\MAHE\node_modules\.bin;C:\Users\node_modules\.bin;C:\node_modules\.bin;C:\Users\MAHE\AppData\Roaming\npm\node_modules\npm\node_modules\@npmcli\run-script\lib\node-gyp-bin;C:\Users\MAHE\Documents\DOC APP BACKUP FILES\april30_\demo1_joyson1\node_modules\.bin\node_modules\.bin;C:\Users\MAHE\Documents\DOC APP BACKUP FILES\april30_\demo1_joyson1\node_modules\node_modules\.bin;C:\Users\MAHE\Documents\DOC APP BACKUP FILES\april30_\demo1_joyson1\node_modules\.bin;C:\Users\MAHE\Documents\DOC APP BACKUP FILES\april30_\node_modules\.bin;C:\Users\MAHE\Documents\DOC APP BACKUP FILES\node_modules\.bin;C:\Users\MAHE\Documents\node_modules\.bin;C:\Users\MAHE\node_modules\.bin;C:\Users\node_modules\.bin;C:\node_modules\.bin;C:\Program Files\nodejs;C:\Users\MAHE\Documents\DOC APP BACKUP FILES\april30_\demo1_joyson1\node_modules\.bin;C:\Users\MAHE\Documents\DOC APP BACKUP FILES\april30_\demo1_joyson1\node_modules\.bin;C:\Users\MAHE\Documents\DOC APP BACKUP FILES\april30_\node_modules\.bin;C:\Users\MAHE\Documents\DOC APP BACKUP FILES\node_modules\.bin;C:\Users\MAHE\Documents\node_modules\.bin;C:\Users\MAHE\node_modules\.bin;C:\Users\node_modules\.bin;C:\node_modules\.bin;C:\Users\MAHE\AppData\Roaming\npm\node_modules\npm\node_modules\@npmcli\run-script\lib\node-gyp-bin;C:\Program Files\OpenLogic\jdk-17.0.10.7-hotspot\bin;C:\Python312\Scripts\;C:\Python312\;C:\Windows\system32;C:\Windows;C:\Windows\System32\Wbem;C:\Windows\System32\WindowsPowerShell\v1.0\;C:\Windows\System32\OpenSSH\;C:\Program Files\nodejs\;C:\ProgramData\chocolatey\bin;C:\Program Files\Git\cmd;C:\Program Files\Git\bin;C:\Program Files (x86)\Microsoft SQL Server\160
USERNAME=MAHE
LANG=en_US.UTF-8
OS=Windows_NT
PROCESSOR_IDENTIFIER=Intel64 Family 6 Model 60 Stepping 3, GenuineIntel
TMP=C:\Users\MAHE\AppData\Local\Temp
TEMP=C:\Users\MAHE\AppData\Local\Temp



Periodic native trim disabled


---------------  S Y S T E M  ---------------

OS:
 Windows 11 , 64 bit Build 22621 (10.0.22621.3672)
OS uptime: 0 days 13:12 hours

CPU: total 4 (initial active 4) (4 cores per cpu, 1 threads per core) family 6 model 60 stepping 3 microcode 0x28, cx8, cmov, fxsr, mmx, sse, sse2, sse3, ssse3, sse4.1, sse4.2, popcnt, lzcnt, tsc, tscinvbit, avx, avx2, aes, erms, clmul, bmi1, bmi2, fma, vzeroupper, clflush
Processor Information for all 4 processors :
  Max Mhz: 3001, Current Mhz: 3001, Mhz Limit: 3001

Memory: 4k page, system-wide physical 16309M (5546M free)
TotalPageFile size 32693M (AvailPageFile size 19290M)
current process WorkingSet (physical memory assigned to process): 234M, peak: 253M
current process commit charge ("private bytes"): 268M, peak: 430M

vm_info: OpenJDK 64-Bit Server VM (17.0.10+7-adhoc..jdk17u) for windows-amd64 JRE (17.0.10+7-adhoc..jdk17u), built on Jan 24 2024 08:51:31 by "" with MS VC++ 16.10 / 16.11 (VS2019)

END.
