#
# A fatal error has been detected by the Java Runtime Environment:
#
#  EXCEPTION_ACCESS_VIOLATION (0xc0000005) at pc=0x0000000000000000, pid=1104, tid=11196
#
# JRE version: OpenJDK Runtime Environment OpenLogic-OpenJDK (17.0.10+7) (build 17.0.10+7-adhoc..jdk17u)
# Java VM: OpenJDK 64-Bit Server VM OpenLogic-OpenJDK (17.0.10+7-adhoc..jdk17u, mixed mode, sharing, tiered, compressed oops, compressed class ptrs, g1 gc, windows-amd64)
# Problematic frame:
# C  0x000001dcbe2cb4d0
#
# No core dump will be written. Minidumps are not enabled by default on client versions of Windows
#
# If you would like to submit a bug report, please visit:
#   https://techsupport.roguewave.com/
#

---------------  S U M M A R Y ------------

Command Line: -XX:MaxMetaspaceSize=512m --add-opens=java.base/java.util=ALL-UNNAMED --add-opens=java.base/java.lang=ALL-UNNAMED --add-opens=java.base/java.lang.invoke=ALL-UNNAMED --add-opens=java.prefs/java.util.prefs=ALL-UNNAMED --add-opens=java.base/java.nio.charset=ALL-UNNAMED --add-opens=java.base/java.net=ALL-UNNAMED --add-opens=java.base/java.util.concurrent.atomic=ALL-UNNAMED -Xmx2048m -Dfile.encoding=windows-1252 -Duser.country=IN -Duser.language=en -Duser.variant -javaagent:C:\Users\MAHE\.gradle\wrapper\dists\gradle-8.3-all\6en3ugtfdg5xnpx44z4qbwgas\gradle-8.3\lib\agents\gradle-instrumentation-agent-8.3.jar org.gradle.launcher.daemon.bootstrap.GradleDaemon 8.3

Host: Intel(R) Core(TM) i5-4590S CPU @ 3.00GHz, 4 cores, 15G,  Windows 11 , 64 bit Build 22621 (10.0.22621.3672)
Time: Mon Jun 17 10:39:13 2024 India Standard Time elapsed time: 9.559206 seconds (0d 0h 0m 9s)

---------------  T H R E A D  ---------------

Current thread (0x000001dcdfdd06f0):  JavaThread "C2 CompilerThread1" daemon [_thread_in_native, id=11196, stack(0x0000003187400000,0x0000003187500000)]


Current CompileTask:
C2:   9559 3921       4       java.lang.StringConcatHelper::simpleConcat (94 bytes)

Stack: [0x0000003187400000,0x0000003187500000],  sp=0x00000031874fbb88,  free space=1006k
Native frames: (J=compiled Java code, j=interpreted, Vv=VM code, C=native code)


siginfo: EXCEPTION_ACCESS_VIOLATION (0xc0000005), data execution prevention violation at address 0x0000000000000000


Registers:
RAX=0x000001dcde481480, RBX=0x000001dcbe761090, RCX=0x000001dcde481480, RDX=0x00000031874ff400
RSP=0x00000031874fbb80, RBP=0x00000031874fc0b0, RSI=0x000001dcdf866fc8, RDI=0x000001dcbe2cb4d0
R8 =0x0000000000000003, R9 =0x00000031874fbc90, R10=0x000000000000008c, R11=0x0000000000000000
R12=0x00000031874fbc70, R13=0x000001dcbe2cb4d0, R14=0x000000000000021a, R15=0x00000031874fc0b0
RIP=0x0000000000000000, EFLAGS=0x0000000000010202


Register to memory mapping:

RIP=0x0 is NULL
RAX=0x000001dcde481480 points into unknown readable memory: 0x00007ff93eacce78 | 78 ce ac 3e f9 7f 00 00
RBX=0x000001dcbe761090 points into unknown readable memory: 0x00007ff93eb4f120 | 20 f1 b4 3e f9 7f 00 00
RCX=0x000001dcde481480 points into unknown readable memory: 0x00007ff93eacce78 | 78 ce ac 3e f9 7f 00 00
RDX=0x00000031874ff400 is pointing into the stack for thread: 0x000001dcdfdd06f0
RSP=0x00000031874fbb80 is pointing into the stack for thread: 0x000001dcdfdd06f0
RBP=0x00000031874fc0b0 is pointing into the stack for thread: 0x000001dcdfdd06f0
RSI=0x000001dcdf866fc8 points into unknown readable memory: 0x00007ff93ebab288 | 88 b2 ba 3e f9 7f 00 00
RDI=0x000001dcbe2cb4d0 points into unknown readable memory: 0xff7fefff0000008c | 8c 00 00 00 ff ef 7f ff
R8 =0x0000000000000003 is an unknown value
R9 =0x00000031874fbc90 is pointing into the stack for thread: 0x000001dcdfdd06f0
R10=0x000000000000008c is an unknown value
R11=0x0 is NULL
R12=0x00000031874fbc70 is pointing into the stack for thread: 0x000001dcdfdd06f0
R13=0x000001dcbe2cb4d0 points into unknown readable memory: 0xff7fefff0000008c | 8c 00 00 00 ff ef 7f ff
R14=0x000000000000021a is an unknown value
R15=0x00000031874fc0b0 is pointing into the stack for thread: 0x000001dcdfdd06f0


Top of Stack: (sp=0x00000031874fbb80)
0x00000031874fbb80:   000001dcbe2cb4d0 00007ff93e818fd5
0x00000031874fbb90:   0000000000000001 00000031874fc0b0
0x00000031874fbba0:   000001dcdf866fc8 0000000000000020
0x00000031874fbbb0:   00000031874fc0b0 000001dcbe2cb190
0x00000031874fbbc0:   000001dcdf866fc8 000001dcbe2cb190
0x00000031874fbbd0:   000001dcbe2cb4d0 0000000000000000
0x00000031874fbbe0:   00000031874fca38 00007ff93e81eadb
0x00000031874fbbf0:   000001dcbe2cb4d0 0000000000000000
0x00000031874fbc00:   00000031874fc0b0 0000000000000001
0x00000031874fbc10:   00000031874fbc98 0000000000000070
0x00000031874fbc20:   00000000000027d8 000001dcbe2cd978
0x00000031874fbc30:   00000031874fbcc8 000001dcdf866fc8
0x00000031874fbc40:   000000000000001a 00000031874fc0b0
0x00000031874fbc50:   0000000000000000 0000000000000000
0x00000031874fbc60:   fffffffffffffff8 00000031874fbcc8
0x00000031874fbc70:   000001dcdf866fc8 00007ff93e81f8b2
0x00000031874fbc80:   000001dc0000fffe 000001dc00000116
0x00000031874fbc90:   000001dcdf866370 000001dcdf866370
0x00000031874fbca0:   000001dcdf5c8ca0 000001dcdf5d0350
0x00000031874fbcb0:   000001dcdf5c86d0 000001dce1710700
0x00000031874fbcc0:   00000031874feb30 0000000000000000
0x00000031874fbcd0:   0000000000000000 00000031874fc0b0
0x00000031874fbce0:   00000031874fbd70 00007ff93e81de04
0x00000031874fbcf0:   0000000000000004 00000000000006b7
0x00000031874fbd00:   0000000000000004 000001dcdfdd5d80
0x00000031874fbd10:   0000000000100000 0000000000000000
0x00000031874fbd20:   0000000000000000 0000000000000000
0x00000031874fbd30:   0000000000000000 0000000000000000
0x00000031874fbd40:   0000000000000000 0000000000000000
0x00000031874fbd50:   0000000000000000 0000000000000000
0x00000031874fbd60:   0000000000000000 0000000000000000
0x00000031874fbd70:   0000000000000000 00000031874fe890 

Instructions: (pc=0x000001dcbe2cb4d0)
0x000001dcbe2cb3d0:   eb cf 05 00 02 04 02 08 01 01 00 00 00 00 04 00
0x000001dcbe2cb3e0:   11 00 00 00 00 00 40 30 02 c1 00 40 52 ec 02 00
0x000001dcbe2cb3f0:   00 00 00 00 08 00 b8 03 00 20 98 20 08 00 10 00
0x000001dcbe2cb400:   00 04 00 00 00 00 00 00 00 00 08 03 00 00 00 04
0x000001dcbe2cb410:   02 00 08 02 00 00 00 00 00 00 00 00 10 04 00 00
0x000001dcbe2cb420:   00 04 02 00 09 02 00 40 82 00 00 00 00 00 00 00
0x000001dcbe2cb430:   00 10 18 00 20 c5 22 00 c0 07 00 00 00 00 00 00
0x000001dcbe2cb440:   00 00 00 80 43 10 01 00 00 00 00 00 10 04 00 08
0x000001dcbe2cb450:   84 08 80 00 00 00 00 00 00 00 00 82 09 02 00 00
0x000001dcbe2cb460:   08 42 10 01 00 00 00 00 00 41 00 80 20 40 00 02
0x000001dcbe2cb470:   00 00 00 00 00 a0 08 52 ec 00 00 00 00 00 00 00
0x000001dcbe2cb480:   b8 03 50 53 03 00 00 02 00 a0 04 00 07 1c 94 00
0x000001dcbe2cb490:   e0 80 43 7c 30 08 20 f0 ab ea 61 00 00 a8 06 0f
0x000001dcbe2cb4a0:   03 00 54 01 88 08 00 00 00 00 00 00 00 00 00 00
0x000001dcbe2cb4b0:   00 00 00 00 00 00 00 00 00 00 00 00 00 00 00 00
0x000001dcbe2cb4c0:   00 00 00 00 00 00 00 00 00 00 00 00 00 00 00 00
0x000001dcbe2cb4d0:   8c 00 00 00 ff ef 7f ff 0b 37 fe ff 0f fe ff ff
0x000001dcbe2cb4e0:   02 00 80 b3 4e 5e 60 01 37 00 00 00 ff ff ff 87
0x000001dcbe2cb4f0:   0a 00 00 00 2a 1b f7 3c 50 de 08 00 98 81 ff e5
0x000001dcbe2cb500:   ff ff 0f 02 1f f0 a3 82 00 00 00 00 40 1a 86 7f
0x000001dcbe2cb510:   00 d2 7f cd 05 00 00 00 64 11 82 00 0a 00 00 00
0x000001dcbe2cb520:   05 00 00 00 04 04 80 2a 7e 80 00 00 0a 00 00 00
0x000001dcbe2cb530:   8b f9 ff ff 7f 10 20 00 10 20 00 06 00 88 20 2c
0x000001dcbe2cb540:   96 00 00 00 ff bf 11 20 00 06 00 00 04 b1 fe ff
0x000001dcbe2cb550:   fb 4f 00 01 00 00 00 24 ac f9 0b 00 00 00 00 c8
0x000001dcbe2cb560:   3c 15 00 00 80 c4 98 41 00 00 00 c2 42 04 00 80
0x000001dcbe2cb570:   20 00 00 90 00 00 00 00 00 80 01 00 00 00 00 00
0x000001dcbe2cb580:   00 00 00 00 00 00 00 00 00 00 00 00 00 00 00 00
0x000001dcbe2cb590:   00 00 57 00 1c 36 40 00 06 00 33 00 e0 01 00 00
0x000001dcbe2cb5a0:   00 78 33 00 20 1e 00 00 00 33 7b 00 00 00 c0 0c
0x000001dcbe2cb5b0:   00 00 00 00 00 00 00 00 00 00 00 00 00 00 00 00
0x000001dcbe2cb5c0:   64 00 00 00 64 00 00 00 64 00 00 00 64 00 00 00 


Stack slot to memory mapping:
stack at sp + 0 slots: 0x00007ff93e818fd5 jvm.dll
stack at sp + 1 slots: 0x0000000000000001 is an unknown value
stack at sp + 2 slots: 0x00000031874fc0b0 is pointing into the stack for thread: 0x000001dcdfdd06f0
stack at sp + 3 slots: 0x000001dcdf866fc8 points into unknown readable memory: 0x00007ff93ebab288 | 88 b2 ba 3e f9 7f 00 00
stack at sp + 4 slots: 0x0000000000000020 is an unknown value
stack at sp + 5 slots: 0x00000031874fc0b0 is pointing into the stack for thread: 0x000001dcdfdd06f0
stack at sp + 6 slots: 0x000001dcbe2cb190 points into unknown readable memory: 0x0000000000000000 | 00 00 00 00 00 00 00 00
stack at sp + 7 slots: 0x000001dcdf866fc8 points into unknown readable memory: 0x00007ff93ebab288 | 88 b2 ba 3e f9 7f 00 00


---------------  P R O C E S S  ---------------

Threads class SMR info:
_java_thread_list=0x000001dcdf256380, length=38, elements={
0x000001dc9f198110, 0x000001dcbe130d00, 0x000001dcbe131a90, 0x000001dcbe142d30,
0x000001dcbe146a20, 0x000001dcbe1472f0, 0x000001dcbe1481d0, 0x000001dcbe14e540,
0x000001dcbe264830, 0x000001dcbe27d8f0, 0x000001dcbe11bcf0, 0x000001dcbe424d10,
0x000001dcdf87dad0, 0x000001dcded0acf0, 0x000001dcdedf5fc0, 0x000001dcdf3282c0,
0x000001dcdee254b0, 0x000001dcdece5830, 0x000001dcdf9197d0, 0x000001dcdf425fc0,
0x000001dcdf425090, 0x000001dcdf4264d0, 0x000001dcdf4255a0, 0x000001dcdf426ef0,
0x000001dcdf428330, 0x000001dcdf428840, 0x000001dcdf427910, 0x000001dcdf427400,
0x000001dcdf425ab0, 0x000001dce04cea60, 0x000001dce04cd620, 0x000001dce04cb7c0,
0x000001dce04c9450, 0x000001dce04ca380, 0x000001dce04cc1e0, 0x000001dce04ca890,
0x000001dce04cfea0, 0x000001dcdfdd06f0
}

Java Threads: ( => current thread )
  0x000001dc9f198110 JavaThread "main" [_thread_blocked, id=8544, stack(0x0000003184300000,0x0000003184400000)]
  0x000001dcbe130d00 JavaThread "Reference Handler" daemon [_thread_blocked, id=10584, stack(0x0000003184a00000,0x0000003184b00000)]
  0x000001dcbe131a90 JavaThread "Finalizer" daemon [_thread_blocked, id=10576, stack(0x0000003184b00000,0x0000003184c00000)]
  0x000001dcbe142d30 JavaThread "Signal Dispatcher" daemon [_thread_blocked, id=10572, stack(0x0000003184c00000,0x0000003184d00000)]
  0x000001dcbe146a20 JavaThread "Attach Listener" daemon [_thread_blocked, id=10580, stack(0x0000003184d00000,0x0000003184e00000)]
  0x000001dcbe1472f0 JavaThread "Service Thread" daemon [_thread_blocked, id=10600, stack(0x0000003184e00000,0x0000003184f00000)]
  0x000001dcbe1481d0 JavaThread "Monitor Deflation Thread" daemon [_thread_blocked, id=10592, stack(0x0000003184f00000,0x0000003185000000)]
  0x000001dcbe14e540 JavaThread "C2 CompilerThread0" daemon [_thread_blocked, id=10588, stack(0x0000003185000000,0x0000003185100000)]
  0x000001dcbe264830 JavaThread "C1 CompilerThread0" daemon [_thread_in_native, id=10596, stack(0x0000003185100000,0x0000003185200000)]
  0x000001dcbe27d8f0 JavaThread "Sweeper thread" daemon [_thread_blocked, id=10636, stack(0x0000003185200000,0x0000003185300000)]
  0x000001dcbe11bcf0 JavaThread "Common-Cleaner" daemon [_thread_blocked, id=10628, stack(0x0000003185300000,0x0000003185400000)]
  0x000001dcbe424d10 JavaThread "Notification Thread" daemon [_thread_blocked, id=10624, stack(0x0000003185400000,0x0000003185500000)]
  0x000001dcdf87dad0 JavaThread "Daemon health stats" [_thread_blocked, id=10796, stack(0x0000003185a00000,0x0000003185b00000)]
  0x000001dcded0acf0 JavaThread "Incoming local TCP Connector on port 49868" [_thread_in_native, id=10804, stack(0x0000003185b00000,0x0000003185c00000)]
  0x000001dcdedf5fc0 JavaThread "Daemon periodic checks" [_thread_blocked, id=10812, stack(0x0000003185c00000,0x0000003185d00000)]
  0x000001dcdf3282c0 JavaThread "Daemon" [_thread_blocked, id=10920, stack(0x0000003185d00000,0x0000003185e00000)]
  0x000001dcdee254b0 JavaThread "Handler for socket connection from /127.0.0.1:49868 to /127.0.0.1:49869" [_thread_in_native, id=10936, stack(0x0000003185e00000,0x0000003185f00000)]
  0x000001dcdece5830 JavaThread "Cancel handler" [_thread_blocked, id=10948, stack(0x0000003185f00000,0x0000003186000000)]
  0x000001dcdf9197d0 JavaThread "Daemon worker" [_thread_in_vm, id=10884, stack(0x0000003186000000,0x0000003186100000)]
  0x000001dcdf425fc0 JavaThread "Asynchronous log dispatcher for DefaultDaemonConnection: socket connection from /127.0.0.1:49868 to /127.0.0.1:49869" [_thread_blocked, id=10924, stack(0x0000003186100000,0x0000003186200000)]
  0x000001dcdf425090 JavaThread "Stdin handler" [_thread_blocked, id=10880, stack(0x0000003186200000,0x0000003186300000)]
  0x000001dcdf4264d0 JavaThread "Daemon client event forwarder" [_thread_in_vm, id=10956, stack(0x0000003186300000,0x0000003186400000)]
  0x000001dcdf4255a0 JavaThread "Cache worker for journal cache (C:\Users\MAHE\.gradle\caches\journal-1)" [_thread_blocked, id=10976, stack(0x0000003185600000,0x0000003185700000)]
  0x000001dcdf426ef0 JavaThread "File lock request listener" [_thread_in_native, id=10852, stack(0x0000003186400000,0x0000003186500000)]
  0x000001dcdf428330 JavaThread "Cache worker for file hash cache (C:\Users\MAHE\.gradle\caches\8.3\fileHashes)" [_thread_blocked, id=10968, stack(0x0000003186500000,0x0000003186600000)]
  0x000001dcdf428840 JavaThread "File watcher server" daemon [_thread_in_native, id=10996, stack(0x0000003186600000,0x0000003186700000)]
  0x000001dcdf427910 JavaThread "File watcher consumer" daemon [_thread_blocked, id=10992, stack(0x0000003186700000,0x0000003186800000)]
  0x000001dcdf427400 JavaThread "Cache worker for checksums cache (C:\Users\MAHE\Documents\DOC APP BACKUP FILES\april30_\demo1_joyson1\android\.gradle\8.3\checksums)" [_thread_blocked, id=11000, stack(0x0000003186800000,0x0000003186900000)]
  0x000001dcdf425ab0 JavaThread "Cache worker for file hash cache (C:\Users\MAHE\Documents\DOC APP BACKUP FILES\april30_\demo1_joyson1\android\.gradle\8.3\fileHashes)" [_thread_blocked, id=11144, stack(0x0000003186900000,0x0000003186a00000)]
  0x000001dce04cea60 JavaThread "Cache worker for cache directory md-supplier (C:\Users\MAHE\.gradle\caches\8.3\md-supplier)" [_thread_blocked, id=11136, stack(0x0000003186a00000,0x0000003186b00000)]
  0x000001dce04cd620 JavaThread "Cache worker for file content cache (C:\Users\MAHE\.gradle\caches\8.3\fileContent)" [_thread_blocked, id=11132, stack(0x0000003186b00000,0x0000003186c00000)]
  0x000001dce04cb7c0 JavaThread "Cache worker for cache directory md-rule (C:\Users\MAHE\.gradle\caches\8.3\md-rule)" [_thread_blocked, id=1116, stack(0x0000003186c00000,0x0000003186d00000)]
  0x000001dce04c9450 JavaThread "Cache worker for execution history cache (C:\Users\MAHE\.gradle\caches\8.3\executionHistory)" [_thread_blocked, id=11160, stack(0x0000003186d00000,0x0000003186e00000)]
  0x000001dce04ca380 JavaThread "jar transforms" [_thread_blocked, id=11172, stack(0x0000003186e00000,0x0000003186f00000)]
  0x000001dce04cc1e0 JavaThread "jar transforms Thread 2" [_thread_blocked, id=11168, stack(0x0000003187100000,0x0000003187200000)]
  0x000001dce04ca890 JavaThread "jar transforms Thread 3" [_thread_blocked, id=4900, stack(0x0000003187200000,0x0000003187300000)]
  0x000001dce04cfea0 JavaThread "jar transforms Thread 4" [_thread_blocked, id=11176, stack(0x0000003187300000,0x0000003187400000)]
=>0x000001dcdfdd06f0 JavaThread "C2 CompilerThread1" daemon [_thread_in_native, id=11196, stack(0x0000003187400000,0x0000003187500000)]

Other Threads:
  0x000001dcbe12d640 VMThread "VM Thread" [stack: 0x0000003184900000,0x0000003184a00000] [id=3856]
  0x000001dc9f198f90 WatcherThread [stack: 0x0000003185500000,0x0000003185600000] [id=10632]
  0x000001dc9f1f25d0 GCTaskThread "GC Thread#0" [stack: 0x0000003184400000,0x0000003184500000] [id=10008]
  0x000001dcbe7eb840 GCTaskThread "GC Thread#1" [stack: 0x0000003185700000,0x0000003185800000] [id=10656]
  0x000001dcbe7ebb00 GCTaskThread "GC Thread#2" [stack: 0x0000003185800000,0x0000003185900000] [id=10648]
  0x000001dcbe7ebdc0 GCTaskThread "GC Thread#3" [stack: 0x0000003185900000,0x0000003185a00000] [id=10644]
  0x000001dc9f204530 ConcurrentGCThread "G1 Main Marker" [stack: 0x0000003184500000,0x0000003184600000] [id=7852]
  0x000001dc9f2056f0 ConcurrentGCThread "G1 Conc#0" [stack: 0x0000003184600000,0x0000003184700000] [id=7824]
  0x000001dc9f23ea80 ConcurrentGCThread "G1 Refine#0" [stack: 0x0000003184700000,0x0000003184800000] [id=7708]
  0x000001dce0937020 ConcurrentGCThread "G1 Refine#1" [stack: 0x0000003186f00000,0x0000003187000000] [id=11148]
  0x000001dce0937310 ConcurrentGCThread "G1 Refine#2" [stack: 0x0000003187000000,0x0000003187100000] [id=11156]
  0x000001dcbdfe4580 ConcurrentGCThread "G1 Service" [stack: 0x0000003184800000,0x0000003184900000] [id=1916]

Threads with active compile tasks:
C2 CompilerThread0     9677 4007       4       org.codehaus.groovy.runtime.metaclass.MetaMethodIndex::addMethodToList (128 bytes)
C2 CompilerThread1     9678 3921       4       java.lang.StringConcatHelper::simpleConcat (94 bytes)

VM state: not at safepoint (normal execution)

VM Mutex/Monitor currently owned by a thread: None

Heap address: 0x0000000080000000, size: 2048 MB, Compressed Oops mode: 32-bit

CDS archive(s) mapped at: [0x000001dcbf000000-0x000001dcbfbc0000-0x000001dcbfbc0000), size 12320768, SharedBaseAddress: 0x000001dcbf000000, ArchiveRelocationMode: 1.
Compressed class space mapped at: 0x000001dcc0000000-0x000001dcda000000, reserved size: 436207616
Narrow klass base: 0x000001dcbf000000, Narrow klass shift: 0, Narrow klass range: 0x100000000

GC Precious Log:
 CPUs: 4 total, 4 available
 Memory: 16309M
 Large Page Support: Disabled
 NUMA Support: Disabled
 Compressed Oops: Enabled (32-bit)
 Heap Region Size: 1M
 Heap Min Capacity: 8M
 Heap Initial Capacity: 256M
 Heap Max Capacity: 2G
 Pre-touch: Disabled
 Parallel Workers: 4
 Concurrent Workers: 1
 Concurrent Refinement Workers: 4
 Periodic GC: Disabled

Heap:
 garbage-first heap   total 81920K, used 56642K [0x0000000080000000, 0x0000000100000000)
  region size 1024K, 27 young (27648K), 4 survivors (4096K)
 Metaspace       used 33006K, committed 33408K, reserved 491520K
  class space    used 4539K, committed 4736K, reserved 425984K

Heap Regions: E=young(eden), S=young(survivor), O=old, HS=humongous(starts), HC=humongous(continues), CS=collection set, F=free, OA=open archive, CA=closed archive, TAMS=top-at-mark-start (previous, next)
|   0|0x0000000080000000, 0x0000000080100000, 0x0000000080100000|100%| O|  |TAMS 0x0000000080100000, 0x0000000080000000| Untracked 
|   1|0x0000000080100000, 0x0000000080200000, 0x0000000080200000|100%| O|  |TAMS 0x0000000080200000, 0x0000000080100000| Untracked 
|   2|0x0000000080200000, 0x0000000080300000, 0x0000000080300000|100%|HS|  |TAMS 0x0000000080300000, 0x0000000080200000| Complete 
|   3|0x0000000080300000, 0x0000000080400000, 0x0000000080400000|100%|HC|  |TAMS 0x0000000080400000, 0x0000000080300000| Complete 
|   4|0x0000000080400000, 0x0000000080500000, 0x0000000080500000|100%|HC|  |TAMS 0x0000000080500000, 0x0000000080400000| Complete 
|   5|0x0000000080500000, 0x0000000080600000, 0x0000000080600000|100%|HC|  |TAMS 0x0000000080600000, 0x0000000080500000| Complete 
|   6|0x0000000080600000, 0x0000000080700000, 0x0000000080700000|100%| O|  |TAMS 0x0000000080700000, 0x0000000080600000| Untracked 
|   7|0x0000000080700000, 0x0000000080800000, 0x0000000080800000|100%| O|  |TAMS 0x0000000080800000, 0x0000000080700000| Untracked 
|   8|0x0000000080800000, 0x0000000080900000, 0x0000000080900000|100%| O|  |TAMS 0x0000000080800000, 0x0000000080800000| Untracked 
|   9|0x0000000080900000, 0x0000000080a00000, 0x0000000080a00000|100%| O|  |TAMS 0x0000000080a00000, 0x0000000080900000| Untracked 
|  10|0x0000000080a00000, 0x0000000080b00000, 0x0000000080b00000|100%| O|  |TAMS 0x0000000080b00000, 0x0000000080a00000| Untracked 
|  11|0x0000000080b00000, 0x0000000080c00000, 0x0000000080c00000|100%|HS|  |TAMS 0x0000000080b00000, 0x0000000080b00000| Complete 
|  12|0x0000000080c00000, 0x0000000080d00000, 0x0000000080d00000|100%| O|  |TAMS 0x0000000080c00000, 0x0000000080c00000| Untracked 
|  13|0x0000000080d00000, 0x0000000080e00000, 0x0000000080e00000|100%| O|  |TAMS 0x0000000080d00000, 0x0000000080d00000| Untracked 
|  14|0x0000000080e00000, 0x0000000080f00000, 0x0000000080f00000|100%| O|  |TAMS 0x0000000080e00000, 0x0000000080e00000| Untracked 
|  15|0x0000000080f00000, 0x0000000081000000, 0x0000000081000000|100%| O|  |TAMS 0x0000000080f00000, 0x0000000080f00000| Untracked 
|  16|0x0000000081000000, 0x0000000081100000, 0x0000000081100000|100%| O|  |TAMS 0x0000000081000000, 0x0000000081000000| Untracked 
|  17|0x0000000081100000, 0x0000000081200000, 0x0000000081200000|100%| O|  |TAMS 0x0000000081100000, 0x0000000081100000| Untracked 
|  18|0x0000000081200000, 0x0000000081300000, 0x0000000081300000|100%| O|  |TAMS 0x0000000081200000, 0x0000000081200000| Untracked 
|  19|0x0000000081300000, 0x0000000081400000, 0x0000000081400000|100%| O|  |TAMS 0x0000000081300000, 0x0000000081300000| Untracked 
|  20|0x0000000081400000, 0x0000000081500000, 0x0000000081500000|100%| O|  |TAMS 0x0000000081400000, 0x0000000081400000| Untracked 
|  21|0x0000000081500000, 0x0000000081600000, 0x0000000081600000|100%| O|  |TAMS 0x0000000081500000, 0x0000000081500000| Untracked 
|  22|0x0000000081600000, 0x0000000081700000, 0x0000000081700000|100%| O|  |TAMS 0x0000000081600000, 0x0000000081600000| Untracked 
|  23|0x0000000081700000, 0x0000000081800000, 0x0000000081800000|100%| O|  |TAMS 0x0000000081700000, 0x0000000081700000| Untracked 
|  24|0x0000000081800000, 0x0000000081900000, 0x0000000081900000|100%| O|  |TAMS 0x0000000081800000, 0x0000000081800000| Untracked 
|  25|0x0000000081900000, 0x00000000819daa00, 0x0000000081a00000| 85%| O|  |TAMS 0x0000000081900000, 0x0000000081900000| Untracked 
|  26|0x0000000081a00000, 0x0000000081b00000, 0x0000000081b00000|100%|HS|  |TAMS 0x0000000081a00000, 0x0000000081a00000| Complete 
|  27|0x0000000081b00000, 0x0000000081c00000, 0x0000000081c00000|100%|HC|  |TAMS 0x0000000081b00000, 0x0000000081b00000| Complete 
|  28|0x0000000081c00000, 0x0000000081d00000, 0x0000000081d00000|100%|HS|  |TAMS 0x0000000081c00000, 0x0000000081c00000| Complete 
|  29|0x0000000081d00000, 0x0000000081e00000, 0x0000000081e00000|100%|HC|  |TAMS 0x0000000081d00000, 0x0000000081d00000| Complete 
|  30|0x0000000081e00000, 0x0000000081e00000, 0x0000000081f00000|  0%| F|  |TAMS 0x0000000081e00000, 0x0000000081e00000| Untracked 
|  31|0x0000000081f00000, 0x0000000081f00000, 0x0000000082000000|  0%| F|  |TAMS 0x0000000081f00000, 0x0000000081f00000| Untracked 
|  32|0x0000000082000000, 0x0000000082000000, 0x0000000082100000|  0%| F|  |TAMS 0x0000000082000000, 0x0000000082000000| Untracked 
|  33|0x0000000082100000, 0x0000000082100000, 0x0000000082200000|  0%| F|  |TAMS 0x0000000082100000, 0x0000000082100000| Untracked 
|  34|0x0000000082200000, 0x0000000082200000, 0x0000000082300000|  0%| F|  |TAMS 0x0000000082200000, 0x0000000082200000| Untracked 
|  35|0x0000000082300000, 0x0000000082300000, 0x0000000082400000|  0%| F|  |TAMS 0x0000000082300000, 0x0000000082300000| Untracked 
|  36|0x0000000082400000, 0x0000000082400000, 0x0000000082500000|  0%| F|  |TAMS 0x0000000082400000, 0x0000000082400000| Untracked 
|  37|0x0000000082500000, 0x0000000082500000, 0x0000000082600000|  0%| F|  |TAMS 0x0000000082500000, 0x0000000082500000| Untracked 
|  38|0x0000000082600000, 0x0000000082600000, 0x0000000082700000|  0%| F|  |TAMS 0x0000000082600000, 0x0000000082600000| Untracked 
|  39|0x0000000082700000, 0x0000000082700000, 0x0000000082800000|  0%| F|  |TAMS 0x0000000082700000, 0x0000000082700000| Untracked 
|  40|0x0000000082800000, 0x0000000082876058, 0x0000000082900000| 46%| S|CS|TAMS 0x0000000082800000, 0x0000000082800000| Complete 
|  41|0x0000000082900000, 0x0000000082a00000, 0x0000000082a00000|100%| S|CS|TAMS 0x0000000082900000, 0x0000000082900000| Complete 
|  42|0x0000000082a00000, 0x0000000082b00000, 0x0000000082b00000|100%| S|CS|TAMS 0x0000000082a00000, 0x0000000082a00000| Complete 
|  43|0x0000000082b00000, 0x0000000082c00000, 0x0000000082c00000|100%| S|CS|TAMS 0x0000000082b00000, 0x0000000082b00000| Complete 
|  44|0x0000000082c00000, 0x0000000082c00000, 0x0000000082d00000|  0%| F|  |TAMS 0x0000000082c00000, 0x0000000082c00000| Untracked 
|  45|0x0000000082d00000, 0x0000000082d00000, 0x0000000082e00000|  0%| F|  |TAMS 0x0000000082d00000, 0x0000000082d00000| Untracked 
|  46|0x0000000082e00000, 0x0000000082e00000, 0x0000000082f00000|  0%| F|  |TAMS 0x0000000082e00000, 0x0000000082e00000| Untracked 
|  47|0x0000000082f00000, 0x0000000082f00000, 0x0000000083000000|  0%| F|  |TAMS 0x0000000082f00000, 0x0000000082f00000| Untracked 
|  48|0x0000000083000000, 0x0000000083000000, 0x0000000083100000|  0%| F|  |TAMS 0x0000000083000000, 0x0000000083000000| Untracked 
|  49|0x0000000083100000, 0x0000000083100000, 0x0000000083200000|  0%| F|  |TAMS 0x0000000083100000, 0x0000000083100000| Untracked 
|  50|0x0000000083200000, 0x0000000083200000, 0x0000000083300000|  0%| F|  |TAMS 0x0000000083200000, 0x0000000083200000| Untracked 
|  51|0x0000000083300000, 0x0000000083300000, 0x0000000083400000|  0%| F|  |TAMS 0x0000000083300000, 0x0000000083300000| Untracked 
|  52|0x0000000083400000, 0x0000000083400000, 0x0000000083500000|  0%| F|  |TAMS 0x0000000083400000, 0x0000000083400000| Untracked 
|  53|0x0000000083500000, 0x0000000083500000, 0x0000000083600000|  0%| F|  |TAMS 0x0000000083500000, 0x0000000083500000| Untracked 
|  54|0x0000000083600000, 0x0000000083600000, 0x0000000083700000|  0%| F|  |TAMS 0x0000000083600000, 0x0000000083600000| Untracked 
|  55|0x0000000083700000, 0x0000000083780800, 0x0000000083800000| 50%| E|  |TAMS 0x0000000083700000, 0x0000000083700000| Complete 
|  56|0x0000000083800000, 0x0000000083900000, 0x0000000083900000|100%| E|CS|TAMS 0x0000000083800000, 0x0000000083800000| Complete 
|  57|0x0000000083900000, 0x0000000083a00000, 0x0000000083a00000|100%| E|CS|TAMS 0x0000000083900000, 0x0000000083900000| Complete 
|  58|0x0000000083a00000, 0x0000000083b00000, 0x0000000083b00000|100%| E|CS|TAMS 0x0000000083a00000, 0x0000000083a00000| Complete 
|  59|0x0000000083b00000, 0x0000000083c00000, 0x0000000083c00000|100%| E|CS|TAMS 0x0000000083b00000, 0x0000000083b00000| Complete 
|  60|0x0000000083c00000, 0x0000000083d00000, 0x0000000083d00000|100%| E|CS|TAMS 0x0000000083c00000, 0x0000000083c00000| Complete 
|  61|0x0000000083d00000, 0x0000000083e00000, 0x0000000083e00000|100%| E|CS|TAMS 0x0000000083d00000, 0x0000000083d00000| Complete 
|  62|0x0000000083e00000, 0x0000000083f00000, 0x0000000083f00000|100%| E|CS|TAMS 0x0000000083e00000, 0x0000000083e00000| Complete 
|  63|0x0000000083f00000, 0x0000000084000000, 0x0000000084000000|100%| E|CS|TAMS 0x0000000083f00000, 0x0000000083f00000| Complete 
|  64|0x0000000084000000, 0x0000000084100000, 0x0000000084100000|100%| E|CS|TAMS 0x0000000084000000, 0x0000000084000000| Complete 
|  65|0x0000000084100000, 0x0000000084200000, 0x0000000084200000|100%| E|CS|TAMS 0x0000000084100000, 0x0000000084100000| Complete 
|  66|0x0000000084200000, 0x0000000084300000, 0x0000000084300000|100%| E|CS|TAMS 0x0000000084200000, 0x0000000084200000| Complete 
| 130|0x0000000088200000, 0x0000000088300000, 0x0000000088300000|100%| E|CS|TAMS 0x0000000088200000, 0x0000000088200000| Complete 
| 131|0x0000000088300000, 0x0000000088400000, 0x0000000088400000|100%| E|CS|TAMS 0x0000000088300000, 0x0000000088300000| Complete 
| 132|0x0000000088400000, 0x0000000088500000, 0x0000000088500000|100%| E|CS|TAMS 0x0000000088400000, 0x0000000088400000| Complete 
| 133|0x0000000088500000, 0x0000000088600000, 0x0000000088600000|100%| E|CS|TAMS 0x0000000088500000, 0x0000000088500000| Complete 
| 134|0x0000000088600000, 0x0000000088700000, 0x0000000088700000|100%| E|CS|TAMS 0x0000000088600000, 0x0000000088600000| Complete 
| 135|0x0000000088700000, 0x0000000088800000, 0x0000000088800000|100%| E|CS|TAMS 0x0000000088700000, 0x0000000088700000| Complete 
| 136|0x0000000088800000, 0x0000000088900000, 0x0000000088900000|100%| E|CS|TAMS 0x0000000088800000, 0x0000000088800000| Complete 
| 137|0x0000000088900000, 0x0000000088a00000, 0x0000000088a00000|100%| E|CS|TAMS 0x0000000088900000, 0x0000000088900000| Complete 
| 138|0x0000000088a00000, 0x0000000088b00000, 0x0000000088b00000|100%| E|CS|TAMS 0x0000000088a00000, 0x0000000088a00000| Complete 
| 139|0x0000000088b00000, 0x0000000088c00000, 0x0000000088c00000|100%| E|CS|TAMS 0x0000000088b00000, 0x0000000088b00000| Complete 
| 140|0x0000000088c00000, 0x0000000088d00000, 0x0000000088d00000|100%| E|CS|TAMS 0x0000000088c00000, 0x0000000088c00000| Complete 
| 141|0x0000000088d00000, 0x0000000088e00000, 0x0000000088e00000|100%| E|CS|TAMS 0x0000000088d00000, 0x0000000088d00000| Complete 
| 255|0x000000008ff00000, 0x0000000090000000, 0x0000000090000000|100%| E|CS|TAMS 0x000000008ff00000, 0x000000008ff00000| Complete 

Card table byte_map: [0x000001dcb7420000,0x000001dcb7820000] _byte_map_base: 0x000001dcb7020000

Marking Bits (Prev, Next): (CMBitMap*) 0x000001dc9f1f2c30, (CMBitMap*) 0x000001dc9f1f2bf0
 Prev Bits: [0x000001dcb9c20000, 0x000001dcbbc20000)
 Next Bits: [0x000001dcb7c20000, 0x000001dcb9c20000)

Polling page: 0x000001dc9d0d0000

Metaspace:

Usage:
  Non-class:     27.80 MB used.
      Class:      4.43 MB used.
       Both:     32.23 MB used.

Virtual space:
  Non-class space:       64.00 MB reserved,      28.00 MB ( 44%) committed,  1 nodes.
      Class space:      416.00 MB reserved,       4.62 MB (  1%) committed,  1 nodes.
             Both:      480.00 MB reserved,      32.62 MB (  7%) committed. 

Chunk freelists:
   Non-Class:  3.66 MB
       Class:  11.28 MB
        Both:  14.94 MB

MaxMetaspaceSize: 512.00 MB
CompressedClassSpaceSize: 416.00 MB
Initial GC threshold: 21.00 MB
Current GC threshold: 35.25 MB
CDS: on
MetaspaceReclaimPolicy: balanced
 - commit_granule_bytes: 65536.
 - commit_granule_words: 8192.
 - virtual_space_node_default_size: 8388608.
 - enlarge_chunks_in_place: 1.
 - new_chunks_are_fully_committed: 0.
 - uncommit_free_chunks: 1.
 - use_allocation_guard: 0.
 - handle_deallocations: 1.


Internal statistics:

num_allocs_failed_limit: 3.
num_arena_births: 330.
num_arena_deaths: 0.
num_vsnodes_births: 2.
num_vsnodes_deaths: 0.
num_space_committed: 522.
num_space_uncommitted: 0.
num_chunks_returned_to_freelist: 3.
num_chunks_taken_from_freelist: 1474.
num_chunk_merges: 3.
num_chunk_splits: 1011.
num_chunks_enlarged: 726.
num_inconsistent_stats: 0.

CodeHeap 'non-profiled nmethods': size=120000Kb used=2336Kb max_used=2336Kb free=117663Kb
 bounds [0x000001dcafaf0000, 0x000001dcafd60000, 0x000001dcb7020000]
CodeHeap 'profiled nmethods': size=120000Kb used=8395Kb max_used=8395Kb free=111604Kb
 bounds [0x000001dca8020000, 0x000001dca8860000, 0x000001dcaf550000]
CodeHeap 'non-nmethods': size=5760Kb used=2288Kb max_used=2306Kb free=3472Kb
 bounds [0x000001dcaf550000, 0x000001dcaf7c0000, 0x000001dcafaf0000]
 total_blobs=4803 nmethods=4009 adapters=706
 compilation: enabled
              stopped_count=0, restarted_count=0
 full_count=0

Compilation events (20 events):
Event: 9.519 Thread 0x000001dcbe14e540 nmethod 3910 0x000001dcafd24790 code [0x000001dcafd24aa0, 0x000001dcafd261c0]
Event: 9.519 Thread 0x000001dcbe264830 3937       1       com.sun.beans.introspect.PropertyInfo::getPropertyType (5 bytes)
Event: 9.520 Thread 0x000001dcbe14e540 3928       4       java.util.zip.ZipEntry::<init> (84 bytes)
Event: 9.520 Thread 0x000001dcbe264830 nmethod 3937 0x000001dcafd27190 code [0x000001dcafd27320, 0x000001dcafd273f8]
Event: 9.521 Thread 0x000001dcbe14e540 nmethod 3928 0x000001dcafd27490 code [0x000001dcafd27600, 0x000001dcafd277b8]
Event: 9.521 Thread 0x000001dcbe14e540 3929       4       java.util.zip.ZipFile$ZipEntryIterator::hasMoreElements (5 bytes)
Event: 9.522 Thread 0x000001dcbe14e540 nmethod 3929 0x000001dcafd27910 code [0x000001dcafd27a80, 0x000001dcafd27b18]
Event: 9.522 Thread 0x000001dcbe14e540 3930   !   4       java.util.zip.ZipFile$ZipEntryIterator::next (71 bytes)
Event: 9.523 Thread 0x000001dcbe264830 3938       3       org.codehaus.groovy.util.SingleKeyHashMap::<init> (5 bytes)
Event: 9.523 Thread 0x000001dcbe264830 nmethod 3938 0x000001dca8826710 code [0x000001dca88268c0, 0x000001dca8826c78]
Event: 9.523 Thread 0x000001dcbe264830 3939       3       org.codehaus.groovy.util.ComplexKeyHashMap::<init> (11 bytes)
Event: 9.523 Thread 0x000001dcbe264830 nmethod 3939 0x000001dca8826d90 code [0x000001dca8826f40, 0x000001dca8827298]
Event: 9.523 Thread 0x000001dcbe264830 3940       3       org.codehaus.groovy.util.ComplexKeyHashMap::init (20 bytes)
Event: 9.523 Thread 0x000001dcbe264830 nmethod 3940 0x000001dca8827390 code [0x000001dca8827520, 0x000001dca8827758]
Event: 9.526 Thread 0x000001dcbe264830 3941       3       sun.reflect.generics.parser.SignatureParser::parseZeroOrMoreFormalTypeParameters (19 bytes)
Event: 9.526 Thread 0x000001dcbe264830 nmethod 3941 0x000001dca8827810 code [0x000001dca88279c0, 0x000001dca8827c38]
Event: 9.528 Thread 0x000001dcdfdd06f0 nmethod 3927 0x000001dcafd27c10 code [0x000001dcafd27e00, 0x000001dcafd291d8]
Event: 9.528 Thread 0x000001dcdfdd06f0 3931       4       java.util.zip.ZipFile$ZipEntryIterator::nextElement (5 bytes)
Event: 9.532 Thread 0x000001dcdfdd06f0 nmethod 3931 0x000001dcafd29b90 code [0x000001dcafd29d20, 0x000001dcafd2a188]
Event: 9.532 Thread 0x000001dcdfdd06f0 3921       4       java.lang.StringConcatHelper::simpleConcat (94 bytes)

GC Heap History (14 events):
Event: 0.676 GC heap before
{Heap before GC invocations=0 (full 0):
 garbage-first heap   total 262144K, used 13312K [0x0000000080000000, 0x0000000100000000)
  region size 1024K, 13 young (13312K), 0 survivors (0K)
 Metaspace       used 1023K, committed 1152K, reserved 491520K
  class space    used 79K, committed 128K, reserved 425984K
}
Event: 0.682 GC heap after
{Heap after GC invocations=1 (full 0):
 garbage-first heap   total 262144K, used 3337K [0x0000000080000000, 0x0000000100000000)
  region size 1024K, 2 young (2048K), 2 survivors (2048K)
 Metaspace       used 1023K, committed 1152K, reserved 491520K
  class space    used 79K, committed 128K, reserved 425984K
}
Event: 1.429 GC heap before
{Heap before GC invocations=1 (full 0):
 garbage-first heap   total 262144K, used 21769K [0x0000000080000000, 0x0000000100000000)
  region size 1024K, 17 young (17408K), 2 survivors (2048K)
 Metaspace       used 3893K, committed 4032K, reserved 491520K
  class space    used 487K, committed 576K, reserved 425984K
}
Event: 1.433 GC heap after
{Heap after GC invocations=2 (full 0):
 garbage-first heap   total 262144K, used 10637K [0x0000000080000000, 0x0000000100000000)
  region size 1024K, 3 young (3072K), 3 survivors (3072K)
 Metaspace       used 3893K, committed 4032K, reserved 491520K
  class space    used 487K, committed 576K, reserved 425984K
}
Event: 2.332 GC heap before
{Heap before GC invocations=2 (full 0):
 garbage-first heap   total 262144K, used 33165K [0x0000000080000000, 0x0000000100000000)
  region size 1024K, 25 young (25600K), 3 survivors (3072K)
 Metaspace       used 4041K, committed 4224K, reserved 491520K
  class space    used 490K, committed 576K, reserved 425984K
}
Event: 2.335 GC heap after
{Heap after GC invocations=3 (full 0):
 garbage-first heap   total 262144K, used 12552K [0x0000000080000000, 0x0000000100000000)
  region size 1024K, 2 young (2048K), 2 survivors (2048K)
 Metaspace       used 4041K, committed 4224K, reserved 491520K
  class space    used 490K, committed 576K, reserved 425984K
}
Event: 6.396 GC heap before
{Heap before GC invocations=3 (full 0):
 garbage-first heap   total 262144K, used 126216K [0x0000000080000000, 0x0000000100000000)
  region size 1024K, 114 young (116736K), 2 survivors (2048K)
 Metaspace       used 21158K, committed 21504K, reserved 491520K
  class space    used 3123K, committed 3328K, reserved 425984K
}
Event: 6.406 GC heap after
{Heap after GC invocations=4 (full 0):
 garbage-first heap   total 262144K, used 22862K [0x0000000080000000, 0x0000000100000000)
  region size 1024K, 12 young (12288K), 12 survivors (12288K)
 Metaspace       used 21158K, committed 21504K, reserved 491520K
  class space    used 3123K, committed 3328K, reserved 425984K
}
Event: 7.726 GC heap before
{Heap before GC invocations=5 (full 0):
 garbage-first heap   total 81920K, used 59726K [0x0000000080000000, 0x0000000100000000)
  region size 1024K, 48 young (49152K), 12 survivors (12288K)
 Metaspace       used 27766K, committed 28096K, reserved 491520K
  class space    used 3944K, committed 4096K, reserved 425984K
}
Event: 7.736 GC heap after
{Heap after GC invocations=6 (full 0):
 garbage-first heap   total 81920K, used 25715K [0x0000000080000000, 0x0000000100000000)
  region size 1024K, 4 young (4096K), 4 survivors (4096K)
 Metaspace       used 27766K, committed 28096K, reserved 491520K
  class space    used 3944K, committed 4096K, reserved 425984K
}
Event: 7.774 GC heap before
{Heap before GC invocations=6 (full 0):
 garbage-first heap   total 81920K, used 25715K [0x0000000080000000, 0x0000000100000000)
  region size 1024K, 5 young (5120K), 4 survivors (4096K)
 Metaspace       used 27927K, committed 28224K, reserved 491520K
  class space    used 3971K, committed 4096K, reserved 425984K
}
Event: 7.778 GC heap after
{Heap after GC invocations=7 (full 0):
 garbage-first heap   total 81920K, used 25972K [0x0000000080000000, 0x0000000100000000)
  region size 1024K, 1 young (1024K), 1 survivors (1024K)
 Metaspace       used 27927K, committed 28224K, reserved 491520K
  class space    used 3971K, committed 4096K, reserved 425984K
}
Event: 8.983 GC heap before
{Heap before GC invocations=7 (full 0):
 garbage-first heap   total 81920K, used 60788K [0x0000000080000000, 0x0000000100000000)
  region size 1024K, 36 young (36864K), 1 survivors (1024K)
 Metaspace       used 31226K, committed 31616K, reserved 491520K
  class space    used 4396K, committed 4608K, reserved 425984K
}
Event: 8.991 GC heap after
{Heap after GC invocations=8 (full 0):
 garbage-first heap   total 81920K, used 28994K [0x0000000080000000, 0x0000000100000000)
  region size 1024K, 4 young (4096K), 4 survivors (4096K)
 Metaspace       used 31226K, committed 31616K, reserved 491520K
  class space    used 4396K, committed 4608K, reserved 425984K
}

Dll operation events (15 events):
Event: 0.042 Loaded shared library C:\Program Files\OpenLogic\jdk-17.0.10.7-hotspot\bin\java.dll
Event: 0.065 Loaded shared library C:\Program Files\OpenLogic\jdk-17.0.10.7-hotspot\bin\jsvml.dll
Event: 0.140 Loaded shared library C:\Program Files\OpenLogic\jdk-17.0.10.7-hotspot\bin\zip.dll
Event: 0.143 Loaded shared library C:\Program Files\OpenLogic\jdk-17.0.10.7-hotspot\bin\instrument.dll
Event: 0.150 Loaded shared library C:\Program Files\OpenLogic\jdk-17.0.10.7-hotspot\bin\net.dll
Event: 0.156 Loaded shared library C:\Program Files\OpenLogic\jdk-17.0.10.7-hotspot\bin\nio.dll
Event: 0.163 Loaded shared library C:\Program Files\OpenLogic\jdk-17.0.10.7-hotspot\bin\zip.dll
Event: 0.520 Loaded shared library C:\Program Files\OpenLogic\jdk-17.0.10.7-hotspot\bin\jimage.dll
Event: 0.688 Loaded shared library C:\Program Files\OpenLogic\jdk-17.0.10.7-hotspot\bin\verify.dll
Event: 1.035 Loaded shared library C:\Users\MAHE\.gradle\native\68d5fa5c4cc2d200863cafc0d521ce42e7d3e7ee720ec0a83991735586a16f82\windows-amd64\native-platform.dll
Event: 1.112 Loaded shared library C:\Users\MAHE\.gradle\native\e376f236ea51e6404a007f0833ffe2c6e607c4080706a723a18a27aeea778392\windows-amd64\native-platform-file-events.dll
Event: 3.475 Loaded shared library C:\Program Files\OpenLogic\jdk-17.0.10.7-hotspot\bin\management.dll
Event: 3.480 Loaded shared library C:\Program Files\OpenLogic\jdk-17.0.10.7-hotspot\bin\management_ext.dll
Event: 3.757 Loaded shared library C:\Program Files\OpenLogic\jdk-17.0.10.7-hotspot\bin\extnet.dll
Event: 4.009 Loaded shared library C:\Program Files\OpenLogic\jdk-17.0.10.7-hotspot\bin\sunmscapi.dll

Deoptimization events (20 events):
Event: 9.004 Thread 0x000001dcdf9197d0 Uncommon trap: trap_request=0xffffffbe fr.pc=0x000001dcafd0bca4 relative=0x0000000000000664
Event: 9.004 Thread 0x000001dcdf9197d0 Uncommon trap: reason=profile_predicate action=maybe_recompile pc=0x000001dcafd0bca4 method=java.lang.PublicMethods$MethodList.filter([Ljava/lang/reflect/Method;Ljava/lang/String;[Ljava/lang/Class;Z)Ljava/lang/PublicMethods$MethodList; @ 21 c2
Event: 9.004 Thread 0x000001dcdf9197d0 DEOPT PACKING pc=0x000001dcafd0bca4 sp=0x00000031860f85b0
Event: 9.004 Thread 0x000001dcdf9197d0 DEOPT UNPACKING pc=0x000001dcaf5a69a3 sp=0x00000031860f8568 mode 2
Event: 9.016 Thread 0x000001dcdf9197d0 Uncommon trap: trap_request=0xffffffbe fr.pc=0x000001dcafd0bca4 relative=0x0000000000000664
Event: 9.016 Thread 0x000001dcdf9197d0 Uncommon trap: reason=profile_predicate action=maybe_recompile pc=0x000001dcafd0bca4 method=java.lang.PublicMethods$MethodList.filter([Ljava/lang/reflect/Method;Ljava/lang/String;[Ljava/lang/Class;Z)Ljava/lang/PublicMethods$MethodList; @ 21 c2
Event: 9.016 Thread 0x000001dcdf9197d0 DEOPT PACKING pc=0x000001dcafd0bca4 sp=0x00000031860f8e00
Event: 9.016 Thread 0x000001dcdf9197d0 DEOPT UNPACKING pc=0x000001dcaf5a69a3 sp=0x00000031860f8db8 mode 2
Event: 9.017 Thread 0x000001dcdf9197d0 Uncommon trap: trap_request=0xffffffbe fr.pc=0x000001dcafd0bca4 relative=0x0000000000000664
Event: 9.017 Thread 0x000001dcdf9197d0 Uncommon trap: reason=profile_predicate action=maybe_recompile pc=0x000001dcafd0bca4 method=java.lang.PublicMethods$MethodList.filter([Ljava/lang/reflect/Method;Ljava/lang/String;[Ljava/lang/Class;Z)Ljava/lang/PublicMethods$MethodList; @ 21 c2
Event: 9.017 Thread 0x000001dcdf9197d0 DEOPT PACKING pc=0x000001dcafd0bca4 sp=0x00000031860f8de0
Event: 9.017 Thread 0x000001dcdf9197d0 DEOPT UNPACKING pc=0x000001dcaf5a69a3 sp=0x00000031860f8d98 mode 2
Event: 9.141 Thread 0x000001dcdf9197d0 Uncommon trap: trap_request=0xffffffde fr.pc=0x000001dcafcd9c70 relative=0x0000000000000410
Event: 9.141 Thread 0x000001dcdf9197d0 Uncommon trap: reason=class_check action=maybe_recompile pc=0x000001dcafcd9c70 method=java.util.regex.Pattern$Start.match(Ljava/util/regex/Matcher;ILjava/lang/CharSequence;)Z @ 44 c2
Event: 9.141 Thread 0x000001dcdf9197d0 DEOPT PACKING pc=0x000001dcafcd9c70 sp=0x00000031860f9520
Event: 9.141 Thread 0x000001dcdf9197d0 DEOPT UNPACKING pc=0x000001dcaf5a69a3 sp=0x00000031860f93e8 mode 2
Event: 9.467 Thread 0x000001dcdf9197d0 Uncommon trap: trap_request=0xffffffde fr.pc=0x000001dcafcf0e80 relative=0x0000000000000060
Event: 9.467 Thread 0x000001dcdf9197d0 Uncommon trap: reason=class_check action=maybe_recompile pc=0x000001dcafcf0e80 method=java.util.stream.StreamOpFlag.fromCharacteristics(Ljava/util/Spliterator;)I @ 14 c2
Event: 9.467 Thread 0x000001dcdf9197d0 DEOPT PACKING pc=0x000001dcafcf0e80 sp=0x00000031860f8800
Event: 9.468 Thread 0x000001dcdf9197d0 DEOPT UNPACKING pc=0x000001dcaf5a69a3 sp=0x00000031860f8798 mode 2

Classes unloaded (0 events):
No events

Classes redefined (0 events):
No events

Internal exceptions (20 events):
Event: 9.033 Thread 0x000001dcdf9197d0 Exception <a 'java/lang/ClassNotFoundException'{0x0000000088c42420}: org/gradle/api/internal/project/AbstractPluginAwareBeanInfo> (0x0000000088c42420) 
thrown [s\src\hotspot\share\classfile\systemDictionary.cpp, line 256]
Event: 9.034 Thread 0x000001dcdf9197d0 Exception <a 'java/lang/ClassNotFoundException'{0x0000000088c52c38}: org/gradle/api/internal/project/AbstractPluginAwareCustomizer> (0x0000000088c52c38) 
thrown [s\src\hotspot\share\classfile\systemDictionary.cpp, line 256]
Event: 9.035 Thread 0x000001dcdf9197d0 Exception <a 'java/lang/ClassNotFoundException'{0x0000000088c687e8}: org/gradle/initialization/DefaultSettingsCustomizer> (0x0000000088c687e8) 
thrown [s\src\hotspot\share\classfile\systemDictionary.cpp, line 256]
Event: 9.045 Thread 0x000001dcdf9197d0 Exception <a 'java/lang/ClassNotFoundException'{0x0000000088cad4c8}: org/gradle/initialization/DefaultSettings_DecoratedCustomizer> (0x0000000088cad4c8) 
thrown [s\src\hotspot\share\classfile\systemDictionary.cpp, line 256]
Event: 9.054 Thread 0x000001dcdf9197d0 Exception <a 'java/lang/ClassNotFoundException'{0x0000000088b577a0}: org/gradle/initialization/DefaultProjectDescriptorBeanInfo> (0x0000000088b577a0) 
thrown [s\src\hotspot\share\classfile\systemDictionary.cpp, line 256]
Event: 9.055 Thread 0x000001dcdf9197d0 Exception <a 'java/lang/ClassNotFoundException'{0x0000000088b66190}: org/gradle/initialization/DefaultProjectDescriptorCustomizer> (0x0000000088b66190) 
thrown [s\src\hotspot\share\classfile\systemDictionary.cpp, line 256]
Event: 9.138 Thread 0x000001dcdf9197d0 Exception <a 'java/lang/ClassNotFoundException'{0x000000008885a7d0}: org/gradle/api/internal/plugins/DefaultObjectConfigurationActionBeanInfo> (0x000000008885a7d0) 
thrown [s\src\hotspot\share\classfile\systemDictionary.cpp, line 256]
Event: 9.138 Thread 0x000001dcdf9197d0 Exception <a 'java/lang/ClassNotFoundException'{0x0000000088869530}: org/gradle/api/internal/plugins/DefaultObjectConfigurationActionCustomizer> (0x0000000088869530) 
thrown [s\src\hotspot\share\classfile\systemDictionary.cpp, line 256]
Event: 9.470 Thread 0x000001dcdf9197d0 Exception <a 'java/lang/ClassNotFoundException'{0x0000000088451250}: native_modules_6gaia45nttbdqrfmlvwa4ie97BeanInfo> (0x0000000088451250) 
thrown [s\src\hotspot\share\classfile\systemDictionary.cpp, line 256]
Event: 9.470 Thread 0x000001dcdf9197d0 Exception <a 'java/lang/ClassNotFoundException'{0x00000000884574e8}: native_modules_6gaia45nttbdqrfmlvwa4ie97Customizer> (0x00000000884574e8) 
thrown [s\src\hotspot\share\classfile\systemDictionary.cpp, line 256]
Event: 9.482 Thread 0x000001dcdf9197d0 Exception <a 'java/lang/ClassNotFoundException'{0x00000000884a1ed0}: groovy/lang/ReferenceBeanInfo> (0x00000000884a1ed0) 
thrown [s\src\hotspot\share\classfile\systemDictionary.cpp, line 256]
Event: 9.482 Thread 0x000001dcdf9197d0 Exception <a 'java/lang/ClassNotFoundException'{0x00000000884c6250}: groovy/lang/ReferenceCustomizer> (0x00000000884c6250) 
thrown [s\src\hotspot\share\classfile\systemDictionary.cpp, line 256]
Event: 9.488 Thread 0x000001dcdf9197d0 Exception <a 'java/lang/ClassNotFoundException'{0x0000000088378658}: groovy/lang/GString$1BeanInfo> (0x0000000088378658) 
thrown [s\src\hotspot\share\classfile\systemDictionary.cpp, line 256]
Event: 9.489 Thread 0x000001dcdf9197d0 Exception <a 'java/lang/ClassNotFoundException'{0x000000008839cb40}: groovy/lang/GStringBeanInfo> (0x000000008839cb40) 
thrown [s\src\hotspot\share\classfile\systemDictionary.cpp, line 256]
Event: 9.494 Thread 0x000001dcdf9197d0 Exception <a 'java/lang/ClassNotFoundException'{0x00000000883c0db0}: groovy/lang/GStringCustomizer> (0x00000000883c0db0) 
thrown [s\src\hotspot\share\classfile\systemDictionary.cpp, line 256]
Event: 9.496 Thread 0x000001dcdf9197d0 Exception <a 'java/lang/ClassNotFoundException'{0x00000000883ef5d8}: groovy/lang/GString$1Customizer> (0x00000000883ef5d8) 
thrown [s\src\hotspot\share\classfile\systemDictionary.cpp, line 256]
Event: 9.505 Thread 0x000001dcdf9197d0 Exception <a 'java/lang/ClassNotFoundException'{0x000000008408d970}: org/codehaus/groovy/runtime/GStringImplBeanInfo> (0x000000008408d970) 
thrown [s\src\hotspot\share\classfile\systemDictionary.cpp, line 256]
Event: 9.511 Thread 0x000001dcdf9197d0 Exception <a 'java/lang/ClassNotFoundException'{0x0000000083d2aac8}: org/codehaus/groovy/runtime/GStringImplCustomizer> (0x0000000083d2aac8) 
thrown [s\src\hotspot\share\classfile\systemDictionary.cpp, line 256]
Event: 9.525 Thread 0x000001dcdf9197d0 Exception <a 'java/lang/ClassNotFoundException'{0x0000000083d84d20}: ReactNativeModulesBeanInfo> (0x0000000083d84d20) 
thrown [s\src\hotspot\share\classfile\systemDictionary.cpp, line 256]
Event: 9.526 Thread 0x000001dcdf9197d0 Exception <a 'java/lang/ClassNotFoundException'{0x0000000083d8c120}: ReactNativeModulesCustomizer> (0x0000000083d8c120) 
thrown [s\src\hotspot\share\classfile\systemDictionary.cpp, line 256]

VM Operations (20 events):
Event: 7.940 Executing VM operation: HandshakeAllThreads
Event: 7.940 Executing VM operation: HandshakeAllThreads done
Event: 7.940 Executing VM operation: HandshakeAllThreads
Event: 7.940 Executing VM operation: HandshakeAllThreads done
Event: 7.948 Executing VM operation: HandshakeAllThreads
Event: 7.948 Executing VM operation: HandshakeAllThreads done
Event: 7.953 Executing VM operation: HandshakeAllThreads
Event: 7.953 Executing VM operation: HandshakeAllThreads done
Event: 7.966 Executing VM operation: HandshakeAllThreads
Event: 7.966 Executing VM operation: HandshakeAllThreads done
Event: 8.076 Executing VM operation: HandshakeAllThreads
Event: 8.077 Executing VM operation: HandshakeAllThreads done
Event: 8.729 Executing VM operation: ICBufferFull
Event: 8.730 Executing VM operation: ICBufferFull done
Event: 8.829 Executing VM operation: HandshakeAllThreads
Event: 8.829 Executing VM operation: HandshakeAllThreads done
Event: 8.830 Executing VM operation: HandshakeAllThreads
Event: 8.830 Executing VM operation: HandshakeAllThreads done
Event: 8.983 Executing VM operation: G1CollectForAllocation
Event: 8.991 Executing VM operation: G1CollectForAllocation done

Events (20 events):
Event: 9.156 loading class javax/net/ssl/SSLPeerUnverifiedException done
Event: 9.156 loading class javax/naming/NamingException
Event: 9.158 loading class javax/naming/NamingException done
Event: 9.158 loading class javax/naming/InvalidNameException
Event: 9.158 loading class javax/naming/InvalidNameException done
Event: 9.158 loading class java/security/cert/CertificateParsingException
Event: 9.159 loading class java/security/cert/CertificateException
Event: 9.159 loading class java/security/cert/CertificateException done
Event: 9.159 loading class java/security/cert/CertificateParsingException done
Event: 9.230 Thread 0x000001dce04ca890 Thread added: 0x000001dce04ca890
Event: 9.300 Thread 0x000001dce04cfea0 Thread added: 0x000001dce04cfea0
Event: 9.496 loading class com/sun/beans/finder/MethodFinder
Event: 9.497 loading class com/sun/beans/finder/AbstractFinder
Event: 9.497 loading class com/sun/beans/finder/AbstractFinder done
Event: 9.497 loading class com/sun/beans/finder/MethodFinder done
Event: 9.497 loading class com/sun/beans/finder/MethodFinder$1
Event: 9.497 loading class com/sun/beans/finder/MethodFinder$1 done
Event: 9.497 loading class com/sun/beans/finder/FinderUtils
Event: 9.497 loading class com/sun/beans/finder/FinderUtils done
Event: 9.510 Thread 0x000001dcdfdd06f0 Thread added: 0x000001dcdfdd06f0


Dynamic libraries:
0x00007ff62e270000 - 0x00007ff62e27e000 	C:\Program Files\OpenLogic\jdk-17.0.10.7-hotspot\bin\java.exe
0x00007ff99f490000 - 0x00007ff99f6a7000 	C:\Windows\SYSTEM32\ntdll.dll
0x00007ff99da60000 - 0x00007ff99db24000 	C:\Windows\System32\KERNEL32.DLL
0x00007ff99c930000 - 0x00007ff99ccdc000 	C:\Windows\System32\KERNELBASE.dll
0x00007ff99c4d0000 - 0x00007ff99c61c000 	C:\Windows\system32\hmpalert.dll
0x00007ff99d0b0000 - 0x00007ff99d1c1000 	C:\Windows\System32\ucrtbase.dll
0x00007ff99c080000 - 0x00007ff99c09b000 	C:\Program Files\OpenLogic\jdk-17.0.10.7-hotspot\bin\VCRUNTIME140.dll
0x00007ff99c060000 - 0x00007ff99c077000 	C:\Program Files\OpenLogic\jdk-17.0.10.7-hotspot\bin\jli.dll
0x00007ff99e360000 - 0x00007ff99e50e000 	C:\Windows\System32\USER32.dll
0x00007ff99cce0000 - 0x00007ff99cd06000 	C:\Windows\System32\win32u.dll
0x00007ff99f2d0000 - 0x00007ff99f2f9000 	C:\Windows\System32\GDI32.dll
0x00007ff99cdb0000 - 0x00007ff99cec9000 	C:\Windows\System32\gdi32full.dll
0x00007ff99cd10000 - 0x00007ff99cdaa000 	C:\Windows\System32\msvcp_win.dll
0x00007ff99b940000 - 0x00007ff99bbd3000 	C:\Windows\WinSxS\amd64_microsoft.windows.common-controls_6595b64144ccf1df_6.0.22621.3672_none_2713b9d173822955\COMCTL32.dll
0x00007ff99db30000 - 0x00007ff99dbd7000 	C:\Windows\System32\msvcrt.dll
0x00007ff99f320000 - 0x00007ff99f351000 	C:\Windows\System32\IMM32.DLL
0x00007ff99c050000 - 0x00007ff99c05c000 	C:\Program Files\OpenLogic\jdk-17.0.10.7-hotspot\bin\vcruntime140_1.dll
0x00007ff94dcb0000 - 0x00007ff94dd3d000 	C:\Program Files\OpenLogic\jdk-17.0.10.7-hotspot\bin\msvcp140.dll
0x00007ff93e210000 - 0x00007ff93ee72000 	C:\Program Files\OpenLogic\jdk-17.0.10.7-hotspot\bin\server\jvm.dll
0x00007ff99d450000 - 0x00007ff99d502000 	C:\Windows\System32\ADVAPI32.dll
0x00007ff99f220000 - 0x00007ff99f2ca000 	C:\Windows\System32\sechost.dll
0x00007ff99ced0000 - 0x00007ff99cef8000 	C:\Windows\System32\bcrypt.dll
0x00007ff99d330000 - 0x00007ff99d445000 	C:\Windows\System32\RPCRT4.dll
0x00007ff99c380000 - 0x00007ff99c3cd000 	C:\Windows\SYSTEM32\POWRPROF.dll
0x00007ff98db90000 - 0x00007ff98dbc4000 	C:\Windows\SYSTEM32\WINMM.dll
0x00007ff996820000 - 0x00007ff99682a000 	C:\Windows\SYSTEM32\VERSION.dll
0x00007ff99c040000 - 0x00007ff99c049000 	C:\Windows\SYSTEM32\WSOCK32.dll
0x00007ff99e2c0000 - 0x00007ff99e331000 	C:\Windows\System32\WS2_32.dll
0x00007ff99c360000 - 0x00007ff99c373000 	C:\Windows\SYSTEM32\UMPDC.dll
0x00007ff99afb0000 - 0x00007ff99afc8000 	C:\Windows\SYSTEM32\kernel.appcore.dll
0x00007ff94e270000 - 0x00007ff94e27a000 	C:\Program Files\OpenLogic\jdk-17.0.10.7-hotspot\bin\jimage.dll
0x00007ff99be00000 - 0x00007ff99c032000 	C:\Windows\SYSTEM32\DBGHELP.DLL
0x00007ff99d6c0000 - 0x00007ff99da48000 	C:\Windows\System32\combase.dll
0x00007ff99f360000 - 0x00007ff99f437000 	C:\Windows\System32\OLEAUT32.dll
0x00007ff99bdc0000 - 0x00007ff99bdf2000 	C:\Windows\SYSTEM32\dbgcore.DLL
0x00007ff99cf00000 - 0x00007ff99cf7b000 	C:\Windows\System32\bcryptPrimitives.dll
0x00007ff943080000 - 0x00007ff94308e000 	C:\Program Files\OpenLogic\jdk-17.0.10.7-hotspot\bin\instrument.dll
0x00007ff94e240000 - 0x00007ff94e265000 	C:\Program Files\OpenLogic\jdk-17.0.10.7-hotspot\bin\java.dll
0x00007ff9430a0000 - 0x00007ff943176000 	C:\Program Files\OpenLogic\jdk-17.0.10.7-hotspot\bin\jsvml.dll
0x00007ff99e510000 - 0x00007ff99ed6c000 	C:\Windows\System32\SHELL32.dll
0x00007ff999ed0000 - 0x00007ff99a7c7000 	C:\Windows\SYSTEM32\windows.storage.dll
0x00007ff999d90000 - 0x00007ff999ecf000 	C:\Windows\SYSTEM32\wintypes.dll
0x00007ff99e0c0000 - 0x00007ff99e1b4000 	C:\Windows\System32\SHCORE.dll
0x00007ff99dbe0000 - 0x00007ff99dc3e000 	C:\Windows\System32\shlwapi.dll
0x00007ff99c6f0000 - 0x00007ff99c711000 	C:\Windows\SYSTEM32\profapi.dll
0x00007ff94dc90000 - 0x00007ff94dca8000 	C:\Program Files\OpenLogic\jdk-17.0.10.7-hotspot\bin\zip.dll
0x00007ff94dde0000 - 0x00007ff94ddf9000 	C:\Program Files\OpenLogic\jdk-17.0.10.7-hotspot\bin\net.dll
0x00007ff997590000 - 0x00007ff9976c6000 	C:\Windows\SYSTEM32\WINHTTP.dll
0x00007ff99b3e0000 - 0x00007ff99b449000 	C:\Windows\system32\mswsock.dll
0x00007ff94ddc0000 - 0x00007ff94ddd6000 	C:\Program Files\OpenLogic\jdk-17.0.10.7-hotspot\bin\nio.dll
0x00007ff94dd90000 - 0x00007ff94dda0000 	C:\Program Files\OpenLogic\jdk-17.0.10.7-hotspot\bin\verify.dll
0x00007ff94dc60000 - 0x00007ff94dc87000 	C:\Users\MAHE\.gradle\native\68d5fa5c4cc2d200863cafc0d521ce42e7d3e7ee720ec0a83991735586a16f82\windows-amd64\native-platform.dll
0x00007ff93e0c0000 - 0x00007ff93e204000 	C:\Users\MAHE\.gradle\native\e376f236ea51e6404a007f0833ffe2c6e607c4080706a723a18a27aeea778392\windows-amd64\native-platform-file-events.dll
0x00007ff943410000 - 0x00007ff943419000 	C:\Program Files\OpenLogic\jdk-17.0.10.7-hotspot\bin\management.dll
0x00007ff943400000 - 0x00007ff94340b000 	C:\Program Files\OpenLogic\jdk-17.0.10.7-hotspot\bin\management_ext.dll
0x00007ff99d2d0000 - 0x00007ff99d2d8000 	C:\Windows\System32\PSAPI.DLL
0x00007ff99c210000 - 0x00007ff99c22b000 	C:\Windows\SYSTEM32\CRYPTSP.dll
0x00007ff99af10000 - 0x00007ff99af45000 	C:\Windows\system32\rsaenh.dll
0x00007ff99b4e0000 - 0x00007ff99b508000 	C:\Windows\SYSTEM32\USERENV.dll
0x00007ff99b640000 - 0x00007ff99b64c000 	C:\Windows\SYSTEM32\CRYPTBASE.dll
0x00007ff99aa30000 - 0x00007ff99aa5d000 	C:\Windows\SYSTEM32\IPHLPAPI.DLL
0x00007ff99d230000 - 0x00007ff99d239000 	C:\Windows\System32\NSI.dll
0x00007ff9974a0000 - 0x00007ff9974b9000 	C:\Windows\SYSTEM32\dhcpcsvc6.DLL
0x00007ff997430000 - 0x00007ff99744f000 	C:\Windows\SYSTEM32\dhcpcsvc.DLL
0x00007ff99aa60000 - 0x00007ff99ab58000 	C:\Windows\SYSTEM32\DNSAPI.dll
0x00007ff943090000 - 0x00007ff943098000 	C:\Program Files\OpenLogic\jdk-17.0.10.7-hotspot\bin\extnet.dll
0x00007ff943070000 - 0x00007ff94307e000 	C:\Program Files\OpenLogic\jdk-17.0.10.7-hotspot\bin\sunmscapi.dll
0x00007ff99c7c0000 - 0x00007ff99c927000 	C:\Windows\System32\CRYPT32.dll
0x00007ff99b820000 - 0x00007ff99b84e000 	C:\Windows\SYSTEM32\ncrypt.dll
0x00007ff99b7e0000 - 0x00007ff99b817000 	C:\Windows\SYSTEM32\NTASN1.dll
0x00007ff93e0b0000 - 0x00007ff93e0b8000 	C:\Windows\system32\wshunix.dll

dbghelp: loaded successfully - version: 4.0.5 - missing functions: none
symbol engine: initialized successfully - sym options: 0x614 - pdb path: .;C:\Program Files\OpenLogic\jdk-17.0.10.7-hotspot\bin;C:\Windows\SYSTEM32;C:\Windows\WinSxS\amd64_microsoft.windows.common-controls_6595b64144ccf1df_6.0.22621.3672_none_2713b9d173822955;C:\Program Files\OpenLogic\jdk-17.0.10.7-hotspot\bin\server;C:\Users\MAHE\.gradle\native\68d5fa5c4cc2d200863cafc0d521ce42e7d3e7ee720ec0a83991735586a16f82\windows-amd64;C:\Users\MAHE\.gradle\native\e376f236ea51e6404a007f0833ffe2c6e607c4080706a723a18a27aeea778392\windows-amd64

VM Arguments:
jvm_args: -XX:MaxMetaspaceSize=512m --add-opens=java.base/java.util=ALL-UNNAMED --add-opens=java.base/java.lang=ALL-UNNAMED --add-opens=java.base/java.lang.invoke=ALL-UNNAMED --add-opens=java.prefs/java.util.prefs=ALL-UNNAMED --add-opens=java.base/java.nio.charset=ALL-UNNAMED --add-opens=java.base/java.net=ALL-UNNAMED --add-opens=java.base/java.util.concurrent.atomic=ALL-UNNAMED -Xmx2048m -Dfile.encoding=windows-1252 -Duser.country=IN -Duser.language=en -Duser.variant -javaagent:C:\Users\MAHE\.gradle\wrapper\dists\gradle-8.3-all\6en3ugtfdg5xnpx44z4qbwgas\gradle-8.3\lib\agents\gradle-instrumentation-agent-8.3.jar 
java_command: org.gradle.launcher.daemon.bootstrap.GradleDaemon 8.3
java_class_path (initial): C:\Users\MAHE\.gradle\wrapper\dists\gradle-8.3-all\6en3ugtfdg5xnpx44z4qbwgas\gradle-8.3\lib\gradle-launcher-8.3.jar
Launcher Type: SUN_STANDARD

[Global flags]
     intx CICompilerCount                          = 3                                         {product} {ergonomic}
   size_t CompressedClassSpaceSize                 = 436207616                                 {product} {ergonomic}
     uint ConcGCThreads                            = 1                                         {product} {ergonomic}
     uint G1ConcRefinementThreads                  = 4                                         {product} {ergonomic}
   size_t G1HeapRegionSize                         = 1048576                                   {product} {ergonomic}
    uintx GCDrainStackTargetSize                   = 64                                        {product} {ergonomic}
   size_t InitialHeapSize                          = 268435456                                 {product} {ergonomic}
   size_t MarkStackSize                            = 4194304                                   {product} {ergonomic}
   size_t MaxHeapSize                              = 2147483648                                {product} {command line}
   size_t MaxMetaspaceSize                         = 536870912                                 {product} {command line}
   size_t MaxNewSize                               = 1287651328                                {product} {ergonomic}
   size_t MinHeapDeltaBytes                        = 1048576                                   {product} {ergonomic}
   size_t MinHeapSize                              = 8388608                                   {product} {ergonomic}
    uintx NonNMethodCodeHeapSize                   = 5832780                                {pd product} {ergonomic}
    uintx NonProfiledCodeHeapSize                  = 122912730                              {pd product} {ergonomic}
    uintx ProfiledCodeHeapSize                     = 122912730                              {pd product} {ergonomic}
    uintx ReservedCodeCacheSize                    = 251658240                              {pd product} {ergonomic}
     bool SegmentedCodeCache                       = true                                      {product} {ergonomic}
   size_t SoftMaxHeapSize                          = 2147483648                             {manageable} {ergonomic}
     bool UseCompressedClassPointers               = true                           {product lp64_product} {ergonomic}
     bool UseCompressedOops                        = true                           {product lp64_product} {ergonomic}
     bool UseG1GC                                  = true                                      {product} {ergonomic}
     bool UseLargePagesIndividualAllocation        = false                                  {pd product} {ergonomic}

Logging:
Log output configuration:
 #0: stdout all=warning uptime,level,tags
 #1: stderr all=off uptime,level,tags

Environment Variables:
JAVA_HOME=C:\Program Files\OpenLogic\jdk-17.0.10.7-hotspot\
CLASSPATH=C:\Users\MAHE\Documents\DOC APP BACKUP FILES\april30_\demo1_joyson1\android\\gradle\wrapper\gradle-wrapper.jar
PATH=C:\Users\MAHE\Documents\DOC APP BACKUP FILES\april30_\demo1_joyson1\node_modules\.bin;C:\Users\MAHE\Documents\DOC APP BACKUP FILES\april30_\demo1_joyson1\node_modules\.bin;C:\Users\MAHE\Documents\DOC APP BACKUP FILES\april30_\node_modules\.bin;C:\Users\MAHE\Documents\DOC APP BACKUP FILES\node_modules\.bin;C:\Users\MAHE\Documents\node_modules\.bin;C:\Users\MAHE\node_modules\.bin;C:\Users\node_modules\.bin;C:\node_modules\.bin;C:\Users\MAHE\AppData\Roaming\npm\node_modules\npm\node_modules\@npmcli\run-script\lib\node-gyp-bin;C:\Program Files\OpenLogic\jdk-17.0.10.7-hotspot\bin;C:\Python312\Scripts\;C:\Python312\;C:\Windows\system32;C:\Windows;C:\Windows\System32\Wbem;C:\Windows\System32\WindowsPowerShell\v1.0\;C:\Windows\System32\OpenSSH\;C:\Program Files\nodejs\;C:\ProgramData\chocolatey\bin;C:\Program Files\Git\cmd;C:\Program Files\Git\bin;C:\Program Files (x86)\Microsoft SQL Server\160\Tools\Binn\;C:\Program Files\Microsoft SQL Server\160\Tools\Binn\;C:\Program Files\Microsoft SQL Server\Client SDK\ODBC\170\Tools\Binn\;C:\Program Files\Microsoft SQL Server\160\DTS\Binn\;C:\Program Files (x86)\Microsoft SQL Server\160\DTS\Binn\;C:\Program Files\Azure Data Studio\bin;C:\Users\MAHE\AppData\Local\Microsoft\WindowsApps;C:\Users\MAHE\AppData\Local\Programs\Microsoft VS Code\bin;C:\Users\MAHE\AppData\Roaming\npm;C:\Users\MAHE\AppData\Local\Android\Sdk;C:\Users\MAHE\AppData\Local\Android\Sdk\platform-tools;C:\Users\MAHE\AppData\Local\Android\Sdk\emulator;C:\Program Files\Git\bin;C:\Program Files\Azure Data Studio\bin;
USERNAME=MAHE
LANG=en_US.UTF-8
OS=Windows_NT
PROCESSOR_IDENTIFIER=Intel64 Family 6 Model 60 Stepping 3, GenuineIntel
TMP=C:\Users\MAHE\AppData\Local\Temp
TEMP=C:\Users\MAHE\AppData\Local\Temp



Periodic native trim disabled


---------------  S Y S T E M  ---------------

OS:
 Windows 11 , 64 bit Build 22621 (10.0.22621.3672)
OS uptime: 0 days 0:03 hours

CPU: total 4 (initial active 4) (4 cores per cpu, 1 threads per core) family 6 model 60 stepping 3 microcode 0x28, cx8, cmov, fxsr, mmx, sse, sse2, sse3, ssse3, sse4.1, sse4.2, popcnt, lzcnt, tsc, tscinvbit, avx, avx2, aes, erms, clmul, bmi1, bmi2, fma, vzeroupper, clflush
Processor Information for all 4 processors :
  Max Mhz: 3001, Current Mhz: 3001, Mhz Limit: 3001

Memory: 4k page, system-wide physical 16309M (9493M free)
TotalPageFile size 32693M (AvailPageFile size 24380M)
current process WorkingSet (physical memory assigned to process): 218M, peak: 245M
current process commit charge ("private bytes"): 254M, peak: 422M

vm_info: OpenJDK 64-Bit Server VM (17.0.10+7-adhoc..jdk17u) for windows-amd64 JRE (17.0.10+7-adhoc..jdk17u), built on Jan 24 2024 08:51:31 by "" with MS VC++ 16.10 / 16.11 (VS2019)

END.
