#
# A fatal error has been detected by the Java Runtime Environment:
#
#  EXCEPTION_ACCESS_VIOLATION (0xc0000005) at pc=0x00007ffb73f420bd, pid=4656, tid=13168
#
# JRE version: OpenJDK Runtime Environment OpenLogic-OpenJDK (17.0.10+7) (build 17.0.10+7-adhoc..jdk17u)
# Java VM: OpenJDK 64-Bit Server VM OpenLogic-OpenJDK (17.0.10+7-adhoc..jdk17u, mixed mode, sharing, tiered, compressed oops, compressed class ptrs, g1 gc, windows-amd64)
# Problematic frame:
# V  [jvm.dll+0x6a20bd]
#
# No core dump will be written. Minidumps are not enabled by default on client versions of Windows
#
# If you would like to submit a bug report, please visit:
#   https://techsupport.roguewave.com/
#

---------------  S U M M A R Y ------------

Command Line: -XX:MaxMetaspaceSize=512m --add-opens=java.base/java.util=ALL-UNNAMED --add-opens=java.base/java.lang=ALL-UNNAMED --add-opens=java.base/java.lang.invoke=ALL-UNNAMED --add-opens=java.prefs/java.util.prefs=ALL-UNNAMED --add-opens=java.base/java.nio.charset=ALL-UNNAMED --add-opens=java.base/java.net=ALL-UNNAMED --add-opens=java.base/java.util.concurrent.atomic=ALL-UNNAMED -Xmx2048m -Dfile.encoding=windows-1252 -Duser.country=IN -Duser.language=en -Duser.variant -javaagent:C:\Users\MAHE\.gradle\wrapper\dists\gradle-8.3-all\6en3ugtfdg5xnpx44z4qbwgas\gradle-8.3\lib\agents\gradle-instrumentation-agent-8.3.jar org.gradle.launcher.daemon.bootstrap.GradleDaemon 8.3

Host: Intel(R) Core(TM) i5-4590S CPU @ 3.00GHz, 4 cores, 15G,  Windows 11 , 64 bit Build 22621 (10.0.22621.3672)
Time: Fri Jun 21 10:10:59 2024 India Standard Time elapsed time: 7.932835 seconds (0d 0h 0m 7s)

---------------  T H R E A D  ---------------

Current thread (0x00000110f4514240):  JavaThread "C2 CompilerThread1" daemon [_thread_in_native, id=13168, stack(0x0000000fc2e00000,0x0000000fc2f00000)]


Current CompileTask:
C2:   7932 3668       4       jdk.internal.org.objectweb.asm.SymbolTable::addConstantMemberReference (147 bytes)

Stack: [0x0000000fc2e00000,0x0000000fc2f00000],  sp=0x0000000fc2efb3e0,  free space=1004k
Native frames: (J=compiled Java code, j=interpreted, Vv=VM code, C=native code)
V  [jvm.dll+0x6a20bd]
V  [jvm.dll+0x6a060f]
V  [jvm.dll+0x21bfc5]
V  [jvm.dll+0x2195b1]
V  [jvm.dll+0x1a512d]
V  [jvm.dll+0x22949e]
V  [jvm.dll+0x22766c]
V  [jvm.dll+0x7e9ea7]
V  [jvm.dll+0x7e42aa]
V  [jvm.dll+0x67c5d5]
C  [ucrtbase.dll+0x29333]
C  [KERNEL32.DLL+0x1257d]
C  [ntdll.dll+0x5af28]


siginfo: EXCEPTION_ACCESS_VIOLATION (0xc0000005), reading address 0x000001149304cbb0


Registers:
RAX=0x00000110f6633fb0, RBX=0x0000000000000069, RCX=0x0000000073943180, RDX=0x00000110f489eb94
RSP=0x0000000fc2efb3e0, RBP=0x0000000fc2efb479, RSI=0x00000110cfa88240, RDI=0x0000000000000004
R8 =0x0000000000000010, R9 =0x000000000000000c, R10=0x00000110f32fedf8, R11=0x00000110f32fed88
R12=0x00007ffb741b3780, R13=0x0000000fc2efcb30, R14=0x00000110f32fd210, R15=0x0000000000000000
RIP=0x00007ffb73f420bd, EFLAGS=0x0000000000010297


Register to memory mapping:

RIP=0x00007ffb73f420bd jvm.dll
RAX=0x00000110f6633fb0 points into unknown readable memory: 0x00000110eeb5bff0 | f0 bf b5 ee 10 01 00 00
RBX=0x0000000000000069 is an unknown value
RCX=0x0000000073943180 is an unknown value
RDX=0x00000110f489eb94 points into unknown readable memory: 15 02 00 80
RSP=0x0000000fc2efb3e0 is pointing into the stack for thread: 0x00000110f4514240
RBP=0x0000000fc2efb479 is pointing into the stack for thread: 0x00000110f4514240
RSI=0x00000110cfa88240 points into unknown readable memory: 0x00007ffb741f24a0 | a0 24 1f 74 fb 7f 00 00
RDI=0x0000000000000004 is an unknown value
R8 =0x0000000000000010 is an unknown value
R9 =0x000000000000000c is an unknown value
R10=0x00000110f32fedf8 points into unknown readable memory: 0x0000000000000000 | 00 00 00 00 00 00 00 00
R11=0x00000110f32fed88 points into unknown readable memory: 0x0000000000000000 | 00 00 00 00 00 00 00 00
R12=0x00007ffb741b3780 jvm.dll
R13=0x0000000fc2efcb30 is pointing into the stack for thread: 0x00000110f4514240
R14=0x00000110f32fd210 points into unknown readable memory: 0x00007ffb742392e8 | e8 92 23 74 fb 7f 00 00
R15=0x0 is NULL


Top of Stack: (sp=0x0000000fc2efb3e0)
0x0000000fc2efb3e0:   00000110eeb5bfb8 0000000000000000
0x0000000fc2efb3f0:   0000000fc2efb479 00000110cfa88240
0x0000000fc2efb400:   0000000000000000 0000000000000000
0x0000000fc2efb410:   00000110f56aa420 0000000000000400
0x0000000fc2efb420:   00000110f489edf0 00007ffb00000018
0x0000000fc2efb430:   0000000f00000100 00000110f489e9f0
0x0000000fc2efb440:   0000011000000100 00000110f56aa420
0x0000000fc2efb450:   0000011000000012 00000110f56aa420
0x0000000fc2efb460:   00007ffb741b3780 00000110f32fed30
0x0000000fc2efb470:   00000110f32ff120 00000110f337ed28
0x0000000fc2efb480:   0000000fc2efd558 0000000fc2efb610
0x0000000fc2efb490:   0000000fc2efd558 00000110f490fe60
0x0000000fc2efb4a0:   0000000000000000 00000110cfa88240
0x0000000fc2efb4b0:   0000000000000050 0000000fc2efcb30
0x0000000fc2efb4c0:   0000000000000000 0000000fc2efb6d0
0x0000000fc2efb4d0:   0000000fc2efb610 00007ffb73f4060f
0x0000000fc2efb4e0:   0000000fc2efcb30 0000000000000000
0x0000000fc2efb4f0:   00000110f32fd210 00000110cfa88240
0x0000000fc2efb500:   00007ffb741dfc90 00007ffb73abbfc5
0x0000000fc2efb510:   0000000fc2efe690 0000000000000000
0x0000000fc2efb520:   0000000000000000 0000000fc2efb610
0x0000000fc2efb530:   0000000000000000 00000110e05c1700
0x0000000fc2efb540:   0000000fc2ef0000 0000000000000000
0x0000000fc2efb550:   00000110f3128c10 0000000000000000
0x0000000fc2efb560:   0000011000000080 00007ffb741dfc90
0x0000000fc2efb570:   0000000000000000 0000000fc2efe690
0x0000000fc2efb580:   0000000000000000 00007ffb741dfc90
0x0000000fc2efb590:   00000110e05c2200 00007ffb73ad10d8
0x0000000fc2efb5a0:   0000000000000000 0000000fc2efcc08
0x0000000fc2efb5b0:   00000110f74a0000 0000000000000000
0x0000000fc2efb5c0:   00000110e05c1510 00007ffb73ef5900
0x0000000fc2efb5d0:   00000110e05c1510 00007ffb741dfc90 

Instructions: (pc=0x00007ffb73f420bd)
0x00007ffb73f41fbd:   8b 5d af 8d 43 01 89 45 af 3b 5d 9f 72 0b 8b d3
0x00007ffb73f41fcd:   48 8d 4d 97 e8 1a 8f fb ff 48 8b 45 a7 48 89 3c
0x00007ffb73f41fdd:   d8 48 83 c6 08 49 3b f7 0f 82 75 ff ff ff 41 8b
0x00007ffb73f41fed:   4c 24 2c 83 e1 07 80 f9 07 0f 85 b8 00 00 00 49
0x00007ffb73f41ffd:   8b 7c 24 10 41 8b 44 24 20 4c 8d 3c c7 49 3b ff
0x00007ffb73f4200d:   0f 83 a1 00 00 00 0f 1f 40 00 66 0f 1f 84 00 00
0x00007ffb73f4201d:   00 00 00 48 8b 0f 8b 41 2c 24 0f 3c 08 0f 85 77
0x00007ffb73f4202d:   00 00 00 83 79 38 00 75 71 ba 3d 00 00 00 e8 b0
0x00007ffb73f4203d:   8b fb ff 4c 8b f0 48 85 c0 74 5f 8b 70 28 8b de
0x00007ffb73f4204d:   c1 eb 05 3b 5d b7 72 0b 8b d3 48 8d 4d b7 e8 30
0x00007ffb73f4205d:   c3 17 00 48 8b 45 bf 83 e6 1f 48 8d 14 98 40 0f
0x00007ffb73f4206d:   b6 ce 41 b8 01 00 00 00 41 d3 e0 8b 0a 8b c1 41
0x00007ffb73f4207d:   0b c0 89 02 41 85 c8 75 21 8b 5d af 8d 43 01 89
0x00007ffb73f4208d:   45 af 3b 5d 9f 72 0b 8b d3 48 8d 4d 97 e8 51 8e
0x00007ffb73f4209d:   fb ff 48 8b 45 a7 4c 89 34 d8 48 83 c7 08 49 3b
0x00007ffb73f420ad:   ff 0f 82 6c ff ff ff 41 8b 4c 24 28 49 8b 45 50
0x00007ffb73f420bd:   48 8b 1c c8 49 8b cc 49 8b 04 24 ff 50 28 48 3b
0x00007ffb73f420cd:   c3 74 61 41 8b 7c 24 28 8b df c1 eb 05 3b 5d b7
0x00007ffb73f420dd:   72 0b 8b d3 48 8d 4d b7 e8 a6 c2 17 00 48 8b 45
0x00007ffb73f420ed:   bf 83 e7 1f 48 8d 14 98 40 0f b6 cf 41 b8 01 00
0x00007ffb73f420fd:   00 00 41 d3 e0 8b 0a 8b c1 41 0b c0 89 02 41 85
0x00007ffb73f4210d:   c8 75 21 8b 5d af 8d 43 01 89 45 af 3b 5d 9f 72
0x00007ffb73f4211d:   0b 8b d3 48 8d 4d 97 e8 c7 8d fb ff 48 8b 45 a7
0x00007ffb73f4212d:   4c 89 24 d8 49 8b 04 24 49 8b cc ff 10 44 8b e8
0x00007ffb73f4213d:   83 f8 17 74 0b 3d 3d 01 00 00 0f 85 c0 00 00 00
0x00007ffb73f4214d:   49 8b 74 24 10 41 8b 4c 24 20 4c 8d 3c ce 49 3b
0x00007ffb73f4215d:   f7 0f 83 a9 00 00 00 4c 8b 65 67 0f 1f 84 00 00
0x00007ffb73f4216d:   00 00 00 48 8b 3e 48 8b cf 48 8b 07 ff 10 83 f8
0x00007ffb73f4217d:   54 75 7c 8b 4f 28 49 8b 44 24 50 48 8b 1c c8 48
0x00007ffb73f4218d:   8b cf 48 8b 07 ff 50 28 48 3b c3 74 62 44 8b 77
0x00007ffb73f4219d:   28 41 8b de c1 eb 05 3b 5d b7 72 0b 8b d3 48 8d
0x00007ffb73f421ad:   4d b7 e8 dc c1 17 00 48 8b 45 bf 41 83 e6 1f 48 


Stack slot to memory mapping:
stack at sp + 0 slots: 0x00000110eeb5bfb8 points into unknown readable memory: 0x00007ffb741412e0 | e0 12 14 74 fb 7f 00 00
stack at sp + 1 slots: 0x0 is NULL
stack at sp + 2 slots: 0x0000000fc2efb479 is pointing into the stack for thread: 0x00000110f4514240
stack at sp + 3 slots: 0x00000110cfa88240 points into unknown readable memory: 0x00007ffb741f24a0 | a0 24 1f 74 fb 7f 00 00
stack at sp + 4 slots: 0x0 is NULL
stack at sp + 5 slots: 0x0 is NULL
stack at sp + 6 slots: 0x00000110f56aa420 points into unknown readable memory: 0x00007ffb00000006 | 06 00 00 00 fb 7f 00 00
stack at sp + 7 slots: 0x0000000000000400 is an unknown value


---------------  P R O C E S S  ---------------

Threads class SMR info:
_java_thread_list=0x00000110f5429450, length=36, elements={
0x00000110cfa710a0, 0x00000110eea03f00, 0x00000110eea04d80, 0x00000110eea164c0,
0x00000110eea1a010, 0x00000110eea1a9d0, 0x00000110eea1d3a0, 0x00000110eea1e140,
0x00000110eeb230a0, 0x00000110eeb235c0, 0x00000110eec26750, 0x00000110eec773f0,
0x00000110f3f032c0, 0x00000110f45b4970, 0x00000110f43413f0, 0x00000110f445ce60,
0x00000110f445dae0, 0x00000110f44440d0, 0x00000110f440d030, 0x00000110f4419ec0,
0x00000110f441a3d0, 0x00000110f4418a80, 0x00000110f441adf0, 0x00000110f441a8e0,
0x00000110f44199b0, 0x00000110f4514240, 0x00000110f4418f90, 0x00000110f4418060,
0x00000110f4417640, 0x00000110f4417b50, 0x00000110f4418570, 0x00000110f62c1990,
0x00000110f62bfb30, 0x00000110f62c37f0, 0x00000110f62c5140, 0x00000110f62c4720
}

Java Threads: ( => current thread )
  0x00000110cfa710a0 JavaThread "main" [_thread_blocked, id=2844, stack(0x0000000fc0b00000,0x0000000fc0c00000)]
  0x00000110eea03f00 JavaThread "Reference Handler" daemon [_thread_blocked, id=11616, stack(0x0000000fc1200000,0x0000000fc1300000)]
  0x00000110eea04d80 JavaThread "Finalizer" daemon [_thread_blocked, id=8964, stack(0x0000000fc1300000,0x0000000fc1400000)]
  0x00000110eea164c0 JavaThread "Signal Dispatcher" daemon [_thread_blocked, id=5988, stack(0x0000000fc1400000,0x0000000fc1500000)]
  0x00000110eea1a010 JavaThread "Attach Listener" daemon [_thread_blocked, id=5784, stack(0x0000000fc1500000,0x0000000fc1600000)]
  0x00000110eea1a9d0 JavaThread "Service Thread" daemon [_thread_blocked, id=4704, stack(0x0000000fc1600000,0x0000000fc1700000)]
  0x00000110eea1d3a0 JavaThread "Monitor Deflation Thread" daemon [_thread_blocked, id=5976, stack(0x0000000fc1700000,0x0000000fc1800000)]
  0x00000110eea1e140 JavaThread "C2 CompilerThread0" daemon [_thread_blocked, id=1804, stack(0x0000000fc1800000,0x0000000fc1900000)]
  0x00000110eeb230a0 JavaThread "C1 CompilerThread0" daemon [_thread_blocked, id=3244, stack(0x0000000fc1900000,0x0000000fc1a00000)]
  0x00000110eeb235c0 JavaThread "Sweeper thread" daemon [_thread_blocked, id=12760, stack(0x0000000fc1a00000,0x0000000fc1b00000)]
  0x00000110eec26750 JavaThread "Common-Cleaner" daemon [_thread_blocked, id=10620, stack(0x0000000fc1b00000,0x0000000fc1c00000)]
  0x00000110eec773f0 JavaThread "Notification Thread" daemon [_thread_blocked, id=7748, stack(0x0000000fc1c00000,0x0000000fc1d00000)]
  0x00000110f3f032c0 JavaThread "Daemon health stats" [_thread_blocked, id=12896, stack(0x0000000fc1e00000,0x0000000fc1f00000)]
  0x00000110f45b4970 JavaThread "Incoming local TCP Connector on port 50121" [_thread_in_native, id=6484, stack(0x0000000fc2200000,0x0000000fc2300000)]
  0x00000110f43413f0 JavaThread "Daemon periodic checks" [_thread_blocked, id=11112, stack(0x0000000fc2300000,0x0000000fc2400000)]
  0x00000110f445ce60 JavaThread "Daemon" [_thread_blocked, id=12248, stack(0x0000000fc2400000,0x0000000fc2500000)]
  0x00000110f445dae0 JavaThread "Handler for socket connection from /127.0.0.1:50121 to /127.0.0.1:50122" [_thread_in_native, id=12836, stack(0x0000000fc2500000,0x0000000fc2600000)]
  0x00000110f44440d0 JavaThread "Cancel handler" [_thread_blocked, id=9240, stack(0x0000000fc2600000,0x0000000fc2700000)]
  0x00000110f440d030 JavaThread "Daemon worker" [_thread_in_vm, id=7428, stack(0x0000000fc2700000,0x0000000fc2800000)]
  0x00000110f4419ec0 JavaThread "Asynchronous log dispatcher for DefaultDaemonConnection: socket connection from /127.0.0.1:50121 to /127.0.0.1:50122" [_thread_blocked, id=12456, stack(0x0000000fc2800000,0x0000000fc2900000)]
  0x00000110f441a3d0 JavaThread "Stdin handler" [_thread_blocked, id=8368, stack(0x0000000fc2900000,0x0000000fc2a00000)]
  0x00000110f4418a80 JavaThread "Daemon client event forwarder" [_thread_blocked, id=4236, stack(0x0000000fc2a00000,0x0000000fc2b00000)]
  0x00000110f441adf0 JavaThread "Cache worker for journal cache (C:\Users\MAHE\.gradle\caches\journal-1)" [_thread_blocked, id=8748, stack(0x0000000fc2b00000,0x0000000fc2c00000)]
  0x00000110f441a8e0 JavaThread "File lock request listener" [_thread_in_native, id=12324, stack(0x0000000fc2c00000,0x0000000fc2d00000)]
  0x00000110f44199b0 JavaThread "Cache worker for file hash cache (C:\Users\MAHE\.gradle\caches\8.3\fileHashes)" [_thread_blocked, id=11356, stack(0x0000000fc2d00000,0x0000000fc2e00000)]
=>0x00000110f4514240 JavaThread "C2 CompilerThread1" daemon [_thread_in_native, id=13168, stack(0x0000000fc2e00000,0x0000000fc2f00000)]
  0x00000110f4418f90 JavaThread "File watcher server" daemon [_thread_in_native, id=3688, stack(0x0000000fc2f00000,0x0000000fc3000000)]
  0x00000110f4418060 JavaThread "File watcher consumer" daemon [_thread_blocked, id=12824, stack(0x0000000fc3000000,0x0000000fc3100000)]
  0x00000110f4417640 JavaThread "Cache worker for checksums cache (C:\Users\MAHE\Documents\DOC APP BACKUP FILES\april30_\demo1_joyson1\android\.gradle\8.3\checksums)" [_thread_blocked, id=9124, stack(0x0000000fc3100000,0x0000000fc3200000)]
  0x00000110f4417b50 JavaThread "Cache worker for file hash cache (C:\Users\MAHE\Documents\DOC APP BACKUP FILES\april30_\demo1_joyson1\android\.gradle\8.3\fileHashes)" [_thread_blocked, id=9892, stack(0x0000000fc3200000,0x0000000fc3300000)]
  0x00000110f4418570 JavaThread "Cache worker for cache directory md-supplier (C:\Users\MAHE\.gradle\caches\8.3\md-supplier)" [_thread_blocked, id=9244, stack(0x0000000fc3300000,0x0000000fc3400000)]
  0x00000110f62c1990 JavaThread "Cache worker for file content cache (C:\Users\MAHE\.gradle\caches\8.3\fileContent)" [_thread_blocked, id=2616, stack(0x0000000fc3400000,0x0000000fc3500000)]
  0x00000110f62bfb30 JavaThread "Cache worker for cache directory md-rule (C:\Users\MAHE\.gradle\caches\8.3\md-rule)" [_thread_blocked, id=2984, stack(0x0000000fc3500000,0x0000000fc3600000)]
  0x00000110f62c37f0 JavaThread "Cache worker for execution history cache (C:\Users\MAHE\.gradle\caches\8.3\executionHistory)" [_thread_blocked, id=3836, stack(0x0000000fc3600000,0x0000000fc3700000)]
  0x00000110f62c5140 JavaThread "jar transforms" [_thread_blocked, id=4348, stack(0x0000000fc3800000,0x0000000fc3900000)]
  0x00000110f62c4720 JavaThread "jar transforms Thread 2" [_thread_blocked, id=11524, stack(0x0000000fc3900000,0x0000000fc3a00000)]

Other Threads:
  0x00000110eea00740 VMThread "VM Thread" [stack: 0x0000000fc1100000,0x0000000fc1200000] [id=12048]
  0x00000110eecdf3c0 WatcherThread [stack: 0x0000000fc1d00000,0x0000000fc1e00000] [id=12928]
  0x00000110cfacdcf0 GCTaskThread "GC Thread#0" [stack: 0x0000000fc0c00000,0x0000000fc0d00000] [id=2848]
  0x00000110eee552b0 GCTaskThread "GC Thread#1" [stack: 0x0000000fc1f00000,0x0000000fc2000000] [id=3692]
  0x00000110eee85cf0 GCTaskThread "GC Thread#2" [stack: 0x0000000fc2000000,0x0000000fc2100000] [id=2736]
  0x00000110eee85fb0 GCTaskThread "GC Thread#3" [stack: 0x0000000fc2100000,0x0000000fc2200000] [id=12480]
  0x00000110cfade220 ConcurrentGCThread "G1 Main Marker" [stack: 0x0000000fc0d00000,0x0000000fc0e00000] [id=12820]
  0x00000110cfadf3e0 ConcurrentGCThread "G1 Conc#0" [stack: 0x0000000fc0e00000,0x0000000fc0f00000] [id=7404]
  0x00000110cfb0e930 ConcurrentGCThread "G1 Refine#0" [stack: 0x0000000fc0f00000,0x0000000fc1000000] [id=1204]
  0x00000110f5665d10 ConcurrentGCThread "G1 Refine#1" [stack: 0x0000000fc3700000,0x0000000fc3800000] [id=2592]
  0x00000110ee8b85a0 ConcurrentGCThread "G1 Service" [stack: 0x0000000fc1000000,0x0000000fc1100000] [id=13236]

Threads with active compile tasks:
C2 CompilerThread1     8085 3668       4       jdk.internal.org.objectweb.asm.SymbolTable::addConstantMemberReference (147 bytes)

VM state: not at safepoint (normal execution)

VM Mutex/Monitor currently owned by a thread:  ([mutex/lock_event])
[0x00000110cfa6f8c0] MethodCompileQueue_lock - owner thread: 0x00000110f440d030

Heap address: 0x0000000080000000, size: 2048 MB, Compressed Oops mode: 32-bit

CDS archive(s) mapped at: [0x0000011080000000-0x0000011080bc0000-0x0000011080bc0000), size 12320768, SharedBaseAddress: 0x0000011080000000, ArchiveRelocationMode: 1.
Compressed class space mapped at: 0x0000011081000000-0x000001109b000000, reserved size: 436207616
Narrow klass base: 0x0000011080000000, Narrow klass shift: 0, Narrow klass range: 0x100000000

GC Precious Log:
 CPUs: 4 total, 4 available
 Memory: 16309M
 Large Page Support: Disabled
 NUMA Support: Disabled
 Compressed Oops: Enabled (32-bit)
 Heap Region Size: 1M
 Heap Min Capacity: 8M
 Heap Initial Capacity: 256M
 Heap Max Capacity: 2G
 Pre-touch: Disabled
 Parallel Workers: 4
 Concurrent Workers: 1
 Concurrent Refinement Workers: 4
 Periodic GC: Disabled

Heap:
 garbage-first heap   total 86016K, used 60108K [0x0000000080000000, 0x0000000100000000)
  region size 1024K, 39 young (39936K), 4 survivors (4096K)
 Metaspace       used 31229K, committed 31680K, reserved 491520K
  class space    used 4397K, committed 4608K, reserved 425984K

Heap Regions: E=young(eden), S=young(survivor), O=old, HS=humongous(starts), HC=humongous(continues), CS=collection set, F=free, OA=open archive, CA=closed archive, TAMS=top-at-mark-start (previous, next)
|   0|0x0000000080000000, 0x0000000080100000, 0x0000000080100000|100%| O|  |TAMS 0x0000000080100000, 0x0000000080000000| Untracked 
|   1|0x0000000080100000, 0x0000000080200000, 0x0000000080200000|100%| O|  |TAMS 0x0000000080200000, 0x0000000080100000| Untracked 
|   2|0x0000000080200000, 0x0000000080300000, 0x0000000080300000|100%|HS|  |TAMS 0x0000000080300000, 0x0000000080200000| Complete 
|   3|0x0000000080300000, 0x0000000080400000, 0x0000000080400000|100%|HC|  |TAMS 0x0000000080400000, 0x0000000080300000| Complete 
|   4|0x0000000080400000, 0x0000000080500000, 0x0000000080500000|100%|HC|  |TAMS 0x0000000080500000, 0x0000000080400000| Complete 
|   5|0x0000000080500000, 0x0000000080600000, 0x0000000080600000|100%|HC|  |TAMS 0x0000000080600000, 0x0000000080500000| Complete 
|   6|0x0000000080600000, 0x0000000080700000, 0x0000000080700000|100%| O|  |TAMS 0x0000000080700000, 0x0000000080600000| Untracked 
|   7|0x0000000080700000, 0x0000000080800000, 0x0000000080800000|100%| O|  |TAMS 0x0000000080800000, 0x0000000080700000| Untracked 
|   8|0x0000000080800000, 0x0000000080900000, 0x0000000080900000|100%| O|  |TAMS 0x0000000080800000, 0x0000000080800000| Untracked 
|   9|0x0000000080900000, 0x0000000080a00000, 0x0000000080a00000|100%| O|  |TAMS 0x0000000080a00000, 0x0000000080900000| Untracked 
|  10|0x0000000080a00000, 0x0000000080b00000, 0x0000000080b00000|100%| O|  |TAMS 0x0000000080b00000, 0x0000000080a00000| Untracked 
|  11|0x0000000080b00000, 0x0000000080bbfa00, 0x0000000080c00000| 74%| O|  |TAMS 0x0000000080bbfa00, 0x0000000080b00000| Untracked 
|  12|0x0000000080c00000, 0x0000000080d00000, 0x0000000080d00000|100%| O|  |TAMS 0x0000000080c00000, 0x0000000080c00000| Untracked 
|  13|0x0000000080d00000, 0x0000000080e00000, 0x0000000080e00000|100%| O|  |TAMS 0x0000000080d00000, 0x0000000080d00000| Untracked 
|  14|0x0000000080e00000, 0x0000000080f00000, 0x0000000080f00000|100%| O|  |TAMS 0x0000000080e00000, 0x0000000080e00000| Untracked 
|  15|0x0000000080f00000, 0x0000000081000000, 0x0000000081000000|100%| O|  |TAMS 0x0000000080f00000, 0x0000000080f00000| Untracked 
|  16|0x0000000081000000, 0x0000000081100000, 0x0000000081100000|100%| O|  |TAMS 0x0000000081000000, 0x0000000081000000| Untracked 
|  17|0x0000000081100000, 0x0000000081200000, 0x0000000081200000|100%| O|  |TAMS 0x0000000081100000, 0x0000000081100000| Untracked 
|  18|0x0000000081200000, 0x0000000081300000, 0x0000000081300000|100%| O|  |TAMS 0x0000000081200000, 0x0000000081200000| Untracked 
|  19|0x0000000081300000, 0x0000000081400000, 0x0000000081400000|100%| O|  |TAMS 0x0000000081300000, 0x0000000081300000| Untracked 
|  20|0x0000000081400000, 0x0000000081500000, 0x0000000081500000|100%| O|  |TAMS 0x0000000081400000, 0x0000000081400000| Untracked 
|  21|0x0000000081500000, 0x0000000081600000, 0x0000000081600000|100%| O|  |TAMS 0x0000000081500000, 0x0000000081500000| Untracked 
|  22|0x0000000081600000, 0x000000008164e600, 0x0000000081700000| 30%| O|  |TAMS 0x0000000081600000, 0x0000000081600000| Untracked 
|  23|0x0000000081700000, 0x0000000081700000, 0x0000000081800000|  0%| F|  |TAMS 0x0000000081700000, 0x0000000081700000| Untracked 
|  24|0x0000000081800000, 0x0000000081800000, 0x0000000081900000|  0%| F|  |TAMS 0x0000000081800000, 0x0000000081800000| Untracked 
|  25|0x0000000081900000, 0x0000000081900000, 0x0000000081a00000|  0%| F|  |TAMS 0x0000000081900000, 0x0000000081900000| Untracked 
|  26|0x0000000081a00000, 0x0000000081a00000, 0x0000000081b00000|  0%| F|  |TAMS 0x0000000081a00000, 0x0000000081a00000| Untracked 
|  27|0x0000000081b00000, 0x0000000081b00000, 0x0000000081c00000|  0%| F|  |TAMS 0x0000000081b00000, 0x0000000081b00000| Untracked 
|  28|0x0000000081c00000, 0x0000000081c00000, 0x0000000081d00000|  0%| F|  |TAMS 0x0000000081c00000, 0x0000000081c00000| Untracked 
|  29|0x0000000081d00000, 0x0000000081d00000, 0x0000000081e00000|  0%| F|  |TAMS 0x0000000081d00000, 0x0000000081d00000| Untracked 
|  30|0x0000000081e00000, 0x0000000081ea5380, 0x0000000081f00000| 64%| S|CS|TAMS 0x0000000081e00000, 0x0000000081e00000| Complete 
|  31|0x0000000081f00000, 0x0000000082000000, 0x0000000082000000|100%| S|CS|TAMS 0x0000000081f00000, 0x0000000081f00000| Complete 
|  32|0x0000000082000000, 0x0000000082100000, 0x0000000082100000|100%| S|CS|TAMS 0x0000000082000000, 0x0000000082000000| Complete 
|  33|0x0000000082100000, 0x0000000082200000, 0x0000000082200000|100%| S|CS|TAMS 0x0000000082100000, 0x0000000082100000| Complete 
|  34|0x0000000082200000, 0x0000000082200000, 0x0000000082300000|  0%| F|  |TAMS 0x0000000082200000, 0x0000000082200000| Untracked 
|  35|0x0000000082300000, 0x0000000082300000, 0x0000000082400000|  0%| F|  |TAMS 0x0000000082300000, 0x0000000082300000| Untracked 
|  36|0x0000000082400000, 0x0000000082400000, 0x0000000082500000|  0%| F|  |TAMS 0x0000000082400000, 0x0000000082400000| Untracked 
|  37|0x0000000082500000, 0x0000000082500000, 0x0000000082600000|  0%| F|  |TAMS 0x0000000082500000, 0x0000000082500000| Untracked 
|  38|0x0000000082600000, 0x0000000082600000, 0x0000000082700000|  0%| F|  |TAMS 0x0000000082600000, 0x0000000082600000| Untracked 
|  39|0x0000000082700000, 0x0000000082700000, 0x0000000082800000|  0%| F|  |TAMS 0x0000000082700000, 0x0000000082700000| Untracked 
|  40|0x0000000082800000, 0x0000000082800000, 0x0000000082900000|  0%| F|  |TAMS 0x0000000082800000, 0x0000000082800000| Untracked 
|  41|0x0000000082900000, 0x0000000082900000, 0x0000000082a00000|  0%| F|  |TAMS 0x0000000082900000, 0x0000000082900000| Untracked 
|  42|0x0000000082a00000, 0x0000000082a00000, 0x0000000082b00000|  0%| F|  |TAMS 0x0000000082a00000, 0x0000000082a00000| Untracked 
|  43|0x0000000082b00000, 0x0000000082b00000, 0x0000000082c00000|  0%| F|  |TAMS 0x0000000082b00000, 0x0000000082b00000| Untracked 
|  44|0x0000000082c00000, 0x0000000082c00000, 0x0000000082d00000|  0%| F|  |TAMS 0x0000000082c00000, 0x0000000082c00000| Untracked 
|  45|0x0000000082d00000, 0x0000000082d00000, 0x0000000082e00000|  0%| F|  |TAMS 0x0000000082d00000, 0x0000000082d00000| Untracked 
|  46|0x0000000082e00000, 0x0000000082e00000, 0x0000000082f00000|  0%| F|  |TAMS 0x0000000082e00000, 0x0000000082e00000| Untracked 
|  47|0x0000000082f00000, 0x0000000082f00000, 0x0000000083000000|  0%| F|  |TAMS 0x0000000082f00000, 0x0000000082f00000| Untracked 
|  48|0x0000000083000000, 0x0000000083000000, 0x0000000083100000|  0%| F|  |TAMS 0x0000000083000000, 0x0000000083000000| Untracked 
|  49|0x0000000083100000, 0x00000000831e2d88, 0x0000000083200000| 88%| E|  |TAMS 0x0000000083100000, 0x0000000083100000| Complete 
|  50|0x0000000083200000, 0x0000000083300000, 0x0000000083300000|100%| E|CS|TAMS 0x0000000083200000, 0x0000000083200000| Complete 
|  51|0x0000000083300000, 0x0000000083400000, 0x0000000083400000|100%| E|CS|TAMS 0x0000000083300000, 0x0000000083300000| Complete 
|  52|0x0000000083400000, 0x0000000083500000, 0x0000000083500000|100%| E|CS|TAMS 0x0000000083400000, 0x0000000083400000| Complete 
|  53|0x0000000083500000, 0x0000000083600000, 0x0000000083600000|100%| E|CS|TAMS 0x0000000083500000, 0x0000000083500000| Complete 
|  54|0x0000000083600000, 0x0000000083700000, 0x0000000083700000|100%| E|CS|TAMS 0x0000000083600000, 0x0000000083600000| Complete 
|  55|0x0000000083700000, 0x0000000083800000, 0x0000000083800000|100%| E|CS|TAMS 0x0000000083700000, 0x0000000083700000| Complete 
|  56|0x0000000083800000, 0x0000000083900000, 0x0000000083900000|100%| E|CS|TAMS 0x0000000083800000, 0x0000000083800000| Complete 
|  57|0x0000000083900000, 0x0000000083a00000, 0x0000000083a00000|100%| E|CS|TAMS 0x0000000083900000, 0x0000000083900000| Complete 
|  58|0x0000000083a00000, 0x0000000083b00000, 0x0000000083b00000|100%| E|CS|TAMS 0x0000000083a00000, 0x0000000083a00000| Complete 
|  59|0x0000000083b00000, 0x0000000083c00000, 0x0000000083c00000|100%| E|CS|TAMS 0x0000000083b00000, 0x0000000083b00000| Complete 
|  60|0x0000000083c00000, 0x0000000083d00000, 0x0000000083d00000|100%| E|CS|TAMS 0x0000000083c00000, 0x0000000083c00000| Complete 
|  61|0x0000000083d00000, 0x0000000083e00000, 0x0000000083e00000|100%| E|CS|TAMS 0x0000000083d00000, 0x0000000083d00000| Complete 
|  62|0x0000000083e00000, 0x0000000083f00000, 0x0000000083f00000|100%| E|CS|TAMS 0x0000000083e00000, 0x0000000083e00000| Complete 
|  63|0x0000000083f00000, 0x0000000084000000, 0x0000000084000000|100%| E|CS|TAMS 0x0000000083f00000, 0x0000000083f00000| Complete 
|  64|0x0000000084000000, 0x0000000084100000, 0x0000000084100000|100%| E|CS|TAMS 0x0000000084000000, 0x0000000084000000| Complete 
|  65|0x0000000084100000, 0x0000000084200000, 0x0000000084200000|100%| E|CS|TAMS 0x0000000084100000, 0x0000000084100000| Complete 
|  66|0x0000000084200000, 0x0000000084300000, 0x0000000084300000|100%| E|CS|TAMS 0x0000000084200000, 0x0000000084200000| Complete 
|  67|0x0000000084300000, 0x0000000084400000, 0x0000000084400000|100%| E|CS|TAMS 0x0000000084300000, 0x0000000084300000| Complete 
|  68|0x0000000084400000, 0x0000000084500000, 0x0000000084500000|100%| E|CS|TAMS 0x0000000084400000, 0x0000000084400000| Complete 
|  69|0x0000000084500000, 0x0000000084600000, 0x0000000084600000|100%| E|CS|TAMS 0x0000000084500000, 0x0000000084500000| Complete 
| 130|0x0000000088200000, 0x0000000088300000, 0x0000000088300000|100%| E|CS|TAMS 0x0000000088200000, 0x0000000088200000| Complete 
| 131|0x0000000088300000, 0x0000000088400000, 0x0000000088400000|100%| E|CS|TAMS 0x0000000088300000, 0x0000000088300000| Complete 
| 132|0x0000000088400000, 0x0000000088500000, 0x0000000088500000|100%| E|CS|TAMS 0x0000000088400000, 0x0000000088400000| Complete 
| 133|0x0000000088500000, 0x0000000088600000, 0x0000000088600000|100%| E|CS|TAMS 0x0000000088500000, 0x0000000088500000| Complete 
| 134|0x0000000088600000, 0x0000000088700000, 0x0000000088700000|100%| E|CS|TAMS 0x0000000088600000, 0x0000000088600000| Complete 
| 135|0x0000000088700000, 0x0000000088800000, 0x0000000088800000|100%| E|CS|TAMS 0x0000000088700000, 0x0000000088700000| Complete 
| 136|0x0000000088800000, 0x0000000088900000, 0x0000000088900000|100%| E|CS|TAMS 0x0000000088800000, 0x0000000088800000| Complete 
| 137|0x0000000088900000, 0x0000000088a00000, 0x0000000088a00000|100%| E|CS|TAMS 0x0000000088900000, 0x0000000088900000| Complete 
| 138|0x0000000088a00000, 0x0000000088b00000, 0x0000000088b00000|100%| E|CS|TAMS 0x0000000088a00000, 0x0000000088a00000| Complete 
| 139|0x0000000088b00000, 0x0000000088c00000, 0x0000000088c00000|100%| E|  |TAMS 0x0000000088b00000, 0x0000000088b00000| Complete 
| 140|0x0000000088c00000, 0x0000000088d00000, 0x0000000088d00000|100%| E|CS|TAMS 0x0000000088c00000, 0x0000000088c00000| Complete 
| 141|0x0000000088d00000, 0x0000000088e00000, 0x0000000088e00000|100%| E|CS|TAMS 0x0000000088d00000, 0x0000000088d00000| Complete 
| 254|0x000000008fe00000, 0x000000008ff00000, 0x000000008ff00000|100%| E|CS|TAMS 0x000000008fe00000, 0x000000008fe00000| Complete 
| 255|0x000000008ff00000, 0x0000000090000000, 0x0000000090000000|100%| E|CS|TAMS 0x000000008ff00000, 0x000000008ff00000| Complete 

Card table byte_map: [0x00000110e7cf0000,0x00000110e80f0000] _byte_map_base: 0x00000110e78f0000

Marking Bits (Prev, Next): (CMBitMap*) 0x00000110cd5eabe0, (CMBitMap*) 0x00000110cd5eaba0
 Prev Bits: [0x00000110ea4f0000, 0x00000110ec4f0000)
 Next Bits: [0x00000110e84f0000, 0x00000110ea4f0000)

Polling page: 0x00000110cd750000

Metaspace:

Usage:
  Non-class:     26.20 MB used.
      Class:      4.29 MB used.
       Both:     30.50 MB used.

Virtual space:
  Non-class space:       64.00 MB reserved,      26.44 MB ( 41%) committed,  1 nodes.
      Class space:      416.00 MB reserved,       4.50 MB (  1%) committed,  1 nodes.
             Both:      480.00 MB reserved,      30.94 MB (  6%) committed. 

Chunk freelists:
   Non-Class:  5.03 MB
       Class:  11.42 MB
        Both:  16.45 MB

MaxMetaspaceSize: 512.00 MB
CompressedClassSpaceSize: 416.00 MB
Initial GC threshold: 21.00 MB
Current GC threshold: 35.12 MB
CDS: on
MetaspaceReclaimPolicy: balanced
 - commit_granule_bytes: 65536.
 - commit_granule_words: 8192.
 - virtual_space_node_default_size: 8388608.
 - enlarge_chunks_in_place: 1.
 - new_chunks_are_fully_committed: 0.
 - uncommit_free_chunks: 1.
 - use_allocation_guard: 0.
 - handle_deallocations: 1.


Internal statistics:

num_allocs_failed_limit: 3.
num_arena_births: 312.
num_arena_deaths: 0.
num_vsnodes_births: 2.
num_vsnodes_deaths: 0.
num_space_committed: 495.
num_space_uncommitted: 0.
num_chunks_returned_to_freelist: 3.
num_chunks_taken_from_freelist: 1392.
num_chunk_merges: 3.
num_chunk_splits: 944.
num_chunks_enlarged: 679.
num_inconsistent_stats: 0.

CodeHeap 'non-profiled nmethods': size=120000Kb used=2077Kb max_used=2077Kb free=117922Kb
 bounds [0x00000110e03c0000, 0x00000110e0630000, 0x00000110e78f0000]
CodeHeap 'profiled nmethods': size=120000Kb used=7814Kb max_used=7814Kb free=112185Kb
 bounds [0x00000110d88f0000, 0x00000110d90a0000, 0x00000110dfe20000]
CodeHeap 'non-nmethods': size=5760Kb used=1590Kb max_used=1627Kb free=4169Kb
 bounds [0x00000110dfe20000, 0x00000110e0090000, 0x00000110e03c0000]
 total_blobs=4366 nmethods=3713 adapters=565
 compilation: enabled
              stopped_count=0, restarted_count=0
 full_count=0

Compilation events (20 events):
Event: 7.880 Thread 0x00000110f4514240 nmethod 3660 0x00000110e05c1510 code [0x00000110e05c1700, 0x00000110e05c22d0]
Event: 7.893 Thread 0x00000110eeb230a0 3662       3       java.util.concurrent.atomic.AtomicReferenceArray::length (6 bytes)
Event: 7.893 Thread 0x00000110eeb230a0 nmethod 3662 0x00000110d9072690 code [0x00000110d9072820, 0x00000110d9072938]
Event: 7.895 Thread 0x00000110eeb230a0 3663       3       org.gradle.internal.reflect.ClassInspector::inspectClass (179 bytes)
Event: 7.896 Thread 0x00000110eeb230a0 nmethod 3663 0x00000110d9072a10 code [0x00000110d9072d60, 0x00000110d9073ff8]
Event: 7.897 Thread 0x00000110eeb230a0 3664       1       com.google.common.collect.LinkedHashMultimap::access$300 (5 bytes)
Event: 7.897 Thread 0x00000110eeb230a0 nmethod 3664 0x00000110e05c2910 code [0x00000110e05c2aa0, 0x00000110e05c2b58]
Event: 7.898 Thread 0x00000110eeb230a0 3665       3       org.gradle.internal.instantiation.generator.AbstractClassGenerator::access$1500 (5 bytes)
Event: 7.898 Thread 0x00000110eeb230a0 nmethod 3665 0x00000110d9074810 code [0x00000110d90749a0, 0x00000110d9074aa8]
Event: 7.898 Thread 0x00000110eeb230a0 3666       3       org.gradle.internal.instantiation.generator.AbstractClassGenerator::isLazyAttachProperty (46 bytes)
Event: 7.901 Thread 0x00000110eeb230a0 nmethod 3666 0x00000110d9074b90 code [0x00000110d9074f20, 0x00000110d90768a8]
Event: 7.901 Thread 0x00000110eeb230a0 3667       1       org.slf4j.impl.StaticLoggerBinder::getLoggerFactory (5 bytes)
Event: 7.901 Thread 0x00000110eeb230a0 nmethod 3667 0x00000110e05c2c10 code [0x00000110e05c2da0, 0x00000110e05c2e78]
Event: 7.901 Thread 0x00000110f4514240 3668       4       jdk.internal.org.objectweb.asm.SymbolTable::addConstantMemberReference (147 bytes)
Event: 7.907 Thread 0x00000110eeb230a0 3669   !   3       java.lang.Class::desiredAssertionStatus (54 bytes)
Event: 7.908 Thread 0x00000110eeb230a0 nmethod 3669 0x00000110d9077010 code [0x00000110d9077200, 0x00000110d9077738]
Event: 7.912 Thread 0x00000110eeb230a0 3671       3       java.lang.invoke.LambdaForm::editor (5 bytes)
Event: 7.912 Thread 0x00000110eeb230a0 nmethod 3671 0x00000110d9077910 code [0x00000110d9077ae0, 0x00000110d9077e08]
Event: 7.913 Thread 0x00000110eeb230a0 3672       3       java.lang.invoke.LambdaFormEditor::getInCache (165 bytes)
Event: 7.913 Thread 0x00000110eeb230a0 nmethod 3672 0x00000110d9077f90 code [0x00000110d9078200, 0x00000110d90790f8]

GC Heap History (10 events):
Event: 0.677 GC heap before
{Heap before GC invocations=0 (full 0):
 garbage-first heap   total 262144K, used 13312K [0x0000000080000000, 0x0000000100000000)
  region size 1024K, 13 young (13312K), 0 survivors (0K)
 Metaspace       used 1016K, committed 1152K, reserved 491520K
  class space    used 79K, committed 128K, reserved 425984K
}
Event: 0.680 GC heap after
{Heap after GC invocations=1 (full 0):
 garbage-first heap   total 262144K, used 3406K [0x0000000080000000, 0x0000000100000000)
  region size 1024K, 2 young (2048K), 2 survivors (2048K)
 Metaspace       used 1016K, committed 1152K, reserved 491520K
  class space    used 79K, committed 128K, reserved 425984K
}
Event: 1.433 GC heap before
{Heap before GC invocations=1 (full 0):
 garbage-first heap   total 262144K, used 21838K [0x0000000080000000, 0x0000000100000000)
  region size 1024K, 17 young (17408K), 2 survivors (2048K)
 Metaspace       used 3863K, committed 4032K, reserved 491520K
  class space    used 487K, committed 576K, reserved 425984K
}
Event: 1.438 GC heap after
{Heap after GC invocations=2 (full 0):
 garbage-first heap   total 262144K, used 10950K [0x0000000080000000, 0x0000000100000000)
  region size 1024K, 3 young (3072K), 3 survivors (3072K)
 Metaspace       used 3863K, committed 4032K, reserved 491520K
  class space    used 487K, committed 576K, reserved 425984K
}
Event: 2.087 GC heap before
{Heap before GC invocations=2 (full 0):
 garbage-first heap   total 262144K, used 33478K [0x0000000080000000, 0x0000000100000000)
  region size 1024K, 25 young (25600K), 3 survivors (3072K)
 Metaspace       used 4021K, committed 4224K, reserved 491520K
  class space    used 491K, committed 576K, reserved 425984K
}
Event: 2.091 GC heap after
{Heap after GC invocations=3 (full 0):
 garbage-first heap   total 262144K, used 12329K [0x0000000080000000, 0x0000000100000000)
  region size 1024K, 2 young (2048K), 2 survivors (2048K)
 Metaspace       used 4021K, committed 4224K, reserved 491520K
  class space    used 491K, committed 576K, reserved 425984K
}
Event: 5.926 GC heap before
{Heap before GC invocations=3 (full 0):
 garbage-first heap   total 262144K, used 125993K [0x0000000080000000, 0x0000000100000000)
  region size 1024K, 114 young (116736K), 2 survivors (2048K)
 Metaspace       used 21207K, committed 21504K, reserved 491520K
  class space    used 3127K, committed 3328K, reserved 425984K
}
Event: 5.938 GC heap after
{Heap after GC invocations=4 (full 0):
 garbage-first heap   total 262144K, used 22614K [0x0000000080000000, 0x0000000100000000)
  region size 1024K, 12 young (12288K), 12 survivors (12288K)
 Metaspace       used 21207K, committed 21504K, reserved 491520K
  class space    used 3127K, committed 3328K, reserved 425984K
}
Event: 7.267 GC heap before
{Heap before GC invocations=5 (full 0):
 garbage-first heap   total 86016K, used 60502K [0x0000000080000000, 0x0000000100000000)
  region size 1024K, 50 young (51200K), 12 survivors (12288K)
 Metaspace       used 28153K, committed 28480K, reserved 491520K
  class space    used 4000K, committed 4160K, reserved 425984K
}
Event: 7.286 GC heap after
{Heap after GC invocations=6 (full 0):
 garbage-first heap   total 86016K, used 26316K [0x0000000080000000, 0x0000000100000000)
  region size 1024K, 4 young (4096K), 4 survivors (4096K)
 Metaspace       used 28153K, committed 28480K, reserved 491520K
  class space    used 4000K, committed 4160K, reserved 425984K
}

Dll operation events (15 events):
Event: 0.030 Loaded shared library C:\Program Files\OpenLogic\jdk-17.0.10.7-hotspot\bin\java.dll
Event: 0.064 Loaded shared library C:\Program Files\OpenLogic\jdk-17.0.10.7-hotspot\bin\jsvml.dll
Event: 0.161 Loaded shared library C:\Program Files\OpenLogic\jdk-17.0.10.7-hotspot\bin\zip.dll
Event: 0.164 Loaded shared library C:\Program Files\OpenLogic\jdk-17.0.10.7-hotspot\bin\instrument.dll
Event: 0.171 Loaded shared library C:\Program Files\OpenLogic\jdk-17.0.10.7-hotspot\bin\net.dll
Event: 0.177 Loaded shared library C:\Program Files\OpenLogic\jdk-17.0.10.7-hotspot\bin\nio.dll
Event: 0.181 Loaded shared library C:\Program Files\OpenLogic\jdk-17.0.10.7-hotspot\bin\zip.dll
Event: 0.537 Loaded shared library C:\Program Files\OpenLogic\jdk-17.0.10.7-hotspot\bin\jimage.dll
Event: 0.686 Loaded shared library C:\Program Files\OpenLogic\jdk-17.0.10.7-hotspot\bin\verify.dll
Event: 1.003 Loaded shared library C:\Users\MAHE\.gradle\native\68d5fa5c4cc2d200863cafc0d521ce42e7d3e7ee720ec0a83991735586a16f82\windows-amd64\native-platform.dll
Event: 1.020 Loaded shared library C:\Users\MAHE\.gradle\native\e376f236ea51e6404a007f0833ffe2c6e607c4080706a723a18a27aeea778392\windows-amd64\native-platform-file-events.dll
Event: 2.596 Loaded shared library C:\Program Files\OpenLogic\jdk-17.0.10.7-hotspot\bin\management.dll
Event: 2.601 Loaded shared library C:\Program Files\OpenLogic\jdk-17.0.10.7-hotspot\bin\management_ext.dll
Event: 2.903 Loaded shared library C:\Program Files\OpenLogic\jdk-17.0.10.7-hotspot\bin\extnet.dll
Event: 3.217 Loaded shared library C:\Program Files\OpenLogic\jdk-17.0.10.7-hotspot\bin\sunmscapi.dll

Deoptimization events (20 events):
Event: 7.441 Thread 0x00000110f440d030 DEOPT PACKING pc=0x00000110e059a16c sp=0x0000000fc27f8ec0
Event: 7.441 Thread 0x00000110f440d030 DEOPT UNPACKING pc=0x00000110dfe769a3 sp=0x0000000fc27f8e00 mode 2
Event: 7.522 Thread 0x00000110f440d030 DEOPT PACKING pc=0x00000110d900f0a0 sp=0x0000000fc27f8c50
Event: 7.522 Thread 0x00000110f440d030 DEOPT UNPACKING pc=0x00000110dfe77143 sp=0x0000000fc27f8160 mode 0
Event: 7.643 Thread 0x00000110f440d030 Uncommon trap: trap_request=0xffffffbe fr.pc=0x00000110e058182c relative=0x000000000000016c
Event: 7.643 Thread 0x00000110f440d030 Uncommon trap: reason=profile_predicate action=maybe_recompile pc=0x00000110e058182c method=java.util.AbstractCollection.addAll(Ljava/util/Collection;)Z @ 15 c2
Event: 7.643 Thread 0x00000110f440d030 DEOPT PACKING pc=0x00000110e058182c sp=0x0000000fc27fa760
Event: 7.643 Thread 0x00000110f440d030 DEOPT UNPACKING pc=0x00000110dfe769a3 sp=0x0000000fc27fa6f8 mode 2
Event: 7.844 Thread 0x00000110f441adf0 Uncommon trap: trap_request=0xffffffde fr.pc=0x00000110e0564b8c relative=0x000000000000034c
Event: 7.844 Thread 0x00000110f441adf0 Uncommon trap: reason=class_check action=maybe_recompile pc=0x00000110e0564b8c method=java.io.DataInputStream.readUnsignedShort()I @ 6 c2
Event: 7.844 Thread 0x00000110f441adf0 DEOPT PACKING pc=0x00000110e0564b8c sp=0x0000000fc2bfe190
Event: 7.844 Thread 0x00000110f441adf0 DEOPT UNPACKING pc=0x00000110dfe769a3 sp=0x0000000fc2bfe140 mode 2
Event: 7.869 Thread 0x00000110f44199b0 Uncommon trap: trap_request=0xffffffde fr.pc=0x00000110e0564b8c relative=0x000000000000034c
Event: 7.869 Thread 0x00000110f44199b0 Uncommon trap: reason=class_check action=maybe_recompile pc=0x00000110e0564b8c method=java.io.DataInputStream.readUnsignedShort()I @ 6 c2
Event: 7.869 Thread 0x00000110f44199b0 DEOPT PACKING pc=0x00000110e0564b8c sp=0x0000000fc2dfe290
Event: 7.869 Thread 0x00000110f44199b0 DEOPT UNPACKING pc=0x00000110dfe769a3 sp=0x0000000fc2dfe240 mode 2
Event: 7.892 Thread 0x00000110f440d030 Uncommon trap: trap_request=0xffffff45 fr.pc=0x00000110e04f7138 relative=0x00000000000006f8
Event: 7.892 Thread 0x00000110f440d030 Uncommon trap: reason=unstable_if action=reinterpret pc=0x00000110e04f7138 method=java.lang.Class.getPackageName()Ljava/lang/String; @ 55 c2
Event: 7.892 Thread 0x00000110f440d030 DEOPT PACKING pc=0x00000110e04f7138 sp=0x0000000fc27f9f80
Event: 7.892 Thread 0x00000110f440d030 DEOPT UNPACKING pc=0x00000110dfe769a3 sp=0x0000000fc27f9f40 mode 2

Classes unloaded (0 events):
No events

Classes redefined (0 events):
No events

Internal exceptions (20 events):
Event: 7.263 Thread 0x00000110f440d030 Exception <a 'java/lang/ClassNotFoundException'{0x00000000822b8988}: java/lang/ObjectCustomizer> (0x00000000822b8988) 
thrown [s\src\hotspot\share\classfile\systemDictionary.cpp, line 256]
Event: 7.265 Thread 0x00000110f440d030 Exception <a 'java/lang/IncompatibleClassChangeError'{0x00000000822c83b8}: Found class java.lang.Object, but interface was expected> (0x00000000822c83b8) 
thrown [s\src\hotspot\share\interpreter\linkResolver.cpp, line 826]
Event: 7.292 Thread 0x00000110f440d030 Exception <a 'java/lang/ClassNotFoundException'{0x000000008ff21c28}: groovy/lang/MetaClassImplCustomizer> (0x000000008ff21c28) 
thrown [s\src\hotspot\share\classfile\systemDictionary.cpp, line 256]
Event: 7.295 Thread 0x00000110f440d030 Exception <a 'java/lang/ClassNotFoundException'{0x000000008ff57ea0}: groovy/lang/ExpandoMetaClassCustomizer> (0x000000008ff57ea0) 
thrown [s\src\hotspot\share\classfile\systemDictionary.cpp, line 256]
Event: 7.627 Thread 0x00000110f440d030 Exception <a 'java/lang/ClassNotFoundException'{0x0000000083dec500}: org/gradle/internal/extensibility/DefaultExtraPropertiesExtensionBeanInfo> (0x0000000083dec500) 
thrown [s\src\hotspot\share\classfile\systemDictionary.cpp, line 256]
Event: 7.632 Thread 0x00000110f440d030 Exception <a 'java/lang/ClassNotFoundException'{0x0000000083c035f8}: groovy/lang/GroovyObjectSupportBeanInfo> (0x0000000083c035f8) 
thrown [s\src\hotspot\share\classfile\systemDictionary.cpp, line 256]
Event: 7.633 Thread 0x00000110f440d030 Exception <a 'java/lang/ClassNotFoundException'{0x0000000083c1a1f8}: groovy/lang/GroovyObjectSupportCustomizer> (0x0000000083c1a1f8) 
thrown [s\src\hotspot\share\classfile\systemDictionary.cpp, line 256]
Event: 7.636 Thread 0x00000110f440d030 Exception <a 'java/lang/ClassNotFoundException'{0x0000000083c33a58}: org/gradle/internal/extensibility/DefaultExtraPropertiesExtensionCustomizer> (0x0000000083c33a58) 
thrown [s\src\hotspot\share\classfile\systemDictionary.cpp, line 256]
Event: 7.662 Thread 0x00000110f440d030 Exception <a 'sun/nio/fs/WindowsException'{0x0000000083c7a778}> (0x0000000083c7a778) 
thrown [s\src\hotspot\share\prims\jni.cpp, line 516]
Event: 7.675 Thread 0x00000110f440d030 Exception <a 'sun/nio/fs/WindowsException'{0x0000000083c7bd38}> (0x0000000083c7bd38) 
thrown [s\src\hotspot\share\prims\jni.cpp, line 516]
Event: 7.676 Thread 0x00000110f440d030 Exception <a 'sun/nio/fs/WindowsException'{0x0000000083c7d2b0}> (0x0000000083c7d2b0) 
thrown [s\src\hotspot\share\prims\jni.cpp, line 516]
Event: 7.678 Thread 0x00000110f440d030 Exception <a 'sun/nio/fs/WindowsException'{0x0000000083c7e848}> (0x0000000083c7e848) 
thrown [s\src\hotspot\share\prims\jni.cpp, line 516]
Event: 7.774 Thread 0x00000110f440d030 Exception <a 'java/lang/NoSuchMethodError'{0x0000000083ab62c8}: 'java.lang.Object java.lang.invoke.DirectMethodHandle$Holder.newInvokeSpecial(java.lang.Object, java.lang.Object, long)'> (0x0000000083ab62c8) 
thrown [s\src\hotspot\share\interpreter\linkResolver.cpp, line 759]
Event: 7.774 Thread 0x00000110f440d030 Exception <a 'java/lang/NoSuchMethodError'{0x0000000083abab80}: 'java.lang.Object java.lang.invoke.Invokers$Holder.linkToTargetMethod(java.lang.Object, long, java.lang.Object)'> (0x0000000083abab80) 
thrown [s\src\hotspot\share\interpreter\linkResolver.cpp, line 759]
Event: 7.798 Thread 0x00000110f440d030 Exception <a 'java/lang/NoSuchMethodError'{0x00000000839e4890}: 'int java.lang.invoke.DirectMethodHandle$Holder.invokeInterface(java.lang.Object, java.lang.Object)'> (0x00000000839e4890) 
thrown [s\src\hotspot\share\interpreter\linkResolver.cpp, line 759]
Event: 7.800 Thread 0x00000110f440d030 Exception <a 'java/lang/NoSuchMethodError'{0x000000008380cba0}: 'java.lang.Object java.lang.invoke.DirectMethodHandle$Holder.invokeStatic(java.lang.Object, java.lang.Object, int, java.lang.Object)'> (0x000000008380cba0) 
thrown [s\src\hotspot\share\interpreter\linkResolver.cpp, line 759]
Event: 7.801 Thread 0x00000110f440d030 Exception <a 'java/lang/NoSuchMethodError'{0x0000000083814758}: 'java.lang.Object java.lang.invoke.DirectMethodHandle$Holder.newInvokeSpecial(java.lang.Object, java.lang.Object, int, java.lang.Object)'> (0x0000000083814758) 
thrown [s\src\hotspot\share\interpreter\linkResolver.cpp, line 759]
Event: 7.801 Thread 0x00000110f440d030 Exception <a 'java/lang/NoSuchMethodError'{0x0000000083819040}: 'java.lang.Object java.lang.invoke.DirectMethodHandle$Holder.invokeSpecial(java.lang.Object, java.lang.Object, java.lang.Object, int, java.lang.Object)'> (0x0000000083819040) 
thrown [s\src\hotspot\share\interpreter\linkResolver.cpp, line 759]
Event: 7.842 Thread 0x00000110f440d030 Exception <a 'java/lang/IncompatibleClassChangeError'{0x0000000083856b78}: Found class java.lang.Object, but interface was expected> (0x0000000083856b78) 
thrown [s\src\hotspot\share\interpreter\linkResolver.cpp, line 826]
Event: 7.919 Thread 0x00000110f440d030 Exception <a 'java/lang/NoSuchMethodError'{0x00000000835c5b48}: 'java.lang.Object java.lang.invoke.DirectMethodHandle$Holder.invokeSpecial(java.lang.Object, java.lang.Object, java.lang.Object, int, java.lang.Object, java.lang.Object)'> (0x00000000835c5b48) 
thrown [s\src\hotspot\share\interpreter\linkResolver.cpp, line 759]

VM Operations (20 events):
Event: 7.267 Executing VM operation: G1CollectForAllocation
Event: 7.286 Executing VM operation: G1CollectForAllocation done
Event: 7.348 Executing VM operation: HandshakeAllThreads
Event: 7.348 Executing VM operation: HandshakeAllThreads done
Event: 7.348 Executing VM operation: HandshakeAllThreads
Event: 7.348 Executing VM operation: HandshakeAllThreads done
Event: 7.355 Executing VM operation: HandshakeAllThreads
Event: 7.355 Executing VM operation: HandshakeAllThreads done
Event: 7.360 Executing VM operation: HandshakeAllThreads
Event: 7.360 Executing VM operation: HandshakeAllThreads done
Event: 7.374 Executing VM operation: HandshakeAllThreads
Event: 7.374 Executing VM operation: HandshakeAllThreads done
Event: 7.444 Executing VM operation: HandshakeAllThreads
Event: 7.445 Executing VM operation: HandshakeAllThreads done
Event: 7.839 Executing VM operation: HandshakeAllThreads
Event: 7.839 Executing VM operation: HandshakeAllThreads done
Event: 7.841 Executing VM operation: HandshakeAllThreads
Event: 7.841 Executing VM operation: HandshakeAllThreads done
Event: 7.850 Executing VM operation: ICBufferFull
Event: 7.850 Executing VM operation: ICBufferFull done

Events (20 events):
Event: 7.662 loading class sun/nio/fs/WindowsPath$1
Event: 7.662 loading class sun/nio/fs/WindowsPath$1 done
Event: 7.662 loading class sun/nio/fs/WindowsException
Event: 7.662 loading class sun/nio/fs/WindowsException done
Event: 7.702 loading class java/io/StringReader
Event: 7.702 loading class java/io/StringReader done
Event: 7.716 loading class java/math/MutableBigInteger
Event: 7.716 loading class java/math/MutableBigInteger done
Event: 7.752 loading class java/lang/ProcessBuilder
Event: 7.752 loading class java/lang/ProcessBuilder done
Event: 7.802 Thread 0x00000110f62c5140 Thread added: 0x00000110f62c5140
Event: 7.848 loading class java/nio/charset/CharacterCodingException
Event: 7.848 loading class java/nio/charset/CharacterCodingException done
Event: 7.877 Thread 0x00000110f62c4720 Thread added: 0x00000110f62c4720
Event: 7.899 loading class java/util/stream/Streams$RangeIntSpliterator
Event: 7.899 loading class java/util/stream/Streams$RangeIntSpliterator done
Event: 7.903 loading class java/util/stream/Nodes$FixedNodeBuilder
Event: 7.903 loading class java/util/stream/Nodes$ArrayNode
Event: 7.907 loading class java/util/stream/Nodes$ArrayNode done
Event: 7.907 loading class java/util/stream/Nodes$FixedNodeBuilder done


Dynamic libraries:
0x00007ff6a5960000 - 0x00007ff6a596e000 	C:\Program Files\OpenLogic\jdk-17.0.10.7-hotspot\bin\java.exe
0x00007ffbe9cb0000 - 0x00007ffbe9ec7000 	C:\Windows\SYSTEM32\ntdll.dll
0x00007ffbe8100000 - 0x00007ffbe81c4000 	C:\Windows\System32\KERNEL32.DLL
0x00007ffbe71a0000 - 0x00007ffbe754c000 	C:\Windows\System32\KERNELBASE.dll
0x00007ffbe6cf0000 - 0x00007ffbe6e3c000 	C:\Windows\system32\hmpalert.dll
0x00007ffbe7610000 - 0x00007ffbe7721000 	C:\Windows\System32\ucrtbase.dll
0x00007ffbab110000 - 0x00007ffbab12b000 	C:\Program Files\OpenLogic\jdk-17.0.10.7-hotspot\bin\VCRUNTIME140.dll
0x00007ffbab340000 - 0x00007ffbab357000 	C:\Program Files\OpenLogic\jdk-17.0.10.7-hotspot\bin\jli.dll
0x00007ffbe79f0000 - 0x00007ffbe7b9e000 	C:\Windows\System32\USER32.dll
0x00007ffbe7100000 - 0x00007ffbe7126000 	C:\Windows\System32\win32u.dll
0x00007ffbe98c0000 - 0x00007ffbe98e9000 	C:\Windows\System32\GDI32.dll
0x00007ffbe6fe0000 - 0x00007ffbe70f9000 	C:\Windows\System32\gdi32full.dll
0x00007ffbe7730000 - 0x00007ffbe77ca000 	C:\Windows\System32\msvcp_win.dll
0x00007ffbe6160000 - 0x00007ffbe63f3000 	C:\Windows\WinSxS\amd64_microsoft.windows.common-controls_6595b64144ccf1df_6.0.22621.3672_none_2713b9d173822955\COMCTL32.dll
0x00007ffbe9180000 - 0x00007ffbe9227000 	C:\Windows\System32\msvcrt.dll
0x00007ffbe9230000 - 0x00007ffbe9261000 	C:\Windows\System32\IMM32.DLL
0x00007ffbaa060000 - 0x00007ffbaa06c000 	C:\Program Files\OpenLogic\jdk-17.0.10.7-hotspot\bin\vcruntime140_1.dll
0x00007ffb9dbc0000 - 0x00007ffb9dc4d000 	C:\Program Files\OpenLogic\jdk-17.0.10.7-hotspot\bin\msvcp140.dll
0x00007ffb738a0000 - 0x00007ffb74502000 	C:\Program Files\OpenLogic\jdk-17.0.10.7-hotspot\bin\server\jvm.dll
0x00007ffbe98f0000 - 0x00007ffbe99a2000 	C:\Windows\System32\ADVAPI32.dll
0x00007ffbe8f30000 - 0x00007ffbe8fda000 	C:\Windows\System32\sechost.dll
0x00007ffbe77d0000 - 0x00007ffbe77f8000 	C:\Windows\System32\bcrypt.dll
0x00007ffbe7ba0000 - 0x00007ffbe7cb5000 	C:\Windows\System32\RPCRT4.dll
0x00007ffbaa050000 - 0x00007ffbaa059000 	C:\Windows\SYSTEM32\WSOCK32.dll
0x00007ffbe9050000 - 0x00007ffbe90c1000 	C:\Windows\System32\WS2_32.dll
0x00007ffbd8c20000 - 0x00007ffbd8c54000 	C:\Windows\SYSTEM32\WINMM.dll
0x00007ffbe6ba0000 - 0x00007ffbe6bed000 	C:\Windows\SYSTEM32\POWRPROF.dll
0x00007ffbe0d90000 - 0x00007ffbe0d9a000 	C:\Windows\SYSTEM32\VERSION.dll
0x00007ffbe6b80000 - 0x00007ffbe6b93000 	C:\Windows\SYSTEM32\UMPDC.dll
0x00007ffbe57d0000 - 0x00007ffbe57e8000 	C:\Windows\SYSTEM32\kernel.appcore.dll
0x00007ffba18b0000 - 0x00007ffba18ba000 	C:\Program Files\OpenLogic\jdk-17.0.10.7-hotspot\bin\jimage.dll
0x00007ffbe6620000 - 0x00007ffbe6852000 	C:\Windows\SYSTEM32\DBGHELP.DLL
0x00007ffbe8340000 - 0x00007ffbe86c8000 	C:\Windows\System32\combase.dll
0x00007ffbe8260000 - 0x00007ffbe8337000 	C:\Windows\System32\OLEAUT32.dll
0x00007ffbe65e0000 - 0x00007ffbe6612000 	C:\Windows\SYSTEM32\dbgcore.DLL
0x00007ffbe7970000 - 0x00007ffbe79eb000 	C:\Windows\System32\bcryptPrimitives.dll
0x00007ffba1060000 - 0x00007ffba106e000 	C:\Program Files\OpenLogic\jdk-17.0.10.7-hotspot\bin\instrument.dll
0x00007ffba1720000 - 0x00007ffba1745000 	C:\Program Files\OpenLogic\jdk-17.0.10.7-hotspot\bin\java.dll
0x00007ffb9dae0000 - 0x00007ffb9dbb6000 	C:\Program Files\OpenLogic\jdk-17.0.10.7-hotspot\bin\jsvml.dll
0x00007ffbe86d0000 - 0x00007ffbe8f2c000 	C:\Windows\System32\SHELL32.dll
0x00007ffbe46f0000 - 0x00007ffbe4fe7000 	C:\Windows\SYSTEM32\windows.storage.dll
0x00007ffbe45b0000 - 0x00007ffbe46ef000 	C:\Windows\SYSTEM32\wintypes.dll
0x00007ffbe99b0000 - 0x00007ffbe9aa4000 	C:\Windows\System32\SHCORE.dll
0x00007ffbe92d0000 - 0x00007ffbe932e000 	C:\Windows\System32\shlwapi.dll
0x00007ffbe6f10000 - 0x00007ffbe6f31000 	C:\Windows\SYSTEM32\profapi.dll
0x00007ffba1120000 - 0x00007ffba1138000 	C:\Program Files\OpenLogic\jdk-17.0.10.7-hotspot\bin\zip.dll
0x00007ffba1890000 - 0x00007ffba18a9000 	C:\Program Files\OpenLogic\jdk-17.0.10.7-hotspot\bin\net.dll
0x00007ffbe2f90000 - 0x00007ffbe30c6000 	C:\Windows\SYSTEM32\WINHTTP.dll
0x00007ffbe5bf0000 - 0x00007ffbe5c59000 	C:\Windows\system32\mswsock.dll
0x00007ffba15a0000 - 0x00007ffba15b6000 	C:\Program Files\OpenLogic\jdk-17.0.10.7-hotspot\bin\nio.dll
0x00007ffba1710000 - 0x00007ffba1720000 	C:\Program Files\OpenLogic\jdk-17.0.10.7-hotspot\bin\verify.dll
0x00007ffba1080000 - 0x00007ffba10a7000 	C:\Users\MAHE\.gradle\native\68d5fa5c4cc2d200863cafc0d521ce42e7d3e7ee720ec0a83991735586a16f82\windows-amd64\native-platform.dll
0x00007ffb9d990000 - 0x00007ffb9dad4000 	C:\Users\MAHE\.gradle\native\e376f236ea51e6404a007f0833ffe2c6e607c4080706a723a18a27aeea778392\windows-amd64\native-platform-file-events.dll
0x00007ffba1590000 - 0x00007ffba1599000 	C:\Program Files\OpenLogic\jdk-17.0.10.7-hotspot\bin\management.dll
0x00007ffba10e0000 - 0x00007ffba10eb000 	C:\Program Files\OpenLogic\jdk-17.0.10.7-hotspot\bin\management_ext.dll
0x00007ffbe9330000 - 0x00007ffbe9338000 	C:\Windows\System32\PSAPI.DLL
0x00007ffbe6a20000 - 0x00007ffbe6a3b000 	C:\Windows\SYSTEM32\CRYPTSP.dll
0x00007ffbe5730000 - 0x00007ffbe5765000 	C:\Windows\system32\rsaenh.dll
0x00007ffbe5cf0000 - 0x00007ffbe5d18000 	C:\Windows\SYSTEM32\USERENV.dll
0x00007ffbe5e90000 - 0x00007ffbe5e9c000 	C:\Windows\SYSTEM32\CRYPTBASE.dll
0x00007ffbe5250000 - 0x00007ffbe527d000 	C:\Windows\SYSTEM32\IPHLPAPI.DLL
0x00007ffbe8250000 - 0x00007ffbe8259000 	C:\Windows\System32\NSI.dll
0x00007ffbe2b50000 - 0x00007ffbe2b69000 	C:\Windows\SYSTEM32\dhcpcsvc6.DLL
0x00007ffbe2b30000 - 0x00007ffbe2b4f000 	C:\Windows\SYSTEM32\dhcpcsvc.DLL
0x00007ffbe5280000 - 0x00007ffbe5378000 	C:\Windows\SYSTEM32\DNSAPI.dll
0x00007ffba1070000 - 0x00007ffba1078000 	C:\Program Files\OpenLogic\jdk-17.0.10.7-hotspot\bin\extnet.dll
0x00007ffba1050000 - 0x00007ffba105e000 	C:\Program Files\OpenLogic\jdk-17.0.10.7-hotspot\bin\sunmscapi.dll
0x00007ffbe7800000 - 0x00007ffbe7967000 	C:\Windows\System32\CRYPT32.dll
0x00007ffbe6040000 - 0x00007ffbe606e000 	C:\Windows\SYSTEM32\ncrypt.dll
0x00007ffbe5f50000 - 0x00007ffbe5f87000 	C:\Windows\SYSTEM32\NTASN1.dll
0x00007ffba1040000 - 0x00007ffba1048000 	C:\Windows\system32\wshunix.dll

dbghelp: loaded successfully - version: 4.0.5 - missing functions: none
symbol engine: initialized successfully - sym options: 0x614 - pdb path: .;C:\Program Files\OpenLogic\jdk-17.0.10.7-hotspot\bin;C:\Windows\SYSTEM32;C:\Windows\WinSxS\amd64_microsoft.windows.common-controls_6595b64144ccf1df_6.0.22621.3672_none_2713b9d173822955;C:\Program Files\OpenLogic\jdk-17.0.10.7-hotspot\bin\server;C:\Users\MAHE\.gradle\native\68d5fa5c4cc2d200863cafc0d521ce42e7d3e7ee720ec0a83991735586a16f82\windows-amd64;C:\Users\MAHE\.gradle\native\e376f236ea51e6404a007f0833ffe2c6e607c4080706a723a18a27aeea778392\windows-amd64

VM Arguments:
jvm_args: -XX:MaxMetaspaceSize=512m --add-opens=java.base/java.util=ALL-UNNAMED --add-opens=java.base/java.lang=ALL-UNNAMED --add-opens=java.base/java.lang.invoke=ALL-UNNAMED --add-opens=java.prefs/java.util.prefs=ALL-UNNAMED --add-opens=java.base/java.nio.charset=ALL-UNNAMED --add-opens=java.base/java.net=ALL-UNNAMED --add-opens=java.base/java.util.concurrent.atomic=ALL-UNNAMED -Xmx2048m -Dfile.encoding=windows-1252 -Duser.country=IN -Duser.language=en -Duser.variant -javaagent:C:\Users\MAHE\.gradle\wrapper\dists\gradle-8.3-all\6en3ugtfdg5xnpx44z4qbwgas\gradle-8.3\lib\agents\gradle-instrumentation-agent-8.3.jar 
java_command: org.gradle.launcher.daemon.bootstrap.GradleDaemon 8.3
java_class_path (initial): C:\Users\MAHE\.gradle\wrapper\dists\gradle-8.3-all\6en3ugtfdg5xnpx44z4qbwgas\gradle-8.3\lib\gradle-launcher-8.3.jar
Launcher Type: SUN_STANDARD

[Global flags]
     intx CICompilerCount                          = 3                                         {product} {ergonomic}
   size_t CompressedClassSpaceSize                 = 436207616                                 {product} {ergonomic}
     uint ConcGCThreads                            = 1                                         {product} {ergonomic}
     uint G1ConcRefinementThreads                  = 4                                         {product} {ergonomic}
   size_t G1HeapRegionSize                         = 1048576                                   {product} {ergonomic}
    uintx GCDrainStackTargetSize                   = 64                                        {product} {ergonomic}
   size_t InitialHeapSize                          = 268435456                                 {product} {ergonomic}
   size_t MarkStackSize                            = 4194304                                   {product} {ergonomic}
   size_t MaxHeapSize                              = 2147483648                                {product} {command line}
   size_t MaxMetaspaceSize                         = 536870912                                 {product} {command line}
   size_t MaxNewSize                               = 1287651328                                {product} {ergonomic}
   size_t MinHeapDeltaBytes                        = 1048576                                   {product} {ergonomic}
   size_t MinHeapSize                              = 8388608                                   {product} {ergonomic}
    uintx NonNMethodCodeHeapSize                   = 5832780                                {pd product} {ergonomic}
    uintx NonProfiledCodeHeapSize                  = 122912730                              {pd product} {ergonomic}
    uintx ProfiledCodeHeapSize                     = 122912730                              {pd product} {ergonomic}
    uintx ReservedCodeCacheSize                    = 251658240                              {pd product} {ergonomic}
     bool SegmentedCodeCache                       = true                                      {product} {ergonomic}
   size_t SoftMaxHeapSize                          = 2147483648                             {manageable} {ergonomic}
     bool UseCompressedClassPointers               = true                           {product lp64_product} {ergonomic}
     bool UseCompressedOops                        = true                           {product lp64_product} {ergonomic}
     bool UseG1GC                                  = true                                      {product} {ergonomic}
     bool UseLargePagesIndividualAllocation        = false                                  {pd product} {ergonomic}

Logging:
Log output configuration:
 #0: stdout all=warning uptime,level,tags
 #1: stderr all=off uptime,level,tags

Environment Variables:
JAVA_HOME=C:\Program Files\OpenLogic\jdk-17.0.10.7-hotspot\
CLASSPATH=C:\Users\MAHE\Documents\DOC APP BACKUP FILES\april30_\demo1_joyson1\android\\gradle\wrapper\gradle-wrapper.jar
PATH=C:\Users\MAHE\Documents\DOC APP BACKUP FILES\april30_\demo1_joyson1\node_modules\.bin;C:\Users\MAHE\Documents\DOC APP BACKUP FILES\april30_\demo1_joyson1\node_modules\.bin;C:\Users\MAHE\Documents\DOC APP BACKUP FILES\april30_\node_modules\.bin;C:\Users\MAHE\Documents\DOC APP BACKUP FILES\node_modules\.bin;C:\Users\MAHE\Documents\node_modules\.bin;C:\Users\MAHE\node_modules\.bin;C:\Users\node_modules\.bin;C:\node_modules\.bin;C:\Users\MAHE\AppData\Roaming\npm\node_modules\npm\node_modules\@npmcli\run-script\lib\node-gyp-bin;C:\Users\MAHE\Documents\DOC APP BACKUP FILES\april30_\demo1_joyson1\node_modules\.bin\node_modules\.bin;C:\Users\MAHE\Documents\DOC APP BACKUP FILES\april30_\demo1_joyson1\node_modules\node_modules\.bin;C:\Users\MAHE\Documents\DOC APP BACKUP FILES\april30_\demo1_joyson1\node_modules\.bin;C:\Users\MAHE\Documents\DOC APP BACKUP FILES\april30_\node_modules\.bin;C:\Users\MAHE\Documents\DOC APP BACKUP FILES\node_modules\.bin;C:\Users\MAHE\Documents\node_modules\.bin;C:\Users\MAHE\node_modules\.bin;C:\Users\node_modules\.bin;C:\node_modules\.bin;C:\Program Files\nodejs;C:\Users\MAHE\Documents\DOC APP BACKUP FILES\april30_\demo1_joyson1\node_modules\.bin;C:\Users\MAHE\Documents\DOC APP BACKUP FILES\april30_\demo1_joyson1\node_modules\.bin;C:\Users\MAHE\Documents\DOC APP BACKUP FILES\april30_\node_modules\.bin;C:\Users\MAHE\Documents\DOC APP BACKUP FILES\node_modules\.bin;C:\Users\MAHE\Documents\node_modules\.bin;C:\Users\MAHE\node_modules\.bin;C:\Users\node_modules\.bin;C:\node_modules\.bin;C:\Users\MAHE\AppData\Roaming\npm\node_modules\npm\node_modules\@npmcli\run-script\lib\node-gyp-bin;C:\Program Files\OpenLogic\jdk-17.0.10.7-hotspot\bin;C:\Python312\Scripts\;C:\Python312\;C:\Windows\system32;C:\Windows;C:\Windows\System32\Wbem;C:\Windows\System32\WindowsPowerShell\v1.0\;C:\Windows\System32\OpenSSH\;C:\Program Files\nodejs\;C:\ProgramData\chocolatey\bin;C:\Program Files\Git\cmd;C:\Program Files\Git\bin;C:\Program Files (x86)\Microsoft SQL Server\160
USERNAME=MAHE
LANG=en_US.UTF-8
OS=Windows_NT
PROCESSOR_IDENTIFIER=Intel64 Family 6 Model 60 Stepping 3, GenuineIntel
TMP=C:\Users\MAHE\AppData\Local\Temp
TEMP=C:\Users\MAHE\AppData\Local\Temp



Periodic native trim disabled


---------------  S Y S T E M  ---------------

OS:
 Windows 11 , 64 bit Build 22621 (10.0.22621.3672)
OS uptime: 0 days 0:12 hours

CPU: total 4 (initial active 4) (4 cores per cpu, 1 threads per core) family 6 model 60 stepping 3 microcode 0x28, cx8, cmov, fxsr, mmx, sse, sse2, sse3, ssse3, sse4.1, sse4.2, popcnt, lzcnt, tsc, tscinvbit, avx, avx2, aes, erms, clmul, bmi1, bmi2, fma, vzeroupper, clflush
Processor Information for all 4 processors :
  Max Mhz: 3001, Current Mhz: 3001, Mhz Limit: 3001

Memory: 4k page, system-wide physical 16309M (7684M free)
TotalPageFile size 32693M (AvailPageFile size 22041M)
current process WorkingSet (physical memory assigned to process): 212M, peak: 248M
current process commit charge ("private bytes"): 260M, peak: 425M

vm_info: OpenJDK 64-Bit Server VM (17.0.10+7-adhoc..jdk17u) for windows-amd64 JRE (17.0.10+7-adhoc..jdk17u), built on Jan 24 2024 08:51:31 by "" with MS VC++ 16.10 / 16.11 (VS2019)

END.
