#
# A fatal error has been detected by the Java Runtime Environment:
#
#  EXCEPTION_ACCESS_VIOLATION (0xc0000005) at pc=0x00007ff94665c76f, pid=11392, tid=12252
#
# JRE version: OpenJDK Runtime Environment OpenLogic-OpenJDK (17.0.10+7) (build 17.0.10+7-adhoc..jdk17u)
# Java VM: OpenJDK 64-Bit Server VM OpenLogic-OpenJDK (17.0.10+7-adhoc..jdk17u, mixed mode, sharing, tiered, compressed oops, compressed class ptrs, g1 gc, windows-amd64)
# Problematic frame:
# V  [jvm.dll+0x1fc76f]
#
# No core dump will be written. Minidumps are not enabled by default on client versions of Windows
#
# If you would like to submit a bug report, please visit:
#   https://techsupport.roguewave.com/
#

---------------  S U M M A R Y ------------

Command Line: -XX:MaxMetaspaceSize=512m --add-opens=java.base/java.util=ALL-UNNAMED --add-opens=java.base/java.lang=ALL-UNNAMED --add-opens=java.base/java.lang.invoke=ALL-UNNAMED --add-opens=java.prefs/java.util.prefs=ALL-UNNAMED --add-opens=java.base/java.nio.charset=ALL-UNNAMED --add-opens=java.base/java.net=ALL-UNNAMED --add-opens=java.base/java.util.concurrent.atomic=ALL-UNNAMED -Xmx2048m -Dfile.encoding=windows-1252 -Duser.country=IN -Duser.language=en -Duser.variant -javaagent:C:\Users\MAHE\.gradle\wrapper\dists\gradle-8.3-all\6en3ugtfdg5xnpx44z4qbwgas\gradle-8.3\lib\agents\gradle-instrumentation-agent-8.3.jar org.gradle.launcher.daemon.bootstrap.GradleDaemon 8.3

Host: Intel(R) Core(TM) i5-4590S CPU @ 3.00GHz, 4 cores, 15G,  Windows 11 , 64 bit Build 22621 (10.0.22621.3527)
Time: Thu May 30 09:47:00 2024 India Standard Time elapsed time: 64.114888 seconds (0d 0h 1m 4s)

---------------  T H R E A D  ---------------

Current thread (0x000001cc376a7aa0):  JavaThread "C2 CompilerThread1" daemon [_thread_in_native, id=12252, stack(0x0000000972100000,0x0000000972200000)]


Current CompileTask:
C2:  64115 13295       4       org.gradle.api.internal.provider.DefaultValueSourceProviderFactory$ValueSourceProvider::calculateOwnValue (14 bytes)

Stack: [0x0000000972100000,0x0000000972200000],  sp=0x00000009721fb6f0,  free space=1005k
Native frames: (J=compiled Java code, j=interpreted, Vv=VM code, C=native code)
V  [jvm.dll+0x1fc76f]
V  [jvm.dll+0x1fc9a6]
V  [jvm.dll+0x1bcc5e]
V  [jvm.dll+0x21a3f9]
V  [jvm.dll+0x2196c1]
V  [jvm.dll+0x1a512d]
V  [jvm.dll+0x22949e]
V  [jvm.dll+0x22766c]
V  [jvm.dll+0x7e9ea7]
V  [jvm.dll+0x7e42aa]
V  [jvm.dll+0x67c5d5]
C  [ucrtbase.dll+0x29333]
C  [KERNEL32.DLL+0x1257d]
C  [ntdll.dll+0x5aa48]


siginfo: EXCEPTION_ACCESS_VIOLATION (0xc0000005), reading address 0x0000000000000018


Registers:
RAX=0x00000009721fbbb0, RBX=0x0000000000000009, RCX=0x0000000000000000, RDX=0x0000000000000001
RSP=0x00000009721fb6f0, RBP=0x000001cc42bed588, RSI=0x0000000000000028, RDI=0x0000000000000000
R8 =0x0000000000000000, R9 =0x0000000000000816, R10=0x000001cc43a6d900, R11=0x00000009721fb698
R12=0x000001cc397e35d0, R13=0x00000009721fb860, R14=0x0000000000000001, R15=0x0000000000000001
RIP=0x00007ff94665c76f, EFLAGS=0x0000000000010287


Register to memory mapping:

RIP=0x00007ff94665c76f jvm.dll
RAX=0x00000009721fbbb0 is pointing into the stack for thread: 0x000001cc376a7aa0
RBX=0x0000000000000009 is an unknown value
RCX=0x0 is NULL
RDX=0x0000000000000001 is an unknown value
RSP=0x00000009721fb6f0 is pointing into the stack for thread: 0x000001cc376a7aa0
RBP=0x000001cc42bed588 points into unknown readable memory: 0x00007ff946d7c540 | 40 c5 d7 46 f9 7f 00 00
RSI=0x0000000000000028 is an unknown value
RDI=0x0 is NULL
R8 =0x0 is NULL
R9 =0x0000000000000816 is an unknown value
R10=0x000001cc43a6d900 points into unknown readable memory: 0x0000000000000000 | 00 00 00 00 00 00 00 00
R11=0x00000009721fb698 is pointing into the stack for thread: 0x000001cc376a7aa0
R12=0x000001cc397e35d0 points into unknown readable memory: 0x00007ff900000002 | 02 00 00 00 f9 7f 00 00
R13=0x00000009721fb860 is pointing into the stack for thread: 0x000001cc376a7aa0
R14=0x0000000000000001 is an unknown value
R15=0x0000000000000001 is an unknown value


Top of Stack: (sp=0x00000009721fb6f0)
0x00000009721fb6f0:   000001cc00000386 000001cc42bec9a0
0x00000009721fb700:   000001cc397e35d0 0000000000000008
0x00000009721fb710:   00000000000003d8 000001cc397e39a8
0x00000009721fb720:   000000000000042f 00007ff94665c9a6
0x00000009721fb730:   000001cc397e35c0 00000009721fb860
0x00000009721fb740:   00000009721fb860 00000009721fbc90
0x00000009721fb750:   0000000000000000 00007ff94661cc5e
0x00000009721fb760:   00000009721fbbb0 00000009721fbc90
0x00000009721fb770:   00000000000003d8 000001cc397e35c0
0x00000009721fb780:   0000000900000000 000000000000000d
0x00000009721fb790:   0000000000000006 000001cc397e35c0
0x00000009721fb7a0:   000001cc3b187030 000001cc3b18b000
0x00000009721fb7b0:   000001cc3b18f018 000000000014d1c0
0x00000009721fb7c0:   0000000000000000 0000000000000000
0x00000009721fb7d0:   0000000000000000 000001cc4313b000
0x00000009721fb7e0:   0000000000000000 00007ff946d90d30
0x00000009721fb7f0:   0000000000000000 0000000000000000
0x00000009721fb800:   0000000000000000 00007ff946d90d30
0x00000009721fb810:   000001cc00000000 00000000000001fc
0x00000009721fb820:   000001cc0000000c 00000009721fe500
0x00000009721fb830:   000001cc43a1cb40 0000000046792c01
0x00000009721fb840:   000001cc43a73be0 00000000000008b4
0x00000009721fb850:   00000009721fb790 000001cc397e35d0
0x00000009721fb860:   00007ff946d90cd8 000000000000000d
0x00000009721fb870:   00000009721fe500 00000009721fbbb0
0x00000009721fb880:   0000000000008320 000001cc42323760
0x00000009721fb890:   00007ff90000000a 00000009721fe500
0x00000009721fb8a0:   000001cc43ad37c0 0000000000000000
0x00000009721fb8b0:   000001cc43bacc50 000001cc3b177040
0x00000009721fb8c0:   000001cc3b1795a0 000001cc431ab040
0x00000009721fb8d0:   00000009721fbb10 00000009721fbcb0
0x00000009721fb8e0:   00000000000008b4 00000009721fb790 

Instructions: (pc=0x00007ff94665c76f)
0x00007ff94665c66f:   f9 48 83 c1 08 ba 0d 00 00 00 e8 82 31 4a 00 48
0x00007ff94665c67f:   8d 05 eb c5 73 00 48 89 5f 18 48 89 07 48 8d 4f
0x00007ff94665c68f:   20 8b 93 e0 00 00 00 e8 c5 f7 16 00 48 8b 5c 24
0x00007ff94665c69f:   30 48 8b c7 48 83 c4 20 5f c3 cc cc cc cc cc cc
0x00007ff94665c6af:   cc 48 89 5c 24 08 48 89 6c 24 10 48 89 74 24 18
0x00007ff94665c6bf:   57 48 83 ec 20 8b 79 28 48 8b ea ff cf 48 8b d9
0x00007ff94665c6cf:   3b 79 18 73 0a 48 8b 41 20 48 8b 34 f8 eb 02 33
0x00007ff94665c6df:   f6 48 8b 06 48 8b ce ff 50 20 48 3b c6 74 03 2b
0x00007ff94665c6ef:   7b 48 4c 8b c5 48 8d 4b 10 8b d7 e8 11 ed 45 00
0x00007ff94665c6ff:   ff 43 28 48 8b 5c 24 30 48 8b 6c 24 38 48 8b 74
0x00007ff94665c70f:   24 40 48 83 c4 20 5f c3 cc cc cc cc cc cc cc cc
0x00007ff94665c71f:   cc 48 89 5c 24 10 48 89 6c 24 18 48 89 74 24 20
0x00007ff94665c72f:   57 41 55 41 56 48 83 ec 20 4c 89 7c 24 40 48 8b
0x00007ff94665c73f:   ea 45 33 ff 4c 8b e9 45 8d 77 01 44 39 7a 48 0f
0x00007ff94665c74f:   86 a5 00 00 00 0f 1f 40 00 0f 1f 84 00 00 00 00
0x00007ff94665c75f:   00 48 8b 45 40 41 8b d6 4a 8b 3c f8 49 8b 45 18
0x00007ff94665c76f:   44 8b 4f 18 48 8b 48 48 4c 8b 51 78 0f 1f 44 00
0x00007ff94665c77f:   00 45 85 c9 74 09 48 8b 47 20 48 8b 00 eb 02 33
0x00007ff94665c78f:   c0 48 8b 40 08 44 8b c2 4a 8b 0c c0 8b 41 28 49
0x00007ff94665c79f:   39 2c c2 74 04 ff c2 eb d8 41 8b de 39 5f 28 76
0x00007ff94665c7af:   3c 4a 8d 34 c5 00 00 00 00 3b 5f 18 73 0c 48 8b
0x00007ff94665c7bf:   57 20 8b c3 48 8b 14 c2 eb 02 33 d2 8b 42 2c 83
0x00007ff94665c7cf:   e0 0f 3c 0c 75 17 4c 8b 42 08 49 8b cd 4d 8b 04
0x00007ff94665c7df:   30 e8 db 01 00 00 ff c3 3b 5f 28 72 cc 41 ff c7
0x00007ff94665c7ef:   44 3b 7d 48 0f 82 67 ff ff ff 8b 75 28 4c 8b 7c
0x00007ff94665c7ff:   24 40 ff ce 3b 75 18 73 0a 48 8b 45 20 48 8b 1c
0x00007ff94665c80f:   f0 eb 02 33 db 48 8b 03 48 8b cb ff 50 20 48 3b
0x00007ff94665c81f:   c3 74 03 2b 75 48 41 3b f6 76 52 bf 08 00 00 00
0x00007ff94665c82f:   90 44 3b 75 18 73 0a 48 8b 45 20 48 8b 1c 07 eb
0x00007ff94665c83f:   02 33 db 8b 43 2c 24 03 3c 02 75 25 48 8b 03 48
0x00007ff94665c84f:   8b cb ff 90 f0 00 00 00 85 c0 74 15 4c 8b 43 08
0x00007ff94665c85f:   48 8b d3 8b c0 49 8b cd 4d 8b 04 c0 e8 50 01 00 


Stack slot to memory mapping:
stack at sp + 0 slots: 0x000001cc00000386 points into unknown readable memory: ff ff
stack at sp + 1 slots: 0x000001cc42bec9a0 points into unknown readable memory: 0x00007ff946d7c540 | 40 c5 d7 46 f9 7f 00 00
stack at sp + 2 slots: 0x000001cc397e35d0 points into unknown readable memory: 0x00007ff900000002 | 02 00 00 00 f9 7f 00 00
stack at sp + 3 slots: 0x0000000000000008 is an unknown value
stack at sp + 4 slots: 0x00000000000003d8 is an unknown value
stack at sp + 5 slots: 0x000001cc397e39a8 points into unknown readable memory: 0x88000ccc3d238148 | 48 81 23 3d cc 0c 00 88
stack at sp + 6 slots: 0x000000000000042f is an unknown value
stack at sp + 7 slots: 0x00007ff94665c9a6 jvm.dll


---------------  P R O C E S S  ---------------

Threads class SMR info:
_java_thread_list=0x000001cc3ce82c60, length=73, elements={
0x000001cc78af9110, 0x000001cc7fcb1130, 0x000001cc7fcb1fb0, 0x000001cc7fcc6b90,
0x000001cc7fcca6e0, 0x000001cc7fccb0a0, 0x000001cc7fccba60, 0x000001cc7fcce810,
0x000001cc37004180, 0x000001cc3703e230, 0x000001cc7fc9c8a0, 0x000001cc37218120,
0x000001cc393d8190, 0x000001cc38169d60, 0x000001cc39198820, 0x000001cc38553600,
0x000001cc38553eb0, 0x000001cc38875450, 0x000001cc38583ec0, 0x000001cc3954df20,
0x000001cc3954c0c0, 0x000001cc3954c5d0, 0x000001cc3954d500, 0x000001cc3954da10,
0x000001cc3954e940, 0x000001cc3954e430, 0x000001cc3954cff0, 0x000001cc3954b190,
0x000001cc3954b6a0, 0x000001cc3954bbb0, 0x000001cc3956b1d0, 0x000001cc3956da50,
0x000001cc3956a7b0, 0x000001cc3956a2a0, 0x000001cc39568950, 0x000001cc3956acc0,
0x000001cc3956d540, 0x000001cc3956b6e0, 0x000001cc39569880, 0x000001cc3956e470,
0x000001cc3956c610, 0x000001cc3956bbf0, 0x000001cc3956cb20, 0x000001cc3956d030,
0x000001cc3956f8b0, 0x000001cc39568e60, 0x000001cc3956df60, 0x000001cc3956fdc0,
0x000001cc39569370, 0x000001cc3ba64590, 0x000001cc3ba64080, 0x000001cc3ba61d10,
0x000001cc3ba64aa0, 0x000001cc3ba64fb0, 0x000001cc3ba63660, 0x000001cc3ba62220,
0x000001cc3ba654c0, 0x000001cc3ba62730, 0x000001cc3ba62c40, 0x000001cc3ba63150,
0x000001cc3b22c550, 0x000001cc3b227450, 0x000001cc3b228da0, 0x000001cc3b22cf70,
0x000001cc3b2292b0, 0x000001cc3b228890, 0x000001cc3b225b00, 0x000001cc3b2297c0,
0x000001cc3b226010, 0x000001cc3b229cd0, 0x000001cc3b22a1e0, 0x000001cc3b22a6f0,
0x000001cc376a7aa0
}

Java Threads: ( => current thread )
  0x000001cc78af9110 JavaThread "main" [_thread_blocked, id=11440, stack(0x0000000972400000,0x0000000972500000)]
  0x000001cc7fcb1130 JavaThread "Reference Handler" daemon [_thread_blocked, id=11472, stack(0x0000000972b00000,0x0000000972c00000)]
  0x000001cc7fcb1fb0 JavaThread "Finalizer" daemon [_thread_blocked, id=11476, stack(0x0000000972c00000,0x0000000972d00000)]
  0x000001cc7fcc6b90 JavaThread "Signal Dispatcher" daemon [_thread_blocked, id=11480, stack(0x0000000972d00000,0x0000000972e00000)]
  0x000001cc7fcca6e0 JavaThread "Attach Listener" daemon [_thread_blocked, id=11484, stack(0x0000000972e00000,0x0000000972f00000)]
  0x000001cc7fccb0a0 JavaThread "Service Thread" daemon [_thread_blocked, id=11488, stack(0x0000000972f00000,0x0000000973000000)]
  0x000001cc7fccba60 JavaThread "Monitor Deflation Thread" daemon [_thread_blocked, id=11492, stack(0x0000000973000000,0x0000000973100000)]
  0x000001cc7fcce810 JavaThread "C2 CompilerThread0" daemon [_thread_in_native, id=11496, stack(0x0000000973100000,0x0000000973200000)]
  0x000001cc37004180 JavaThread "C1 CompilerThread0" daemon [_thread_blocked, id=11500, stack(0x0000000973200000,0x0000000973300000)]
  0x000001cc3703e230 JavaThread "Sweeper thread" daemon [_thread_blocked, id=11504, stack(0x0000000973300000,0x0000000973400000)]
  0x000001cc7fc9c8a0 JavaThread "Common-Cleaner" daemon [_thread_blocked, id=11508, stack(0x0000000973400000,0x0000000973500000)]
  0x000001cc37218120 JavaThread "Notification Thread" daemon [_thread_blocked, id=11512, stack(0x0000000973500000,0x0000000973600000)]
  0x000001cc393d8190 JavaThread "Daemon health stats" [_thread_blocked, id=11556, stack(0x0000000973b00000,0x0000000973c00000)]
  0x000001cc38169d60 JavaThread "Incoming local TCP Connector on port 54766" [_thread_in_native, id=11560, stack(0x0000000973c00000,0x0000000973d00000)]
  0x000001cc39198820 JavaThread "Daemon periodic checks" [_thread_blocked, id=11564, stack(0x0000000973d00000,0x0000000973e00000)]
  0x000001cc38553600 JavaThread "Daemon" [_thread_blocked, id=11584, stack(0x0000000973e00000,0x0000000973f00000)]
  0x000001cc38553eb0 JavaThread "Handler for socket connection from /127.0.0.1:54766 to /127.0.0.1:54767" [_thread_in_native, id=11588, stack(0x0000000973f00000,0x0000000974000000)]
  0x000001cc38875450 JavaThread "Cancel handler" [_thread_blocked, id=11592, stack(0x0000000974000000,0x0000000974100000)]
  0x000001cc38583ec0 JavaThread "Daemon worker" [_thread_in_Java, id=11596, stack(0x0000000974100000,0x0000000974200000)]
  0x000001cc3954df20 JavaThread "Asynchronous log dispatcher for DefaultDaemonConnection: socket connection from /127.0.0.1:54766 to /127.0.0.1:54767" [_thread_blocked, id=11608, stack(0x0000000974200000,0x0000000974300000)]
  0x000001cc3954c0c0 JavaThread "Stdin handler" [_thread_blocked, id=11612, stack(0x0000000974300000,0x0000000974400000)]
  0x000001cc3954c5d0 JavaThread "Daemon client event forwarder" [_thread_blocked, id=11616, stack(0x0000000974400000,0x0000000974500000)]
  0x000001cc3954d500 JavaThread "Cache worker for journal cache (C:\Users\MAHE\.gradle\caches\journal-1)" [_thread_blocked, id=11624, stack(0x0000000973700000,0x0000000973800000)]
  0x000001cc3954da10 JavaThread "File lock request listener" [_thread_in_native, id=11628, stack(0x0000000974500000,0x0000000974600000)]
  0x000001cc3954e940 JavaThread "Cache worker for file hash cache (C:\Users\MAHE\.gradle\caches\8.3\fileHashes)" [_thread_blocked, id=11636, stack(0x0000000974600000,0x0000000974700000)]
  0x000001cc3954e430 JavaThread "File watcher server" daemon [_thread_in_native, id=11652, stack(0x0000000974800000,0x0000000974900000)]
  0x000001cc3954cff0 JavaThread "File watcher consumer" daemon [_thread_blocked, id=11656, stack(0x0000000974900000,0x0000000974a00000)]
  0x000001cc3954b190 JavaThread "Cache worker for checksums cache (C:\Users\MAHE\Documents\DOC APP BACKUP FILES\april30_\demo1_joyson1\android\.gradle\8.3\checksums)" [_thread_blocked, id=11660, stack(0x0000000974a00000,0x0000000974b00000)]
  0x000001cc3954b6a0 JavaThread "Cache worker for file hash cache (C:\Users\MAHE\Documents\DOC APP BACKUP FILES\april30_\demo1_joyson1\android\.gradle\8.3\fileHashes)" [_thread_blocked, id=11664, stack(0x0000000974b00000,0x0000000974c00000)]
  0x000001cc3954bbb0 JavaThread "Cache worker for cache directory md-supplier (C:\Users\MAHE\.gradle\caches\8.3\md-supplier)" [_thread_blocked, id=11668, stack(0x0000000974c00000,0x0000000974d00000)]
  0x000001cc3956b1d0 JavaThread "Cache worker for file content cache (C:\Users\MAHE\.gradle\caches\8.3\fileContent)" [_thread_blocked, id=11672, stack(0x0000000974d00000,0x0000000974e00000)]
  0x000001cc3956da50 JavaThread "Cache worker for cache directory md-rule (C:\Users\MAHE\.gradle\caches\8.3\md-rule)" [_thread_blocked, id=11676, stack(0x0000000974e00000,0x0000000974f00000)]
  0x000001cc3956a7b0 JavaThread "Cache worker for execution history cache (C:\Users\MAHE\.gradle\caches\8.3\executionHistory)" [_thread_blocked, id=11680, stack(0x0000000974f00000,0x0000000975000000)]
  0x000001cc3956a2a0 JavaThread "jar transforms" [_thread_blocked, id=11756, stack(0x0000000975000000,0x0000000975100000)]
  0x000001cc39568950 JavaThread "jar transforms Thread 2" [_thread_blocked, id=11760, stack(0x0000000975100000,0x0000000975200000)]
  0x000001cc3956acc0 JavaThread "jar transforms Thread 3" [_thread_blocked, id=11796, stack(0x0000000975200000,0x0000000975300000)]
  0x000001cc3956d540 JavaThread "jar transforms Thread 4" [_thread_blocked, id=11800, stack(0x0000000975300000,0x0000000975400000)]
  0x000001cc3956b6e0 JavaThread "Cache worker for kotlin-dsl (C:\Users\MAHE\.gradle\caches\8.3\kotlin-dsl)" [_thread_blocked, id=11992, stack(0x0000000975400000,0x0000000975500000)]
  0x000001cc39569880 JavaThread "Unconstrained build operations" [_thread_blocked, id=12000, stack(0x0000000974700000,0x0000000974800000)]
  0x000001cc3956e470 JavaThread "Unconstrained build operations Thread 2" [_thread_blocked, id=12004, stack(0x0000000975500000,0x0000000975600000)]
  0x000001cc3956c610 JavaThread "Cache worker for dependencies-accessors (C:\Users\MAHE\Documents\DOC APP BACKUP FILES\april30_\demo1_joyson1\android\.gradle\8.3\dependencies-accessors)" [_thread_blocked, id=12012, stack(0x0000000975700000,0x0000000975800000)]
  0x000001cc3956bbf0 JavaThread "Cache worker for Build Output Cleanup Cache (C:\Users\MAHE\Documents\DOC APP BACKUP FILES\april30_\demo1_joyson1\node_modules\@react-native\gradle-plugin\.gradle\buildOutputCleanup)" [_thread_blocked, id=12120, stack(0x0000000975600000,0x0000000975700000)]
  0x000001cc3956cb20 JavaThread "Unconstrained build operations Thread 3" [_thread_blocked, id=12128, stack(0x0000000975a00000,0x0000000975b00000)]
  0x000001cc3956d030 JavaThread "Unconstrained build operations Thread 4" [_thread_blocked, id=12132, stack(0x0000000975b00000,0x0000000975c00000)]
  0x000001cc3956f8b0 JavaThread "Unconstrained build operations Thread 5" [_thread_blocked, id=12136, stack(0x0000000975c00000,0x0000000975d00000)]
  0x000001cc39568e60 JavaThread "Memory manager" [_thread_blocked, id=12160, stack(0x0000000975e00000,0x0000000975f00000)]
  0x000001cc3956df60 JavaThread "Cache worker for Build Output Cleanup Cache (C:\Users\MAHE\Documents\DOC APP BACKUP FILES\april30_\demo1_joyson1\android\.gradle\buildOutputCleanup)" [_thread_blocked, id=12188, stack(0x0000000975d00000,0x0000000975e00000)]
  0x000001cc3956fdc0 JavaThread "ForkJoinPool.commonPool-worker-1" daemon [_thread_blocked, id=8024, stack(0x0000000976100000,0x0000000976200000)]
  0x000001cc39569370 JavaThread "ForkJoinPool.commonPool-worker-2" daemon [_thread_blocked, id=3844, stack(0x0000000976200000,0x0000000976300000)]
  0x000001cc3ba64590 JavaThread "ForkJoinPool.commonPool-worker-3" daemon [_thread_blocked, id=8056, stack(0x0000000976300000,0x0000000976400000)]
  0x000001cc3ba64080 JavaThread "included builds" [_thread_blocked, id=11376, stack(0x0000000976500000,0x0000000976600000)]
  0x000001cc3ba61d10 JavaThread "Execution worker" [_thread_blocked, id=3484, stack(0x0000000976600000,0x0000000976700000)]
  0x000001cc3ba64aa0 JavaThread "Execution worker Thread 2" [_thread_blocked, id=11380, stack(0x0000000976700000,0x0000000976800000)]
  0x000001cc3ba64fb0 JavaThread "Execution worker Thread 3" [_thread_blocked, id=11356, stack(0x0000000976800000,0x0000000976900000)]
  0x000001cc3ba63660 JavaThread "Cache worker for execution history cache (C:\Users\MAHE\Documents\DOC APP BACKUP FILES\april30_\demo1_joyson1\node_modules\@react-native\gradle-plugin\.gradle\8.3\executionHistory)" [_thread_blocked, id=11412, stack(0x0000000976900000,0x0000000976a00000)]
  0x000001cc3ba62220 JavaThread "Unconstrained build operations Thread 6" [_thread_blocked, id=3444, stack(0x0000000976a00000,0x0000000976b00000)]
  0x000001cc3ba654c0 JavaThread "Unconstrained build operations Thread 7" [_thread_blocked, id=11536, stack(0x0000000976b00000,0x0000000976c00000)]
  0x000001cc3ba62730 JavaThread "Unconstrained build operations Thread 8" [_thread_blocked, id=5512, stack(0x0000000976c00000,0x0000000976d00000)]
  0x000001cc3ba62c40 JavaThread "Unconstrained build operations Thread 9" [_thread_blocked, id=8640, stack(0x0000000976d00000,0x0000000976e00000)]
  0x000001cc3ba63150 JavaThread "Unconstrained build operations Thread 10" [_thread_blocked, id=11420, stack(0x0000000976e00000,0x0000000976f00000)]
  0x000001cc3b22c550 JavaThread "Unconstrained build operations Thread 11" [_thread_blocked, id=11544, stack(0x0000000976f00000,0x0000000977000000)]
  0x000001cc3b227450 JavaThread "Unconstrained build operations Thread 12" [_thread_blocked, id=11384, stack(0x0000000977000000,0x0000000977100000)]
  0x000001cc3b228da0 JavaThread "Unconstrained build operations Thread 13" [_thread_blocked, id=11388, stack(0x0000000977100000,0x0000000977200000)]
  0x000001cc3b22cf70 JavaThread "Unconstrained build operations Thread 14" [_thread_blocked, id=12088, stack(0x0000000976400000,0x0000000976500000)]
  0x000001cc3b2292b0 JavaThread "Unconstrained build operations Thread 15" [_thread_blocked, id=12108, stack(0x0000000977200000,0x0000000977300000)]
  0x000001cc3b228890 JavaThread "Unconstrained build operations Thread 16" [_thread_blocked, id=12096, stack(0x0000000977300000,0x0000000977400000)]
  0x000001cc3b225b00 JavaThread "Unconstrained build operations Thread 17" [_thread_blocked, id=7720, stack(0x0000000977500000,0x0000000977600000)]
  0x000001cc3b2297c0 JavaThread "Unconstrained build operations Thread 18" [_thread_blocked, id=4476, stack(0x0000000977600000,0x0000000977700000)]
  0x000001cc3b226010 JavaThread "Unconstrained build operations Thread 19" [_thread_blocked, id=12124, stack(0x0000000977700000,0x0000000977800000)]
  0x000001cc3b229cd0 JavaThread "Unconstrained build operations Thread 20" [_thread_blocked, id=11348, stack(0x0000000977800000,0x0000000977900000)]
  0x000001cc3b22a1e0 JavaThread "Unconstrained build operations Thread 21" [_thread_blocked, id=12168, stack(0x0000000977900000,0x0000000977a00000)]
  0x000001cc3b22a6f0 JavaThread "Unconstrained build operations Thread 22" [_thread_blocked, id=12240, stack(0x0000000977a00000,0x0000000977b00000)]
=>0x000001cc376a7aa0 JavaThread "C2 CompilerThread1" daemon [_thread_in_native, id=12252, stack(0x0000000972100000,0x0000000972200000)]

Other Threads:
  0x000001cc7fcae960 VMThread "VM Thread" [stack: 0x0000000972a00000,0x0000000972b00000] [id=11468]
  0x000001cc37218600 WatcherThread [stack: 0x0000000973600000,0x0000000973700000] [id=11516]
  0x000001cc78b52dd0 GCTaskThread "GC Thread#0" [stack: 0x0000000972500000,0x0000000972600000] [id=11448]
  0x000001cc3728baf0 GCTaskThread "GC Thread#1" [stack: 0x0000000973800000,0x0000000973900000] [id=11524]
  0x000001cc375b3a70 GCTaskThread "GC Thread#2" [stack: 0x0000000973900000,0x0000000973a00000] [id=11528]
  0x000001cc375b3d30 GCTaskThread "GC Thread#3" [stack: 0x0000000973a00000,0x0000000973b00000] [id=11532]
  0x000001cc78b64d30 ConcurrentGCThread "G1 Main Marker" [stack: 0x0000000972600000,0x0000000972700000] [id=11452]
  0x000001cc78b65ef0 ConcurrentGCThread "G1 Conc#0" [stack: 0x0000000972700000,0x0000000972800000] [id=11456]
  0x000001cc7fb64190 ConcurrentGCThread "G1 Refine#0" [stack: 0x0000000972800000,0x0000000972900000] [id=11460]
  0x000001cc3a971650 ConcurrentGCThread "G1 Refine#1" [stack: 0x0000000975800000,0x0000000975900000] [id=12016]
  0x000001cc3a972dd0 ConcurrentGCThread "G1 Refine#2" [stack: 0x0000000975900000,0x0000000975a00000] [id=12020]
  0x000001cc7fb64ad0 ConcurrentGCThread "G1 Service" [stack: 0x0000000972900000,0x0000000972a00000] [id=11464]

Threads with active compile tasks:
C2 CompilerThread0    64291 13337       4       java.util.LinkedList$ListItr::remove (84 bytes)
C2 CompilerThread1    64291 13295       4       org.gradle.api.internal.provider.DefaultValueSourceProviderFactory$ValueSourceProvider::calculateOwnValue (14 bytes)

VM state: not at safepoint (normal execution)

VM Mutex/Monitor currently owned by a thread: None

Heap address: 0x0000000080000000, size: 2048 MB, Compressed Oops mode: 32-bit

CDS archive(s) mapped at: [0x000001cc18000000-0x000001cc18bc0000-0x000001cc18bc0000), size 12320768, SharedBaseAddress: 0x000001cc18000000, ArchiveRelocationMode: 1.
Compressed class space mapped at: 0x000001cc19000000-0x000001cc33000000, reserved size: 436207616
Narrow klass base: 0x000001cc18000000, Narrow klass shift: 0, Narrow klass range: 0x100000000

GC Precious Log:
 CPUs: 4 total, 4 available
 Memory: 16309M
 Large Page Support: Disabled
 NUMA Support: Disabled
 Compressed Oops: Enabled (32-bit)
 Heap Region Size: 1M
 Heap Min Capacity: 8M
 Heap Initial Capacity: 256M
 Heap Max Capacity: 2G
 Pre-touch: Disabled
 Parallel Workers: 4
 Concurrent Workers: 1
 Concurrent Refinement Workers: 4
 Periodic GC: Disabled

Heap:
 garbage-first heap   total 263168K, used 174707K [0x0000000080000000, 0x0000000100000000)
  region size 1024K, 27 young (27648K), 1 survivors (1024K)
 Metaspace       used 105830K, committed 106816K, reserved 557056K
  class space    used 14645K, committed 15104K, reserved 425984K

Heap Regions: E=young(eden), S=young(survivor), O=old, HS=humongous(starts), HC=humongous(continues), CS=collection set, F=free, OA=open archive, CA=closed archive, TAMS=top-at-mark-start (previous, next)
|   0|0x0000000080000000, 0x0000000080100000, 0x0000000080100000|100%| O|  |TAMS 0x0000000080100000, 0x0000000080000000| Untracked 
|   1|0x0000000080100000, 0x0000000080200000, 0x0000000080200000|100%| O|  |TAMS 0x0000000080200000, 0x0000000080100000| Untracked 
|   2|0x0000000080200000, 0x0000000080300000, 0x0000000080300000|100%|HS|  |TAMS 0x0000000080300000, 0x0000000080200000| Complete 
|   3|0x0000000080300000, 0x0000000080400000, 0x0000000080400000|100%|HC|  |TAMS 0x0000000080400000, 0x0000000080300000| Complete 
|   4|0x0000000080400000, 0x0000000080500000, 0x0000000080500000|100%|HC|  |TAMS 0x0000000080500000, 0x0000000080400000| Complete 
|   5|0x0000000080500000, 0x0000000080600000, 0x0000000080600000|100%|HC|  |TAMS 0x0000000080600000, 0x0000000080500000| Complete 
|   6|0x0000000080600000, 0x0000000080700000, 0x0000000080700000|100%| O|  |TAMS 0x0000000080700000, 0x0000000080600000| Untracked 
|   7|0x0000000080700000, 0x0000000080800000, 0x0000000080800000|100%| O|  |TAMS 0x0000000080800000, 0x0000000080700000| Untracked 
|   8|0x0000000080800000, 0x0000000080900000, 0x0000000080900000|100%| O|  |TAMS 0x0000000080900000, 0x0000000080800000| Untracked 
|   9|0x0000000080900000, 0x0000000080a00000, 0x0000000080a00000|100%| O|  |TAMS 0x0000000080a00000, 0x0000000080900000| Untracked 
|  10|0x0000000080a00000, 0x0000000080b00000, 0x0000000080b00000|100%| O|  |TAMS 0x0000000080b00000, 0x0000000080a00000| Untracked 
|  11|0x0000000080b00000, 0x0000000080c00000, 0x0000000080c00000|100%| O|  |TAMS 0x0000000080c00000, 0x0000000080b00000| Untracked 
|  12|0x0000000080c00000, 0x0000000080d00000, 0x0000000080d00000|100%| O|  |TAMS 0x0000000080d00000, 0x0000000080c00000| Untracked 
|  13|0x0000000080d00000, 0x0000000080e00000, 0x0000000080e00000|100%| O|  |TAMS 0x0000000080e00000, 0x0000000080d00000| Untracked 
|  14|0x0000000080e00000, 0x0000000080f00000, 0x0000000080f00000|100%| O|  |TAMS 0x0000000080f00000, 0x0000000080e00000| Untracked 
|  15|0x0000000080f00000, 0x0000000081000000, 0x0000000081000000|100%| O|  |TAMS 0x0000000081000000, 0x0000000080f00000| Untracked 
|  16|0x0000000081000000, 0x0000000081100000, 0x0000000081100000|100%| O|  |TAMS 0x0000000081100000, 0x0000000081000000| Untracked 
|  17|0x0000000081100000, 0x0000000081200000, 0x0000000081200000|100%| O|  |TAMS 0x0000000081200000, 0x0000000081100000| Untracked 
|  18|0x0000000081200000, 0x0000000081300000, 0x0000000081300000|100%| O|  |TAMS 0x0000000081300000, 0x0000000081200000| Untracked 
|  19|0x0000000081300000, 0x0000000081400000, 0x0000000081400000|100%| O|  |TAMS 0x0000000081400000, 0x0000000081300000| Untracked 
|  20|0x0000000081400000, 0x0000000081500000, 0x0000000081500000|100%| O|  |TAMS 0x0000000081500000, 0x0000000081400000| Untracked 
|  21|0x0000000081500000, 0x0000000081600000, 0x0000000081600000|100%| O|  |TAMS 0x0000000081600000, 0x0000000081500000| Untracked 
|  22|0x0000000081600000, 0x0000000081700000, 0x0000000081700000|100%| O|  |TAMS 0x0000000081700000, 0x0000000081600000| Untracked 
|  23|0x0000000081700000, 0x0000000081800000, 0x0000000081800000|100%| O|  |TAMS 0x0000000081800000, 0x0000000081700000| Untracked 
|  24|0x0000000081800000, 0x0000000081900000, 0x0000000081900000|100%| O|  |TAMS 0x0000000081900000, 0x0000000081800000| Untracked 
|  25|0x0000000081900000, 0x0000000081a00000, 0x0000000081a00000|100%| O|  |TAMS 0x0000000081a00000, 0x0000000081900000| Untracked 
|  26|0x0000000081a00000, 0x0000000081b00000, 0x0000000081b00000|100%| O|  |TAMS 0x0000000081b00000, 0x0000000081a00000| Untracked 
|  27|0x0000000081b00000, 0x0000000081c00000, 0x0000000081c00000|100%| O|  |TAMS 0x0000000081c00000, 0x0000000081b00000| Untracked 
|  28|0x0000000081c00000, 0x0000000081d00000, 0x0000000081d00000|100%| O|  |TAMS 0x0000000081d00000, 0x0000000081c00000| Untracked 
|  29|0x0000000081d00000, 0x0000000081e00000, 0x0000000081e00000|100%| O|  |TAMS 0x0000000081e00000, 0x0000000081d00000| Untracked 
|  30|0x0000000081e00000, 0x0000000081f00000, 0x0000000081f00000|100%| O|  |TAMS 0x0000000081f00000, 0x0000000081e00000| Untracked 
|  31|0x0000000081f00000, 0x0000000082000000, 0x0000000082000000|100%| O|  |TAMS 0x0000000082000000, 0x0000000081f00000| Untracked 
|  32|0x0000000082000000, 0x0000000082100000, 0x0000000082100000|100%| O|  |TAMS 0x0000000082100000, 0x0000000082000000| Untracked 
|  33|0x0000000082100000, 0x0000000082200000, 0x0000000082200000|100%| O|  |TAMS 0x0000000082200000, 0x0000000082100000| Untracked 
|  34|0x0000000082200000, 0x0000000082300000, 0x0000000082300000|100%| O|  |TAMS 0x0000000082300000, 0x0000000082200000| Untracked 
|  35|0x0000000082300000, 0x0000000082400000, 0x0000000082400000|100%| O|  |TAMS 0x0000000082400000, 0x0000000082300000| Untracked 
|  36|0x0000000082400000, 0x0000000082500000, 0x0000000082500000|100%| O|  |TAMS 0x0000000082500000, 0x0000000082400000| Untracked 
|  37|0x0000000082500000, 0x0000000082600000, 0x0000000082600000|100%| O|  |TAMS 0x0000000082600000, 0x0000000082500000| Untracked 
|  38|0x0000000082600000, 0x0000000082700000, 0x0000000082700000|100%| O|  |TAMS 0x0000000082700000, 0x0000000082600000| Untracked 
|  39|0x0000000082700000, 0x0000000082800000, 0x0000000082800000|100%| O|  |TAMS 0x0000000082800000, 0x0000000082700000| Untracked 
|  40|0x0000000082800000, 0x0000000082900000, 0x0000000082900000|100%| O|  |TAMS 0x0000000082900000, 0x0000000082800000| Untracked 
|  41|0x0000000082900000, 0x0000000082a00000, 0x0000000082a00000|100%|HS|  |TAMS 0x0000000082a00000, 0x0000000082900000| Complete 
|  42|0x0000000082a00000, 0x0000000082b00000, 0x0000000082b00000|100%| O|  |TAMS 0x0000000082b00000, 0x0000000082a00000| Untracked 
|  43|0x0000000082b00000, 0x0000000082c00000, 0x0000000082c00000|100%|HS|  |TAMS 0x0000000082c00000, 0x0000000082b00000| Complete 
|  44|0x0000000082c00000, 0x0000000082d00000, 0x0000000082d00000|100%|HC|  |TAMS 0x0000000082d00000, 0x0000000082c00000| Complete 
|  45|0x0000000082d00000, 0x0000000082e00000, 0x0000000082e00000|100%|HS|  |TAMS 0x0000000082e00000, 0x0000000082d00000| Complete 
|  46|0x0000000082e00000, 0x0000000082f00000, 0x0000000082f00000|100%|HC|  |TAMS 0x0000000082f00000, 0x0000000082e00000| Complete 
|  47|0x0000000082f00000, 0x0000000083000000, 0x0000000083000000|100%|HS|  |TAMS 0x0000000083000000, 0x0000000082f00000| Complete 
|  48|0x0000000083000000, 0x0000000083100000, 0x0000000083100000|100%|HC|  |TAMS 0x0000000083100000, 0x0000000083000000| Complete 
|  49|0x0000000083100000, 0x0000000083200000, 0x0000000083200000|100%|HC|  |TAMS 0x0000000083200000, 0x0000000083100000| Complete 
|  50|0x0000000083200000, 0x0000000083300000, 0x0000000083300000|100%|HC|  |TAMS 0x0000000083300000, 0x0000000083200000| Complete 
|  51|0x0000000083300000, 0x0000000083400000, 0x0000000083400000|100%| O|  |TAMS 0x0000000083400000, 0x0000000083300000| Untracked 
|  52|0x0000000083400000, 0x0000000083500000, 0x0000000083500000|100%| O|  |TAMS 0x0000000083500000, 0x0000000083400000| Untracked 
|  53|0x0000000083500000, 0x0000000083600000, 0x0000000083600000|100%| O|  |TAMS 0x0000000083600000, 0x0000000083500000| Untracked 
|  54|0x0000000083600000, 0x0000000083700000, 0x0000000083700000|100%| O|  |TAMS 0x0000000083700000, 0x0000000083600000| Untracked 
|  55|0x0000000083700000, 0x0000000083800000, 0x0000000083800000|100%| O|  |TAMS 0x0000000083800000, 0x0000000083700000| Untracked 
|  56|0x0000000083800000, 0x0000000083900000, 0x0000000083900000|100%|HS|  |TAMS 0x0000000083900000, 0x0000000083800000| Complete 
|  57|0x0000000083900000, 0x0000000083a00000, 0x0000000083a00000|100%|HC|  |TAMS 0x0000000083a00000, 0x0000000083900000| Complete 
|  58|0x0000000083a00000, 0x0000000083b00000, 0x0000000083b00000|100%|HC|  |TAMS 0x0000000083b00000, 0x0000000083a00000| Complete 
|  59|0x0000000083b00000, 0x0000000083c00000, 0x0000000083c00000|100%|HC|  |TAMS 0x0000000083c00000, 0x0000000083b00000| Complete 
|  60|0x0000000083c00000, 0x0000000083d00000, 0x0000000083d00000|100%| O|  |TAMS 0x0000000083d00000, 0x0000000083c00000| Untracked 
|  61|0x0000000083d00000, 0x0000000083e00000, 0x0000000083e00000|100%| O|  |TAMS 0x0000000083e00000, 0x0000000083d00000| Untracked 
|  62|0x0000000083e00000, 0x0000000083f00000, 0x0000000083f00000|100%|HS|  |TAMS 0x0000000083f00000, 0x0000000083e00000| Complete 
|  63|0x0000000083f00000, 0x0000000084000000, 0x0000000084000000|100%|HS|  |TAMS 0x0000000084000000, 0x0000000083f00000| Complete 
|  64|0x0000000084000000, 0x0000000084100000, 0x0000000084100000|100%| O|  |TAMS 0x0000000084100000, 0x0000000084000000| Untracked 
|  65|0x0000000084100000, 0x0000000084200000, 0x0000000084200000|100%|HS|  |TAMS 0x0000000084200000, 0x0000000084100000| Complete 
|  66|0x0000000084200000, 0x0000000084300000, 0x0000000084300000|100%| O|  |TAMS 0x0000000084300000, 0x0000000084200000| Untracked 
|  67|0x0000000084300000, 0x0000000084400000, 0x0000000084400000|100%| O|  |TAMS 0x0000000084400000, 0x0000000084300000| Untracked 
|  68|0x0000000084400000, 0x0000000084500000, 0x0000000084500000|100%| O|  |TAMS 0x0000000084500000, 0x0000000084400000| Untracked 
|  69|0x0000000084500000, 0x0000000084600000, 0x0000000084600000|100%| O|  |TAMS 0x0000000084600000, 0x0000000084500000| Untracked 
|  70|0x0000000084600000, 0x0000000084700000, 0x0000000084700000|100%| O|  |TAMS 0x0000000084700000, 0x0000000084600000| Untracked 
|  71|0x0000000084700000, 0x0000000084800000, 0x0000000084800000|100%| O|  |TAMS 0x0000000084800000, 0x0000000084700000| Untracked 
|  72|0x0000000084800000, 0x0000000084900000, 0x0000000084900000|100%| O|  |TAMS 0x0000000084900000, 0x0000000084800000| Untracked 
|  73|0x0000000084900000, 0x0000000084a00000, 0x0000000084a00000|100%| O|  |TAMS 0x0000000084a00000, 0x0000000084900000| Untracked 
|  74|0x0000000084a00000, 0x0000000084a00000, 0x0000000084b00000|  0%| F|  |TAMS 0x0000000084a00000, 0x0000000084a00000| Untracked 
|  75|0x0000000084b00000, 0x0000000084c00000, 0x0000000084c00000|100%| O|  |TAMS 0x0000000084c00000, 0x0000000084b00000| Untracked 
|  76|0x0000000084c00000, 0x0000000084d00000, 0x0000000084d00000|100%| O|  |TAMS 0x0000000084d00000, 0x0000000084c00000| Untracked 
|  77|0x0000000084d00000, 0x0000000084e00000, 0x0000000084e00000|100%| O|  |TAMS 0x0000000084e00000, 0x0000000084d00000| Untracked 
|  78|0x0000000084e00000, 0x0000000084f00000, 0x0000000084f00000|100%| O|  |TAMS 0x0000000084f00000, 0x0000000084e00000| Untracked 
|  79|0x0000000084f00000, 0x0000000085000000, 0x0000000085000000|100%| O|  |TAMS 0x0000000085000000, 0x0000000084f00000| Untracked 
|  80|0x0000000085000000, 0x0000000085100000, 0x0000000085100000|100%| O|  |TAMS 0x0000000085100000, 0x0000000085000000| Untracked 
|  81|0x0000000085100000, 0x0000000085200000, 0x0000000085200000|100%| O|  |TAMS 0x0000000085200000, 0x0000000085100000| Untracked 
|  82|0x0000000085200000, 0x0000000085300000, 0x0000000085300000|100%| O|  |TAMS 0x0000000085300000, 0x0000000085200000| Untracked 
|  83|0x0000000085300000, 0x0000000085400000, 0x0000000085400000|100%| O|  |TAMS 0x0000000085400000, 0x0000000085300000| Untracked 
|  84|0x0000000085400000, 0x0000000085500000, 0x0000000085500000|100%| O|  |TAMS 0x0000000085500000, 0x0000000085400000| Untracked 
|  85|0x0000000085500000, 0x0000000085600000, 0x0000000085600000|100%| O|  |TAMS 0x0000000085600000, 0x0000000085500000| Untracked 
|  86|0x0000000085600000, 0x0000000085700000, 0x0000000085700000|100%| O|  |TAMS 0x0000000085700000, 0x0000000085600000| Untracked 
|  87|0x0000000085700000, 0x0000000085800000, 0x0000000085800000|100%| O|  |TAMS 0x0000000085800000, 0x0000000085700000| Untracked 
|  88|0x0000000085800000, 0x0000000085900000, 0x0000000085900000|100%| O|  |TAMS 0x0000000085900000, 0x0000000085800000| Untracked 
|  89|0x0000000085900000, 0x0000000085a00000, 0x0000000085a00000|100%| O|  |TAMS 0x0000000085a00000, 0x0000000085900000| Untracked 
|  90|0x0000000085a00000, 0x0000000085b00000, 0x0000000085b00000|100%| O|  |TAMS 0x0000000085b00000, 0x0000000085a00000| Untracked 
|  91|0x0000000085b00000, 0x0000000085c00000, 0x0000000085c00000|100%| O|  |TAMS 0x0000000085c00000, 0x0000000085b00000| Untracked 
|  92|0x0000000085c00000, 0x0000000085d00000, 0x0000000085d00000|100%| O|  |TAMS 0x0000000085d00000, 0x0000000085c00000| Untracked 
|  93|0x0000000085d00000, 0x0000000085e00000, 0x0000000085e00000|100%| O|  |TAMS 0x0000000085e00000, 0x0000000085d00000| Untracked 
|  94|0x0000000085e00000, 0x0000000085f00000, 0x0000000085f00000|100%| O|  |TAMS 0x0000000085f00000, 0x0000000085e00000| Untracked 
|  95|0x0000000085f00000, 0x0000000086000000, 0x0000000086000000|100%|HS|  |TAMS 0x0000000086000000, 0x0000000085f00000| Complete 
|  96|0x0000000086000000, 0x0000000086100000, 0x0000000086100000|100%|HC|  |TAMS 0x0000000086100000, 0x0000000086000000| Complete 
|  97|0x0000000086100000, 0x0000000086200000, 0x0000000086200000|100%|HS|  |TAMS 0x0000000086200000, 0x0000000086100000| Complete 
|  98|0x0000000086200000, 0x0000000086300000, 0x0000000086300000|100%|HC|  |TAMS 0x0000000086300000, 0x0000000086200000| Complete 
|  99|0x0000000086300000, 0x0000000086400000, 0x0000000086400000|100%| O|  |TAMS 0x0000000086400000, 0x0000000086300000| Untracked 
| 100|0x0000000086400000, 0x0000000086500000, 0x0000000086500000|100%| O|  |TAMS 0x0000000086500000, 0x0000000086400000| Untracked 
| 101|0x0000000086500000, 0x0000000086600000, 0x0000000086600000|100%| O|  |TAMS 0x0000000086600000, 0x0000000086500000| Untracked 
| 102|0x0000000086600000, 0x0000000086700000, 0x0000000086700000|100%| O|  |TAMS 0x0000000086700000, 0x0000000086600000| Untracked 
| 103|0x0000000086700000, 0x0000000086800000, 0x0000000086800000|100%| O|  |TAMS 0x0000000086800000, 0x0000000086700000| Untracked 
| 104|0x0000000086800000, 0x0000000086900000, 0x0000000086900000|100%| O|  |TAMS 0x0000000086900000, 0x0000000086800000| Untracked 
| 105|0x0000000086900000, 0x0000000086a00000, 0x0000000086a00000|100%| O|  |TAMS 0x0000000086a00000, 0x0000000086900000| Untracked 
| 106|0x0000000086a00000, 0x0000000086b00000, 0x0000000086b00000|100%|HS|  |TAMS 0x0000000086b00000, 0x0000000086a00000| Complete 
| 107|0x0000000086b00000, 0x0000000086c00000, 0x0000000086c00000|100%|HS|  |TAMS 0x0000000086c00000, 0x0000000086b00000| Complete 
| 108|0x0000000086c00000, 0x0000000086d00000, 0x0000000086d00000|100%|HS|  |TAMS 0x0000000086d00000, 0x0000000086c00000| Complete 
| 109|0x0000000086d00000, 0x0000000086e00000, 0x0000000086e00000|100%|HC|  |TAMS 0x0000000086e00000, 0x0000000086d00000| Complete 
| 110|0x0000000086e00000, 0x0000000086f00000, 0x0000000086f00000|100%| O|  |TAMS 0x0000000086f00000, 0x0000000086e00000| Untracked 
| 111|0x0000000086f00000, 0x0000000087000000, 0x0000000087000000|100%| O|  |TAMS 0x0000000087000000, 0x0000000086f00000| Untracked 
| 112|0x0000000087000000, 0x0000000087100000, 0x0000000087100000|100%| O|  |TAMS 0x0000000087100000, 0x0000000087000000| Untracked 
| 113|0x0000000087100000, 0x0000000087200000, 0x0000000087200000|100%| O|  |TAMS 0x0000000087200000, 0x0000000087100000| Untracked 
| 114|0x0000000087200000, 0x0000000087300000, 0x0000000087300000|100%| O|  |TAMS 0x0000000087300000, 0x0000000087200000| Untracked 
| 115|0x0000000087300000, 0x0000000087400000, 0x0000000087400000|100%| O|  |TAMS 0x0000000087400000, 0x0000000087300000| Untracked 
| 116|0x0000000087400000, 0x0000000087500000, 0x0000000087500000|100%| O|  |TAMS 0x0000000087500000, 0x0000000087400000| Untracked 
| 117|0x0000000087500000, 0x0000000087600000, 0x0000000087600000|100%| O|  |TAMS 0x0000000087600000, 0x0000000087500000| Untracked 
| 118|0x0000000087600000, 0x0000000087700000, 0x0000000087700000|100%| O|  |TAMS 0x0000000087700000, 0x0000000087600000| Untracked 
| 119|0x0000000087700000, 0x0000000087800000, 0x0000000087800000|100%|HS|  |TAMS 0x0000000087800000, 0x0000000087700000| Complete 
| 120|0x0000000087800000, 0x0000000087900000, 0x0000000087900000|100%|HS|  |TAMS 0x0000000087900000, 0x0000000087800000| Complete 
| 121|0x0000000087900000, 0x0000000087a00000, 0x0000000087a00000|100%| O|  |TAMS 0x0000000087a00000, 0x0000000087900000| Untracked 
| 122|0x0000000087a00000, 0x0000000087b00000, 0x0000000087b00000|100%| O|  |TAMS 0x0000000087b00000, 0x0000000087a00000| Untracked 
| 123|0x0000000087b00000, 0x0000000087c00000, 0x0000000087c00000|100%| O|  |TAMS 0x0000000087c00000, 0x0000000087b00000| Untracked 
| 124|0x0000000087c00000, 0x0000000087d00000, 0x0000000087d00000|100%| O|  |TAMS 0x0000000087d00000, 0x0000000087c00000| Untracked 
| 125|0x0000000087d00000, 0x0000000087e00000, 0x0000000087e00000|100%| O|  |TAMS 0x0000000087e00000, 0x0000000087d00000| Untracked 
| 126|0x0000000087e00000, 0x0000000087f00000, 0x0000000087f00000|100%| O|  |TAMS 0x0000000087f00000, 0x0000000087e00000| Untracked 
| 127|0x0000000087f00000, 0x0000000087f00000, 0x0000000088000000|  0%| F|  |TAMS 0x0000000087f00000, 0x0000000087f00000| Untracked 
| 128|0x0000000088000000, 0x0000000088100000, 0x0000000088100000|100%| O|  |TAMS 0x0000000088100000, 0x0000000088000000| Untracked 
| 129|0x0000000088100000, 0x0000000088200000, 0x0000000088200000|100%| O|  |TAMS 0x0000000088200000, 0x0000000088100000| Untracked 
| 130|0x0000000088200000, 0x0000000088300000, 0x0000000088300000|100%| O|  |TAMS 0x0000000088300000, 0x0000000088200000| Untracked 
| 131|0x0000000088300000, 0x0000000088400000, 0x0000000088400000|100%| O|  |TAMS 0x0000000088400000, 0x0000000088300000| Untracked 
| 132|0x0000000088400000, 0x0000000088500000, 0x0000000088500000|100%| O|  |TAMS 0x0000000088500000, 0x0000000088400000| Untracked 
| 133|0x0000000088500000, 0x0000000088600000, 0x0000000088600000|100%| O|  |TAMS 0x0000000088600000, 0x0000000088500000| Untracked 
| 134|0x0000000088600000, 0x0000000088700000, 0x0000000088700000|100%| O|  |TAMS 0x0000000088700000, 0x0000000088600000| Untracked 
| 135|0x0000000088700000, 0x0000000088800000, 0x0000000088800000|100%| O|  |TAMS 0x0000000088800000, 0x0000000088700000| Untracked 
| 136|0x0000000088800000, 0x0000000088900000, 0x0000000088900000|100%| O|  |TAMS 0x0000000088900000, 0x0000000088800000| Untracked 
| 137|0x0000000088900000, 0x0000000088a00000, 0x0000000088a00000|100%| O|  |TAMS 0x0000000088a00000, 0x0000000088900000| Untracked 
| 138|0x0000000088a00000, 0x0000000088b00000, 0x0000000088b00000|100%| O|  |TAMS 0x0000000088b00000, 0x0000000088a00000| Untracked 
| 139|0x0000000088b00000, 0x0000000088c00000, 0x0000000088c00000|100%| O|  |TAMS 0x0000000088c00000, 0x0000000088b00000| Untracked 
| 140|0x0000000088c00000, 0x0000000088d00000, 0x0000000088d00000|100%| O|  |TAMS 0x0000000088d00000, 0x0000000088c00000| Untracked 
| 141|0x0000000088d00000, 0x0000000088e00000, 0x0000000088e00000|100%| O|  |TAMS 0x0000000088e00000, 0x0000000088d00000| Untracked 
| 142|0x0000000088e00000, 0x0000000088f00000, 0x0000000088f00000|100%| O|  |TAMS 0x0000000088e77a00, 0x0000000088e00000| Untracked 
| 143|0x0000000088f00000, 0x0000000089000000, 0x0000000089000000|100%| O|  |TAMS 0x0000000088f00000, 0x0000000088f00000| Untracked 
| 144|0x0000000089000000, 0x0000000089100000, 0x0000000089100000|100%| O|  |TAMS 0x0000000089000000, 0x0000000089000000| Untracked 
| 145|0x0000000089100000, 0x0000000089200000, 0x0000000089200000|100%| O|  |TAMS 0x0000000089100000, 0x0000000089100000| Untracked 
| 146|0x0000000089200000, 0x00000000892de200, 0x0000000089300000| 86%| O|  |TAMS 0x0000000089200000, 0x0000000089200000| Untracked 
| 147|0x0000000089300000, 0x0000000089300000, 0x0000000089400000|  0%| F|  |TAMS 0x0000000089300000, 0x0000000089300000| Untracked 
| 148|0x0000000089400000, 0x0000000089400000, 0x0000000089500000|  0%| F|  |TAMS 0x0000000089400000, 0x0000000089400000| Untracked 
| 149|0x0000000089500000, 0x0000000089500000, 0x0000000089600000|  0%| F|  |TAMS 0x0000000089500000, 0x0000000089500000| Untracked 
| 150|0x0000000089600000, 0x0000000089600000, 0x0000000089700000|  0%| F|  |TAMS 0x0000000089600000, 0x0000000089600000| Untracked 
| 151|0x0000000089700000, 0x0000000089700000, 0x0000000089800000|  0%| F|  |TAMS 0x0000000089700000, 0x0000000089700000| Untracked 
| 152|0x0000000089800000, 0x0000000089800000, 0x0000000089900000|  0%| F|  |TAMS 0x0000000089800000, 0x0000000089800000| Untracked 
| 153|0x0000000089900000, 0x0000000089900000, 0x0000000089a00000|  0%| F|  |TAMS 0x0000000089900000, 0x0000000089900000| Untracked 
| 154|0x0000000089a00000, 0x0000000089a00000, 0x0000000089b00000|  0%| F|  |TAMS 0x0000000089a00000, 0x0000000089a00000| Untracked 
| 155|0x0000000089b00000, 0x0000000089b00000, 0x0000000089c00000|  0%| F|  |TAMS 0x0000000089b00000, 0x0000000089b00000| Untracked 
| 156|0x0000000089c00000, 0x0000000089c00000, 0x0000000089d00000|  0%| F|  |TAMS 0x0000000089c00000, 0x0000000089c00000| Untracked 
| 157|0x0000000089d00000, 0x0000000089d00000, 0x0000000089e00000|  0%| F|  |TAMS 0x0000000089d00000, 0x0000000089d00000| Untracked 
| 158|0x0000000089e00000, 0x0000000089e00000, 0x0000000089f00000|  0%| F|  |TAMS 0x0000000089e00000, 0x0000000089e00000| Untracked 
| 159|0x0000000089f00000, 0x0000000089f00000, 0x000000008a000000|  0%| F|  |TAMS 0x0000000089f00000, 0x0000000089f00000| Untracked 
| 160|0x000000008a000000, 0x000000008a000000, 0x000000008a100000|  0%| F|  |TAMS 0x000000008a000000, 0x000000008a000000| Untracked 
| 161|0x000000008a100000, 0x000000008a100000, 0x000000008a200000|  0%| F|  |TAMS 0x000000008a100000, 0x000000008a100000| Untracked 
| 162|0x000000008a200000, 0x000000008a200000, 0x000000008a300000|  0%| F|  |TAMS 0x000000008a200000, 0x000000008a200000| Untracked 
| 163|0x000000008a300000, 0x000000008a300000, 0x000000008a400000|  0%| F|  |TAMS 0x000000008a300000, 0x000000008a300000| Untracked 
| 164|0x000000008a400000, 0x000000008a400000, 0x000000008a500000|  0%| F|  |TAMS 0x000000008a400000, 0x000000008a400000| Untracked 
| 165|0x000000008a500000, 0x000000008a500000, 0x000000008a600000|  0%| F|  |TAMS 0x000000008a500000, 0x000000008a500000| Untracked 
| 166|0x000000008a600000, 0x000000008a600000, 0x000000008a700000|  0%| F|  |TAMS 0x000000008a600000, 0x000000008a600000| Untracked 
| 167|0x000000008a700000, 0x000000008a700000, 0x000000008a800000|  0%| F|  |TAMS 0x000000008a700000, 0x000000008a700000| Untracked 
| 168|0x000000008a800000, 0x000000008a800000, 0x000000008a900000|  0%| F|  |TAMS 0x000000008a800000, 0x000000008a800000| Untracked 
| 169|0x000000008a900000, 0x000000008a900000, 0x000000008aa00000|  0%| F|  |TAMS 0x000000008a900000, 0x000000008a900000| Untracked 
| 170|0x000000008aa00000, 0x000000008aa00000, 0x000000008ab00000|  0%| F|  |TAMS 0x000000008aa00000, 0x000000008aa00000| Untracked 
| 171|0x000000008ab00000, 0x000000008ab00000, 0x000000008ac00000|  0%| F|  |TAMS 0x000000008ab00000, 0x000000008ab00000| Untracked 
| 172|0x000000008ac00000, 0x000000008ac00000, 0x000000008ad00000|  0%| F|  |TAMS 0x000000008ac00000, 0x000000008ac00000| Untracked 
| 173|0x000000008ad00000, 0x000000008ad00000, 0x000000008ae00000|  0%| F|  |TAMS 0x000000008ad00000, 0x000000008ad00000| Untracked 
| 174|0x000000008ae00000, 0x000000008ae00000, 0x000000008af00000|  0%| F|  |TAMS 0x000000008ae00000, 0x000000008ae00000| Untracked 
| 175|0x000000008af00000, 0x000000008af00000, 0x000000008b000000|  0%| F|  |TAMS 0x000000008af00000, 0x000000008af00000| Untracked 
| 176|0x000000008b000000, 0x000000008b000000, 0x000000008b100000|  0%| F|  |TAMS 0x000000008b000000, 0x000000008b000000| Untracked 
| 177|0x000000008b100000, 0x000000008b100000, 0x000000008b200000|  0%| F|  |TAMS 0x000000008b100000, 0x000000008b100000| Untracked 
| 178|0x000000008b200000, 0x000000008b200000, 0x000000008b300000|  0%| F|  |TAMS 0x000000008b200000, 0x000000008b200000| Untracked 
| 179|0x000000008b300000, 0x000000008b300000, 0x000000008b400000|  0%| F|  |TAMS 0x000000008b300000, 0x000000008b300000| Untracked 
| 180|0x000000008b400000, 0x000000008b400000, 0x000000008b500000|  0%| F|  |TAMS 0x000000008b400000, 0x000000008b400000| Untracked 
| 181|0x000000008b500000, 0x000000008b500000, 0x000000008b600000|  0%| F|  |TAMS 0x000000008b500000, 0x000000008b500000| Untracked 
| 182|0x000000008b600000, 0x000000008b600000, 0x000000008b700000|  0%| F|  |TAMS 0x000000008b600000, 0x000000008b600000| Untracked 
| 183|0x000000008b700000, 0x000000008b700000, 0x000000008b800000|  0%| F|  |TAMS 0x000000008b700000, 0x000000008b700000| Untracked 
| 184|0x000000008b800000, 0x000000008b800000, 0x000000008b900000|  0%| F|  |TAMS 0x000000008b800000, 0x000000008b800000| Untracked 
| 185|0x000000008b900000, 0x000000008b900000, 0x000000008ba00000|  0%| F|  |TAMS 0x000000008b900000, 0x000000008b900000| Untracked 
| 186|0x000000008ba00000, 0x000000008ba00000, 0x000000008bb00000|  0%| F|  |TAMS 0x000000008ba00000, 0x000000008ba00000| Untracked 
| 187|0x000000008bb00000, 0x000000008bb00000, 0x000000008bc00000|  0%| F|  |TAMS 0x000000008bb00000, 0x000000008bb00000| Untracked 
| 188|0x000000008bc00000, 0x000000008bc00000, 0x000000008bd00000|  0%| F|  |TAMS 0x000000008bc00000, 0x000000008bc00000| Untracked 
| 189|0x000000008bd00000, 0x000000008bd00000, 0x000000008be00000|  0%| F|  |TAMS 0x000000008bd00000, 0x000000008bd00000| Untracked 
| 190|0x000000008be00000, 0x000000008be00000, 0x000000008bf00000|  0%| F|  |TAMS 0x000000008be00000, 0x000000008be00000| Untracked 
| 191|0x000000008bf00000, 0x000000008bf00000, 0x000000008c000000|  0%| F|  |TAMS 0x000000008bf00000, 0x000000008bf00000| Untracked 
| 192|0x000000008c000000, 0x000000008c000000, 0x000000008c100000|  0%| F|  |TAMS 0x000000008c000000, 0x000000008c000000| Untracked 
| 193|0x000000008c100000, 0x000000008c100000, 0x000000008c200000|  0%| F|  |TAMS 0x000000008c100000, 0x000000008c100000| Untracked 
| 194|0x000000008c200000, 0x000000008c200000, 0x000000008c300000|  0%| F|  |TAMS 0x000000008c200000, 0x000000008c200000| Untracked 
| 195|0x000000008c300000, 0x000000008c300000, 0x000000008c400000|  0%| F|  |TAMS 0x000000008c300000, 0x000000008c300000| Untracked 
| 196|0x000000008c400000, 0x000000008c400000, 0x000000008c500000|  0%| F|  |TAMS 0x000000008c400000, 0x000000008c400000| Untracked 
| 197|0x000000008c500000, 0x000000008c500000, 0x000000008c600000|  0%| F|  |TAMS 0x000000008c500000, 0x000000008c500000| Untracked 
| 198|0x000000008c600000, 0x000000008c600000, 0x000000008c700000|  0%| F|  |TAMS 0x000000008c600000, 0x000000008c600000| Untracked 
| 199|0x000000008c700000, 0x000000008c700000, 0x000000008c800000|  0%| F|  |TAMS 0x000000008c700000, 0x000000008c700000| Untracked 
| 200|0x000000008c800000, 0x000000008c800000, 0x000000008c900000|  0%| F|  |TAMS 0x000000008c800000, 0x000000008c800000| Untracked 
| 201|0x000000008c900000, 0x000000008c900000, 0x000000008ca00000|  0%| F|  |TAMS 0x000000008c900000, 0x000000008c900000| Untracked 
| 202|0x000000008ca00000, 0x000000008ca00000, 0x000000008cb00000|  0%| F|  |TAMS 0x000000008ca00000, 0x000000008ca00000| Untracked 
| 203|0x000000008cb00000, 0x000000008cb00000, 0x000000008cc00000|  0%| F|  |TAMS 0x000000008cb00000, 0x000000008cb00000| Untracked 
| 204|0x000000008cc00000, 0x000000008cc00000, 0x000000008cd00000|  0%| F|  |TAMS 0x000000008cc00000, 0x000000008cc00000| Untracked 
| 205|0x000000008cd00000, 0x000000008cd00000, 0x000000008ce00000|  0%| F|  |TAMS 0x000000008cd00000, 0x000000008cd00000| Untracked 
| 206|0x000000008ce00000, 0x000000008ce00000, 0x000000008cf00000|  0%| F|  |TAMS 0x000000008ce00000, 0x000000008ce00000| Untracked 
| 207|0x000000008cf00000, 0x000000008cf00000, 0x000000008d000000|  0%| F|  |TAMS 0x000000008cf00000, 0x000000008cf00000| Untracked 
| 208|0x000000008d000000, 0x000000008d000000, 0x000000008d100000|  0%| F|  |TAMS 0x000000008d000000, 0x000000008d000000| Untracked 
| 209|0x000000008d100000, 0x000000008d100000, 0x000000008d200000|  0%| F|  |TAMS 0x000000008d100000, 0x000000008d100000| Untracked 
| 210|0x000000008d200000, 0x000000008d200000, 0x000000008d300000|  0%| F|  |TAMS 0x000000008d200000, 0x000000008d200000| Untracked 
| 211|0x000000008d300000, 0x000000008d300000, 0x000000008d400000|  0%| F|  |TAMS 0x000000008d300000, 0x000000008d300000| Untracked 
| 212|0x000000008d400000, 0x000000008d400000, 0x000000008d500000|  0%| F|  |TAMS 0x000000008d400000, 0x000000008d400000| Untracked 
| 213|0x000000008d500000, 0x000000008d500000, 0x000000008d600000|  0%| F|  |TAMS 0x000000008d500000, 0x000000008d500000| Untracked 
| 214|0x000000008d600000, 0x000000008d600000, 0x000000008d700000|  0%| F|  |TAMS 0x000000008d600000, 0x000000008d600000| Untracked 
| 215|0x000000008d700000, 0x000000008d700000, 0x000000008d800000|  0%| F|  |TAMS 0x000000008d700000, 0x000000008d700000| Untracked 
| 216|0x000000008d800000, 0x000000008d800000, 0x000000008d900000|  0%| F|  |TAMS 0x000000008d800000, 0x000000008d800000| Untracked 
| 217|0x000000008d900000, 0x000000008d900000, 0x000000008da00000|  0%| F|  |TAMS 0x000000008d900000, 0x000000008d900000| Untracked 
| 218|0x000000008da00000, 0x000000008da00000, 0x000000008db00000|  0%| F|  |TAMS 0x000000008da00000, 0x000000008da00000| Untracked 
| 219|0x000000008db00000, 0x000000008db00000, 0x000000008dc00000|  0%| F|  |TAMS 0x000000008db00000, 0x000000008db00000| Untracked 
| 220|0x000000008dc00000, 0x000000008dc00000, 0x000000008dd00000|  0%| F|  |TAMS 0x000000008dc00000, 0x000000008dc00000| Untracked 
| 221|0x000000008dd00000, 0x000000008dd00000, 0x000000008de00000|  0%| F|  |TAMS 0x000000008dd00000, 0x000000008dd00000| Untracked 
| 222|0x000000008de00000, 0x000000008de00000, 0x000000008df00000|  0%| F|  |TAMS 0x000000008de00000, 0x000000008de00000| Untracked 
| 223|0x000000008df00000, 0x000000008df00000, 0x000000008e000000|  0%| F|  |TAMS 0x000000008df00000, 0x000000008df00000| Untracked 
| 224|0x000000008e000000, 0x000000008e000000, 0x000000008e100000|  0%| F|  |TAMS 0x000000008e000000, 0x000000008e000000| Untracked 
| 225|0x000000008e100000, 0x000000008e100000, 0x000000008e200000|  0%| F|  |TAMS 0x000000008e100000, 0x000000008e100000| Untracked 
| 226|0x000000008e200000, 0x000000008e200000, 0x000000008e300000|  0%| F|  |TAMS 0x000000008e200000, 0x000000008e200000| Untracked 
| 227|0x000000008e300000, 0x000000008e300000, 0x000000008e400000|  0%| F|  |TAMS 0x000000008e300000, 0x000000008e300000| Untracked 
| 228|0x000000008e400000, 0x000000008e400000, 0x000000008e500000|  0%| F|  |TAMS 0x000000008e400000, 0x000000008e400000| Untracked 
| 229|0x000000008e500000, 0x000000008e500000, 0x000000008e600000|  0%| F|  |TAMS 0x000000008e500000, 0x000000008e500000| Untracked 
| 230|0x000000008e600000, 0x000000008e680800, 0x000000008e700000| 50%| E|  |TAMS 0x000000008e600000, 0x000000008e600000| Complete 
| 231|0x000000008e700000, 0x000000008e800000, 0x000000008e800000|100%| E|CS|TAMS 0x000000008e700000, 0x000000008e700000| Complete 
| 232|0x000000008e800000, 0x000000008e900000, 0x000000008e900000|100%| E|CS|TAMS 0x000000008e800000, 0x000000008e800000| Complete 
| 233|0x000000008e900000, 0x000000008ea00000, 0x000000008ea00000|100%| E|CS|TAMS 0x000000008e900000, 0x000000008e900000| Complete 
| 234|0x000000008ea00000, 0x000000008eb00000, 0x000000008eb00000|100%| E|CS|TAMS 0x000000008ea00000, 0x000000008ea00000| Complete 
| 235|0x000000008eb00000, 0x000000008ec00000, 0x000000008ec00000|100%| E|CS|TAMS 0x000000008eb00000, 0x000000008eb00000| Complete 
| 236|0x000000008ec00000, 0x000000008ed00000, 0x000000008ed00000|100%| E|CS|TAMS 0x000000008ec00000, 0x000000008ec00000| Complete 
| 237|0x000000008ed00000, 0x000000008ee00000, 0x000000008ee00000|100%| E|CS|TAMS 0x000000008ed00000, 0x000000008ed00000| Complete 
| 238|0x000000008ee00000, 0x000000008ef00000, 0x000000008ef00000|100%| E|CS|TAMS 0x000000008ee00000, 0x000000008ee00000| Complete 
| 239|0x000000008ef00000, 0x000000008f000000, 0x000000008f000000|100%| E|CS|TAMS 0x000000008ef00000, 0x000000008ef00000| Complete 
| 240|0x000000008f000000, 0x000000008f100000, 0x000000008f100000|100%| E|CS|TAMS 0x000000008f000000, 0x000000008f000000| Complete 
| 241|0x000000008f100000, 0x000000008f200000, 0x000000008f200000|100%| E|CS|TAMS 0x000000008f100000, 0x000000008f100000| Complete 
| 242|0x000000008f200000, 0x000000008f300000, 0x000000008f300000|100%| E|CS|TAMS 0x000000008f200000, 0x000000008f200000| Complete 
| 243|0x000000008f300000, 0x000000008f400000, 0x000000008f400000|100%| E|CS|TAMS 0x000000008f300000, 0x000000008f300000| Complete 
| 244|0x000000008f400000, 0x000000008f4beb00, 0x000000008f500000| 74%| S|CS|TAMS 0x000000008f400000, 0x000000008f400000| Complete 
| 245|0x000000008f500000, 0x000000008f600000, 0x000000008f600000|100%| E|CS|TAMS 0x000000008f500000, 0x000000008f500000| Complete 
| 246|0x000000008f600000, 0x000000008f700000, 0x000000008f700000|100%| E|CS|TAMS 0x000000008f600000, 0x000000008f600000| Complete 
| 247|0x000000008f700000, 0x000000008f800000, 0x000000008f800000|100%| E|CS|TAMS 0x000000008f700000, 0x000000008f700000| Complete 
| 248|0x000000008f800000, 0x000000008f900000, 0x000000008f900000|100%| E|CS|TAMS 0x000000008f800000, 0x000000008f800000| Complete 
| 249|0x000000008f900000, 0x000000008fa00000, 0x000000008fa00000|100%| E|CS|TAMS 0x000000008f900000, 0x000000008f900000| Complete 
| 250|0x000000008fa00000, 0x000000008fb00000, 0x000000008fb00000|100%| E|CS|TAMS 0x000000008fa00000, 0x000000008fa00000| Complete 
| 251|0x000000008fb00000, 0x000000008fc00000, 0x000000008fc00000|100%| E|CS|TAMS 0x000000008fb00000, 0x000000008fb00000| Complete 
| 252|0x000000008fc00000, 0x000000008fd00000, 0x000000008fd00000|100%| E|CS|TAMS 0x000000008fc00000, 0x000000008fc00000| Complete 
| 253|0x000000008fd00000, 0x000000008fe00000, 0x000000008fe00000|100%| E|CS|TAMS 0x000000008fd00000, 0x000000008fd00000| Complete 
| 254|0x000000008fe00000, 0x000000008ff00000, 0x000000008ff00000|100%| E|CS|TAMS 0x000000008fe00000, 0x000000008fe00000| Complete 
| 255|0x000000008ff00000, 0x0000000090000000, 0x0000000090000000|100%| E|CS|TAMS 0x000000008ff00000, 0x000000008ff00000| Complete 
| 256|0x0000000090000000, 0x0000000090100000, 0x0000000090100000|100%| E|CS|TAMS 0x0000000090000000, 0x0000000090000000| Complete 

Card table byte_map: [0x000001cc78fa0000,0x000001cc793a0000] _byte_map_base: 0x000001cc78ba0000

Marking Bits (Prev, Next): (CMBitMap*) 0x000001cc78b53430, (CMBitMap*) 0x000001cc78b533f0
 Prev Bits: [0x000001cc7b7a0000, 0x000001cc7d7a0000)
 Next Bits: [0x000001cc797a0000, 0x000001cc7b7a0000)

Polling page: 0x000001cc767a0000

Metaspace:

Usage:
  Non-class:     89.05 MB used.
      Class:     14.30 MB used.
       Both:    103.35 MB used.

Virtual space:
  Non-class space:      128.00 MB reserved,      89.56 MB ( 70%) committed,  2 nodes.
      Class space:      416.00 MB reserved,      14.75 MB (  4%) committed,  1 nodes.
             Both:      544.00 MB reserved,     104.31 MB ( 19%) committed. 

Chunk freelists:
   Non-Class:  6.21 MB
       Class:  1.08 MB
        Both:  7.29 MB

MaxMetaspaceSize: 512.00 MB
CompressedClassSpaceSize: 416.00 MB
Initial GC threshold: 21.00 MB
Current GC threshold: 171.50 MB
CDS: on
MetaspaceReclaimPolicy: balanced
 - commit_granule_bytes: 65536.
 - commit_granule_words: 8192.
 - virtual_space_node_default_size: 8388608.
 - enlarge_chunks_in_place: 1.
 - new_chunks_are_fully_committed: 0.
 - uncommit_free_chunks: 1.
 - use_allocation_guard: 0.
 - handle_deallocations: 1.


Internal statistics:

num_allocs_failed_limit: 14.
num_arena_births: 1266.
num_arena_deaths: 0.
num_vsnodes_births: 3.
num_vsnodes_deaths: 0.
num_space_committed: 1669.
num_space_uncommitted: 0.
num_chunks_returned_to_freelist: 14.
num_chunks_taken_from_freelist: 5763.
num_chunk_merges: 14.
num_chunk_splits: 3820.
num_chunks_enlarged: 2557.
num_inconsistent_stats: 0.

CodeHeap 'non-profiled nmethods': size=120000Kb used=7793Kb max_used=7933Kb free=112206Kb
 bounds [0x000001cc108b0000, 0x000001cc11080000, 0x000001cc17de0000]
CodeHeap 'profiled nmethods': size=120000Kb used=22777Kb max_used=24027Kb free=97222Kb
 bounds [0x000001cc08de0000, 0x000001cc0a560000, 0x000001cc10310000]
CodeHeap 'non-nmethods': size=5760Kb used=2420Kb max_used=2475Kb free=3339Kb
 bounds [0x000001cc10310000, 0x000001cc10590000, 0x000001cc108b0000]
 total_blobs=12262 nmethods=11303 adapters=871
 compilation: enabled
              stopped_count=0, restarted_count=0
 full_count=0

Compilation events (20 events):
Event: 63.995 Thread 0x000001cc37004180 nmethod 13286 0x000001cc093eb610 code [0x000001cc093eb8e0, 0x000001cc093ec7b8]
Event: 63.995 Thread 0x000001cc37004180 13287       1       com.android.build.gradle.internal.lint.AndroidLintTask_Decorated::getModelIdentityDisplayName (5 bytes)
Event: 63.995 Thread 0x000001cc37004180 nmethod 13287 0x000001cc108f5310 code [0x000001cc108f54a0, 0x000001cc108f5578]
Event: 63.995 Thread 0x000001cc7fcce810 nmethod 13269 0x000001cc10c03990 code [0x000001cc10c03b60, 0x000001cc10c045d8]
Event: 63.996 Thread 0x000001cc37004180 13288       1       org.gradle.api.internal.provider.sources.SystemPropertyValueSource$Parameters_Decorated::getModelIdentityDisplayName (5 bytes)
Event: 63.996 Thread 0x000001cc37004180 nmethod 13288 0x000001cc108f4f10 code [0x000001cc108f50a0, 0x000001cc108f5178]
Event: 63.996 Thread 0x000001cc7fcce810 13289   !   4       org.gradle.api.internal.provider.DefaultProvider::calculateOwnValue (19 bytes)
Event: 63.997 Thread 0x000001cc37004180 13290       3       com.android.build.api.artifact.impl.ArtifactContainer::getFinalProvider (24 bytes)
Event: 63.998 Thread 0x000001cc37004180 nmethod 13290 0x000001cc098ed310 code [0x000001cc098ed580, 0x000001cc098ee1d8]
Event: 63.998 Thread 0x000001cc376a7aa0 13291       4       org.gradle.api.Task$Namer::determineName (9 bytes)
Event: 63.999 Thread 0x000001cc376a7aa0 nmethod 13291 0x000001cc10ca9810 code [0x000001cc10ca99a0, 0x000001cc10ca9ab8]
Event: 63.999 Thread 0x000001cc37004180 13292       1       com.android.build.gradle.internal.lint.EnvironmentVariableInputs_Decorated::getModelIdentityDisplayName (5 bytes)
Event: 63.999 Thread 0x000001cc37004180 nmethod 13292 0x000001cc10ca9510 code [0x000001cc10ca96a0, 0x000001cc10ca9778]
Event: 64.000 Thread 0x000001cc37004180 13293       3       com.android.build.api.component.impl.ComponentImpl::getOldVariantApiLegacySupport (15 bytes)
Event: 64.000 Thread 0x000001cc37004180 nmethod 13293 0x000001cc09384a90 code [0x000001cc09384c40, 0x000001cc09384f28]
Event: 64.000 Thread 0x000001cc37004180 13294       1       com.google.common.collect.ImmutableMapEntry::getNextInKeyBucket (2 bytes)
Event: 64.000 Thread 0x000001cc37004180 nmethod 13294 0x000001cc10ca9210 code [0x000001cc10ca93a0, 0x000001cc10ca9478]
Event: 64.000 Thread 0x000001cc376a7aa0 13295       4       org.gradle.api.internal.provider.DefaultValueSourceProviderFactory$ValueSourceProvider::calculateOwnValue (14 bytes)
Event: 64.029 Thread 0x000001cc37004180 13297       3       com.android.build.gradle.internal.lint.VariantInputs_Decorated::$gradleFactory (13 bytes)
Event: 64.030 Thread 0x000001cc37004180 nmethod 13297 0x000001cc090bc810 code [0x000001cc090bc9c0, 0x000001cc090bcb68]

GC Heap History (20 events):
Event: 55.831 GC heap before
{Heap before GC invocations=36 (full 0):
 garbage-first heap   total 198656K, used 166435K [0x0000000080000000, 0x0000000100000000)
  region size 1024K, 66 young (67584K), 5 survivors (5120K)
 Metaspace       used 97985K, committed 98880K, reserved 557056K
  class space    used 13538K, committed 13952K, reserved 425984K
}
Event: 55.844 GC heap after
{Heap after GC invocations=37 (full 0):
 garbage-first heap   total 198656K, used 117631K [0x0000000080000000, 0x0000000100000000)
  region size 1024K, 9 young (9216K), 9 survivors (9216K)
 Metaspace       used 97985K, committed 98880K, reserved 557056K
  class space    used 13538K, committed 13952K, reserved 425984K
}
Event: 57.889 GC heap before
{Heap before GC invocations=37 (full 0):
 garbage-first heap   total 198656K, used 163711K [0x0000000080000000, 0x0000000100000000)
  region size 1024K, 51 young (52224K), 9 survivors (9216K)
 Metaspace       used 98727K, committed 99648K, reserved 557056K
  class space    used 13633K, committed 14080K, reserved 425984K
}
Event: 57.900 GC heap after
{Heap after GC invocations=38 (full 0):
 garbage-first heap   total 198656K, used 131708K [0x0000000080000000, 0x0000000100000000)
  region size 1024K, 7 young (7168K), 7 survivors (7168K)
 Metaspace       used 98727K, committed 99648K, reserved 557056K
  class space    used 13633K, committed 14080K, reserved 425984K
}
Event: 61.404 GC heap before
{Heap before GC invocations=38 (full 0):
 garbage-first heap   total 198656K, used 162428K [0x0000000080000000, 0x0000000100000000)
  region size 1024K, 35 young (35840K), 7 survivors (7168K)
 Metaspace       used 99090K, committed 100032K, reserved 557056K
  class space    used 13682K, committed 14144K, reserved 425984K
}
Event: 61.412 GC heap after
{Heap after GC invocations=39 (full 0):
 garbage-first heap   total 198656K, used 140173K [0x0000000080000000, 0x0000000100000000)
  region size 1024K, 5 young (5120K), 5 survivors (5120K)
 Metaspace       used 99090K, committed 100032K, reserved 557056K
  class space    used 13682K, committed 14144K, reserved 425984K
}
Event: 61.617 GC heap before
{Heap before GC invocations=39 (full 0):
 garbage-first heap   total 198656K, used 162701K [0x0000000080000000, 0x0000000100000000)
  region size 1024K, 27 young (27648K), 5 survivors (5120K)
 Metaspace       used 99673K, committed 100608K, reserved 557056K
  class space    used 13791K, committed 14208K, reserved 425984K
}
Event: 61.624 GC heap after
{Heap after GC invocations=40 (full 0):
 garbage-first heap   total 198656K, used 143692K [0x0000000080000000, 0x0000000100000000)
  region size 1024K, 3 young (3072K), 3 survivors (3072K)
 Metaspace       used 99673K, committed 100608K, reserved 557056K
  class space    used 13791K, committed 14208K, reserved 425984K
}
Event: 62.131 GC heap before
{Heap before GC invocations=40 (full 0):
 garbage-first heap   total 198656K, used 165196K [0x0000000080000000, 0x0000000100000000)
  region size 1024K, 24 young (24576K), 3 survivors (3072K)
 Metaspace       used 101017K, committed 102016K, reserved 557056K
  class space    used 13960K, committed 14400K, reserved 425984K
}
Event: 62.144 GC heap after
{Heap after GC invocations=41 (full 0):
 garbage-first heap   total 198656K, used 146040K [0x0000000080000000, 0x0000000100000000)
  region size 1024K, 3 young (3072K), 3 survivors (3072K)
 Metaspace       used 101017K, committed 102016K, reserved 557056K
  class space    used 13960K, committed 14400K, reserved 425984K
}
Event: 62.728 GC heap before
{Heap before GC invocations=41 (full 0):
 garbage-first heap   total 198656K, used 165496K [0x0000000080000000, 0x0000000100000000)
  region size 1024K, 23 young (23552K), 3 survivors (3072K)
 Metaspace       used 102088K, committed 103168K, reserved 557056K
  class space    used 14107K, committed 14592K, reserved 425984K
}
Event: 62.736 GC heap after
{Heap after GC invocations=42 (full 0):
 garbage-first heap   total 198656K, used 146811K [0x0000000080000000, 0x0000000100000000)
  region size 1024K, 1 young (1024K), 1 survivors (1024K)
 Metaspace       used 102088K, committed 103168K, reserved 557056K
  class space    used 14107K, committed 14592K, reserved 425984K
}
Event: 63.154 GC heap before
{Heap before GC invocations=42 (full 0):
 garbage-first heap   total 198656K, used 168315K [0x0000000080000000, 0x0000000100000000)
  region size 1024K, 22 young (22528K), 1 survivors (1024K)
 Metaspace       used 103242K, committed 104256K, reserved 557056K
  class space    used 14283K, committed 14720K, reserved 425984K
}
Event: 63.159 GC heap after
{Heap after GC invocations=43 (full 0):
 garbage-first heap   total 198656K, used 147707K [0x0000000080000000, 0x0000000100000000)
  region size 1024K, 2 young (2048K), 2 survivors (2048K)
 Metaspace       used 103242K, committed 104256K, reserved 557056K
  class space    used 14283K, committed 14720K, reserved 425984K
}
Event: 63.312 GC heap before
{Heap before GC invocations=43 (full 0):
 garbage-first heap   total 198656K, used 159995K [0x0000000080000000, 0x0000000100000000)
  region size 1024K, 15 young (15360K), 2 survivors (2048K)
 Metaspace       used 103900K, committed 104896K, reserved 557056K
  class space    used 14381K, committed 14848K, reserved 425984K
}
Event: 63.316 GC heap after
{Heap after GC invocations=44 (full 0):
 garbage-first heap   total 198656K, used 148392K [0x0000000080000000, 0x0000000100000000)
  region size 1024K, 2 young (2048K), 2 survivors (2048K)
 Metaspace       used 103900K, committed 104896K, reserved 557056K
  class space    used 14381K, committed 14848K, reserved 425984K
}
Event: 63.785 GC heap before
{Heap before GC invocations=45 (full 0):
 garbage-first heap   total 263168K, used 164776K [0x0000000080000000, 0x0000000100000000)
  region size 1024K, 18 young (18432K), 2 survivors (2048K)
 Metaspace       used 104623K, committed 105664K, reserved 557056K
  class space    used 14494K, committed 14976K, reserved 425984K
}
Event: 63.791 GC heap after
{Heap after GC invocations=46 (full 0):
 garbage-first heap   total 263168K, used 149516K [0x0000000080000000, 0x0000000100000000)
  region size 1024K, 2 young (2048K), 2 survivors (2048K)
 Metaspace       used 104623K, committed 105664K, reserved 557056K
  class space    used 14494K, committed 14976K, reserved 425984K
}
Event: 63.933 GC heap before
{Heap before GC invocations=46 (full 0):
 garbage-first heap   total 263168K, used 158732K [0x0000000080000000, 0x0000000100000000)
  region size 1024K, 12 young (12288K), 2 survivors (2048K)
 Metaspace       used 105255K, committed 106304K, reserved 557056K
  class space    used 14571K, committed 15040K, reserved 425984K
}
Event: 63.937 GC heap after
{Heap after GC invocations=47 (full 0):
 garbage-first heap   total 263168K, used 149107K [0x0000000080000000, 0x0000000100000000)
  region size 1024K, 1 young (1024K), 1 survivors (1024K)
 Metaspace       used 105255K, committed 106304K, reserved 557056K
  class space    used 14571K, committed 15040K, reserved 425984K
}

Dll operation events (15 events):
Event: 0.037 Loaded shared library C:\Program Files\OpenLogic\jdk-17.0.10.7-hotspot\bin\java.dll
Event: 0.062 Loaded shared library C:\Program Files\OpenLogic\jdk-17.0.10.7-hotspot\bin\jsvml.dll
Event: 0.126 Loaded shared library C:\Program Files\OpenLogic\jdk-17.0.10.7-hotspot\bin\zip.dll
Event: 0.130 Loaded shared library C:\Program Files\OpenLogic\jdk-17.0.10.7-hotspot\bin\instrument.dll
Event: 0.137 Loaded shared library C:\Program Files\OpenLogic\jdk-17.0.10.7-hotspot\bin\net.dll
Event: 0.143 Loaded shared library C:\Program Files\OpenLogic\jdk-17.0.10.7-hotspot\bin\nio.dll
Event: 0.147 Loaded shared library C:\Program Files\OpenLogic\jdk-17.0.10.7-hotspot\bin\zip.dll
Event: 0.449 Loaded shared library C:\Program Files\OpenLogic\jdk-17.0.10.7-hotspot\bin\jimage.dll
Event: 0.632 Loaded shared library C:\Program Files\OpenLogic\jdk-17.0.10.7-hotspot\bin\verify.dll
Event: 1.012 Loaded shared library C:\Users\MAHE\.gradle\native\68d5fa5c4cc2d200863cafc0d521ce42e7d3e7ee720ec0a83991735586a16f82\windows-amd64\native-platform.dll
Event: 1.076 Loaded shared library C:\Users\MAHE\.gradle\native\e376f236ea51e6404a007f0833ffe2c6e607c4080706a723a18a27aeea778392\windows-amd64\native-platform-file-events.dll
Event: 2.959 Loaded shared library C:\Program Files\OpenLogic\jdk-17.0.10.7-hotspot\bin\management.dll
Event: 2.968 Loaded shared library C:\Program Files\OpenLogic\jdk-17.0.10.7-hotspot\bin\management_ext.dll
Event: 3.276 Loaded shared library C:\Program Files\OpenLogic\jdk-17.0.10.7-hotspot\bin\extnet.dll
Event: 3.550 Loaded shared library C:\Program Files\OpenLogic\jdk-17.0.10.7-hotspot\bin\sunmscapi.dll

Deoptimization events (20 events):
Event: 63.410 Thread 0x000001cc38583ec0 Uncommon trap: trap_request=0xfffffff4 fr.pc=0x000001cc110483b4 relative=0x00000000000009f4
Event: 63.410 Thread 0x000001cc38583ec0 Uncommon trap: reason=null_check action=make_not_entrant pc=0x000001cc110483b4 method=org.gradle.internal.instantiation.generator.AbstractClassGenerator.isConfigurableFileCollectionType(Ljava/lang/Class;)Z @ 3 c2
Event: 63.410 Thread 0x000001cc38583ec0 DEOPT PACKING pc=0x000001cc110483b4 sp=0x00000009741f61a0
Event: 63.410 Thread 0x000001cc38583ec0 DEOPT UNPACKING pc=0x000001cc103669a3 sp=0x00000009741f60b8 mode 2
Event: 63.425 Thread 0x000001cc38583ec0 Uncommon trap: trap_request=0xfffffff4 fr.pc=0x000001cc1104cc04 relative=0x0000000000000be4
Event: 63.425 Thread 0x000001cc38583ec0 Uncommon trap: reason=null_check action=make_not_entrant pc=0x000001cc1104cc04 method=org.gradle.internal.instantiation.generator.AbstractClassGenerator.isIneligibleForConventionMapping(Lorg/gradle/internal/instantiation/generator/AbstractClassGenerator$P
Event: 63.425 Thread 0x000001cc38583ec0 DEOPT PACKING pc=0x000001cc1104cc04 sp=0x00000009741f6190
Event: 63.425 Thread 0x000001cc38583ec0 DEOPT UNPACKING pc=0x000001cc103669a3 sp=0x00000009741f60b8 mode 2
Event: 63.523 Thread 0x000001cc38583ec0 Uncommon trap: trap_request=0xfffffff4 fr.pc=0x000001cc10d96708 relative=0x00000000000004e8
Event: 63.542 Thread 0x000001cc38583ec0 Uncommon trap: reason=null_check action=make_not_entrant pc=0x000001cc10d96708 method=java.lang.ThreadLocal$ThreadLocalMap.expungeStaleEntry(I)I @ 51 c2
Event: 63.545 Thread 0x000001cc38583ec0 DEOPT PACKING pc=0x000001cc10d96708 sp=0x00000009741f5570
Event: 63.545 Thread 0x000001cc38583ec0 DEOPT UNPACKING pc=0x000001cc103669a3 sp=0x00000009741f5510 mode 2
Event: 63.866 Thread 0x000001cc38583ec0 Uncommon trap: trap_request=0xffffff45 fr.pc=0x000001cc1104a850 relative=0x0000000000000230
Event: 63.866 Thread 0x000001cc38583ec0 Uncommon trap: reason=unstable_if action=reinterpret pc=0x000001cc1104a850 method=org.gradle.internal.instantiation.generator.AbstractClassGenerator.isNameProperty(Lorg/gradle/internal/instantiation/generator/AbstractClassGenerator$PropertyMetadata;)Z @ 2
Event: 63.866 Thread 0x000001cc38583ec0 DEOPT PACKING pc=0x000001cc1104a850 sp=0x00000009741f5e60
Event: 63.866 Thread 0x000001cc38583ec0 DEOPT UNPACKING pc=0x000001cc103669a3 sp=0x00000009741f5d38 mode 2
Event: 63.866 Thread 0x000001cc38583ec0 Uncommon trap: trap_request=0xffffff45 fr.pc=0x000001cc1104edd4 relative=0x0000000000000234
Event: 63.866 Thread 0x000001cc38583ec0 Uncommon trap: reason=unstable_if action=reinterpret pc=0x000001cc1104edd4 method=org.gradle.internal.instantiation.generator.AbstractClassGenerator.isNameProperty(Lorg/gradle/internal/instantiation/generator/AbstractClassGenerator$PropertyMetadata;)Z @ 2
Event: 63.866 Thread 0x000001cc38583ec0 DEOPT PACKING pc=0x000001cc1104edd4 sp=0x00000009741f5e60
Event: 63.866 Thread 0x000001cc38583ec0 DEOPT UNPACKING pc=0x000001cc103669a3 sp=0x00000009741f5d38 mode 2

Classes unloaded (0 events):
No events

Classes redefined (0 events):
No events

Internal exceptions (20 events):
Event: 61.735 Thread 0x000001cc38583ec0 Exception <a 'java/lang/ClassNotFoundException'{0x000000008bb94760}: org/gradle/api/tasks/compile/JavaCompile_DecoratedCustomizer> (0x000000008bb94760) 
thrown [s\src\hotspot\share\classfile\systemDictionary.cpp, line 256]
Event: 61.840 Thread 0x000001cc38583ec0 Exception <a 'sun/nio/fs/WindowsException'{0x000000008b64c440}> (0x000000008b64c440) 
thrown [s\src\hotspot\share\prims\jni.cpp, line 516]
Event: 61.882 Thread 0x000001cc38583ec0 Exception <a 'java/lang/NoSuchMethodError'{0x000000008b4c2c88}: 'java.lang.Object java.lang.invoke.Invokers$Holder.invoker(java.lang.Object, java.lang.Object, java.lang.Object, java.lang.Object, java.lang.Object, java.lang.Object)'> (0x000000008b4c2c88) 
thrown [s\src\hotspot\share\interpreter\linkResolver.cpp, line 759]
Event: 61.882 Thread 0x000001cc38583ec0 Implicit null exception at 0x000001cc10b4c83a to 0x000001cc10b4ca54
Event: 61.883 Thread 0x000001cc38583ec0 Exception <a 'java/lang/NoSuchMethodError'{0x000000008b4cdda0}: 'int java.lang.invoke.DirectMethodHandle$Holder.invokeStatic(java.lang.Object, java.lang.Object, int)'> (0x000000008b4cdda0) 
thrown [s\src\hotspot\share\interpreter\linkResolver.cpp, line 759]
Event: 61.884 Thread 0x000001cc38583ec0 Exception <a 'java/lang/NoSuchMethodError'{0x000000008b4d2b50}: 'int java.lang.invoke.DirectMethodHandle$Holder.invokeSpecial(java.lang.Object, java.lang.Object, java.lang.Object, int)'> (0x000000008b4d2b50) 
thrown [s\src\hotspot\share\interpreter\linkResolver.cpp, line 759]
Event: 61.886 Thread 0x000001cc38583ec0 Exception <a 'java/lang/NoSuchMethodError'{0x000000008b4e7fc8}: 'java.lang.Object java.lang.invoke.DirectMethodHandle$Holder.invokeSpecial(java.lang.Object, java.lang.Object, java.lang.Object, java.lang.Object, int, java.lang.Object)'> (0x000000008b4e7fc8) 
thrown [s\src\hotspot\share\interpreter\linkResolver.cpp, line 759]
Event: 61.918 Thread 0x000001cc38583ec0 Exception <a 'sun/nio/fs/WindowsException'{0x000000008b39b9d0}> (0x000000008b39b9d0) 
thrown [s\src\hotspot\share\prims\jni.cpp, line 516]
Event: 62.099 Thread 0x000001cc38583ec0 Exception <a 'java/lang/NoSuchMethodError'{0x000000008aea6f20}: 'java.lang.Object java.lang.invoke.DirectMethodHandle$Holder.invokeSpecial(java.lang.Object, java.lang.Object, java.lang.Object, java.lang.Object, long)'> (0x000000008aea6f20) 
thrown [s\src\hotspot\share\interpreter\linkResolver.cpp, line 759]
Event: 62.099 Thread 0x000001cc38583ec0 Exception <a 'java/lang/NoSuchMethodError'{0x000000008aeab7f0}: 'java.lang.Object java.lang.invoke.Invokers$Holder.linkToTargetMethod(java.lang.Object, java.lang.Object, long, java.lang.Object)'> (0x000000008aeab7f0) 
thrown [s\src\hotspot\share\interpreter\linkResolver.cpp, line 759]
Event: 62.120 Thread 0x000001cc38583ec0 Exception <a 'sun/nio/fs/WindowsException'{0x000000008ad51a98}> (0x000000008ad51a98) 
thrown [s\src\hotspot\share\prims\jni.cpp, line 516]
Event: 62.325 Thread 0x000001cc38583ec0 Exception <a 'sun/nio/fs/WindowsException'{0x000000008bb27f28}> (0x000000008bb27f28) 
thrown [s\src\hotspot\share\prims\jni.cpp, line 516]
Event: 62.516 Thread 0x000001cc38583ec0 Exception <a 'java/lang/NoSuchMethodError'{0x000000008b629710}: 'java.lang.Object java.lang.invoke.Invokers$Holder.invokeExact_MT(java.lang.Object, java.lang.Object, java.lang.Object, int, java.lang.Object, java.lang.Object)'> (0x000000008b629710) 
thrown [s\src\hotspot\share\interpreter\linkResolver.cpp, line 759]
Event: 62.693 Thread 0x000001cc38583ec0 Implicit null exception at 0x000001cc1100b710 to 0x000001cc1100b7d8
Event: 62.710 Thread 0x000001cc38583ec0 Implicit null exception at 0x000001cc1100c40a to 0x000001cc1100c4ea
Event: 62.722 Thread 0x000001cc38583ec0 Implicit null exception at 0x000001cc1100d6c3 to 0x000001cc1100d777
Event: 63.395 Thread 0x000001cc38583ec0 Implicit null exception at 0x000001cc1104484e to 0x000001cc110451cc
Event: 63.410 Thread 0x000001cc38583ec0 Implicit null exception at 0x000001cc11047bd5 to 0x000001cc110483a4
Event: 63.425 Thread 0x000001cc38583ec0 Implicit null exception at 0x000001cc1104c0b8 to 0x000001cc1104cbf8
Event: 63.523 Thread 0x000001cc38583ec0 Implicit null exception at 0x000001cc10d962c9 to 0x000001cc10d966e8

VM Operations (20 events):
Event: 63.154 Executing VM operation: G1CollectForAllocation
Event: 63.159 Executing VM operation: G1CollectForAllocation done
Event: 63.312 Executing VM operation: CollectForMetadataAllocation
Event: 63.320 Executing VM operation: CollectForMetadataAllocation done
Event: 63.321 Executing VM operation: CollectForMetadataAllocation
Event: 63.321 Executing VM operation: CollectForMetadataAllocation done
Event: 63.474 Executing VM operation: CollectForMetadataAllocation
Event: 63.474 Executing VM operation: CollectForMetadataAllocation done
Event: 63.499 Executing VM operation: G1PauseRemark
Event: 63.523 Executing VM operation: G1PauseRemark done
Event: 63.613 Executing VM operation: G1PauseCleanup
Event: 63.614 Executing VM operation: G1PauseCleanup done
Event: 63.785 Executing VM operation: G1CollectForAllocation
Event: 63.791 Executing VM operation: G1CollectForAllocation done
Event: 63.876 Executing VM operation: HandshakeAllThreads
Event: 63.882 Executing VM operation: HandshakeAllThreads done
Event: 63.922 Executing VM operation: HandshakeAllThreads
Event: 63.922 Executing VM operation: HandshakeAllThreads done
Event: 63.933 Executing VM operation: G1CollectForAllocation
Event: 63.940 Executing VM operation: G1CollectForAllocation done

Events (20 events):
Event: 63.940 Thread 0x000001cc3703e230 flushing nmethod 0x000001cc09ece490
Event: 63.941 Thread 0x000001cc3703e230 flushing nmethod 0x000001cc09f62310
Event: 63.941 Thread 0x000001cc3703e230 flushing nmethod 0x000001cc09f68c10
Event: 63.941 Thread 0x000001cc3703e230 flushing nmethod 0x000001cc09fe3f10
Event: 63.941 Thread 0x000001cc3703e230 flushing nmethod 0x000001cc0a025e10
Event: 63.941 Thread 0x000001cc3703e230 flushing nmethod 0x000001cc0a02c810
Event: 63.942 Thread 0x000001cc3703e230 flushing nmethod 0x000001cc0a0ef990
Event: 63.942 Thread 0x000001cc3703e230 flushing nmethod 0x000001cc0a10c890
Event: 63.942 Thread 0x000001cc3703e230 flushing nmethod 0x000001cc0a149e90
Event: 63.942 Thread 0x000001cc3703e230 flushing nmethod 0x000001cc0a157c10
Event: 63.942 Thread 0x000001cc3703e230 flushing nmethod 0x000001cc0a158190
Event: 63.942 Thread 0x000001cc3703e230 flushing nmethod 0x000001cc0a159290
Event: 63.942 Thread 0x000001cc3703e230 flushing nmethod 0x000001cc0a16ab10
Event: 63.943 Thread 0x000001cc3703e230 flushing nmethod 0x000001cc0a178910
Event: 63.943 Thread 0x000001cc3703e230 flushing nmethod 0x000001cc0a183290
Event: 63.943 Thread 0x000001cc3703e230 flushing nmethod 0x000001cc0a1cb510
Event: 63.943 Thread 0x000001cc3703e230 flushing nmethod 0x000001cc0a1ceb90
Event: 63.943 Thread 0x000001cc3703e230 flushing nmethod 0x000001cc0a23e190
Event: 63.943 Thread 0x000001cc3703e230 flushing nmethod 0x000001cc0a247b10
Event: 63.943 Thread 0x000001cc3703e230 flushing nmethod 0x000001cc0a24bb90


Dynamic libraries:
0x00007ff7788c0000 - 0x00007ff7788ce000 	C:\Program Files\OpenLogic\jdk-17.0.10.7-hotspot\bin\java.exe
0x00007ff9c9870000 - 0x00007ff9c9a87000 	C:\Windows\SYSTEM32\ntdll.dll
0x00007ff9c8070000 - 0x00007ff9c8134000 	C:\Windows\System32\KERNEL32.DLL
0x00007ff9c6da0000 - 0x00007ff9c7147000 	C:\Windows\System32\KERNELBASE.dll
0x00007ff9c67a0000 - 0x00007ff9c68ec000 	C:\Windows\system32\hmpalert.dll
0x00007ff9c7480000 - 0x00007ff9c7591000 	C:\Windows\System32\ucrtbase.dll
0x00007ff987cd0000 - 0x00007ff987ceb000 	C:\Program Files\OpenLogic\jdk-17.0.10.7-hotspot\bin\VCRUNTIME140.dll
0x00007ff9903f0000 - 0x00007ff990407000 	C:\Program Files\OpenLogic\jdk-17.0.10.7-hotspot\bin\jli.dll
0x00007ff9c9680000 - 0x00007ff9c982e000 	C:\Windows\System32\USER32.dll
0x00007ff9c7270000 - 0x00007ff9c7296000 	C:\Windows\System32\win32u.dll
0x00007ff9c94e0000 - 0x00007ff9c9509000 	C:\Windows\System32\GDI32.dll
0x00007ff9c7150000 - 0x00007ff9c7269000 	C:\Windows\System32\gdi32full.dll
0x00007ff9c6d00000 - 0x00007ff9c6d9a000 	C:\Windows\System32\msvcp_win.dll
0x00007ff9c5d20000 - 0x00007ff9c5fb3000 	C:\Windows\WinSxS\amd64_microsoft.windows.common-controls_6595b64144ccf1df_6.0.22621.3527_none_270e469b73872a76\COMCTL32.dll
0x00007ff9c9120000 - 0x00007ff9c91c7000 	C:\Windows\System32\msvcrt.dll
0x00007ff9c9640000 - 0x00007ff9c9671000 	C:\Windows\System32\IMM32.DLL
0x00007ff99c7f0000 - 0x00007ff99c7fc000 	C:\Program Files\OpenLogic\jdk-17.0.10.7-hotspot\bin\vcruntime140_1.dll
0x00007ff96ada0000 - 0x00007ff96ae2d000 	C:\Program Files\OpenLogic\jdk-17.0.10.7-hotspot\bin\msvcp140.dll
0x00007ff946460000 - 0x00007ff9470c2000 	C:\Program Files\OpenLogic\jdk-17.0.10.7-hotspot\bin\server\jvm.dll
0x00007ff9c7fb0000 - 0x00007ff9c8062000 	C:\Windows\System32\ADVAPI32.dll
0x00007ff9c7860000 - 0x00007ff9c7908000 	C:\Windows\System32\sechost.dll
0x00007ff9c72a0000 - 0x00007ff9c72c8000 	C:\Windows\System32\bcrypt.dll
0x00007ff9c8e30000 - 0x00007ff9c8f45000 	C:\Windows\System32\RPCRT4.dll
0x00007ff9c6750000 - 0x00007ff9c679d000 	C:\Windows\SYSTEM32\POWRPROF.dll
0x00007ff999170000 - 0x00007ff999179000 	C:\Windows\SYSTEM32\WSOCK32.dll
0x00007ff9c7f30000 - 0x00007ff9c7fa1000 	C:\Windows\System32\WS2_32.dll
0x00007ff9b5a70000 - 0x00007ff9b5aa4000 	C:\Windows\SYSTEM32\WINMM.dll
0x00007ff9c0180000 - 0x00007ff9c018a000 	C:\Windows\SYSTEM32\VERSION.dll
0x00007ff9c6730000 - 0x00007ff9c6743000 	C:\Windows\SYSTEM32\UMPDC.dll
0x00007ff9c5380000 - 0x00007ff9c5398000 	C:\Windows\SYSTEM32\kernel.appcore.dll
0x00007ff998d50000 - 0x00007ff998d5a000 	C:\Program Files\OpenLogic\jdk-17.0.10.7-hotspot\bin\jimage.dll
0x00007ff9c61e0000 - 0x00007ff9c6412000 	C:\Windows\SYSTEM32\DBGHELP.DLL
0x00007ff9c8140000 - 0x00007ff9c84c8000 	C:\Windows\System32\combase.dll
0x00007ff9c9560000 - 0x00007ff9c9637000 	C:\Windows\System32\OLEAUT32.dll
0x00007ff9c61a0000 - 0x00007ff9c61d2000 	C:\Windows\SYSTEM32\dbgcore.DLL
0x00007ff9c7400000 - 0x00007ff9c7479000 	C:\Windows\System32\bcryptPrimitives.dll
0x00007ff991b00000 - 0x00007ff991b0e000 	C:\Program Files\OpenLogic\jdk-17.0.10.7-hotspot\bin\instrument.dll
0x00007ff986350000 - 0x00007ff986375000 	C:\Program Files\OpenLogic\jdk-17.0.10.7-hotspot\bin\java.dll
0x00007ff962c90000 - 0x00007ff962d66000 	C:\Program Files\OpenLogic\jdk-17.0.10.7-hotspot\bin\jsvml.dll
0x00007ff9c8560000 - 0x00007ff9c8dbc000 	C:\Windows\System32\SHELL32.dll
0x00007ff9c42a0000 - 0x00007ff9c4b96000 	C:\Windows\SYSTEM32\windows.storage.dll
0x00007ff9c4160000 - 0x00007ff9c429e000 	C:\Windows\SYSTEM32\wintypes.dll
0x00007ff9c7910000 - 0x00007ff9c7a05000 	C:\Windows\System32\SHCORE.dll
0x00007ff9c76a0000 - 0x00007ff9c76fe000 	C:\Windows\System32\shlwapi.dll
0x00007ff9c6ac0000 - 0x00007ff9c6ae1000 	C:\Windows\SYSTEM32\profapi.dll
0x00007ff96b260000 - 0x00007ff96b278000 	C:\Program Files\OpenLogic\jdk-17.0.10.7-hotspot\bin\zip.dll
0x00007ff96b860000 - 0x00007ff96b879000 	C:\Program Files\OpenLogic\jdk-17.0.10.7-hotspot\bin\net.dll
0x00007ff9c0ec0000 - 0x00007ff9c0ff6000 	C:\Windows\SYSTEM32\WINHTTP.dll
0x00007ff9c57b0000 - 0x00007ff9c5819000 	C:\Windows\system32\mswsock.dll
0x00007ff96b6c0000 - 0x00007ff96b6d6000 	C:\Program Files\OpenLogic\jdk-17.0.10.7-hotspot\bin\nio.dll
0x00007ff997f40000 - 0x00007ff997f50000 	C:\Program Files\OpenLogic\jdk-17.0.10.7-hotspot\bin\verify.dll
0x00007ff96ad70000 - 0x00007ff96ad97000 	C:\Users\MAHE\.gradle\native\68d5fa5c4cc2d200863cafc0d521ce42e7d3e7ee720ec0a83991735586a16f82\windows-amd64\native-platform.dll
0x00007ff961ff0000 - 0x00007ff962134000 	C:\Users\MAHE\.gradle\native\e376f236ea51e6404a007f0833ffe2c6e607c4080706a723a18a27aeea778392\windows-amd64\native-platform-file-events.dll
0x00007ff994de0000 - 0x00007ff994de9000 	C:\Program Files\OpenLogic\jdk-17.0.10.7-hotspot\bin\management.dll
0x00007ff994c90000 - 0x00007ff994c9b000 	C:\Program Files\OpenLogic\jdk-17.0.10.7-hotspot\bin\management_ext.dll
0x00007ff9c7a20000 - 0x00007ff9c7a28000 	C:\Windows\System32\PSAPI.DLL
0x00007ff9c6650000 - 0x00007ff9c666b000 	C:\Windows\SYSTEM32\CRYPTSP.dll
0x00007ff9c52e0000 - 0x00007ff9c5315000 	C:\Windows\system32\rsaenh.dll
0x00007ff9c58b0000 - 0x00007ff9c58d8000 	C:\Windows\SYSTEM32\USERENV.dll
0x00007ff9c5a10000 - 0x00007ff9c5a1c000 	C:\Windows\SYSTEM32\CRYPTBASE.dll
0x00007ff9c4e00000 - 0x00007ff9c4e2d000 	C:\Windows\SYSTEM32\IPHLPAPI.DLL
0x00007ff9c8f50000 - 0x00007ff9c8f59000 	C:\Windows\System32\NSI.dll
0x00007ff9c0d00000 - 0x00007ff9c0d19000 	C:\Windows\SYSTEM32\dhcpcsvc6.DLL
0x00007ff9c0bc0000 - 0x00007ff9c0bdf000 	C:\Windows\SYSTEM32\dhcpcsvc.DLL
0x00007ff9c4e70000 - 0x00007ff9c4f68000 	C:\Windows\SYSTEM32\DNSAPI.dll
0x00007ff992c90000 - 0x00007ff992c98000 	C:\Program Files\OpenLogic\jdk-17.0.10.7-hotspot\bin\extnet.dll
0x00007ff98ffe0000 - 0x00007ff98ffee000 	C:\Program Files\OpenLogic\jdk-17.0.10.7-hotspot\bin\sunmscapi.dll
0x00007ff9c6b90000 - 0x00007ff9c6cf8000 	C:\Windows\System32\CRYPT32.dll
0x00007ff9c5bf0000 - 0x00007ff9c5c1e000 	C:\Windows\SYSTEM32\ncrypt.dll
0x00007ff9c5bb0000 - 0x00007ff9c5be7000 	C:\Windows\SYSTEM32\NTASN1.dll
0x00007ff98e4a0000 - 0x00007ff98e4a8000 	C:\Windows\system32\wshunix.dll
0x00007ff9af640000 - 0x00007ff9af657000 	C:\Windows\system32\napinsp.dll
0x00007ff9af620000 - 0x00007ff9af63b000 	C:\Windows\system32\pnrpnsp.dll
0x00007ff9af600000 - 0x00007ff9af611000 	C:\Windows\System32\winrnr.dll
0x00007ff9af5e0000 - 0x00007ff9af5f5000 	C:\Windows\system32\wshbth.dll
0x00007ff9af5b0000 - 0x00007ff9af5d7000 	C:\Windows\system32\nlansp_c.dll
0x00007ff9bf540000 - 0x00007ff9bf54a000 	C:\Windows\System32\rasadhlp.dll
0x00007ff9bfd20000 - 0x00007ff9bfda3000 	C:\Windows\System32\fwpuclnt.dll

dbghelp: loaded successfully - version: 4.0.5 - missing functions: none
symbol engine: initialized successfully - sym options: 0x614 - pdb path: .;C:\Program Files\OpenLogic\jdk-17.0.10.7-hotspot\bin;C:\Windows\SYSTEM32;C:\Windows\WinSxS\amd64_microsoft.windows.common-controls_6595b64144ccf1df_6.0.22621.3527_none_270e469b73872a76;C:\Program Files\OpenLogic\jdk-17.0.10.7-hotspot\bin\server;C:\Users\MAHE\.gradle\native\68d5fa5c4cc2d200863cafc0d521ce42e7d3e7ee720ec0a83991735586a16f82\windows-amd64;C:\Users\MAHE\.gradle\native\e376f236ea51e6404a007f0833ffe2c6e607c4080706a723a18a27aeea778392\windows-amd64

VM Arguments:
jvm_args: -XX:MaxMetaspaceSize=512m --add-opens=java.base/java.util=ALL-UNNAMED --add-opens=java.base/java.lang=ALL-UNNAMED --add-opens=java.base/java.lang.invoke=ALL-UNNAMED --add-opens=java.prefs/java.util.prefs=ALL-UNNAMED --add-opens=java.base/java.nio.charset=ALL-UNNAMED --add-opens=java.base/java.net=ALL-UNNAMED --add-opens=java.base/java.util.concurrent.atomic=ALL-UNNAMED -Xmx2048m -Dfile.encoding=windows-1252 -Duser.country=IN -Duser.language=en -Duser.variant -javaagent:C:\Users\MAHE\.gradle\wrapper\dists\gradle-8.3-all\6en3ugtfdg5xnpx44z4qbwgas\gradle-8.3\lib\agents\gradle-instrumentation-agent-8.3.jar 
java_command: org.gradle.launcher.daemon.bootstrap.GradleDaemon 8.3
java_class_path (initial): C:\Users\MAHE\.gradle\wrapper\dists\gradle-8.3-all\6en3ugtfdg5xnpx44z4qbwgas\gradle-8.3\lib\gradle-launcher-8.3.jar
Launcher Type: SUN_STANDARD

[Global flags]
     intx CICompilerCount                          = 3                                         {product} {ergonomic}
   size_t CompressedClassSpaceSize                 = 436207616                                 {product} {ergonomic}
     uint ConcGCThreads                            = 1                                         {product} {ergonomic}
     uint G1ConcRefinementThreads                  = 4                                         {product} {ergonomic}
   size_t G1HeapRegionSize                         = 1048576                                   {product} {ergonomic}
    uintx GCDrainStackTargetSize                   = 64                                        {product} {ergonomic}
   size_t InitialHeapSize                          = 268435456                                 {product} {ergonomic}
   size_t MarkStackSize                            = 4194304                                   {product} {ergonomic}
   size_t MaxHeapSize                              = 2147483648                                {product} {command line}
   size_t MaxMetaspaceSize                         = 536870912                                 {product} {command line}
   size_t MaxNewSize                               = 1287651328                                {product} {ergonomic}
   size_t MinHeapDeltaBytes                        = 1048576                                   {product} {ergonomic}
   size_t MinHeapSize                              = 8388608                                   {product} {ergonomic}
    uintx NonNMethodCodeHeapSize                   = 5832780                                {pd product} {ergonomic}
    uintx NonProfiledCodeHeapSize                  = 122912730                              {pd product} {ergonomic}
    uintx ProfiledCodeHeapSize                     = 122912730                              {pd product} {ergonomic}
    uintx ReservedCodeCacheSize                    = 251658240                              {pd product} {ergonomic}
     bool SegmentedCodeCache                       = true                                      {product} {ergonomic}
   size_t SoftMaxHeapSize                          = 2147483648                             {manageable} {ergonomic}
     bool UseCompressedClassPointers               = true                           {product lp64_product} {ergonomic}
     bool UseCompressedOops                        = true                           {product lp64_product} {ergonomic}
     bool UseG1GC                                  = true                                      {product} {ergonomic}
     bool UseLargePagesIndividualAllocation        = false                                  {pd product} {ergonomic}

Logging:
Log output configuration:
 #0: stdout all=warning uptime,level,tags
 #1: stderr all=off uptime,level,tags

Environment Variables:
JAVA_HOME=C:\Program Files\OpenLogic\jdk-17.0.10.7-hotspot\
CLASSPATH=C:\Users\MAHE\Documents\DOC APP BACKUP FILES\april30_\demo1_joyson1\android\\gradle\wrapper\gradle-wrapper.jar
PATH=C:\Users\MAHE\Documents\DOC APP BACKUP FILES\april30_\demo1_joyson1\node_modules\.bin;C:\Users\MAHE\Documents\DOC APP BACKUP FILES\april30_\demo1_joyson1\node_modules\.bin;C:\Users\MAHE\Documents\DOC APP BACKUP FILES\april30_\node_modules\.bin;C:\Users\MAHE\Documents\DOC APP BACKUP FILES\node_modules\.bin;C:\Users\MAHE\Documents\node_modules\.bin;C:\Users\MAHE\node_modules\.bin;C:\Users\node_modules\.bin;C:\node_modules\.bin;C:\Users\MAHE\AppData\Roaming\npm\node_modules\npm\node_modules\@npmcli\run-script\lib\node-gyp-bin;C:\Program Files\OpenLogic\jdk-17.0.10.7-hotspot\bin;C:\Python312\Scripts\;C:\Python312\;C:\Windows\system32;C:\Windows;C:\Windows\System32\Wbem;C:\Windows\System32\WindowsPowerShell\v1.0\;C:\Windows\System32\OpenSSH\;C:\Program Files\nodejs\;C:\ProgramData\chocolatey\bin;C:\Program Files\Git\cmd;C:\Program Files\Git\bin;C:\Program Files (x86)\Microsoft SQL Server\160\Tools\Binn\;C:\Program Files\Microsoft SQL Server\160\Tools\Binn\;C:\Program Files\Microsoft SQL Server\Client SDK\ODBC\170\Tools\Binn\;C:\Program Files\Microsoft SQL Server\160\DTS\Binn\;C:\Program Files (x86)\Microsoft SQL Server\160\DTS\Binn\;C:\Program Files\Azure Data Studio\bin;C:\Users\MAHE\AppData\Local\Microsoft\WindowsApps;C:\Users\MAHE\AppData\Local\Programs\Microsoft VS Code\bin;C:\Users\MAHE\AppData\Roaming\npm;C:\Users\MAHE\AppData\Local\Android\Sdk;C:\Users\MAHE\AppData\Local\Android\Sdk\platform-tools;C:\Users\MAHE\AppData\Local\Android\Sdk\emulator;C:\Program Files\Git\bin;;C:\Program Files\Azure Data Studio\bin
USERNAME=MAHE
LANG=en_US.UTF-8
OS=Windows_NT
PROCESSOR_IDENTIFIER=Intel64 Family 6 Model 60 Stepping 3, GenuineIntel
TMP=C:\Users\MAHE\AppData\Local\Temp
TEMP=C:\Users\MAHE\AppData\Local\Temp



Periodic native trim disabled


---------------  S Y S T E M  ---------------

OS:
 Windows 11 , 64 bit Build 22621 (10.0.22621.3527)
OS uptime: 0 days 18:56 hours

CPU: total 4 (initial active 4) (4 cores per cpu, 1 threads per core) family 6 model 60 stepping 3 microcode 0x28, cx8, cmov, fxsr, mmx, sse, sse2, sse3, ssse3, sse4.1, sse4.2, popcnt, lzcnt, tsc, tscinvbit, avx, avx2, aes, erms, clmul, bmi1, bmi2, fma, vzeroupper, clflush
Processor Information for all 4 processors :
  Max Mhz: 3001, Current Mhz: 3001, Mhz Limit: 3001

Memory: 4k page, system-wide physical 16309M (6672M free)
TotalPageFile size 18741M (AvailPageFile size 7357M)
current process WorkingSet (physical memory assigned to process): 515M, peak: 515M
current process commit charge ("private bytes"): 590M, peak: 596M

vm_info: OpenJDK 64-Bit Server VM (17.0.10+7-adhoc..jdk17u) for windows-amd64 JRE (17.0.10+7-adhoc..jdk17u), built on Jan 24 2024 08:51:31 by "" with MS VC++ 16.10 / 16.11 (VS2019)

END.
