#
# A fatal error has been detected by the Java Runtime Environment:
#
#  EXCEPTION_ACCESS_VIOLATION (0xc0000005) at pc=0x0000005e0000000c, pid=12612, tid=13048
#
# JRE version: OpenJDK Runtime Environment OpenLogic-OpenJDK (17.0.10+7) (build 17.0.10+7-adhoc..jdk17u)
# Java VM: OpenJDK 64-Bit Server VM OpenLogic-OpenJDK (17.0.10+7-adhoc..jdk17u, mixed mode, sharing, tiered, compressed oops, compressed class ptrs, g1 gc, windows-amd64)
# Problematic frame:
# V  [jvm.dll+0x36a448]
#
# No core dump will be written. Minidumps are not enabled by default on client versions of Windows
#
# If you would like to submit a bug report, please visit:
#   https://techsupport.roguewave.com/
#

---------------  S U M M A R Y ------------

Command Line: -XX:MaxMetaspaceSize=512m --add-opens=java.base/java.util=ALL-UNNAMED --add-opens=java.base/java.lang=ALL-UNNAMED --add-opens=java.base/java.lang.invoke=ALL-UNNAMED --add-opens=java.prefs/java.util.prefs=ALL-UNNAMED --add-opens=java.base/java.nio.charset=ALL-UNNAMED --add-opens=java.base/java.net=ALL-UNNAMED --add-opens=java.base/java.util.concurrent.atomic=ALL-UNNAMED -Xmx2048m -Dfile.encoding=windows-1252 -Duser.country=IN -Duser.language=en -Duser.variant -javaagent:C:\Users\MAHE\.gradle\wrapper\dists\gradle-8.3-all\6en3ugtfdg5xnpx44z4qbwgas\gradle-8.3\lib\agents\gradle-instrumentation-agent-8.3.jar org.gradle.launcher.daemon.bootstrap.GradleDaemon 8.3

Host: Intel(R) Core(TM) i5-4590S CPU @ 3.00GHz, 4 cores, 15G,  Windows 11 , 64 bit Build 22621 (10.0.22621.3374)
Time: Thu Mar 28 09:31:44 2024 India Standard Time elapsed time: 9.602966 seconds (0d 0h 0m 9s)

---------------  T H R E A D  ---------------

Current thread (0x000001dae7409200):  JavaThread "C2 CompilerThread1" daemon [_thread_in_native, id=13048, stack(0x0000007652000000,0x0000007652100000)]


Current CompileTask:
C2:   9603 3562       4       java.util.regex.Pattern::compile (500 bytes)

Stack: [0x0000007652000000,0x0000007652100000],  sp=0x00000076520fb650,  free space=1005k
Native frames: (J=compiled Java code, j=interpreted, Vv=VM code, C=native code)
C  0x0000005e0000000c


siginfo: EXCEPTION_ACCESS_VIOLATION (0xc0000005), data execution prevention violation at address 0x0000005e0000000c


Registers:
RAX=0x000001dae9039300, RBX=0x000001dae8b867e0, RCX=0x000001dae8b867e0, RDX=0x000001dae8b85fa8
RSP=0x00000076520fb648, RBP=0x00000000000000a5, RSI=0x000001dae8b95f68, RDI=0x0000000000000000
R8 =0x0000000000000000, R9 =0x000001dae78fb248, R10=0x000001dae9deb188, R11=0x000001dac6450128
R12=0x0000000000000000, R13=0x000001daa736de80, R14=0x000001dae78fb298, R15=0x000001dae6be9280
RIP=0x0000005e0000000c, EFLAGS=0x0000000000010206


Register to memory mapping:

RIP=0x0000005e0000000c is an unknown value
RAX=0x000001dae9039300 points into unknown readable memory: 0x0000005e0000000c | 0c 00 00 00 5e 00 00 00
RBX=0x000001dae8b867e0 points into unknown readable memory: 0x000001dae9039300 | 00 93 03 e9 da 01 00 00
RCX=0x000001dae8b867e0 points into unknown readable memory: 0x000001dae9039300 | 00 93 03 e9 da 01 00 00
RDX=0x000001dae8b85fa8 points into unknown readable memory: 0x000001dae8b867e0 | e0 67 b8 e8 da 01 00 00
RSP=0x00000076520fb648 is pointing into the stack for thread: 0x000001dae7409200
RBP=0x00000000000000a5 is an unknown value
RSI=0x000001dae8b95f68 points into unknown readable memory: 0x00007ffe9ffa7ba0 | a0 7b fa 9f fe 7f 00 00
RDI=0x0 is NULL
R8 =0x0 is NULL
R9 =0x000001dae78fb248 points into unknown readable memory: 0x00007ffe9ffa3780 | 80 37 fa 9f fe 7f 00 00
R10=0x000001dae9deb188 points into unknown readable memory: 0x000001dae9deb288 | 88 b2 de e9 da 01 00 00
R11=0x000001dac6450128 points into unknown readable memory: 0x00007ffe9ff312e0 | e0 12 f3 9f fe 7f 00 00
R12=0x0 is NULL
R13=0x000001daa736de80 points into unknown readable memory: 0x00007ffe9ffe24a0 | a0 24 fe 9f fe 7f 00 00
R14=0x000001dae78fb298 points into unknown readable memory: 0x00007ffe9ffa7ba0 | a0 7b fa 9f fe 7f 00 00
R15=0x000001dae6be9280 points into unknown readable memory: 0x00007ffe9ffa7938 | 38 79 fa 9f fe 7f 00 00


Top of Stack: (sp=0x00000076520fb648)
0x00000076520fb648:   00007ffe9f9fa448 000001daa736de80
0x00000076520fb658:   0000000000000000 00000076520fb8e0
0x00000076520fb668:   00000076520fb8e0 00000000000002f8
0x00000076520fb678:   00007ffe9f9f780f 000001dae78fb298
0x00000076520fb688:   00000000000012c0 00000076520fb8e0
0x00000076520fb698:   0000000000000004 0000000000000000
0x00000076520fb6a8:   00007ffe9fd34897 00000076520fb8e0
0x00000076520fb6b8:   00000000000002f8 000001dae78fb298
0x00000076520fb6c8:   00000076520fb8e0 00000076520fb8e0
0x00000076520fb6d8:   00007ffe9fd332da 00000076520fe8a0
0x00000076520fb6e8:   00000000000012c0 000001dae78fb298
0x00000076520fb6f8:   000001dae8cd8960 0000000000000050
0x00000076520fb708:   00007ffe9ffcfcb0 0000000000000020
0x00000076520fb718:   00007ffe9f8ab260 0000000000000000
0x00000076520fb728:   000001dae8d81aa0 00000076520fe8a0
0x00000076520fb738:   00000076520fb820 000001dae811d200
0x00000076520fb748:   00007ffe9fe87111 000001dae8b80000
0x00000076520fb758:   0000000000000000 0000d3d03c1bba97
0x00000076520fb768:   0000000000000000 0000000000000000
0x00000076520fb778:   00007ffe9ffcfcb0 0000000000000000
0x00000076520fb788:   0000000000000000 0000000000000000
0x00000076520fb798:   00007ffe9ffcfcb0 000001dae811d300
0x00000076520fb7a8:   00007ffe9f934563 000001dae811dfa0
0x00000076520fb7b8:   00007ffe9fe87111 000001dae8b8c500
0x00000076520fb7c8:   0000000000000000 0000000000000000
0x00000076520fb7d8:   00007ffe9f85ac80 0000000000000001
0x00000076520fb7e8:   00007ffe9fe86e2b 000001dae787ede0
0x00000076520fb7f8:   000001dae7fe3c10 0000000000000014
0x00000076520fb808:   00007ffe9fe8385b 000001dae811d388
0x00000076520fb818:   00007ffe9f934563 000001dae8120ca0
0x00000076520fb828:   000001dae7fe3c10 000001dae7fe3c10
0x00000076520fb838:   0000000000000000 000001dae9eeed50 

Instructions: (pc=0x00007ffe9f9fa448)
0x00007ffe9f9fa348:   41 0f 94 c0 49 3b e9 75 0b b8 01 00 00 00 41 2b
0x00007ffe9f9fa358:   c0 44 8b c0 48 8b 43 08 48 8b 57 50 8b 48 28 48
0x00007ffe9f9fa368:   8b 43 10 4c 8b 1c ca 8b 48 28 48 8b 04 ca 4d 3b
0x00007ffe9f9fa378:   d9 75 16 48 3b 05 ce fe 84 00 75 6a b8 01 00 00
0x00007ffe9f9fa388:   00 41 2b c0 44 8b c0 eb 0e 4c 3b 1d b8 fe 84 00
0x00007ffe9f9fa398:   75 54 49 3b c1 75 4f 41 83 fa 02 75 0b b8 01 00
0x00007ffe9f9fa3a8:   00 00 41 2b c0 44 8b c0 45 85 c0 74 1a 48 8b 1f
0x00007ffe9f9fa3b8:   48 8b d7 49 8b cf e8 5d 8f 42 00 48 8b d0 48 8b
0x00007ffe9f9fa3c8:   cf ff 53 08 4c 8b f8 4c 8b cf 4d 8b c7 ba 01 00
0x00007ffe9f9fa3d8:   00 00 49 8b ce e8 4e 97 33 00 48 8b 47 10 ff 40
0x00007ffe9f9fa3e8:   74 49 8b c6 eb 02 33 c0 48 8b 5c 24 40 48 8b 6c
0x00007ffe9f9fa3f8:   24 48 48 8b 74 24 50 48 83 c4 20 41 5f 41 5e 5f
0x00007ffe9f9fa408:   c3 cc cc cc cc cc cc cc 48 89 5c 24 08 48 89 6c
0x00007ffe9f9fa418:   24 10 48 89 74 24 18 48 89 7c 24 20 41 56 48 83
0x00007ffe9f9fa428:   ec 20 48 8b 59 08 8b fa 48 8b 01 4c 8b f1 48 8b
0x00007ffe9f9fa438:   f1 48 8b 1b ff 10 8b e8 48 8b 03 48 8b cb ff 10
0x00007ffe9f9fa448:   3b c5 75 1f 49 8b 46 08 48 8b 53 08 48 8b 48 08
0x00007ffe9f9fa458:   48 39 4a 08 75 0d 48 8b 46 08 48 39 18 0f 84 f7
0x00007ffe9f9fa468:   00 00 00 85 ff 78 43 48 8b 43 08 ff cf 48 8b f3
0x00007ffe9f9fa478:   48 8b 08 48 85 c9 75 0d 48 8b cb e8 78 09 e5 ff
0x00007ffe9f9fa488:   48 8b d8 eb 20 48 3b d9 74 05 48 8b d9 eb a9 8b
0x00007ffe9f9fa498:   41 2c 3c e0 74 14 83 e0 7f 3c 60 75 2a 48 8b 59
0x00007ffe9f9fa4a8:   08 48 8b 5b 08 48 85 db 75 8e 33 c0 48 8b 5c 24
0x00007ffe9f9fa4b8:   30 48 8b 6c 24 38 48 8b 74 24 40 48 8b 7c 24 48
0x00007ffe9f9fa4c8:   48 83 c4 20 41 5e c3 83 79 18 03 75 dd 48 8b 41
0x00007ffe9f9fa4d8:   08 48 8b 58 08 48 85 db 74 d0 48 8b 40 10 48 85
0x00007ffe9f9fa4e8:   c0 74 c7 48 8b 5b 08 48 8b 1b 48 85 db 74 bb 48
0x00007ffe9f9fa4f8:   8b 40 08 48 8b 08 48 85 c9 74 af 8b 43 2c 83 e0
0x00007ffe9f9fa508:   07 3c 07 75 13 48 8b 5b 08 48 8b 1b 48 85 db 74
0x00007ffe9f9fa518:   07 48 8b 5b 08 48 8b 1b 8b 41 2c 83 e0 07 3c 07
0x00007ffe9f9fa528:   75 13 48 8b 41 08 48 8b 08 48 85 c9 74 07 48 8b
0x00007ffe9f9fa538:   41 08 48 8b 08 48 85 db 0f 84 6c ff ff ff 48 3b 


Stack slot to memory mapping:
stack at sp + 0 slots: 0x000001daa736de80 points into unknown readable memory: 0x00007ffe9ffe24a0 | a0 24 fe 9f fe 7f 00 00
stack at sp + 1 slots: 0x0 is NULL
stack at sp + 2 slots: 0x00000076520fb8e0 is pointing into the stack for thread: 0x000001dae7409200
stack at sp + 3 slots: 0x00000076520fb8e0 is pointing into the stack for thread: 0x000001dae7409200
stack at sp + 4 slots: 0x00000000000002f8 is an unknown value
stack at sp + 5 slots: 0x00007ffe9f9f780f jvm.dll
stack at sp + 6 slots: 0x000001dae78fb298 points into unknown readable memory: 0x00007ffe9ffa7ba0 | a0 7b fa 9f fe 7f 00 00
stack at sp + 7 slots: 0x00000000000012c0 is an unknown value


---------------  P R O C E S S  ---------------

Threads class SMR info:
_java_thread_list=0x000001dae879a010, length=34, elements={
0x000001daa7356ce0, 0x000001dac62ef000, 0x000001dac62efe80, 0x000001dac6302ab0,
0x000001dac63045f0, 0x000001dac63070c0, 0x000001dac6307a80, 0x000001dac630ae40,
0x000001dac630c110, 0x000001dac6412840, 0x000001dac6515ce0, 0x000001dac666fd30,
0x000001dae8562010, 0x000001dae777a8b0, 0x000001dae707eed0, 0x000001dae70613d0,
0x000001dae8322460, 0x000001dae752b300, 0x000001dae8202990, 0x000001dae856bd10,
0x000001dae856e080, 0x000001dae856c220, 0x000001dae856cc40, 0x000001dae856c730,
0x000001dae856d150, 0x000001dae856d660, 0x000001dae856db70, 0x000001dae856ade0,
0x000001dae856b2f0, 0x000001dae856b800, 0x000001dae7571230, 0x000001dae7571c50,
0x000001dae756d570, 0x000001dae7409200
}

Java Threads: ( => current thread )
  0x000001daa7356ce0 JavaThread "main" [_thread_blocked, id=12672, stack(0x000000764f500000,0x000000764f600000)]
  0x000001dac62ef000 JavaThread "Reference Handler" daemon [_thread_blocked, id=12712, stack(0x000000764fc00000,0x000000764fd00000)]
  0x000001dac62efe80 JavaThread "Finalizer" daemon [_thread_blocked, id=12716, stack(0x000000764fd00000,0x000000764fe00000)]
  0x000001dac6302ab0 JavaThread "Signal Dispatcher" daemon [_thread_blocked, id=12724, stack(0x000000764fe00000,0x000000764ff00000)]
  0x000001dac63045f0 JavaThread "Attach Listener" daemon [_thread_blocked, id=12728, stack(0x000000764ff00000,0x0000007650000000)]
  0x000001dac63070c0 JavaThread "Service Thread" daemon [_thread_blocked, id=12732, stack(0x0000007650000000,0x0000007650100000)]
  0x000001dac6307a80 JavaThread "Monitor Deflation Thread" daemon [_thread_blocked, id=12736, stack(0x0000007650100000,0x0000007650200000)]
  0x000001dac630ae40 JavaThread "C2 CompilerThread0" daemon [_thread_in_native, id=12740, stack(0x0000007650200000,0x0000007650300000)]
  0x000001dac630c110 JavaThread "C1 CompilerThread0" daemon [_thread_blocked, id=12744, stack(0x0000007650300000,0x0000007650400000)]
  0x000001dac6412840 JavaThread "Sweeper thread" daemon [_thread_blocked, id=12748, stack(0x0000007650400000,0x0000007650500000)]
  0x000001dac6515ce0 JavaThread "Common-Cleaner" daemon [_thread_blocked, id=12752, stack(0x0000007650500000,0x0000007650600000)]
  0x000001dac666fd30 JavaThread "Notification Thread" daemon [_thread_blocked, id=12764, stack(0x0000007650600000,0x0000007650700000)]
  0x000001dae8562010 JavaThread "Daemon health stats" [_thread_blocked, id=12888, stack(0x0000007650c00000,0x0000007650d00000)]
  0x000001dae777a8b0 JavaThread "Incoming local TCP Connector on port 52431" [_thread_in_native, id=12892, stack(0x0000007650b00000,0x0000007650c00000)]
  0x000001dae707eed0 JavaThread "Daemon periodic checks" [_thread_blocked, id=12900, stack(0x0000007650d00000,0x0000007650e00000)]
  0x000001dae70613d0 JavaThread "Daemon" [_thread_blocked, id=12924, stack(0x0000007650e00000,0x0000007650f00000)]
  0x000001dae8322460 JavaThread "Handler for socket connection from /127.0.0.1:52431 to /127.0.0.1:52432" [_thread_in_native, id=12928, stack(0x0000007650f00000,0x0000007651000000)]
  0x000001dae752b300 JavaThread "Cancel handler" [_thread_blocked, id=12932, stack(0x0000007651000000,0x0000007651100000)]
  0x000001dae8202990 JavaThread "Daemon worker" [_thread_in_vm, id=12936, stack(0x0000007651100000,0x0000007651200000)]
  0x000001dae856bd10 JavaThread "Asynchronous log dispatcher for DefaultDaemonConnection: socket connection from /127.0.0.1:52431 to /127.0.0.1:52432" [_thread_blocked, id=12948, stack(0x0000007651200000,0x0000007651300000)]
  0x000001dae856e080 JavaThread "Stdin handler" [_thread_blocked, id=12952, stack(0x0000007651300000,0x0000007651400000)]
  0x000001dae856c220 JavaThread "Daemon client event forwarder" [_thread_blocked, id=12956, stack(0x0000007651400000,0x0000007651500000)]
  0x000001dae856cc40 JavaThread "Cache worker for journal cache (C:\Users\MAHE\.gradle\caches\journal-1)" [_thread_blocked, id=12972, stack(0x0000007651500000,0x0000007651600000)]
  0x000001dae856c730 JavaThread "File lock request listener" [_thread_in_native, id=12976, stack(0x0000007651600000,0x0000007651700000)]
  0x000001dae856d150 JavaThread "Cache worker for file hash cache (C:\Users\MAHE\.gradle\caches\8.3\fileHashes)" [_thread_blocked, id=12984, stack(0x0000007651700000,0x0000007651800000)]
  0x000001dae856d660 JavaThread "File watcher server" daemon [_thread_in_native, id=13008, stack(0x0000007651800000,0x0000007651900000)]
  0x000001dae856db70 JavaThread "File watcher consumer" daemon [_thread_blocked, id=13012, stack(0x0000007651900000,0x0000007651a00000)]
  0x000001dae856ade0 JavaThread "Cache worker for checksums cache (C:\Users\MAHE\Documents\demo1_joyson1\android\.gradle\8.3\checksums)" [_thread_blocked, id=13024, stack(0x0000007651a00000,0x0000007651b00000)]
  0x000001dae856b2f0 JavaThread "Cache worker for file hash cache (C:\Users\MAHE\Documents\demo1_joyson1\android\.gradle\8.3\fileHashes)" [_thread_blocked, id=13028, stack(0x0000007651b00000,0x0000007651c00000)]
  0x000001dae856b800 JavaThread "Cache worker for cache directory md-supplier (C:\Users\MAHE\.gradle\caches\8.3\md-supplier)" [_thread_blocked, id=13032, stack(0x0000007651c00000,0x0000007651d00000)]
  0x000001dae7571230 JavaThread "Cache worker for file content cache (C:\Users\MAHE\.gradle\caches\8.3\fileContent)" [_thread_blocked, id=13036, stack(0x0000007651d00000,0x0000007651e00000)]
  0x000001dae7571c50 JavaThread "Cache worker for cache directory md-rule (C:\Users\MAHE\.gradle\caches\8.3\md-rule)" [_thread_blocked, id=13040, stack(0x0000007651e00000,0x0000007651f00000)]
  0x000001dae756d570 JavaThread "Cache worker for execution history cache (C:\Users\MAHE\.gradle\caches\8.3\executionHistory)" [_thread_blocked, id=13044, stack(0x0000007651f00000,0x0000007652000000)]
=>0x000001dae7409200 JavaThread "C2 CompilerThread1" daemon [_thread_in_native, id=13048, stack(0x0000007652000000,0x0000007652100000)]

Other Threads:
  0x000001dac62eb420 VMThread "VM Thread" [stack: 0x000000764fb00000,0x000000764fc00000] [id=12708]
  0x000001daa7357b60 WatcherThread [stack: 0x0000007650700000,0x0000007650800000] [id=12768]
  0x000001daa73b0260 GCTaskThread "GC Thread#0" [stack: 0x000000764f600000,0x000000764f700000] [id=12688]
  0x000001dac67435d0 GCTaskThread "GC Thread#1" [stack: 0x0000007650800000,0x0000007650900000] [id=12804]
  0x000001dac680e710 GCTaskThread "GC Thread#2" [stack: 0x0000007650900000,0x0000007650a00000] [id=12808]
  0x000001dac680e9d0 GCTaskThread "GC Thread#3" [stack: 0x0000007650a00000,0x0000007650b00000] [id=12812]
  0x000001daa73c11b0 ConcurrentGCThread "G1 Main Marker" [stack: 0x000000764f700000,0x000000764f800000] [id=12692]
  0x000001daa73c2370 ConcurrentGCThread "G1 Conc#0" [stack: 0x000000764f800000,0x000000764f900000] [id=12696]
  0x000001daa73fd720 ConcurrentGCThread "G1 Refine#0" [stack: 0x000000764f900000,0x000000764fa00000] [id=12700]
  0x000001dae8dd3390 ConcurrentGCThread "G1 Refine#1" [stack: 0x0000007652100000,0x0000007652200000] [id=13056]
  0x000001dae8dd4530 ConcurrentGCThread "G1 Refine#2" [stack: 0x0000007652200000,0x0000007652300000] [id=13060]
  0x000001daa73fe150 ConcurrentGCThread "G1 Service" [stack: 0x000000764fa00000,0x000000764fb00000] [id=12704]

Threads with active compile tasks:
C2 CompilerThread0     9776 3567       4       java.lang.String::split (327 bytes)
C2 CompilerThread1     9776 3562       4       java.util.regex.Pattern::compile (500 bytes)

VM state: not at safepoint (normal execution)

VM Mutex/Monitor currently owned by a thread: None

Heap address: 0x0000000080000000, size: 2048 MB, Compressed Oops mode: 32-bit

CDS archive(s) mapped at: [0x000001dac7000000-0x000001dac7bc0000-0x000001dac7bc0000), size 12320768, SharedBaseAddress: 0x000001dac7000000, ArchiveRelocationMode: 1.
Compressed class space mapped at: 0x000001dac8000000-0x000001dae2000000, reserved size: 436207616
Narrow klass base: 0x000001dac7000000, Narrow klass shift: 0, Narrow klass range: 0x100000000

GC Precious Log:
 CPUs: 4 total, 4 available
 Memory: 16309M
 Large Page Support: Disabled
 NUMA Support: Disabled
 Compressed Oops: Enabled (32-bit)
 Heap Region Size: 1M
 Heap Min Capacity: 8M
 Heap Initial Capacity: 256M
 Heap Max Capacity: 2G
 Pre-touch: Disabled
 Parallel Workers: 4
 Concurrent Workers: 1
 Concurrent Refinement Workers: 4
 Periodic GC: Disabled

Heap:
 garbage-first heap   total 81920K, used 49860K [0x0000000080000000, 0x0000000100000000)
  region size 1024K, 26 young (26624K), 1 survivors (1024K)
 Metaspace       used 29675K, committed 30080K, reserved 491520K
  class space    used 4154K, committed 4352K, reserved 425984K

Heap Regions: E=young(eden), S=young(survivor), O=old, HS=humongous(starts), HC=humongous(continues), CS=collection set, F=free, OA=open archive, CA=closed archive, TAMS=top-at-mark-start (previous, next)
|   0|0x0000000080000000, 0x0000000080100000, 0x0000000080100000|100%| O|  |TAMS 0x0000000080100000, 0x0000000080000000| Untracked 
|   1|0x0000000080100000, 0x0000000080200000, 0x0000000080200000|100%| O|  |TAMS 0x0000000080200000, 0x0000000080100000| Untracked 
|   2|0x0000000080200000, 0x0000000080300000, 0x0000000080300000|100%|HS|  |TAMS 0x0000000080300000, 0x0000000080200000| Complete 
|   3|0x0000000080300000, 0x0000000080400000, 0x0000000080400000|100%|HC|  |TAMS 0x0000000080400000, 0x0000000080300000| Complete 
|   4|0x0000000080400000, 0x0000000080500000, 0x0000000080500000|100%|HC|  |TAMS 0x0000000080500000, 0x0000000080400000| Complete 
|   5|0x0000000080500000, 0x0000000080600000, 0x0000000080600000|100%|HC|  |TAMS 0x0000000080600000, 0x0000000080500000| Complete 
|   6|0x0000000080600000, 0x0000000080700000, 0x0000000080700000|100%| O|  |TAMS 0x0000000080700000, 0x0000000080600000| Untracked 
|   7|0x0000000080700000, 0x0000000080800000, 0x0000000080800000|100%| O|  |TAMS 0x0000000080800000, 0x0000000080700000| Untracked 
|   8|0x0000000080800000, 0x0000000080900000, 0x0000000080900000|100%| O|  |TAMS 0x0000000080800000, 0x0000000080800000| Untracked 
|   9|0x0000000080900000, 0x0000000080a00000, 0x0000000080a00000|100%| O|  |TAMS 0x0000000080a00000, 0x0000000080900000| Untracked 
|  10|0x0000000080a00000, 0x0000000080b00000, 0x0000000080b00000|100%| O|  |TAMS 0x0000000080b00000, 0x0000000080a00000| Untracked 
|  11|0x0000000080b00000, 0x0000000080b00000, 0x0000000080c00000|  0%| F|  |TAMS 0x0000000080b00000, 0x0000000080b00000| Untracked 
|  12|0x0000000080c00000, 0x0000000080d00000, 0x0000000080d00000|100%| O|  |TAMS 0x0000000080c00000, 0x0000000080c00000| Untracked 
|  13|0x0000000080d00000, 0x0000000080e00000, 0x0000000080e00000|100%| O|  |TAMS 0x0000000080d00000, 0x0000000080d00000| Untracked 
|  14|0x0000000080e00000, 0x0000000080f00000, 0x0000000080f00000|100%| O|  |TAMS 0x0000000080e00000, 0x0000000080e00000| Untracked 
|  15|0x0000000080f00000, 0x0000000081000000, 0x0000000081000000|100%| O|  |TAMS 0x0000000080f00000, 0x0000000080f00000| Untracked 
|  16|0x0000000081000000, 0x0000000081100000, 0x0000000081100000|100%| O|  |TAMS 0x0000000081000000, 0x0000000081000000| Untracked 
|  17|0x0000000081100000, 0x0000000081200000, 0x0000000081200000|100%| O|  |TAMS 0x0000000081100000, 0x0000000081100000| Untracked 
|  18|0x0000000081200000, 0x0000000081300000, 0x0000000081300000|100%| O|  |TAMS 0x0000000081200000, 0x0000000081200000| Untracked 
|  19|0x0000000081300000, 0x0000000081400000, 0x0000000081400000|100%| O|  |TAMS 0x0000000081300000, 0x0000000081300000| Untracked 
|  20|0x0000000081400000, 0x0000000081500000, 0x0000000081500000|100%| O|  |TAMS 0x0000000081400000, 0x0000000081400000| Untracked 
|  21|0x0000000081500000, 0x0000000081600000, 0x0000000081600000|100%| O|  |TAMS 0x0000000081500000, 0x0000000081500000| Untracked 
|  22|0x0000000081600000, 0x0000000081700000, 0x0000000081700000|100%| O|  |TAMS 0x0000000081600000, 0x0000000081600000| Untracked 
|  23|0x0000000081700000, 0x0000000081800000, 0x0000000081800000|100%| O|  |TAMS 0x0000000081700000, 0x0000000081700000| Untracked 
|  24|0x0000000081800000, 0x0000000081900000, 0x0000000081900000|100%| O|  |TAMS 0x0000000081800000, 0x0000000081800000| Untracked 
|  25|0x0000000081900000, 0x0000000081a00000, 0x0000000081a00000|100%| O|  |TAMS 0x0000000081900000, 0x0000000081900000| Untracked 
|  26|0x0000000081a00000, 0x0000000081a00000, 0x0000000081b00000|  0%| F|  |TAMS 0x0000000081a00000, 0x0000000081a00000| Untracked 
|  27|0x0000000081b00000, 0x0000000081b00000, 0x0000000081c00000|  0%| F|  |TAMS 0x0000000081b00000, 0x0000000081b00000| Untracked 
|  28|0x0000000081c00000, 0x0000000081c00000, 0x0000000081d00000|  0%| F|  |TAMS 0x0000000081c00000, 0x0000000081c00000| Untracked 
|  29|0x0000000081d00000, 0x0000000081d00000, 0x0000000081e00000|  0%| F|  |TAMS 0x0000000081d00000, 0x0000000081d00000| Untracked 
|  30|0x0000000081e00000, 0x0000000081e00000, 0x0000000081f00000|  0%| F|  |TAMS 0x0000000081e00000, 0x0000000081e00000| Untracked 
|  31|0x0000000081f00000, 0x0000000081f00000, 0x0000000082000000|  0%| F|  |TAMS 0x0000000081f00000, 0x0000000081f00000| Untracked 
|  32|0x0000000082000000, 0x0000000082000000, 0x0000000082100000|  0%| F|  |TAMS 0x0000000082000000, 0x0000000082000000| Untracked 
|  33|0x0000000082100000, 0x0000000082100000, 0x0000000082200000|  0%| F|  |TAMS 0x0000000082100000, 0x0000000082100000| Untracked 
|  34|0x0000000082200000, 0x0000000082200000, 0x0000000082300000|  0%| F|  |TAMS 0x0000000082200000, 0x0000000082200000| Untracked 
|  35|0x0000000082300000, 0x0000000082300000, 0x0000000082400000|  0%| F|  |TAMS 0x0000000082300000, 0x0000000082300000| Untracked 
|  36|0x0000000082400000, 0x0000000082400000, 0x0000000082500000|  0%| F|  |TAMS 0x0000000082400000, 0x0000000082400000| Untracked 
|  37|0x0000000082500000, 0x0000000082500000, 0x0000000082600000|  0%| F|  |TAMS 0x0000000082500000, 0x0000000082500000| Untracked 
|  38|0x0000000082600000, 0x0000000082600000, 0x0000000082700000|  0%| F|  |TAMS 0x0000000082600000, 0x0000000082600000| Untracked 
|  39|0x0000000082700000, 0x0000000082700000, 0x0000000082800000|  0%| F|  |TAMS 0x0000000082700000, 0x0000000082700000| Untracked 
|  40|0x0000000082800000, 0x0000000082800000, 0x0000000082900000|  0%| F|  |TAMS 0x0000000082800000, 0x0000000082800000| Untracked 
|  41|0x0000000082900000, 0x0000000082900000, 0x0000000082a00000|  0%| F|  |TAMS 0x0000000082900000, 0x0000000082900000| Untracked 
|  42|0x0000000082a00000, 0x0000000082a00000, 0x0000000082b00000|  0%| F|  |TAMS 0x0000000082a00000, 0x0000000082a00000| Untracked 
|  43|0x0000000082b00000, 0x0000000082b00000, 0x0000000082c00000|  0%| F|  |TAMS 0x0000000082b00000, 0x0000000082b00000| Untracked 
|  44|0x0000000082c00000, 0x0000000082c00000, 0x0000000082d00000|  0%| F|  |TAMS 0x0000000082c00000, 0x0000000082c00000| Untracked 
|  45|0x0000000082d00000, 0x0000000082d00000, 0x0000000082e00000|  0%| F|  |TAMS 0x0000000082d00000, 0x0000000082d00000| Untracked 
|  46|0x0000000082e00000, 0x0000000082e00000, 0x0000000082f00000|  0%| F|  |TAMS 0x0000000082e00000, 0x0000000082e00000| Untracked 
|  47|0x0000000082f00000, 0x0000000082f00000, 0x0000000083000000|  0%| F|  |TAMS 0x0000000082f00000, 0x0000000082f00000| Untracked 
|  48|0x0000000083000000, 0x0000000083000000, 0x0000000083100000|  0%| F|  |TAMS 0x0000000083000000, 0x0000000083000000| Untracked 
|  49|0x0000000083100000, 0x0000000083100000, 0x0000000083200000|  0%| F|  |TAMS 0x0000000083100000, 0x0000000083100000| Untracked 
|  50|0x0000000083200000, 0x0000000083200000, 0x0000000083300000|  0%| F|  |TAMS 0x0000000083200000, 0x0000000083200000| Untracked 
|  51|0x0000000083300000, 0x0000000083300000, 0x0000000083400000|  0%| F|  |TAMS 0x0000000083300000, 0x0000000083300000| Untracked 
|  52|0x0000000083400000, 0x0000000083400000, 0x0000000083500000|  0%| F|  |TAMS 0x0000000083400000, 0x0000000083400000| Untracked 
|  53|0x0000000083500000, 0x0000000083500000, 0x0000000083600000|  0%| F|  |TAMS 0x0000000083500000, 0x0000000083500000| Untracked 
|  54|0x0000000083600000, 0x0000000083680800, 0x0000000083700000| 50%| E|  |TAMS 0x0000000083600000, 0x0000000083600000| Complete 
|  55|0x0000000083700000, 0x0000000083800000, 0x0000000083800000|100%| E|CS|TAMS 0x0000000083700000, 0x0000000083700000| Complete 
|  56|0x0000000083800000, 0x0000000083900000, 0x0000000083900000|100%| E|CS|TAMS 0x0000000083800000, 0x0000000083800000| Complete 
|  57|0x0000000083900000, 0x0000000083a00000, 0x0000000083a00000|100%| E|CS|TAMS 0x0000000083900000, 0x0000000083900000| Complete 
|  58|0x0000000083a00000, 0x0000000083b00000, 0x0000000083b00000|100%| E|CS|TAMS 0x0000000083a00000, 0x0000000083a00000| Complete 
|  59|0x0000000083b00000, 0x0000000083c00000, 0x0000000083c00000|100%| E|CS|TAMS 0x0000000083b00000, 0x0000000083b00000| Complete 
|  60|0x0000000083c00000, 0x0000000083d00000, 0x0000000083d00000|100%| E|CS|TAMS 0x0000000083c00000, 0x0000000083c00000| Complete 
|  61|0x0000000083d00000, 0x0000000083e00000, 0x0000000083e00000|100%| E|CS|TAMS 0x0000000083d00000, 0x0000000083d00000| Complete 
|  62|0x0000000083e00000, 0x0000000083f00000, 0x0000000083f00000|100%| E|CS|TAMS 0x0000000083e00000, 0x0000000083e00000| Complete 
|  63|0x0000000083f00000, 0x0000000084000000, 0x0000000084000000|100%| E|CS|TAMS 0x0000000083f00000, 0x0000000083f00000| Complete 
|  64|0x0000000084000000, 0x0000000084100000, 0x0000000084100000|100%| E|CS|TAMS 0x0000000084000000, 0x0000000084000000| Complete 
|  65|0x0000000084100000, 0x0000000084200000, 0x0000000084200000|100%| E|CS|TAMS 0x0000000084100000, 0x0000000084100000| Complete 
|  66|0x0000000084200000, 0x0000000084300000, 0x0000000084300000|100%| E|CS|TAMS 0x0000000084200000, 0x0000000084200000| Complete 
| 129|0x0000000088100000, 0x0000000088200000, 0x0000000088200000|100%| E|CS|TAMS 0x0000000088100000, 0x0000000088100000| Complete 
| 130|0x0000000088200000, 0x0000000088300000, 0x0000000088300000|100%| E|CS|TAMS 0x0000000088200000, 0x0000000088200000| Complete 
| 131|0x0000000088300000, 0x0000000088400000, 0x0000000088400000|100%| E|CS|TAMS 0x0000000088300000, 0x0000000088300000| Complete 
| 132|0x0000000088400000, 0x0000000088500000, 0x0000000088500000|100%| E|CS|TAMS 0x0000000088400000, 0x0000000088400000| Complete 
| 133|0x0000000088500000, 0x0000000088600000, 0x0000000088600000|100%| E|CS|TAMS 0x0000000088500000, 0x0000000088500000| Complete 
| 134|0x0000000088600000, 0x0000000088700000, 0x0000000088700000|100%| E|CS|TAMS 0x0000000088600000, 0x0000000088600000| Complete 
| 135|0x0000000088700000, 0x0000000088800000, 0x0000000088800000|100%| E|  |TAMS 0x0000000088700000, 0x0000000088700000| Complete 
| 136|0x0000000088800000, 0x0000000088900000, 0x0000000088900000|100%| E|CS|TAMS 0x0000000088800000, 0x0000000088800000| Complete 
| 137|0x0000000088900000, 0x0000000088a00000, 0x0000000088a00000|100%| E|CS|TAMS 0x0000000088900000, 0x0000000088900000| Complete 
| 138|0x0000000088a00000, 0x0000000088b00000, 0x0000000088b00000|100%| E|CS|TAMS 0x0000000088a00000, 0x0000000088a00000| Complete 
| 139|0x0000000088b00000, 0x0000000088c00000, 0x0000000088c00000|100%| E|CS|TAMS 0x0000000088b00000, 0x0000000088b00000| Complete 
| 140|0x0000000088c00000, 0x0000000088cb1300, 0x0000000088d00000| 69%| S|CS|TAMS 0x0000000088c00000, 0x0000000088c00000| Complete 
| 255|0x000000008ff00000, 0x0000000090000000, 0x0000000090000000|100%| E|CS|TAMS 0x000000008ff00000, 0x000000008ff00000| Complete 

Card table byte_map: [0x000001dabf5e0000,0x000001dabf9e0000] _byte_map_base: 0x000001dabf1e0000

Marking Bits (Prev, Next): (CMBitMap*) 0x000001daa73b08c0, (CMBitMap*) 0x000001daa73b0880
 Prev Bits: [0x000001dac1de0000, 0x000001dac3de0000)
 Next Bits: [0x000001dabfde0000, 0x000001dac1de0000)

Polling page: 0x000001daa50c0000

Metaspace:

Usage:
  Non-class:     24.92 MB used.
      Class:      4.06 MB used.
       Both:     28.98 MB used.

Virtual space:
  Non-class space:       64.00 MB reserved,      25.12 MB ( 39%) committed,  1 nodes.
      Class space:      416.00 MB reserved,       4.25 MB (  1%) committed,  1 nodes.
             Both:      480.00 MB reserved,      29.38 MB (  6%) committed. 

Chunk freelists:
   Non-Class:  6.22 MB
       Class:  11.66 MB
        Both:  17.88 MB

MaxMetaspaceSize: 512.00 MB
CompressedClassSpaceSize: 416.00 MB
Initial GC threshold: 21.00 MB
Current GC threshold: 35.12 MB
CDS: on
MetaspaceReclaimPolicy: balanced
 - commit_granule_bytes: 65536.
 - commit_granule_words: 8192.
 - virtual_space_node_default_size: 8388608.
 - enlarge_chunks_in_place: 1.
 - new_chunks_are_fully_committed: 0.
 - uncommit_free_chunks: 1.
 - use_allocation_guard: 0.
 - handle_deallocations: 1.


Internal statistics:

num_allocs_failed_limit: 3.
num_arena_births: 288.
num_arena_deaths: 0.
num_vsnodes_births: 2.
num_vsnodes_deaths: 0.
num_space_committed: 470.
num_space_uncommitted: 0.
num_chunks_returned_to_freelist: 3.
num_chunks_taken_from_freelist: 1269.
num_chunk_merges: 3.
num_chunk_splits: 883.
num_chunks_enlarged: 650.
num_inconsistent_stats: 0.

CodeHeap 'non-profiled nmethods': size=120000Kb used=2095Kb max_used=2095Kb free=117904Kb
 bounds [0x000001dab7cb0000, 0x000001dab7f20000, 0x000001dabf1e0000]
CodeHeap 'profiled nmethods': size=120000Kb used=7405Kb max_used=7405Kb free=112594Kb
 bounds [0x000001dab01e0000, 0x000001dab0920000, 0x000001dab7710000]
CodeHeap 'non-nmethods': size=5760Kb used=1590Kb max_used=1622Kb free=4169Kb
 bounds [0x000001dab7710000, 0x000001dab7980000, 0x000001dab7cb0000]
 total_blobs=4233 nmethods=3581 adapters=564
 compilation: enabled
              stopped_count=0, restarted_count=0
 full_count=0

Compilation events (20 events):
Event: 9.568 Thread 0x000001dac630c110 3554       3       java.util.stream.StreamSpliterators$WrappingSpliterator$$Lambda$457/0x000001dac844fe90::accept (9 bytes)
Event: 9.568 Thread 0x000001dac630c110 nmethod 3554 0x000001dab0913a90 code [0x000001dab0913c40, 0x000001dab0913e08]
Event: 9.568 Thread 0x000001dac630c110 3555       3       jdk.internal.jrtfs.JrtDirectoryStream$1::next (5 bytes)
Event: 9.568 Thread 0x000001dac630c110 nmethod 3555 0x000001dab0913f10 code [0x000001dab09140a0, 0x000001dab09141e8]
Event: 9.568 Thread 0x000001dac630c110 3556   !   3       jdk.internal.jrtfs.JrtDirectoryStream$1::next (48 bytes)
Event: 9.569 Thread 0x000001dac630c110 nmethod 3556 0x000001dab0914290 code [0x000001dab0914460, 0x000001dab0914958]
Event: 9.570 Thread 0x000001dae7409200 3557 %     4       jdk.internal.jrtfs.JrtPath::normalize @ 15 (97 bytes)
Event: 9.571 Thread 0x000001dac630ae40 nmethod 3548 0x000001dab7eb8210 code [0x000001dab7eb83e0, 0x000001dab7eb8a28]
Event: 9.572 Thread 0x000001dae7409200 nmethod 3557% 0x000001dab7eb8f90 code [0x000001dab7eb9120, 0x000001dab7eb9348]
Event: 9.572 Thread 0x000001dae7409200 3558       4       java.util.regex.Pattern$LastNode::match (45 bytes)
Event: 9.573 Thread 0x000001dae7409200 nmethod 3558 0x000001dab7eb9590 code [0x000001dab7eb9700, 0x000001dab7eb97d8]
Event: 9.573 Thread 0x000001dac630ae40 3559       4       jdk.internal.jrtfs.JrtPath::normalize (97 bytes)
Event: 9.575 Thread 0x000001dac630ae40 nmethod 3559 0x000001dab7eb9910 code [0x000001dab7eb9aa0, 0x000001dab7eb9ca8]
Event: 9.577 Thread 0x000001dac630c110 3560       3       java.nio.MappedByteBuffer::position (8 bytes)
Event: 9.578 Thread 0x000001dac630c110 nmethod 3560 0x000001dab0914c10 code [0x000001dab0914dc0, 0x000001dab0914f68]
Event: 9.578 Thread 0x000001dac630ae40 3561       4       java.util.regex.Pattern::append (43 bytes)
Event: 9.580 Thread 0x000001dae7409200 3562       4       java.util.regex.Pattern::compile (500 bytes)
Event: 9.582 Thread 0x000001dac630ae40 nmethod 3561 0x000001dab7eb9f10 code [0x000001dab7eba0a0, 0x000001dab7eba538]
Event: 9.587 Thread 0x000001dac630ae40 3563       4       java.util.Spliterators$1Adapter::accept (11 bytes)
Event: 9.588 Thread 0x000001dac630ae40 nmethod 3563 0x000001dab7eba710 code [0x000001dab7eba880, 0x000001dab7eba9b8]

GC Heap History (12 events):
Event: 0.979 GC heap before
{Heap before GC invocations=0 (full 0):
 garbage-first heap   total 262144K, used 13312K [0x0000000080000000, 0x0000000100000000)
  region size 1024K, 13 young (13312K), 0 survivors (0K)
 Metaspace       used 1027K, committed 1152K, reserved 491520K
  class space    used 79K, committed 128K, reserved 425984K
}
Event: 0.988 GC heap after
{Heap after GC invocations=1 (full 0):
 garbage-first heap   total 262144K, used 3430K [0x0000000080000000, 0x0000000100000000)
  region size 1024K, 2 young (2048K), 2 survivors (2048K)
 Metaspace       used 1027K, committed 1152K, reserved 491520K
  class space    used 79K, committed 128K, reserved 425984K
}
Event: 1.862 GC heap before
{Heap before GC invocations=1 (full 0):
 garbage-first heap   total 262144K, used 21862K [0x0000000080000000, 0x0000000100000000)
  region size 1024K, 17 young (17408K), 2 survivors (2048K)
 Metaspace       used 3890K, committed 4032K, reserved 491520K
  class space    used 487K, committed 576K, reserved 425984K
}
Event: 1.865 GC heap after
{Heap after GC invocations=2 (full 0):
 garbage-first heap   total 262144K, used 10683K [0x0000000080000000, 0x0000000100000000)
  region size 1024K, 3 young (3072K), 3 survivors (3072K)
 Metaspace       used 3890K, committed 4032K, reserved 491520K
  class space    used 487K, committed 576K, reserved 425984K
}
Event: 3.046 GC heap before
{Heap before GC invocations=2 (full 0):
 garbage-first heap   total 262144K, used 33211K [0x0000000080000000, 0x0000000100000000)
  region size 1024K, 25 young (25600K), 3 survivors (3072K)
 Metaspace       used 4047K, committed 4224K, reserved 491520K
  class space    used 491K, committed 576K, reserved 425984K
}
Event: 3.050 GC heap after
{Heap after GC invocations=3 (full 0):
 garbage-first heap   total 262144K, used 12161K [0x0000000080000000, 0x0000000100000000)
  region size 1024K, 2 young (2048K), 2 survivors (2048K)
 Metaspace       used 4047K, committed 4224K, reserved 491520K
  class space    used 491K, committed 576K, reserved 425984K
}
Event: 7.725 GC heap before
{Heap before GC invocations=3 (full 0):
 garbage-first heap   total 262144K, used 126849K [0x0000000080000000, 0x0000000100000000)
  region size 1024K, 115 young (117760K), 2 survivors (2048K)
 Metaspace       used 21129K, committed 21504K, reserved 491520K
  class space    used 3124K, committed 3264K, reserved 425984K
}
Event: 7.739 GC heap after
{Heap after GC invocations=4 (full 0):
 garbage-first heap   total 262144K, used 22481K [0x0000000080000000, 0x0000000100000000)
  region size 1024K, 12 young (12288K), 12 survivors (12288K)
 Metaspace       used 21129K, committed 21504K, reserved 491520K
  class space    used 3124K, committed 3264K, reserved 425984K
}
Event: 9.149 GC heap before
{Heap before GC invocations=5 (full 0):
 garbage-first heap   total 81920K, used 59345K [0x0000000080000000, 0x0000000100000000)
  region size 1024K, 48 young (49152K), 12 survivors (12288K)
 Metaspace       used 27436K, committed 27776K, reserved 491520K
  class space    used 3911K, committed 4096K, reserved 425984K
}
Event: 9.163 GC heap after
{Heap after GC invocations=6 (full 0):
 garbage-first heap   total 81920K, used 25983K [0x0000000080000000, 0x0000000100000000)
  region size 1024K, 3 young (3072K), 3 survivors (3072K)
 Metaspace       used 27436K, committed 27776K, reserved 491520K
  class space    used 3911K, committed 4096K, reserved 425984K
}
Event: 9.194 GC heap before
{Heap before GC invocations=6 (full 0):
 garbage-first heap   total 81920K, used 27007K [0x0000000080000000, 0x0000000100000000)
  region size 1024K, 4 young (4096K), 3 survivors (3072K)
 Metaspace       used 27823K, committed 28096K, reserved 491520K
  class space    used 3962K, committed 4096K, reserved 425984K
}
Event: 9.198 GC heap after
{Heap after GC invocations=7 (full 0):
 garbage-first heap   total 81920K, used 26308K [0x0000000080000000, 0x0000000100000000)
  region size 1024K, 1 young (1024K), 1 survivors (1024K)
 Metaspace       used 27823K, committed 28096K, reserved 491520K
  class space    used 3962K, committed 4096K, reserved 425984K
}

Dll operation events (15 events):
Event: 0.054 Loaded shared library C:\Program Files\OpenLogic\jdk-17.0.10.7-hotspot\bin\java.dll
Event: 0.090 Loaded shared library C:\Program Files\OpenLogic\jdk-17.0.10.7-hotspot\bin\jsvml.dll
Event: 0.213 Loaded shared library C:\Program Files\OpenLogic\jdk-17.0.10.7-hotspot\bin\zip.dll
Event: 0.219 Loaded shared library C:\Program Files\OpenLogic\jdk-17.0.10.7-hotspot\bin\instrument.dll
Event: 0.233 Loaded shared library C:\Program Files\OpenLogic\jdk-17.0.10.7-hotspot\bin\net.dll
Event: 0.241 Loaded shared library C:\Program Files\OpenLogic\jdk-17.0.10.7-hotspot\bin\nio.dll
Event: 0.252 Loaded shared library C:\Program Files\OpenLogic\jdk-17.0.10.7-hotspot\bin\zip.dll
Event: 0.789 Loaded shared library C:\Program Files\OpenLogic\jdk-17.0.10.7-hotspot\bin\jimage.dll
Event: 0.999 Loaded shared library C:\Program Files\OpenLogic\jdk-17.0.10.7-hotspot\bin\verify.dll
Event: 1.411 Loaded shared library C:\Users\MAHE\.gradle\native\68d5fa5c4cc2d200863cafc0d521ce42e7d3e7ee720ec0a83991735586a16f82\windows-amd64\native-platform.dll
Event: 1.494 Loaded shared library C:\Users\MAHE\.gradle\native\e376f236ea51e6404a007f0833ffe2c6e607c4080706a723a18a27aeea778392\windows-amd64\native-platform-file-events.dll
Event: 4.262 Loaded shared library C:\Program Files\OpenLogic\jdk-17.0.10.7-hotspot\bin\management.dll
Event: 4.271 Loaded shared library C:\Program Files\OpenLogic\jdk-17.0.10.7-hotspot\bin\management_ext.dll
Event: 4.602 Loaded shared library C:\Program Files\OpenLogic\jdk-17.0.10.7-hotspot\bin\extnet.dll
Event: 4.906 Loaded shared library C:\Program Files\OpenLogic\jdk-17.0.10.7-hotspot\bin\sunmscapi.dll

Deoptimization events (20 events):
Event: 9.257 Thread 0x000001dae8202990 DEOPT PACKING pc=0x000001dab7e7fcac sp=0x00000076511f8bc0
Event: 9.257 Thread 0x000001dae8202990 DEOPT UNPACKING pc=0x000001dab77669a3 sp=0x00000076511f8b58 mode 2
Event: 9.335 Thread 0x000001dae8202990 Uncommon trap: trap_request=0xffffff45 fr.pc=0x000001dab7dd73c8 relative=0x0000000000005ca8
Event: 9.335 Thread 0x000001dae8202990 Uncommon trap: reason=unstable_if action=reinterpret pc=0x000001dab7dd73c8 method=java.lang.ClassLoader.getClassLoadingLock(Ljava/lang/String;)Ljava/lang/Object; @ 6 c2
Event: 9.335 Thread 0x000001dae8202990 DEOPT PACKING pc=0x000001dab7dd73c8 sp=0x00000076511f8b60
Event: 9.335 Thread 0x000001dae8202990 DEOPT UNPACKING pc=0x000001dab77669a3 sp=0x00000076511f8b90 mode 2
Event: 9.357 Thread 0x000001dae8202990 Uncommon trap: trap_request=0xffffffc6 fr.pc=0x000001dab7e461bc relative=0x00000000000040fc
Event: 9.357 Thread 0x000001dae8202990 Uncommon trap: reason=bimorphic_or_optimized_type_check action=maybe_recompile pc=0x000001dab7e461bc method=java.net.URL.<init>(Ljava/net/URL;Ljava/lang/String;Ljava/net/URLStreamHandler;)V @ 504 c2
Event: 9.357 Thread 0x000001dae8202990 DEOPT PACKING pc=0x000001dab7e461bc sp=0x00000076511f82e0
Event: 9.357 Thread 0x000001dae8202990 DEOPT UNPACKING pc=0x000001dab77669a3 sp=0x00000076511f8280 mode 2
Event: 9.469 Thread 0x000001dae8202990 Uncommon trap: trap_request=0xffffff45 fr.pc=0x000001dab7daa280 relative=0x00000000000000e0
Event: 9.469 Thread 0x000001dae8202990 Uncommon trap: reason=unstable_if action=reinterpret pc=0x000001dab7daa280 method=java.lang.ClassLoader.getClassLoadingLock(Ljava/lang/String;)Ljava/lang/Object; @ 6 c2
Event: 9.469 Thread 0x000001dae8202990 DEOPT PACKING pc=0x000001dab7daa280 sp=0x00000076511f8bf0
Event: 9.469 Thread 0x000001dae8202990 DEOPT UNPACKING pc=0x000001dab77669a3 sp=0x00000076511f8b90 mode 2
Event: 9.473 Thread 0x000001dae8202990 Uncommon trap: trap_request=0xffffff6e fr.pc=0x000001dab7ea9d6c relative=0x000000000000048c
Event: 9.473 Thread 0x000001dae8202990 Uncommon trap: reason=loop_limit_check action=maybe_recompile pc=0x000001dab7ea9d6c method=java.util.regex.Pattern$Start.match(Ljava/util/regex/Matcher;ILjava/lang/CharSequence;)Z @ 34 c2
Event: 9.473 Thread 0x000001dae8202990 DEOPT PACKING pc=0x000001dab7ea9d6c sp=0x00000076511f8930
Event: 9.473 Thread 0x000001dae8202990 DEOPT UNPACKING pc=0x000001dab77669a3 sp=0x00000076511f8870 mode 2
Event: 9.573 Thread 0x000001dae8202990 DEOPT PACKING pc=0x000001dab08f0020 sp=0x00000076511f86c0
Event: 9.573 Thread 0x000001dae8202990 DEOPT UNPACKING pc=0x000001dab7767143 sp=0x00000076511f7bd0 mode 0

Classes unloaded (0 events):
No events

Classes redefined (0 events):
No events

Internal exceptions (20 events):
Event: 7.628 Thread 0x000001dae8202990 Exception <a 'java/lang/NoSuchMethodError'{0x0000000089101470}: 'java.lang.Object java.lang.invoke.DirectMethodHandle$Holder.invokeSpecial(java.lang.Object, java.lang.Object, java.lang.Object, java.lang.Object, java.lang.Object, java.lang.Object, java.lang.Object, java.lang.Object, java.lang.Object, java.lang.Object, java.lang.Object, java.lang.Object)'> (0x0000000089101470) 
thrown [s\src\hotspot\share\interpreter\linkResolver.cpp, line 759]
Event: 7.629 Thread 0x000001dae8202990 Exception <a 'java/lang/NoSuchMethodError'{0x0000000089106b08}: 'java.lang.Object java.lang.invoke.Invokers$Holder.linkToTargetMethod(java.lang.Object, java.lang.Object, java.lang.Object, java.lang.Object, java.lang.Object, java.lang.Object, java.lang.Object, java.lang.Object, java.lang.Object, java.lang.Object, java.lang.Object)'> (0x0000000089106b08) 
thrown [s\src\hotspot\share\interpreter\linkResolver.cpp, line 759]
Event: 7.654 Thread 0x000001dae8202990 Exception <a 'java/lang/NoSuchMethodError'{0x00000000890149d8}: 'java.lang.Object java.lang.invoke.DirectMethodHandle$Holder.invokeStaticInit(java.lang.Object, java.lang.Object, java.lang.Object, java.lang.Object)'> (0x00000000890149d8) 
thrown [s\src\hotspot\share\interpreter\linkResolver.cpp, line 759]
Event: 7.793 Thread 0x000001dae8202990 Implicit null exception at 0x000001dab7cefc0f to 0x000001dab7cf0168
Event: 8.047 Thread 0x000001dae8202990 Exception <a 'java/lang/NoSuchMethodError'{0x0000000083562fe0}: 'java.lang.Object java.lang.invoke.DirectMethodHandle$Holder.newInvokeSpecial(java.lang.Object, java.lang.Object, java.lang.Object, java.lang.Object, java.lang.Object, java.lang.Object, java.lang.Object, java.lang.Object)'> (0x0000000083562fe0) 
thrown [s\src\hotspot\share\interpreter\linkResolver.cpp, line 759]
Event: 8.048 Thread 0x000001dae8202990 Exception <a 'java/lang/NoSuchMethodError'{0x0000000083568a58}: 'java.lang.Object java.lang.invoke.Invokers$Holder.linkToTargetMethod(java.lang.Object, java.lang.Object, java.lang.Object, java.lang.Object, java.lang.Object, java.lang.Object, java.lang.Object, java.lang.Object)'> (0x0000000083568a58) 
thrown [s\src\hotspot\share\interpreter\linkResolver.cpp, line 759]
Event: 8.088 Thread 0x000001dae8202990 Exception <a 'java/lang/IncompatibleClassChangeError'{0x00000000835d7c58}: Found class java.lang.Object, but interface was expected> (0x00000000835d7c58) 
thrown [s\src\hotspot\share\interpreter\linkResolver.cpp, line 826]
Event: 8.495 Thread 0x000001dae8202990 Exception <a 'java/lang/NoSuchMethodError'{0x0000000082d1b5c0}: 'java.lang.Object java.lang.invoke.DirectMethodHandle$Holder.newInvokeSpecial(java.lang.Object, java.lang.Object, int, int)'> (0x0000000082d1b5c0) 
thrown [s\src\hotspot\share\interpreter\linkResolver.cpp, line 759]
Event: 8.761 Thread 0x000001dae8202990 Exception <a 'java/lang/NoSuchMethodError'{0x0000000082786db0}: 'void java.lang.invoke.DirectMethodHandle$Holder.invokeStaticInit(java.lang.Object, java.lang.Object, java.lang.Object)'> (0x0000000082786db0) 
thrown [s\src\hotspot\share\interpreter\linkResolver.cpp, line 759]
Event: 8.783 Thread 0x000001dae8202990 Exception <a 'java/lang/NoSuchMethodError'{0x000000008278e570}: 'void java.lang.invoke.DirectMethodHandle$Holder.invokeStaticInit(java.lang.Object, java.lang.Object, java.lang.Object, java.lang.Object)'> (0x000000008278e570) 
thrown [s\src\hotspot\share\interpreter\linkResolver.cpp, line 759]
Event: 8.823 Thread 0x000001dae8202990 Exception <a 'java/lang/NoSuchMethodError'{0x00000000827af748}: 'void java.lang.invoke.DirectMethodHandle$Holder.invokeStaticInit(java.lang.Object, java.lang.Object, java.lang.Object, java.lang.Object, java.lang.Object)'> (0x00000000827af748) 
thrown [s\src\hotspot\share\interpreter\linkResolver.cpp, line 759]
Event: 8.825 Thread 0x000001dae8202990 Exception <a 'java/lang/NoSuchMethodError'{0x00000000827b7510}: 'int java.lang.invoke.DirectMethodHandle$Holder.invokeStaticInit(java.lang.Object, java.lang.Object, java.lang.Object)'> (0x00000000827b7510) 
thrown [s\src\hotspot\share\interpreter\linkResolver.cpp, line 759]
Event: 8.919 Thread 0x000001dae8202990 Exception <a 'java/lang/NoSuchMethodError'{0x00000000826219a0}: 'int java.lang.invoke.DirectMethodHandle$Holder.invokeStaticInit(java.lang.Object, java.lang.Object, java.lang.Object, java.lang.Object)'> (0x00000000826219a0) 
thrown [s\src\hotspot\share\interpreter\linkResolver.cpp, line 759]
Event: 9.237 Thread 0x000001dae8202990 Exception <a 'java/lang/ClassNotFoundException'{0x0000000088b7ccb8}: groovy/lang/ExpandoMetaClassBeanInfo> (0x0000000088b7ccb8) 
thrown [s\src\hotspot\share\classfile\systemDictionary.cpp, line 256]
Event: 9.238 Thread 0x000001dae8202990 Exception <a 'java/lang/ClassNotFoundException'{0x0000000088b93ae0}: groovy/lang/MetaClassImplBeanInfo> (0x0000000088b93ae0) 
thrown [s\src\hotspot\share\classfile\systemDictionary.cpp, line 256]
Event: 9.238 Thread 0x000001dae8202990 Exception <a 'java/lang/ClassNotFoundException'{0x0000000088b98c18}: java/lang/ObjectBeanInfo> (0x0000000088b98c18) 
thrown [s\src\hotspot\share\classfile\systemDictionary.cpp, line 256]
Event: 9.239 Thread 0x000001dae8202990 Exception <a 'java/lang/ClassNotFoundException'{0x0000000088b9ef88}: java/lang/ObjectCustomizer> (0x0000000088b9ef88) 
thrown [s\src\hotspot\share\classfile\systemDictionary.cpp, line 256]
Event: 9.245 Thread 0x000001dae8202990 Exception <a 'java/lang/IncompatibleClassChangeError'{0x0000000088bae9b8}: Found class java.lang.Object, but interface was expected> (0x0000000088bae9b8) 
thrown [s\src\hotspot\share\interpreter\linkResolver.cpp, line 826]
Event: 9.250 Thread 0x000001dae8202990 Exception <a 'java/lang/ClassNotFoundException'{0x0000000088bd4340}: groovy/lang/MetaClassImplCustomizer> (0x0000000088bd4340) 
thrown [s\src\hotspot\share\classfile\systemDictionary.cpp, line 256]
Event: 9.255 Thread 0x000001dae8202990 Exception <a 'java/lang/ClassNotFoundException'{0x0000000088a0aa98}: groovy/lang/ExpandoMetaClassCustomizer> (0x0000000088a0aa98) 
thrown [s\src\hotspot\share\classfile\systemDictionary.cpp, line 256]

VM Operations (20 events):
Event: 8.682 Executing VM operation: ICBufferFull
Event: 8.682 Executing VM operation: ICBufferFull done
Event: 9.139 Executing VM operation: HandshakeAllThreads
Event: 9.139 Executing VM operation: HandshakeAllThreads done
Event: 9.149 Executing VM operation: G1CollectForAllocation
Event: 9.163 Executing VM operation: G1CollectForAllocation done
Event: 9.194 Executing VM operation: G1CollectForAllocation
Event: 9.199 Executing VM operation: G1CollectForAllocation done
Event: 9.357 Executing VM operation: HandshakeAllThreads
Event: 9.357 Executing VM operation: HandshakeAllThreads done
Event: 9.358 Executing VM operation: HandshakeAllThreads
Event: 9.358 Executing VM operation: HandshakeAllThreads done
Event: 9.367 Executing VM operation: HandshakeAllThreads
Event: 9.367 Executing VM operation: HandshakeAllThreads done
Event: 9.371 Executing VM operation: HandshakeAllThreads
Event: 9.372 Executing VM operation: HandshakeAllThreads done
Event: 9.385 Executing VM operation: HandshakeAllThreads
Event: 9.385 Executing VM operation: HandshakeAllThreads done
Event: 9.483 Executing VM operation: HandshakeAllThreads
Event: 9.483 Executing VM operation: HandshakeAllThreads done

Events (20 events):
Event: 9.478 loading class jdk/internal/jimage/ImageReader$Directory
Event: 9.479 loading class jdk/internal/jimage/ImageReader$Node
Event: 9.480 loading class jdk/internal/jimage/ImageReader$Node done
Event: 9.480 loading class jdk/internal/jimage/ImageReader$Directory done
Event: 9.480 loading class jdk/internal/jrtfs/SystemImage$1
Event: 9.480 loading class jdk/internal/jrtfs/SystemImage$1 done
Event: 9.481 loading class jdk/internal/jimage/ImageReader$SharedImageReader$LocationVisitor
Event: 9.481 loading class jdk/internal/jimage/ImageReader$SharedImageReader$LocationVisitor done
Event: 9.482 loading class java/nio/ByteBufferAsIntBufferL
Event: 9.483 loading class java/nio/ByteBufferAsIntBufferL done
Event: 9.484 loading class jdk/internal/jrtfs/JrtFileAttributes
Event: 9.484 loading class jdk/internal/jrtfs/JrtFileAttributes done
Event: 9.484 loading class jdk/internal/jrtfs/JrtDirectoryStream
Event: 9.485 loading class jdk/internal/jrtfs/JrtDirectoryStream done
Event: 9.485 loading class jdk/internal/jrtfs/JrtDirectoryStream$1
Event: 9.485 loading class jdk/internal/jrtfs/JrtDirectoryStream$1 done
Event: 9.486 loading class java/util/function/BooleanSupplier
Event: 9.486 loading class java/util/function/BooleanSupplier done
Event: 9.486 loading class jdk/internal/jimage/ImageReader$Resource
Event: 9.486 loading class jdk/internal/jimage/ImageReader$Resource done


Dynamic libraries:
0x00007ff690080000 - 0x00007ff69008e000 	C:\Program Files\OpenLogic\jdk-17.0.10.7-hotspot\bin\java.exe
0x00007fff173d0000 - 0x00007fff175e6000 	C:\Windows\SYSTEM32\ntdll.dll
0x00007fff165c0000 - 0x00007fff16684000 	C:\Windows\System32\KERNEL32.DLL
0x00007fff147a0000 - 0x00007fff14b47000 	C:\Windows\System32\KERNELBASE.dll
0x00007fff14440000 - 0x00007fff14560000 	C:\Windows\system32\hmpalert.dll
0x00007fff14bf0000 - 0x00007fff14d01000 	C:\Windows\System32\ucrtbase.dll
0x00007ffefba00000 - 0x00007ffefba17000 	C:\Program Files\OpenLogic\jdk-17.0.10.7-hotspot\bin\jli.dll
0x00007fff15b00000 - 0x00007fff15cae000 	C:\Windows\System32\USER32.dll
0x00007fff146f0000 - 0x00007fff14716000 	C:\Windows\System32\win32u.dll
0x00007fff16fd0000 - 0x00007fff16ff9000 	C:\Windows\System32\GDI32.dll
0x00007fff14fe0000 - 0x00007fff150f9000 	C:\Windows\System32\gdi32full.dll
0x00007fff14b50000 - 0x00007fff14bea000 	C:\Windows\System32\msvcp_win.dll
0x00007fff0ae60000 - 0x00007fff0b0f3000 	C:\Windows\WinSxS\amd64_microsoft.windows.common-controls_6595b64144ccf1df_6.0.22621.3235_none_270f74e173860f98\COMCTL32.dll
0x00007fff16950000 - 0x00007fff169f7000 	C:\Windows\System32\msvcrt.dll
0x00007ffefb9e0000 - 0x00007ffefb9fb000 	C:\Program Files\OpenLogic\jdk-17.0.10.7-hotspot\bin\VCRUNTIME140.dll
0x00007fff15e20000 - 0x00007fff15e51000 	C:\Windows\System32\IMM32.DLL
0x00007ffedff30000 - 0x00007ffedff3c000 	C:\Program Files\OpenLogic\jdk-17.0.10.7-hotspot\bin\vcruntime140_1.dll
0x00007ffeab8d0000 - 0x00007ffeab95d000 	C:\Program Files\OpenLogic\jdk-17.0.10.7-hotspot\bin\msvcp140.dll
0x00007ffe9f690000 - 0x00007ffea02f2000 	C:\Program Files\OpenLogic\jdk-17.0.10.7-hotspot\bin\server\jvm.dll
0x00007fff15a40000 - 0x00007fff15af2000 	C:\Windows\System32\ADVAPI32.dll
0x00007fff17280000 - 0x00007fff17328000 	C:\Windows\System32\sechost.dll
0x00007fff14fb0000 - 0x00007fff14fd8000 	C:\Windows\System32\bcrypt.dll
0x00007fff17080000 - 0x00007fff17195000 	C:\Windows\System32\RPCRT4.dll
0x00007ffedf310000 - 0x00007ffedf319000 	C:\Windows\SYSTEM32\WSOCK32.dll
0x00007fff16d90000 - 0x00007fff16e01000 	C:\Windows\System32\WS2_32.dll
0x00007fff142f0000 - 0x00007fff1433d000 	C:\Windows\SYSTEM32\POWRPROF.dll
0x00007fff02dd0000 - 0x00007fff02e04000 	C:\Windows\SYSTEM32\WINMM.dll
0x00007fff0fd80000 - 0x00007fff0fd8a000 	C:\Windows\SYSTEM32\VERSION.dll
0x00007fff142d0000 - 0x00007fff142e3000 	C:\Windows\SYSTEM32\UMPDC.dll
0x00007fff13620000 - 0x00007fff13638000 	C:\Windows\SYSTEM32\kernel.appcore.dll
0x00007ffedf300000 - 0x00007ffedf30a000 	C:\Program Files\OpenLogic\jdk-17.0.10.7-hotspot\bin\jimage.dll
0x00007fff0e5b0000 - 0x00007fff0e7e3000 	C:\Windows\SYSTEM32\DBGHELP.DLL
0x00007fff16a00000 - 0x00007fff16d88000 	C:\Windows\System32\combase.dll
0x00007fff171a0000 - 0x00007fff17277000 	C:\Windows\System32\OLEAUT32.dll
0x00007fff0e570000 - 0x00007fff0e5a2000 	C:\Windows\SYSTEM32\dbgcore.DLL
0x00007fff14720000 - 0x00007fff14799000 	C:\Windows\System32\bcryptPrimitives.dll
0x00007ffedc090000 - 0x00007ffedc09e000 	C:\Program Files\OpenLogic\jdk-17.0.10.7-hotspot\bin\instrument.dll
0x00007ffedc0c0000 - 0x00007ffedc0e5000 	C:\Program Files\OpenLogic\jdk-17.0.10.7-hotspot\bin\java.dll
0x00007ffeab7f0000 - 0x00007ffeab8c6000 	C:\Program Files\OpenLogic\jdk-17.0.10.7-hotspot\bin\jsvml.dll
0x00007fff151e0000 - 0x00007fff15a3c000 	C:\Windows\System32\SHELL32.dll
0x00007fff12550000 - 0x00007fff12e49000 	C:\Windows\SYSTEM32\windows.storage.dll
0x00007fff12410000 - 0x00007fff1254e000 	C:\Windows\SYSTEM32\wintypes.dll
0x00007fff16690000 - 0x00007fff16783000 	C:\Windows\System32\SHCORE.dll
0x00007fff15db0000 - 0x00007fff15e0e000 	C:\Windows\System32\shlwapi.dll
0x00007fff14620000 - 0x00007fff14641000 	C:\Windows\SYSTEM32\profapi.dll
0x00007ffeab7d0000 - 0x00007ffeab7e8000 	C:\Program Files\OpenLogic\jdk-17.0.10.7-hotspot\bin\zip.dll
0x00007ffedc0a0000 - 0x00007ffedc0b9000 	C:\Program Files\OpenLogic\jdk-17.0.10.7-hotspot\bin\net.dll
0x00007fff0f730000 - 0x00007fff0f866000 	C:\Windows\SYSTEM32\WINHTTP.dll
0x00007fff13a90000 - 0x00007fff13af9000 	C:\Windows\system32\mswsock.dll
0x00007ffedbef0000 - 0x00007ffedbf06000 	C:\Program Files\OpenLogic\jdk-17.0.10.7-hotspot\bin\nio.dll
0x00007ffedeec0000 - 0x00007ffedeed0000 	C:\Program Files\OpenLogic\jdk-17.0.10.7-hotspot\bin\verify.dll
0x00007ffea91e0000 - 0x00007ffea9207000 	C:\Users\MAHE\.gradle\native\68d5fa5c4cc2d200863cafc0d521ce42e7d3e7ee720ec0a83991735586a16f82\windows-amd64\native-platform.dll
0x00007ffea03b0000 - 0x00007ffea04f4000 	C:\Users\MAHE\.gradle\native\e376f236ea51e6404a007f0833ffe2c6e607c4080706a723a18a27aeea778392\windows-amd64\native-platform-file-events.dll
0x00007ffede6f0000 - 0x00007ffede6f9000 	C:\Program Files\OpenLogic\jdk-17.0.10.7-hotspot\bin\management.dll
0x00007ffede690000 - 0x00007ffede69b000 	C:\Program Files\OpenLogic\jdk-17.0.10.7-hotspot\bin\management_ext.dll
0x00007fff165b0000 - 0x00007fff165b8000 	C:\Windows\System32\PSAPI.DLL
0x00007fff13ce0000 - 0x00007fff13cfb000 	C:\Windows\SYSTEM32\CRYPTSP.dll
0x00007fff13580000 - 0x00007fff135b5000 	C:\Windows\system32\rsaenh.dll
0x00007fff13b80000 - 0x00007fff13ba8000 	C:\Windows\SYSTEM32\USERENV.dll
0x00007fff13d00000 - 0x00007fff13d0c000 	C:\Windows\SYSTEM32\CRYPTBASE.dll
0x00007fff130b0000 - 0x00007fff130dd000 	C:\Windows\SYSTEM32\IPHLPAPI.DLL
0x00007fff15e10000 - 0x00007fff15e19000 	C:\Windows\System32\NSI.dll
0x00007fff0f690000 - 0x00007fff0f6a9000 	C:\Windows\SYSTEM32\dhcpcsvc6.DLL
0x00007fff0f670000 - 0x00007fff0f68f000 	C:\Windows\SYSTEM32\dhcpcsvc.DLL
0x00007fff130e0000 - 0x00007fff131d9000 	C:\Windows\SYSTEM32\DNSAPI.dll
0x00007ffedc630000 - 0x00007ffedc638000 	C:\Program Files\OpenLogic\jdk-17.0.10.7-hotspot\bin\extnet.dll
0x00007ffedbd60000 - 0x00007ffedbd6e000 	C:\Program Files\OpenLogic\jdk-17.0.10.7-hotspot\bin\sunmscapi.dll
0x00007fff14e40000 - 0x00007fff14fa6000 	C:\Windows\System32\CRYPT32.dll
0x00007fff13ea0000 - 0x00007fff13ece000 	C:\Windows\SYSTEM32\ncrypt.dll
0x00007fff13e60000 - 0x00007fff13e97000 	C:\Windows\SYSTEM32\NTASN1.dll
0x00007ffeb6830000 - 0x00007ffeb6838000 	C:\Windows\system32\wshunix.dll

dbghelp: loaded successfully - version: 4.0.5 - missing functions: none
symbol engine: initialized successfully - sym options: 0x614 - pdb path: .;C:\Program Files\OpenLogic\jdk-17.0.10.7-hotspot\bin;C:\Windows\SYSTEM32;C:\Windows\WinSxS\amd64_microsoft.windows.common-controls_6595b64144ccf1df_6.0.22621.3235_none_270f74e173860f98;C:\Program Files\OpenLogic\jdk-17.0.10.7-hotspot\bin\server;C:\Users\MAHE\.gradle\native\68d5fa5c4cc2d200863cafc0d521ce42e7d3e7ee720ec0a83991735586a16f82\windows-amd64;C:\Users\MAHE\.gradle\native\e376f236ea51e6404a007f0833ffe2c6e607c4080706a723a18a27aeea778392\windows-amd64

VM Arguments:
jvm_args: -XX:MaxMetaspaceSize=512m --add-opens=java.base/java.util=ALL-UNNAMED --add-opens=java.base/java.lang=ALL-UNNAMED --add-opens=java.base/java.lang.invoke=ALL-UNNAMED --add-opens=java.prefs/java.util.prefs=ALL-UNNAMED --add-opens=java.base/java.nio.charset=ALL-UNNAMED --add-opens=java.base/java.net=ALL-UNNAMED --add-opens=java.base/java.util.concurrent.atomic=ALL-UNNAMED -Xmx2048m -Dfile.encoding=windows-1252 -Duser.country=IN -Duser.language=en -Duser.variant -javaagent:C:\Users\MAHE\.gradle\wrapper\dists\gradle-8.3-all\6en3ugtfdg5xnpx44z4qbwgas\gradle-8.3\lib\agents\gradle-instrumentation-agent-8.3.jar 
java_command: org.gradle.launcher.daemon.bootstrap.GradleDaemon 8.3
java_class_path (initial): C:\Users\MAHE\.gradle\wrapper\dists\gradle-8.3-all\6en3ugtfdg5xnpx44z4qbwgas\gradle-8.3\lib\gradle-launcher-8.3.jar
Launcher Type: SUN_STANDARD

[Global flags]
     intx CICompilerCount                          = 3                                         {product} {ergonomic}
   size_t CompressedClassSpaceSize                 = 436207616                                 {product} {ergonomic}
     uint ConcGCThreads                            = 1                                         {product} {ergonomic}
     uint G1ConcRefinementThreads                  = 4                                         {product} {ergonomic}
   size_t G1HeapRegionSize                         = 1048576                                   {product} {ergonomic}
    uintx GCDrainStackTargetSize                   = 64                                        {product} {ergonomic}
   size_t InitialHeapSize                          = 268435456                                 {product} {ergonomic}
   size_t MarkStackSize                            = 4194304                                   {product} {ergonomic}
   size_t MaxHeapSize                              = 2147483648                                {product} {command line}
   size_t MaxMetaspaceSize                         = 536870912                                 {product} {command line}
   size_t MaxNewSize                               = 1287651328                                {product} {ergonomic}
   size_t MinHeapDeltaBytes                        = 1048576                                   {product} {ergonomic}
   size_t MinHeapSize                              = 8388608                                   {product} {ergonomic}
    uintx NonNMethodCodeHeapSize                   = 5832780                                {pd product} {ergonomic}
    uintx NonProfiledCodeHeapSize                  = 122912730                              {pd product} {ergonomic}
    uintx ProfiledCodeHeapSize                     = 122912730                              {pd product} {ergonomic}
    uintx ReservedCodeCacheSize                    = 251658240                              {pd product} {ergonomic}
     bool SegmentedCodeCache                       = true                                      {product} {ergonomic}
   size_t SoftMaxHeapSize                          = 2147483648                             {manageable} {ergonomic}
     bool UseCompressedClassPointers               = true                           {product lp64_product} {ergonomic}
     bool UseCompressedOops                        = true                           {product lp64_product} {ergonomic}
     bool UseG1GC                                  = true                                      {product} {ergonomic}
     bool UseLargePagesIndividualAllocation        = false                                  {pd product} {ergonomic}

Logging:
Log output configuration:
 #0: stdout all=warning uptime,level,tags
 #1: stderr all=off uptime,level,tags

Environment Variables:
JAVA_HOME=C:\Program Files\OpenLogic\jdk-17.0.10.7-hotspot\
CLASSPATH=C:\Users\MAHE\Documents\demo1_joyson1\android\\gradle\wrapper\gradle-wrapper.jar
PATH=C:\Users\MAHE\Documents\demo1_joyson1\node_modules\.bin;C:\Users\MAHE\Documents\demo1_joyson1\node_modules\.bin;C:\Users\MAHE\Documents\node_modules\.bin;C:\Users\MAHE\node_modules\.bin;C:\Users\node_modules\.bin;C:\node_modules\.bin;C:\Users\MAHE\AppData\Roaming\npm\node_modules\npm\node_modules\@npmcli\run-script\lib\node-gyp-bin;C:\Program Files\OpenLogic\jdk-17.0.10.7-hotspot\bin;C:\Python312\Scripts\;C:\Python312\;C:\Windows\system32;C:\Windows;C:\Windows\System32\Wbem;C:\Windows\System32\WindowsPowerShell\v1.0\;C:\Windows\System32\OpenSSH\;C:\Program Files\nodejs\;C:\ProgramData\chocolatey\bin;C:\Program Files\Git\cmd;C:\Program Files\Git\bin;C:\Program Files (x86)\Microsoft SQL Server\160\Tools\Binn\;C:\Program Files\Microsoft SQL Server\160\Tools\Binn\;C:\Program Files\Microsoft SQL Server\Client SDK\ODBC\170\Tools\Binn\;C:\Program Files\Microsoft SQL Server\160\DTS\Binn\;C:\Program Files (x86)\Microsoft SQL Server\160\DTS\Binn\;C:\Program Files\Azure Data Studio\bin;C:\Users\MAHE\AppData\Local\Microsoft\WindowsApps;C:\Users\MAHE\AppData\Local\Programs\Microsoft VS Code\bin;C:\Users\MAHE\AppData\Roaming\npm;C:\Users\MAHE\AppData\Local\Android\Sdk;C:\Users\MAHE\AppData\Local\Android\Sdk\platform-tools;C:\Users\MAHE\AppData\Local\Android\Sdk\emulator;C:\Program Files\Git\bin;;C:\Program Files\Azure Data Studio\bin
USERNAME=MAHE
LANG=en_US.UTF-8
OS=Windows_NT
PROCESSOR_IDENTIFIER=Intel64 Family 6 Model 60 Stepping 3, GenuineIntel
TMP=C:\Users\MAHE\AppData\Local\Temp
TEMP=C:\Users\MAHE\AppData\Local\Temp



Periodic native trim disabled


---------------  S Y S T E M  ---------------

OS:
 Windows 11 , 64 bit Build 22621 (10.0.22621.3374)
OS uptime: 0 days 12:14 hours

CPU: total 4 (initial active 4) (4 cores per cpu, 1 threads per core) family 6 model 60 stepping 3 microcode 0x28, cx8, cmov, fxsr, mmx, sse, sse2, sse3, ssse3, sse4.1, sse4.2, popcnt, lzcnt, tsc, tscinvbit, avx, avx2, aes, erms, clmul, bmi1, bmi2, fma, vzeroupper, clflush
Processor Information for all 4 processors :
  Max Mhz: 3001, Current Mhz: 3001, Mhz Limit: 3001

Memory: 4k page, system-wide physical 16309M (8252M free)
TotalPageFile size 32693M (AvailPageFile size 23117M)
current process WorkingSet (physical memory assigned to process): 213M, peak: 247M
current process commit charge ("private bytes"): 253M, peak: 425M

vm_info: OpenJDK 64-Bit Server VM (17.0.10+7-adhoc..jdk17u) for windows-amd64 JRE (17.0.10+7-adhoc..jdk17u), built on Jan 24 2024 08:51:31 by "" with MS VC++ 16.10 / 16.11 (VS2019)

END.
