#
# A fatal error has been detected by the Java Runtime Environment:
#
#  EXCEPTION_ACCESS_VIOLATION (0xc0000005) at pc=0x00007ff98cc76d54, pid=6404, tid=11976
#
# JRE version: OpenJDK Runtime Environment OpenLogic-OpenJDK (17.0.10+7) (build 17.0.10+7-adhoc..jdk17u)
# Java VM: OpenJDK 64-Bit Server VM OpenLogic-OpenJDK (17.0.10+7-adhoc..jdk17u, mixed mode, sharing, tiered, compressed oops, compressed class ptrs, g1 gc, windows-amd64)
# Problematic frame:
# V  [jvm.dll+0x566d54]
#
# No core dump will be written. Minidumps are not enabled by default on client versions of Windows
#
# If you would like to submit a bug report, please visit:
#   https://techsupport.roguewave.com/
#

---------------  S U M M A R Y ------------

Command Line: -XX:MaxMetaspaceSize=512m --add-opens=java.base/java.util=ALL-UNNAMED --add-opens=java.base/java.lang=ALL-UNNAMED --add-opens=java.base/java.lang.invoke=ALL-UNNAMED --add-opens=java.prefs/java.util.prefs=ALL-UNNAMED --add-opens=java.base/java.nio.charset=ALL-UNNAMED --add-opens=java.base/java.net=ALL-UNNAMED --add-opens=java.base/java.util.concurrent.atomic=ALL-UNNAMED -Xmx2048m -Dfile.encoding=windows-1252 -Duser.country=IN -Duser.language=en -Duser.variant -javaagent:C:\Users\MAHE\.gradle\wrapper\dists\gradle-8.3-all\6en3ugtfdg5xnpx44z4qbwgas\gradle-8.3\lib\agents\gradle-instrumentation-agent-8.3.jar org.gradle.launcher.daemon.bootstrap.GradleDaemon 8.3

Host: Intel(R) Core(TM) i5-4590S CPU @ 3.00GHz, 4 cores, 15G,  Windows 11 , 64 bit Build 22621 (10.0.22621.3235)
Time: Mon Mar 18 10:48:21 2024 India Standard Time elapsed time: 27.878184 seconds (0d 0h 0m 27s)

---------------  T H R E A D  ---------------

Current thread (0x000002467ecc8e70):  JavaThread "C2 CompilerThread1" daemon [_thread_in_native, id=11976, stack(0x00000073b9d00000,0x00000073b9e00000)]


Current CompileTask:
C2:  27878 9308       4       java.lang.Class::getMethod (59 bytes)

Stack: [0x00000073b9d00000,0x00000073b9e00000],  sp=0x00000073b9dfbcc0,  free space=1007k
Native frames: (J=compiled Java code, j=interpreted, Vv=VM code, C=native code)
V  [jvm.dll+0x566d54]
V  [jvm.dll+0x1bcd2b]
V  [jvm.dll+0x21a3f9]
V  [jvm.dll+0x2196c1]
V  [jvm.dll+0x1a512d]
V  [jvm.dll+0x22949e]
V  [jvm.dll+0x22766c]
V  [jvm.dll+0x7e9ea7]
V  [jvm.dll+0x7e42aa]
V  [jvm.dll+0x67c5d5]
C  [ucrtbase.dll+0x29363]
C  [KERNEL32.DLL+0x1257d]
C  [ntdll.dll+0x5aa58]


siginfo: EXCEPTION_ACCESS_VIOLATION (0xc0000005), reading address 0x0000024a789bacc8


Registers:
RAX=0x00000073b9dfc150, RBX=0x00000246203f11d0, RCX=0x00000246209ba550, RDX=0x000000008b0000ef
RSP=0x00000073b9dfbcc0, RBP=0x0000000000000000, RSI=0x00000073b9dfbed0, RDI=0x0000000000000008
R8 =0x00000246280cd7a0, R9 =0x00000073b9dfbd28, R10=0x00007ff98d293d88, R11=0x00000073b9dfbcb8
R12=0x0000000000000001, R13=0x00000246280cd7a0, R14=0x0000000000000001, R15=0x0000024622845320
RIP=0x00007ff98cc76d54, EFLAGS=0x0000000000010202


Register to memory mapping:

RIP=0x00007ff98cc76d54 jvm.dll
RAX=0x00000073b9dfc150 is pointing into the stack for thread: 0x000002467ecc8e70
RBX=0x00000246203f11d0 points into unknown readable memory: 0x00007ff98d02c540 | 40 c5 02 8d f9 7f 00 00
RCX=0x00000246209ba550 points into unknown readable memory: 0x0000024621270350 | 50 03 27 21 46 02 00 00
RDX=0x000000008b0000ef is an unallocated location in the heap
RSP=0x00000073b9dfbcc0 is pointing into the stack for thread: 0x000002467ecc8e70
RBP=0x0 is NULL
RSI=0x00000073b9dfbed0 is pointing into the stack for thread: 0x000002467ecc8e70
RDI=0x0000000000000008 is an unknown value
R8 =0x00000246280cd7a0 points into unknown readable memory: 0x000000070000000b | 0b 00 00 00 07 00 00 00
R9 =0x00000073b9dfbd28 is pointing into the stack for thread: 0x000002467ecc8e70
R10=0x00007ff98d293d88 jvm.dll
R11=0x00000073b9dfbcb8 is pointing into the stack for thread: 0x000002467ecc8e70
R12=0x0000000000000001 is an unknown value
R13=0x00000246280cd7a0 points into unknown readable memory: 0x000000070000000b | 0b 00 00 00 07 00 00 00
R14=0x0000000000000001 is an unknown value
R15=0x0000024622845320 points into unknown readable memory: 0x0000000700000004 | 04 00 00 00 07 00 00 00


Top of Stack: (sp=0x00000073b9dfbcc0)
0x00000073b9dfbcc0:   0000000000000668 00000246203f11d0
0x00000073b9dfbcd0:   00000246280cd7a0 0000000000000000
0x00000073b9dfbce0:   00000246225446e8 0000000000000020
0x00000073b9dfbcf0:   00000246280cd7a0 0000000000000008
0x00000073b9dfbd00:   0000024621249b60 0000024620d52f40
0x00000073b9dfbd10:   0000000000143d58 0000024620d52f90
0x00000073b9dfbd20:   0000024620d5af28 00007ff900000010
0x00000073b9dfbd30:   00000246280cc860 0000007300000010
0x00000073b9dfbd40:   0000024621249b60 0000000000000000
0x00000073b9dfbd50:   0000000000061d70 00000246203917f0
0x00000073b9dfbd60:   00000000000003d8 0000024620391bd8
0x00000073b9dfbd70:   0000024620391800 0000000000000000
0x00000073b9dfbd80:   00000073b9dfc2d0 00000073b9dfbea0
0x00000073b9dfbd90:   00000073b9dfc1f0 00007ff98c8ccd2b
0x00000073b9dfbda0:   00000073000002dd 0000007300000001
0x00000073b9dfbdb0:   00000246203f11d0 0000000000000050
0x00000073b9dfbdc0:   0000000000000000 0000000000000000
0x00000073b9dfbdd0:   0000000000000006 00000246203917f0
0x00000073b9dfbde0:   0000024622111ef0 0000024622118b60
0x00000073b9dfbdf0:   0000024622119ed8 00000000000ecae8
0x00000073b9dfbe00:   0000000000000000 0000000000000000
0x00000073b9dfbe10:   0000000000000000 0000024621567e00
0x00000073b9dfbe20:   0000000000000000 00007ff98d040d08
0x00000073b9dfbe30:   0000000000000000 0000000000000000
0x00000073b9dfbe40:   0000000000000000 00007ff98d040d08
0x00000073b9dfbe50:   0000024600000000 00000000000001fc
0x00000073b9dfbe60:   000002460000000c 00000073b9dfeb40
0x00000073b9dfbe70:   0000024621398280 000000008ca43e00
0x00000073b9dfbe80:   00000246227d5020 00000000000008e6
0x00000073b9dfbe90:   00000073b9dfbdd0 0000024620391800
0x00000073b9dfbea0:   00007ff98d040cd8 000000000000000d
0x00000073b9dfbeb0:   00000073b9dfeb40 00000073b9dfc1f0 

Instructions: (pc=0x00007ff98cc76d54)
0x00007ff98cc76c54:   91 85 ff 74 5c 49 8b 47 08 8b cf 48 c1 e9 08 8b
0x00007ff98cc76c64:   df 4c 8b 04 c8 4d 3b c2 75 14 8b d7 49 8b cf e8
0x00007ff98cc76c74:   d8 50 e0 ff 4c 8b c0 4c 8d 15 06 d1 61 00 0f b6
0x00007ff98cc76c84:   cb ba 01 00 00 00 48 c1 eb 06 80 e1 3f 83 e3 03
0x00007ff98cc76c94:   48 d3 e2 49 8b 0c d8 48 8b c1 48 0b c2 49 89 04
0x00007ff98cc76ca4:   d8 48 8b 9c 24 f0 00 00 00 48 85 ca 75 03 41 ff
0x00007ff98cc76cb4:   07 49 8b 45 08 48 8b cf 48 c1 e9 08 4c 8b cf 49
0x00007ff98cc76cc4:   c1 e9 06 41 b8 01 00 00 00 41 83 e1 03 48 8b 14
0x00007ff98cc76cd4:   c8 40 0f b6 cf 80 e1 3f 49 d3 e0 49 8b c0 4a 8b
0x00007ff98cc76ce4:   0c ca 48 f7 d0 48 23 c1 4a 89 04 ca 49 85 c8 74
0x00007ff98cc76cf4:   04 41 ff 4d 00 85 ed 0f 85 31 ff ff ff 48 8b cb
0x00007ff98cc76d04:   41 bc 01 00 00 00 e8 a1 b8 bb ff 41 3b c4 0f 86
0x00007ff98cc76d14:   06 02 00 00 83 7b 18 00 76 09 48 8b 43 20 48 8b
0x00007ff98cc76d24:   08 eb 02 33 c9 41 8b c4 4c 8d 4c 24 68 48 8d 3c
0x00007ff98cc76d34:   c5 00 00 00 00 4d 8b c5 48 8b 41 08 48 89 7c 24
0x00007ff98cc76d44:   38 48 8b 0c 38 48 8b 46 40 8b 51 28 48 8b 48 78
0x00007ff98cc76d54:   4c 8b 3c d1 48 8b ce 49 8b d7 e8 9d f6 ff ff 41
0x00007ff98cc76d64:   8b ee 45 85 f6 0f 84 9b 01 00 00 4c 8b 6c 24 28
0x00007ff98cc76d74:   ff cd 3b 6b 18 73 0a 48 8b 43 20 48 8b 04 e8 eb
0x00007ff98cc76d84:   02 33 c0 44 3b 60 18 0f 83 64 01 00 00 48 8b 40
0x00007ff98cc76d94:   08 48 8b 0c 38 48 8b 46 48 48 63 51 28 48 8b 48
0x00007ff98cc76da4:   08 41 8b 47 4c ff c8 44 8b 34 91 41 8b d6 48 8d
0x00007ff98cc76db4:   0c 80 48 c1 e1 05 48 03 4e 10 e8 6d 8e c5 ff 84
0x00007ff98cc76dc4:   c0 0f 84 2a 01 00 00 45 8b 5f 4c 45 8b ce 49 c1
0x00007ff98cc76dd4:   e9 08 45 8b c6 49 c1 e8 06 41 83 e0 03 41 8d 43
0x00007ff98cc76de4:   ff 48 8d 0c 80 8b d8 48 8b 46 20 48 c1 e1 05 48
0x00007ff98cc76df4:   8b 54 01 08 41 0f b6 c6 24 3f 0f b6 c8 4a 8b 14
0x00007ff98cc76e04:   ca 4a 8b 04 c2 48 0f a3 c8 0f 82 da 00 00 00 4c
0x00007ff98cc76e14:   8b 46 28 49 83 3c d8 00 75 4e 41 8b c3 41 8b cb
0x00007ff98cc76e24:   c1 e8 05 3b 44 24 68 73 3f 83 e1 1f 8b d1 8b c8
0x00007ff98cc76e34:   48 8b 44 24 70 8b 0c 88 0f a3 d1 73 2b 48 8b 5e
0x00007ff98cc76e44:   38 8b 7b 18 8d 47 01 89 43 18 3b 3b 72 0a 8b d7 


Stack slot to memory mapping:
stack at sp + 0 slots: 0x0000000000000668 is an unknown value
stack at sp + 1 slots: 0x00000246203f11d0 points into unknown readable memory: 0x00007ff98d02c540 | 40 c5 02 8d f9 7f 00 00
stack at sp + 2 slots: 0x00000246280cd7a0 points into unknown readable memory: 0x000000070000000b | 0b 00 00 00 07 00 00 00
stack at sp + 3 slots: 0x0 is NULL
stack at sp + 4 slots: 0x00000246225446e8 points into unknown readable memory: 0x00000246222b2880 | 80 28 2b 22 46 02 00 00
stack at sp + 5 slots: 0x0000000000000020 is an unknown value
stack at sp + 6 slots: 0x00000246280cd7a0 points into unknown readable memory: 0x000000070000000b | 0b 00 00 00 07 00 00 00
stack at sp + 7 slots: 0x0000000000000008 is an unknown value


---------------  P R O C E S S  ---------------

Threads class SMR info:
_java_thread_list=0x000002461fa2a400, length=64, elements={
0x000002465d557370, 0x000002467c4f0970, 0x000002467c4f17f0, 0x000002467c503100,
0x000002467c504d40, 0x000002467c507710, 0x000002467c5080d0, 0x000002467c50b280,
0x000002467c50bd30, 0x000002467c50d650, 0x000002467c4db0d0, 0x000002467c853a90,
0x000002467d9bd670, 0x000002461f213010, 0x000002467dd174d0, 0x000002467da9ae30,
0x000002467d5d2440, 0x000002467df0d800, 0x000002467e2280f0, 0x000002467ee1d170,
0x000002467ee1c750, 0x000002467ee1d680, 0x000002467ee1b820, 0x000002467ee1db90,
0x000002467ee1bd30, 0x000002467ee1a8f0, 0x000002467ee1c240, 0x000002467ee1cc60,
0x000002467ee1ae00, 0x000002467ee1b310, 0x000002461f7889e0, 0x000002461f786160,
0x000002461f786670, 0x000002461f787ab0, 0x000002461f785740, 0x000002461f784d20,
0x000002461f787090, 0x000002461f789910, 0x000002461f784300, 0x000002461f784810,
0x000002461f785230, 0x000002461f785c50, 0x000002461f786b80, 0x000002461f7875a0,
0x000002461f787fc0, 0x000002461f7884d0, 0x000002461f78a840, 0x000002461f783df0,
0x000002461f78b770, 0x0000024620794090, 0x0000024620793160, 0x000002462078e570,
0x0000024620792c50, 0x0000024620791810, 0x0000024620793b80, 0x00000246207903d0,
0x00000246207954d0, 0x00000246207908e0, 0x0000024620790df0, 0x0000024620791d20,
0x000002462078fec0, 0x0000024620794fc0, 0x0000024620792230, 0x000002467ecc8e70
}

Java Threads: ( => current thread )
  0x000002465d557370 JavaThread "main" [_thread_blocked, id=10424, stack(0x00000073b8a00000,0x00000073b8b00000)]
  0x000002467c4f0970 JavaThread "Reference Handler" daemon [_thread_blocked, id=5832, stack(0x00000073b9100000,0x00000073b9200000)]
  0x000002467c4f17f0 JavaThread "Finalizer" daemon [_thread_blocked, id=9084, stack(0x00000073b9200000,0x00000073b9300000)]
  0x000002467c503100 JavaThread "Signal Dispatcher" daemon [_thread_blocked, id=6256, stack(0x00000073b9300000,0x00000073b9400000)]
  0x000002467c504d40 JavaThread "Attach Listener" daemon [_thread_blocked, id=8004, stack(0x00000073b9400000,0x00000073b9500000)]
  0x000002467c507710 JavaThread "Service Thread" daemon [_thread_blocked, id=2296, stack(0x00000073b9500000,0x00000073b9600000)]
  0x000002467c5080d0 JavaThread "Monitor Deflation Thread" daemon [_thread_blocked, id=2292, stack(0x00000073b9600000,0x00000073b9700000)]
  0x000002467c50b280 JavaThread "C2 CompilerThread0" daemon [_thread_blocked, id=2376, stack(0x00000073b9700000,0x00000073b9800000)]
  0x000002467c50bd30 JavaThread "C1 CompilerThread0" daemon [_thread_blocked, id=2360, stack(0x00000073b9800000,0x00000073b9900000)]
  0x000002467c50d650 JavaThread "Sweeper thread" daemon [_thread_blocked, id=10580, stack(0x00000073b9900000,0x00000073b9a00000)]
  0x000002467c4db0d0 JavaThread "Common-Cleaner" daemon [_thread_blocked, id=8448, stack(0x00000073b9a00000,0x00000073b9b00000)]
  0x000002467c853a90 JavaThread "Notification Thread" daemon [_thread_blocked, id=6688, stack(0x00000073b9b00000,0x00000073b9c00000)]
  0x000002467d9bd670 JavaThread "Daemon health stats" [_thread_blocked, id=1280, stack(0x00000073ba100000,0x00000073ba200000)]
  0x000002461f213010 JavaThread "Incoming local TCP Connector on port 49774" [_thread_in_native, id=7936, stack(0x00000073ba200000,0x00000073ba300000)]
  0x000002467dd174d0 JavaThread "Daemon periodic checks" [_thread_blocked, id=1236, stack(0x00000073ba300000,0x00000073ba400000)]
  0x000002467da9ae30 JavaThread "Daemon" [_thread_blocked, id=9840, stack(0x00000073ba400000,0x00000073ba500000)]
  0x000002467d5d2440 JavaThread "Handler for socket connection from /127.0.0.1:49774 to /127.0.0.1:49775" [_thread_in_native, id=9736, stack(0x00000073ba500000,0x00000073ba600000)]
  0x000002467df0d800 JavaThread "Cancel handler" [_thread_blocked, id=9192, stack(0x00000073ba600000,0x00000073ba700000)]
  0x000002467e2280f0 JavaThread "Daemon worker" [_thread_in_native, id=10440, stack(0x00000073ba700000,0x00000073ba800000)]
  0x000002467ee1d170 JavaThread "Asynchronous log dispatcher for DefaultDaemonConnection: socket connection from /127.0.0.1:49774 to /127.0.0.1:49775" [_thread_blocked, id=8620, stack(0x00000073ba800000,0x00000073ba900000)]
  0x000002467ee1c750 JavaThread "Stdin handler" [_thread_blocked, id=8588, stack(0x00000073ba900000,0x00000073baa00000)]
  0x000002467ee1d680 JavaThread "Daemon client event forwarder" [_thread_blocked, id=7624, stack(0x00000073baa00000,0x00000073bab00000)]
  0x000002467ee1b820 JavaThread "Cache worker for journal cache (C:\Users\MAHE\.gradle\caches\journal-1)" [_thread_blocked, id=10148, stack(0x00000073bab00000,0x00000073bac00000)]
  0x000002467ee1db90 JavaThread "File lock request listener" [_thread_in_native, id=1276, stack(0x00000073bac00000,0x00000073bad00000)]
  0x000002467ee1bd30 JavaThread "Cache worker for file hash cache (C:\Users\MAHE\.gradle\caches\8.3\fileHashes)" [_thread_blocked, id=10724, stack(0x00000073bad00000,0x00000073bae00000)]
  0x000002467ee1a8f0 JavaThread "File watcher server" daemon [_thread_in_native, id=9508, stack(0x00000073baf00000,0x00000073bb000000)]
  0x000002467ee1c240 JavaThread "File watcher consumer" daemon [_thread_blocked, id=9920, stack(0x00000073bb000000,0x00000073bb100000)]
  0x000002467ee1cc60 JavaThread "Cache worker for checksums cache (C:\Users\MAHE\Documents\demo1_joyson1\android\.gradle\8.3\checksums)" [_thread_blocked, id=9940, stack(0x00000073bb100000,0x00000073bb200000)]
  0x000002467ee1ae00 JavaThread "Cache worker for file hash cache (C:\Users\MAHE\Documents\demo1_joyson1\android\.gradle\8.3\fileHashes)" [_thread_blocked, id=9952, stack(0x00000073bb200000,0x00000073bb300000)]
  0x000002467ee1b310 JavaThread "Cache worker for cache directory md-supplier (C:\Users\MAHE\.gradle\caches\8.3\md-supplier)" [_thread_blocked, id=9964, stack(0x00000073bb300000,0x00000073bb400000)]
  0x000002461f7889e0 JavaThread "Cache worker for file content cache (C:\Users\MAHE\.gradle\caches\8.3\fileContent)" [_thread_blocked, id=9988, stack(0x00000073bb400000,0x00000073bb500000)]
  0x000002461f786160 JavaThread "Cache worker for cache directory md-rule (C:\Users\MAHE\.gradle\caches\8.3\md-rule)" [_thread_blocked, id=9916, stack(0x00000073bb500000,0x00000073bb600000)]
  0x000002461f786670 JavaThread "Cache worker for execution history cache (C:\Users\MAHE\.gradle\caches\8.3\executionHistory)" [_thread_blocked, id=208, stack(0x00000073bb600000,0x00000073bb700000)]
  0x000002461f787ab0 JavaThread "jar transforms" [_thread_blocked, id=9936, stack(0x00000073bb700000,0x00000073bb800000)]
  0x000002461f785740 JavaThread "jar transforms Thread 2" [_thread_blocked, id=10004, stack(0x00000073bb800000,0x00000073bb900000)]
  0x000002461f784d20 JavaThread "jar transforms Thread 3" [_thread_blocked, id=8640, stack(0x00000073bb900000,0x00000073bba00000)]
  0x000002461f787090 JavaThread "jar transforms Thread 4" [_thread_blocked, id=11268, stack(0x00000073bba00000,0x00000073bbb00000)]
  0x000002461f789910 JavaThread "Cache worker for kotlin-dsl (C:\Users\MAHE\.gradle\caches\8.3\kotlin-dsl)" [_thread_blocked, id=11636, stack(0x00000073bbb00000,0x00000073bbc00000)]
  0x000002461f784300 JavaThread "Unconstrained build operations" [_thread_blocked, id=11644, stack(0x00000073bbc00000,0x00000073bbd00000)]
  0x000002461f784810 JavaThread "Unconstrained build operations Thread 2" [_thread_blocked, id=11648, stack(0x00000073bbd00000,0x00000073bbe00000)]
  0x000002461f785230 JavaThread "Cache worker for dependencies-accessors (C:\Users\MAHE\Documents\demo1_joyson1\android\.gradle\8.3\dependencies-accessors)" [_thread_blocked, id=11652, stack(0x00000073bbe00000,0x00000073bbf00000)]
  0x000002461f785c50 JavaThread "Cache worker for Build Output Cleanup Cache (C:\Users\MAHE\Documents\demo1_joyson1\node_modules\@react-native\gradle-plugin\.gradle\buildOutputCleanup)" [_thread_blocked, id=11656, stack(0x00000073bbf00000,0x00000073bc000000)]
  0x000002461f786b80 JavaThread "Unconstrained build operations Thread 3" [_thread_blocked, id=11660, stack(0x00000073bc000000,0x00000073bc100000)]
  0x000002461f7875a0 JavaThread "Unconstrained build operations Thread 4" [_thread_blocked, id=11664, stack(0x00000073bc100000,0x00000073bc200000)]
  0x000002461f787fc0 JavaThread "Unconstrained build operations Thread 5" [_thread_blocked, id=11668, stack(0x00000073bc200000,0x00000073bc300000)]
  0x000002461f7884d0 JavaThread "Memory manager" [_thread_blocked, id=11772, stack(0x00000073bc300000,0x00000073bc400000)]
  0x000002461f78a840 JavaThread "Cache worker for Build Output Cleanup Cache (C:\Users\MAHE\Documents\demo1_joyson1\android\.gradle\buildOutputCleanup)" [_thread_blocked, id=11784, stack(0x00000073bc400000,0x00000073bc500000)]
  0x000002461f783df0 JavaThread "ForkJoinPool.commonPool-worker-1" daemon [_thread_blocked, id=11796, stack(0x00000073bc500000,0x00000073bc600000)]
  0x000002461f78b770 JavaThread "ForkJoinPool.commonPool-worker-2" daemon [_thread_blocked, id=11800, stack(0x00000073bc600000,0x00000073bc700000)]
  0x0000024620794090 JavaThread "ForkJoinPool.commonPool-worker-3" daemon [_thread_blocked, id=11804, stack(0x00000073bc700000,0x00000073bc800000)]
  0x0000024620793160 JavaThread "included builds" [_thread_blocked, id=11808, stack(0x00000073bc800000,0x00000073bc900000)]
  0x000002462078e570 JavaThread "Execution worker" [_thread_blocked, id=11812, stack(0x00000073bc900000,0x00000073bca00000)]
  0x0000024620792c50 JavaThread "Execution worker Thread 2" [_thread_blocked, id=11816, stack(0x00000073bca00000,0x00000073bcb00000)]
  0x0000024620791810 JavaThread "Execution worker Thread 3" [_thread_blocked, id=11820, stack(0x00000073bcb00000,0x00000073bcc00000)]
  0x0000024620793b80 JavaThread "Cache worker for execution history cache (C:\Users\MAHE\Documents\demo1_joyson1\node_modules\@react-native\gradle-plugin\.gradle\8.3\executionHistory)" [_thread_blocked, id=11824, stack(0x00000073bcc00000,0x00000073bcd00000)]
  0x00000246207903d0 JavaThread "Unconstrained build operations Thread 6" [_thread_blocked, id=11828, stack(0x00000073bcd00000,0x00000073bce00000)]
  0x00000246207954d0 JavaThread "Unconstrained build operations Thread 7" [_thread_blocked, id=11832, stack(0x00000073bce00000,0x00000073bcf00000)]
  0x00000246207908e0 JavaThread "Unconstrained build operations Thread 8" [_thread_blocked, id=11836, stack(0x00000073bcf00000,0x00000073bd000000)]
  0x0000024620790df0 JavaThread "Unconstrained build operations Thread 9" [_thread_blocked, id=11840, stack(0x00000073bd000000,0x00000073bd100000)]
  0x0000024620791d20 JavaThread "Unconstrained build operations Thread 10" [_thread_blocked, id=11844, stack(0x00000073bd100000,0x00000073bd200000)]
  0x000002462078fec0 JavaThread "Unconstrained build operations Thread 11" [_thread_blocked, id=11848, stack(0x00000073bd200000,0x00000073bd300000)]
  0x0000024620794fc0 JavaThread "Unconstrained build operations Thread 12" [_thread_blocked, id=11852, stack(0x00000073bd300000,0x00000073bd400000)]
  0x0000024620792230 JavaThread "Unconstrained build operations Thread 13" [_thread_blocked, id=11856, stack(0x00000073bd400000,0x00000073bd500000)]
=>0x000002467ecc8e70 JavaThread "C2 CompilerThread1" daemon [_thread_in_native, id=11976, stack(0x00000073b9d00000,0x00000073b9e00000)]

Other Threads:
  0x000002467c4ed190 VMThread "VM Thread" [stack: 0x00000073b9000000,0x00000073b9100000] [id=9068]
  0x000002467c853f70 WatcherThread [stack: 0x00000073b9c00000,0x00000073b9d00000] [id=8340]
  0x000002465d5b22e0 GCTaskThread "GC Thread#0" [stack: 0x00000073b8b00000,0x00000073b8c00000] [id=5240]
  0x000002467c8c46f0 GCTaskThread "GC Thread#1" [stack: 0x00000073b9e00000,0x00000073b9f00000] [id=9104]
  0x000002467c909930 GCTaskThread "GC Thread#2" [stack: 0x00000073b9f00000,0x00000073ba000000] [id=6620]
  0x000002467c909bf0 GCTaskThread "GC Thread#3" [stack: 0x00000073ba000000,0x00000073ba100000] [id=10368]
  0x000002465d5c3230 ConcurrentGCThread "G1 Main Marker" [stack: 0x00000073b8c00000,0x00000073b8d00000] [id=10444]
  0x000002465d5c3c50 ConcurrentGCThread "G1 Conc#0" [stack: 0x00000073b8d00000,0x00000073b8e00000] [id=9536]
  0x000002465d5fec60 ConcurrentGCThread "G1 Refine#0" [stack: 0x00000073b8e00000,0x00000073b8f00000] [id=10456]
  0x000002467c3a4cd0 ConcurrentGCThread "G1 Service" [stack: 0x00000073b8f00000,0x00000073b9000000] [id=10452]

Threads with active compile tasks:
C2 CompilerThread1    28026 9308       4       java.lang.Class::getMethod (59 bytes)

VM state: not at safepoint (normal execution)

VM Mutex/Monitor currently owned by a thread: None

Heap address: 0x0000000080000000, size: 2048 MB, Compressed Oops mode: 32-bit

CDS archive(s) mapped at: [0x0000024600000000-0x0000024600bc0000-0x0000024600bc0000), size 12320768, SharedBaseAddress: 0x0000024600000000, ArchiveRelocationMode: 1.
Compressed class space mapped at: 0x0000024601000000-0x000002461b000000, reserved size: 436207616
Narrow klass base: 0x0000024600000000, Narrow klass shift: 0, Narrow klass range: 0x100000000

GC Precious Log:
 CPUs: 4 total, 4 available
 Memory: 16309M
 Large Page Support: Disabled
 NUMA Support: Disabled
 Compressed Oops: Enabled (32-bit)
 Heap Region Size: 1M
 Heap Min Capacity: 8M
 Heap Initial Capacity: 256M
 Heap Max Capacity: 2G
 Pre-touch: Disabled
 Parallel Workers: 4
 Concurrent Workers: 1
 Concurrent Refinement Workers: 4
 Periodic GC: Disabled

Heap:
 garbage-first heap   total 181248K, used 119322K [0x0000000080000000, 0x0000000100000000)
  region size 1024K, 36 young (36864K), 3 survivors (3072K)
 Metaspace       used 77844K, committed 78592K, reserved 557056K
  class space    used 10789K, committed 11136K, reserved 425984K

Heap Regions: E=young(eden), S=young(survivor), O=old, HS=humongous(starts), HC=humongous(continues), CS=collection set, F=free, OA=open archive, CA=closed archive, TAMS=top-at-mark-start (previous, next)
|   0|0x0000000080000000, 0x0000000080100000, 0x0000000080100000|100%| O|  |TAMS 0x0000000080100000, 0x0000000080000000| Untracked 
|   1|0x0000000080100000, 0x0000000080200000, 0x0000000080200000|100%| O|  |TAMS 0x0000000080200000, 0x0000000080100000| Untracked 
|   2|0x0000000080200000, 0x0000000080300000, 0x0000000080300000|100%|HS|  |TAMS 0x0000000080300000, 0x0000000080200000| Complete 
|   3|0x0000000080300000, 0x0000000080400000, 0x0000000080400000|100%|HC|  |TAMS 0x0000000080400000, 0x0000000080300000| Complete 
|   4|0x0000000080400000, 0x0000000080500000, 0x0000000080500000|100%|HC|  |TAMS 0x0000000080500000, 0x0000000080400000| Complete 
|   5|0x0000000080500000, 0x0000000080600000, 0x0000000080600000|100%|HC|  |TAMS 0x0000000080600000, 0x0000000080500000| Complete 
|   6|0x0000000080600000, 0x0000000080700000, 0x0000000080700000|100%| O|  |TAMS 0x0000000080700000, 0x0000000080600000| Untracked 
|   7|0x0000000080700000, 0x0000000080800000, 0x0000000080800000|100%| O|  |TAMS 0x0000000080800000, 0x0000000080700000| Untracked 
|   8|0x0000000080800000, 0x0000000080900000, 0x0000000080900000|100%| O|  |TAMS 0x0000000080900000, 0x0000000080800000| Untracked 
|   9|0x0000000080900000, 0x0000000080a00000, 0x0000000080a00000|100%| O|  |TAMS 0x0000000080a00000, 0x0000000080900000| Untracked 
|  10|0x0000000080a00000, 0x0000000080b00000, 0x0000000080b00000|100%| O|  |TAMS 0x0000000080b00000, 0x0000000080a00000| Untracked 
|  11|0x0000000080b00000, 0x0000000080bcde00, 0x0000000080c00000| 80%| O|  |TAMS 0x0000000080bcde00, 0x0000000080b00000| Complete 
|  12|0x0000000080c00000, 0x0000000080d00000, 0x0000000080d00000|100%| O|  |TAMS 0x0000000080d00000, 0x0000000080c00000| Untracked 
|  13|0x0000000080d00000, 0x0000000080e00000, 0x0000000080e00000|100%| O|  |TAMS 0x0000000080e00000, 0x0000000080d00000| Untracked 
|  14|0x0000000080e00000, 0x0000000080f00000, 0x0000000080f00000|100%| O|  |TAMS 0x0000000080f00000, 0x0000000080e00000| Untracked 
|  15|0x0000000080f00000, 0x0000000081000000, 0x0000000081000000|100%| O|  |TAMS 0x0000000081000000, 0x0000000080f00000| Untracked 
|  16|0x0000000081000000, 0x0000000081100000, 0x0000000081100000|100%| O|  |TAMS 0x0000000081100000, 0x0000000081000000| Untracked 
|  17|0x0000000081100000, 0x0000000081200000, 0x0000000081200000|100%| O|  |TAMS 0x0000000081200000, 0x0000000081100000| Untracked 
|  18|0x0000000081200000, 0x0000000081300000, 0x0000000081300000|100%| O|  |TAMS 0x0000000081300000, 0x0000000081200000| Untracked 
|  19|0x0000000081300000, 0x0000000081400000, 0x0000000081400000|100%| O|  |TAMS 0x0000000081400000, 0x0000000081300000| Untracked 
|  20|0x0000000081400000, 0x0000000081500000, 0x0000000081500000|100%| O|  |TAMS 0x0000000081500000, 0x0000000081400000| Untracked 
|  21|0x0000000081500000, 0x0000000081600000, 0x0000000081600000|100%| O|  |TAMS 0x0000000081600000, 0x0000000081500000| Untracked 
|  22|0x0000000081600000, 0x0000000081700000, 0x0000000081700000|100%| O|  |TAMS 0x0000000081700000, 0x0000000081600000| Untracked 
|  23|0x0000000081700000, 0x0000000081800000, 0x0000000081800000|100%| O|  |TAMS 0x0000000081800000, 0x0000000081700000| Untracked 
|  24|0x0000000081800000, 0x0000000081900000, 0x0000000081900000|100%| O|  |TAMS 0x0000000081900000, 0x0000000081800000| Untracked 
|  25|0x0000000081900000, 0x0000000081a00000, 0x0000000081a00000|100%| O|  |TAMS 0x0000000081a00000, 0x0000000081900000| Untracked 
|  26|0x0000000081a00000, 0x0000000081b00000, 0x0000000081b00000|100%| O|  |TAMS 0x0000000081b00000, 0x0000000081a00000| Untracked 
|  27|0x0000000081b00000, 0x0000000081c00000, 0x0000000081c00000|100%| O|  |TAMS 0x0000000081c00000, 0x0000000081b00000| Untracked 
|  28|0x0000000081c00000, 0x0000000081d00000, 0x0000000081d00000|100%| O|  |TAMS 0x0000000081d00000, 0x0000000081c00000| Untracked 
|  29|0x0000000081d00000, 0x0000000081e00000, 0x0000000081e00000|100%| O|  |TAMS 0x0000000081e00000, 0x0000000081d00000| Untracked 
|  30|0x0000000081e00000, 0x0000000081f00000, 0x0000000081f00000|100%| O|  |TAMS 0x0000000081f00000, 0x0000000081e00000| Untracked 
|  31|0x0000000081f00000, 0x0000000082000000, 0x0000000082000000|100%| O|  |TAMS 0x0000000082000000, 0x0000000081f00000| Untracked 
|  32|0x0000000082000000, 0x0000000082100000, 0x0000000082100000|100%| O|  |TAMS 0x0000000082100000, 0x0000000082000000| Untracked 
|  33|0x0000000082100000, 0x0000000082100000, 0x0000000082200000|  0%| F|  |TAMS 0x0000000082100000, 0x0000000082100000| Untracked 
|  34|0x0000000082200000, 0x0000000082300000, 0x0000000082300000|100%| O|  |TAMS 0x0000000082300000, 0x0000000082200000| Untracked 
|  35|0x0000000082300000, 0x0000000082400000, 0x0000000082400000|100%|HS|  |TAMS 0x0000000082400000, 0x0000000082300000| Complete 
|  36|0x0000000082400000, 0x0000000082500000, 0x0000000082500000|100%|HC|  |TAMS 0x0000000082500000, 0x0000000082400000| Complete 
|  37|0x0000000082500000, 0x0000000082600000, 0x0000000082600000|100%| O|  |TAMS 0x0000000082600000, 0x0000000082500000| Untracked 
|  38|0x0000000082600000, 0x0000000082700000, 0x0000000082700000|100%| O|  |TAMS 0x0000000082700000, 0x0000000082600000| Untracked 
|  39|0x0000000082700000, 0x0000000082800000, 0x0000000082800000|100%|HS|  |TAMS 0x0000000082800000, 0x0000000082700000| Complete 
|  40|0x0000000082800000, 0x0000000082900000, 0x0000000082900000|100%|HC|  |TAMS 0x0000000082900000, 0x0000000082800000| Complete 
|  41|0x0000000082900000, 0x0000000082a00000, 0x0000000082a00000|100%| O|  |TAMS 0x0000000082a00000, 0x0000000082900000| Untracked 
|  42|0x0000000082a00000, 0x0000000082b00000, 0x0000000082b00000|100%|HS|  |TAMS 0x0000000082b00000, 0x0000000082a00000| Complete 
|  43|0x0000000082b00000, 0x0000000082c00000, 0x0000000082c00000|100%|HC|  |TAMS 0x0000000082c00000, 0x0000000082b00000| Complete 
|  44|0x0000000082c00000, 0x0000000082d00000, 0x0000000082d00000|100%|HC|  |TAMS 0x0000000082d00000, 0x0000000082c00000| Complete 
|  45|0x0000000082d00000, 0x0000000082e00000, 0x0000000082e00000|100%|HC|  |TAMS 0x0000000082e00000, 0x0000000082d00000| Complete 
|  46|0x0000000082e00000, 0x0000000082f00000, 0x0000000082f00000|100%| O|  |TAMS 0x0000000082f00000, 0x0000000082e00000| Untracked 
|  47|0x0000000082f00000, 0x0000000083000000, 0x0000000083000000|100%| O|  |TAMS 0x0000000083000000, 0x0000000082f00000| Untracked 
|  48|0x0000000083000000, 0x0000000083100000, 0x0000000083100000|100%| O|  |TAMS 0x0000000083100000, 0x0000000083000000| Untracked 
|  49|0x0000000083100000, 0x0000000083200000, 0x0000000083200000|100%| O|  |TAMS 0x0000000083200000, 0x0000000083100000| Untracked 
|  50|0x0000000083200000, 0x0000000083300000, 0x0000000083300000|100%|HS|  |TAMS 0x0000000083300000, 0x0000000083200000| Complete 
|  51|0x0000000083300000, 0x0000000083400000, 0x0000000083400000|100%|HC|  |TAMS 0x0000000083400000, 0x0000000083300000| Complete 
|  52|0x0000000083400000, 0x0000000083500000, 0x0000000083500000|100%|HC|  |TAMS 0x0000000083500000, 0x0000000083400000| Complete 
|  53|0x0000000083500000, 0x0000000083600000, 0x0000000083600000|100%|HC|  |TAMS 0x0000000083600000, 0x0000000083500000| Complete 
|  54|0x0000000083600000, 0x0000000083700000, 0x0000000083700000|100%| O|  |TAMS 0x0000000083700000, 0x0000000083600000| Untracked 
|  55|0x0000000083700000, 0x0000000083800000, 0x0000000083800000|100%| O|  |TAMS 0x0000000083800000, 0x0000000083700000| Untracked 
|  56|0x0000000083800000, 0x0000000083900000, 0x0000000083900000|100%| O|  |TAMS 0x0000000083900000, 0x0000000083800000| Untracked 
|  57|0x0000000083900000, 0x0000000083a00000, 0x0000000083a00000|100%| O|  |TAMS 0x0000000083a00000, 0x0000000083900000| Untracked 
|  58|0x0000000083a00000, 0x0000000083b00000, 0x0000000083b00000|100%| O|  |TAMS 0x0000000083b00000, 0x0000000083a00000| Untracked 
|  59|0x0000000083b00000, 0x0000000083c00000, 0x0000000083c00000|100%| O|  |TAMS 0x0000000083c00000, 0x0000000083b00000| Untracked 
|  60|0x0000000083c00000, 0x0000000083d00000, 0x0000000083d00000|100%| O|  |TAMS 0x0000000083d00000, 0x0000000083c00000| Untracked 
|  61|0x0000000083d00000, 0x0000000083e00000, 0x0000000083e00000|100%| O|  |TAMS 0x0000000083e00000, 0x0000000083d00000| Untracked 
|  62|0x0000000083e00000, 0x0000000083f00000, 0x0000000083f00000|100%| O|  |TAMS 0x0000000083f00000, 0x0000000083e00000| Untracked 
|  63|0x0000000083f00000, 0x0000000084000000, 0x0000000084000000|100%| O|  |TAMS 0x0000000084000000, 0x0000000083f00000| Untracked 
|  64|0x0000000084000000, 0x0000000084100000, 0x0000000084100000|100%| O|  |TAMS 0x0000000084100000, 0x0000000084000000| Untracked 
|  65|0x0000000084100000, 0x0000000084200000, 0x0000000084200000|100%|HS|  |TAMS 0x0000000084200000, 0x0000000084100000| Complete 
|  66|0x0000000084200000, 0x0000000084300000, 0x0000000084300000|100%|HS|  |TAMS 0x0000000084300000, 0x0000000084200000| Complete 
|  67|0x0000000084300000, 0x0000000084400000, 0x0000000084400000|100%|HS|  |TAMS 0x0000000084400000, 0x0000000084300000| Complete 
|  68|0x0000000084400000, 0x0000000084500000, 0x0000000084500000|100%| O|  |TAMS 0x0000000084500000, 0x0000000084400000| Untracked 
|  69|0x0000000084500000, 0x0000000084600000, 0x0000000084600000|100%| O|  |TAMS 0x0000000084600000, 0x0000000084500000| Untracked 
|  70|0x0000000084600000, 0x0000000084700000, 0x0000000084700000|100%| O|  |TAMS 0x0000000084700000, 0x0000000084600000| Untracked 
|  71|0x0000000084700000, 0x0000000084800000, 0x0000000084800000|100%| O|  |TAMS 0x0000000084800000, 0x0000000084700000| Untracked 
|  72|0x0000000084800000, 0x0000000084900000, 0x0000000084900000|100%|HS|  |TAMS 0x0000000084900000, 0x0000000084800000| Complete 
|  73|0x0000000084900000, 0x0000000084a00000, 0x0000000084a00000|100%| O|  |TAMS 0x0000000084a00000, 0x0000000084900000| Untracked 
|  74|0x0000000084a00000, 0x0000000084b00000, 0x0000000084b00000|100%| O|  |TAMS 0x0000000084b00000, 0x0000000084a00000| Untracked 
|  75|0x0000000084b00000, 0x0000000084c00000, 0x0000000084c00000|100%| O|  |TAMS 0x0000000084c00000, 0x0000000084b00000| Untracked 
|  76|0x0000000084c00000, 0x0000000084d00000, 0x0000000084d00000|100%| O|  |TAMS 0x0000000084d00000, 0x0000000084c00000| Untracked 
|  77|0x0000000084d00000, 0x0000000084e00000, 0x0000000084e00000|100%| O|  |TAMS 0x0000000084e00000, 0x0000000084d00000| Untracked 
|  78|0x0000000084e00000, 0x0000000084f00000, 0x0000000084f00000|100%| O|  |TAMS 0x0000000084f00000, 0x0000000084e00000| Untracked 
|  79|0x0000000084f00000, 0x0000000085000000, 0x0000000085000000|100%| O|  |TAMS 0x0000000085000000, 0x0000000084f00000| Untracked 
|  80|0x0000000085000000, 0x0000000085100000, 0x0000000085100000|100%| O|  |TAMS 0x0000000085100000, 0x0000000085000000| Untracked 
|  81|0x0000000085100000, 0x0000000085200000, 0x0000000085200000|100%| O|  |TAMS 0x0000000085200000, 0x0000000085100000| Untracked 
|  82|0x0000000085200000, 0x0000000085300000, 0x0000000085300000|100%| O|  |TAMS 0x0000000085300000, 0x0000000085200000| Untracked 
|  83|0x0000000085300000, 0x0000000085321e00, 0x0000000085400000| 13%| O|  |TAMS 0x0000000085321e00, 0x0000000085300000| Untracked 
|  84|0x0000000085400000, 0x0000000085400000, 0x0000000085500000|  0%| F|  |TAMS 0x0000000085400000, 0x0000000085400000| Untracked 
|  85|0x0000000085500000, 0x0000000085500000, 0x0000000085600000|  0%| F|  |TAMS 0x0000000085500000, 0x0000000085500000| Untracked 
|  86|0x0000000085600000, 0x0000000085600000, 0x0000000085700000|  0%| F|  |TAMS 0x0000000085600000, 0x0000000085600000| Untracked 
|  87|0x0000000085700000, 0x0000000085700000, 0x0000000085800000|  0%| F|  |TAMS 0x0000000085700000, 0x0000000085700000| Untracked 
|  88|0x0000000085800000, 0x0000000085800000, 0x0000000085900000|  0%| F|  |TAMS 0x0000000085800000, 0x0000000085800000| Untracked 
|  89|0x0000000085900000, 0x0000000085900000, 0x0000000085a00000|  0%| F|  |TAMS 0x0000000085900000, 0x0000000085900000| Untracked 
|  90|0x0000000085a00000, 0x0000000085a00000, 0x0000000085b00000|  0%| F|  |TAMS 0x0000000085a00000, 0x0000000085a00000| Untracked 
|  91|0x0000000085b00000, 0x0000000085b00000, 0x0000000085c00000|  0%| F|  |TAMS 0x0000000085b00000, 0x0000000085b00000| Untracked 
|  92|0x0000000085c00000, 0x0000000085c00000, 0x0000000085d00000|  0%| F|  |TAMS 0x0000000085c00000, 0x0000000085c00000| Untracked 
|  93|0x0000000085d00000, 0x0000000085d00000, 0x0000000085e00000|  0%| F|  |TAMS 0x0000000085d00000, 0x0000000085d00000| Untracked 
|  94|0x0000000085e00000, 0x0000000085e00000, 0x0000000085f00000|  0%| F|  |TAMS 0x0000000085e00000, 0x0000000085e00000| Untracked 
|  95|0x0000000085f00000, 0x0000000085f00000, 0x0000000086000000|  0%| F|  |TAMS 0x0000000085f00000, 0x0000000085f00000| Untracked 
|  96|0x0000000086000000, 0x0000000086000000, 0x0000000086100000|  0%| F|  |TAMS 0x0000000086000000, 0x0000000086000000| Untracked 
|  97|0x0000000086100000, 0x0000000086100000, 0x0000000086200000|  0%| F|  |TAMS 0x0000000086100000, 0x0000000086100000| Untracked 
|  98|0x0000000086200000, 0x0000000086200000, 0x0000000086300000|  0%| F|  |TAMS 0x0000000086200000, 0x0000000086200000| Untracked 
|  99|0x0000000086300000, 0x0000000086300000, 0x0000000086400000|  0%| F|  |TAMS 0x0000000086300000, 0x0000000086300000| Untracked 
| 100|0x0000000086400000, 0x0000000086400000, 0x0000000086500000|  0%| F|  |TAMS 0x0000000086400000, 0x0000000086400000| Untracked 
| 101|0x0000000086500000, 0x0000000086500000, 0x0000000086600000|  0%| F|  |TAMS 0x0000000086500000, 0x0000000086500000| Untracked 
| 102|0x0000000086600000, 0x0000000086600000, 0x0000000086700000|  0%| F|  |TAMS 0x0000000086600000, 0x0000000086600000| Untracked 
| 103|0x0000000086700000, 0x0000000086700000, 0x0000000086800000|  0%| F|  |TAMS 0x0000000086700000, 0x0000000086700000| Untracked 
| 104|0x0000000086800000, 0x0000000086800000, 0x0000000086900000|  0%| F|  |TAMS 0x0000000086800000, 0x0000000086800000| Untracked 
| 105|0x0000000086900000, 0x0000000086900000, 0x0000000086a00000|  0%| F|  |TAMS 0x0000000086900000, 0x0000000086900000| Untracked 
| 106|0x0000000086a00000, 0x0000000086a00000, 0x0000000086b00000|  0%| F|  |TAMS 0x0000000086a00000, 0x0000000086a00000| Untracked 
| 107|0x0000000086b00000, 0x0000000086b00000, 0x0000000086c00000|  0%| F|  |TAMS 0x0000000086b00000, 0x0000000086b00000| Untracked 
| 108|0x0000000086c00000, 0x0000000086c00000, 0x0000000086d00000|  0%| F|  |TAMS 0x0000000086c00000, 0x0000000086c00000| Untracked 
| 109|0x0000000086d00000, 0x0000000086d00000, 0x0000000086e00000|  0%| F|  |TAMS 0x0000000086d00000, 0x0000000086d00000| Untracked 
| 110|0x0000000086e00000, 0x0000000086e00000, 0x0000000086f00000|  0%| F|  |TAMS 0x0000000086e00000, 0x0000000086e00000| Untracked 
| 111|0x0000000086f00000, 0x0000000086f00000, 0x0000000087000000|  0%| F|  |TAMS 0x0000000086f00000, 0x0000000086f00000| Untracked 
| 112|0x0000000087000000, 0x0000000087000000, 0x0000000087100000|  0%| F|  |TAMS 0x0000000087000000, 0x0000000087000000| Untracked 
| 113|0x0000000087100000, 0x0000000087100000, 0x0000000087200000|  0%| F|  |TAMS 0x0000000087100000, 0x0000000087100000| Untracked 
| 114|0x0000000087200000, 0x0000000087200000, 0x0000000087300000|  0%| F|  |TAMS 0x0000000087200000, 0x0000000087200000| Untracked 
| 115|0x0000000087300000, 0x0000000087300000, 0x0000000087400000|  0%| F|  |TAMS 0x0000000087300000, 0x0000000087300000| Untracked 
| 116|0x0000000087400000, 0x0000000087400000, 0x0000000087500000|  0%| F|  |TAMS 0x0000000087400000, 0x0000000087400000| Untracked 
| 117|0x0000000087500000, 0x0000000087500000, 0x0000000087600000|  0%| F|  |TAMS 0x0000000087500000, 0x0000000087500000| Untracked 
| 118|0x0000000087600000, 0x0000000087600000, 0x0000000087700000|  0%| F|  |TAMS 0x0000000087600000, 0x0000000087600000| Untracked 
| 119|0x0000000087700000, 0x0000000087700000, 0x0000000087800000|  0%| F|  |TAMS 0x0000000087700000, 0x0000000087700000| Untracked 
| 120|0x0000000087800000, 0x0000000087800000, 0x0000000087900000|  0%| F|  |TAMS 0x0000000087800000, 0x0000000087800000| Untracked 
| 121|0x0000000087900000, 0x0000000087900000, 0x0000000087a00000|  0%| F|  |TAMS 0x0000000087900000, 0x0000000087900000| Untracked 
| 122|0x0000000087a00000, 0x0000000087a00000, 0x0000000087b00000|  0%| F|  |TAMS 0x0000000087a00000, 0x0000000087a00000| Untracked 
| 123|0x0000000087b00000, 0x0000000087b00000, 0x0000000087c00000|  0%| F|  |TAMS 0x0000000087b00000, 0x0000000087b00000| Untracked 
| 124|0x0000000087c00000, 0x0000000087c96e10, 0x0000000087d00000| 58%| S|CS|TAMS 0x0000000087c00000, 0x0000000087c00000| Complete 
| 125|0x0000000087d00000, 0x0000000087e00000, 0x0000000087e00000|100%| S|CS|TAMS 0x0000000087d00000, 0x0000000087d00000| Complete 
| 126|0x0000000087e00000, 0x0000000087f00000, 0x0000000087f00000|100%| S|CS|TAMS 0x0000000087e00000, 0x0000000087e00000| Complete 
| 127|0x0000000087f00000, 0x0000000087f00000, 0x0000000088000000|  0%| F|  |TAMS 0x0000000087f00000, 0x0000000087f00000| Untracked 
| 128|0x0000000088000000, 0x0000000088000000, 0x0000000088100000|  0%| F|  |TAMS 0x0000000088000000, 0x0000000088000000| Untracked 
| 129|0x0000000088100000, 0x0000000088100000, 0x0000000088200000|  0%| F|  |TAMS 0x0000000088100000, 0x0000000088100000| Untracked 
| 130|0x0000000088200000, 0x0000000088200000, 0x0000000088300000|  0%| F|  |TAMS 0x0000000088200000, 0x0000000088200000| Untracked 
| 131|0x0000000088300000, 0x0000000088300000, 0x0000000088400000|  0%| F|  |TAMS 0x0000000088300000, 0x0000000088300000| Untracked 
| 132|0x0000000088400000, 0x0000000088400000, 0x0000000088500000|  0%| F|  |TAMS 0x0000000088400000, 0x0000000088400000| Untracked 
| 133|0x0000000088500000, 0x0000000088500000, 0x0000000088600000|  0%| F|  |TAMS 0x0000000088500000, 0x0000000088500000| Untracked 
| 134|0x0000000088600000, 0x0000000088600000, 0x0000000088700000|  0%| F|  |TAMS 0x0000000088600000, 0x0000000088600000| Untracked 
| 135|0x0000000088700000, 0x0000000088700000, 0x0000000088800000|  0%| F|  |TAMS 0x0000000088700000, 0x0000000088700000| Untracked 
| 136|0x0000000088800000, 0x0000000088800000, 0x0000000088900000|  0%| F|  |TAMS 0x0000000088800000, 0x0000000088800000| Untracked 
| 137|0x0000000088900000, 0x0000000088900000, 0x0000000088a00000|  0%| F|  |TAMS 0x0000000088900000, 0x0000000088900000| Untracked 
| 138|0x0000000088a00000, 0x0000000088a00000, 0x0000000088b00000|  0%| F|  |TAMS 0x0000000088a00000, 0x0000000088a00000| Untracked 
| 139|0x0000000088b00000, 0x0000000088b00000, 0x0000000088c00000|  0%| F|  |TAMS 0x0000000088b00000, 0x0000000088b00000| Untracked 
| 140|0x0000000088c00000, 0x0000000088c00000, 0x0000000088d00000|  0%| F|  |TAMS 0x0000000088c00000, 0x0000000088c00000| Untracked 
| 141|0x0000000088d00000, 0x0000000088d00000, 0x0000000088e00000|  0%| F|  |TAMS 0x0000000088d00000, 0x0000000088d00000| Untracked 
| 142|0x0000000088e00000, 0x0000000088e00000, 0x0000000088f00000|  0%| F|  |TAMS 0x0000000088e00000, 0x0000000088e00000| Untracked 
| 143|0x0000000088f00000, 0x0000000088f00000, 0x0000000089000000|  0%| F|  |TAMS 0x0000000088f00000, 0x0000000088f00000| Untracked 
| 144|0x0000000089000000, 0x000000008908ff38, 0x0000000089100000| 56%| E|  |TAMS 0x0000000089000000, 0x0000000089000000| Complete 
| 145|0x0000000089100000, 0x0000000089200000, 0x0000000089200000|100%| E|CS|TAMS 0x0000000089100000, 0x0000000089100000| Complete 
| 146|0x0000000089200000, 0x0000000089300000, 0x0000000089300000|100%| E|CS|TAMS 0x0000000089200000, 0x0000000089200000| Complete 
| 147|0x0000000089300000, 0x0000000089400000, 0x0000000089400000|100%| E|CS|TAMS 0x0000000089300000, 0x0000000089300000| Complete 
| 148|0x0000000089400000, 0x0000000089500000, 0x0000000089500000|100%| E|CS|TAMS 0x0000000089400000, 0x0000000089400000| Complete 
| 149|0x0000000089500000, 0x0000000089600000, 0x0000000089600000|100%| E|CS|TAMS 0x0000000089500000, 0x0000000089500000| Complete 
| 150|0x0000000089600000, 0x0000000089700000, 0x0000000089700000|100%| E|CS|TAMS 0x0000000089600000, 0x0000000089600000| Complete 
| 151|0x0000000089700000, 0x0000000089800000, 0x0000000089800000|100%| E|CS|TAMS 0x0000000089700000, 0x0000000089700000| Complete 
| 152|0x0000000089800000, 0x0000000089900000, 0x0000000089900000|100%| E|CS|TAMS 0x0000000089800000, 0x0000000089800000| Complete 
| 153|0x0000000089900000, 0x0000000089a00000, 0x0000000089a00000|100%| E|CS|TAMS 0x0000000089900000, 0x0000000089900000| Complete 
| 154|0x0000000089a00000, 0x0000000089b00000, 0x0000000089b00000|100%| E|CS|TAMS 0x0000000089a00000, 0x0000000089a00000| Complete 
| 155|0x0000000089b00000, 0x0000000089c00000, 0x0000000089c00000|100%| E|CS|TAMS 0x0000000089b00000, 0x0000000089b00000| Complete 
| 156|0x0000000089c00000, 0x0000000089d00000, 0x0000000089d00000|100%| E|CS|TAMS 0x0000000089c00000, 0x0000000089c00000| Complete 
| 157|0x0000000089d00000, 0x0000000089e00000, 0x0000000089e00000|100%| E|CS|TAMS 0x0000000089d00000, 0x0000000089d00000| Complete 
| 158|0x0000000089e00000, 0x0000000089f00000, 0x0000000089f00000|100%| E|CS|TAMS 0x0000000089e00000, 0x0000000089e00000| Complete 
| 159|0x0000000089f00000, 0x000000008a000000, 0x000000008a000000|100%| E|CS|TAMS 0x0000000089f00000, 0x0000000089f00000| Complete 
| 160|0x000000008a000000, 0x000000008a100000, 0x000000008a100000|100%| E|CS|TAMS 0x000000008a000000, 0x000000008a000000| Complete 
| 161|0x000000008a100000, 0x000000008a200000, 0x000000008a200000|100%| E|CS|TAMS 0x000000008a100000, 0x000000008a100000| Complete 
| 162|0x000000008a200000, 0x000000008a300000, 0x000000008a300000|100%| E|CS|TAMS 0x000000008a200000, 0x000000008a200000| Complete 
| 163|0x000000008a300000, 0x000000008a400000, 0x000000008a400000|100%| E|CS|TAMS 0x000000008a300000, 0x000000008a300000| Complete 
| 164|0x000000008a400000, 0x000000008a500000, 0x000000008a500000|100%| E|CS|TAMS 0x000000008a400000, 0x000000008a400000| Complete 
| 165|0x000000008a500000, 0x000000008a600000, 0x000000008a600000|100%| E|CS|TAMS 0x000000008a500000, 0x000000008a500000| Complete 
| 166|0x000000008a600000, 0x000000008a700000, 0x000000008a700000|100%| E|CS|TAMS 0x000000008a600000, 0x000000008a600000| Complete 
| 167|0x000000008a700000, 0x000000008a800000, 0x000000008a800000|100%| E|CS|TAMS 0x000000008a700000, 0x000000008a700000| Complete 
| 168|0x000000008a800000, 0x000000008a900000, 0x000000008a900000|100%| E|CS|TAMS 0x000000008a800000, 0x000000008a800000| Complete 
| 169|0x000000008a900000, 0x000000008aa00000, 0x000000008aa00000|100%| E|CS|TAMS 0x000000008a900000, 0x000000008a900000| Complete 
| 170|0x000000008aa00000, 0x000000008ab00000, 0x000000008ab00000|100%| E|CS|TAMS 0x000000008aa00000, 0x000000008aa00000| Complete 
| 171|0x000000008ab00000, 0x000000008ac00000, 0x000000008ac00000|100%| E|CS|TAMS 0x000000008ab00000, 0x000000008ab00000| Complete 
| 172|0x000000008ac00000, 0x000000008ad00000, 0x000000008ad00000|100%| E|CS|TAMS 0x000000008ac00000, 0x000000008ac00000| Complete 
| 173|0x000000008ad00000, 0x000000008ae00000, 0x000000008ae00000|100%| E|CS|TAMS 0x000000008ad00000, 0x000000008ad00000| Complete 
| 174|0x000000008ae00000, 0x000000008af00000, 0x000000008af00000|100%| E|CS|TAMS 0x000000008ae00000, 0x000000008ae00000| Complete 
| 254|0x000000008fe00000, 0x000000008ff00000, 0x000000008ff00000|100%| E|CS|TAMS 0x000000008fe00000, 0x000000008fe00000| Complete 
| 255|0x000000008ff00000, 0x0000000090000000, 0x0000000090000000|100%| E|CS|TAMS 0x000000008ff00000, 0x000000008ff00000| Complete 

Card table byte_map: [0x00000246757e0000,0x0000024675be0000] _byte_map_base: 0x00000246753e0000

Marking Bits (Prev, Next): (CMBitMap*) 0x000002465d5b2900, (CMBitMap*) 0x000002465d5b2940
 Prev Bits: [0x0000024675fe0000, 0x0000024677fe0000)
 Next Bits: [0x0000024677fe0000, 0x0000024679fe0000)

Polling page: 0x000002465cd00000

Metaspace:

Usage:
  Non-class:     65.48 MB used.
      Class:     10.54 MB used.
       Both:     76.02 MB used.

Virtual space:
  Non-class space:      128.00 MB reserved,      65.88 MB ( 51%) committed,  2 nodes.
      Class space:      416.00 MB reserved,      10.88 MB (  3%) committed,  1 nodes.
             Both:      544.00 MB reserved,      76.75 MB ( 14%) committed. 

Chunk freelists:
   Non-Class:  13.39 MB
       Class:  5.18 MB
        Both:  18.57 MB

MaxMetaspaceSize: 512.00 MB
CompressedClassSpaceSize: 416.00 MB
Initial GC threshold: 21.00 MB
Current GC threshold: 127.75 MB
CDS: on
MetaspaceReclaimPolicy: balanced
 - commit_granule_bytes: 65536.
 - commit_granule_words: 8192.
 - virtual_space_node_default_size: 8388608.
 - enlarge_chunks_in_place: 1.
 - new_chunks_are_fully_committed: 0.
 - uncommit_free_chunks: 1.
 - use_allocation_guard: 0.
 - handle_deallocations: 1.


Internal statistics:

num_allocs_failed_limit: 6.
num_arena_births: 890.
num_arena_deaths: 0.
num_vsnodes_births: 3.
num_vsnodes_deaths: 0.
num_space_committed: 1228.
num_space_uncommitted: 0.
num_chunks_returned_to_freelist: 6.
num_chunks_taken_from_freelist: 4058.
num_chunk_merges: 6.
num_chunk_splits: 2730.
num_chunks_enlarged: 1842.
num_inconsistent_stats: 0.

CodeHeap 'non-profiled nmethods': size=120000Kb used=5238Kb max_used=5238Kb free=114761Kb
 bounds [0x000002466deb0000, 0x000002466e3d0000, 0x00000246753e0000]
CodeHeap 'profiled nmethods': size=120000Kb used=17189Kb max_used=17189Kb free=102810Kb
 bounds [0x00000246663e0000, 0x00000246674b0000, 0x000002466d910000]
CodeHeap 'non-nmethods': size=5760Kb used=2373Kb max_used=2453Kb free=3386Kb
 bounds [0x000002466d910000, 0x000002466db90000, 0x000002466deb0000]
 total_blobs=9488 nmethods=8586 adapters=814
 compilation: enabled
              stopped_count=0, restarted_count=0
 full_count=0

Compilation events (20 events):
Event: 27.526 Thread 0x000002467c50bd30 nmethod 9319 0x00000246674a7810 code [0x00000246674a79c0, 0x00000246674a7ba8]
Event: 27.526 Thread 0x000002467c50bd30 9320       3       org.codehaus.groovy.runtime.MetaClassHelper::getMaximumInterfaceDistance (101 bytes)
Event: 27.527 Thread 0x000002467c50bd30 nmethod 9320 0x00000246674a7c90 code [0x00000246674a7ea0, 0x00000246674a8458]
Event: 27.528 Thread 0x000002467c50bd30 9321       3       java.util.Collections$UnmodifiableMap::get (11 bytes)
Event: 27.528 Thread 0x000002467c50bd30 nmethod 9321 0x00000246674a8710 code [0x00000246674a88c0, 0x00000246674a8a88]
Event: 27.533 Thread 0x000002467c50bd30 9322       3       org.gradle.api.internal.model.DefaultObjectFactory::named (10 bytes)
Event: 27.533 Thread 0x000002467c50bd30 nmethod 9322 0x00000246674a8b90 code [0x00000246674a8d40, 0x00000246674a8ea8]
Event: 27.764 Thread 0x000002467ecc8e70 nmethod 9240 0x000002466e3a6a10 code [0x000002466e3a74a0, 0x000002466e3b3530]
Event: 27.765 Thread 0x000002467ecc8e70 9316       4       java.util.Hashtable$Enumerator::hasMoreElements (53 bytes)
Event: 27.768 Thread 0x000002467ecc8e70 nmethod 9316 0x000002466e3b8990 code [0x000002466e3b8b00, 0x000002466e3b8d98]
Event: 27.768 Thread 0x000002467ecc8e70 9277       4       sun.reflect.generics.visitor.Reifier::visitClassTypeSignature (381 bytes)
Event: 27.802 Thread 0x000002467c50b280 nmethod 9275 0x000002466e3b8e90 code [0x000002466e3b9480, 0x000002466e3c1800]
Event: 27.803 Thread 0x000002467c50b280 9291       4       java.lang.reflect.Method::getGenericParameterTypes (5 bytes)
Event: 27.820 Thread 0x000002467ecc8e70 nmethod 9277 0x000002466e3c4f90 code [0x000002466e3c5340, 0x000002466e3c7858]
Event: 27.820 Thread 0x000002467ecc8e70 9317       4       java.util.Hashtable$Enumerator::hasNext (5 bytes)
Event: 27.823 Thread 0x000002467ecc8e70 nmethod 9317 0x000002466e046210 code [0x000002466e046380, 0x000002466e046618]
Event: 27.823 Thread 0x000002467ecc8e70 9308       4       java.lang.Class::getMethod (59 bytes)
Event: 27.856 Thread 0x000002467c50b280 nmethod 9291 0x000002466e3c9490 code [0x000002466e3c9820, 0x000002466e3cbcb0]
Event: 27.856 Thread 0x000002467c50b280 9276       4       sun.reflect.generics.tree.ClassTypeSignature::accept (8 bytes)
Event: 27.857 Thread 0x000002467c50b280 nmethod 9276 0x000002466e3cd510 code [0x000002466e3cd6a0, 0x000002466e3cd768]

GC Heap History (20 events):
Event: 24.618 GC heap before
{Heap before GC invocations=33 (full 0):
 garbage-first heap   total 121856K, used 74243K [0x0000000080000000, 0x0000000100000000)
  region size 1024K, 7 young (7168K), 2 survivors (2048K)
 Metaspace       used 64577K, committed 65344K, reserved 491520K
  class space    used 9170K, committed 9536K, reserved 425984K
}
Event: 24.620 GC heap after
{Heap after GC invocations=34 (full 0):
 garbage-first heap   total 121856K, used 74592K [0x0000000080000000, 0x0000000100000000)
  region size 1024K, 3 young (3072K), 3 survivors (3072K)
 Metaspace       used 64577K, committed 65344K, reserved 491520K
  class space    used 9170K, committed 9536K, reserved 425984K
}
Event: 25.137 GC heap before
{Heap before GC invocations=35 (full 0):
 garbage-first heap   total 130048K, used 90976K [0x0000000080000000, 0x0000000100000000)
  region size 1024K, 18 young (18432K), 3 survivors (3072K)
 Metaspace       used 65452K, committed 66176K, reserved 491520K
  class space    used 9276K, committed 9600K, reserved 425984K
}
Event: 25.139 GC heap after
{Heap after GC invocations=36 (full 0):
 garbage-first heap   total 130048K, used 77892K [0x0000000080000000, 0x0000000100000000)
  region size 1024K, 3 young (3072K), 3 survivors (3072K)
 Metaspace       used 65452K, committed 66176K, reserved 491520K
  class space    used 9276K, committed 9600K, reserved 425984K
}
Event: 25.157 GC heap before
{Heap before GC invocations=36 (full 0):
 garbage-first heap   total 130048K, used 80964K [0x0000000080000000, 0x0000000100000000)
  region size 1024K, 6 young (6144K), 3 survivors (3072K)
 Metaspace       used 65612K, committed 66368K, reserved 491520K
  class space    used 9303K, committed 9664K, reserved 425984K
}
Event: 25.159 GC heap after
{Heap after GC invocations=37 (full 0):
 garbage-first heap   total 130048K, used 77724K [0x0000000080000000, 0x0000000100000000)
  region size 1024K, 1 young (1024K), 1 survivors (1024K)
 Metaspace       used 65612K, committed 66368K, reserved 491520K
  class space    used 9303K, committed 9664K, reserved 425984K
}
Event: 25.554 GC heap before
{Heap before GC invocations=37 (full 0):
 garbage-first heap   total 130048K, used 95132K [0x0000000080000000, 0x0000000100000000)
  region size 1024K, 19 young (19456K), 1 survivors (1024K)
 Metaspace       used 67141K, committed 67840K, reserved 491520K
  class space    used 9468K, committed 9792K, reserved 425984K
}
Event: 25.557 GC heap after
{Heap after GC invocations=38 (full 0):
 garbage-first heap   total 130048K, used 78687K [0x0000000080000000, 0x0000000100000000)
  region size 1024K, 2 young (2048K), 2 survivors (2048K)
 Metaspace       used 67141K, committed 67840K, reserved 491520K
  class space    used 9468K, committed 9792K, reserved 425984K
}
Event: 25.777 GC heap before
{Heap before GC invocations=39 (full 0):
 garbage-first heap   total 150528K, used 97119K [0x0000000080000000, 0x0000000100000000)
  region size 1024K, 21 young (21504K), 2 survivors (2048K)
 Metaspace       used 68905K, committed 69632K, reserved 491520K
  class space    used 9646K, committed 9984K, reserved 425984K
}
Event: 25.781 GC heap after
{Heap after GC invocations=40 (full 0):
 garbage-first heap   total 181248K, used 78648K [0x0000000080000000, 0x0000000100000000)
  region size 1024K, 2 young (2048K), 2 survivors (2048K)
 Metaspace       used 68905K, committed 69632K, reserved 491520K
  class space    used 9646K, committed 9984K, reserved 425984K
}
Event: 25.883 GC heap before
{Heap before GC invocations=40 (full 0):
 garbage-first heap   total 181248K, used 84792K [0x0000000080000000, 0x0000000100000000)
  region size 1024K, 8 young (8192K), 2 survivors (2048K)
 Metaspace       used 69492K, committed 70208K, reserved 491520K
  class space    used 9702K, committed 10048K, reserved 425984K
}
Event: 25.887 GC heap after
{Heap after GC invocations=41 (full 0):
 garbage-first heap   total 181248K, used 78554K [0x0000000080000000, 0x0000000100000000)
  region size 1024K, 1 young (1024K), 1 survivors (1024K)
 Metaspace       used 69492K, committed 70208K, reserved 491520K
  class space    used 9702K, committed 10048K, reserved 425984K
}
Event: 26.259 GC heap before
{Heap before GC invocations=41 (full 0):
 garbage-first heap   total 181248K, used 101082K [0x0000000080000000, 0x0000000100000000)
  region size 1024K, 21 young (21504K), 1 survivors (1024K)
 Metaspace       used 71569K, committed 72256K, reserved 491520K
  class space    used 9950K, committed 10240K, reserved 425984K
}
Event: 26.262 GC heap after
{Heap after GC invocations=42 (full 0):
 garbage-first heap   total 181248K, used 84251K [0x0000000080000000, 0x0000000100000000)
  region size 1024K, 4 young (4096K), 4 survivors (4096K)
 Metaspace       used 71569K, committed 72256K, reserved 491520K
  class space    used 9950K, committed 10240K, reserved 425984K
}
Event: 26.899 GC heap before
{Heap before GC invocations=43 (full 0):
 garbage-first heap   total 181248K, used 134427K [0x0000000080000000, 0x0000000100000000)
  region size 1024K, 50 young (51200K), 4 survivors (4096K)
 Metaspace       used 74234K, committed 74944K, reserved 491520K
  class space    used 10305K, committed 10624K, reserved 425984K
}
Event: 26.904 GC heap after
{Heap after GC invocations=44 (full 0):
 garbage-first heap   total 181248K, used 84504K [0x0000000080000000, 0x0000000100000000)
  region size 1024K, 7 young (7168K), 7 survivors (7168K)
 Metaspace       used 74234K, committed 74944K, reserved 491520K
  class space    used 10305K, committed 10624K, reserved 425984K
}
Event: 26.916 GC heap before
{Heap before GC invocations=44 (full 0):
 garbage-first heap   total 181248K, used 85528K [0x0000000080000000, 0x0000000100000000)
  region size 1024K, 8 young (8192K), 7 survivors (7168K)
 Metaspace       used 74314K, committed 75008K, reserved 491520K
  class space    used 10316K, committed 10624K, reserved 425984K
}
Event: 26.923 GC heap after
{Heap after GC invocations=45 (full 0):
 garbage-first heap   total 181248K, used 84590K [0x0000000080000000, 0x0000000100000000)
  region size 1024K, 1 young (1024K), 1 survivors (1024K)
 Metaspace       used 74314K, committed 75008K, reserved 491520K
  class space    used 10316K, committed 10624K, reserved 425984K
}
Event: 27.327 GC heap before
{Heap before GC invocations=45 (full 0):
 garbage-first heap   total 181248K, used 134766K [0x0000000080000000, 0x0000000100000000)
  region size 1024K, 50 young (51200K), 1 survivors (1024K)
 Metaspace       used 77743K, committed 78400K, reserved 557056K
  class space    used 10780K, committed 11072K, reserved 425984K
}
Event: 27.332 GC heap after
{Heap after GC invocations=46 (full 0):
 garbage-first heap   total 181248K, used 86554K [0x0000000080000000, 0x0000000100000000)
  region size 1024K, 3 young (3072K), 3 survivors (3072K)
 Metaspace       used 77743K, committed 78400K, reserved 557056K
  class space    used 10780K, committed 11072K, reserved 425984K
}

Dll operation events (15 events):
Event: 0.250 Loaded shared library C:\Program Files\OpenLogic\jdk-17.0.10.7-hotspot\bin\java.dll
Event: 0.334 Loaded shared library C:\Program Files\OpenLogic\jdk-17.0.10.7-hotspot\bin\jsvml.dll
Event: 0.385 Loaded shared library C:\Program Files\OpenLogic\jdk-17.0.10.7-hotspot\bin\zip.dll
Event: 0.507 Loaded shared library C:\Program Files\OpenLogic\jdk-17.0.10.7-hotspot\bin\instrument.dll
Event: 0.560 Loaded shared library C:\Program Files\OpenLogic\jdk-17.0.10.7-hotspot\bin\net.dll
Event: 0.576 Loaded shared library C:\Program Files\OpenLogic\jdk-17.0.10.7-hotspot\bin\nio.dll
Event: 0.581 Loaded shared library C:\Program Files\OpenLogic\jdk-17.0.10.7-hotspot\bin\zip.dll
Event: 0.827 Loaded shared library C:\Program Files\OpenLogic\jdk-17.0.10.7-hotspot\bin\jimage.dll
Event: 0.956 Loaded shared library C:\Program Files\OpenLogic\jdk-17.0.10.7-hotspot\bin\verify.dll
Event: 1.254 Loaded shared library C:\Users\MAHE\.gradle\native\68d5fa5c4cc2d200863cafc0d521ce42e7d3e7ee720ec0a83991735586a16f82\windows-amd64\native-platform.dll
Event: 1.303 Loaded shared library C:\Users\MAHE\.gradle\native\e376f236ea51e6404a007f0833ffe2c6e607c4080706a723a18a27aeea778392\windows-amd64\native-platform-file-events.dll
Event: 2.901 Loaded shared library C:\Program Files\OpenLogic\jdk-17.0.10.7-hotspot\bin\management.dll
Event: 2.906 Loaded shared library C:\Program Files\OpenLogic\jdk-17.0.10.7-hotspot\bin\management_ext.dll
Event: 3.249 Loaded shared library C:\Program Files\OpenLogic\jdk-17.0.10.7-hotspot\bin\extnet.dll
Event: 3.450 Loaded shared library C:\Program Files\OpenLogic\jdk-17.0.10.7-hotspot\bin\sunmscapi.dll

Deoptimization events (20 events):
Event: 27.275 Thread 0x000002467e2280f0 DEOPT PACKING pc=0x000002466e0b9e58 sp=0x00000073ba7f3fa0
Event: 27.275 Thread 0x000002467e2280f0 DEOPT UNPACKING pc=0x000002466d9669a3 sp=0x00000073ba7f3ef0 mode 2
Event: 27.322 Thread 0x000002467e2280f0 Uncommon trap: trap_request=0xffffff45 fr.pc=0x000002466ded6b80 relative=0x0000000000000440
Event: 27.322 Thread 0x000002467e2280f0 Uncommon trap: reason=unstable_if action=reinterpret pc=0x000002466ded6b80 method=java.util.StringJoiner.add(Ljava/lang/CharSequence;)Ljava/util/StringJoiner; @ 33 c2
Event: 27.322 Thread 0x000002467e2280f0 DEOPT PACKING pc=0x000002466ded6b80 sp=0x00000073ba7f3840
Event: 27.322 Thread 0x000002467e2280f0 DEOPT UNPACKING pc=0x000002466d9669a3 sp=0x00000073ba7f37f0 mode 2
Event: 27.515 Thread 0x000002467e2280f0 Uncommon trap: trap_request=0xffffff45 fr.pc=0x000002466e0f4418 relative=0x0000000000001118
Event: 27.515 Thread 0x000002467e2280f0 Uncommon trap: reason=unstable_if action=reinterpret pc=0x000002466e0f4418 method=org.codehaus.groovy.runtime.metaclass.MetaMethodIndex.isOverridden(Lgroovy/lang/MetaMethod;Lgroovy/lang/MetaMethod;)Z @ 52 c2
Event: 27.515 Thread 0x000002467e2280f0 DEOPT PACKING pc=0x000002466e0f4418 sp=0x00000073ba7f0ca0
Event: 27.515 Thread 0x000002467e2280f0 DEOPT UNPACKING pc=0x000002466d9669a3 sp=0x00000073ba7f0bf8 mode 2
Event: 27.526 Thread 0x000002467e2280f0 Uncommon trap: trap_request=0xffffffc6 fr.pc=0x000002466e399b8c relative=0x00000000000004cc
Event: 27.526 Thread 0x000002467e2280f0 Uncommon trap: reason=bimorphic_or_optimized_type_check action=maybe_recompile pc=0x000002466e399b8c method=org.codehaus.groovy.util.SingleKeyHashMap.get(Ljava/lang/Object;)Ljava/lang/Object; @ 43 c2
Event: 27.526 Thread 0x000002467e2280f0 DEOPT PACKING pc=0x000002466e399b8c sp=0x00000073ba7f0e00
Event: 27.526 Thread 0x000002467e2280f0 DEOPT UNPACKING pc=0x000002466d9669a3 sp=0x00000073ba7f0d98 mode 2
Event: 27.527 Thread 0x000002467e2280f0 Uncommon trap: trap_request=0xffffffc6 fr.pc=0x000002466e399b8c relative=0x00000000000004cc
Event: 27.527 Thread 0x000002467e2280f0 Uncommon trap: reason=bimorphic_or_optimized_type_check action=maybe_recompile pc=0x000002466e399b8c method=org.codehaus.groovy.util.SingleKeyHashMap.get(Ljava/lang/Object;)Ljava/lang/Object; @ 43 c2
Event: 27.527 Thread 0x000002467e2280f0 DEOPT PACKING pc=0x000002466e399b8c sp=0x00000073ba7f0e00
Event: 27.528 Thread 0x000002467e2280f0 DEOPT UNPACKING pc=0x000002466d9669a3 sp=0x00000073ba7f0d98 mode 2
Event: 27.533 Thread 0x000002467e2280f0 DEOPT PACKING pc=0x0000024667459f9d sp=0x00000073ba7f4790
Event: 27.533 Thread 0x000002467e2280f0 DEOPT UNPACKING pc=0x000002466d967143 sp=0x00000073ba7f3cb8 mode 0

Classes unloaded (0 events):
No events

Classes redefined (0 events):
No events

Internal exceptions (20 events):
Event: 27.473 Thread 0x000002467e2280f0 Exception <a 'java/lang/ClassNotFoundException'{0x0000000089ce70c8}: com/android/build/gradle/internal/dsl/SigningConfigBeanInfo> (0x0000000089ce70c8) 
thrown [s\src\hotspot\share\classfile\systemDictionary.cpp, line 256]
Event: 27.473 Thread 0x000002467e2280f0 Exception <a 'java/lang/ClassNotFoundException'{0x0000000089cf9008}: com/android/builder/signing/DefaultSigningConfigBeanInfo> (0x0000000089cf9008) 
thrown [s\src\hotspot\share\classfile\systemDictionary.cpp, line 256]
Event: 27.473 Thread 0x000002467e2280f0 Exception <a 'java/lang/ClassNotFoundException'{0x0000000089b0af68}: com/android/builder/signing/DefaultSigningConfigCustomizer> (0x0000000089b0af68) 
thrown [s\src\hotspot\share\classfile\systemDictionary.cpp, line 256]
Event: 27.474 Thread 0x000002467e2280f0 Exception <a 'java/lang/ClassNotFoundException'{0x0000000089b33d18}: com/android/build/gradle/internal/dsl/SigningConfigCustomizer> (0x0000000089b33d18) 
thrown [s\src\hotspot\share\classfile\systemDictionary.cpp, line 256]
Event: 27.475 Thread 0x000002467e2280f0 Exception <a 'java/lang/ClassNotFoundException'{0x0000000089b4ced0}: com/android/build/gradle/internal/dsl/SigningConfig$AgpDecoratedCustomizer> (0x0000000089b4ced0) 
thrown [s\src\hotspot\share\classfile\systemDictionary.cpp, line 256]
Event: 27.476 Thread 0x000002467e2280f0 Exception <a 'java/lang/ClassNotFoundException'{0x0000000089b82560}: com/android/build/gradle/internal/dsl/SigningConfig$AgpDecorated_DecoratedCustomizer> (0x0000000089b82560) 
thrown [s\src\hotspot\share\classfile\systemDictionary.cpp, line 256]
Event: 27.478 Thread 0x000002467e2280f0 Exception <a 'java/lang/ClassNotFoundException'{0x0000000089becd70}: build_787p9z93zwmvqs69zrp8wwa1e$_run_closure2$_closure5BeanInfo> (0x0000000089becd70) 
thrown [s\src\hotspot\share\classfile\systemDictionary.cpp, line 256]
Event: 27.478 Thread 0x000002467e2280f0 Exception <a 'java/lang/ClassNotFoundException'{0x0000000089bfebf8}: build_787p9z93zwmvqs69zrp8wwa1e$_run_closure2$_closure5Customizer> (0x0000000089bfebf8) 
thrown [s\src\hotspot\share\classfile\systemDictionary.cpp, line 256]
Event: 27.480 Thread 0x000002467e2280f0 Exception <a 'java/lang/ClassNotFoundException'{0x0000000089a262a0}: build_787p9z93zwmvqs69zrp8wwa1e$_run_closure2BeanInfo> (0x0000000089a262a0) 
thrown [s\src\hotspot\share\classfile\systemDictionary.cpp, line 256]
Event: 27.480 Thread 0x000002467e2280f0 Exception <a 'java/lang/ClassNotFoundException'{0x0000000089a33f40}: build_787p9z93zwmvqs69zrp8wwa1e$_run_closure2Customizer> (0x0000000089a33f40) 
thrown [s\src\hotspot\share\classfile\systemDictionary.cpp, line 256]
Event: 27.517 Thread 0x000002467e2280f0 Exception <a 'java/lang/ClassNotFoundException'{0x00000000893da0b8}: com/android/build/gradle/internal/dsl/BuildType$AgpDecorated_DecoratedBeanInfo> (0x00000000893da0b8) 
thrown [s\src\hotspot\share\classfile\systemDictionary.cpp, line 256]
Event: 27.518 Thread 0x000002467e2280f0 Exception <a 'java/lang/ClassNotFoundException'{0x00000000893eb230}: com/android/build/gradle/internal/dsl/BuildType$AgpDecoratedBeanInfo> (0x00000000893eb230) 
thrown [s\src\hotspot\share\classfile\systemDictionary.cpp, line 256]
Event: 27.518 Thread 0x000002467e2280f0 Exception <a 'java/lang/ClassNotFoundException'{0x00000000893fc238}: com/android/build/gradle/internal/dsl/BuildTypeBeanInfo> (0x00000000893fc238) 
thrown [s\src\hotspot\share\classfile\systemDictionary.cpp, line 256]
Event: 27.519 Thread 0x000002467e2280f0 Exception <a 'java/lang/ClassNotFoundException'{0x000000008920d808}: com/android/builder/core/AbstractBuildTypeBeanInfo> (0x000000008920d808) 
thrown [s\src\hotspot\share\classfile\systemDictionary.cpp, line 256]
Event: 27.519 Thread 0x000002467e2280f0 Exception <a 'java/lang/ClassNotFoundException'{0x000000008921e5d8}: com/android/builder/core/AbstractBuildTypeCustomizer> (0x000000008921e5d8) 
thrown [s\src\hotspot\share\classfile\systemDictionary.cpp, line 256]
Event: 27.520 Thread 0x000002467e2280f0 Exception <a 'java/lang/ClassNotFoundException'{0x000000008924be28}: com/android/build/gradle/internal/dsl/BuildTypeCustomizer> (0x000000008924be28) 
thrown [s\src\hotspot\share\classfile\systemDictionary.cpp, line 256]
Event: 27.522 Thread 0x000002467e2280f0 Exception <a 'java/lang/ClassNotFoundException'{0x00000000892d9a68}: com/android/build/gradle/internal/dsl/BuildType$AgpDecoratedCustomizer> (0x00000000892d9a68) 
thrown [s\src\hotspot\share\classfile\systemDictionary.cpp, line 256]
Event: 27.523 Thread 0x000002467e2280f0 Exception <a 'java/lang/ClassNotFoundException'{0x000000008912fef0}: com/android/build/gradle/internal/dsl/BuildType$AgpDecorated_DecoratedCustomizer> (0x000000008912fef0) 
thrown [s\src\hotspot\share\classfile\systemDictionary.cpp, line 256]
Event: 27.529 Thread 0x000002467e2280f0 Exception <a 'java/lang/ClassNotFoundException'{0x0000000089021760}: build_787p9z93zwmvqs69zrp8wwa1e$_run_closure2$_closure6BeanInfo> (0x0000000089021760) 
thrown [s\src\hotspot\share\classfile\systemDictionary.cpp, line 256]
Event: 27.529 Thread 0x000002467e2280f0 Exception <a 'java/lang/ClassNotFoundException'{0x000000008902f4c8}: build_787p9z93zwmvqs69zrp8wwa1e$_run_closure2$_closure6Customizer> (0x000000008902f4c8) 
thrown [s\src\hotspot\share\classfile\systemDictionary.cpp, line 256]

VM Operations (20 events):
Event: 26.168 Executing VM operation: HandshakeAllThreads
Event: 26.168 Executing VM operation: HandshakeAllThreads done
Event: 26.259 Executing VM operation: G1TryInitiateConcMark
Event: 26.262 Executing VM operation: G1TryInitiateConcMark done
Event: 26.346 Executing VM operation: G1PauseRemark
Event: 26.350 Executing VM operation: G1PauseRemark done
Event: 26.389 Executing VM operation: G1PauseCleanup
Event: 26.389 Executing VM operation: G1PauseCleanup done
Event: 26.899 Executing VM operation: G1CollectForAllocation
Event: 26.904 Executing VM operation: G1CollectForAllocation done
Event: 26.916 Executing VM operation: G1CollectForAllocation
Event: 26.923 Executing VM operation: G1CollectForAllocation done
Event: 27.327 Executing VM operation: G1CollectForAllocation
Event: 27.332 Executing VM operation: G1CollectForAllocation done
Event: 27.429 Executing VM operation: G1PauseRemark
Event: 27.436 Executing VM operation: G1PauseRemark done
Event: 27.483 Executing VM operation: G1PauseCleanup
Event: 27.483 Executing VM operation: G1PauseCleanup done
Event: 27.820 Executing VM operation: HandshakeAllThreads
Event: 27.820 Executing VM operation: HandshakeAllThreads done

Events (20 events):
Event: 26.226 loading class java/util/jar/JarVerifier$VerifierStream done
Event: 26.226 loading class sun/security/util/ManifestEntryVerifier$SunProviderHolder
Event: 26.226 loading class sun/security/util/ManifestEntryVerifier$SunProviderHolder done
Event: 26.380 loading class java/security/KeyStore$ProtectionParameter
Event: 26.380 loading class java/security/KeyStore$ProtectionParameter done
Event: 26.492 Thread 0x000002467ecc8e70 Thread exited: 0x000002467ecc8e70
Event: 26.686 Thread 0x000002467ecc8e70 Thread added: 0x000002467ecc8e70
Event: 26.824 loading class java/security/KeyStore
Event: 26.824 loading class java/security/KeyStore done
Event: 26.824 loading class java/security/KeyStore$1
Event: 26.825 loading class java/security/KeyStore$1 done
Event: 26.957 loading class javax/xml/stream/XMLStreamException
Event: 26.957 loading class javax/xml/stream/XMLStreamException done
Event: 26.976 loading class sun/reflect/annotation/AnnotationInvocationHandler$1
Event: 26.976 loading class sun/reflect/annotation/AnnotationInvocationHandler$1 done
Event: 27.271 loading class java/util/regex/Pattern$Pos
Event: 27.271 loading class java/util/regex/Pattern$Pos done
Event: 27.422 loading class java/beans/IntrospectionException
Event: 27.422 loading class java/beans/IntrospectionException done
Event: 27.821 Thread 0x000002467c50d650 flushing nmethod 0x000002466e046210


Dynamic libraries:
0x00007ff65b270000 - 0x00007ff65b27e000 	C:\Program Files\OpenLogic\jdk-17.0.10.7-hotspot\bin\java.exe
0x00007ff9dc350000 - 0x00007ff9dc566000 	C:\Windows\SYSTEM32\ntdll.dll
0x00007ff9db2b0000 - 0x00007ff9db374000 	C:\Windows\System32\KERNEL32.DLL
0x00007ff9d9b70000 - 0x00007ff9d9f16000 	C:\Windows\System32\KERNELBASE.dll
0x00007ff9d93e0000 - 0x00007ff9d9500000 	C:\Windows\system32\hmpalert.dll
0x00007ff9d9870000 - 0x00007ff9d9981000 	C:\Windows\System32\ucrtbase.dll
0x00007ff9a1b00000 - 0x00007ff9a1b1b000 	C:\Program Files\OpenLogic\jdk-17.0.10.7-hotspot\bin\VCRUNTIME140.dll
0x00007ff9a1b20000 - 0x00007ff9a1b37000 	C:\Program Files\OpenLogic\jdk-17.0.10.7-hotspot\bin\jli.dll
0x00007ff9dbdf0000 - 0x00007ff9dbf9d000 	C:\Windows\System32\USER32.dll
0x00007ff9d9fc0000 - 0x00007ff9d9fe6000 	C:\Windows\System32\win32u.dll
0x00007ff9daa80000 - 0x00007ff9daaa9000 	C:\Windows\System32\GDI32.dll
0x00007ff9d9690000 - 0x00007ff9d97a8000 	C:\Windows\System32\gdi32full.dll
0x00007ff9d9f20000 - 0x00007ff9d9fba000 	C:\Windows\System32\msvcp_win.dll
0x00007ff9d8700000 - 0x00007ff9d8993000 	C:\Windows\WinSxS\amd64_microsoft.windows.common-controls_6595b64144ccf1df_6.0.22621.3235_none_270f74e173860f98\COMCTL32.dll
0x00007ff9da640000 - 0x00007ff9da6e7000 	C:\Windows\System32\msvcrt.dll
0x00007ff9da1c0000 - 0x00007ff9da1f1000 	C:\Windows\System32\IMM32.DLL
0x00007ff9c7c50000 - 0x00007ff9c7c5c000 	C:\Program Files\OpenLogic\jdk-17.0.10.7-hotspot\bin\vcruntime140_1.dll
0x00007ff99cd10000 - 0x00007ff99cd9d000 	C:\Program Files\OpenLogic\jdk-17.0.10.7-hotspot\bin\msvcp140.dll
0x00007ff98c710000 - 0x00007ff98d372000 	C:\Program Files\OpenLogic\jdk-17.0.10.7-hotspot\bin\server\jvm.dll
0x00007ff9da570000 - 0x00007ff9da622000 	C:\Windows\System32\ADVAPI32.dll
0x00007ff9dac00000 - 0x00007ff9daca8000 	C:\Windows\System32\sechost.dll
0x00007ff9da070000 - 0x00007ff9da098000 	C:\Windows\System32\bcrypt.dll
0x00007ff9da0a0000 - 0x00007ff9da1b5000 	C:\Windows\System32\RPCRT4.dll
0x00007ff9d9290000 - 0x00007ff9d92dd000 	C:\Windows\SYSTEM32\POWRPROF.dll
0x00007ff9cb160000 - 0x00007ff9cb194000 	C:\Windows\SYSTEM32\WINMM.dll
0x00007ff9d47b0000 - 0x00007ff9d47ba000 	C:\Windows\SYSTEM32\VERSION.dll
0x00007ff9c7ac0000 - 0x00007ff9c7ac9000 	C:\Windows\SYSTEM32\WSOCK32.dll
0x00007ff9dbcc0000 - 0x00007ff9dbd31000 	C:\Windows\System32\WS2_32.dll
0x00007ff9d9270000 - 0x00007ff9d9283000 	C:\Windows\SYSTEM32\UMPDC.dll
0x00007ff9d7ed0000 - 0x00007ff9d7ee8000 	C:\Windows\SYSTEM32\kernel.appcore.dll
0x00007ff9b3e60000 - 0x00007ff9b3e6a000 	C:\Program Files\OpenLogic\jdk-17.0.10.7-hotspot\bin\jimage.dll
0x00007ff9d8d20000 - 0x00007ff9d8f53000 	C:\Windows\SYSTEM32\DBGHELP.DLL
0x00007ff9da6f0000 - 0x00007ff9daa78000 	C:\Windows\System32\combase.dll
0x00007ff9dab20000 - 0x00007ff9dabf7000 	C:\Windows\System32\OLEAUT32.dll
0x00007ff9d8ce0000 - 0x00007ff9d8d12000 	C:\Windows\SYSTEM32\dbgcore.DLL
0x00007ff9d9ff0000 - 0x00007ff9da06a000 	C:\Windows\System32\bcryptPrimitives.dll
0x00007ff9d6030000 - 0x00007ff9d603e000 	C:\Program Files\OpenLogic\jdk-17.0.10.7-hotspot\bin\instrument.dll
0x00007ff99e5f0000 - 0x00007ff99e615000 	C:\Program Files\OpenLogic\jdk-17.0.10.7-hotspot\bin\java.dll
0x00007ff99cc30000 - 0x00007ff99cd06000 	C:\Program Files\OpenLogic\jdk-17.0.10.7-hotspot\bin\jsvml.dll
0x00007ff9db380000 - 0x00007ff9dbbdd000 	C:\Windows\System32\SHELL32.dll
0x00007ff9d6df0000 - 0x00007ff9d76e8000 	C:\Windows\SYSTEM32\windows.storage.dll
0x00007ff9d6cb0000 - 0x00007ff9d6dee000 	C:\Windows\SYSTEM32\wintypes.dll
0x00007ff9da470000 - 0x00007ff9da563000 	C:\Windows\System32\SHCORE.dll
0x00007ff9dbbe0000 - 0x00007ff9dbc3e000 	C:\Windows\System32\shlwapi.dll
0x00007ff9d95c0000 - 0x00007ff9d95e6000 	C:\Windows\SYSTEM32\profapi.dll
0x00007ff99c810000 - 0x00007ff99c828000 	C:\Program Files\OpenLogic\jdk-17.0.10.7-hotspot\bin\zip.dll
0x00007ff99e5d0000 - 0x00007ff99e5e9000 	C:\Program Files\OpenLogic\jdk-17.0.10.7-hotspot\bin\net.dll
0x00007ff9d33d0000 - 0x00007ff9d3507000 	C:\Windows\SYSTEM32\WINHTTP.dll
0x00007ff9d8300000 - 0x00007ff9d8369000 	C:\Windows\system32\mswsock.dll
0x00007ff99c830000 - 0x00007ff99c846000 	C:\Program Files\OpenLogic\jdk-17.0.10.7-hotspot\bin\nio.dll
0x00007ff9b3820000 - 0x00007ff9b3830000 	C:\Program Files\OpenLogic\jdk-17.0.10.7-hotspot\bin\verify.dll
0x00007ff99c7e0000 - 0x00007ff99c807000 	C:\Users\MAHE\.gradle\native\68d5fa5c4cc2d200863cafc0d521ce42e7d3e7ee720ec0a83991735586a16f82\windows-amd64\native-platform.dll
0x00007ff990860000 - 0x00007ff9909a4000 	C:\Users\MAHE\.gradle\native\e376f236ea51e6404a007f0833ffe2c6e607c4080706a723a18a27aeea778392\windows-amd64\native-platform-file-events.dll
0x00007ff9a1af0000 - 0x00007ff9a1af9000 	C:\Program Files\OpenLogic\jdk-17.0.10.7-hotspot\bin\management.dll
0x00007ff99c7d0000 - 0x00007ff99c7db000 	C:\Program Files\OpenLogic\jdk-17.0.10.7-hotspot\bin\management_ext.dll
0x00007ff9dae10000 - 0x00007ff9dae18000 	C:\Windows\System32\PSAPI.DLL
0x00007ff9d9120000 - 0x00007ff9d913b000 	C:\Windows\SYSTEM32\CRYPTSP.dll
0x00007ff9d7e30000 - 0x00007ff9d7e65000 	C:\Windows\system32\rsaenh.dll
0x00007ff9d83f0000 - 0x00007ff9d841c000 	C:\Windows\SYSTEM32\USERENV.dll
0x00007ff9d85b0000 - 0x00007ff9d85bc000 	C:\Windows\SYSTEM32\CRYPTBASE.dll
0x00007ff9d7950000 - 0x00007ff9d797d000 	C:\Windows\SYSTEM32\IPHLPAPI.DLL
0x00007ff9daab0000 - 0x00007ff9daab9000 	C:\Windows\System32\NSI.dll
0x00007ff9d3330000 - 0x00007ff9d3349000 	C:\Windows\SYSTEM32\dhcpcsvc6.DLL
0x00007ff9d3310000 - 0x00007ff9d332f000 	C:\Windows\SYSTEM32\dhcpcsvc.DLL
0x00007ff9d79c0000 - 0x00007ff9d7ab9000 	C:\Windows\SYSTEM32\DNSAPI.dll
0x00007ff99c7c0000 - 0x00007ff99c7c8000 	C:\Program Files\OpenLogic\jdk-17.0.10.7-hotspot\bin\extnet.dll
0x00007ff9d6020000 - 0x00007ff9d602e000 	C:\Program Files\OpenLogic\jdk-17.0.10.7-hotspot\bin\sunmscapi.dll
0x00007ff9d9990000 - 0x00007ff9d9af6000 	C:\Windows\System32\CRYPT32.dll
0x00007ff9d89e0000 - 0x00007ff9d8a0e000 	C:\Windows\SYSTEM32\ncrypt.dll
0x00007ff9d89a0000 - 0x00007ff9d89d7000 	C:\Windows\SYSTEM32\NTASN1.dll
0x00007ff9d6010000 - 0x00007ff9d6018000 	C:\Windows\system32\wshunix.dll
0x00007ff9c2710000 - 0x00007ff9c2727000 	C:\Windows\system32\napinsp.dll
0x00007ff9c26f0000 - 0x00007ff9c270b000 	C:\Windows\system32\pnrpnsp.dll
0x00007ff9c26d0000 - 0x00007ff9c26e1000 	C:\Windows\System32\winrnr.dll
0x00007ff9c26b0000 - 0x00007ff9c26c5000 	C:\Windows\system32\wshbth.dll
0x00007ff9c2680000 - 0x00007ff9c26a1000 	C:\Windows\system32\nlansp_c.dll
0x00007ff9d1eb0000 - 0x00007ff9d1eba000 	C:\Windows\System32\rasadhlp.dll
0x00007ff9d1f40000 - 0x00007ff9d1fc3000 	C:\Windows\System32\fwpuclnt.dll

dbghelp: loaded successfully - version: 4.0.5 - missing functions: none
symbol engine: initialized successfully - sym options: 0x614 - pdb path: .;C:\Program Files\OpenLogic\jdk-17.0.10.7-hotspot\bin;C:\Windows\SYSTEM32;C:\Windows\WinSxS\amd64_microsoft.windows.common-controls_6595b64144ccf1df_6.0.22621.3235_none_270f74e173860f98;C:\Program Files\OpenLogic\jdk-17.0.10.7-hotspot\bin\server;C:\Users\MAHE\.gradle\native\68d5fa5c4cc2d200863cafc0d521ce42e7d3e7ee720ec0a83991735586a16f82\windows-amd64;C:\Users\MAHE\.gradle\native\e376f236ea51e6404a007f0833ffe2c6e607c4080706a723a18a27aeea778392\windows-amd64

VM Arguments:
jvm_args: -XX:MaxMetaspaceSize=512m --add-opens=java.base/java.util=ALL-UNNAMED --add-opens=java.base/java.lang=ALL-UNNAMED --add-opens=java.base/java.lang.invoke=ALL-UNNAMED --add-opens=java.prefs/java.util.prefs=ALL-UNNAMED --add-opens=java.base/java.nio.charset=ALL-UNNAMED --add-opens=java.base/java.net=ALL-UNNAMED --add-opens=java.base/java.util.concurrent.atomic=ALL-UNNAMED -Xmx2048m -Dfile.encoding=windows-1252 -Duser.country=IN -Duser.language=en -Duser.variant -javaagent:C:\Users\MAHE\.gradle\wrapper\dists\gradle-8.3-all\6en3ugtfdg5xnpx44z4qbwgas\gradle-8.3\lib\agents\gradle-instrumentation-agent-8.3.jar 
java_command: org.gradle.launcher.daemon.bootstrap.GradleDaemon 8.3
java_class_path (initial): C:\Users\MAHE\.gradle\wrapper\dists\gradle-8.3-all\6en3ugtfdg5xnpx44z4qbwgas\gradle-8.3\lib\gradle-launcher-8.3.jar
Launcher Type: SUN_STANDARD

[Global flags]
     intx CICompilerCount                          = 3                                         {product} {ergonomic}
   size_t CompressedClassSpaceSize                 = 436207616                                 {product} {ergonomic}
     uint ConcGCThreads                            = 1                                         {product} {ergonomic}
     uint G1ConcRefinementThreads                  = 4                                         {product} {ergonomic}
   size_t G1HeapRegionSize                         = 1048576                                   {product} {ergonomic}
    uintx GCDrainStackTargetSize                   = 64                                        {product} {ergonomic}
   size_t InitialHeapSize                          = 268435456                                 {product} {ergonomic}
   size_t MarkStackSize                            = 4194304                                   {product} {ergonomic}
   size_t MaxHeapSize                              = 2147483648                                {product} {command line}
   size_t MaxMetaspaceSize                         = 536870912                                 {product} {command line}
   size_t MaxNewSize                               = 1287651328                                {product} {ergonomic}
   size_t MinHeapDeltaBytes                        = 1048576                                   {product} {ergonomic}
   size_t MinHeapSize                              = 8388608                                   {product} {ergonomic}
    uintx NonNMethodCodeHeapSize                   = 5832780                                {pd product} {ergonomic}
    uintx NonProfiledCodeHeapSize                  = 122912730                              {pd product} {ergonomic}
    uintx ProfiledCodeHeapSize                     = 122912730                              {pd product} {ergonomic}
    uintx ReservedCodeCacheSize                    = 251658240                              {pd product} {ergonomic}
     bool SegmentedCodeCache                       = true                                      {product} {ergonomic}
   size_t SoftMaxHeapSize                          = 2147483648                             {manageable} {ergonomic}
     bool UseCompressedClassPointers               = true                           {product lp64_product} {ergonomic}
     bool UseCompressedOops                        = true                           {product lp64_product} {ergonomic}
     bool UseG1GC                                  = true                                      {product} {ergonomic}
     bool UseLargePagesIndividualAllocation        = false                                  {pd product} {ergonomic}

Logging:
Log output configuration:
 #0: stdout all=warning uptime,level,tags
 #1: stderr all=off uptime,level,tags

Environment Variables:
JAVA_HOME=C:\Program Files\OpenLogic\jdk-17.0.10.7-hotspot\
CLASSPATH=C:\Users\MAHE\Documents\demo1_joyson1\android\\gradle\wrapper\gradle-wrapper.jar
PATH=C:\Users\MAHE\Documents\demo1_joyson1\node_modules\.bin;C:\Users\MAHE\Documents\demo1_joyson1\node_modules\.bin;C:\Users\MAHE\Documents\node_modules\.bin;C:\Users\MAHE\node_modules\.bin;C:\Users\node_modules\.bin;C:\node_modules\.bin;C:\Users\MAHE\AppData\Roaming\npm\node_modules\npm\node_modules\@npmcli\run-script\lib\node-gyp-bin;C:\Program Files\OpenLogic\jdk-17.0.10.7-hotspot\bin;C:\Python312\Scripts\;C:\Python312\;C:\Windows\system32;C:\Windows;C:\Windows\System32\Wbem;C:\Windows\System32\WindowsPowerShell\v1.0\;C:\Windows\System32\OpenSSH\;C:\Program Files\nodejs\;C:\ProgramData\chocolatey\bin;C:\Program Files\Git\cmd;C:\Program Files\Git\bin;C:\Program Files (x86)\Microsoft SQL Server\160\Tools\Binn\;C:\Program Files\Microsoft SQL Server\160\Tools\Binn\;C:\Program Files\Microsoft SQL Server\Client SDK\ODBC\170\Tools\Binn\;C:\Program Files\Microsoft SQL Server\160\DTS\Binn\;C:\Program Files (x86)\Microsoft SQL Server\160\DTS\Binn\;C:\Program Files\Azure Data Studio\bin;C:\Users\MAHE\AppData\Local\Microsoft\WindowsApps;C:\Users\MAHE\AppData\Local\Programs\Microsoft VS Code\bin;C:\Users\MAHE\AppData\Roaming\npm;C:\Users\MAHE\AppData\Local\Android\Sdk;C:\Users\MAHE\AppData\Local\Android\Sdk\platform-tools;C:\Users\MAHE\AppData\Local\Android\Sdk\emulator;C:\Program Files\Git\bin;;C:\Program Files\Azure Data Studio\bin
USERNAME=MAHE
LANG=en_US.UTF-8
OS=Windows_NT
PROCESSOR_IDENTIFIER=Intel64 Family 6 Model 60 Stepping 3, GenuineIntel
TMP=C:\Users\MAHE\AppData\Local\Temp
TEMP=C:\Users\MAHE\AppData\Local\Temp



Periodic native trim disabled


---------------  S Y S T E M  ---------------

OS:
 Windows 11 , 64 bit Build 22621 (10.0.22621.3235)
OS uptime: 0 days 0:02 hours

CPU: total 4 (initial active 4) (4 cores per cpu, 1 threads per core) family 6 model 60 stepping 3 microcode 0x28, cx8, cmov, fxsr, mmx, sse, sse2, sse3, ssse3, sse4.1, sse4.2, popcnt, lzcnt, tsc, tscinvbit, avx, avx2, aes, erms, clmul, bmi1, bmi2, fma, vzeroupper, clflush
Processor Information for all 4 processors :
  Max Mhz: 3001, Current Mhz: 3001, Mhz Limit: 3001

Memory: 4k page, system-wide physical 16309M (10860M free)
TotalPageFile size 32693M (AvailPageFile size 26533M)
current process WorkingSet (physical memory assigned to process): 403M, peak: 414M
current process commit charge ("private bytes"): 456M, peak: 468M

vm_info: OpenJDK 64-Bit Server VM (17.0.10+7-adhoc..jdk17u) for windows-amd64 JRE (17.0.10+7-adhoc..jdk17u), built on Jan 24 2024 08:51:31 by "" with MS VC++ 16.10 / 16.11 (VS2019)

END.
