#
# A fatal error has been detected by the Java Runtime Environment:
#
#  EXCEPTION_ACCESS_VIOLATION (0xc0000005) at pc=0x00007ff9703da833, pid=14172, tid=14276
#
# JRE version: OpenJDK Runtime Environment OpenLogic-OpenJDK (17.0.10+7) (build 17.0.10+7-adhoc..jdk17u)
# Java VM: OpenJDK 64-Bit Server VM OpenLogic-OpenJDK (17.0.10+7-adhoc..jdk17u, mixed mode, sharing, tiered, compressed oops, compressed class ptrs, g1 gc, windows-amd64)
# Problematic frame:
# V  [jvm.dll+0x7a833]
#
# No core dump will be written. Minidumps are not enabled by default on client versions of Windows
#
# If you would like to submit a bug report, please visit:
#   https://techsupport.roguewave.com/
#

---------------  S U M M A R Y ------------

Command Line: -XX:MaxMetaspaceSize=512m --add-opens=java.base/java.util=ALL-UNNAMED --add-opens=java.base/java.lang=ALL-UNNAMED --add-opens=java.base/java.lang.invoke=ALL-UNNAMED --add-opens=java.prefs/java.util.prefs=ALL-UNNAMED --add-opens=java.base/java.nio.charset=ALL-UNNAMED --add-opens=java.base/java.net=ALL-UNNAMED --add-opens=java.base/java.util.concurrent.atomic=ALL-UNNAMED -Xmx2048m -Dfile.encoding=windows-1252 -Duser.country=IN -Duser.language=en -Duser.variant -javaagent:C:\Users\MAHE\.gradle\wrapper\dists\gradle-8.3-all\6en3ugtfdg5xnpx44z4qbwgas\gradle-8.3\lib\agents\gradle-instrumentation-agent-8.3.jar org.gradle.launcher.daemon.bootstrap.GradleDaemon 8.3

Host: Intel(R) Core(TM) i5-4590S CPU @ 3.00GHz, 4 cores, 15G,  Windows 11 , 64 bit Build 22621 (10.0.22621.3672)
Time: Thu Jun  6 10:53:15 2024 India Standard Time elapsed time: 52.269479 seconds (0d 0h 0m 52s)

---------------  T H R E A D  ---------------

Current thread (0x0000023ef82477f0):  JavaThread "C2 CompilerThread0" daemon [_thread_in_native, id=14276, stack(0x000000808f300000,0x000000808f400000)]


Current CompileTask:
C2:  52269 6431   !   4       com.google.common.reflect.TypeVisitor::visit (244 bytes)

Stack: [0x000000808f300000,0x000000808f400000],  sp=0x000000808f3fbc10,  free space=1007k
Native frames: (J=compiled Java code, j=interpreted, Vv=VM code, C=native code)
V  [jvm.dll+0x7a833]
V  [jvm.dll+0x60fd58]
V  [jvm.dll+0x60de04]
V  [jvm.dll+0x21a118]
V  [jvm.dll+0x2196c1]
V  [jvm.dll+0x1a512d]
V  [jvm.dll+0x22949e]
V  [jvm.dll+0x22766c]
V  [jvm.dll+0x7e9ea7]
V  [jvm.dll+0x7e42aa]
V  [jvm.dll+0x67c5d5]
C  [ucrtbase.dll+0x29333]
C  [KERNEL32.DLL+0x1257d]
C  [ntdll.dll+0x5aa48]


siginfo: EXCEPTION_ACCESS_VIOLATION (0xc0000005), reading address 0x00007ffcf1f35058


Registers:
RAX=0x000000007036eef0, RBX=0x0000023e9ba81e38, RCX=0x00007ff970c73780, RDX=0x00007ffcf1f35060
RSP=0x000000808f3fbc10, RBP=0x000000808f3fbc88, RSI=0xfffffffffffffff8, RDI=0x0000023e9bb87a50
R8 =0x00007ff9703bd8e0, R9 =0x0000023e9c1cde40, R10=0x00007ff999280000, R11=0x0000000000000246
R12=0x0000000000000000, R13=0x000000808f3fc070, R14=0x0000000000000001, R15=0x0000023efed068c0
RIP=0x00007ff9703da833, EFLAGS=0x0000000000010202


Register to memory mapping:

RIP=0x00007ff9703da833 jvm.dll
RAX=0x000000007036eef0 is an unknown value
RBX=0x0000023e9ba81e38 points into unknown readable memory: 0x00007ff970c9fa28 | 28 fa c9 70 f9 7f 00 00
RCX=0x00007ff970c73780 jvm.dll
RDX=0x00007ffcf1f35060 is an unknown value
RSP=0x000000808f3fbc10 is pointing into the stack for thread: 0x0000023ef82477f0
RBP=0x000000808f3fbc88 is pointing into the stack for thread: 0x0000023ef82477f0
RSI=0xfffffffffffffff8 is an unknown value
RDI=0x0000023e9bb87a50 points into unknown readable memory: 0x0000023efe41f648 | 48 f6 41 fe 3e 02 00 00
R8 =0x00007ff9703bd8e0 jvm.dll
R9 =0x0000023e9c1cde40 points into unknown readable memory: 0x00007ff970c73780 | 80 37 c7 70 f9 7f 00 00
R10=0x00007ff999280000 VCRUNTIME140.dll
R11=0x0000000000000246 is an unknown value
R12=0x0 is NULL
R13=0x000000808f3fc070 is pointing into the stack for thread: 0x0000023ef82477f0
R14=0x0000000000000001 is an unknown value
R15=0x0000023efed068c0 points into unknown readable memory: 0x00007ff970c9fa28 | 28 fa c9 70 f9 7f 00 00


Top of Stack: (sp=0x000000808f3fbc10)
0x000000808f3fbc10:   0000000000000000 0000023e9cb4c020
0x000000808f3fbc20:   000000808f3fbc88 000000808f3fc070
0x000000808f3fbc30:   0000000000000000 00007ff97096fd58
0x000000808f3fbc40:   0000023e9ba81e38 0000023ef822f8e0
0x000000808f3fbc50:   000000808f3fe850 000000808f3fbc88
0x000000808f3fbc60:   0000023e9c8285d0 0000023e9c8b0470
0x000000808f3fbc70:   0000023e9c81fef0 0000023ef82449e0
0x000000808f3fbc80:   000000808f3feaf0 0000000000000000
0x000000808f3fbc90:   0000000000000000 000000808f3fc070
0x000000808f3fbca0:   000000808f3fbd30 00007ff97096de04
0x000000808f3fbcb0:   0000000000000004 0000000000003444
0x000000808f3fbcc0:   0000000000000004 0000023e9b0a00b0
0x000000808f3fbcd0:   0000000000000000 0000000000000000
0x000000808f3fbce0:   0000000000000000 0000000000000000
0x000000808f3fbcf0:   0000000000000000 0000000000000000
0x000000808f3fbd00:   0000000000000000 0000000000000000
0x000000808f3fbd10:   0000000000000000 0000000000004000
0x000000808f3fbd20:   0000000000000000 0000000900000009
0x000000808f3fbd30:   0000000000000000 000000808f3fe850
0x000000808f3fbd40:   0000023ef80d01a0 0000000000000000
0x000000808f3fbd50:   00007ff970c9fd10 0000000080000000
0x000000808f3fbd60:   000000808f3fbe70 00007ff97057a118
0x000000808f3fbd70:   0000023efee3d990 000000808f3feaf0
0x000000808f3fbd80:   000000808f3fe850 0000023e9bccdba8
0x000000808f3fbd90:   0000000000000000 0000023e9b9ceb70
0x000000808f3fbda0:   0000023e9b9d0000 0000000000000000
0x000000808f3fbdb0:   0000023efd0cb398 0000000000000000
0x000000808f3fbdc0:   0000000000000000 00007ff970c9fd10
0x000000808f3fbdd0:   0000000000000000 0000000000000000
0x000000808f3fbde0:   0000000000000000 00007ff970c9fd10
0x000000808f3fbdf0:   0000023efd0c9500 0000000000000000
0x000000808f3fbe00:   0000000000000000 0000000000000000 

Instructions: (pc=0x00007ff9703da833)
0x00007ff9703da733:   00 00 c3 cc cc cc cc cc cc cc cc cc cc b8 a9 03
0x00007ff9703da743:   00 00 c3 cc cc cc cc cc cc cc cc cc cc b8 ab 03
0x00007ff9703da753:   00 00 c3 cc cc cc cc cc cc cc cc cc cc b8 5d 02
0x00007ff9703da763:   00 00 c3 cc cc cc cc cc cc cc cc cc cc b8 56 02
0x00007ff9703da773:   00 00 c3 cc cc cc cc cc cc cc cc cc cc b8 59 02
0x00007ff9703da783:   00 00 c3 cc cc cc cc cc cc cc cc cc cc b8 8b 01
0x00007ff9703da793:   00 00 c3 cc cc cc cc cc cc cc cc cc cc b8 c6 02
0x00007ff9703da7a3:   00 00 c3 cc cc cc cc cc cc cc cc cc cc b8 b6 02
0x00007ff9703da7b3:   00 00 c3 cc cc cc cc cc cc cc cc cc cc b8 c7 02
0x00007ff9703da7c3:   00 00 c3 cc cc cc cc cc cc cc cc cc cc b8 c9 02
0x00007ff9703da7d3:   00 00 c3 cc cc cc cc cc cc cc cc cc cc b8 c8 02
0x00007ff9703da7e3:   00 00 c3 cc cc cc cc cc cc cc cc cc cc b8 aa 02
0x00007ff9703da7f3:   00 00 c3 cc cc cc cc cc cc cc cc cc cc 48 89 5c
0x00007ff9703da803:   24 08 57 48 83 ec 20 48 8b 41 08 48 8b f9 8b d2
0x00007ff9703da813:   49 8b d8 48 8b 0c d0 4c 8d 0c d0 48 85 c9 74 26
0x00007ff9703da823:   4c 8b 41 10 4d 85 c0 74 1d 8b 41 20 49 8d 14 c0
0x00007ff9703da833:   48 39 7a f8 48 8d 52 f8 75 f6 ff c8 89 41 20 49
0x00007ff9703da843:   8b 0c c0 48 89 0a 49 89 19 48 85 db 74 29 48 8b
0x00007ff9703da853:   4b 10 48 85 c9 74 20 8b 43 20 3b 43 24 75 11 8b
0x00007ff9703da863:   d0 48 8b cb e8 34 17 5e 00 8b 43 20 48 8b 4b 10
0x00007ff9703da873:   48 89 3c c1 ff 43 20 8b 0d 78 86 b4 00 65 48 8b
0x00007ff9703da883:   04 25 58 00 00 00 ba 50 00 00 00 48 8b 04 c8 80
0x00007ff9703da893:   3c 02 00 75 05 e8 eb 5b 81 00 48 8b 5c 24 30 48
0x00007ff9703da8a3:   83 c4 20 5f c3 cc cc cc cc cc cc cc cc b8 a8 00
0x00007ff9703da8b3:   00 00 c3 cc cc cc cc cc cc cc cc cc cc 40 53 48
0x00007ff9703da8c3:   83 ec 20 48 8b d9 e8 92 02 00 00 48 8d 05 d3 b6
0x00007ff9703da8d3:   86 00 c6 83 98 00 00 00 00 48 89 03 48 8d 83 a8
0x00007ff9703da8e3:   00 00 00 48 89 43 40 48 8b c3 c7 43 2c be 00 00
0x00007ff9703da8f3:   00 c7 43 3c 02 00 00 00 48 83 c4 20 5b c3 cc cc
0x00007ff9703da903:   cc cc cc cc cc cc cc cc cc cc cc cc cc 40 53 48
0x00007ff9703da913:   83 ec 20 48 8b d9 e8 42 02 00 00 48 8d 05 7b b9
0x00007ff9703da923:   86 00 c7 43 2c de 00 00 00 48 89 03 48 8d 83 a0 


Stack slot to memory mapping:
stack at sp + 0 slots: 0x0 is NULL
stack at sp + 1 slots: 0x0000023e9cb4c020 points into unknown readable memory: 0x00007ff970c8dd60 | 60 dd c8 70 f9 7f 00 00
stack at sp + 2 slots: 0x000000808f3fbc88 is pointing into the stack for thread: 0x0000023ef82477f0
stack at sp + 3 slots: 0x000000808f3fc070 is pointing into the stack for thread: 0x0000023ef82477f0
stack at sp + 4 slots: 0x0 is NULL
stack at sp + 5 slots: 0x00007ff97096fd58 jvm.dll
stack at sp + 6 slots: 0x0000023e9ba81e38 points into unknown readable memory: 0x00007ff970c9fa28 | 28 fa c9 70 f9 7f 00 00
stack at sp + 7 slots: 0x0000023ef822f8e0 points into unknown readable memory: 0x0000023ef82477f0 | f0 77 24 f8 3e 02 00 00


---------------  P R O C E S S  ---------------

Threads class SMR info:
_java_thread_list=0x0000023efde72cb0, length=46, elements={
0x0000023ed9287fd0, 0x0000023ef822d980, 0x0000023ef8230560, 0x0000023ef823ecd0,
0x0000023ef82416b0, 0x0000023ef8242070, 0x0000023ef8242a30, 0x0000023ef82477f0,
0x0000023ef824a2b0, 0x0000023ef83bf380, 0x0000023ef844d950, 0x0000023ef8582f40,
0x0000023efdc96900, 0x0000023efdf30080, 0x0000023efe465fd0, 0x0000023efd4b2330,
0x0000023efdd78e40, 0x0000023efdf83290, 0x0000023efd93b3f0, 0x0000023efe1d5df0,
0x0000023efe1d53d0, 0x0000023efe1d3f90, 0x0000023efe1d6300, 0x0000023efe1d6810,
0x0000023efe1d3060, 0x0000023efe1d3570, 0x0000023efe1d3a80, 0x0000023efe1d44a0,
0x0000023efe1d49b0, 0x0000023efe1d58e0, 0x0000023efd498ac0, 0x0000023efd496750,
0x0000023efd495820, 0x0000023efd499f00, 0x0000023efd4985b0, 0x0000023efd496c60,
0x0000023efd495d30, 0x0000023efd4980a0, 0x0000023efd497170, 0x0000023efd496240,
0x0000023efd493ed0, 0x0000023efd498fd0, 0x0000023efd4994e0, 0x0000023efd4943e0,
0x0000023efd4948f0, 0x0000023ef86de7b0
}

Java Threads: ( => current thread )
  0x0000023ed9287fd0 JavaThread "main" [_thread_blocked, id=14216, stack(0x000000808e600000,0x000000808e700000)]
  0x0000023ef822d980 JavaThread "Reference Handler" daemon [_thread_blocked, id=14252, stack(0x000000808ed00000,0x000000808ee00000)]
  0x0000023ef8230560 JavaThread "Finalizer" daemon [_thread_blocked, id=14256, stack(0x000000808ee00000,0x000000808ef00000)]
  0x0000023ef823ecd0 JavaThread "Signal Dispatcher" daemon [_thread_blocked, id=14260, stack(0x000000808ef00000,0x000000808f000000)]
  0x0000023ef82416b0 JavaThread "Attach Listener" daemon [_thread_blocked, id=14264, stack(0x000000808f000000,0x000000808f100000)]
  0x0000023ef8242070 JavaThread "Service Thread" daemon [_thread_blocked, id=14268, stack(0x000000808f100000,0x000000808f200000)]
  0x0000023ef8242a30 JavaThread "Monitor Deflation Thread" daemon [_thread_blocked, id=14272, stack(0x000000808f200000,0x000000808f300000)]
=>0x0000023ef82477f0 JavaThread "C2 CompilerThread0" daemon [_thread_in_native, id=14276, stack(0x000000808f300000,0x000000808f400000)]
  0x0000023ef824a2b0 JavaThread "C1 CompilerThread0" daemon [_thread_blocked, id=14280, stack(0x000000808f400000,0x000000808f500000)]
  0x0000023ef83bf380 JavaThread "Sweeper thread" daemon [_thread_blocked, id=14284, stack(0x000000808f500000,0x000000808f600000)]
  0x0000023ef844d950 JavaThread "Common-Cleaner" daemon [_thread_blocked, id=14288, stack(0x000000808f600000,0x000000808f700000)]
  0x0000023ef8582f40 JavaThread "Notification Thread" daemon [_thread_blocked, id=14292, stack(0x000000808f700000,0x000000808f800000)]
  0x0000023efdc96900 JavaThread "Daemon health stats" [_thread_blocked, id=13428, stack(0x000000808fd00000,0x000000808fe00000)]
  0x0000023efdf30080 JavaThread "Incoming local TCP Connector on port 51495" [_thread_in_native, id=13436, stack(0x000000808f900000,0x000000808fa00000)]
  0x0000023efe465fd0 JavaThread "Daemon periodic checks" [_thread_blocked, id=13460, stack(0x000000808fe00000,0x000000808ff00000)]
  0x0000023efd4b2330 JavaThread "Daemon" [_thread_blocked, id=13464, stack(0x000000808ff00000,0x0000008090000000)]
  0x0000023efdd78e40 JavaThread "Handler for socket connection from /127.0.0.1:51495 to /127.0.0.1:51496" [_thread_in_native, id=13516, stack(0x0000008090000000,0x0000008090100000)]
  0x0000023efdf83290 JavaThread "Cancel handler" [_thread_blocked, id=13504, stack(0x0000008090100000,0x0000008090200000)]
  0x0000023efd93b3f0 JavaThread "Daemon worker" [_thread_in_vm, id=13512, stack(0x0000008090200000,0x0000008090300000)]
  0x0000023efe1d5df0 JavaThread "Asynchronous log dispatcher for DefaultDaemonConnection: socket connection from /127.0.0.1:51495 to /127.0.0.1:51496" [_thread_blocked, id=13584, stack(0x0000008090300000,0x0000008090400000)]
  0x0000023efe1d53d0 JavaThread "Stdin handler" [_thread_blocked, id=13592, stack(0x0000008090400000,0x0000008090500000)]
  0x0000023efe1d3f90 JavaThread "Daemon client event forwarder" [_thread_blocked, id=13600, stack(0x0000008090500000,0x0000008090600000)]
  0x0000023efe1d6300 JavaThread "Cache worker for journal cache (C:\Users\MAHE\.gradle\caches\journal-1)" [_thread_blocked, id=13620, stack(0x0000008090600000,0x0000008090700000)]
  0x0000023efe1d6810 JavaThread "File lock request listener" [_thread_in_native, id=13612, stack(0x0000008090700000,0x0000008090800000)]
  0x0000023efe1d3060 JavaThread "Cache worker for file hash cache (C:\Users\MAHE\.gradle\caches\8.3\fileHashes)" [_thread_blocked, id=13628, stack(0x0000008090800000,0x0000008090900000)]
  0x0000023efe1d3570 JavaThread "File watcher server" daemon [_thread_in_native, id=13656, stack(0x0000008090900000,0x0000008090a00000)]
  0x0000023efe1d3a80 JavaThread "File watcher consumer" daemon [_thread_blocked, id=13648, stack(0x0000008090a00000,0x0000008090b00000)]
  0x0000023efe1d44a0 JavaThread "Cache worker for checksums cache (C:\Users\MAHE\Documents\DOC APP BACKUP FILES\april30_\demo1_joyson1\android\.gradle\8.3\checksums)" [_thread_blocked, id=13652, stack(0x0000008090b00000,0x0000008090c00000)]
  0x0000023efe1d49b0 JavaThread "Cache worker for file hash cache (C:\Users\MAHE\Documents\DOC APP BACKUP FILES\april30_\demo1_joyson1\android\.gradle\8.3\fileHashes)" [_thread_blocked, id=13672, stack(0x0000008090c00000,0x0000008090d00000)]
  0x0000023efe1d58e0 JavaThread "Cache worker for cache directory md-supplier (C:\Users\MAHE\.gradle\caches\8.3\md-supplier)" [_thread_blocked, id=13664, stack(0x0000008090d00000,0x0000008090e00000)]
  0x0000023efd498ac0 JavaThread "Cache worker for file content cache (C:\Users\MAHE\.gradle\caches\8.3\fileContent)" [_thread_blocked, id=13660, stack(0x0000008090e00000,0x0000008090f00000)]
  0x0000023efd496750 JavaThread "Cache worker for cache directory md-rule (C:\Users\MAHE\.gradle\caches\8.3\md-rule)" [_thread_blocked, id=13668, stack(0x0000008090f00000,0x0000008091000000)]
  0x0000023efd495820 JavaThread "Cache worker for execution history cache (C:\Users\MAHE\.gradle\caches\8.3\executionHistory)" [_thread_blocked, id=8324, stack(0x0000008091000000,0x0000008091100000)]
  0x0000023efd499f00 JavaThread "jar transforms" [_thread_blocked, id=13684, stack(0x0000008091100000,0x0000008091200000)]
  0x0000023efd4985b0 JavaThread "jar transforms Thread 2" [_thread_blocked, id=13692, stack(0x0000008091200000,0x0000008091300000)]
  0x0000023efd496c60 JavaThread "jar transforms Thread 3" [_thread_blocked, id=13676, stack(0x0000008091300000,0x0000008091400000)]
  0x0000023efd495d30 JavaThread "jar transforms Thread 4" [_thread_blocked, id=13712, stack(0x0000008091400000,0x0000008091500000)]
  0x0000023efd4980a0 JavaThread "Cache worker for kotlin-dsl (C:\Users\MAHE\.gradle\caches\8.3\kotlin-dsl)" [_thread_blocked, id=13852, stack(0x0000008091700000,0x0000008091800000)]
  0x0000023efd497170 JavaThread "Unconstrained build operations" [_thread_blocked, id=12136, stack(0x0000008091900000,0x0000008091a00000)]
  0x0000023efd496240 JavaThread "Unconstrained build operations Thread 2" [_thread_blocked, id=12180, stack(0x0000008091a00000,0x0000008091b00000)]
  0x0000023efd493ed0 JavaThread "Cache worker for dependencies-accessors (C:\Users\MAHE\Documents\DOC APP BACKUP FILES\april30_\demo1_joyson1\android\.gradle\8.3\dependencies-accessors)" [_thread_blocked, id=7420, stack(0x0000008091b00000,0x0000008091c00000)]
  0x0000023efd498fd0 JavaThread "Cache worker for Build Output Cleanup Cache (C:\Users\MAHE\Documents\DOC APP BACKUP FILES\april30_\demo1_joyson1\node_modules\@react-native\gradle-plugin\.gradle\buildOutputCleanup)" [_thread_blocked, id=7356, stack(0x0000008091d00000,0x0000008091e00000)]
  0x0000023efd4994e0 JavaThread "Unconstrained build operations Thread 3" [_thread_blocked, id=9872, stack(0x0000008091c00000,0x0000008091d00000)]
  0x0000023efd4943e0 JavaThread "Unconstrained build operations Thread 4" [_thread_blocked, id=10284, stack(0x0000008091e00000,0x0000008091f00000)]
  0x0000023efd4948f0 JavaThread "Unconstrained build operations Thread 5" [_thread_blocked, id=12064, stack(0x0000008091f00000,0x0000008092000000)]
  0x0000023ef86de7b0 JavaThread "C2 CompilerThread1" daemon [_thread_blocked, id=1660, stack(0x0000008092000000,0x0000008092100000)]

Other Threads:
  0x0000023ef82291d0 VMThread "VM Thread" [stack: 0x000000808ec00000,0x000000808ed00000] [id=14248]
  0x0000023ef8583420 WatcherThread [stack: 0x000000808f800000,0x000000808f900000] [id=14296]
  0x0000023ed92e2490 GCTaskThread "GC Thread#0" [stack: 0x000000808e700000,0x000000808e800000] [id=14224]
  0x0000023ef892b680 GCTaskThread "GC Thread#1" [stack: 0x000000808fa00000,0x000000808fb00000] [id=14308]
  0x0000023ef8732010 GCTaskThread "GC Thread#2" [stack: 0x000000808fb00000,0x000000808fc00000] [id=14312]
  0x0000023ef87322d0 GCTaskThread "GC Thread#3" [stack: 0x000000808fc00000,0x000000808fd00000] [id=14316]
  0x0000023ed92f43f0 ConcurrentGCThread "G1 Main Marker" [stack: 0x000000808e800000,0x000000808e900000] [id=14228]
  0x0000023ed92f4e10 ConcurrentGCThread "G1 Conc#0" [stack: 0x000000808e900000,0x000000808ea00000] [id=14232]
  0x0000023ed932e6f0 ConcurrentGCThread "G1 Refine#0" [stack: 0x000000808ea00000,0x000000808eb00000] [id=14236]
  0x0000023ef80e2e80 ConcurrentGCThread "G1 Service" [stack: 0x000000808eb00000,0x000000808ec00000] [id=14240]

Threads with active compile tasks:
C2 CompilerThread0    52483 6431   !   4       com.google.common.reflect.TypeVisitor::visit (244 bytes)

VM state: not at safepoint (normal execution)

VM Mutex/Monitor currently owned by a thread: None

Heap address: 0x0000000080000000, size: 2048 MB, Compressed Oops mode: 32-bit

CDS archive(s) mapped at: [0x0000023e80000000-0x0000023e80bc0000-0x0000023e80bc0000), size 12320768, SharedBaseAddress: 0x0000023e80000000, ArchiveRelocationMode: 1.
Compressed class space mapped at: 0x0000023e81000000-0x0000023e9b000000, reserved size: 436207616
Narrow klass base: 0x0000023e80000000, Narrow klass shift: 0, Narrow klass range: 0x100000000

GC Precious Log:
 CPUs: 4 total, 4 available
 Memory: 16309M
 Large Page Support: Disabled
 NUMA Support: Disabled
 Compressed Oops: Enabled (32-bit)
 Heap Region Size: 1M
 Heap Min Capacity: 8M
 Heap Initial Capacity: 256M
 Heap Max Capacity: 2G
 Pre-touch: Disabled
 Parallel Workers: 4
 Concurrent Workers: 1
 Concurrent Refinement Workers: 4
 Periodic GC: Disabled

Heap:
 garbage-first heap   total 89088K, used 68712K [0x0000000080000000, 0x0000000100000000)
  region size 1024K, 19 young (19456K), 3 survivors (3072K)
 Metaspace       used 56923K, committed 57600K, reserved 491520K
  class space    used 7891K, committed 8192K, reserved 425984K

Heap Regions: E=young(eden), S=young(survivor), O=old, HS=humongous(starts), HC=humongous(continues), CS=collection set, F=free, OA=open archive, CA=closed archive, TAMS=top-at-mark-start (previous, next)
|   0|0x0000000080000000, 0x0000000080100000, 0x0000000080100000|100%| O|  |TAMS 0x0000000080100000, 0x0000000080000000| Untracked 
|   1|0x0000000080100000, 0x0000000080200000, 0x0000000080200000|100%| O|  |TAMS 0x0000000080200000, 0x0000000080100000| Untracked 
|   2|0x0000000080200000, 0x0000000080300000, 0x0000000080300000|100%|HS|  |TAMS 0x0000000080300000, 0x0000000080200000| Complete 
|   3|0x0000000080300000, 0x0000000080400000, 0x0000000080400000|100%|HC|  |TAMS 0x0000000080400000, 0x0000000080300000| Complete 
|   4|0x0000000080400000, 0x0000000080500000, 0x0000000080500000|100%|HC|  |TAMS 0x0000000080500000, 0x0000000080400000| Complete 
|   5|0x0000000080500000, 0x0000000080600000, 0x0000000080600000|100%|HC|  |TAMS 0x0000000080600000, 0x0000000080500000| Complete 
|   6|0x0000000080600000, 0x0000000080700000, 0x0000000080700000|100%| O|  |TAMS 0x0000000080700000, 0x0000000080600000| Untracked 
|   7|0x0000000080700000, 0x0000000080800000, 0x0000000080800000|100%| O|  |TAMS 0x0000000080800000, 0x0000000080700000| Untracked 
|   8|0x0000000080800000, 0x0000000080900000, 0x0000000080900000|100%| O|  |TAMS 0x0000000080900000, 0x0000000080800000| Untracked 
|   9|0x0000000080900000, 0x0000000080a00000, 0x0000000080a00000|100%| O|  |TAMS 0x0000000080a00000, 0x0000000080900000| Untracked 
|  10|0x0000000080a00000, 0x0000000080b00000, 0x0000000080b00000|100%| O|  |TAMS 0x0000000080b00000, 0x0000000080a00000| Untracked 
|  11|0x0000000080b00000, 0x0000000080bad200, 0x0000000080c00000| 67%| O|  |TAMS 0x0000000080bad200, 0x0000000080b00000| Untracked 
|  12|0x0000000080c00000, 0x0000000080d00000, 0x0000000080d00000|100%| O|  |TAMS 0x0000000080d00000, 0x0000000080c00000| Untracked 
|  13|0x0000000080d00000, 0x0000000080e00000, 0x0000000080e00000|100%| O|  |TAMS 0x0000000080e00000, 0x0000000080d00000| Untracked 
|  14|0x0000000080e00000, 0x0000000080f00000, 0x0000000080f00000|100%| O|  |TAMS 0x0000000080f00000, 0x0000000080e00000| Untracked 
|  15|0x0000000080f00000, 0x0000000081000000, 0x0000000081000000|100%| O|  |TAMS 0x0000000081000000, 0x0000000080f00000| Untracked 
|  16|0x0000000081000000, 0x0000000081100000, 0x0000000081100000|100%| O|  |TAMS 0x0000000081100000, 0x0000000081000000| Untracked 
|  17|0x0000000081100000, 0x0000000081200000, 0x0000000081200000|100%| O|  |TAMS 0x0000000081200000, 0x0000000081100000| Untracked 
|  18|0x0000000081200000, 0x0000000081300000, 0x0000000081300000|100%| O|  |TAMS 0x0000000081300000, 0x0000000081200000| Untracked 
|  19|0x0000000081300000, 0x0000000081400000, 0x0000000081400000|100%| O|  |TAMS 0x0000000081400000, 0x0000000081300000| Untracked 
|  20|0x0000000081400000, 0x0000000081500000, 0x0000000081500000|100%| O|  |TAMS 0x0000000081500000, 0x0000000081400000| Untracked 
|  21|0x0000000081500000, 0x0000000081600000, 0x0000000081600000|100%| O|  |TAMS 0x0000000081600000, 0x0000000081500000| Untracked 
|  22|0x0000000081600000, 0x0000000081700000, 0x0000000081700000|100%| O|  |TAMS 0x0000000081700000, 0x0000000081600000| Untracked 
|  23|0x0000000081700000, 0x0000000081800000, 0x0000000081800000|100%| O|  |TAMS 0x0000000081800000, 0x0000000081700000| Untracked 
|  24|0x0000000081800000, 0x0000000081900000, 0x0000000081900000|100%| O|  |TAMS 0x0000000081900000, 0x0000000081800000| Untracked 
|  25|0x0000000081900000, 0x0000000081a00000, 0x0000000081a00000|100%| O|  |TAMS 0x0000000081a00000, 0x0000000081900000| Untracked 
|  26|0x0000000081a00000, 0x0000000081b00000, 0x0000000081b00000|100%| O|  |TAMS 0x0000000081b00000, 0x0000000081a00000| Untracked 
|  27|0x0000000081b00000, 0x0000000081c00000, 0x0000000081c00000|100%| O|  |TAMS 0x0000000081c00000, 0x0000000081b00000| Untracked 
|  28|0x0000000081c00000, 0x0000000081d00000, 0x0000000081d00000|100%| O|  |TAMS 0x0000000081d00000, 0x0000000081c00000| Untracked 
|  29|0x0000000081d00000, 0x0000000081e00000, 0x0000000081e00000|100%| O|  |TAMS 0x0000000081e00000, 0x0000000081d00000| Untracked 
|  30|0x0000000081e00000, 0x0000000081f00000, 0x0000000081f00000|100%| O|  |TAMS 0x0000000081f00000, 0x0000000081e00000| Untracked 
|  31|0x0000000081f00000, 0x0000000082000000, 0x0000000082000000|100%| O|  |TAMS 0x0000000082000000, 0x0000000081f00000| Untracked 
|  32|0x0000000082000000, 0x0000000082100000, 0x0000000082100000|100%| O|  |TAMS 0x0000000082100000, 0x0000000082000000| Untracked 
|  33|0x0000000082100000, 0x0000000082200000, 0x0000000082200000|100%| O|  |TAMS 0x0000000082200000, 0x0000000082100000| Untracked 
|  34|0x0000000082200000, 0x0000000082300000, 0x0000000082300000|100%| O|  |TAMS 0x0000000082300000, 0x0000000082200000| Untracked 
|  35|0x0000000082300000, 0x0000000082400000, 0x0000000082400000|100%| O|  |TAMS 0x0000000082400000, 0x0000000082300000| Untracked 
|  36|0x0000000082400000, 0x0000000082500000, 0x0000000082500000|100%| O|  |TAMS 0x0000000082500000, 0x0000000082400000| Untracked 
|  37|0x0000000082500000, 0x0000000082600000, 0x0000000082600000|100%| O|  |TAMS 0x0000000082600000, 0x0000000082500000| Untracked 
|  38|0x0000000082600000, 0x0000000082700000, 0x0000000082700000|100%| O|  |TAMS 0x0000000082700000, 0x0000000082600000| Untracked 
|  39|0x0000000082700000, 0x0000000082800000, 0x0000000082800000|100%|HS|  |TAMS 0x0000000082800000, 0x0000000082700000| Complete 
|  40|0x0000000082800000, 0x0000000082900000, 0x0000000082900000|100%|HC|  |TAMS 0x0000000082900000, 0x0000000082800000| Complete 
|  41|0x0000000082900000, 0x0000000082a00000, 0x0000000082a00000|100%| O|  |TAMS 0x0000000082a00000, 0x0000000082900000| Untracked 
|  42|0x0000000082a00000, 0x0000000082b00000, 0x0000000082b00000|100%| O|  |TAMS 0x0000000082a3d000, 0x0000000082a00000| Untracked 
|  43|0x0000000082b00000, 0x0000000082c00000, 0x0000000082c00000|100%|HS|  |TAMS 0x0000000082c00000, 0x0000000082b00000| Complete 
|  44|0x0000000082c00000, 0x0000000082d00000, 0x0000000082d00000|100%|HC|  |TAMS 0x0000000082d00000, 0x0000000082c00000| Complete 
|  45|0x0000000082d00000, 0x0000000082e00000, 0x0000000082e00000|100%|HS|  |TAMS 0x0000000082d00000, 0x0000000082d00000| Complete 
|  46|0x0000000082e00000, 0x0000000082f00000, 0x0000000082f00000|100%|HC|  |TAMS 0x0000000082e00000, 0x0000000082e00000| Complete 
|  47|0x0000000082f00000, 0x0000000083000000, 0x0000000083000000|100%|HC|  |TAMS 0x0000000082f00000, 0x0000000082f00000| Complete 
|  48|0x0000000083000000, 0x0000000083100000, 0x0000000083100000|100%|HC|  |TAMS 0x0000000083000000, 0x0000000083000000| Complete 
|  49|0x0000000083100000, 0x000000008316d400, 0x0000000083200000| 42%| O|  |TAMS 0x0000000083100000, 0x0000000083100000| Untracked 
|  50|0x0000000083200000, 0x0000000083200000, 0x0000000083300000|  0%| F|  |TAMS 0x0000000083200000, 0x0000000083200000| Untracked 
|  51|0x0000000083300000, 0x0000000083300000, 0x0000000083400000|  0%| F|  |TAMS 0x0000000083300000, 0x0000000083300000| Untracked 
|  52|0x0000000083400000, 0x0000000083400000, 0x0000000083500000|  0%| F|  |TAMS 0x0000000083400000, 0x0000000083400000| Untracked 
|  53|0x0000000083500000, 0x0000000083500000, 0x0000000083600000|  0%| F|  |TAMS 0x0000000083500000, 0x0000000083500000| Untracked 
|  54|0x0000000083600000, 0x0000000083600000, 0x0000000083700000|  0%| F|  |TAMS 0x0000000083600000, 0x0000000083600000| Untracked 
|  55|0x0000000083700000, 0x0000000083700000, 0x0000000083800000|  0%| F|  |TAMS 0x0000000083700000, 0x0000000083700000| Untracked 
|  56|0x0000000083800000, 0x0000000083800000, 0x0000000083900000|  0%| F|  |TAMS 0x0000000083800000, 0x0000000083800000| Untracked 
|  57|0x0000000083900000, 0x0000000083900000, 0x0000000083a00000|  0%| F|  |TAMS 0x0000000083900000, 0x0000000083900000| Untracked 
|  58|0x0000000083a00000, 0x0000000083a00000, 0x0000000083b00000|  0%| F|  |TAMS 0x0000000083a00000, 0x0000000083a00000| Untracked 
|  59|0x0000000083b00000, 0x0000000083b00000, 0x0000000083c00000|  0%| F|  |TAMS 0x0000000083b00000, 0x0000000083b00000| Untracked 
|  60|0x0000000083c00000, 0x0000000083c00000, 0x0000000083d00000|  0%| F|  |TAMS 0x0000000083c00000, 0x0000000083c00000| Untracked 
|  61|0x0000000083d00000, 0x0000000083d00000, 0x0000000083e00000|  0%| F|  |TAMS 0x0000000083d00000, 0x0000000083d00000| Untracked 
|  62|0x0000000083e00000, 0x0000000083e00000, 0x0000000083f00000|  0%| F|  |TAMS 0x0000000083e00000, 0x0000000083e00000| Untracked 
|  63|0x0000000083f00000, 0x0000000083fffdc8, 0x0000000084000000| 99%| S|CS|TAMS 0x0000000083f00000, 0x0000000083f00000| Complete 
|  64|0x0000000084000000, 0x0000000084100000, 0x0000000084100000|100%| S|CS|TAMS 0x0000000084000000, 0x0000000084000000| Complete 
|  65|0x0000000084100000, 0x0000000084200000, 0x0000000084200000|100%| S|CS|TAMS 0x0000000084100000, 0x0000000084100000| Complete 
|  66|0x0000000084200000, 0x0000000084200000, 0x0000000084300000|  0%| F|  |TAMS 0x0000000084200000, 0x0000000084200000| Untracked 
|  67|0x0000000084300000, 0x0000000084300000, 0x0000000084400000|  0%| F|  |TAMS 0x0000000084300000, 0x0000000084300000| Untracked 
|  68|0x0000000084400000, 0x0000000084400000, 0x0000000084500000|  0%| F|  |TAMS 0x0000000084400000, 0x0000000084400000| Untracked 
|  69|0x0000000084500000, 0x0000000084500000, 0x0000000084600000|  0%| F|  |TAMS 0x0000000084500000, 0x0000000084500000| Untracked 
|  70|0x0000000084600000, 0x0000000084600000, 0x0000000084700000|  0%| F|  |TAMS 0x0000000084600000, 0x0000000084600000| Untracked 
|  71|0x0000000084700000, 0x0000000084800000, 0x0000000084800000|100%| E|  |TAMS 0x0000000084700000, 0x0000000084700000| Complete 
|  72|0x0000000084800000, 0x0000000084900000, 0x0000000084900000|100%| E|CS|TAMS 0x0000000084800000, 0x0000000084800000| Complete 
|  73|0x0000000084900000, 0x0000000084a00000, 0x0000000084a00000|100%| E|CS|TAMS 0x0000000084900000, 0x0000000084900000| Complete 
| 131|0x0000000088300000, 0x0000000088400000, 0x0000000088400000|100%| E|CS|TAMS 0x0000000088300000, 0x0000000088300000| Complete 
| 132|0x0000000088400000, 0x0000000088500000, 0x0000000088500000|100%| E|CS|TAMS 0x0000000088400000, 0x0000000088400000| Complete 
| 133|0x0000000088500000, 0x0000000088600000, 0x0000000088600000|100%| E|CS|TAMS 0x0000000088500000, 0x0000000088500000| Complete 
| 134|0x0000000088600000, 0x0000000088700000, 0x0000000088700000|100%| E|CS|TAMS 0x0000000088600000, 0x0000000088600000| Complete 
| 135|0x0000000088700000, 0x0000000088800000, 0x0000000088800000|100%| E|CS|TAMS 0x0000000088700000, 0x0000000088700000| Complete 
| 136|0x0000000088800000, 0x0000000088900000, 0x0000000088900000|100%| E|CS|TAMS 0x0000000088800000, 0x0000000088800000| Complete 
| 137|0x0000000088900000, 0x0000000088a00000, 0x0000000088a00000|100%| E|CS|TAMS 0x0000000088900000, 0x0000000088900000| Complete 
| 138|0x0000000088a00000, 0x0000000088b00000, 0x0000000088b00000|100%| E|CS|TAMS 0x0000000088a00000, 0x0000000088a00000| Complete 
| 139|0x0000000088b00000, 0x0000000088c00000, 0x0000000088c00000|100%| E|CS|TAMS 0x0000000088b00000, 0x0000000088b00000| Complete 
| 140|0x0000000088c00000, 0x0000000088d00000, 0x0000000088d00000|100%| E|CS|TAMS 0x0000000088c00000, 0x0000000088c00000| Complete 
| 141|0x0000000088d00000, 0x0000000088e00000, 0x0000000088e00000|100%| E|CS|TAMS 0x0000000088d00000, 0x0000000088d00000| Complete 
| 142|0x0000000088e00000, 0x0000000088f00000, 0x0000000088f00000|100%| E|CS|TAMS 0x0000000088e00000, 0x0000000088e00000| Complete 
| 255|0x000000008ff00000, 0x0000000090000000, 0x0000000090000000|100%| E|CS|TAMS 0x000000008ff00000, 0x000000008ff00000| Complete 

Card table byte_map: [0x0000023ef1510000,0x0000023ef1910000] _byte_map_base: 0x0000023ef1110000

Marking Bits (Prev, Next): (CMBitMap*) 0x0000023ed92e2ab0, (CMBitMap*) 0x0000023ed92e2af0
 Prev Bits: [0x0000023ef1d10000, 0x0000023ef3d10000)
 Next Bits: [0x0000023ef3d10000, 0x0000023ef5d10000)

Polling page: 0x0000023ed6f60000

Metaspace:

Usage:
  Non-class:     47.88 MB used.
      Class:      7.71 MB used.
       Both:     55.59 MB used.

Virtual space:
  Non-class space:       64.00 MB reserved,      48.25 MB ( 75%) committed,  1 nodes.
      Class space:      416.00 MB reserved,       8.00 MB (  2%) committed,  1 nodes.
             Both:      480.00 MB reserved,      56.25 MB ( 12%) committed. 

Chunk freelists:
   Non-Class:  15.28 MB
       Class:  7.85 MB
        Both:  23.13 MB

MaxMetaspaceSize: 512.00 MB
CompressedClassSpaceSize: 416.00 MB
Initial GC threshold: 21.00 MB
Current GC threshold: 87.12 MB
CDS: on
MetaspaceReclaimPolicy: balanced
 - commit_granule_bytes: 65536.
 - commit_granule_words: 8192.
 - virtual_space_node_default_size: 8388608.
 - enlarge_chunks_in_place: 1.
 - new_chunks_are_fully_committed: 0.
 - uncommit_free_chunks: 1.
 - use_allocation_guard: 0.
 - handle_deallocations: 1.


Internal statistics:

num_allocs_failed_limit: 6.
num_arena_births: 720.
num_arena_deaths: 0.
num_vsnodes_births: 2.
num_vsnodes_deaths: 0.
num_space_committed: 900.
num_space_uncommitted: 0.
num_chunks_returned_to_freelist: 6.
num_chunks_taken_from_freelist: 2778.
num_chunk_merges: 6.
num_chunk_splits: 1837.
num_chunks_enlarged: 1236.
num_inconsistent_stats: 0.

CodeHeap 'non-profiled nmethods': size=120000Kb used=3238Kb max_used=3238Kb free=116761Kb
 bounds [0x0000023ee9be0000, 0x0000023ee9f10000, 0x0000023ef1110000]
CodeHeap 'profiled nmethods': size=120000Kb used=11247Kb max_used=11247Kb free=108752Kb
 bounds [0x0000023ee2110000, 0x0000023ee2c10000, 0x0000023ee9640000]
CodeHeap 'non-nmethods': size=5760Kb used=2381Kb max_used=2417Kb free=3378Kb
 bounds [0x0000023ee9640000, 0x0000023ee98b0000, 0x0000023ee9be0000]
 total_blobs=6651 nmethods=5739 adapters=823
 compilation: enabled
              stopped_count=0, restarted_count=0
 full_count=0

Compilation events (20 events):
Event: 52.024 Thread 0x0000023ef824a2b0 nmethod 6423 0x0000023ee2be4290 code [0x0000023ee2be4460, 0x0000023ee2be48a8]
Event: 52.027 Thread 0x0000023ef824a2b0 6424       1       org.gradle.api.internal.collections.SortedSetElementSource::getMutationGuard (5 bytes)
Event: 52.027 Thread 0x0000023ef824a2b0 nmethod 6424 0x0000023ee9ee9f90 code [0x0000023ee9eea120, 0x0000023ee9eea1f8]
Event: 52.028 Thread 0x0000023ef824a2b0 6425       3       org.gradle.model.internal.asm.MethodVisitorScope::_INVOKESPECIAL (9 bytes)
Event: 52.028 Thread 0x0000023ef824a2b0 nmethod 6425 0x0000023ee2be4a10 code [0x0000023ee2be4ba0, 0x0000023ee2be4d68]
Event: 52.032 Thread 0x0000023ef82477f0 6426       4       sun.invoke.util.VerifyAccess::isClassAccessible (230 bytes)
Event: 52.037 Thread 0x0000023ef824a2b0 6427       1       org.gradle.api.internal.artifacts.configurations.DefaultConfiguration::getName (5 bytes)
Event: 52.037 Thread 0x0000023ef824a2b0 nmethod 6427 0x0000023ee9eea290 code [0x0000023ee9eea420, 0x0000023ee9eea4f8]
Event: 52.038 Thread 0x0000023ef824a2b0 6428       3       java.lang.String::replaceAll (13 bytes)
Event: 52.038 Thread 0x0000023ef824a2b0 nmethod 6428 0x0000023ee2be4e10 code [0x0000023ee2be4fe0, 0x0000023ee2be5268]
Event: 52.039 Thread 0x0000023ef86de7b0 6429       4       java.lang.invoke.MemberName::initResolved (53 bytes)
Event: 52.040 Thread 0x0000023ef86de7b0 nmethod 6429 0x0000023ee9eea590 code [0x0000023ee9eea700, 0x0000023ee9eea7d8]
Event: 52.053 Thread 0x0000023ef86de7b0 6430       4       org.objectweb.asm.Frame::execute (2318 bytes)
Event: 52.115 Thread 0x0000023ef82477f0 nmethod 6426 0x0000023ee9eea890 code [0x0000023ee9eeaca0, 0x0000023ee9eee1f8]
Event: 52.116 Thread 0x0000023ef82477f0 6431   !   4       com.google.common.reflect.TypeVisitor::visit (244 bytes)
Event: 52.191 Thread 0x0000023ef824a2b0 6432       3       com.google.common.reflect.TypeResolver$TypeTable::resolve (20 bytes)
Event: 52.192 Thread 0x0000023ef824a2b0 nmethod 6432 0x0000023ee2be5390 code [0x0000023ee2be5560, 0x0000023ee2be5a48]
Event: 52.205 Thread 0x0000023ef824a2b0 6433       3       com.google.common.reflect.TypeResolver$TypeTable::resolveInternal (105 bytes)
Event: 52.206 Thread 0x0000023ef824a2b0 nmethod 6433 0x0000023ee2be5c10 code [0x0000023ee2be5ee0, 0x0000023ee2be6e88]
Event: 52.208 Thread 0x0000023ef824a2b0 6434       3       com.google.common.collect.LinkedHashMultimap$ValueSet::add (144 bytes)

GC Heap History (20 events):
Event: 42.453 GC heap before
{Heap before GC invocations=8 (full 0):
 garbage-first heap   total 81920K, used 60901K [0x0000000080000000, 0x0000000100000000)
  region size 1024K, 34 young (34816K), 4 survivors (4096K)
 Metaspace       used 34971K, committed 35392K, reserved 491520K
  class space    used 4844K, committed 5056K, reserved 425984K
}
Event: 42.466 GC heap after
{Heap after GC invocations=9 (full 0):
 garbage-first heap   total 81920K, used 32659K [0x0000000080000000, 0x0000000100000000)
  region size 1024K, 2 young (2048K), 2 survivors (2048K)
 Metaspace       used 34971K, committed 35392K, reserved 491520K
  class space    used 4844K, committed 5056K, reserved 425984K
}
Event: 42.505 GC heap before
{Heap before GC invocations=9 (full 0):
 garbage-first heap   total 81920K, used 35731K [0x0000000080000000, 0x0000000100000000)
  region size 1024K, 5 young (5120K), 2 survivors (2048K)
 Metaspace       used 35567K, committed 35968K, reserved 491520K
  class space    used 4852K, committed 5056K, reserved 425984K
}
Event: 42.509 GC heap after
{Heap after GC invocations=10 (full 0):
 garbage-first heap   total 81920K, used 33659K [0x0000000080000000, 0x0000000100000000)
  region size 1024K, 2 young (2048K), 2 survivors (2048K)
 Metaspace       used 35567K, committed 35968K, reserved 491520K
  class space    used 4852K, committed 5056K, reserved 425984K
}
Event: 43.654 GC heap before
{Heap before GC invocations=11 (full 0):
 garbage-first heap   total 81920K, used 64379K [0x0000000080000000, 0x0000000100000000)
  region size 1024K, 32 young (32768K), 2 survivors (2048K)
 Metaspace       used 38879K, committed 39296K, reserved 491520K
  class space    used 5376K, committed 5568K, reserved 425984K
}
Event: 43.660 GC heap after
{Heap after GC invocations=12 (full 0):
 garbage-first heap   total 81920K, used 34134K [0x0000000080000000, 0x0000000100000000)
  region size 1024K, 3 young (3072K), 3 survivors (3072K)
 Metaspace       used 38879K, committed 39296K, reserved 491520K
  class space    used 5376K, committed 5568K, reserved 425984K
}
Event: 44.943 GC heap before
{Heap before GC invocations=12 (full 0):
 garbage-first heap   total 81920K, used 65878K [0x0000000080000000, 0x0000000100000000)
  region size 1024K, 34 young (34816K), 3 survivors (3072K)
 Metaspace       used 44281K, committed 44800K, reserved 491520K
  class space    used 6056K, committed 6272K, reserved 425984K
}
Event: 44.950 GC heap after
{Heap after GC invocations=13 (full 0):
 garbage-first heap   total 81920K, used 37147K [0x0000000080000000, 0x0000000100000000)
  region size 1024K, 5 young (5120K), 5 survivors (5120K)
 Metaspace       used 44281K, committed 44800K, reserved 491520K
  class space    used 6056K, committed 6272K, reserved 425984K
}
Event: 47.586 GC heap before
{Heap before GC invocations=13 (full 0):
 garbage-first heap   total 81920K, used 64795K [0x0000000080000000, 0x0000000100000000)
  region size 1024K, 32 young (32768K), 5 survivors (5120K)
 Metaspace       used 48906K, committed 49408K, reserved 491520K
  class space    used 6714K, committed 6912K, reserved 425984K
}
Event: 47.593 GC heap after
{Heap after GC invocations=14 (full 0):
 garbage-first heap   total 81920K, used 39459K [0x0000000080000000, 0x0000000100000000)
  region size 1024K, 3 young (3072K), 3 survivors (3072K)
 Metaspace       used 48906K, committed 49408K, reserved 491520K
  class space    used 6714K, committed 6912K, reserved 425984K
}
Event: 48.724 GC heap before
{Heap before GC invocations=14 (full 0):
 garbage-first heap   total 81920K, used 65059K [0x0000000080000000, 0x0000000100000000)
  region size 1024K, 28 young (28672K), 3 survivors (3072K)
 Metaspace       used 51928K, committed 52480K, reserved 491520K
  class space    used 7206K, committed 7424K, reserved 425984K
}
Event: 48.734 GC heap after
{Heap after GC invocations=15 (full 0):
 garbage-first heap   total 81920K, used 41236K [0x0000000080000000, 0x0000000100000000)
  region size 1024K, 2 young (2048K), 2 survivors (2048K)
 Metaspace       used 51928K, committed 52480K, reserved 491520K
  class space    used 7206K, committed 7424K, reserved 425984K
}
Event: 49.881 GC heap before
{Heap before GC invocations=16 (full 0):
 garbage-first heap   total 81920K, used 53524K [0x0000000080000000, 0x0000000100000000)
  region size 1024K, 15 young (15360K), 2 survivors (2048K)
 Metaspace       used 52896K, committed 53504K, reserved 491520K
  class space    used 7331K, committed 7616K, reserved 425984K
}
Event: 49.886 GC heap after
{Heap after GC invocations=17 (full 0):
 garbage-first heap   total 81920K, used 42223K [0x0000000080000000, 0x0000000100000000)
  region size 1024K, 3 young (3072K), 3 survivors (3072K)
 Metaspace       used 52896K, committed 53504K, reserved 491520K
  class space    used 7331K, committed 7616K, reserved 425984K
}
Event: 50.024 GC heap before
{Heap before GC invocations=18 (full 0):
 garbage-first heap   total 81920K, used 44271K [0x0000000080000000, 0x0000000100000000)
  region size 1024K, 4 young (4096K), 3 survivors (3072K)
 Metaspace       used 52896K, committed 53504K, reserved 491520K
  class space    used 7331K, committed 7616K, reserved 425984K
}
Event: 50.030 GC heap after
{Heap after GC invocations=19 (full 0):
 garbage-first heap   total 81920K, used 44452K [0x0000000080000000, 0x0000000100000000)
  region size 1024K, 2 young (2048K), 2 survivors (2048K)
 Metaspace       used 52896K, committed 53504K, reserved 491520K
  class space    used 7331K, committed 7616K, reserved 425984K
}
Event: 50.858 GC heap before
{Heap before GC invocations=20 (full 0):
 garbage-first heap   total 81920K, used 49572K [0x0000000080000000, 0x0000000100000000)
  region size 1024K, 6 young (6144K), 2 survivors (2048K)
 Metaspace       used 53015K, committed 53632K, reserved 491520K
  class space    used 7347K, committed 7616K, reserved 425984K
}
Event: 50.862 GC heap after
{Heap after GC invocations=21 (full 0):
 garbage-first heap   total 81920K, used 47016K [0x0000000080000000, 0x0000000100000000)
  region size 1024K, 2 young (2048K), 2 survivors (2048K)
 Metaspace       used 53015K, committed 53632K, reserved 491520K
  class space    used 7347K, committed 7616K, reserved 425984K
}
Event: 51.868 GC heap before
{Heap before GC invocations=22 (full 0):
 garbage-first heap   total 89088K, used 70568K [0x0000000080000000, 0x0000000100000000)
  region size 1024K, 21 young (21504K), 2 survivors (2048K)
 Metaspace       used 55460K, committed 56128K, reserved 491520K
  class space    used 7652K, committed 8000K, reserved 425984K
}
Event: 51.873 GC heap after
{Heap after GC invocations=23 (full 0):
 garbage-first heap   total 89088K, used 53352K [0x0000000080000000, 0x0000000100000000)
  region size 1024K, 3 young (3072K), 3 survivors (3072K)
 Metaspace       used 55460K, committed 56128K, reserved 491520K
  class space    used 7652K, committed 8000K, reserved 425984K
}

Dll operation events (15 events):
Event: 0.059 Loaded shared library C:\Program Files\OpenLogic\jdk-17.0.10.7-hotspot\bin\java.dll
Event: 0.097 Loaded shared library C:\Program Files\OpenLogic\jdk-17.0.10.7-hotspot\bin\jsvml.dll
Event: 0.182 Loaded shared library C:\Program Files\OpenLogic\jdk-17.0.10.7-hotspot\bin\zip.dll
Event: 0.186 Loaded shared library C:\Program Files\OpenLogic\jdk-17.0.10.7-hotspot\bin\instrument.dll
Event: 0.196 Loaded shared library C:\Program Files\OpenLogic\jdk-17.0.10.7-hotspot\bin\net.dll
Event: 0.200 Loaded shared library C:\Program Files\OpenLogic\jdk-17.0.10.7-hotspot\bin\nio.dll
Event: 0.204 Loaded shared library C:\Program Files\OpenLogic\jdk-17.0.10.7-hotspot\bin\zip.dll
Event: 0.447 Loaded shared library C:\Program Files\OpenLogic\jdk-17.0.10.7-hotspot\bin\jimage.dll
Event: 0.558 Loaded shared library C:\Program Files\OpenLogic\jdk-17.0.10.7-hotspot\bin\verify.dll
Event: 0.830 Loaded shared library C:\Users\MAHE\.gradle\native\68d5fa5c4cc2d200863cafc0d521ce42e7d3e7ee720ec0a83991735586a16f82\windows-amd64\native-platform.dll
Event: 0.941 Loaded shared library C:\Users\MAHE\.gradle\native\e376f236ea51e6404a007f0833ffe2c6e607c4080706a723a18a27aeea778392\windows-amd64\native-platform-file-events.dll
Event: 2.701 Loaded shared library C:\Program Files\OpenLogic\jdk-17.0.10.7-hotspot\bin\management.dll
Event: 2.709 Loaded shared library C:\Program Files\OpenLogic\jdk-17.0.10.7-hotspot\bin\management_ext.dll
Event: 3.031 Loaded shared library C:\Program Files\OpenLogic\jdk-17.0.10.7-hotspot\bin\extnet.dll
Event: 3.273 Loaded shared library C:\Program Files\OpenLogic\jdk-17.0.10.7-hotspot\bin\sunmscapi.dll

Deoptimization events (20 events):
Event: 51.553 Thread 0x0000023efd93b3f0 Uncommon trap: trap_request=0xffffffdc fr.pc=0x0000023ee9ec80b4 relative=0x0000000000000294
Event: 51.553 Thread 0x0000023efd93b3f0 Uncommon trap: reason=class_check action=make_not_entrant pc=0x0000023ee9ec80b4 method=java.util.ArrayList.toArray([Ljava/lang/Object;)[Ljava/lang/Object; @ 21 c2
Event: 51.553 Thread 0x0000023efd93b3f0 DEOPT PACKING pc=0x0000023ee9ec80b4 sp=0x00000080902f6a40
Event: 51.553 Thread 0x0000023efd93b3f0 DEOPT UNPACKING pc=0x0000023ee96969a3 sp=0x00000080902f6a10 mode 2
Event: 51.579 Thread 0x0000023efd93b3f0 Uncommon trap: trap_request=0xffffff45 fr.pc=0x0000023ee9e2c11c relative=0x000000000000007c
Event: 51.579 Thread 0x0000023efd93b3f0 Uncommon trap: reason=unstable_if action=reinterpret pc=0x0000023ee9e2c11c method=java.util.Spliterator.getExactSizeIfKnown()J @ 9 c2
Event: 51.579 Thread 0x0000023efd93b3f0 DEOPT PACKING pc=0x0000023ee9e2c11c sp=0x00000080902f5dc0
Event: 51.579 Thread 0x0000023efd93b3f0 DEOPT UNPACKING pc=0x0000023ee96969a3 sp=0x00000080902f5d58 mode 2
Event: 51.745 Thread 0x0000023efd93b3f0 DEOPT PACKING pc=0x0000023ee23317d3 sp=0x00000080902f66e0
Event: 51.745 Thread 0x0000023efd93b3f0 DEOPT UNPACKING pc=0x0000023ee9697143 sp=0x00000080902f5bf0 mode 0
Event: 51.831 Thread 0x0000023efd93b3f0 Uncommon trap: trap_request=0xffffff45 fr.pc=0x0000023ee9e77fc0 relative=0x0000000000000440
Event: 51.831 Thread 0x0000023efd93b3f0 Uncommon trap: reason=unstable_if action=reinterpret pc=0x0000023ee9e77fc0 method=org.gradle.internal.service.DefaultServiceRegistry$OwnServices.getService(Ljava/lang/reflect/Type;)Lorg/gradle/internal/service/Service; @ 27 c2
Event: 51.831 Thread 0x0000023efd93b3f0 DEOPT PACKING pc=0x0000023ee9e77fc0 sp=0x00000080902f7040
Event: 51.831 Thread 0x0000023efd93b3f0 DEOPT UNPACKING pc=0x0000023ee96969a3 sp=0x00000080902f6fb8 mode 2
Event: 51.984 Thread 0x0000023efd93b3f0 DEOPT PACKING pc=0x0000023ee23317b2 sp=0x00000080902f6130
Event: 51.984 Thread 0x0000023efd93b3f0 DEOPT UNPACKING pc=0x0000023ee9697143 sp=0x00000080902f5640 mode 0
Event: 52.018 Thread 0x0000023efd93b3f0 Uncommon trap: trap_request=0xffffffbe fr.pc=0x0000023ee9ca45c0 relative=0x00000000000001a0
Event: 52.018 Thread 0x0000023efd93b3f0 Uncommon trap: reason=profile_predicate action=maybe_recompile pc=0x0000023ee9ca45c0 method=java.util.LinkedHashMap.keysToArray([Ljava/lang/Object;)[Ljava/lang/Object; @ 12 c2
Event: 52.019 Thread 0x0000023efd93b3f0 DEOPT PACKING pc=0x0000023ee9ca45c0 sp=0x00000080902f3fc0
Event: 52.019 Thread 0x0000023efd93b3f0 DEOPT UNPACKING pc=0x0000023ee96969a3 sp=0x00000080902f3f78 mode 2

Classes unloaded (0 events):
No events

Classes redefined (0 events):
No events

Internal exceptions (20 events):
Event: 49.130 Thread 0x0000023efd93b3f0 Exception <a 'java/lang/NoSuchMethodError'{0x0000000088ca57f8}: static Lorg/gradle/api/internal/artifacts/dependencies/AbstractVersionConstraint;.<clinit>()V> (0x0000000088ca57f8) 
thrown [s\src\hotspot\share\prims\jni.cpp, line 1107]
Event: 49.142 Thread 0x0000023efd93b3f0 Exception <a 'java/lang/NoSuchMethodError'{0x0000000088b61598}: static Lorg/gradle/api/internal/catalog/PluginModel;.<clinit>()V> (0x0000000088b61598) 
thrown [s\src\hotspot\share\prims\jni.cpp, line 1107]
Event: 49.143 Thread 0x0000023efd93b3f0 Exception <a 'java/lang/NoSuchMethodError'{0x0000000088b78330}: static Lorg/gradle/api/internal/catalog/VersionModel;.<clinit>()V> (0x0000000088b78330) 
thrown [s\src\hotspot\share\prims\jni.cpp, line 1107]
Event: 49.151 Thread 0x0000023efd93b3f0 Exception <a 'java/lang/NoSuchMethodError'{0x0000000088b9e090}: 'void java.lang.invoke.DirectMethodHandle$Holder.invokeSpecial(java.lang.Object, java.lang.Object, java.lang.Object, int)'> (0x0000000088b9e090) 
thrown [s\src\hotspot\share\interpreter\linkResolver.cpp, line 759]
Event: 51.291 Thread 0x0000023efd93b3f0 Exception <a 'java/lang/ClassNotFoundException'{0x000000008ffd89a8}: org/gradle/api/internal/project/DefaultProject_DecoratedBeanInfo> (0x000000008ffd89a8) 
thrown [s\src\hotspot\share\classfile\systemDictionary.cpp, line 256]
Event: 51.292 Thread 0x0000023efd93b3f0 Exception <a 'java/lang/ClassNotFoundException'{0x000000008fff2198}: org/gradle/api/internal/project/DefaultProjectBeanInfo> (0x000000008fff2198) 
thrown [s\src\hotspot\share\classfile\systemDictionary.cpp, line 256]
Event: 51.293 Thread 0x0000023efd93b3f0 Exception <a 'java/lang/ClassNotFoundException'{0x0000000088e0bf98}: org/gradle/api/internal/project/DefaultProjectCustomizer> (0x0000000088e0bf98) 
thrown [s\src\hotspot\share\classfile\systemDictionary.cpp, line 256]
Event: 51.325 Thread 0x0000023efd93b3f0 Exception <a 'java/lang/ClassNotFoundException'{0x0000000088ec2740}: org/gradle/api/internal/project/DefaultProject_DecoratedCustomizer> (0x0000000088ec2740) 
thrown [s\src\hotspot\share\classfile\systemDictionary.cpp, line 256]
Event: 51.372 Thread 0x0000023efd93b3f0 Exception <a 'java/lang/IncompatibleClassChangeError'{0x0000000088c48340}: Found class java.lang.Object, but interface was expected> (0x0000000088c48340) 
thrown [s\src\hotspot\share\interpreter\linkResolver.cpp, line 826]
Event: 51.410 Thread 0x0000023efd93b3f0 Exception <a 'java/lang/ClassNotFoundException'{0x0000000088a16450}: org/gradle/api/internal/project/DefaultAntBuilderBeanInfo> (0x0000000088a16450) 
thrown [s\src\hotspot\share\classfile\systemDictionary.cpp, line 256]
Event: 51.411 Thread 0x0000023efd93b3f0 Exception <a 'java/lang/ClassNotFoundException'{0x0000000088a32258}: org/gradle/api/internal/project/ant/BasicAntBuilderBeanInfo> (0x0000000088a32258) 
thrown [s\src\hotspot\share\classfile\systemDictionary.cpp, line 256]
Event: 51.411 Thread 0x0000023efd93b3f0 Exception <a 'java/lang/ClassNotFoundException'{0x0000000088a4d4a8}: org/gradle/api/AntBuilderBeanInfo> (0x0000000088a4d4a8) 
thrown [s\src\hotspot\share\classfile\systemDictionary.cpp, line 256]
Event: 51.412 Thread 0x0000023efd93b3f0 Exception <a 'java/lang/ClassNotFoundException'{0x0000000088a6ab18}: groovy/ant/AntBuilderBeanInfo> (0x0000000088a6ab18) 
thrown [s\src\hotspot\share\classfile\systemDictionary.cpp, line 256]
Event: 51.413 Thread 0x0000023efd93b3f0 Exception <a 'java/lang/ClassNotFoundException'{0x0000000088ad6d10}: groovy/util/BuilderSupportBeanInfo> (0x0000000088ad6d10) 
thrown [s\src\hotspot\share\classfile\systemDictionary.cpp, line 256]
Event: 51.414 Thread 0x0000023efd93b3f0 Exception <a 'java/lang/ClassNotFoundException'{0x0000000088743510}: groovy/util/BuilderSupportCustomizer> (0x0000000088743510) 
thrown [s\src\hotspot\share\classfile\systemDictionary.cpp, line 256]
Event: 51.418 Thread 0x0000023efd93b3f0 Exception <a 'java/lang/ClassNotFoundException'{0x0000000088762f28}: groovy/ant/AntBuilderCustomizer> (0x0000000088762f28) 
thrown [s\src\hotspot\share\classfile\systemDictionary.cpp, line 256]
Event: 51.419 Thread 0x0000023efd93b3f0 Exception <a 'java/lang/ClassNotFoundException'{0x00000000887830d8}: org/gradle/api/AntBuilderCustomizer> (0x00000000887830d8) 
thrown [s\src\hotspot\share\classfile\systemDictionary.cpp, line 256]
Event: 51.421 Thread 0x0000023efd93b3f0 Exception <a 'java/lang/ClassNotFoundException'{0x00000000887aa150}: org/gradle/api/internal/project/ant/BasicAntBuilderCustomizer> (0x00000000887aa150) 
thrown [s\src\hotspot\share\classfile\systemDictionary.cpp, line 256]
Event: 51.434 Thread 0x0000023efd93b3f0 Exception <a 'java/lang/ClassNotFoundException'{0x00000000887d7eb0}: org/gradle/api/internal/project/DefaultAntBuilderCustomizer> (0x00000000887d7eb0) 
thrown [s\src\hotspot\share\classfile\systemDictionary.cpp, line 256]
Event: 51.487 Thread 0x0000023efd93b3f0 Exception <a 'java/lang/IncompatibleClassChangeError'{0x00000000885f0da8}: Found class java.lang.Object, but interface was expected> (0x00000000885f0da8) 
thrown [s\src\hotspot\share\interpreter\linkResolver.cpp, line 826]

VM Operations (20 events):
Event: 49.880 Executing VM operation: G1TryInitiateConcMark
Event: 49.887 Executing VM operation: G1TryInitiateConcMark done
Event: 49.966 Executing VM operation: G1PauseRemark
Event: 49.971 Executing VM operation: G1PauseRemark done
Event: 50.000 Executing VM operation: G1PauseCleanup
Event: 50.000 Executing VM operation: G1PauseCleanup done
Event: 50.024 Executing VM operation: G1TryInitiateConcMark
Event: 50.030 Executing VM operation: G1TryInitiateConcMark done
Event: 50.096 Executing VM operation: G1PauseRemark
Event: 50.099 Executing VM operation: G1PauseRemark done
Event: 50.127 Executing VM operation: G1PauseCleanup
Event: 50.127 Executing VM operation: G1PauseCleanup done
Event: 50.858 Executing VM operation: G1TryInitiateConcMark
Event: 50.862 Executing VM operation: G1TryInitiateConcMark done
Event: 50.925 Executing VM operation: G1PauseRemark
Event: 50.929 Executing VM operation: G1PauseRemark done
Event: 50.953 Executing VM operation: G1PauseCleanup
Event: 50.954 Executing VM operation: G1PauseCleanup done
Event: 51.868 Executing VM operation: G1CollectForAllocation
Event: 51.873 Executing VM operation: G1CollectForAllocation done

Events (20 events):
Event: 51.679 loading class javax/management/ListenerNotFoundException
Event: 51.679 loading class javax/management/OperationsException
Event: 51.679 loading class javax/management/JMException
Event: 51.679 loading class javax/management/JMException done
Event: 51.679 loading class javax/management/OperationsException done
Event: 51.679 loading class javax/management/ListenerNotFoundException done
Event: 51.679 loading class jdk/jfr/Recording
Event: 51.680 loading class jdk/jfr/Recording done
Event: 51.680 loading class jdk/jfr/FlightRecorder
Event: 51.681 loading class jdk/jfr/FlightRecorder done
Event: 51.681 loading class jdk/management/jfr/FlightRecorderMXBeanImpl$MXBeanListener
Event: 51.681 loading class jdk/jfr/FlightRecorderListener
Event: 51.681 loading class jdk/jfr/FlightRecorderListener done
Event: 51.681 loading class jdk/management/jfr/FlightRecorderMXBeanImpl$MXBeanListener done
Event: 51.696 loading class java/time/format/DateTimeFormatterBuilder$WeekBasedFieldPrinterParser
Event: 51.696 loading class java/time/format/DateTimeFormatterBuilder$WeekBasedFieldPrinterParser done
Event: 51.714 loading class com/sun/jmx/mbeanserver/StandardMBeanSupport
Event: 51.714 loading class com/sun/jmx/mbeanserver/StandardMBeanSupport done
Event: 51.714 loading class com/sun/jmx/mbeanserver/StandardMBeanIntrospector
Event: 51.715 loading class com/sun/jmx/mbeanserver/StandardMBeanIntrospector done


Dynamic libraries:
0x00007ff683010000 - 0x00007ff68301e000 	C:\Program Files\OpenLogic\jdk-17.0.10.7-hotspot\bin\java.exe
0x00007ff9fc450000 - 0x00007ff9fc667000 	C:\Windows\SYSTEM32\ntdll.dll
0x00007ff9fb540000 - 0x00007ff9fb604000 	C:\Windows\System32\KERNEL32.DLL
0x00007ff9f9b90000 - 0x00007ff9f9f3c000 	C:\Windows\System32\KERNELBASE.dll
0x00007ff9f9490000 - 0x00007ff9f95dc000 	C:\Windows\system32\hmpalert.dll
0x00007ff9f9fb0000 - 0x00007ff9fa0c1000 	C:\Windows\System32\ucrtbase.dll
0x00007ff999280000 - 0x00007ff99929b000 	C:\Program Files\OpenLogic\jdk-17.0.10.7-hotspot\bin\VCRUNTIME140.dll
0x00007ff9992a0000 - 0x00007ff9992b7000 	C:\Program Files\OpenLogic\jdk-17.0.10.7-hotspot\bin\jli.dll
0x00007ff9fa350000 - 0x00007ff9fa4fe000 	C:\Windows\System32\USER32.dll
0x00007ff9f9b60000 - 0x00007ff9f9b86000 	C:\Windows\System32\win32u.dll
0x00007ff9fb9b0000 - 0x00007ff9fb9d9000 	C:\Windows\System32\GDI32.dll
0x00007ff9f98d0000 - 0x00007ff9f99e9000 	C:\Windows\System32\gdi32full.dll
0x00007ff9f9780000 - 0x00007ff9f981a000 	C:\Windows\System32\msvcp_win.dll
0x00007ff9f8900000 - 0x00007ff9f8b93000 	C:\Windows\WinSxS\amd64_microsoft.windows.common-controls_6595b64144ccf1df_6.0.22621.3672_none_2713b9d173822955\COMCTL32.dll
0x00007ff9fc2b0000 - 0x00007ff9fc357000 	C:\Windows\System32\msvcrt.dll
0x00007ff9fc3d0000 - 0x00007ff9fc401000 	C:\Windows\System32\IMM32.DLL
0x00007ff9cb8e0000 - 0x00007ff9cb8ec000 	C:\Program Files\OpenLogic\jdk-17.0.10.7-hotspot\bin\vcruntime140_1.dll
0x00007ff97bba0000 - 0x00007ff97bc2d000 	C:\Program Files\OpenLogic\jdk-17.0.10.7-hotspot\bin\msvcp140.dll
0x00007ff970360000 - 0x00007ff970fc2000 	C:\Program Files\OpenLogic\jdk-17.0.10.7-hotspot\bin\server\jvm.dll
0x00007ff9fc110000 - 0x00007ff9fc1c2000 	C:\Windows\System32\ADVAPI32.dll
0x00007ff9fc1f0000 - 0x00007ff9fc298000 	C:\Windows\System32\sechost.dll
0x00007ff9f9820000 - 0x00007ff9f9848000 	C:\Windows\System32\bcrypt.dll
0x00007ff9fafa0000 - 0x00007ff9fb0b5000 	C:\Windows\System32\RPCRT4.dll
0x00007ff9f9340000 - 0x00007ff9f938d000 	C:\Windows\SYSTEM32\POWRPROF.dll
0x00007ff9cae20000 - 0x00007ff9cae29000 	C:\Windows\SYSTEM32\WSOCK32.dll
0x00007ff9fa190000 - 0x00007ff9fa201000 	C:\Windows\System32\WS2_32.dll
0x00007ff9e9e00000 - 0x00007ff9e9e34000 	C:\Windows\SYSTEM32\WINMM.dll
0x00007ff9f3430000 - 0x00007ff9f343a000 	C:\Windows\SYSTEM32\VERSION.dll
0x00007ff9f9320000 - 0x00007ff9f9333000 	C:\Windows\SYSTEM32\UMPDC.dll
0x00007ff9f7f70000 - 0x00007ff9f7f88000 	C:\Windows\SYSTEM32\kernel.appcore.dll
0x00007ff9c84f0000 - 0x00007ff9c84fa000 	C:\Program Files\OpenLogic\jdk-17.0.10.7-hotspot\bin\jimage.dll
0x00007ff9f8dc0000 - 0x00007ff9f8ff2000 	C:\Windows\SYSTEM32\DBGHELP.DLL
0x00007ff9fbb70000 - 0x00007ff9fbef8000 	C:\Windows\System32\combase.dll
0x00007ff9fadc0000 - 0x00007ff9fae97000 	C:\Windows\System32\OLEAUT32.dll
0x00007ff9f8d80000 - 0x00007ff9f8db2000 	C:\Windows\SYSTEM32\dbgcore.DLL
0x00007ff9f9850000 - 0x00007ff9f98cb000 	C:\Windows\System32\bcryptPrimitives.dll
0x00007ff9c3210000 - 0x00007ff9c321e000 	C:\Program Files\OpenLogic\jdk-17.0.10.7-hotspot\bin\instrument.dll
0x00007ff9864c0000 - 0x00007ff9864e5000 	C:\Program Files\OpenLogic\jdk-17.0.10.7-hotspot\bin\java.dll
0x00007ff970280000 - 0x00007ff970356000 	C:\Program Files\OpenLogic\jdk-17.0.10.7-hotspot\bin\jsvml.dll
0x00007ff9fa560000 - 0x00007ff9fadbc000 	C:\Windows\System32\SHELL32.dll
0x00007ff9f6e90000 - 0x00007ff9f7787000 	C:\Windows\SYSTEM32\windows.storage.dll
0x00007ff9f6d50000 - 0x00007ff9f6e8f000 	C:\Windows\SYSTEM32\wintypes.dll
0x00007ff9faea0000 - 0x00007ff9faf94000 	C:\Windows\System32\SHCORE.dll
0x00007ff9fc360000 - 0x00007ff9fc3be000 	C:\Windows\System32\shlwapi.dll
0x00007ff9f96b0000 - 0x00007ff9f96d1000 	C:\Windows\SYSTEM32\profapi.dll
0x00007ff9822d0000 - 0x00007ff9822e8000 	C:\Program Files\OpenLogic\jdk-17.0.10.7-hotspot\bin\zip.dll
0x00007ff987e60000 - 0x00007ff987e79000 	C:\Program Files\OpenLogic\jdk-17.0.10.7-hotspot\bin\net.dll
0x00007ff9f3950000 - 0x00007ff9f3a86000 	C:\Windows\SYSTEM32\WINHTTP.dll
0x00007ff9f83a0000 - 0x00007ff9f8409000 	C:\Windows\system32\mswsock.dll
0x00007ff985fa0000 - 0x00007ff985fb6000 	C:\Program Files\OpenLogic\jdk-17.0.10.7-hotspot\bin\nio.dll
0x00007ff9c8490000 - 0x00007ff9c84a0000 	C:\Program Files\OpenLogic\jdk-17.0.10.7-hotspot\bin\verify.dll
0x00007ff9822a0000 - 0x00007ff9822c7000 	C:\Users\MAHE\.gradle\native\68d5fa5c4cc2d200863cafc0d521ce42e7d3e7ee720ec0a83991735586a16f82\windows-amd64\native-platform.dll
0x00007ff970130000 - 0x00007ff970274000 	C:\Users\MAHE\.gradle\native\e376f236ea51e6404a007f0833ffe2c6e607c4080706a723a18a27aeea778392\windows-amd64\native-platform-file-events.dll
0x00007ff9c81a0000 - 0x00007ff9c81a9000 	C:\Program Files\OpenLogic\jdk-17.0.10.7-hotspot\bin\management.dll
0x00007ff9c33f0000 - 0x00007ff9c33fb000 	C:\Program Files\OpenLogic\jdk-17.0.10.7-hotspot\bin\management_ext.dll
0x00007ff9fc2a0000 - 0x00007ff9fc2a8000 	C:\Windows\System32\PSAPI.DLL
0x00007ff9f91d0000 - 0x00007ff9f91eb000 	C:\Windows\SYSTEM32\CRYPTSP.dll
0x00007ff9f7ed0000 - 0x00007ff9f7f05000 	C:\Windows\system32\rsaenh.dll
0x00007ff9f84a0000 - 0x00007ff9f84c8000 	C:\Windows\SYSTEM32\USERENV.dll
0x00007ff9f8600000 - 0x00007ff9f860c000 	C:\Windows\SYSTEM32\CRYPTBASE.dll
0x00007ff9f79f0000 - 0x00007ff9f7a1d000 	C:\Windows\SYSTEM32\IPHLPAPI.DLL
0x00007ff9fb9e0000 - 0x00007ff9fb9e9000 	C:\Windows\System32\NSI.dll
0x00007ff9f38e0000 - 0x00007ff9f38f9000 	C:\Windows\SYSTEM32\dhcpcsvc6.DLL
0x00007ff9f3890000 - 0x00007ff9f38af000 	C:\Windows\SYSTEM32\dhcpcsvc.DLL
0x00007ff9f7a60000 - 0x00007ff9f7b58000 	C:\Windows\SYSTEM32\DNSAPI.dll
0x00007ff9c32d0000 - 0x00007ff9c32d8000 	C:\Program Files\OpenLogic\jdk-17.0.10.7-hotspot\bin\extnet.dll
0x00007ff9c1d60000 - 0x00007ff9c1d6e000 	C:\Program Files\OpenLogic\jdk-17.0.10.7-hotspot\bin\sunmscapi.dll
0x00007ff9f99f0000 - 0x00007ff9f9b57000 	C:\Windows\System32\CRYPT32.dll
0x00007ff9f87e0000 - 0x00007ff9f880e000 	C:\Windows\SYSTEM32\ncrypt.dll
0x00007ff9f87a0000 - 0x00007ff9f87d7000 	C:\Windows\SYSTEM32\NTASN1.dll
0x00007ff9be360000 - 0x00007ff9be368000 	C:\Windows\system32\wshunix.dll
0x00007ff9f1e90000 - 0x00007ff9f1e9a000 	C:\Windows\System32\rasadhlp.dll
0x00007ff9f2f10000 - 0x00007ff9f2f93000 	C:\Windows\System32\fwpuclnt.dll

dbghelp: loaded successfully - version: 4.0.5 - missing functions: none
symbol engine: initialized successfully - sym options: 0x614 - pdb path: .;C:\Program Files\OpenLogic\jdk-17.0.10.7-hotspot\bin;C:\Windows\SYSTEM32;C:\Windows\WinSxS\amd64_microsoft.windows.common-controls_6595b64144ccf1df_6.0.22621.3672_none_2713b9d173822955;C:\Program Files\OpenLogic\jdk-17.0.10.7-hotspot\bin\server;C:\Users\MAHE\.gradle\native\68d5fa5c4cc2d200863cafc0d521ce42e7d3e7ee720ec0a83991735586a16f82\windows-amd64;C:\Users\MAHE\.gradle\native\e376f236ea51e6404a007f0833ffe2c6e607c4080706a723a18a27aeea778392\windows-amd64

VM Arguments:
jvm_args: -XX:MaxMetaspaceSize=512m --add-opens=java.base/java.util=ALL-UNNAMED --add-opens=java.base/java.lang=ALL-UNNAMED --add-opens=java.base/java.lang.invoke=ALL-UNNAMED --add-opens=java.prefs/java.util.prefs=ALL-UNNAMED --add-opens=java.base/java.nio.charset=ALL-UNNAMED --add-opens=java.base/java.net=ALL-UNNAMED --add-opens=java.base/java.util.concurrent.atomic=ALL-UNNAMED -Xmx2048m -Dfile.encoding=windows-1252 -Duser.country=IN -Duser.language=en -Duser.variant -javaagent:C:\Users\MAHE\.gradle\wrapper\dists\gradle-8.3-all\6en3ugtfdg5xnpx44z4qbwgas\gradle-8.3\lib\agents\gradle-instrumentation-agent-8.3.jar 
java_command: org.gradle.launcher.daemon.bootstrap.GradleDaemon 8.3
java_class_path (initial): C:\Users\MAHE\.gradle\wrapper\dists\gradle-8.3-all\6en3ugtfdg5xnpx44z4qbwgas\gradle-8.3\lib\gradle-launcher-8.3.jar
Launcher Type: SUN_STANDARD

[Global flags]
     intx CICompilerCount                          = 3                                         {product} {ergonomic}
   size_t CompressedClassSpaceSize                 = 436207616                                 {product} {ergonomic}
     uint ConcGCThreads                            = 1                                         {product} {ergonomic}
     uint G1ConcRefinementThreads                  = 4                                         {product} {ergonomic}
   size_t G1HeapRegionSize                         = 1048576                                   {product} {ergonomic}
    uintx GCDrainStackTargetSize                   = 64                                        {product} {ergonomic}
   size_t InitialHeapSize                          = 268435456                                 {product} {ergonomic}
   size_t MarkStackSize                            = 4194304                                   {product} {ergonomic}
   size_t MaxHeapSize                              = 2147483648                                {product} {command line}
   size_t MaxMetaspaceSize                         = 536870912                                 {product} {command line}
   size_t MaxNewSize                               = 1287651328                                {product} {ergonomic}
   size_t MinHeapDeltaBytes                        = 1048576                                   {product} {ergonomic}
   size_t MinHeapSize                              = 8388608                                   {product} {ergonomic}
    uintx NonNMethodCodeHeapSize                   = 5832780                                {pd product} {ergonomic}
    uintx NonProfiledCodeHeapSize                  = 122912730                              {pd product} {ergonomic}
    uintx ProfiledCodeHeapSize                     = 122912730                              {pd product} {ergonomic}
    uintx ReservedCodeCacheSize                    = 251658240                              {pd product} {ergonomic}
     bool SegmentedCodeCache                       = true                                      {product} {ergonomic}
   size_t SoftMaxHeapSize                          = 2147483648                             {manageable} {ergonomic}
     bool UseCompressedClassPointers               = true                           {product lp64_product} {ergonomic}
     bool UseCompressedOops                        = true                           {product lp64_product} {ergonomic}
     bool UseG1GC                                  = true                                      {product} {ergonomic}
     bool UseLargePagesIndividualAllocation        = false                                  {pd product} {ergonomic}

Logging:
Log output configuration:
 #0: stdout all=warning uptime,level,tags
 #1: stderr all=off uptime,level,tags

Environment Variables:
JAVA_HOME=C:\Program Files\OpenLogic\jdk-17.0.10.7-hotspot\
CLASSPATH=C:\Users\MAHE\Documents\DOC APP BACKUP FILES\april30_\demo1_joyson1\android\\gradle\wrapper\gradle-wrapper.jar
PATH=C:\Users\MAHE\Documents\DOC APP BACKUP FILES\april30_\demo1_joyson1\node_modules\.bin;C:\Users\MAHE\Documents\DOC APP BACKUP FILES\april30_\demo1_joyson1\node_modules\.bin;C:\Users\MAHE\Documents\DOC APP BACKUP FILES\april30_\node_modules\.bin;C:\Users\MAHE\Documents\DOC APP BACKUP FILES\node_modules\.bin;C:\Users\MAHE\Documents\node_modules\.bin;C:\Users\MAHE\node_modules\.bin;C:\Users\node_modules\.bin;C:\node_modules\.bin;C:\Users\MAHE\AppData\Roaming\npm\node_modules\npm\node_modules\@npmcli\run-script\lib\node-gyp-bin;C:\Program Files\OpenLogic\jdk-17.0.10.7-hotspot\bin;C:\Python312\Scripts\;C:\Python312\;C:\Windows\system32;C:\Windows;C:\Windows\System32\Wbem;C:\Windows\System32\WindowsPowerShell\v1.0\;C:\Windows\System32\OpenSSH\;C:\Program Files\nodejs\;C:\ProgramData\chocolatey\bin;C:\Program Files\Git\cmd;C:\Program Files\Git\bin;C:\Program Files (x86)\Microsoft SQL Server\160\Tools\Binn\;C:\Program Files\Microsoft SQL Server\160\Tools\Binn\;C:\Program Files\Microsoft SQL Server\Client SDK\ODBC\170\Tools\Binn\;C:\Program Files\Microsoft SQL Server\160\DTS\Binn\;C:\Program Files (x86)\Microsoft SQL Server\160\DTS\Binn\;C:\Program Files\Azure Data Studio\bin;C:\Users\MAHE\AppData\Local\Microsoft\WindowsApps;C:\Users\MAHE\AppData\Local\Programs\Microsoft VS Code\bin;C:\Users\MAHE\AppData\Roaming\npm;C:\Users\MAHE\AppData\Local\Android\Sdk;C:\Users\MAHE\AppData\Local\Android\Sdk\platform-tools;C:\Users\MAHE\AppData\Local\Android\Sdk\emulator;C:\Program Files\Git\bin;C:\Program Files\Azure Data Studio\bin;
USERNAME=MAHE
LANG=en_US.UTF-8
OS=Windows_NT
PROCESSOR_IDENTIFIER=Intel64 Family 6 Model 60 Stepping 3, GenuineIntel
TMP=C:\Users\MAHE\AppData\Local\Temp
TEMP=C:\Users\MAHE\AppData\Local\Temp



Periodic native trim disabled


---------------  S Y S T E M  ---------------

OS:
 Windows 11 , 64 bit Build 22621 (10.0.22621.3672)
OS uptime: 0 days 13:12 hours

CPU: total 4 (initial active 4) (4 cores per cpu, 1 threads per core) family 6 model 60 stepping 3 microcode 0x28, cx8, cmov, fxsr, mmx, sse, sse2, sse3, ssse3, sse4.1, sse4.2, popcnt, lzcnt, tsc, tscinvbit, avx, avx2, aes, erms, clmul, bmi1, bmi2, fma, vzeroupper, clflush
Processor Information for all 4 processors :
  Max Mhz: 3001, Current Mhz: 3001, Mhz Limit: 3001

Memory: 4k page, system-wide physical 16309M (5737M free)
TotalPageFile size 32693M (AvailPageFile size 19677M)
current process WorkingSet (physical memory assigned to process): 267M, peak: 267M
current process commit charge ("private bytes"): 299M, peak: 426M

vm_info: OpenJDK 64-Bit Server VM (17.0.10+7-adhoc..jdk17u) for windows-amd64 JRE (17.0.10+7-adhoc..jdk17u), built on Jan 24 2024 08:51:31 by "" with MS VC++ 16.10 / 16.11 (VS2019)

END.
